CRITICAL - 2020-09-03 07:27:43 --> include(clients/add): failed to open stream: No such file or directory
#0 D:\xampp\htdocs\policy-master\app\Views\quotation\add.php(533): CodeIgniter\Debug\Exceptions->errorHandler(2, 'include(clients...', 'D:\\xampp\\htdocs...', 533, Array)
#1 D:\xampp\htdocs\policy-master\app\Views\quotation\add.php(533): include()
#2 D:\xampp\htdocs\policy-master\vendor\codeigniter4\framework\system\View\View.php(246): include('D:\\xampp\\htdocs...')
#3 D:\xampp\htdocs\policy-master\vendor\codeigniter4\framework\system\Common.php(1087): CodeIgniter\View\View->render('quotation/add', Array, true)
#4 D:\xampp\htdocs\policy-master\app\Controllers\BaseController.php(62): view('quotation/add', Array)
#5 D:\xampp\htdocs\policy-master\app\Controllers\InsuranceQuotation.php(40): App\Controllers\BaseController->render_page('quotation/add', Array)
#6 D:\xampp\htdocs\policy-master\vendor\codeigniter4\framework\system\CodeIgniter.php(914): App\Controllers\InsuranceQuotation->create()
#7 D:\xampp\htdocs\policy-master\vendor\codeigniter4\framework\system\CodeIgniter.php(400): CodeIgniter\CodeIgniter->runController(Object(App\Controllers\InsuranceQuotation))
#8 D:\xampp\htdocs\policy-master\vendor\codeigniter4\framework\system\CodeIgniter.php(308): CodeIgniter\CodeIgniter->handleRequest(NULL, Object(Config\Cache), false)
#9 D:\xampp\htdocs\policy-master\index.php(84): CodeIgniter\CodeIgniter->run()
#10 {main}
CRITICAL - 2020-09-03 07:28:17 --> include(client/add): failed to open stream: No such file or directory
#0 D:\xampp\htdocs\policy-master\app\Views\quotation\add.php(533): CodeIgniter\Debug\Exceptions->errorHandler(2, 'include(client/...', 'D:\\xampp\\htdocs...', 533, Array)
#1 D:\xampp\htdocs\policy-master\app\Views\quotation\add.php(533): include()
#2 D:\xampp\htdocs\policy-master\vendor\codeigniter4\framework\system\View\View.php(246): include('D:\\xampp\\htdocs...')
#3 D:\xampp\htdocs\policy-master\vendor\codeigniter4\framework\system\Common.php(1087): CodeIgniter\View\View->render('quotation/add', Array, true)
#4 D:\xampp\htdocs\policy-master\app\Controllers\BaseController.php(62): view('quotation/add', Array)
#5 D:\xampp\htdocs\policy-master\app\Controllers\InsuranceQuotation.php(40): App\Controllers\BaseController->render_page('quotation/add', Array)
#6 D:\xampp\htdocs\policy-master\vendor\codeigniter4\framework\system\CodeIgniter.php(914): App\Controllers\InsuranceQuotation->create()
#7 D:\xampp\htdocs\policy-master\vendor\codeigniter4\framework\system\CodeIgniter.php(400): CodeIgniter\CodeIgniter->runController(Object(App\Controllers\InsuranceQuotation))
#8 D:\xampp\htdocs\policy-master\vendor\codeigniter4\framework\system\CodeIgniter.php(308): CodeIgniter\CodeIgniter->handleRequest(NULL, Object(Config\Cache), false)
#9 D:\xampp\htdocs\policy-master\index.php(84): CodeIgniter\CodeIgniter->run()
#10 {main}
CRITICAL - 2020-09-03 07:29:08 --> include(client/add.php): failed to open stream: No such file or directory
#0 D:\xampp\htdocs\policy-master\app\Views\quotation\add.php(533): CodeIgniter\Debug\Exceptions->errorHandler(2, 'include(client/...', 'D:\\xampp\\htdocs...', 533, Array)
#1 D:\xampp\htdocs\policy-master\app\Views\quotation\add.php(533): include()
#2 D:\xampp\htdocs\policy-master\vendor\codeigniter4\framework\system\View\View.php(246): include('D:\\xampp\\htdocs...')
#3 D:\xampp\htdocs\policy-master\vendor\codeigniter4\framework\system\Common.php(1087): CodeIgniter\View\View->render('quotation/add', Array, true)
#4 D:\xampp\htdocs\policy-master\app\Controllers\BaseController.php(62): view('quotation/add', Array)
#5 D:\xampp\htdocs\policy-master\app\Controllers\InsuranceQuotation.php(40): App\Controllers\BaseController->render_page('quotation/add', Array)
#6 D:\xampp\htdocs\policy-master\vendor\codeigniter4\framework\system\CodeIgniter.php(914): App\Controllers\InsuranceQuotation->create()
#7 D:\xampp\htdocs\policy-master\vendor\codeigniter4\framework\system\CodeIgniter.php(400): CodeIgniter\CodeIgniter->runController(Object(App\Controllers\InsuranceQuotation))
#8 D:\xampp\htdocs\policy-master\vendor\codeigniter4\framework\system\CodeIgniter.php(308): CodeIgniter\CodeIgniter->handleRequest(NULL, Object(Config\Cache), false)
#9 D:\xampp\htdocs\policy-master\index.php(84): CodeIgniter\CodeIgniter->run()
#10 {main}
CRITICAL - 2020-09-03 07:29:22 --> include(client/add.php): failed to open stream: No such file or directory
#0 D:\xampp\htdocs\policy-master\app\Views\quotation\add.php(533): CodeIgniter\Debug\Exceptions->errorHandler(2, 'include(client/...', 'D:\\xampp\\htdocs...', 533, Array)
#1 D:\xampp\htdocs\policy-master\app\Views\quotation\add.php(533): include()
#2 D:\xampp\htdocs\policy-master\vendor\codeigniter4\framework\system\View\View.php(246): include('D:\\xampp\\htdocs...')
#3 D:\xampp\htdocs\policy-master\vendor\codeigniter4\framework\system\Common.php(1087): CodeIgniter\View\View->render('quotation/add', Array, true)
#4 D:\xampp\htdocs\policy-master\app\Controllers\BaseController.php(62): view('quotation/add', Array)
#5 D:\xampp\htdocs\policy-master\app\Controllers\InsuranceQuotation.php(40): App\Controllers\BaseController->render_page('quotation/add', Array)
#6 D:\xampp\htdocs\policy-master\vendor\codeigniter4\framework\system\CodeIgniter.php(914): App\Controllers\InsuranceQuotation->create()
#7 D:\xampp\htdocs\policy-master\vendor\codeigniter4\framework\system\CodeIgniter.php(400): CodeIgniter\CodeIgniter->runController(Object(App\Controllers\InsuranceQuotation))
#8 D:\xampp\htdocs\policy-master\vendor\codeigniter4\framework\system\CodeIgniter.php(308): CodeIgniter\CodeIgniter->handleRequest(NULL, Object(Config\Cache), false)
#9 D:\xampp\htdocs\policy-master\index.php(84): CodeIgniter\CodeIgniter->run()
#10 {main}
CRITICAL - 2020-09-03 07:30:43 --> Undefined variable: clienttype
#0 D:\xampp\htdocs\policy-master\app\Views\quotation\add.php(571): CodeIgniter\Debug\Exceptions->errorHandler(8, 'Undefined varia...', 'D:\\xampp\\htdocs...', 571, Array)
#1 D:\xampp\htdocs\policy-master\vendor\codeigniter4\framework\system\View\View.php(246): include('D:\\xampp\\htdocs...')
#2 D:\xampp\htdocs\policy-master\vendor\codeigniter4\framework\system\Common.php(1087): CodeIgniter\View\View->render('quotation/add', Array, true)
#3 D:\xampp\htdocs\policy-master\app\Controllers\BaseController.php(62): view('quotation/add', Array)
#4 D:\xampp\htdocs\policy-master\app\Controllers\InsuranceQuotation.php(40): App\Controllers\BaseController->render_page('quotation/add', Array)
#5 D:\xampp\htdocs\policy-master\vendor\codeigniter4\framework\system\CodeIgniter.php(914): App\Controllers\InsuranceQuotation->create()
#6 D:\xampp\htdocs\policy-master\vendor\codeigniter4\framework\system\CodeIgniter.php(400): CodeIgniter\CodeIgniter->runController(Object(App\Controllers\InsuranceQuotation))
#7 D:\xampp\htdocs\policy-master\vendor\codeigniter4\framework\system\CodeIgniter.php(308): CodeIgniter\CodeIgniter->handleRequest(NULL, Object(Config\Cache), false)
#8 D:\xampp\htdocs\policy-master\index.php(84): CodeIgniter\CodeIgniter->run()
#9 {main}
