CRITICAL - 2021-09-21 01:12:51 --> Undefined offset: 1
#0 F:\xampp\htdocs\policy-master-updated\app\Controllers\Ajaxcontroler.php(87): CodeIgniter\Debug\Exceptions->errorHandler(8, 'Undefined offse...', 'F:\\xampp\\htdocs...', 87, Array)
#1 F:\xampp\htdocs\policy-master-updated\vendor\codeigniter4\framework\system\CodeIgniter.php(914): App\Controllers\Ajaxcontroler->get_client_contact()
#2 F:\xampp\htdocs\policy-master-updated\vendor\codeigniter4\framework\system\CodeIgniter.php(400): CodeIgniter\CodeIgniter->runController(Object(App\Controllers\Ajaxcontroler))
#3 F:\xampp\htdocs\policy-master-updated\vendor\codeigniter4\framework\system\CodeIgniter.php(308): CodeIgniter\CodeIgniter->handleRequest(NULL, Object(Config\Cache), false)
#4 F:\xampp\htdocs\policy-master-updated\index.php(84): CodeIgniter\CodeIgniter->run()
#5 {main}
CRITICAL - 2021-09-21 03:56:11 --> Undefined offset: 1
#0 F:\xampp\htdocs\policy-master-updated\app\Views\client\edit.php(145): CodeIgniter\Debug\Exceptions->errorHandler(8, 'Undefined offse...', 'F:\\xampp\\htdocs...', 145, Array)
#1 F:\xampp\htdocs\policy-master-updated\vendor\codeigniter4\framework\system\View\View.php(246): include('F:\\xampp\\htdocs...')
#2 F:\xampp\htdocs\policy-master-updated\vendor\codeigniter4\framework\system\Common.php(1087): CodeIgniter\View\View->render('client/edit', Array, true)
#3 F:\xampp\htdocs\policy-master-updated\app\Views\templete.php(4): view('client/edit')
#4 F:\xampp\htdocs\policy-master-updated\vendor\codeigniter4\framework\system\View\View.php(246): include('F:\\xampp\\htdocs...')
#5 F:\xampp\htdocs\policy-master-updated\vendor\codeigniter4\framework\system\Common.php(1087): CodeIgniter\View\View->render('templete', Array, true)
#6 F:\xampp\htdocs\policy-master-updated\app\Controllers\Client.php(248): view('templete', Array)
#7 F:\xampp\htdocs\policy-master-updated\vendor\codeigniter4\framework\system\CodeIgniter.php(914): App\Controllers\Client->edit('31')
#8 F:\xampp\htdocs\policy-master-updated\vendor\codeigniter4\framework\system\CodeIgniter.php(400): CodeIgniter\CodeIgniter->runController(Object(App\Controllers\Client))
#9 F:\xampp\htdocs\policy-master-updated\vendor\codeigniter4\framework\system\CodeIgniter.php(308): CodeIgniter\CodeIgniter->handleRequest(NULL, Object(Config\Cache), false)
#10 F:\xampp\htdocs\policy-master-updated\index.php(84): CodeIgniter\CodeIgniter->run()
#11 {main}
CRITICAL - 2021-09-21 04:06:14 --> Undefined offset: 1
#0 F:\xampp\htdocs\policy-master-updated\app\Views\client\edit.php(144): CodeIgniter\Debug\Exceptions->errorHandler(8, 'Undefined offse...', 'F:\\xampp\\htdocs...', 144, Array)
#1 F:\xampp\htdocs\policy-master-updated\vendor\codeigniter4\framework\system\View\View.php(246): include('F:\\xampp\\htdocs...')
#2 F:\xampp\htdocs\policy-master-updated\vendor\codeigniter4\framework\system\Common.php(1087): CodeIgniter\View\View->render('client/edit', Array, true)
#3 F:\xampp\htdocs\policy-master-updated\app\Views\templete.php(4): view('client/edit')
#4 F:\xampp\htdocs\policy-master-updated\vendor\codeigniter4\framework\system\View\View.php(246): include('F:\\xampp\\htdocs...')
#5 F:\xampp\htdocs\policy-master-updated\vendor\codeigniter4\framework\system\Common.php(1087): CodeIgniter\View\View->render('templete', Array, true)
#6 F:\xampp\htdocs\policy-master-updated\app\Controllers\Client.php(248): view('templete', Array)
#7 F:\xampp\htdocs\policy-master-updated\vendor\codeigniter4\framework\system\CodeIgniter.php(914): App\Controllers\Client->edit('31')
#8 F:\xampp\htdocs\policy-master-updated\vendor\codeigniter4\framework\system\CodeIgniter.php(400): CodeIgniter\CodeIgniter->runController(Object(App\Controllers\Client))
#9 F:\xampp\htdocs\policy-master-updated\vendor\codeigniter4\framework\system\CodeIgniter.php(308): CodeIgniter\CodeIgniter->handleRequest(NULL, Object(Config\Cache), false)
#10 F:\xampp\htdocs\policy-master-updated\index.php(84): CodeIgniter\CodeIgniter->run()
#11 {main}
CRITICAL - 2021-09-21 04:07:46 --> A non well formed numeric value encountered
#0 [internal function]: CodeIgniter\Debug\Exceptions->errorHandler(8, 'A non well form...', 'F:\\xampp\\htdocs...', 130, Array)
#1 F:\xampp\htdocs\policy-master-updated\app\Views\client\edit.php(130): date('m/d/Y', '19/10/1996')
#2 F:\xampp\htdocs\policy-master-updated\vendor\codeigniter4\framework\system\View\View.php(246): include('F:\\xampp\\htdocs...')
#3 F:\xampp\htdocs\policy-master-updated\vendor\codeigniter4\framework\system\Common.php(1087): CodeIgniter\View\View->render('client/edit', Array, true)
#4 F:\xampp\htdocs\policy-master-updated\app\Views\templete.php(4): view('client/edit')
#5 F:\xampp\htdocs\policy-master-updated\vendor\codeigniter4\framework\system\View\View.php(246): include('F:\\xampp\\htdocs...')
#6 F:\xampp\htdocs\policy-master-updated\vendor\codeigniter4\framework\system\Common.php(1087): CodeIgniter\View\View->render('templete', Array, true)
#7 F:\xampp\htdocs\policy-master-updated\app\Controllers\Client.php(248): view('templete', Array)
#8 F:\xampp\htdocs\policy-master-updated\vendor\codeigniter4\framework\system\CodeIgniter.php(914): App\Controllers\Client->edit('32')
#9 F:\xampp\htdocs\policy-master-updated\vendor\codeigniter4\framework\system\CodeIgniter.php(400): CodeIgniter\CodeIgniter->runController(Object(App\Controllers\Client))
#10 F:\xampp\htdocs\policy-master-updated\vendor\codeigniter4\framework\system\CodeIgniter.php(308): CodeIgniter\CodeIgniter->handleRequest(NULL, Object(Config\Cache), false)
#11 F:\xampp\htdocs\policy-master-updated\index.php(84): CodeIgniter\CodeIgniter->run()
#12 {main}
CRITICAL - 2021-09-21 04:08:10 --> A non well formed numeric value encountered
#0 [internal function]: CodeIgniter\Debug\Exceptions->errorHandler(8, 'A non well form...', 'F:\\xampp\\htdocs...', 130, Array)
#1 F:\xampp\htdocs\policy-master-updated\app\Views\client\edit.php(130): date('m/d/Y', '19/10/1996')
#2 F:\xampp\htdocs\policy-master-updated\vendor\codeigniter4\framework\system\View\View.php(246): include('F:\\xampp\\htdocs...')
#3 F:\xampp\htdocs\policy-master-updated\vendor\codeigniter4\framework\system\Common.php(1087): CodeIgniter\View\View->render('client/edit', Array, true)
#4 F:\xampp\htdocs\policy-master-updated\app\Views\templete.php(4): view('client/edit')
#5 F:\xampp\htdocs\policy-master-updated\vendor\codeigniter4\framework\system\View\View.php(246): include('F:\\xampp\\htdocs...')
#6 F:\xampp\htdocs\policy-master-updated\vendor\codeigniter4\framework\system\Common.php(1087): CodeIgniter\View\View->render('templete', Array, true)
#7 F:\xampp\htdocs\policy-master-updated\app\Controllers\Client.php(248): view('templete', Array)
#8 F:\xampp\htdocs\policy-master-updated\vendor\codeigniter4\framework\system\CodeIgniter.php(914): App\Controllers\Client->edit('32')
#9 F:\xampp\htdocs\policy-master-updated\vendor\codeigniter4\framework\system\CodeIgniter.php(400): CodeIgniter\CodeIgniter->runController(Object(App\Controllers\Client))
#10 F:\xampp\htdocs\policy-master-updated\vendor\codeigniter4\framework\system\CodeIgniter.php(308): CodeIgniter\CodeIgniter->handleRequest(NULL, Object(Config\Cache), false)
#11 F:\xampp\htdocs\policy-master-updated\index.php(84): CodeIgniter\CodeIgniter->run()
#12 {main}
CRITICAL - 2021-09-21 04:10:03 --> Use of undefined constant m - assumed 'm' (this will throw an Error in a future version of PHP)
#0 F:\xampp\htdocs\policy-master-updated\app\Views\client\edit.php(129): CodeIgniter\Debug\Exceptions->errorHandler(2, 'Use of undefine...', 'F:\\xampp\\htdocs...', 129, Array)
#1 F:\xampp\htdocs\policy-master-updated\vendor\codeigniter4\framework\system\View\View.php(246): include('F:\\xampp\\htdocs...')
#2 F:\xampp\htdocs\policy-master-updated\vendor\codeigniter4\framework\system\Common.php(1087): CodeIgniter\View\View->render('client/edit', Array, true)
#3 F:\xampp\htdocs\policy-master-updated\app\Views\templete.php(4): view('client/edit')
#4 F:\xampp\htdocs\policy-master-updated\vendor\codeigniter4\framework\system\View\View.php(246): include('F:\\xampp\\htdocs...')
#5 F:\xampp\htdocs\policy-master-updated\vendor\codeigniter4\framework\system\Common.php(1087): CodeIgniter\View\View->render('templete', Array, true)
#6 F:\xampp\htdocs\policy-master-updated\app\Controllers\Client.php(248): view('templete', Array)
#7 F:\xampp\htdocs\policy-master-updated\vendor\codeigniter4\framework\system\CodeIgniter.php(914): App\Controllers\Client->edit('32')
#8 F:\xampp\htdocs\policy-master-updated\vendor\codeigniter4\framework\system\CodeIgniter.php(400): CodeIgniter\CodeIgniter->runController(Object(App\Controllers\Client))
#9 F:\xampp\htdocs\policy-master-updated\vendor\codeigniter4\framework\system\CodeIgniter.php(308): CodeIgniter\CodeIgniter->handleRequest(NULL, Object(Config\Cache), false)
#10 F:\xampp\htdocs\policy-master-updated\index.php(84): CodeIgniter\CodeIgniter->run()
#11 {main}
CRITICAL - 2021-09-21 04:10:22 --> A non well formed numeric value encountered
#0 [internal function]: CodeIgniter\Debug\Exceptions->errorHandler(8, 'A non well form...', 'F:\\xampp\\htdocs...', 129, Array)
#1 F:\xampp\htdocs\policy-master-updated\app\Views\client\edit.php(129): date('m/d/Y', '19/10/1996')
#2 F:\xampp\htdocs\policy-master-updated\vendor\codeigniter4\framework\system\View\View.php(246): include('F:\\xampp\\htdocs...')
#3 F:\xampp\htdocs\policy-master-updated\vendor\codeigniter4\framework\system\Common.php(1087): CodeIgniter\View\View->render('client/edit', Array, true)
#4 F:\xampp\htdocs\policy-master-updated\app\Views\templete.php(4): view('client/edit')
#5 F:\xampp\htdocs\policy-master-updated\vendor\codeigniter4\framework\system\View\View.php(246): include('F:\\xampp\\htdocs...')
#6 F:\xampp\htdocs\policy-master-updated\vendor\codeigniter4\framework\system\Common.php(1087): CodeIgniter\View\View->render('templete', Array, true)
#7 F:\xampp\htdocs\policy-master-updated\app\Controllers\Client.php(248): view('templete', Array)
#8 F:\xampp\htdocs\policy-master-updated\vendor\codeigniter4\framework\system\CodeIgniter.php(914): App\Controllers\Client->edit('32')
#9 F:\xampp\htdocs\policy-master-updated\vendor\codeigniter4\framework\system\CodeIgniter.php(400): CodeIgniter\CodeIgniter->runController(Object(App\Controllers\Client))
#10 F:\xampp\htdocs\policy-master-updated\vendor\codeigniter4\framework\system\CodeIgniter.php(308): CodeIgniter\CodeIgniter->handleRequest(NULL, Object(Config\Cache), false)
#11 F:\xampp\htdocs\policy-master-updated\index.php(84): CodeIgniter\CodeIgniter->run()
#12 {main}
CRITICAL - 2021-09-21 04:24:31 --> Undefined offset: 1
#0 F:\xampp\htdocs\policy-master-updated\app\Views\client\edit.php(144): CodeIgniter\Debug\Exceptions->errorHandler(8, 'Undefined offse...', 'F:\\xampp\\htdocs...', 144, Array)
#1 F:\xampp\htdocs\policy-master-updated\vendor\codeigniter4\framework\system\View\View.php(246): include('F:\\xampp\\htdocs...')
#2 F:\xampp\htdocs\policy-master-updated\vendor\codeigniter4\framework\system\Common.php(1087): CodeIgniter\View\View->render('client/edit', Array, true)
#3 F:\xampp\htdocs\policy-master-updated\app\Views\templete.php(4): view('client/edit')
#4 F:\xampp\htdocs\policy-master-updated\vendor\codeigniter4\framework\system\View\View.php(246): include('F:\\xampp\\htdocs...')
#5 F:\xampp\htdocs\policy-master-updated\vendor\codeigniter4\framework\system\Common.php(1087): CodeIgniter\View\View->render('templete', Array, true)
#6 F:\xampp\htdocs\policy-master-updated\app\Controllers\Client.php(248): view('templete', Array)
#7 F:\xampp\htdocs\policy-master-updated\vendor\codeigniter4\framework\system\CodeIgniter.php(914): App\Controllers\Client->edit('31')
#8 F:\xampp\htdocs\policy-master-updated\vendor\codeigniter4\framework\system\CodeIgniter.php(400): CodeIgniter\CodeIgniter->runController(Object(App\Controllers\Client))
#9 F:\xampp\htdocs\policy-master-updated\vendor\codeigniter4\framework\system\CodeIgniter.php(308): CodeIgniter\CodeIgniter->handleRequest(NULL, Object(Config\Cache), false)
#10 F:\xampp\htdocs\policy-master-updated\index.php(84): CodeIgniter\CodeIgniter->run()
#11 {main}
CRITICAL - 2021-09-21 07:04:21 --> A non well formed numeric value encountered
#0 [internal function]: CodeIgniter\Debug\Exceptions->errorHandler(8, 'A non well form...', 'F:\\xampp\\htdocs...', 130, Array)
#1 F:\xampp\htdocs\policy-master-updated\app\Views\client\edit.php(130): date('Y-m-d', '19/10/1997')
#2 F:\xampp\htdocs\policy-master-updated\vendor\codeigniter4\framework\system\View\View.php(246): include('F:\\xampp\\htdocs...')
#3 F:\xampp\htdocs\policy-master-updated\vendor\codeigniter4\framework\system\Common.php(1087): CodeIgniter\View\View->render('client/edit', Array, true)
#4 F:\xampp\htdocs\policy-master-updated\app\Views\templete.php(4): view('client/edit')
#5 F:\xampp\htdocs\policy-master-updated\vendor\codeigniter4\framework\system\View\View.php(246): include('F:\\xampp\\htdocs...')
#6 F:\xampp\htdocs\policy-master-updated\vendor\codeigniter4\framework\system\Common.php(1087): CodeIgniter\View\View->render('templete', Array, true)
#7 F:\xampp\htdocs\policy-master-updated\app\Controllers\Client.php(248): view('templete', Array)
#8 F:\xampp\htdocs\policy-master-updated\vendor\codeigniter4\framework\system\CodeIgniter.php(914): App\Controllers\Client->edit('11')
#9 F:\xampp\htdocs\policy-master-updated\vendor\codeigniter4\framework\system\CodeIgniter.php(400): CodeIgniter\CodeIgniter->runController(Object(App\Controllers\Client))
#10 F:\xampp\htdocs\policy-master-updated\vendor\codeigniter4\framework\system\CodeIgniter.php(308): CodeIgniter\CodeIgniter->handleRequest(NULL, Object(Config\Cache), false)
#11 F:\xampp\htdocs\policy-master-updated\index.php(84): CodeIgniter\CodeIgniter->run()
#12 {main}
CRITICAL - 2021-09-21 07:08:53 --> syntax error, unexpected ')'
#0 F:\xampp\htdocs\policy-master-updated\vendor\codeigniter4\framework\system\Common.php(1087): CodeIgniter\View\View->render('client/edit', Array, true)
#1 F:\xampp\htdocs\policy-master-updated\app\Views\templete.php(4): view('client/edit')
#2 F:\xampp\htdocs\policy-master-updated\vendor\codeigniter4\framework\system\View\View.php(246): include('F:\\xampp\\htdocs...')
#3 F:\xampp\htdocs\policy-master-updated\vendor\codeigniter4\framework\system\Common.php(1087): CodeIgniter\View\View->render('templete', Array, true)
#4 F:\xampp\htdocs\policy-master-updated\app\Controllers\Client.php(248): view('templete', Array)
#5 F:\xampp\htdocs\policy-master-updated\vendor\codeigniter4\framework\system\CodeIgniter.php(914): App\Controllers\Client->edit('11')
#6 F:\xampp\htdocs\policy-master-updated\vendor\codeigniter4\framework\system\CodeIgniter.php(400): CodeIgniter\CodeIgniter->runController(Object(App\Controllers\Client))
#7 F:\xampp\htdocs\policy-master-updated\vendor\codeigniter4\framework\system\CodeIgniter.php(308): CodeIgniter\CodeIgniter->handleRequest(NULL, Object(Config\Cache), false)
#8 F:\xampp\htdocs\policy-master-updated\index.php(84): CodeIgniter\CodeIgniter->run()
#9 {main}
CRITICAL - 2021-09-21 07:31:29 --> A non well formed numeric value encountered
#0 [internal function]: CodeIgniter\Debug\Exceptions->errorHandler(8, 'A non well form...', 'F:\\xampp\\htdocs...', 132, Array)
#1 F:\xampp\htdocs\policy-master-updated\app\Views\client\edit.php(132): date('m/d/Y', '19/10/1997')
#2 F:\xampp\htdocs\policy-master-updated\vendor\codeigniter4\framework\system\View\View.php(246): include('F:\\xampp\\htdocs...')
#3 F:\xampp\htdocs\policy-master-updated\vendor\codeigniter4\framework\system\Common.php(1087): CodeIgniter\View\View->render('client/edit', Array, true)
#4 F:\xampp\htdocs\policy-master-updated\app\Views\templete.php(4): view('client/edit')
#5 F:\xampp\htdocs\policy-master-updated\vendor\codeigniter4\framework\system\View\View.php(246): include('F:\\xampp\\htdocs...')
#6 F:\xampp\htdocs\policy-master-updated\vendor\codeigniter4\framework\system\Common.php(1087): CodeIgniter\View\View->render('templete', Array, true)
#7 F:\xampp\htdocs\policy-master-updated\app\Controllers\Client.php(248): view('templete', Array)
#8 F:\xampp\htdocs\policy-master-updated\vendor\codeigniter4\framework\system\CodeIgniter.php(914): App\Controllers\Client->edit('11')
#9 F:\xampp\htdocs\policy-master-updated\vendor\codeigniter4\framework\system\CodeIgniter.php(400): CodeIgniter\CodeIgniter->runController(Object(App\Controllers\Client))
#10 F:\xampp\htdocs\policy-master-updated\vendor\codeigniter4\framework\system\CodeIgniter.php(308): CodeIgniter\CodeIgniter->handleRequest(NULL, Object(Config\Cache), false)
#11 F:\xampp\htdocs\policy-master-updated\index.php(84): CodeIgniter\CodeIgniter->run()
#12 {main}
