CRITICAL - 2020-06-16 00:04:43 --> required|min_length is not a valid rule.
#0 E:\xampp\htdocs\mysite\vendor\codeigniter4\framework\system\Validation\Validation.php(302): CodeIgniter\Validation\Exceptions\ValidationException::forRuleNotFound('required|min_le...')
#1 E:\xampp\htdocs\mysite\vendor\codeigniter4\framework\system\Validation\Validation.php(189): CodeIgniter\Validation\Validation->processRules('contact', 'contact', '7622989838', Array, Array)
#2 E:\xampp\htdocs\mysite\vendor\codeigniter4\framework\system\Controller.php(219): CodeIgniter\Validation\Validation->run()
#3 E:\xampp\htdocs\mysite\app\Controllers\Users.php(37): CodeIgniter\Controller->validate(Array)
#4 E:\xampp\htdocs\mysite\vendor\codeigniter4\framework\system\CodeIgniter.php(914): App\Controllers\Users->store()
#5 E:\xampp\htdocs\mysite\vendor\codeigniter4\framework\system\CodeIgniter.php(400): CodeIgniter\CodeIgniter->runController(Object(App\Controllers\Users))
#6 E:\xampp\htdocs\mysite\vendor\codeigniter4\framework\system\CodeIgniter.php(308): CodeIgniter\CodeIgniter->handleRequest(NULL, Object(Config\Cache), false)
#7 E:\xampp\htdocs\mysite\index.php(84): CodeIgniter\CodeIgniter->run()
#8 {main}
CRITICAL - 2020-06-16 00:36:14 --> required|min_length is not a valid rule.
#0 E:\xampp\htdocs\mysite\vendor\codeigniter4\framework\system\Validation\Validation.php(302): CodeIgniter\Validation\Exceptions\ValidationException::forRuleNotFound('required|min_le...')
#1 E:\xampp\htdocs\mysite\vendor\codeigniter4\framework\system\Validation\Validation.php(189): CodeIgniter\Validation\Validation->processRules('contact', 'contact', '7622989838', Array, Array)
#2 E:\xampp\htdocs\mysite\vendor\codeigniter4\framework\system\Controller.php(219): CodeIgniter\Validation\Validation->run()
#3 E:\xampp\htdocs\mysite\app\Controllers\Users.php(37): CodeIgniter\Controller->validate(Array)
#4 E:\xampp\htdocs\mysite\vendor\codeigniter4\framework\system\CodeIgniter.php(914): App\Controllers\Users->store()
#5 E:\xampp\htdocs\mysite\vendor\codeigniter4\framework\system\CodeIgniter.php(400): CodeIgniter\CodeIgniter->runController(Object(App\Controllers\Users))
#6 E:\xampp\htdocs\mysite\vendor\codeigniter4\framework\system\CodeIgniter.php(308): CodeIgniter\CodeIgniter->handleRequest(NULL, Object(Config\Cache), false)
#7 E:\xampp\htdocs\mysite\index.php(84): CodeIgniter\CodeIgniter->run()
#8 {main}
CRITICAL - 2020-06-16 01:30:47 --> required|min_length is not a valid rule.
#0 E:\xampp\htdocs\mysite\vendor\codeigniter4\framework\system\Validation\Validation.php(302): CodeIgniter\Validation\Exceptions\ValidationException::forRuleNotFound('required|min_le...')
#1 E:\xampp\htdocs\mysite\vendor\codeigniter4\framework\system\Validation\Validation.php(189): CodeIgniter\Validation\Validation->processRules('contact', 'contact', '7622989838', Array, Array)
#2 E:\xampp\htdocs\mysite\vendor\codeigniter4\framework\system\Controller.php(219): CodeIgniter\Validation\Validation->run()
#3 E:\xampp\htdocs\mysite\app\Controllers\Users.php(37): CodeIgniter\Controller->validate(Array)
#4 E:\xampp\htdocs\mysite\vendor\codeigniter4\framework\system\CodeIgniter.php(914): App\Controllers\Users->store()
#5 E:\xampp\htdocs\mysite\vendor\codeigniter4\framework\system\CodeIgniter.php(400): CodeIgniter\CodeIgniter->runController(Object(App\Controllers\Users))
#6 E:\xampp\htdocs\mysite\vendor\codeigniter4\framework\system\CodeIgniter.php(308): CodeIgniter\CodeIgniter->handleRequest(NULL, Object(Config\Cache), false)
#7 E:\xampp\htdocs\mysite\index.php(84): CodeIgniter\CodeIgniter->run()
#8 {main}
CRITICAL - 2020-06-16 06:44:38 --> Declaration of App\Controllers\ApiAuth::delete($id) should be compatible with CodeIgniter\RESTful\ResourceController::delete($id = NULL)
#0 E:\xampp\htdocs\mysite\app\Controllers\ApiAuth.php(7): CodeIgniter\Debug\Exceptions->errorHandler(2, 'Declaration of ...', 'E:\\xampp\\htdocs...', 302, Array)
#1 E:\xampp\htdocs\mysite\vendor\codeigniter4\framework\system\Autoloader\Autoloader.php(365): require_once('E:\\xampp\\htdocs...')
#2 E:\xampp\htdocs\mysite\vendor\codeigniter4\framework\system\Autoloader\Autoloader.php(296): CodeIgniter\Autoloader\Autoloader->requireFile('E:\\xampp\\htdocs...')
#3 E:\xampp\htdocs\mysite\vendor\codeigniter4\framework\system\Autoloader\Autoloader.php(258): CodeIgniter\Autoloader\Autoloader->loadInNamespace('App\\Controllers...')
#4 [internal function]: CodeIgniter\Autoloader\Autoloader->loadClass('App\\Controllers...')
#5 [internal function]: spl_autoload_call('App\\Controllers...')
#6 E:\xampp\htdocs\mysite\vendor\codeigniter4\framework\system\CodeIgniter.php(865): class_exists('\\App\\Controller...', true)
#7 E:\xampp\htdocs\mysite\vendor\codeigniter4\framework\system\CodeIgniter.php(390): CodeIgniter\CodeIgniter->startController()
#8 E:\xampp\htdocs\mysite\vendor\codeigniter4\framework\system\CodeIgniter.php(308): CodeIgniter\CodeIgniter->handleRequest(NULL, Object(Config\Cache), false)
#9 E:\xampp\htdocs\mysite\index.php(84): CodeIgniter\CodeIgniter->run()
#10 {main}
CRITICAL - 2020-06-16 06:44:39 --> Declaration of App\Controllers\ApiAuth::delete($id) should be compatible with CodeIgniter\RESTful\ResourceController::delete($id = NULL)
#0 E:\xampp\htdocs\mysite\app\Controllers\ApiAuth.php(7): CodeIgniter\Debug\Exceptions->errorHandler(2, 'Declaration of ...', 'E:\\xampp\\htdocs...', 302, Array)
#1 E:\xampp\htdocs\mysite\vendor\codeigniter4\framework\system\Autoloader\Autoloader.php(365): require_once('E:\\xampp\\htdocs...')
#2 E:\xampp\htdocs\mysite\vendor\codeigniter4\framework\system\Autoloader\Autoloader.php(296): CodeIgniter\Autoloader\Autoloader->requireFile('E:\\xampp\\htdocs...')
#3 E:\xampp\htdocs\mysite\vendor\codeigniter4\framework\system\Autoloader\Autoloader.php(258): CodeIgniter\Autoloader\Autoloader->loadInNamespace('App\\Controllers...')
#4 [internal function]: CodeIgniter\Autoloader\Autoloader->loadClass('App\\Controllers...')
#5 [internal function]: spl_autoload_call('App\\Controllers...')
#6 E:\xampp\htdocs\mysite\vendor\codeigniter4\framework\system\CodeIgniter.php(865): class_exists('\\App\\Controller...', true)
#7 E:\xampp\htdocs\mysite\vendor\codeigniter4\framework\system\CodeIgniter.php(390): CodeIgniter\CodeIgniter->startController()
#8 E:\xampp\htdocs\mysite\vendor\codeigniter4\framework\system\CodeIgniter.php(308): CodeIgniter\CodeIgniter->handleRequest(NULL, Object(Config\Cache), false)
#9 E:\xampp\htdocs\mysite\index.php(84): CodeIgniter\CodeIgniter->run()
#10 {main}
CRITICAL - 2020-06-16 06:45:23 --> Declaration of App\Controllers\ApiAuth::delete($id) should be compatible with CodeIgniter\RESTful\ResourceController::delete($id = NULL)
#0 E:\xampp\htdocs\mysite\app\Controllers\ApiAuth.php(7): CodeIgniter\Debug\Exceptions->errorHandler(2, 'Declaration of ...', 'E:\\xampp\\htdocs...', 305, Array)
#1 E:\xampp\htdocs\mysite\vendor\codeigniter4\framework\system\Autoloader\Autoloader.php(365): require_once('E:\\xampp\\htdocs...')
#2 E:\xampp\htdocs\mysite\vendor\codeigniter4\framework\system\Autoloader\Autoloader.php(296): CodeIgniter\Autoloader\Autoloader->requireFile('E:\\xampp\\htdocs...')
#3 E:\xampp\htdocs\mysite\vendor\codeigniter4\framework\system\Autoloader\Autoloader.php(258): CodeIgniter\Autoloader\Autoloader->loadInNamespace('App\\Controllers...')
#4 [internal function]: CodeIgniter\Autoloader\Autoloader->loadClass('App\\Controllers...')
#5 [internal function]: spl_autoload_call('App\\Controllers...')
#6 E:\xampp\htdocs\mysite\vendor\codeigniter4\framework\system\CodeIgniter.php(865): class_exists('\\App\\Controller...', true)
#7 E:\xampp\htdocs\mysite\vendor\codeigniter4\framework\system\CodeIgniter.php(390): CodeIgniter\CodeIgniter->startController()
#8 E:\xampp\htdocs\mysite\vendor\codeigniter4\framework\system\CodeIgniter.php(308): CodeIgniter\CodeIgniter->handleRequest(NULL, Object(Config\Cache), false)
#9 E:\xampp\htdocs\mysite\index.php(84): CodeIgniter\CodeIgniter->run()
#10 {main}
CRITICAL - 2020-06-16 06:45:44 --> Declaration of App\Controllers\ApiAuth::delete($id) should be compatible with CodeIgniter\RESTful\ResourceController::delete($id = NULL)
#0 E:\xampp\htdocs\mysite\app\Controllers\ApiAuth.php(7): CodeIgniter\Debug\Exceptions->errorHandler(2, 'Declaration of ...', 'E:\\xampp\\htdocs...', 305, Array)
#1 E:\xampp\htdocs\mysite\vendor\codeigniter4\framework\system\Autoloader\Autoloader.php(365): require_once('E:\\xampp\\htdocs...')
#2 E:\xampp\htdocs\mysite\vendor\codeigniter4\framework\system\Autoloader\Autoloader.php(296): CodeIgniter\Autoloader\Autoloader->requireFile('E:\\xampp\\htdocs...')
#3 E:\xampp\htdocs\mysite\vendor\codeigniter4\framework\system\Autoloader\Autoloader.php(258): CodeIgniter\Autoloader\Autoloader->loadInNamespace('App\\Controllers...')
#4 [internal function]: CodeIgniter\Autoloader\Autoloader->loadClass('App\\Controllers...')
#5 [internal function]: spl_autoload_call('App\\Controllers...')
#6 E:\xampp\htdocs\mysite\vendor\codeigniter4\framework\system\CodeIgniter.php(865): class_exists('\\App\\Controller...', true)
#7 E:\xampp\htdocs\mysite\vendor\codeigniter4\framework\system\CodeIgniter.php(390): CodeIgniter\CodeIgniter->startController()
#8 E:\xampp\htdocs\mysite\vendor\codeigniter4\framework\system\CodeIgniter.php(308): CodeIgniter\CodeIgniter->handleRequest(NULL, Object(Config\Cache), false)
#9 E:\xampp\htdocs\mysite\index.php(84): CodeIgniter\CodeIgniter->run()
#10 {main}
CRITICAL - 2020-06-16 06:45:45 --> Declaration of App\Controllers\ApiAuth::delete($id) should be compatible with CodeIgniter\RESTful\ResourceController::delete($id = NULL)
#0 E:\xampp\htdocs\mysite\app\Controllers\ApiAuth.php(7): CodeIgniter\Debug\Exceptions->errorHandler(2, 'Declaration of ...', 'E:\\xampp\\htdocs...', 305, Array)
#1 E:\xampp\htdocs\mysite\vendor\codeigniter4\framework\system\Autoloader\Autoloader.php(365): require_once('E:\\xampp\\htdocs...')
#2 E:\xampp\htdocs\mysite\vendor\codeigniter4\framework\system\Autoloader\Autoloader.php(296): CodeIgniter\Autoloader\Autoloader->requireFile('E:\\xampp\\htdocs...')
#3 E:\xampp\htdocs\mysite\vendor\codeigniter4\framework\system\Autoloader\Autoloader.php(258): CodeIgniter\Autoloader\Autoloader->loadInNamespace('App\\Controllers...')
#4 [internal function]: CodeIgniter\Autoloader\Autoloader->loadClass('App\\Controllers...')
#5 [internal function]: spl_autoload_call('App\\Controllers...')
#6 E:\xampp\htdocs\mysite\vendor\codeigniter4\framework\system\CodeIgniter.php(865): class_exists('\\App\\Controller...', true)
#7 E:\xampp\htdocs\mysite\vendor\codeigniter4\framework\system\CodeIgniter.php(390): CodeIgniter\CodeIgniter->startController()
#8 E:\xampp\htdocs\mysite\vendor\codeigniter4\framework\system\CodeIgniter.php(308): CodeIgniter\CodeIgniter->handleRequest(NULL, Object(Config\Cache), false)
#9 E:\xampp\htdocs\mysite\index.php(84): CodeIgniter\CodeIgniter->run()
#10 {main}
CRITICAL - 2020-06-16 06:45:48 --> Declaration of App\Controllers\ApiAuth::delete($id) should be compatible with CodeIgniter\RESTful\ResourceController::delete($id = NULL)
#0 E:\xampp\htdocs\mysite\app\Controllers\ApiAuth.php(7): CodeIgniter\Debug\Exceptions->errorHandler(2, 'Declaration of ...', 'E:\\xampp\\htdocs...', 305, Array)
#1 E:\xampp\htdocs\mysite\vendor\codeigniter4\framework\system\Autoloader\Autoloader.php(365): require_once('E:\\xampp\\htdocs...')
#2 E:\xampp\htdocs\mysite\vendor\codeigniter4\framework\system\Autoloader\Autoloader.php(296): CodeIgniter\Autoloader\Autoloader->requireFile('E:\\xampp\\htdocs...')
#3 E:\xampp\htdocs\mysite\vendor\codeigniter4\framework\system\Autoloader\Autoloader.php(258): CodeIgniter\Autoloader\Autoloader->loadInNamespace('App\\Controllers...')
#4 [internal function]: CodeIgniter\Autoloader\Autoloader->loadClass('App\\Controllers...')
#5 [internal function]: spl_autoload_call('App\\Controllers...')
#6 E:\xampp\htdocs\mysite\vendor\codeigniter4\framework\system\CodeIgniter.php(865): class_exists('\\App\\Controller...', true)
#7 E:\xampp\htdocs\mysite\vendor\codeigniter4\framework\system\CodeIgniter.php(390): CodeIgniter\CodeIgniter->startController()
#8 E:\xampp\htdocs\mysite\vendor\codeigniter4\framework\system\CodeIgniter.php(308): CodeIgniter\CodeIgniter->handleRequest(NULL, Object(Config\Cache), false)
#9 E:\xampp\htdocs\mysite\index.php(84): CodeIgniter\CodeIgniter->run()
#10 {main}
CRITICAL - 2020-06-16 06:45:50 --> Declaration of App\Controllers\ApiAuth::delete($id) should be compatible with CodeIgniter\RESTful\ResourceController::delete($id = NULL)
#0 E:\xampp\htdocs\mysite\app\Controllers\ApiAuth.php(7): CodeIgniter\Debug\Exceptions->errorHandler(2, 'Declaration of ...', 'E:\\xampp\\htdocs...', 305, Array)
#1 E:\xampp\htdocs\mysite\vendor\codeigniter4\framework\system\Autoloader\Autoloader.php(365): require_once('E:\\xampp\\htdocs...')
#2 E:\xampp\htdocs\mysite\vendor\codeigniter4\framework\system\Autoloader\Autoloader.php(296): CodeIgniter\Autoloader\Autoloader->requireFile('E:\\xampp\\htdocs...')
#3 E:\xampp\htdocs\mysite\vendor\codeigniter4\framework\system\Autoloader\Autoloader.php(258): CodeIgniter\Autoloader\Autoloader->loadInNamespace('App\\Controllers...')
#4 [internal function]: CodeIgniter\Autoloader\Autoloader->loadClass('App\\Controllers...')
#5 [internal function]: spl_autoload_call('App\\Controllers...')
#6 E:\xampp\htdocs\mysite\vendor\codeigniter4\framework\system\CodeIgniter.php(865): class_exists('\\App\\Controller...', true)
#7 E:\xampp\htdocs\mysite\vendor\codeigniter4\framework\system\CodeIgniter.php(390): CodeIgniter\CodeIgniter->startController()
#8 E:\xampp\htdocs\mysite\vendor\codeigniter4\framework\system\CodeIgniter.php(308): CodeIgniter\CodeIgniter->handleRequest(NULL, Object(Config\Cache), false)
#9 E:\xampp\htdocs\mysite\index.php(84): CodeIgniter\CodeIgniter->run()
#10 {main}
CRITICAL - 2020-06-16 06:46:13 --> Declaration of App\Controllers\ApiAuth::delete($id) should be compatible with CodeIgniter\RESTful\ResourceController::delete($id = NULL)
#0 E:\xampp\htdocs\mysite\app\Controllers\ApiAuth.php(7): CodeIgniter\Debug\Exceptions->errorHandler(2, 'Declaration of ...', 'E:\\xampp\\htdocs...', 304, Array)
#1 E:\xampp\htdocs\mysite\vendor\codeigniter4\framework\system\Autoloader\Autoloader.php(365): require_once('E:\\xampp\\htdocs...')
#2 E:\xampp\htdocs\mysite\vendor\codeigniter4\framework\system\Autoloader\Autoloader.php(296): CodeIgniter\Autoloader\Autoloader->requireFile('E:\\xampp\\htdocs...')
#3 E:\xampp\htdocs\mysite\vendor\codeigniter4\framework\system\Autoloader\Autoloader.php(258): CodeIgniter\Autoloader\Autoloader->loadInNamespace('App\\Controllers...')
#4 [internal function]: CodeIgniter\Autoloader\Autoloader->loadClass('App\\Controllers...')
#5 [internal function]: spl_autoload_call('App\\Controllers...')
#6 E:\xampp\htdocs\mysite\vendor\codeigniter4\framework\system\CodeIgniter.php(865): class_exists('\\App\\Controller...', true)
#7 E:\xampp\htdocs\mysite\vendor\codeigniter4\framework\system\CodeIgniter.php(390): CodeIgniter\CodeIgniter->startController()
#8 E:\xampp\htdocs\mysite\vendor\codeigniter4\framework\system\CodeIgniter.php(308): CodeIgniter\CodeIgniter->handleRequest(NULL, Object(Config\Cache), false)
#9 E:\xampp\htdocs\mysite\index.php(84): CodeIgniter\CodeIgniter->run()
#10 {main}
CRITICAL - 2020-06-16 06:46:17 --> Declaration of App\Controllers\ApiAuth::delete($id) should be compatible with CodeIgniter\RESTful\ResourceController::delete($id = NULL)
#0 E:\xampp\htdocs\mysite\app\Controllers\ApiAuth.php(7): CodeIgniter\Debug\Exceptions->errorHandler(2, 'Declaration of ...', 'E:\\xampp\\htdocs...', 304, Array)
#1 E:\xampp\htdocs\mysite\vendor\codeigniter4\framework\system\Autoloader\Autoloader.php(365): require_once('E:\\xampp\\htdocs...')
#2 E:\xampp\htdocs\mysite\vendor\codeigniter4\framework\system\Autoloader\Autoloader.php(296): CodeIgniter\Autoloader\Autoloader->requireFile('E:\\xampp\\htdocs...')
#3 E:\xampp\htdocs\mysite\vendor\codeigniter4\framework\system\Autoloader\Autoloader.php(258): CodeIgniter\Autoloader\Autoloader->loadInNamespace('App\\Controllers...')
#4 [internal function]: CodeIgniter\Autoloader\Autoloader->loadClass('App\\Controllers...')
#5 [internal function]: spl_autoload_call('App\\Controllers...')
#6 E:\xampp\htdocs\mysite\vendor\codeigniter4\framework\system\CodeIgniter.php(865): class_exists('\\App\\Controller...', true)
#7 E:\xampp\htdocs\mysite\vendor\codeigniter4\framework\system\CodeIgniter.php(390): CodeIgniter\CodeIgniter->startController()
#8 E:\xampp\htdocs\mysite\vendor\codeigniter4\framework\system\CodeIgniter.php(308): CodeIgniter\CodeIgniter->handleRequest(NULL, Object(Config\Cache), false)
#9 E:\xampp\htdocs\mysite\index.php(84): CodeIgniter\CodeIgniter->run()
#10 {main}
CRITICAL - 2020-06-16 07:01:10 --> Declaration of App\Controllers\ApiAuth::delete($id) should be compatible with CodeIgniter\RESTful\ResourceController::delete($id = NULL)
#0 E:\xampp\htdocs\mysite\app\Controllers\ApiAuth.php(7): CodeIgniter\Debug\Exceptions->errorHandler(2, 'Declaration of ...', 'E:\\xampp\\htdocs...', 298, Array)
#1 E:\xampp\htdocs\mysite\vendor\codeigniter4\framework\system\Autoloader\Autoloader.php(365): require_once('E:\\xampp\\htdocs...')
#2 E:\xampp\htdocs\mysite\vendor\codeigniter4\framework\system\Autoloader\Autoloader.php(296): CodeIgniter\Autoloader\Autoloader->requireFile('E:\\xampp\\htdocs...')
#3 E:\xampp\htdocs\mysite\vendor\codeigniter4\framework\system\Autoloader\Autoloader.php(258): CodeIgniter\Autoloader\Autoloader->loadInNamespace('App\\Controllers...')
#4 [internal function]: CodeIgniter\Autoloader\Autoloader->loadClass('App\\Controllers...')
#5 [internal function]: spl_autoload_call('App\\Controllers...')
#6 E:\xampp\htdocs\mysite\vendor\codeigniter4\framework\system\CodeIgniter.php(865): class_exists('\\App\\Controller...', true)
#7 E:\xampp\htdocs\mysite\vendor\codeigniter4\framework\system\CodeIgniter.php(390): CodeIgniter\CodeIgniter->startController()
#8 E:\xampp\htdocs\mysite\vendor\codeigniter4\framework\system\CodeIgniter.php(308): CodeIgniter\CodeIgniter->handleRequest(NULL, Object(Config\Cache), false)
#9 E:\xampp\htdocs\mysite\index.php(84): CodeIgniter\CodeIgniter->run()
#10 {main}
CRITICAL - 2020-06-16 07:12:49 --> Declaration of App\Controllers\ApiAuth::delete($id) should be compatible with CodeIgniter\RESTful\ResourceController::delete($id = NULL)
#0 E:\xampp\htdocs\mysite\app\Controllers\ApiAuth.php(7): CodeIgniter\Debug\Exceptions->errorHandler(2, 'Declaration of ...', 'E:\\xampp\\htdocs...', 299, Array)
#1 E:\xampp\htdocs\mysite\vendor\codeigniter4\framework\system\Autoloader\Autoloader.php(365): require_once('E:\\xampp\\htdocs...')
#2 E:\xampp\htdocs\mysite\vendor\codeigniter4\framework\system\Autoloader\Autoloader.php(296): CodeIgniter\Autoloader\Autoloader->requireFile('E:\\xampp\\htdocs...')
#3 E:\xampp\htdocs\mysite\vendor\codeigniter4\framework\system\Autoloader\Autoloader.php(258): CodeIgniter\Autoloader\Autoloader->loadInNamespace('App\\Controllers...')
#4 [internal function]: CodeIgniter\Autoloader\Autoloader->loadClass('App\\Controllers...')
#5 [internal function]: spl_autoload_call('App\\Controllers...')
#6 E:\xampp\htdocs\mysite\vendor\codeigniter4\framework\system\CodeIgniter.php(865): class_exists('\\App\\Controller...', true)
#7 E:\xampp\htdocs\mysite\vendor\codeigniter4\framework\system\CodeIgniter.php(390): CodeIgniter\CodeIgniter->startController()
#8 E:\xampp\htdocs\mysite\vendor\codeigniter4\framework\system\CodeIgniter.php(308): CodeIgniter\CodeIgniter->handleRequest(NULL, Object(Config\Cache), false)
#9 E:\xampp\htdocs\mysite\index.php(84): CodeIgniter\CodeIgniter->run()
#10 {main}
CRITICAL - 2020-06-16 07:12:50 --> Declaration of App\Controllers\ApiAuth::delete($id) should be compatible with CodeIgniter\RESTful\ResourceController::delete($id = NULL)
#0 E:\xampp\htdocs\mysite\app\Controllers\ApiAuth.php(7): CodeIgniter\Debug\Exceptions->errorHandler(2, 'Declaration of ...', 'E:\\xampp\\htdocs...', 299, Array)
#1 E:\xampp\htdocs\mysite\vendor\codeigniter4\framework\system\Autoloader\Autoloader.php(365): require_once('E:\\xampp\\htdocs...')
#2 E:\xampp\htdocs\mysite\vendor\codeigniter4\framework\system\Autoloader\Autoloader.php(296): CodeIgniter\Autoloader\Autoloader->requireFile('E:\\xampp\\htdocs...')
#3 E:\xampp\htdocs\mysite\vendor\codeigniter4\framework\system\Autoloader\Autoloader.php(258): CodeIgniter\Autoloader\Autoloader->loadInNamespace('App\\Controllers...')
#4 [internal function]: CodeIgniter\Autoloader\Autoloader->loadClass('App\\Controllers...')
#5 [internal function]: spl_autoload_call('App\\Controllers...')
#6 E:\xampp\htdocs\mysite\vendor\codeigniter4\framework\system\CodeIgniter.php(865): class_exists('\\App\\Controller...', true)
#7 E:\xampp\htdocs\mysite\vendor\codeigniter4\framework\system\CodeIgniter.php(390): CodeIgniter\CodeIgniter->startController()
#8 E:\xampp\htdocs\mysite\vendor\codeigniter4\framework\system\CodeIgniter.php(308): CodeIgniter\CodeIgniter->handleRequest(NULL, Object(Config\Cache), false)
#9 E:\xampp\htdocs\mysite\index.php(84): CodeIgniter\CodeIgniter->run()
#10 {main}
CRITICAL - 2020-06-16 07:13:00 --> syntax error, unexpected end of file, expecting function (T_FUNCTION) or const (T_CONST)
#0 E:\xampp\htdocs\mysite\vendor\codeigniter4\framework\system\Autoloader\Autoloader.php(296): CodeIgniter\Autoloader\Autoloader->requireFile('E:\\xampp\\htdocs...')
#1 E:\xampp\htdocs\mysite\vendor\codeigniter4\framework\system\Autoloader\Autoloader.php(258): CodeIgniter\Autoloader\Autoloader->loadInNamespace('App\\Controllers...')
#2 [internal function]: CodeIgniter\Autoloader\Autoloader->loadClass('App\\Controllers...')
#3 [internal function]: spl_autoload_call('App\\Controllers...')
#4 E:\xampp\htdocs\mysite\vendor\codeigniter4\framework\system\CodeIgniter.php(865): class_exists('\\App\\Controller...', true)
#5 E:\xampp\htdocs\mysite\vendor\codeigniter4\framework\system\CodeIgniter.php(390): CodeIgniter\CodeIgniter->startController()
#6 E:\xampp\htdocs\mysite\vendor\codeigniter4\framework\system\CodeIgniter.php(308): CodeIgniter\CodeIgniter->handleRequest(NULL, Object(Config\Cache), false)
#7 E:\xampp\htdocs\mysite\index.php(84): CodeIgniter\CodeIgniter->run()
#8 {main}
CRITICAL - 2020-06-16 07:13:01 --> syntax error, unexpected end of file, expecting function (T_FUNCTION) or const (T_CONST)
#0 E:\xampp\htdocs\mysite\vendor\codeigniter4\framework\system\Autoloader\Autoloader.php(296): CodeIgniter\Autoloader\Autoloader->requireFile('E:\\xampp\\htdocs...')
#1 E:\xampp\htdocs\mysite\vendor\codeigniter4\framework\system\Autoloader\Autoloader.php(258): CodeIgniter\Autoloader\Autoloader->loadInNamespace('App\\Controllers...')
#2 [internal function]: CodeIgniter\Autoloader\Autoloader->loadClass('App\\Controllers...')
#3 [internal function]: spl_autoload_call('App\\Controllers...')
#4 E:\xampp\htdocs\mysite\vendor\codeigniter4\framework\system\CodeIgniter.php(865): class_exists('\\App\\Controller...', true)
#5 E:\xampp\htdocs\mysite\vendor\codeigniter4\framework\system\CodeIgniter.php(390): CodeIgniter\CodeIgniter->startController()
#6 E:\xampp\htdocs\mysite\vendor\codeigniter4\framework\system\CodeIgniter.php(308): CodeIgniter\CodeIgniter->handleRequest(NULL, Object(Config\Cache), false)
#7 E:\xampp\htdocs\mysite\index.php(84): CodeIgniter\CodeIgniter->run()
#8 {main}
CRITICAL - 2020-06-16 07:39:31 --> Declaration of App\Controllers\ApiAuth::delete($id) should be compatible with CodeIgniter\RESTful\ResourceController::delete($id = NULL)
#0 E:\xampp\htdocs\mysite\app\Controllers\ApiAuth.php(7): CodeIgniter\Debug\Exceptions->errorHandler(2, 'Declaration of ...', 'E:\\xampp\\htdocs...', 298, Array)
#1 E:\xampp\htdocs\mysite\vendor\codeigniter4\framework\system\Autoloader\Autoloader.php(365): require_once('E:\\xampp\\htdocs...')
#2 E:\xampp\htdocs\mysite\vendor\codeigniter4\framework\system\Autoloader\Autoloader.php(296): CodeIgniter\Autoloader\Autoloader->requireFile('E:\\xampp\\htdocs...')
#3 E:\xampp\htdocs\mysite\vendor\codeigniter4\framework\system\Autoloader\Autoloader.php(258): CodeIgniter\Autoloader\Autoloader->loadInNamespace('App\\Controllers...')
#4 [internal function]: CodeIgniter\Autoloader\Autoloader->loadClass('App\\Controllers...')
#5 [internal function]: spl_autoload_call('App\\Controllers...')
#6 E:\xampp\htdocs\mysite\vendor\codeigniter4\framework\system\CodeIgniter.php(865): class_exists('\\App\\Controller...', true)
#7 E:\xampp\htdocs\mysite\vendor\codeigniter4\framework\system\CodeIgniter.php(390): CodeIgniter\CodeIgniter->startController()
#8 E:\xampp\htdocs\mysite\vendor\codeigniter4\framework\system\CodeIgniter.php(308): CodeIgniter\CodeIgniter->handleRequest(NULL, Object(Config\Cache), false)
#9 E:\xampp\htdocs\mysite\index.php(84): CodeIgniter\CodeIgniter->run()
#10 {main}
CRITICAL - 2020-06-16 07:39:32 --> Declaration of App\Controllers\ApiAuth::delete($id) should be compatible with CodeIgniter\RESTful\ResourceController::delete($id = NULL)
#0 E:\xampp\htdocs\mysite\app\Controllers\ApiAuth.php(7): CodeIgniter\Debug\Exceptions->errorHandler(2, 'Declaration of ...', 'E:\\xampp\\htdocs...', 298, Array)
#1 E:\xampp\htdocs\mysite\vendor\codeigniter4\framework\system\Autoloader\Autoloader.php(365): require_once('E:\\xampp\\htdocs...')
#2 E:\xampp\htdocs\mysite\vendor\codeigniter4\framework\system\Autoloader\Autoloader.php(296): CodeIgniter\Autoloader\Autoloader->requireFile('E:\\xampp\\htdocs...')
#3 E:\xampp\htdocs\mysite\vendor\codeigniter4\framework\system\Autoloader\Autoloader.php(258): CodeIgniter\Autoloader\Autoloader->loadInNamespace('App\\Controllers...')
#4 [internal function]: CodeIgniter\Autoloader\Autoloader->loadClass('App\\Controllers...')
#5 [internal function]: spl_autoload_call('App\\Controllers...')
#6 E:\xampp\htdocs\mysite\vendor\codeigniter4\framework\system\CodeIgniter.php(865): class_exists('\\App\\Controller...', true)
#7 E:\xampp\htdocs\mysite\vendor\codeigniter4\framework\system\CodeIgniter.php(390): CodeIgniter\CodeIgniter->startController()
#8 E:\xampp\htdocs\mysite\vendor\codeigniter4\framework\system\CodeIgniter.php(308): CodeIgniter\CodeIgniter->handleRequest(NULL, Object(Config\Cache), false)
#9 E:\xampp\htdocs\mysite\index.php(84): CodeIgniter\CodeIgniter->run()
#10 {main}
CRITICAL - 2020-06-16 07:39:35 --> Declaration of App\Controllers\ApiAuth::delete($id) should be compatible with CodeIgniter\RESTful\ResourceController::delete($id = NULL)
#0 E:\xampp\htdocs\mysite\app\Controllers\ApiAuth.php(7): CodeIgniter\Debug\Exceptions->errorHandler(2, 'Declaration of ...', 'E:\\xampp\\htdocs...', 298, Array)
#1 E:\xampp\htdocs\mysite\vendor\codeigniter4\framework\system\Autoloader\Autoloader.php(365): require_once('E:\\xampp\\htdocs...')
#2 E:\xampp\htdocs\mysite\vendor\codeigniter4\framework\system\Autoloader\Autoloader.php(296): CodeIgniter\Autoloader\Autoloader->requireFile('E:\\xampp\\htdocs...')
#3 E:\xampp\htdocs\mysite\vendor\codeigniter4\framework\system\Autoloader\Autoloader.php(258): CodeIgniter\Autoloader\Autoloader->loadInNamespace('App\\Controllers...')
#4 [internal function]: CodeIgniter\Autoloader\Autoloader->loadClass('App\\Controllers...')
#5 [internal function]: spl_autoload_call('App\\Controllers...')
#6 E:\xampp\htdocs\mysite\vendor\codeigniter4\framework\system\CodeIgniter.php(865): class_exists('\\App\\Controller...', true)
#7 E:\xampp\htdocs\mysite\vendor\codeigniter4\framework\system\CodeIgniter.php(390): CodeIgniter\CodeIgniter->startController()
#8 E:\xampp\htdocs\mysite\vendor\codeigniter4\framework\system\CodeIgniter.php(308): CodeIgniter\CodeIgniter->handleRequest(NULL, Object(Config\Cache), false)
#9 E:\xampp\htdocs\mysite\index.php(84): CodeIgniter\CodeIgniter->run()
#10 {main}
CRITICAL - 2020-06-16 07:39:36 --> Declaration of App\Controllers\ApiAuth::delete($id) should be compatible with CodeIgniter\RESTful\ResourceController::delete($id = NULL)
#0 E:\xampp\htdocs\mysite\app\Controllers\ApiAuth.php(7): CodeIgniter\Debug\Exceptions->errorHandler(2, 'Declaration of ...', 'E:\\xampp\\htdocs...', 298, Array)
#1 E:\xampp\htdocs\mysite\vendor\codeigniter4\framework\system\Autoloader\Autoloader.php(365): require_once('E:\\xampp\\htdocs...')
#2 E:\xampp\htdocs\mysite\vendor\codeigniter4\framework\system\Autoloader\Autoloader.php(296): CodeIgniter\Autoloader\Autoloader->requireFile('E:\\xampp\\htdocs...')
#3 E:\xampp\htdocs\mysite\vendor\codeigniter4\framework\system\Autoloader\Autoloader.php(258): CodeIgniter\Autoloader\Autoloader->loadInNamespace('App\\Controllers...')
#4 [internal function]: CodeIgniter\Autoloader\Autoloader->loadClass('App\\Controllers...')
#5 [internal function]: spl_autoload_call('App\\Controllers...')
#6 E:\xampp\htdocs\mysite\vendor\codeigniter4\framework\system\CodeIgniter.php(865): class_exists('\\App\\Controller...', true)
#7 E:\xampp\htdocs\mysite\vendor\codeigniter4\framework\system\CodeIgniter.php(390): CodeIgniter\CodeIgniter->startController()
#8 E:\xampp\htdocs\mysite\vendor\codeigniter4\framework\system\CodeIgniter.php(308): CodeIgniter\CodeIgniter->handleRequest(NULL, Object(Config\Cache), false)
#9 E:\xampp\htdocs\mysite\index.php(84): CodeIgniter\CodeIgniter->run()
#10 {main}
CRITICAL - 2020-06-16 07:39:58 --> Declaration of App\Controllers\ApiAuth::delete($id) should be compatible with CodeIgniter\RESTful\ResourceController::delete($id = NULL)
#0 E:\xampp\htdocs\mysite\app\Controllers\ApiAuth.php(7): CodeIgniter\Debug\Exceptions->errorHandler(2, 'Declaration of ...', 'E:\\xampp\\htdocs...', 298, Array)
#1 E:\xampp\htdocs\mysite\vendor\codeigniter4\framework\system\Autoloader\Autoloader.php(365): require_once('E:\\xampp\\htdocs...')
#2 E:\xampp\htdocs\mysite\vendor\codeigniter4\framework\system\Autoloader\Autoloader.php(296): CodeIgniter\Autoloader\Autoloader->requireFile('E:\\xampp\\htdocs...')
#3 E:\xampp\htdocs\mysite\vendor\codeigniter4\framework\system\Autoloader\Autoloader.php(258): CodeIgniter\Autoloader\Autoloader->loadInNamespace('App\\Controllers...')
#4 [internal function]: CodeIgniter\Autoloader\Autoloader->loadClass('App\\Controllers...')
#5 [internal function]: spl_autoload_call('App\\Controllers...')
#6 E:\xampp\htdocs\mysite\vendor\codeigniter4\framework\system\CodeIgniter.php(865): class_exists('\\App\\Controller...', true)
#7 E:\xampp\htdocs\mysite\vendor\codeigniter4\framework\system\CodeIgniter.php(390): CodeIgniter\CodeIgniter->startController()
#8 E:\xampp\htdocs\mysite\vendor\codeigniter4\framework\system\CodeIgniter.php(308): CodeIgniter\CodeIgniter->handleRequest(NULL, Object(Config\Cache), false)
#9 E:\xampp\htdocs\mysite\index.php(84): CodeIgniter\CodeIgniter->run()
#10 {main}
CRITICAL - 2020-06-16 07:40:39 --> Declaration of App\Controllers\ApiAuth::delete($id) should be compatible with CodeIgniter\RESTful\ResourceController::delete($id = NULL)
#0 E:\xampp\htdocs\mysite\app\Controllers\ApiAuth.php(7): CodeIgniter\Debug\Exceptions->errorHandler(2, 'Declaration of ...', 'E:\\xampp\\htdocs...', 298, Array)
#1 E:\xampp\htdocs\mysite\vendor\codeigniter4\framework\system\Autoloader\Autoloader.php(365): require_once('E:\\xampp\\htdocs...')
#2 E:\xampp\htdocs\mysite\vendor\codeigniter4\framework\system\Autoloader\Autoloader.php(296): CodeIgniter\Autoloader\Autoloader->requireFile('E:\\xampp\\htdocs...')
#3 E:\xampp\htdocs\mysite\vendor\codeigniter4\framework\system\Autoloader\Autoloader.php(258): CodeIgniter\Autoloader\Autoloader->loadInNamespace('App\\Controllers...')
#4 [internal function]: CodeIgniter\Autoloader\Autoloader->loadClass('App\\Controllers...')
#5 [internal function]: spl_autoload_call('App\\Controllers...')
#6 E:\xampp\htdocs\mysite\vendor\codeigniter4\framework\system\CodeIgniter.php(865): class_exists('\\App\\Controller...', true)
#7 E:\xampp\htdocs\mysite\vendor\codeigniter4\framework\system\CodeIgniter.php(390): CodeIgniter\CodeIgniter->startController()
#8 E:\xampp\htdocs\mysite\vendor\codeigniter4\framework\system\CodeIgniter.php(308): CodeIgniter\CodeIgniter->handleRequest(NULL, Object(Config\Cache), false)
#9 E:\xampp\htdocs\mysite\index.php(84): CodeIgniter\CodeIgniter->run()
#10 {main}
CRITICAL - 2020-06-16 07:40:42 --> Declaration of App\Controllers\ApiAuth::delete($id) should be compatible with CodeIgniter\RESTful\ResourceController::delete($id = NULL)
#0 E:\xampp\htdocs\mysite\app\Controllers\ApiAuth.php(7): CodeIgniter\Debug\Exceptions->errorHandler(2, 'Declaration of ...', 'E:\\xampp\\htdocs...', 298, Array)
#1 E:\xampp\htdocs\mysite\vendor\codeigniter4\framework\system\Autoloader\Autoloader.php(365): require_once('E:\\xampp\\htdocs...')
#2 E:\xampp\htdocs\mysite\vendor\codeigniter4\framework\system\Autoloader\Autoloader.php(296): CodeIgniter\Autoloader\Autoloader->requireFile('E:\\xampp\\htdocs...')
#3 E:\xampp\htdocs\mysite\vendor\codeigniter4\framework\system\Autoloader\Autoloader.php(258): CodeIgniter\Autoloader\Autoloader->loadInNamespace('App\\Controllers...')
#4 [internal function]: CodeIgniter\Autoloader\Autoloader->loadClass('App\\Controllers...')
#5 [internal function]: spl_autoload_call('App\\Controllers...')
#6 E:\xampp\htdocs\mysite\vendor\codeigniter4\framework\system\CodeIgniter.php(865): class_exists('\\App\\Controller...', true)
#7 E:\xampp\htdocs\mysite\vendor\codeigniter4\framework\system\CodeIgniter.php(390): CodeIgniter\CodeIgniter->startController()
#8 E:\xampp\htdocs\mysite\vendor\codeigniter4\framework\system\CodeIgniter.php(308): CodeIgniter\CodeIgniter->handleRequest(NULL, Object(Config\Cache), false)
#9 E:\xampp\htdocs\mysite\index.php(84): CodeIgniter\CodeIgniter->run()
#10 {main}
CRITICAL - 2020-06-16 07:40:54 --> Declaration of App\Controllers\ApiAuth::delete($id) should be compatible with CodeIgniter\RESTful\ResourceController::delete($id = NULL)
#0 E:\xampp\htdocs\mysite\app\Controllers\ApiAuth.php(7): CodeIgniter\Debug\Exceptions->errorHandler(2, 'Declaration of ...', 'E:\\xampp\\htdocs...', 298, Array)
#1 E:\xampp\htdocs\mysite\vendor\codeigniter4\framework\system\Autoloader\Autoloader.php(365): require_once('E:\\xampp\\htdocs...')
#2 E:\xampp\htdocs\mysite\vendor\codeigniter4\framework\system\Autoloader\Autoloader.php(296): CodeIgniter\Autoloader\Autoloader->requireFile('E:\\xampp\\htdocs...')
#3 E:\xampp\htdocs\mysite\vendor\codeigniter4\framework\system\Autoloader\Autoloader.php(258): CodeIgniter\Autoloader\Autoloader->loadInNamespace('App\\Controllers...')
#4 [internal function]: CodeIgniter\Autoloader\Autoloader->loadClass('App\\Controllers...')
#5 [internal function]: spl_autoload_call('App\\Controllers...')
#6 E:\xampp\htdocs\mysite\vendor\codeigniter4\framework\system\CodeIgniter.php(865): class_exists('\\App\\Controller...', true)
#7 E:\xampp\htdocs\mysite\vendor\codeigniter4\framework\system\CodeIgniter.php(390): CodeIgniter\CodeIgniter->startController()
#8 E:\xampp\htdocs\mysite\vendor\codeigniter4\framework\system\CodeIgniter.php(308): CodeIgniter\CodeIgniter->handleRequest(NULL, Object(Config\Cache), false)
#9 E:\xampp\htdocs\mysite\index.php(84): CodeIgniter\CodeIgniter->run()
#10 {main}
CRITICAL - 2020-06-16 07:41:19 --> Declaration of App\Controllers\ApiAuth::delete($id) should be compatible with CodeIgniter\RESTful\ResourceController::delete($id = NULL)
#0 E:\xampp\htdocs\mysite\app\Controllers\ApiAuth.php(7): CodeIgniter\Debug\Exceptions->errorHandler(2, 'Declaration of ...', 'E:\\xampp\\htdocs...', 298, Array)
#1 E:\xampp\htdocs\mysite\vendor\codeigniter4\framework\system\Autoloader\Autoloader.php(365): require_once('E:\\xampp\\htdocs...')
#2 E:\xampp\htdocs\mysite\vendor\codeigniter4\framework\system\Autoloader\Autoloader.php(296): CodeIgniter\Autoloader\Autoloader->requireFile('E:\\xampp\\htdocs...')
#3 E:\xampp\htdocs\mysite\vendor\codeigniter4\framework\system\Autoloader\Autoloader.php(258): CodeIgniter\Autoloader\Autoloader->loadInNamespace('App\\Controllers...')
#4 [internal function]: CodeIgniter\Autoloader\Autoloader->loadClass('App\\Controllers...')
#5 [internal function]: spl_autoload_call('App\\Controllers...')
#6 E:\xampp\htdocs\mysite\vendor\codeigniter4\framework\system\CodeIgniter.php(865): class_exists('\\App\\Controller...', true)
#7 E:\xampp\htdocs\mysite\vendor\codeigniter4\framework\system\CodeIgniter.php(390): CodeIgniter\CodeIgniter->startController()
#8 E:\xampp\htdocs\mysite\vendor\codeigniter4\framework\system\CodeIgniter.php(308): CodeIgniter\CodeIgniter->handleRequest(NULL, Object(Config\Cache), false)
#9 E:\xampp\htdocs\mysite\index.php(84): CodeIgniter\CodeIgniter->run()
#10 {main}
CRITICAL - 2020-06-16 07:44:15 --> Declaration of App\Controllers\ApiAuth::delete($id) should be compatible with CodeIgniter\RESTful\ResourceController::delete($id = NULL)
#0 E:\xampp\htdocs\mysite\app\Controllers\ApiAuth.php(7): CodeIgniter\Debug\Exceptions->errorHandler(2, 'Declaration of ...', 'E:\\xampp\\htdocs...', 298, Array)
#1 E:\xampp\htdocs\mysite\vendor\codeigniter4\framework\system\Autoloader\Autoloader.php(365): require_once('E:\\xampp\\htdocs...')
#2 E:\xampp\htdocs\mysite\vendor\codeigniter4\framework\system\Autoloader\Autoloader.php(296): CodeIgniter\Autoloader\Autoloader->requireFile('E:\\xampp\\htdocs...')
#3 E:\xampp\htdocs\mysite\vendor\codeigniter4\framework\system\Autoloader\Autoloader.php(258): CodeIgniter\Autoloader\Autoloader->loadInNamespace('App\\Controllers...')
#4 [internal function]: CodeIgniter\Autoloader\Autoloader->loadClass('App\\Controllers...')
#5 [internal function]: spl_autoload_call('App\\Controllers...')
#6 E:\xampp\htdocs\mysite\vendor\codeigniter4\framework\system\CodeIgniter.php(865): class_exists('\\App\\Controller...', true)
#7 E:\xampp\htdocs\mysite\vendor\codeigniter4\framework\system\CodeIgniter.php(390): CodeIgniter\CodeIgniter->startController()
#8 E:\xampp\htdocs\mysite\vendor\codeigniter4\framework\system\CodeIgniter.php(308): CodeIgniter\CodeIgniter->handleRequest(NULL, Object(Config\Cache), false)
#9 E:\xampp\htdocs\mysite\index.php(84): CodeIgniter\CodeIgniter->run()
#10 {main}
CRITICAL - 2020-06-16 07:44:27 --> Declaration of App\Controllers\ApiAuth::delete($id) should be compatible with CodeIgniter\RESTful\ResourceController::delete($id = NULL)
#0 E:\xampp\htdocs\mysite\app\Controllers\ApiAuth.php(7): CodeIgniter\Debug\Exceptions->errorHandler(2, 'Declaration of ...', 'E:\\xampp\\htdocs...', 298, Array)
#1 E:\xampp\htdocs\mysite\vendor\codeigniter4\framework\system\Autoloader\Autoloader.php(365): require_once('E:\\xampp\\htdocs...')
#2 E:\xampp\htdocs\mysite\vendor\codeigniter4\framework\system\Autoloader\Autoloader.php(296): CodeIgniter\Autoloader\Autoloader->requireFile('E:\\xampp\\htdocs...')
#3 E:\xampp\htdocs\mysite\vendor\codeigniter4\framework\system\Autoloader\Autoloader.php(258): CodeIgniter\Autoloader\Autoloader->loadInNamespace('App\\Controllers...')
#4 [internal function]: CodeIgniter\Autoloader\Autoloader->loadClass('App\\Controllers...')
#5 [internal function]: spl_autoload_call('App\\Controllers...')
#6 E:\xampp\htdocs\mysite\vendor\codeigniter4\framework\system\CodeIgniter.php(865): class_exists('\\App\\Controller...', true)
#7 E:\xampp\htdocs\mysite\vendor\codeigniter4\framework\system\CodeIgniter.php(390): CodeIgniter\CodeIgniter->startController()
#8 E:\xampp\htdocs\mysite\vendor\codeigniter4\framework\system\CodeIgniter.php(308): CodeIgniter\CodeIgniter->handleRequest(NULL, Object(Config\Cache), false)
#9 E:\xampp\htdocs\mysite\index.php(84): CodeIgniter\CodeIgniter->run()
#10 {main}
CRITICAL - 2020-06-16 07:44:50 --> Call to a member function where() on null
#0 E:\xampp\htdocs\mysite\vendor\codeigniter4\framework\system\CodeIgniter.php(914): App\Controllers\ApiAuth->delete()
#1 E:\xampp\htdocs\mysite\vendor\codeigniter4\framework\system\CodeIgniter.php(400): CodeIgniter\CodeIgniter->runController(Object(App\Controllers\ApiAuth))
#2 E:\xampp\htdocs\mysite\vendor\codeigniter4\framework\system\CodeIgniter.php(308): CodeIgniter\CodeIgniter->handleRequest(NULL, Object(Config\Cache), false)
#3 E:\xampp\htdocs\mysite\index.php(84): CodeIgniter\CodeIgniter->run()
#4 {main}
CRITICAL - 2020-06-16 07:45:58 --> Call to a member function where() on null
#0 E:\xampp\htdocs\mysite\vendor\codeigniter4\framework\system\CodeIgniter.php(914): App\Controllers\ApiAuth->delete()
#1 E:\xampp\htdocs\mysite\vendor\codeigniter4\framework\system\CodeIgniter.php(400): CodeIgniter\CodeIgniter->runController(Object(App\Controllers\ApiAuth))
#2 E:\xampp\htdocs\mysite\vendor\codeigniter4\framework\system\CodeIgniter.php(308): CodeIgniter\CodeIgniter->handleRequest(NULL, Object(Config\Cache), false)
#3 E:\xampp\htdocs\mysite\index.php(84): CodeIgniter\CodeIgniter->run()
#4 {main}
CRITICAL - 2020-06-16 07:46:25 --> Call to a member function where() on null
#0 E:\xampp\htdocs\mysite\vendor\codeigniter4\framework\system\CodeIgniter.php(914): App\Controllers\ApiAuth->delete()
#1 E:\xampp\htdocs\mysite\vendor\codeigniter4\framework\system\CodeIgniter.php(400): CodeIgniter\CodeIgniter->runController(Object(App\Controllers\ApiAuth))
#2 E:\xampp\htdocs\mysite\vendor\codeigniter4\framework\system\CodeIgniter.php(308): CodeIgniter\CodeIgniter->handleRequest(NULL, Object(Config\Cache), false)
#3 E:\xampp\htdocs\mysite\index.php(84): CodeIgniter\CodeIgniter->run()
#4 {main}
CRITICAL - 2020-06-16 07:46:52 --> Declaration of App\Controllers\ApiAuth::delete($id) should be compatible with CodeIgniter\RESTful\ResourceController::delete($id = NULL)
#0 E:\xampp\htdocs\mysite\app\Controllers\ApiAuth.php(7): CodeIgniter\Debug\Exceptions->errorHandler(2, 'Declaration of ...', 'E:\\xampp\\htdocs...', 298, Array)
#1 E:\xampp\htdocs\mysite\vendor\codeigniter4\framework\system\Autoloader\Autoloader.php(365): require_once('E:\\xampp\\htdocs...')
#2 E:\xampp\htdocs\mysite\vendor\codeigniter4\framework\system\Autoloader\Autoloader.php(296): CodeIgniter\Autoloader\Autoloader->requireFile('E:\\xampp\\htdocs...')
#3 E:\xampp\htdocs\mysite\vendor\codeigniter4\framework\system\Autoloader\Autoloader.php(258): CodeIgniter\Autoloader\Autoloader->loadInNamespace('App\\Controllers...')
#4 [internal function]: CodeIgniter\Autoloader\Autoloader->loadClass('App\\Controllers...')
#5 [internal function]: spl_autoload_call('App\\Controllers...')
#6 E:\xampp\htdocs\mysite\vendor\codeigniter4\framework\system\CodeIgniter.php(865): class_exists('\\App\\Controller...', true)
#7 E:\xampp\htdocs\mysite\vendor\codeigniter4\framework\system\CodeIgniter.php(390): CodeIgniter\CodeIgniter->startController()
#8 E:\xampp\htdocs\mysite\vendor\codeigniter4\framework\system\CodeIgniter.php(308): CodeIgniter\CodeIgniter->handleRequest(NULL, Object(Config\Cache), false)
#9 E:\xampp\htdocs\mysite\index.php(84): CodeIgniter\CodeIgniter->run()
#10 {main}
CRITICAL - 2020-06-16 07:47:38 --> Declaration of App\Controllers\ApiAuth::delete($id) should be compatible with CodeIgniter\RESTful\ResourceController::delete($id = NULL)
#0 E:\xampp\htdocs\mysite\app\Controllers\ApiAuth.php(7): CodeIgniter\Debug\Exceptions->errorHandler(2, 'Declaration of ...', 'E:\\xampp\\htdocs...', 298, Array)
#1 E:\xampp\htdocs\mysite\vendor\codeigniter4\framework\system\Autoloader\Autoloader.php(365): require_once('E:\\xampp\\htdocs...')
#2 E:\xampp\htdocs\mysite\vendor\codeigniter4\framework\system\Autoloader\Autoloader.php(296): CodeIgniter\Autoloader\Autoloader->requireFile('E:\\xampp\\htdocs...')
#3 E:\xampp\htdocs\mysite\vendor\codeigniter4\framework\system\Autoloader\Autoloader.php(258): CodeIgniter\Autoloader\Autoloader->loadInNamespace('App\\Controllers...')
#4 [internal function]: CodeIgniter\Autoloader\Autoloader->loadClass('App\\Controllers...')
#5 [internal function]: spl_autoload_call('App\\Controllers...')
#6 E:\xampp\htdocs\mysite\vendor\codeigniter4\framework\system\CodeIgniter.php(865): class_exists('\\App\\Controller...', true)
#7 E:\xampp\htdocs\mysite\vendor\codeigniter4\framework\system\CodeIgniter.php(390): CodeIgniter\CodeIgniter->startController()
#8 E:\xampp\htdocs\mysite\vendor\codeigniter4\framework\system\CodeIgniter.php(308): CodeIgniter\CodeIgniter->handleRequest(NULL, Object(Config\Cache), false)
#9 E:\xampp\htdocs\mysite\index.php(84): CodeIgniter\CodeIgniter->run()
#10 {main}
CRITICAL - 2020-06-16 07:48:26 --> Declaration of App\Controllers\ApiAuth::delete($id) should be compatible with CodeIgniter\RESTful\ResourceController::delete($id = NULL)
#0 E:\xampp\htdocs\mysite\app\Controllers\ApiAuth.php(7): CodeIgniter\Debug\Exceptions->errorHandler(2, 'Declaration of ...', 'E:\\xampp\\htdocs...', 298, Array)
#1 E:\xampp\htdocs\mysite\vendor\codeigniter4\framework\system\Autoloader\Autoloader.php(365): require_once('E:\\xampp\\htdocs...')
#2 E:\xampp\htdocs\mysite\vendor\codeigniter4\framework\system\Autoloader\Autoloader.php(296): CodeIgniter\Autoloader\Autoloader->requireFile('E:\\xampp\\htdocs...')
#3 E:\xampp\htdocs\mysite\vendor\codeigniter4\framework\system\Autoloader\Autoloader.php(258): CodeIgniter\Autoloader\Autoloader->loadInNamespace('App\\Controllers...')
#4 [internal function]: CodeIgniter\Autoloader\Autoloader->loadClass('App\\Controllers...')
#5 [internal function]: spl_autoload_call('App\\Controllers...')
#6 E:\xampp\htdocs\mysite\vendor\codeigniter4\framework\system\CodeIgniter.php(865): class_exists('\\App\\Controller...', true)
#7 E:\xampp\htdocs\mysite\vendor\codeigniter4\framework\system\CodeIgniter.php(390): CodeIgniter\CodeIgniter->startController()
#8 E:\xampp\htdocs\mysite\vendor\codeigniter4\framework\system\CodeIgniter.php(308): CodeIgniter\CodeIgniter->handleRequest(NULL, Object(Config\Cache), false)
#9 E:\xampp\htdocs\mysite\index.php(84): CodeIgniter\CodeIgniter->run()
#10 {main}
