CRITICAL - 2021-09-06 00:49:18 --> syntax error, unexpected 'public' (T_PUBLIC)
#0 F:\xampp\htdocs\policy-master-updated\vendor\codeigniter4\framework\system\Router\Router.php(192): CodeIgniter\Router\Router->autoRoute('/export/managec...')
#1 F:\xampp\htdocs\policy-master-updated\vendor\codeigniter4\framework\system\CodeIgniter.php(789): CodeIgniter\Router\Router->handle('/export/managec...')
#2 F:\xampp\htdocs\policy-master-updated\vendor\codeigniter4\framework\system\CodeIgniter.php(360): CodeIgniter\CodeIgniter->tryToRouteIt(Object(CodeIgniter\Router\RouteCollection))
#3 F:\xampp\htdocs\policy-master-updated\vendor\codeigniter4\framework\system\CodeIgniter.php(308): CodeIgniter\CodeIgniter->handleRequest(NULL, Object(Config\Cache), false)
#4 F:\xampp\htdocs\policy-master-updated\index.php(84): CodeIgniter\CodeIgniter->run()
#5 {main}
CRITICAL - 2021-09-06 00:51:54 --> Undefined index: premium
#0 F:\xampp\htdocs\policy-master-updated\app\Controllers\Export.php(1659): CodeIgniter\Debug\Exceptions->errorHandler(8, 'Undefined index...', 'F:\\xampp\\htdocs...', 1659, Array)
#1 F:\xampp\htdocs\policy-master-updated\vendor\codeigniter4\framework\system\CodeIgniter.php(914): App\Controllers\Export->risknote('1')
#2 F:\xampp\htdocs\policy-master-updated\vendor\codeigniter4\framework\system\CodeIgniter.php(400): CodeIgniter\CodeIgniter->runController(Object(App\Controllers\Export))
#3 F:\xampp\htdocs\policy-master-updated\vendor\codeigniter4\framework\system\CodeIgniter.php(308): CodeIgniter\CodeIgniter->handleRequest(NULL, Object(Config\Cache), false)
#4 F:\xampp\htdocs\policy-master-updated\index.php(84): CodeIgniter\CodeIgniter->run()
#5 {main}
CRITICAL - 2021-09-06 00:52:00 --> Undefined index: premium
#0 F:\xampp\htdocs\policy-master-updated\app\Controllers\Export.php(794): CodeIgniter\Debug\Exceptions->errorHandler(8, 'Undefined index...', 'F:\\xampp\\htdocs...', 794, Array)
#1 F:\xampp\htdocs\policy-master-updated\vendor\codeigniter4\framework\system\CodeIgniter.php(914): App\Controllers\Export->quotation('4')
#2 F:\xampp\htdocs\policy-master-updated\vendor\codeigniter4\framework\system\CodeIgniter.php(400): CodeIgniter\CodeIgniter->runController(Object(App\Controllers\Export))
#3 F:\xampp\htdocs\policy-master-updated\vendor\codeigniter4\framework\system\CodeIgniter.php(308): CodeIgniter\CodeIgniter->handleRequest(NULL, Object(Config\Cache), false)
#4 F:\xampp\htdocs\policy-master-updated\index.php(84): CodeIgniter\CodeIgniter->run()
#5 {main}
CRITICAL - 2021-09-06 00:54:19 --> Undefined index: premium
#0 F:\xampp\htdocs\policy-master-updated\app\Controllers\Export.php(1659): CodeIgniter\Debug\Exceptions->errorHandler(8, 'Undefined index...', 'F:\\xampp\\htdocs...', 1659, Array)
#1 F:\xampp\htdocs\policy-master-updated\vendor\codeigniter4\framework\system\CodeIgniter.php(914): App\Controllers\Export->risknote('1')
#2 F:\xampp\htdocs\policy-master-updated\vendor\codeigniter4\framework\system\CodeIgniter.php(400): CodeIgniter\CodeIgniter->runController(Object(App\Controllers\Export))
#3 F:\xampp\htdocs\policy-master-updated\vendor\codeigniter4\framework\system\CodeIgniter.php(308): CodeIgniter\CodeIgniter->handleRequest(NULL, Object(Config\Cache), false)
#4 F:\xampp\htdocs\policy-master-updated\index.php(84): CodeIgniter\CodeIgniter->run()
#5 {main}
CRITICAL - 2021-09-06 00:55:12 --> A non-numeric value encountered
#0 F:\xampp\htdocs\policy-master-updated\app\Controllers\Export.php(1693): CodeIgniter\Debug\Exceptions->errorHandler(2, 'A non-numeric v...', 'F:\\xampp\\htdocs...', 1693, Array)
#1 F:\xampp\htdocs\policy-master-updated\vendor\codeigniter4\framework\system\CodeIgniter.php(914): App\Controllers\Export->risknote('1')
#2 F:\xampp\htdocs\policy-master-updated\vendor\codeigniter4\framework\system\CodeIgniter.php(400): CodeIgniter\CodeIgniter->runController(Object(App\Controllers\Export))
#3 F:\xampp\htdocs\policy-master-updated\vendor\codeigniter4\framework\system\CodeIgniter.php(308): CodeIgniter\CodeIgniter->handleRequest(NULL, Object(Config\Cache), false)
#4 F:\xampp\htdocs\policy-master-updated\index.php(84): CodeIgniter\CodeIgniter->run()
#5 {main}
CRITICAL - 2021-09-06 00:57:12 --> syntax error, unexpected ')'
#0 F:\xampp\htdocs\policy-master-updated\vendor\codeigniter4\framework\system\Router\Router.php(192): CodeIgniter\Router\Router->autoRoute('/export/risknot...')
#1 F:\xampp\htdocs\policy-master-updated\vendor\codeigniter4\framework\system\CodeIgniter.php(789): CodeIgniter\Router\Router->handle('/export/risknot...')
#2 F:\xampp\htdocs\policy-master-updated\vendor\codeigniter4\framework\system\CodeIgniter.php(360): CodeIgniter\CodeIgniter->tryToRouteIt(Object(CodeIgniter\Router\RouteCollection))
#3 F:\xampp\htdocs\policy-master-updated\vendor\codeigniter4\framework\system\CodeIgniter.php(308): CodeIgniter\CodeIgniter->handleRequest(NULL, Object(Config\Cache), false)
#4 F:\xampp\htdocs\policy-master-updated\index.php(84): CodeIgniter\CodeIgniter->run()
#5 {main}
CRITICAL - 2021-09-06 00:57:25 --> syntax error, unexpected '.'
#0 F:\xampp\htdocs\policy-master-updated\vendor\codeigniter4\framework\system\Router\Router.php(192): CodeIgniter\Router\Router->autoRoute('/export/risknot...')
#1 F:\xampp\htdocs\policy-master-updated\vendor\codeigniter4\framework\system\CodeIgniter.php(789): CodeIgniter\Router\Router->handle('/export/risknot...')
#2 F:\xampp\htdocs\policy-master-updated\vendor\codeigniter4\framework\system\CodeIgniter.php(360): CodeIgniter\CodeIgniter->tryToRouteIt(Object(CodeIgniter\Router\RouteCollection))
#3 F:\xampp\htdocs\policy-master-updated\vendor\codeigniter4\framework\system\CodeIgniter.php(308): CodeIgniter\CodeIgniter->handleRequest(NULL, Object(Config\Cache), false)
#4 F:\xampp\htdocs\policy-master-updated\index.php(84): CodeIgniter\CodeIgniter->run()
#5 {main}
CRITICAL - 2021-09-06 00:58:56 --> Unknown column 'quot_id' in 'where clause'
#0 F:\xampp\htdocs\policy-master-updated\vendor\codeigniter4\framework\system\Database\MySQLi\Connection.php(331): mysqli->query('SELECT *\nFROM `...')
#1 F:\xampp\htdocs\policy-master-updated\vendor\codeigniter4\framework\system\Database\BaseConnection.php(738): CodeIgniter\Database\MySQLi\Connection->execute('SELECT *\nFROM `...')
#2 F:\xampp\htdocs\policy-master-updated\vendor\codeigniter4\framework\system\Database\BaseConnection.php(666): CodeIgniter\Database\BaseConnection->simpleQuery('SELECT *\nFROM `...')
#3 F:\xampp\htdocs\policy-master-updated\vendor\codeigniter4\framework\system\Database\BaseBuilder.php(2004): CodeIgniter\Database\BaseConnection->query('SELECT *\nFROM `...', Array, false)
#4 F:\xampp\htdocs\policy-master-updated\app\Controllers\Export.php(1641): CodeIgniter\Database\BaseBuilder->getWhere(Array)
#5 F:\xampp\htdocs\policy-master-updated\vendor\codeigniter4\framework\system\CodeIgniter.php(914): App\Controllers\Export->risknote('2')
#6 F:\xampp\htdocs\policy-master-updated\vendor\codeigniter4\framework\system\CodeIgniter.php(400): CodeIgniter\CodeIgniter->runController(Object(App\Controllers\Export))
#7 F:\xampp\htdocs\policy-master-updated\vendor\codeigniter4\framework\system\CodeIgniter.php(308): CodeIgniter\CodeIgniter->handleRequest(NULL, Object(Config\Cache), false)
#8 F:\xampp\htdocs\policy-master-updated\index.php(84): CodeIgniter\CodeIgniter->run()
#9 {main}
CRITICAL - 2021-09-06 01:05:08 --> syntax error, unexpected '$'
#0 F:\xampp\htdocs\policy-master-updated\vendor\codeigniter4\framework\system\Router\Router.php(192): CodeIgniter\Router\Router->autoRoute('/export/risknot...')
#1 F:\xampp\htdocs\policy-master-updated\vendor\codeigniter4\framework\system\CodeIgniter.php(789): CodeIgniter\Router\Router->handle('/export/risknot...')
#2 F:\xampp\htdocs\policy-master-updated\vendor\codeigniter4\framework\system\CodeIgniter.php(360): CodeIgniter\CodeIgniter->tryToRouteIt(Object(CodeIgniter\Router\RouteCollection))
#3 F:\xampp\htdocs\policy-master-updated\vendor\codeigniter4\framework\system\CodeIgniter.php(308): CodeIgniter\CodeIgniter->handleRequest(NULL, Object(Config\Cache), false)
#4 F:\xampp\htdocs\policy-master-updated\index.php(84): CodeIgniter\CodeIgniter->run()
#5 {main}
CRITICAL - 2021-09-06 01:05:17 --> Undefined offset: 0
#0 F:\xampp\htdocs\policy-master-updated\public\mpdf\mpdf\mpdf\src\Tag\Table.php(524): CodeIgniter\Debug\Exceptions->errorHandler(8, 'Undefined offse...', 'F:\\xampp\\htdocs...', 524, Array)
#1 F:\xampp\htdocs\policy-master-updated\public\mpdf\mpdf\mpdf\src\Tag.php(250): Mpdf\Tag\Table->close(Array, 7)
#2 F:\xampp\htdocs\policy-master-updated\public\mpdf\mpdf\mpdf\src\Mpdf.php(13662): Mpdf\Tag->CloseTag('TABLE', Array, 7)
#3 F:\xampp\htdocs\policy-master-updated\app\Controllers\Export.php(1777): Mpdf\Mpdf->WriteHTML('</p></td> </tr>...')
#4 F:\xampp\htdocs\policy-master-updated\vendor\codeigniter4\framework\system\CodeIgniter.php(914): App\Controllers\Export->risknote('1')
#5 F:\xampp\htdocs\policy-master-updated\vendor\codeigniter4\framework\system\CodeIgniter.php(400): CodeIgniter\CodeIgniter->runController(Object(App\Controllers\Export))
#6 F:\xampp\htdocs\policy-master-updated\vendor\codeigniter4\framework\system\CodeIgniter.php(308): CodeIgniter\CodeIgniter->handleRequest(NULL, Object(Config\Cache), false)
#7 F:\xampp\htdocs\policy-master-updated\index.php(84): CodeIgniter\CodeIgniter->run()
#8 {main}
CRITICAL - 2021-09-06 01:05:38 --> Undefined offset: 0
#0 F:\xampp\htdocs\policy-master-updated\public\mpdf\mpdf\mpdf\src\Tag\Table.php(524): CodeIgniter\Debug\Exceptions->errorHandler(8, 'Undefined offse...', 'F:\\xampp\\htdocs...', 524, Array)
#1 F:\xampp\htdocs\policy-master-updated\public\mpdf\mpdf\mpdf\src\Tag.php(250): Mpdf\Tag\Table->close(Array, 7)
#2 F:\xampp\htdocs\policy-master-updated\public\mpdf\mpdf\mpdf\src\Mpdf.php(13662): Mpdf\Tag->CloseTag('TABLE', Array, 7)
#3 F:\xampp\htdocs\policy-master-updated\app\Controllers\Export.php(1777): Mpdf\Mpdf->WriteHTML('</p></td> </tr>...')
#4 F:\xampp\htdocs\policy-master-updated\vendor\codeigniter4\framework\system\CodeIgniter.php(914): App\Controllers\Export->risknote('1')
#5 F:\xampp\htdocs\policy-master-updated\vendor\codeigniter4\framework\system\CodeIgniter.php(400): CodeIgniter\CodeIgniter->runController(Object(App\Controllers\Export))
#6 F:\xampp\htdocs\policy-master-updated\vendor\codeigniter4\framework\system\CodeIgniter.php(308): CodeIgniter\CodeIgniter->handleRequest(NULL, Object(Config\Cache), false)
#7 F:\xampp\htdocs\policy-master-updated\index.php(84): CodeIgniter\CodeIgniter->run()
#8 {main}
CRITICAL - 2021-09-06 01:07:40 --> Undefined offset: 0
#0 F:\xampp\htdocs\policy-master-updated\public\mpdf\mpdf\mpdf\src\Tag\Table.php(524): CodeIgniter\Debug\Exceptions->errorHandler(8, 'Undefined offse...', 'F:\\xampp\\htdocs...', 524, Array)
#1 F:\xampp\htdocs\policy-master-updated\public\mpdf\mpdf\mpdf\src\Tag.php(250): Mpdf\Tag\Table->close(Array, 7)
#2 F:\xampp\htdocs\policy-master-updated\public\mpdf\mpdf\mpdf\src\Mpdf.php(13662): Mpdf\Tag->CloseTag('TABLE', Array, 7)
#3 F:\xampp\htdocs\policy-master-updated\app\Controllers\Export.php(1777): Mpdf\Mpdf->WriteHTML('</p></td> </tr>...')
#4 F:\xampp\htdocs\policy-master-updated\vendor\codeigniter4\framework\system\CodeIgniter.php(914): App\Controllers\Export->risknote('1')
#5 F:\xampp\htdocs\policy-master-updated\vendor\codeigniter4\framework\system\CodeIgniter.php(400): CodeIgniter\CodeIgniter->runController(Object(App\Controllers\Export))
#6 F:\xampp\htdocs\policy-master-updated\vendor\codeigniter4\framework\system\CodeIgniter.php(308): CodeIgniter\CodeIgniter->handleRequest(NULL, Object(Config\Cache), false)
#7 F:\xampp\htdocs\policy-master-updated\index.php(84): CodeIgniter\CodeIgniter->run()
#8 {main}
CRITICAL - 2021-09-06 01:07:42 --> Undefined offset: 0
#0 F:\xampp\htdocs\policy-master-updated\public\mpdf\mpdf\mpdf\src\Tag\Table.php(524): CodeIgniter\Debug\Exceptions->errorHandler(8, 'Undefined offse...', 'F:\\xampp\\htdocs...', 524, Array)
#1 F:\xampp\htdocs\policy-master-updated\public\mpdf\mpdf\mpdf\src\Tag.php(250): Mpdf\Tag\Table->close(Array, 7)
#2 F:\xampp\htdocs\policy-master-updated\public\mpdf\mpdf\mpdf\src\Mpdf.php(13662): Mpdf\Tag->CloseTag('TABLE', Array, 7)
#3 F:\xampp\htdocs\policy-master-updated\app\Controllers\Export.php(1777): Mpdf\Mpdf->WriteHTML('</p></td> </tr>...')
#4 F:\xampp\htdocs\policy-master-updated\vendor\codeigniter4\framework\system\CodeIgniter.php(914): App\Controllers\Export->risknote('1')
#5 F:\xampp\htdocs\policy-master-updated\vendor\codeigniter4\framework\system\CodeIgniter.php(400): CodeIgniter\CodeIgniter->runController(Object(App\Controllers\Export))
#6 F:\xampp\htdocs\policy-master-updated\vendor\codeigniter4\framework\system\CodeIgniter.php(308): CodeIgniter\CodeIgniter->handleRequest(NULL, Object(Config\Cache), false)
#7 F:\xampp\htdocs\policy-master-updated\index.php(84): CodeIgniter\CodeIgniter->run()
#8 {main}
CRITICAL - 2021-09-06 01:07:43 --> Undefined offset: 0
#0 F:\xampp\htdocs\policy-master-updated\public\mpdf\mpdf\mpdf\src\Tag\Table.php(524): CodeIgniter\Debug\Exceptions->errorHandler(8, 'Undefined offse...', 'F:\\xampp\\htdocs...', 524, Array)
#1 F:\xampp\htdocs\policy-master-updated\public\mpdf\mpdf\mpdf\src\Tag.php(250): Mpdf\Tag\Table->close(Array, 7)
#2 F:\xampp\htdocs\policy-master-updated\public\mpdf\mpdf\mpdf\src\Mpdf.php(13662): Mpdf\Tag->CloseTag('TABLE', Array, 7)
#3 F:\xampp\htdocs\policy-master-updated\app\Controllers\Export.php(1777): Mpdf\Mpdf->WriteHTML('</p></td> </tr>...')
#4 F:\xampp\htdocs\policy-master-updated\vendor\codeigniter4\framework\system\CodeIgniter.php(914): App\Controllers\Export->risknote('1')
#5 F:\xampp\htdocs\policy-master-updated\vendor\codeigniter4\framework\system\CodeIgniter.php(400): CodeIgniter\CodeIgniter->runController(Object(App\Controllers\Export))
#6 F:\xampp\htdocs\policy-master-updated\vendor\codeigniter4\framework\system\CodeIgniter.php(308): CodeIgniter\CodeIgniter->handleRequest(NULL, Object(Config\Cache), false)
#7 F:\xampp\htdocs\policy-master-updated\index.php(84): CodeIgniter\CodeIgniter->run()
#8 {main}
CRITICAL - 2021-09-06 01:07:49 --> Unknown column 'quot_id' in 'where clause'
#0 F:\xampp\htdocs\policy-master-updated\vendor\codeigniter4\framework\system\Database\MySQLi\Connection.php(331): mysqli->query('SELECT *\nFROM `...')
#1 F:\xampp\htdocs\policy-master-updated\vendor\codeigniter4\framework\system\Database\BaseConnection.php(738): CodeIgniter\Database\MySQLi\Connection->execute('SELECT *\nFROM `...')
#2 F:\xampp\htdocs\policy-master-updated\vendor\codeigniter4\framework\system\Database\BaseConnection.php(666): CodeIgniter\Database\BaseConnection->simpleQuery('SELECT *\nFROM `...')
#3 F:\xampp\htdocs\policy-master-updated\vendor\codeigniter4\framework\system\Database\BaseBuilder.php(2004): CodeIgniter\Database\BaseConnection->query('SELECT *\nFROM `...', Array, false)
#4 F:\xampp\htdocs\policy-master-updated\app\Controllers\Export.php(1641): CodeIgniter\Database\BaseBuilder->getWhere(Array)
#5 F:\xampp\htdocs\policy-master-updated\vendor\codeigniter4\framework\system\CodeIgniter.php(914): App\Controllers\Export->risknote('2')
#6 F:\xampp\htdocs\policy-master-updated\vendor\codeigniter4\framework\system\CodeIgniter.php(400): CodeIgniter\CodeIgniter->runController(Object(App\Controllers\Export))
#7 F:\xampp\htdocs\policy-master-updated\vendor\codeigniter4\framework\system\CodeIgniter.php(308): CodeIgniter\CodeIgniter->handleRequest(NULL, Object(Config\Cache), false)
#8 F:\xampp\htdocs\policy-master-updated\index.php(84): CodeIgniter\CodeIgniter->run()
#9 {main}
CRITICAL - 2021-09-06 01:09:12 --> Unknown column 'quot_id' in 'where clause'
#0 F:\xampp\htdocs\policy-master-updated\vendor\codeigniter4\framework\system\Database\MySQLi\Connection.php(331): mysqli->query('SELECT *\nFROM `...')
#1 F:\xampp\htdocs\policy-master-updated\vendor\codeigniter4\framework\system\Database\BaseConnection.php(738): CodeIgniter\Database\MySQLi\Connection->execute('SELECT *\nFROM `...')
#2 F:\xampp\htdocs\policy-master-updated\vendor\codeigniter4\framework\system\Database\BaseConnection.php(666): CodeIgniter\Database\BaseConnection->simpleQuery('SELECT *\nFROM `...')
#3 F:\xampp\htdocs\policy-master-updated\vendor\codeigniter4\framework\system\Database\BaseBuilder.php(2004): CodeIgniter\Database\BaseConnection->query('SELECT *\nFROM `...', Array, false)
#4 F:\xampp\htdocs\policy-master-updated\app\Controllers\Export.php(1641): CodeIgniter\Database\BaseBuilder->getWhere(Array)
#5 F:\xampp\htdocs\policy-master-updated\vendor\codeigniter4\framework\system\CodeIgniter.php(914): App\Controllers\Export->risknote('2')
#6 F:\xampp\htdocs\policy-master-updated\vendor\codeigniter4\framework\system\CodeIgniter.php(400): CodeIgniter\CodeIgniter->runController(Object(App\Controllers\Export))
#7 F:\xampp\htdocs\policy-master-updated\vendor\codeigniter4\framework\system\CodeIgniter.php(308): CodeIgniter\CodeIgniter->handleRequest(NULL, Object(Config\Cache), false)
#8 F:\xampp\htdocs\policy-master-updated\index.php(84): CodeIgniter\CodeIgniter->run()
#9 {main}
CRITICAL - 2021-09-06 01:09:59 --> Unknown column 'quot_id' in 'where clause'
#0 F:\xampp\htdocs\policy-master-updated\vendor\codeigniter4\framework\system\Database\MySQLi\Connection.php(331): mysqli->query('SELECT *\nFROM `...')
#1 F:\xampp\htdocs\policy-master-updated\vendor\codeigniter4\framework\system\Database\BaseConnection.php(738): CodeIgniter\Database\MySQLi\Connection->execute('SELECT *\nFROM `...')
#2 F:\xampp\htdocs\policy-master-updated\vendor\codeigniter4\framework\system\Database\BaseConnection.php(666): CodeIgniter\Database\BaseConnection->simpleQuery('SELECT *\nFROM `...')
#3 F:\xampp\htdocs\policy-master-updated\vendor\codeigniter4\framework\system\Database\BaseBuilder.php(2004): CodeIgniter\Database\BaseConnection->query('SELECT *\nFROM `...', Array, false)
#4 F:\xampp\htdocs\policy-master-updated\app\Controllers\Export.php(1641): CodeIgniter\Database\BaseBuilder->getWhere(Array)
#5 F:\xampp\htdocs\policy-master-updated\vendor\codeigniter4\framework\system\CodeIgniter.php(914): App\Controllers\Export->risknote('2')
#6 F:\xampp\htdocs\policy-master-updated\vendor\codeigniter4\framework\system\CodeIgniter.php(400): CodeIgniter\CodeIgniter->runController(Object(App\Controllers\Export))
#7 F:\xampp\htdocs\policy-master-updated\vendor\codeigniter4\framework\system\CodeIgniter.php(308): CodeIgniter\CodeIgniter->handleRequest(NULL, Object(Config\Cache), false)
#8 F:\xampp\htdocs\policy-master-updated\index.php(84): CodeIgniter\CodeIgniter->run()
#9 {main}
CRITICAL - 2021-09-06 01:12:46 --> Undefined offset: 0
#0 F:\xampp\htdocs\policy-master-updated\public\mpdf\mpdf\mpdf\src\Tag\Table.php(524): CodeIgniter\Debug\Exceptions->errorHandler(8, 'Undefined offse...', 'F:\\xampp\\htdocs...', 524, Array)
#1 F:\xampp\htdocs\policy-master-updated\public\mpdf\mpdf\mpdf\src\Tag.php(250): Mpdf\Tag\Table->close(Array, 7)
#2 F:\xampp\htdocs\policy-master-updated\public\mpdf\mpdf\mpdf\src\Mpdf.php(13662): Mpdf\Tag->CloseTag('TABLE', Array, 7)
#3 F:\xampp\htdocs\policy-master-updated\app\Controllers\Export.php(1777): Mpdf\Mpdf->WriteHTML('</p></td> </tr>...')
#4 F:\xampp\htdocs\policy-master-updated\vendor\codeigniter4\framework\system\CodeIgniter.php(914): App\Controllers\Export->risknote('4')
#5 F:\xampp\htdocs\policy-master-updated\vendor\codeigniter4\framework\system\CodeIgniter.php(400): CodeIgniter\CodeIgniter->runController(Object(App\Controllers\Export))
#6 F:\xampp\htdocs\policy-master-updated\vendor\codeigniter4\framework\system\CodeIgniter.php(308): CodeIgniter\CodeIgniter->handleRequest(NULL, Object(Config\Cache), false)
#7 F:\xampp\htdocs\policy-master-updated\index.php(84): CodeIgniter\CodeIgniter->run()
#8 {main}
CRITICAL - 2021-09-06 01:12:52 --> Undefined offset: 0
#0 F:\xampp\htdocs\policy-master-updated\public\mpdf\mpdf\mpdf\src\Tag\Table.php(524): CodeIgniter\Debug\Exceptions->errorHandler(8, 'Undefined offse...', 'F:\\xampp\\htdocs...', 524, Array)
#1 F:\xampp\htdocs\policy-master-updated\public\mpdf\mpdf\mpdf\src\Tag.php(250): Mpdf\Tag\Table->close(Array, 7)
#2 F:\xampp\htdocs\policy-master-updated\public\mpdf\mpdf\mpdf\src\Mpdf.php(13662): Mpdf\Tag->CloseTag('TABLE', Array, 7)
#3 F:\xampp\htdocs\policy-master-updated\app\Controllers\Export.php(1777): Mpdf\Mpdf->WriteHTML('</p></td> </tr>...')
#4 F:\xampp\htdocs\policy-master-updated\vendor\codeigniter4\framework\system\CodeIgniter.php(914): App\Controllers\Export->risknote('3')
#5 F:\xampp\htdocs\policy-master-updated\vendor\codeigniter4\framework\system\CodeIgniter.php(400): CodeIgniter\CodeIgniter->runController(Object(App\Controllers\Export))
#6 F:\xampp\htdocs\policy-master-updated\vendor\codeigniter4\framework\system\CodeIgniter.php(308): CodeIgniter\CodeIgniter->handleRequest(NULL, Object(Config\Cache), false)
#7 F:\xampp\htdocs\policy-master-updated\index.php(84): CodeIgniter\CodeIgniter->run()
#8 {main}
CRITICAL - 2021-09-06 01:18:43 --> syntax error, unexpected 'direct_payment1' (T_STRING)
#0 F:\xampp\htdocs\policy-master-updated\vendor\codeigniter4\framework\system\Router\Router.php(192): CodeIgniter\Router\Router->autoRoute('/export/managec...')
#1 F:\xampp\htdocs\policy-master-updated\vendor\codeigniter4\framework\system\CodeIgniter.php(789): CodeIgniter\Router\Router->handle('/export/managec...')
#2 F:\xampp\htdocs\policy-master-updated\vendor\codeigniter4\framework\system\CodeIgniter.php(360): CodeIgniter\CodeIgniter->tryToRouteIt(Object(CodeIgniter\Router\RouteCollection))
#3 F:\xampp\htdocs\policy-master-updated\vendor\codeigniter4\framework\system\CodeIgniter.php(308): CodeIgniter\CodeIgniter->handleRequest(NULL, Object(Config\Cache), false)
#4 F:\xampp\htdocs\policy-master-updated\index.php(84): CodeIgniter\CodeIgniter->run()
#5 {main}
CRITICAL - 2021-09-06 01:27:49 --> syntax error, unexpected ''</b> </p>' (T_CONSTANT_ENCAPSED_STRING)
#0 F:\xampp\htdocs\policy-master-updated\vendor\codeigniter4\framework\system\Router\Router.php(192): CodeIgniter\Router\Router->autoRoute('/export/quotati...')
#1 F:\xampp\htdocs\policy-master-updated\vendor\codeigniter4\framework\system\CodeIgniter.php(789): CodeIgniter\Router\Router->handle('/export/quotati...')
#2 F:\xampp\htdocs\policy-master-updated\vendor\codeigniter4\framework\system\CodeIgniter.php(360): CodeIgniter\CodeIgniter->tryToRouteIt(Object(CodeIgniter\Router\RouteCollection))
#3 F:\xampp\htdocs\policy-master-updated\vendor\codeigniter4\framework\system\CodeIgniter.php(308): CodeIgniter\CodeIgniter->handleRequest(NULL, Object(Config\Cache), false)
#4 F:\xampp\htdocs\policy-master-updated\index.php(84): CodeIgniter\CodeIgniter->run()
#5 {main}
CRITICAL - 2021-09-06 01:27:58 --> syntax error, unexpected ''</b> </p>' (T_CONSTANT_ENCAPSED_STRING)
#0 F:\xampp\htdocs\policy-master-updated\vendor\codeigniter4\framework\system\Router\Router.php(192): CodeIgniter\Router\Router->autoRoute('/export/quotati...')
#1 F:\xampp\htdocs\policy-master-updated\vendor\codeigniter4\framework\system\CodeIgniter.php(789): CodeIgniter\Router\Router->handle('/export/quotati...')
#2 F:\xampp\htdocs\policy-master-updated\vendor\codeigniter4\framework\system\CodeIgniter.php(360): CodeIgniter\CodeIgniter->tryToRouteIt(Object(CodeIgniter\Router\RouteCollection))
#3 F:\xampp\htdocs\policy-master-updated\vendor\codeigniter4\framework\system\CodeIgniter.php(308): CodeIgniter\CodeIgniter->handleRequest(NULL, Object(Config\Cache), false)
#4 F:\xampp\htdocs\policy-master-updated\index.php(84): CodeIgniter\CodeIgniter->run()
#5 {main}
CRITICAL - 2021-09-06 01:28:01 --> syntax error, unexpected ''</b> </p>' (T_CONSTANT_ENCAPSED_STRING)
#0 F:\xampp\htdocs\policy-master-updated\vendor\codeigniter4\framework\system\Router\Router.php(192): CodeIgniter\Router\Router->autoRoute('/export/quotati...')
#1 F:\xampp\htdocs\policy-master-updated\vendor\codeigniter4\framework\system\CodeIgniter.php(789): CodeIgniter\Router\Router->handle('/export/quotati...')
#2 F:\xampp\htdocs\policy-master-updated\vendor\codeigniter4\framework\system\CodeIgniter.php(360): CodeIgniter\CodeIgniter->tryToRouteIt(Object(CodeIgniter\Router\RouteCollection))
#3 F:\xampp\htdocs\policy-master-updated\vendor\codeigniter4\framework\system\CodeIgniter.php(308): CodeIgniter\CodeIgniter->handleRequest(NULL, Object(Config\Cache), false)
#4 F:\xampp\htdocs\policy-master-updated\index.php(84): CodeIgniter\CodeIgniter->run()
#5 {main}
CRITICAL - 2021-09-06 01:28:16 --> syntax error, unexpected '.'
#0 F:\xampp\htdocs\policy-master-updated\vendor\codeigniter4\framework\system\Router\Router.php(192): CodeIgniter\Router\Router->autoRoute('/export/quotati...')
#1 F:\xampp\htdocs\policy-master-updated\vendor\codeigniter4\framework\system\CodeIgniter.php(789): CodeIgniter\Router\Router->handle('/export/quotati...')
#2 F:\xampp\htdocs\policy-master-updated\vendor\codeigniter4\framework\system\CodeIgniter.php(360): CodeIgniter\CodeIgniter->tryToRouteIt(Object(CodeIgniter\Router\RouteCollection))
#3 F:\xampp\htdocs\policy-master-updated\vendor\codeigniter4\framework\system\CodeIgniter.php(308): CodeIgniter\CodeIgniter->handleRequest(NULL, Object(Config\Cache), false)
#4 F:\xampp\htdocs\policy-master-updated\index.php(84): CodeIgniter\CodeIgniter->run()
#5 {main}
CRITICAL - 2021-09-06 01:28:25 --> syntax error, unexpected ''</p>' (T_CONSTANT_ENCAPSED_STRING)
#0 F:\xampp\htdocs\policy-master-updated\vendor\codeigniter4\framework\system\Router\Router.php(192): CodeIgniter\Router\Router->autoRoute('/export/quotati...')
#1 F:\xampp\htdocs\policy-master-updated\vendor\codeigniter4\framework\system\CodeIgniter.php(789): CodeIgniter\Router\Router->handle('/export/quotati...')
#2 F:\xampp\htdocs\policy-master-updated\vendor\codeigniter4\framework\system\CodeIgniter.php(360): CodeIgniter\CodeIgniter->tryToRouteIt(Object(CodeIgniter\Router\RouteCollection))
#3 F:\xampp\htdocs\policy-master-updated\vendor\codeigniter4\framework\system\CodeIgniter.php(308): CodeIgniter\CodeIgniter->handleRequest(NULL, Object(Config\Cache), false)
#4 F:\xampp\htdocs\policy-master-updated\index.php(84): CodeIgniter\CodeIgniter->run()
#5 {main}
CRITICAL - 2021-09-06 01:28:37 --> syntax error, unexpected ''</p>' (T_CONSTANT_ENCAPSED_STRING)
#0 F:\xampp\htdocs\policy-master-updated\vendor\codeigniter4\framework\system\Router\Router.php(192): CodeIgniter\Router\Router->autoRoute('/export/quotati...')
#1 F:\xampp\htdocs\policy-master-updated\vendor\codeigniter4\framework\system\CodeIgniter.php(789): CodeIgniter\Router\Router->handle('/export/quotati...')
#2 F:\xampp\htdocs\policy-master-updated\vendor\codeigniter4\framework\system\CodeIgniter.php(360): CodeIgniter\CodeIgniter->tryToRouteIt(Object(CodeIgniter\Router\RouteCollection))
#3 F:\xampp\htdocs\policy-master-updated\vendor\codeigniter4\framework\system\CodeIgniter.php(308): CodeIgniter\CodeIgniter->handleRequest(NULL, Object(Config\Cache), false)
#4 F:\xampp\htdocs\policy-master-updated\index.php(84): CodeIgniter\CodeIgniter->run()
#5 {main}
CRITICAL - 2021-09-06 02:10:31 --> Undefined variable: payment
#0 F:\xampp\htdocs\policy-master-updated\app\Controllers\Export.php(91): CodeIgniter\Debug\Exceptions->errorHandler(8, 'Undefined varia...', 'F:\\xampp\\htdocs...', 91, Array)
#1 F:\xampp\htdocs\policy-master-updated\vendor\codeigniter4\framework\system\CodeIgniter.php(914): App\Controllers\Export->manageclaims('1')
#2 F:\xampp\htdocs\policy-master-updated\vendor\codeigniter4\framework\system\CodeIgniter.php(400): CodeIgniter\CodeIgniter->runController(Object(App\Controllers\Export))
#3 F:\xampp\htdocs\policy-master-updated\vendor\codeigniter4\framework\system\CodeIgniter.php(308): CodeIgniter\CodeIgniter->handleRequest(NULL, Object(Config\Cache), false)
#4 F:\xampp\htdocs\policy-master-updated\index.php(84): CodeIgniter\CodeIgniter->run()
#5 {main}
CRITICAL - 2021-09-06 02:11:22 --> Undefined index: group
#0 F:\xampp\htdocs\policy-master-updated\public\mpdf\mpdf\mpdf\src\Otl.php(5728): CodeIgniter\Debug\Exceptions->errorHandler(8, 'Undefined index...', 'F:\\xampp\\htdocs...', 5728, Array)
#1 F:\xampp\htdocs\policy-master-updated\public\mpdf\mpdf\mpdf\src\Mpdf.php(6177): Mpdf\Otl->sliceOTLdata(Array, 0, 1)
#2 F:\xampp\htdocs\policy-master-updated\public\mpdf\mpdf\mpdf\src\Form.php(341): Mpdf\Mpdf->MultiCell(42.0497, 4.365625, ' ', 0, 'L', 0, '', 'ltr', true, Array, 2)
#3 F:\xampp\htdocs\policy-master-updated\public\mpdf\mpdf\mpdf\src\Mpdf.php(7600): Mpdf\Form->print_ob_textarea(Array, 42.0497, 9.73125, ' ', 'L', 1, 'ltr')
#4 F:\xampp\htdocs\policy-master-updated\public\mpdf\mpdf\mpdf\src\Mpdf.php(6989): Mpdf\Mpdf->printobjectbuffer(true, 'ltr')
#5 F:\xampp\htdocs\policy-master-updated\public\mpdf\mpdf\mpdf\src\Mpdf.php(16445): Mpdf\Mpdf->finishFlowingBlock(true)
#6 F:\xampp\htdocs\policy-master-updated\public\mpdf\mpdf\mpdf\src\Mpdf.php(22930): Mpdf\Mpdf->printbuffer(Array, '', true, false, 'ltr')
#7 F:\xampp\htdocs\policy-master-updated\public\mpdf\mpdf\mpdf\src\Tag\Table.php(1122): Mpdf\Mpdf->_tableWrite(Array)
#8 F:\xampp\htdocs\policy-master-updated\public\mpdf\mpdf\mpdf\src\Tag.php(250): Mpdf\Tag\Table->close(Array, 151)
#9 F:\xampp\htdocs\policy-master-updated\public\mpdf\mpdf\mpdf\src\Mpdf.php(13662): Mpdf\Tag->CloseTag('TABLE', Array, 151)
#10 F:\xampp\htdocs\policy-master-updated\app\Controllers\Export.php(145): Mpdf\Mpdf->WriteHTML(' <table> <tr> <...')
#11 F:\xampp\htdocs\policy-master-updated\vendor\codeigniter4\framework\system\CodeIgniter.php(914): App\Controllers\Export->manageclaims('1')
#12 F:\xampp\htdocs\policy-master-updated\vendor\codeigniter4\framework\system\CodeIgniter.php(400): CodeIgniter\CodeIgniter->runController(Object(App\Controllers\Export))
#13 F:\xampp\htdocs\policy-master-updated\vendor\codeigniter4\framework\system\CodeIgniter.php(308): CodeIgniter\CodeIgniter->handleRequest(NULL, Object(Config\Cache), false)
#14 F:\xampp\htdocs\policy-master-updated\index.php(84): CodeIgniter\CodeIgniter->run()
#15 {main}
CRITICAL - 2021-09-06 02:11:40 --> Undefined index: group
#0 F:\xampp\htdocs\policy-master-updated\public\mpdf\mpdf\mpdf\src\Otl.php(5728): CodeIgniter\Debug\Exceptions->errorHandler(8, 'Undefined index...', 'F:\\xampp\\htdocs...', 5728, Array)
#1 F:\xampp\htdocs\policy-master-updated\public\mpdf\mpdf\mpdf\src\Mpdf.php(6177): Mpdf\Otl->sliceOTLdata(Array, 0, 1)
#2 F:\xampp\htdocs\policy-master-updated\public\mpdf\mpdf\mpdf\src\Form.php(341): Mpdf\Mpdf->MultiCell(42.0497, 4.365625, ' ', 0, 'L', 0, '', 'ltr', true, Array, 2)
#3 F:\xampp\htdocs\policy-master-updated\public\mpdf\mpdf\mpdf\src\Mpdf.php(7600): Mpdf\Form->print_ob_textarea(Array, 42.0497, 9.73125, ' ', 'L', 1, 'ltr')
#4 F:\xampp\htdocs\policy-master-updated\public\mpdf\mpdf\mpdf\src\Mpdf.php(6989): Mpdf\Mpdf->printobjectbuffer(true, 'ltr')
#5 F:\xampp\htdocs\policy-master-updated\public\mpdf\mpdf\mpdf\src\Mpdf.php(16445): Mpdf\Mpdf->finishFlowingBlock(true)
#6 F:\xampp\htdocs\policy-master-updated\public\mpdf\mpdf\mpdf\src\Mpdf.php(22930): Mpdf\Mpdf->printbuffer(Array, '', true, false, 'ltr')
#7 F:\xampp\htdocs\policy-master-updated\public\mpdf\mpdf\mpdf\src\Tag\Table.php(1122): Mpdf\Mpdf->_tableWrite(Array)
#8 F:\xampp\htdocs\policy-master-updated\public\mpdf\mpdf\mpdf\src\Tag.php(250): Mpdf\Tag\Table->close(Array, 151)
#9 F:\xampp\htdocs\policy-master-updated\public\mpdf\mpdf\mpdf\src\Mpdf.php(13662): Mpdf\Tag->CloseTag('TABLE', Array, 151)
#10 F:\xampp\htdocs\policy-master-updated\app\Controllers\Export.php(145): Mpdf\Mpdf->WriteHTML(' <table> <tr> <...')
#11 F:\xampp\htdocs\policy-master-updated\vendor\codeigniter4\framework\system\CodeIgniter.php(914): App\Controllers\Export->manageclaims('1')
#12 F:\xampp\htdocs\policy-master-updated\vendor\codeigniter4\framework\system\CodeIgniter.php(400): CodeIgniter\CodeIgniter->runController(Object(App\Controllers\Export))
#13 F:\xampp\htdocs\policy-master-updated\vendor\codeigniter4\framework\system\CodeIgniter.php(308): CodeIgniter\CodeIgniter->handleRequest(NULL, Object(Config\Cache), false)
#14 F:\xampp\htdocs\policy-master-updated\index.php(84): CodeIgniter\CodeIgniter->run()
#15 {main}
CRITICAL - 2021-09-06 02:11:55 --> Undefined index: group
#0 F:\xampp\htdocs\policy-master-updated\public\mpdf\mpdf\mpdf\src\Otl.php(5728): CodeIgniter\Debug\Exceptions->errorHandler(8, 'Undefined index...', 'F:\\xampp\\htdocs...', 5728, Array)
#1 F:\xampp\htdocs\policy-master-updated\public\mpdf\mpdf\mpdf\src\Mpdf.php(6177): Mpdf\Otl->sliceOTLdata(Array, 0, 1)
#2 F:\xampp\htdocs\policy-master-updated\public\mpdf\mpdf\mpdf\src\Form.php(341): Mpdf\Mpdf->MultiCell(42.0497, 4.365625, ' ', 0, 'L', 0, '', 'ltr', true, Array, 2)
#3 F:\xampp\htdocs\policy-master-updated\public\mpdf\mpdf\mpdf\src\Mpdf.php(7600): Mpdf\Form->print_ob_textarea(Array, 42.0497, 9.73125, ' ', 'L', 1, 'ltr')
#4 F:\xampp\htdocs\policy-master-updated\public\mpdf\mpdf\mpdf\src\Mpdf.php(6989): Mpdf\Mpdf->printobjectbuffer(true, 'ltr')
#5 F:\xampp\htdocs\policy-master-updated\public\mpdf\mpdf\mpdf\src\Mpdf.php(16445): Mpdf\Mpdf->finishFlowingBlock(true)
#6 F:\xampp\htdocs\policy-master-updated\public\mpdf\mpdf\mpdf\src\Mpdf.php(22930): Mpdf\Mpdf->printbuffer(Array, '', true, false, 'ltr')
#7 F:\xampp\htdocs\policy-master-updated\public\mpdf\mpdf\mpdf\src\Tag\Table.php(1122): Mpdf\Mpdf->_tableWrite(Array)
#8 F:\xampp\htdocs\policy-master-updated\public\mpdf\mpdf\mpdf\src\Tag.php(250): Mpdf\Tag\Table->close(Array, 151)
#9 F:\xampp\htdocs\policy-master-updated\public\mpdf\mpdf\mpdf\src\Mpdf.php(13662): Mpdf\Tag->CloseTag('TABLE', Array, 151)
#10 F:\xampp\htdocs\policy-master-updated\app\Controllers\Export.php(145): Mpdf\Mpdf->WriteHTML(' <table> <tr> <...')
#11 F:\xampp\htdocs\policy-master-updated\vendor\codeigniter4\framework\system\CodeIgniter.php(914): App\Controllers\Export->manageclaims('1')
#12 F:\xampp\htdocs\policy-master-updated\vendor\codeigniter4\framework\system\CodeIgniter.php(400): CodeIgniter\CodeIgniter->runController(Object(App\Controllers\Export))
#13 F:\xampp\htdocs\policy-master-updated\vendor\codeigniter4\framework\system\CodeIgniter.php(308): CodeIgniter\CodeIgniter->handleRequest(NULL, Object(Config\Cache), false)
#14 F:\xampp\htdocs\policy-master-updated\index.php(84): CodeIgniter\CodeIgniter->run()
#15 {main}
CRITICAL - 2021-09-06 02:12:00 --> Undefined index: group
#0 F:\xampp\htdocs\policy-master-updated\public\mpdf\mpdf\mpdf\src\Otl.php(5728): CodeIgniter\Debug\Exceptions->errorHandler(8, 'Undefined index...', 'F:\\xampp\\htdocs...', 5728, Array)
#1 F:\xampp\htdocs\policy-master-updated\public\mpdf\mpdf\mpdf\src\Mpdf.php(6177): Mpdf\Otl->sliceOTLdata(Array, 0, 1)
#2 F:\xampp\htdocs\policy-master-updated\public\mpdf\mpdf\mpdf\src\Form.php(341): Mpdf\Mpdf->MultiCell(42.0497, 4.365625, ' ', 0, 'L', 0, '', 'ltr', true, Array, 2)
#3 F:\xampp\htdocs\policy-master-updated\public\mpdf\mpdf\mpdf\src\Mpdf.php(7600): Mpdf\Form->print_ob_textarea(Array, 42.0497, 9.73125, ' ', 'L', 1, 'ltr')
#4 F:\xampp\htdocs\policy-master-updated\public\mpdf\mpdf\mpdf\src\Mpdf.php(6989): Mpdf\Mpdf->printobjectbuffer(true, 'ltr')
#5 F:\xampp\htdocs\policy-master-updated\public\mpdf\mpdf\mpdf\src\Mpdf.php(16445): Mpdf\Mpdf->finishFlowingBlock(true)
#6 F:\xampp\htdocs\policy-master-updated\public\mpdf\mpdf\mpdf\src\Mpdf.php(22930): Mpdf\Mpdf->printbuffer(Array, '', true, false, 'ltr')
#7 F:\xampp\htdocs\policy-master-updated\public\mpdf\mpdf\mpdf\src\Tag\Table.php(1122): Mpdf\Mpdf->_tableWrite(Array)
#8 F:\xampp\htdocs\policy-master-updated\public\mpdf\mpdf\mpdf\src\Tag.php(250): Mpdf\Tag\Table->close(Array, 151)
#9 F:\xampp\htdocs\policy-master-updated\public\mpdf\mpdf\mpdf\src\Mpdf.php(13662): Mpdf\Tag->CloseTag('TABLE', Array, 151)
#10 F:\xampp\htdocs\policy-master-updated\app\Controllers\Export.php(145): Mpdf\Mpdf->WriteHTML(' <table> <tr> <...')
#11 F:\xampp\htdocs\policy-master-updated\vendor\codeigniter4\framework\system\CodeIgniter.php(914): App\Controllers\Export->manageclaims('1')
#12 F:\xampp\htdocs\policy-master-updated\vendor\codeigniter4\framework\system\CodeIgniter.php(400): CodeIgniter\CodeIgniter->runController(Object(App\Controllers\Export))
#13 F:\xampp\htdocs\policy-master-updated\vendor\codeigniter4\framework\system\CodeIgniter.php(308): CodeIgniter\CodeIgniter->handleRequest(NULL, Object(Config\Cache), false)
#14 F:\xampp\htdocs\policy-master-updated\index.php(84): CodeIgniter\CodeIgniter->run()
#15 {main}
CRITICAL - 2021-09-06 02:12:14 --> Undefined index: group
#0 F:\xampp\htdocs\policy-master-updated\public\mpdf\mpdf\mpdf\src\Otl.php(5728): CodeIgniter\Debug\Exceptions->errorHandler(8, 'Undefined index...', 'F:\\xampp\\htdocs...', 5728, Array)
#1 F:\xampp\htdocs\policy-master-updated\public\mpdf\mpdf\mpdf\src\Mpdf.php(6177): Mpdf\Otl->sliceOTLdata(Array, 0, 1)
#2 F:\xampp\htdocs\policy-master-updated\public\mpdf\mpdf\mpdf\src\Form.php(341): Mpdf\Mpdf->MultiCell(42.0497, 4.365625, ' ', 0, 'L', 0, '', 'ltr', true, Array, 2)
#3 F:\xampp\htdocs\policy-master-updated\public\mpdf\mpdf\mpdf\src\Mpdf.php(7600): Mpdf\Form->print_ob_textarea(Array, 42.0497, 9.73125, ' ', 'L', 1, 'ltr')
#4 F:\xampp\htdocs\policy-master-updated\public\mpdf\mpdf\mpdf\src\Mpdf.php(6989): Mpdf\Mpdf->printobjectbuffer(true, 'ltr')
#5 F:\xampp\htdocs\policy-master-updated\public\mpdf\mpdf\mpdf\src\Mpdf.php(16445): Mpdf\Mpdf->finishFlowingBlock(true)
#6 F:\xampp\htdocs\policy-master-updated\public\mpdf\mpdf\mpdf\src\Mpdf.php(22930): Mpdf\Mpdf->printbuffer(Array, '', true, false, 'ltr')
#7 F:\xampp\htdocs\policy-master-updated\public\mpdf\mpdf\mpdf\src\Tag\Table.php(1122): Mpdf\Mpdf->_tableWrite(Array)
#8 F:\xampp\htdocs\policy-master-updated\public\mpdf\mpdf\mpdf\src\Tag.php(250): Mpdf\Tag\Table->close(Array, 151)
#9 F:\xampp\htdocs\policy-master-updated\public\mpdf\mpdf\mpdf\src\Mpdf.php(13662): Mpdf\Tag->CloseTag('TABLE', Array, 151)
#10 F:\xampp\htdocs\policy-master-updated\app\Controllers\Export.php(145): Mpdf\Mpdf->WriteHTML(' <table> <tr> <...')
#11 F:\xampp\htdocs\policy-master-updated\vendor\codeigniter4\framework\system\CodeIgniter.php(914): App\Controllers\Export->manageclaims('1')
#12 F:\xampp\htdocs\policy-master-updated\vendor\codeigniter4\framework\system\CodeIgniter.php(400): CodeIgniter\CodeIgniter->runController(Object(App\Controllers\Export))
#13 F:\xampp\htdocs\policy-master-updated\vendor\codeigniter4\framework\system\CodeIgniter.php(308): CodeIgniter\CodeIgniter->handleRequest(NULL, Object(Config\Cache), false)
#14 F:\xampp\htdocs\policy-master-updated\index.php(84): CodeIgniter\CodeIgniter->run()
#15 {main}
CRITICAL - 2021-09-06 02:12:29 --> Undefined index: group
#0 F:\xampp\htdocs\policy-master-updated\public\mpdf\mpdf\mpdf\src\Otl.php(5728): CodeIgniter\Debug\Exceptions->errorHandler(8, 'Undefined index...', 'F:\\xampp\\htdocs...', 5728, Array)
#1 F:\xampp\htdocs\policy-master-updated\public\mpdf\mpdf\mpdf\src\Mpdf.php(6177): Mpdf\Otl->sliceOTLdata(Array, 0, 1)
#2 F:\xampp\htdocs\policy-master-updated\public\mpdf\mpdf\mpdf\src\Form.php(341): Mpdf\Mpdf->MultiCell(42.0497, 4.365625, ' ', 0, 'L', 0, '', 'ltr', true, Array, 2)
#3 F:\xampp\htdocs\policy-master-updated\public\mpdf\mpdf\mpdf\src\Mpdf.php(7600): Mpdf\Form->print_ob_textarea(Array, 42.0497, 9.73125, ' ', 'L', 1, 'ltr')
#4 F:\xampp\htdocs\policy-master-updated\public\mpdf\mpdf\mpdf\src\Mpdf.php(6989): Mpdf\Mpdf->printobjectbuffer(true, 'ltr')
#5 F:\xampp\htdocs\policy-master-updated\public\mpdf\mpdf\mpdf\src\Mpdf.php(16445): Mpdf\Mpdf->finishFlowingBlock(true)
#6 F:\xampp\htdocs\policy-master-updated\public\mpdf\mpdf\mpdf\src\Mpdf.php(22930): Mpdf\Mpdf->printbuffer(Array, '', true, false, 'ltr')
#7 F:\xampp\htdocs\policy-master-updated\public\mpdf\mpdf\mpdf\src\Tag\Table.php(1122): Mpdf\Mpdf->_tableWrite(Array)
#8 F:\xampp\htdocs\policy-master-updated\public\mpdf\mpdf\mpdf\src\Tag.php(250): Mpdf\Tag\Table->close(Array, 151)
#9 F:\xampp\htdocs\policy-master-updated\public\mpdf\mpdf\mpdf\src\Mpdf.php(13662): Mpdf\Tag->CloseTag('TABLE', Array, 151)
#10 F:\xampp\htdocs\policy-master-updated\app\Controllers\Export.php(145): Mpdf\Mpdf->WriteHTML(' <table> <tr> <...')
#11 F:\xampp\htdocs\policy-master-updated\vendor\codeigniter4\framework\system\CodeIgniter.php(914): App\Controllers\Export->manageclaims('1')
#12 F:\xampp\htdocs\policy-master-updated\vendor\codeigniter4\framework\system\CodeIgniter.php(400): CodeIgniter\CodeIgniter->runController(Object(App\Controllers\Export))
#13 F:\xampp\htdocs\policy-master-updated\vendor\codeigniter4\framework\system\CodeIgniter.php(308): CodeIgniter\CodeIgniter->handleRequest(NULL, Object(Config\Cache), false)
#14 F:\xampp\htdocs\policy-master-updated\index.php(84): CodeIgniter\CodeIgniter->run()
#15 {main}
CRITICAL - 2021-09-06 02:20:36 --> Undefined index: id
#0 F:\xampp\htdocs\policy-master-updated\app\Controllers\Ajaxcontroler.php(159): CodeIgniter\Debug\Exceptions->errorHandler(8, 'Undefined index...', 'F:\\xampp\\htdocs...', 159, Array)
#1 F:\xampp\htdocs\policy-master-updated\vendor\codeigniter4\framework\system\CodeIgniter.php(914): App\Controllers\Ajaxcontroler->setrisknoteupload()
#2 F:\xampp\htdocs\policy-master-updated\vendor\codeigniter4\framework\system\CodeIgniter.php(400): CodeIgniter\CodeIgniter->runController(Object(App\Controllers\Ajaxcontroler))
#3 F:\xampp\htdocs\policy-master-updated\vendor\codeigniter4\framework\system\CodeIgniter.php(308): CodeIgniter\CodeIgniter->handleRequest(NULL, Object(Config\Cache), false)
#4 F:\xampp\htdocs\policy-master-updated\index.php(84): CodeIgniter\CodeIgniter->run()
#5 {main}
CRITICAL - 2021-09-06 04:46:27 --> Undefined index: branch_name
#0 F:\xampp\htdocs\policy-master-updated\app\Views\manageclaims_alli\add.php(79): CodeIgniter\Debug\Exceptions->errorHandler(8, 'Undefined index...', 'F:\\xampp\\htdocs...', 79, Array)
#1 F:\xampp\htdocs\policy-master-updated\vendor\codeigniter4\framework\system\View\View.php(246): include('F:\\xampp\\htdocs...')
#2 F:\xampp\htdocs\policy-master-updated\vendor\codeigniter4\framework\system\Common.php(1087): CodeIgniter\View\View->render('manageclaims_al...', Array, true)
#3 F:\xampp\htdocs\policy-master-updated\app\Views\templete.php(4): view('manageclaims_al...')
#4 F:\xampp\htdocs\policy-master-updated\vendor\codeigniter4\framework\system\View\View.php(246): include('F:\\xampp\\htdocs...')
#5 F:\xampp\htdocs\policy-master-updated\vendor\codeigniter4\framework\system\Common.php(1087): CodeIgniter\View\View->render('templete', Array, true)
#6 F:\xampp\htdocs\policy-master-updated\app\Controllers\Manageclaims_alli.php(93): view('templete', Array)
#7 F:\xampp\htdocs\policy-master-updated\vendor\codeigniter4\framework\system\CodeIgniter.php(914): App\Controllers\Manageclaims_alli->add()
#8 F:\xampp\htdocs\policy-master-updated\vendor\codeigniter4\framework\system\CodeIgniter.php(400): CodeIgniter\CodeIgniter->runController(Object(App\Controllers\Manageclaims_alli))
#9 F:\xampp\htdocs\policy-master-updated\vendor\codeigniter4\framework\system\CodeIgniter.php(308): CodeIgniter\CodeIgniter->handleRequest(NULL, Object(Config\Cache), false)
#10 F:\xampp\htdocs\policy-master-updated\index.php(84): CodeIgniter\CodeIgniter->run()
#11 {main}
CRITICAL - 2021-09-06 05:50:04 --> Unknown table 'insurance_quotation'
#0 F:\xampp\htdocs\policy-master-updated\vendor\codeigniter4\framework\system\Database\MySQLi\Connection.php(331): mysqli->query('SELECT `insuran...')
#1 F:\xampp\htdocs\policy-master-updated\vendor\codeigniter4\framework\system\Database\BaseConnection.php(738): CodeIgniter\Database\MySQLi\Connection->execute('SELECT `insuran...')
#2 F:\xampp\htdocs\policy-master-updated\vendor\codeigniter4\framework\system\Database\BaseConnection.php(666): CodeIgniter\Database\BaseConnection->simpleQuery('SELECT `insuran...')
#3 F:\xampp\htdocs\policy-master-updated\vendor\codeigniter4\framework\system\Database\BaseBuilder.php(1845): CodeIgniter\Database\BaseConnection->query('SELECT `insuran...', Array, false)
#4 F:\xampp\htdocs\policy-master-updated\vendor\codeigniter4\framework\system\Model.php(489): CodeIgniter\Database\BaseBuilder->get()
#5 F:\xampp\htdocs\policy-master-updated\app\Controllers\Manageclaims_alli.php(72): CodeIgniter\Model->first()
#6 F:\xampp\htdocs\policy-master-updated\vendor\codeigniter4\framework\system\CodeIgniter.php(914): App\Controllers\Manageclaims_alli->add()
#7 F:\xampp\htdocs\policy-master-updated\vendor\codeigniter4\framework\system\CodeIgniter.php(400): CodeIgniter\CodeIgniter->runController(Object(App\Controllers\Manageclaims_alli))
#8 F:\xampp\htdocs\policy-master-updated\vendor\codeigniter4\framework\system\CodeIgniter.php(308): CodeIgniter\CodeIgniter->handleRequest(NULL, Object(Config\Cache), false)
#9 F:\xampp\htdocs\policy-master-updated\index.php(84): CodeIgniter\CodeIgniter->run()
#10 {main}
CRITICAL - 2021-09-06 05:50:29 --> Undefined index: Risk_Note
#0 F:\xampp\htdocs\policy-master-updated\app\Controllers\Manageclaims_alli.php(59): CodeIgniter\Debug\Exceptions->errorHandler(8, 'Undefined index...', 'F:\\xampp\\htdocs...', 59, Array)
#1 F:\xampp\htdocs\policy-master-updated\vendor\codeigniter4\framework\system\CodeIgniter.php(914): App\Controllers\Manageclaims_alli->add()
#2 F:\xampp\htdocs\policy-master-updated\vendor\codeigniter4\framework\system\CodeIgniter.php(400): CodeIgniter\CodeIgniter->runController(Object(App\Controllers\Manageclaims_alli))
#3 F:\xampp\htdocs\policy-master-updated\vendor\codeigniter4\framework\system\CodeIgniter.php(308): CodeIgniter\CodeIgniter->handleRequest(NULL, Object(Config\Cache), false)
#4 F:\xampp\htdocs\policy-master-updated\index.php(84): CodeIgniter\CodeIgniter->run()
#5 {main}
CRITICAL - 2021-09-06 05:50:44 --> Undefined variable: quotationdata
#0 F:\xampp\htdocs\policy-master-updated\app\Views\manageclaims_alli\add.php(79): CodeIgniter\Debug\Exceptions->errorHandler(8, 'Undefined varia...', 'F:\\xampp\\htdocs...', 79, Array)
#1 F:\xampp\htdocs\policy-master-updated\vendor\codeigniter4\framework\system\View\View.php(246): include('F:\\xampp\\htdocs...')
#2 F:\xampp\htdocs\policy-master-updated\vendor\codeigniter4\framework\system\Common.php(1087): CodeIgniter\View\View->render('manageclaims_al...', Array, true)
#3 F:\xampp\htdocs\policy-master-updated\app\Views\templete.php(4): view('manageclaims_al...')
#4 F:\xampp\htdocs\policy-master-updated\vendor\codeigniter4\framework\system\View\View.php(246): include('F:\\xampp\\htdocs...')
#5 F:\xampp\htdocs\policy-master-updated\vendor\codeigniter4\framework\system\Common.php(1087): CodeIgniter\View\View->render('templete', Array, true)
#6 F:\xampp\htdocs\policy-master-updated\app\Controllers\Manageclaims_alli.php(97): view('templete', Array)
#7 F:\xampp\htdocs\policy-master-updated\vendor\codeigniter4\framework\system\CodeIgniter.php(914): App\Controllers\Manageclaims_alli->add()
#8 F:\xampp\htdocs\policy-master-updated\vendor\codeigniter4\framework\system\CodeIgniter.php(400): CodeIgniter\CodeIgniter->runController(Object(App\Controllers\Manageclaims_alli))
#9 F:\xampp\htdocs\policy-master-updated\vendor\codeigniter4\framework\system\CodeIgniter.php(308): CodeIgniter\CodeIgniter->handleRequest(NULL, Object(Config\Cache), false)
#10 F:\xampp\htdocs\policy-master-updated\index.php(84): CodeIgniter\CodeIgniter->run()
#11 {main}
CRITICAL - 2021-09-06 05:50:47 --> Undefined variable: quotationdata
#0 F:\xampp\htdocs\policy-master-updated\app\Views\manageclaims_alli\add.php(79): CodeIgniter\Debug\Exceptions->errorHandler(8, 'Undefined varia...', 'F:\\xampp\\htdocs...', 79, Array)
#1 F:\xampp\htdocs\policy-master-updated\vendor\codeigniter4\framework\system\View\View.php(246): include('F:\\xampp\\htdocs...')
#2 F:\xampp\htdocs\policy-master-updated\vendor\codeigniter4\framework\system\Common.php(1087): CodeIgniter\View\View->render('manageclaims_al...', Array, true)
#3 F:\xampp\htdocs\policy-master-updated\app\Views\templete.php(4): view('manageclaims_al...')
#4 F:\xampp\htdocs\policy-master-updated\vendor\codeigniter4\framework\system\View\View.php(246): include('F:\\xampp\\htdocs...')
#5 F:\xampp\htdocs\policy-master-updated\vendor\codeigniter4\framework\system\Common.php(1087): CodeIgniter\View\View->render('templete', Array, true)
#6 F:\xampp\htdocs\policy-master-updated\app\Controllers\Manageclaims_alli.php(97): view('templete', Array)
#7 F:\xampp\htdocs\policy-master-updated\vendor\codeigniter4\framework\system\CodeIgniter.php(914): App\Controllers\Manageclaims_alli->add()
#8 F:\xampp\htdocs\policy-master-updated\vendor\codeigniter4\framework\system\CodeIgniter.php(400): CodeIgniter\CodeIgniter->runController(Object(App\Controllers\Manageclaims_alli))
#9 F:\xampp\htdocs\policy-master-updated\vendor\codeigniter4\framework\system\CodeIgniter.php(308): CodeIgniter\CodeIgniter->handleRequest(NULL, Object(Config\Cache), false)
#10 F:\xampp\htdocs\policy-master-updated\index.php(84): CodeIgniter\CodeIgniter->run()
#11 {main}
CRITICAL - 2021-09-06 05:50:51 --> Undefined variable: quotationdata
#0 F:\xampp\htdocs\policy-master-updated\app\Views\manageclaims_alli\add.php(79): CodeIgniter\Debug\Exceptions->errorHandler(8, 'Undefined varia...', 'F:\\xampp\\htdocs...', 79, Array)
#1 F:\xampp\htdocs\policy-master-updated\vendor\codeigniter4\framework\system\View\View.php(246): include('F:\\xampp\\htdocs...')
#2 F:\xampp\htdocs\policy-master-updated\vendor\codeigniter4\framework\system\Common.php(1087): CodeIgniter\View\View->render('manageclaims_al...', Array, true)
#3 F:\xampp\htdocs\policy-master-updated\app\Views\templete.php(4): view('manageclaims_al...')
#4 F:\xampp\htdocs\policy-master-updated\vendor\codeigniter4\framework\system\View\View.php(246): include('F:\\xampp\\htdocs...')
#5 F:\xampp\htdocs\policy-master-updated\vendor\codeigniter4\framework\system\Common.php(1087): CodeIgniter\View\View->render('templete', Array, true)
#6 F:\xampp\htdocs\policy-master-updated\app\Controllers\Manageclaims_alli.php(97): view('templete', Array)
#7 F:\xampp\htdocs\policy-master-updated\vendor\codeigniter4\framework\system\CodeIgniter.php(914): App\Controllers\Manageclaims_alli->add()
#8 F:\xampp\htdocs\policy-master-updated\vendor\codeigniter4\framework\system\CodeIgniter.php(400): CodeIgniter\CodeIgniter->runController(Object(App\Controllers\Manageclaims_alli))
#9 F:\xampp\htdocs\policy-master-updated\vendor\codeigniter4\framework\system\CodeIgniter.php(308): CodeIgniter\CodeIgniter->handleRequest(NULL, Object(Config\Cache), false)
#10 F:\xampp\htdocs\policy-master-updated\index.php(84): CodeIgniter\CodeIgniter->run()
#11 {main}
CRITICAL - 2021-09-06 05:51:28 --> Undefined variable: quotationdata
#0 F:\xampp\htdocs\policy-master-updated\app\Views\manageclaims_alli\add.php(80): CodeIgniter\Debug\Exceptions->errorHandler(8, 'Undefined varia...', 'F:\\xampp\\htdocs...', 80, Array)
#1 F:\xampp\htdocs\policy-master-updated\vendor\codeigniter4\framework\system\View\View.php(246): include('F:\\xampp\\htdocs...')
#2 F:\xampp\htdocs\policy-master-updated\vendor\codeigniter4\framework\system\Common.php(1087): CodeIgniter\View\View->render('manageclaims_al...', Array, true)
#3 F:\xampp\htdocs\policy-master-updated\app\Views\templete.php(4): view('manageclaims_al...')
#4 F:\xampp\htdocs\policy-master-updated\vendor\codeigniter4\framework\system\View\View.php(246): include('F:\\xampp\\htdocs...')
#5 F:\xampp\htdocs\policy-master-updated\vendor\codeigniter4\framework\system\Common.php(1087): CodeIgniter\View\View->render('templete', Array, true)
#6 F:\xampp\htdocs\policy-master-updated\app\Controllers\Manageclaims_alli.php(97): view('templete', Array)
#7 F:\xampp\htdocs\policy-master-updated\vendor\codeigniter4\framework\system\CodeIgniter.php(914): App\Controllers\Manageclaims_alli->add()
#8 F:\xampp\htdocs\policy-master-updated\vendor\codeigniter4\framework\system\CodeIgniter.php(400): CodeIgniter\CodeIgniter->runController(Object(App\Controllers\Manageclaims_alli))
#9 F:\xampp\htdocs\policy-master-updated\vendor\codeigniter4\framework\system\CodeIgniter.php(308): CodeIgniter\CodeIgniter->handleRequest(NULL, Object(Config\Cache), false)
#10 F:\xampp\htdocs\policy-master-updated\index.php(84): CodeIgniter\CodeIgniter->run()
#11 {main}
CRITICAL - 2021-09-06 05:51:40 --> Undefined variable: quotationdata
#0 F:\xampp\htdocs\policy-master-updated\app\Views\manageclaims_alli\add.php(80): CodeIgniter\Debug\Exceptions->errorHandler(8, 'Undefined varia...', 'F:\\xampp\\htdocs...', 80, Array)
#1 F:\xampp\htdocs\policy-master-updated\vendor\codeigniter4\framework\system\View\View.php(246): include('F:\\xampp\\htdocs...')
#2 F:\xampp\htdocs\policy-master-updated\vendor\codeigniter4\framework\system\Common.php(1087): CodeIgniter\View\View->render('manageclaims_al...', Array, true)
#3 F:\xampp\htdocs\policy-master-updated\app\Views\templete.php(4): view('manageclaims_al...')
#4 F:\xampp\htdocs\policy-master-updated\vendor\codeigniter4\framework\system\View\View.php(246): include('F:\\xampp\\htdocs...')
#5 F:\xampp\htdocs\policy-master-updated\vendor\codeigniter4\framework\system\Common.php(1087): CodeIgniter\View\View->render('templete', Array, true)
#6 F:\xampp\htdocs\policy-master-updated\app\Controllers\Manageclaims_alli.php(97): view('templete', Array)
#7 F:\xampp\htdocs\policy-master-updated\vendor\codeigniter4\framework\system\CodeIgniter.php(914): App\Controllers\Manageclaims_alli->add()
#8 F:\xampp\htdocs\policy-master-updated\vendor\codeigniter4\framework\system\CodeIgniter.php(400): CodeIgniter\CodeIgniter->runController(Object(App\Controllers\Manageclaims_alli))
#9 F:\xampp\htdocs\policy-master-updated\vendor\codeigniter4\framework\system\CodeIgniter.php(308): CodeIgniter\CodeIgniter->handleRequest(NULL, Object(Config\Cache), false)
#10 F:\xampp\htdocs\policy-master-updated\index.php(84): CodeIgniter\CodeIgniter->run()
#11 {main}
CRITICAL - 2021-09-06 05:52:11 --> Undefined index: Risk_Note
#0 F:\xampp\htdocs\policy-master-updated\app\Controllers\Manageclaims_alli.php(59): CodeIgniter\Debug\Exceptions->errorHandler(8, 'Undefined index...', 'F:\\xampp\\htdocs...', 59, Array)
#1 F:\xampp\htdocs\policy-master-updated\vendor\codeigniter4\framework\system\CodeIgniter.php(914): App\Controllers\Manageclaims_alli->add()
#2 F:\xampp\htdocs\policy-master-updated\vendor\codeigniter4\framework\system\CodeIgniter.php(400): CodeIgniter\CodeIgniter->runController(Object(App\Controllers\Manageclaims_alli))
#3 F:\xampp\htdocs\policy-master-updated\vendor\codeigniter4\framework\system\CodeIgniter.php(308): CodeIgniter\CodeIgniter->handleRequest(NULL, Object(Config\Cache), false)
#4 F:\xampp\htdocs\policy-master-updated\index.php(84): CodeIgniter\CodeIgniter->run()
#5 {main}
CRITICAL - 2021-09-06 05:52:22 --> Undefined index: Risk_Note
#0 F:\xampp\htdocs\policy-master-updated\app\Controllers\Manageclaims_alli.php(59): CodeIgniter\Debug\Exceptions->errorHandler(8, 'Undefined index...', 'F:\\xampp\\htdocs...', 59, Array)
#1 F:\xampp\htdocs\policy-master-updated\vendor\codeigniter4\framework\system\CodeIgniter.php(914): App\Controllers\Manageclaims_alli->add()
#2 F:\xampp\htdocs\policy-master-updated\vendor\codeigniter4\framework\system\CodeIgniter.php(400): CodeIgniter\CodeIgniter->runController(Object(App\Controllers\Manageclaims_alli))
#3 F:\xampp\htdocs\policy-master-updated\vendor\codeigniter4\framework\system\CodeIgniter.php(308): CodeIgniter\CodeIgniter->handleRequest(NULL, Object(Config\Cache), false)
#4 F:\xampp\htdocs\policy-master-updated\index.php(84): CodeIgniter\CodeIgniter->run()
#5 {main}
CRITICAL - 2021-09-06 05:52:46 --> Array to string conversion
#0 F:\xampp\htdocs\policy-master-updated\app\Controllers\Manageclaims_alli.php(58): CodeIgniter\Debug\Exceptions->errorHandler(8, 'Array to string...', 'F:\\xampp\\htdocs...', 58, Array)
#1 F:\xampp\htdocs\policy-master-updated\vendor\codeigniter4\framework\system\CodeIgniter.php(914): App\Controllers\Manageclaims_alli->add()
#2 F:\xampp\htdocs\policy-master-updated\vendor\codeigniter4\framework\system\CodeIgniter.php(400): CodeIgniter\CodeIgniter->runController(Object(App\Controllers\Manageclaims_alli))
#3 F:\xampp\htdocs\policy-master-updated\vendor\codeigniter4\framework\system\CodeIgniter.php(308): CodeIgniter\CodeIgniter->handleRequest(NULL, Object(Config\Cache), false)
#4 F:\xampp\htdocs\policy-master-updated\index.php(84): CodeIgniter\CodeIgniter->run()
#5 {main}
CRITICAL - 2021-09-06 05:52:57 --> Array to string conversion
#0 F:\xampp\htdocs\policy-master-updated\app\Controllers\Manageclaims_alli.php(58): CodeIgniter\Debug\Exceptions->errorHandler(8, 'Array to string...', 'F:\\xampp\\htdocs...', 58, Array)
#1 F:\xampp\htdocs\policy-master-updated\vendor\codeigniter4\framework\system\CodeIgniter.php(914): App\Controllers\Manageclaims_alli->add()
#2 F:\xampp\htdocs\policy-master-updated\vendor\codeigniter4\framework\system\CodeIgniter.php(400): CodeIgniter\CodeIgniter->runController(Object(App\Controllers\Manageclaims_alli))
#3 F:\xampp\htdocs\policy-master-updated\vendor\codeigniter4\framework\system\CodeIgniter.php(308): CodeIgniter\CodeIgniter->handleRequest(NULL, Object(Config\Cache), false)
#4 F:\xampp\htdocs\policy-master-updated\index.php(84): CodeIgniter\CodeIgniter->run()
#5 {main}
CRITICAL - 2021-09-06 06:32:26 --> Array to string conversion
#0 [internal function]: CodeIgniter\Debug\Exceptions->errorHandler(8, 'Array to string...', 'F:\\xampp\\htdocs...', 78, Array)
#1 F:\xampp\htdocs\policy-master-updated\app\Controllers\Manageclaims_alli.php(78): printf(Array)
#2 F:\xampp\htdocs\policy-master-updated\vendor\codeigniter4\framework\system\CodeIgniter.php(914): App\Controllers\Manageclaims_alli->add()
#3 F:\xampp\htdocs\policy-master-updated\vendor\codeigniter4\framework\system\CodeIgniter.php(400): CodeIgniter\CodeIgniter->runController(Object(App\Controllers\Manageclaims_alli))
#4 F:\xampp\htdocs\policy-master-updated\vendor\codeigniter4\framework\system\CodeIgniter.php(308): CodeIgniter\CodeIgniter->handleRequest(NULL, Object(Config\Cache), false)
#5 F:\xampp\htdocs\policy-master-updated\index.php(84): CodeIgniter\CodeIgniter->run()
#6 {main}
CRITICAL - 2021-09-06 06:32:51 --> Undefined offset: 0
#0 F:\xampp\htdocs\policy-master-updated\app\Controllers\Manageclaims_alli.php(78): CodeIgniter\Debug\Exceptions->errorHandler(8, 'Undefined offse...', 'F:\\xampp\\htdocs...', 78, Array)
#1 F:\xampp\htdocs\policy-master-updated\vendor\codeigniter4\framework\system\CodeIgniter.php(914): App\Controllers\Manageclaims_alli->add()
#2 F:\xampp\htdocs\policy-master-updated\vendor\codeigniter4\framework\system\CodeIgniter.php(400): CodeIgniter\CodeIgniter->runController(Object(App\Controllers\Manageclaims_alli))
#3 F:\xampp\htdocs\policy-master-updated\vendor\codeigniter4\framework\system\CodeIgniter.php(308): CodeIgniter\CodeIgniter->handleRequest(NULL, Object(Config\Cache), false)
#4 F:\xampp\htdocs\policy-master-updated\index.php(84): CodeIgniter\CodeIgniter->run()
#5 {main}
CRITICAL - 2021-09-06 06:34:55 --> Undefined offset: 0
#0 F:\xampp\htdocs\policy-master-updated\app\Controllers\Manageclaims_alli.php(78): CodeIgniter\Debug\Exceptions->errorHandler(8, 'Undefined offse...', 'F:\\xampp\\htdocs...', 78, Array)
#1 F:\xampp\htdocs\policy-master-updated\vendor\codeigniter4\framework\system\CodeIgniter.php(914): App\Controllers\Manageclaims_alli->add()
#2 F:\xampp\htdocs\policy-master-updated\vendor\codeigniter4\framework\system\CodeIgniter.php(400): CodeIgniter\CodeIgniter->runController(Object(App\Controllers\Manageclaims_alli))
#3 F:\xampp\htdocs\policy-master-updated\vendor\codeigniter4\framework\system\CodeIgniter.php(308): CodeIgniter\CodeIgniter->handleRequest(NULL, Object(Config\Cache), false)
#4 F:\xampp\htdocs\policy-master-updated\index.php(84): CodeIgniter\CodeIgniter->run()
#5 {main}
CRITICAL - 2021-09-06 06:35:29 --> Call to undefined function App\Controllers\printr()
#0 F:\xampp\htdocs\policy-master-updated\vendor\codeigniter4\framework\system\CodeIgniter.php(914): App\Controllers\Manageclaims_alli->add()
#1 F:\xampp\htdocs\policy-master-updated\vendor\codeigniter4\framework\system\CodeIgniter.php(400): CodeIgniter\CodeIgniter->runController(Object(App\Controllers\Manageclaims_alli))
#2 F:\xampp\htdocs\policy-master-updated\vendor\codeigniter4\framework\system\CodeIgniter.php(308): CodeIgniter\CodeIgniter->handleRequest(NULL, Object(Config\Cache), false)
#3 F:\xampp\htdocs\policy-master-updated\index.php(84): CodeIgniter\CodeIgniter->run()
#4 {main}
CRITICAL - 2021-09-06 06:47:04 --> Array to string conversion
#0 [internal function]: CodeIgniter\Debug\Exceptions->errorHandler(8, 'Array to string...', 'F:\\xampp\\htdocs...', 80, Array)
#1 F:\xampp\htdocs\policy-master-updated\app\Controllers\Manageclaims_alli.php(80): printf(Array)
#2 F:\xampp\htdocs\policy-master-updated\vendor\codeigniter4\framework\system\CodeIgniter.php(914): App\Controllers\Manageclaims_alli->add()
#3 F:\xampp\htdocs\policy-master-updated\vendor\codeigniter4\framework\system\CodeIgniter.php(400): CodeIgniter\CodeIgniter->runController(Object(App\Controllers\Manageclaims_alli))
#4 F:\xampp\htdocs\policy-master-updated\vendor\codeigniter4\framework\system\CodeIgniter.php(308): CodeIgniter\CodeIgniter->handleRequest(NULL, Object(Config\Cache), false)
#5 F:\xampp\htdocs\policy-master-updated\index.php(84): CodeIgniter\CodeIgniter->run()
#6 {main}
CRITICAL - 2021-09-06 06:51:37 --> Array to string conversion
#0 [internal function]: CodeIgniter\Debug\Exceptions->errorHandler(8, 'Array to string...', 'F:\\xampp\\htdocs...', 80, Array)
#1 F:\xampp\htdocs\policy-master-updated\app\Controllers\Manageclaims_alli.php(80): printf(Array)
#2 F:\xampp\htdocs\policy-master-updated\vendor\codeigniter4\framework\system\CodeIgniter.php(914): App\Controllers\Manageclaims_alli->add()
#3 F:\xampp\htdocs\policy-master-updated\vendor\codeigniter4\framework\system\CodeIgniter.php(400): CodeIgniter\CodeIgniter->runController(Object(App\Controllers\Manageclaims_alli))
#4 F:\xampp\htdocs\policy-master-updated\vendor\codeigniter4\framework\system\CodeIgniter.php(308): CodeIgniter\CodeIgniter->handleRequest(NULL, Object(Config\Cache), false)
#5 F:\xampp\htdocs\policy-master-updated\index.php(84): CodeIgniter\CodeIgniter->run()
#6 {main}
CRITICAL - 2021-09-06 06:54:42 --> Unknown column 'is_deleted' in 'where clause'
#0 F:\xampp\htdocs\policy-master-updated\vendor\codeigniter4\framework\system\Database\MySQLi\Connection.php(331): mysqli->query('SELECT *\nFROM `...')
#1 F:\xampp\htdocs\policy-master-updated\vendor\codeigniter4\framework\system\Database\BaseConnection.php(738): CodeIgniter\Database\MySQLi\Connection->execute('SELECT *\nFROM `...')
#2 F:\xampp\htdocs\policy-master-updated\vendor\codeigniter4\framework\system\Database\BaseConnection.php(666): CodeIgniter\Database\BaseConnection->simpleQuery('SELECT *\nFROM `...')
#3 F:\xampp\htdocs\policy-master-updated\vendor\codeigniter4\framework\system\Database\BaseBuilder.php(1845): CodeIgniter\Database\BaseConnection->query('SELECT *\nFROM `...', Array, false)
#4 F:\xampp\htdocs\policy-master-updated\vendor\codeigniter4\framework\system\Model.php(445): CodeIgniter\Database\BaseBuilder->get()
#5 F:\xampp\htdocs\policy-master-updated\app\Controllers\Manageclaims_alli.php(20): CodeIgniter\Model->findAll()
#6 F:\xampp\htdocs\policy-master-updated\vendor\codeigniter4\framework\system\CodeIgniter.php(914): App\Controllers\Manageclaims_alli->index()
#7 F:\xampp\htdocs\policy-master-updated\vendor\codeigniter4\framework\system\CodeIgniter.php(400): CodeIgniter\CodeIgniter->runController(Object(App\Controllers\Manageclaims_alli))
#8 F:\xampp\htdocs\policy-master-updated\vendor\codeigniter4\framework\system\CodeIgniter.php(308): CodeIgniter\CodeIgniter->handleRequest(NULL, Object(Config\Cache), false)
#9 F:\xampp\htdocs\policy-master-updated\index.php(84): CodeIgniter\CodeIgniter->run()
#10 {main}
CRITICAL - 2021-09-06 06:55:24 --> Undefined index: quot_id
#0 F:\xampp\htdocs\policy-master-updated\app\Controllers\Manageclaims_alli.php(28): CodeIgniter\Debug\Exceptions->errorHandler(8, 'Undefined index...', 'F:\\xampp\\htdocs...', 28, Array)
#1 F:\xampp\htdocs\policy-master-updated\vendor\codeigniter4\framework\system\CodeIgniter.php(914): App\Controllers\Manageclaims_alli->index()
#2 F:\xampp\htdocs\policy-master-updated\vendor\codeigniter4\framework\system\CodeIgniter.php(400): CodeIgniter\CodeIgniter->runController(Object(App\Controllers\Manageclaims_alli))
#3 F:\xampp\htdocs\policy-master-updated\vendor\codeigniter4\framework\system\CodeIgniter.php(308): CodeIgniter\CodeIgniter->handleRequest(NULL, Object(Config\Cache), false)
#4 F:\xampp\htdocs\policy-master-updated\index.php(84): CodeIgniter\CodeIgniter->run()
#5 {main}
CRITICAL - 2021-09-06 06:56:21 --> Undefined index: External_Claim
#0 F:\xampp\htdocs\policy-master-updated\app\Views\manageclaims_alli\list.php(114): CodeIgniter\Debug\Exceptions->errorHandler(8, 'Undefined index...', 'F:\\xampp\\htdocs...', 114, Array)
#1 F:\xampp\htdocs\policy-master-updated\vendor\codeigniter4\framework\system\View\View.php(246): include('F:\\xampp\\htdocs...')
#2 F:\xampp\htdocs\policy-master-updated\vendor\codeigniter4\framework\system\Common.php(1087): CodeIgniter\View\View->render('manageclaims_al...', Array, true)
#3 F:\xampp\htdocs\policy-master-updated\app\Views\templete.php(4): view('manageclaims_al...')
#4 F:\xampp\htdocs\policy-master-updated\vendor\codeigniter4\framework\system\View\View.php(246): include('F:\\xampp\\htdocs...')
#5 F:\xampp\htdocs\policy-master-updated\vendor\codeigniter4\framework\system\Common.php(1087): CodeIgniter\View\View->render('templete', Array, true)
#6 F:\xampp\htdocs\policy-master-updated\app\Controllers\Manageclaims_alli.php(42): view('templete', Array)
#7 F:\xampp\htdocs\policy-master-updated\vendor\codeigniter4\framework\system\CodeIgniter.php(914): App\Controllers\Manageclaims_alli->index()
#8 F:\xampp\htdocs\policy-master-updated\vendor\codeigniter4\framework\system\CodeIgniter.php(400): CodeIgniter\CodeIgniter->runController(Object(App\Controllers\Manageclaims_alli))
#9 F:\xampp\htdocs\policy-master-updated\vendor\codeigniter4\framework\system\CodeIgniter.php(308): CodeIgniter\CodeIgniter->handleRequest(NULL, Object(Config\Cache), false)
#10 F:\xampp\htdocs\policy-master-updated\index.php(84): CodeIgniter\CodeIgniter->run()
#11 {main}
CRITICAL - 2021-09-06 06:56:59 --> Undefined index: External_Claim
#0 F:\xampp\htdocs\policy-master-updated\app\Views\manageclaims_alli\list.php(114): CodeIgniter\Debug\Exceptions->errorHandler(8, 'Undefined index...', 'F:\\xampp\\htdocs...', 114, Array)
#1 F:\xampp\htdocs\policy-master-updated\vendor\codeigniter4\framework\system\View\View.php(246): include('F:\\xampp\\htdocs...')
#2 F:\xampp\htdocs\policy-master-updated\vendor\codeigniter4\framework\system\Common.php(1087): CodeIgniter\View\View->render('manageclaims_al...', Array, true)
#3 F:\xampp\htdocs\policy-master-updated\app\Views\templete.php(4): view('manageclaims_al...')
#4 F:\xampp\htdocs\policy-master-updated\vendor\codeigniter4\framework\system\View\View.php(246): include('F:\\xampp\\htdocs...')
#5 F:\xampp\htdocs\policy-master-updated\vendor\codeigniter4\framework\system\Common.php(1087): CodeIgniter\View\View->render('templete', Array, true)
#6 F:\xampp\htdocs\policy-master-updated\app\Controllers\Manageclaims_alli.php(42): view('templete', Array)
#7 F:\xampp\htdocs\policy-master-updated\vendor\codeigniter4\framework\system\CodeIgniter.php(914): App\Controllers\Manageclaims_alli->index()
#8 F:\xampp\htdocs\policy-master-updated\vendor\codeigniter4\framework\system\CodeIgniter.php(400): CodeIgniter\CodeIgniter->runController(Object(App\Controllers\Manageclaims_alli))
#9 F:\xampp\htdocs\policy-master-updated\vendor\codeigniter4\framework\system\CodeIgniter.php(308): CodeIgniter\CodeIgniter->handleRequest(NULL, Object(Config\Cache), false)
#10 F:\xampp\htdocs\policy-master-updated\index.php(84): CodeIgniter\CodeIgniter->run()
#11 {main}
CRITICAL - 2021-09-06 06:59:39 --> Undefined index: External_Claim
#0 F:\xampp\htdocs\policy-master-updated\app\Views\manageclaims_alli\list.php(114): CodeIgniter\Debug\Exceptions->errorHandler(8, 'Undefined index...', 'F:\\xampp\\htdocs...', 114, Array)
#1 F:\xampp\htdocs\policy-master-updated\vendor\codeigniter4\framework\system\View\View.php(246): include('F:\\xampp\\htdocs...')
#2 F:\xampp\htdocs\policy-master-updated\vendor\codeigniter4\framework\system\Common.php(1087): CodeIgniter\View\View->render('manageclaims_al...', Array, true)
#3 F:\xampp\htdocs\policy-master-updated\app\Views\templete.php(4): view('manageclaims_al...')
#4 F:\xampp\htdocs\policy-master-updated\vendor\codeigniter4\framework\system\View\View.php(246): include('F:\\xampp\\htdocs...')
#5 F:\xampp\htdocs\policy-master-updated\vendor\codeigniter4\framework\system\Common.php(1087): CodeIgniter\View\View->render('templete', Array, true)
#6 F:\xampp\htdocs\policy-master-updated\app\Controllers\Manageclaims_alli.php(42): view('templete', Array)
#7 F:\xampp\htdocs\policy-master-updated\vendor\codeigniter4\framework\system\CodeIgniter.php(914): App\Controllers\Manageclaims_alli->index()
#8 F:\xampp\htdocs\policy-master-updated\vendor\codeigniter4\framework\system\CodeIgniter.php(400): CodeIgniter\CodeIgniter->runController(Object(App\Controllers\Manageclaims_alli))
#9 F:\xampp\htdocs\policy-master-updated\vendor\codeigniter4\framework\system\CodeIgniter.php(308): CodeIgniter\CodeIgniter->handleRequest(NULL, Object(Config\Cache), false)
#10 F:\xampp\htdocs\policy-master-updated\index.php(84): CodeIgniter\CodeIgniter->run()
#11 {main}
CRITICAL - 2021-09-06 07:01:11 --> Undefined index: status
#0 F:\xampp\htdocs\policy-master-updated\app\Views\manageclaims_alli\list.php(122): CodeIgniter\Debug\Exceptions->errorHandler(8, 'Undefined index...', 'F:\\xampp\\htdocs...', 122, Array)
#1 F:\xampp\htdocs\policy-master-updated\vendor\codeigniter4\framework\system\View\View.php(246): include('F:\\xampp\\htdocs...')
#2 F:\xampp\htdocs\policy-master-updated\vendor\codeigniter4\framework\system\Common.php(1087): CodeIgniter\View\View->render('manageclaims_al...', Array, true)
#3 F:\xampp\htdocs\policy-master-updated\app\Views\templete.php(4): view('manageclaims_al...')
#4 F:\xampp\htdocs\policy-master-updated\vendor\codeigniter4\framework\system\View\View.php(246): include('F:\\xampp\\htdocs...')
#5 F:\xampp\htdocs\policy-master-updated\vendor\codeigniter4\framework\system\Common.php(1087): CodeIgniter\View\View->render('templete', Array, true)
#6 F:\xampp\htdocs\policy-master-updated\app\Controllers\Manageclaims_alli.php(42): view('templete', Array)
#7 F:\xampp\htdocs\policy-master-updated\vendor\codeigniter4\framework\system\CodeIgniter.php(914): App\Controllers\Manageclaims_alli->index()
#8 F:\xampp\htdocs\policy-master-updated\vendor\codeigniter4\framework\system\CodeIgniter.php(400): CodeIgniter\CodeIgniter->runController(Object(App\Controllers\Manageclaims_alli))
#9 F:\xampp\htdocs\policy-master-updated\vendor\codeigniter4\framework\system\CodeIgniter.php(308): CodeIgniter\CodeIgniter->handleRequest(NULL, Object(Config\Cache), false)
#10 F:\xampp\htdocs\policy-master-updated\index.php(84): CodeIgniter\CodeIgniter->run()
#11 {main}
CRITICAL - 2021-09-06 07:27:35 --> Array to string conversion
#0 [internal function]: CodeIgniter\Debug\Exceptions->errorHandler(8, 'Array to string...', 'F:\\xampp\\htdocs...', 37, Array)
#1 F:\xampp\htdocs\policy-master-updated\app\Controllers\Manageclaims_alli.php(37): printf(Array)
#2 F:\xampp\htdocs\policy-master-updated\vendor\codeigniter4\framework\system\CodeIgniter.php(914): App\Controllers\Manageclaims_alli->index()
#3 F:\xampp\htdocs\policy-master-updated\vendor\codeigniter4\framework\system\CodeIgniter.php(400): CodeIgniter\CodeIgniter->runController(Object(App\Controllers\Manageclaims_alli))
#4 F:\xampp\htdocs\policy-master-updated\vendor\codeigniter4\framework\system\CodeIgniter.php(308): CodeIgniter\CodeIgniter->handleRequest(NULL, Object(Config\Cache), false)
#5 F:\xampp\htdocs\policy-master-updated\index.php(84): CodeIgniter\CodeIgniter->run()
#6 {main}
CRITICAL - 2021-09-06 07:28:02 --> Array to string conversion
#0 [internal function]: CodeIgniter\Debug\Exceptions->errorHandler(8, 'Array to string...', 'F:\\xampp\\htdocs...', 37, Array)
#1 F:\xampp\htdocs\policy-master-updated\app\Controllers\Manageclaims_alli.php(37): printf(Array)
#2 F:\xampp\htdocs\policy-master-updated\vendor\codeigniter4\framework\system\CodeIgniter.php(914): App\Controllers\Manageclaims_alli->index()
#3 F:\xampp\htdocs\policy-master-updated\vendor\codeigniter4\framework\system\CodeIgniter.php(400): CodeIgniter\CodeIgniter->runController(Object(App\Controllers\Manageclaims_alli))
#4 F:\xampp\htdocs\policy-master-updated\vendor\codeigniter4\framework\system\CodeIgniter.php(308): CodeIgniter\CodeIgniter->handleRequest(NULL, Object(Config\Cache), false)
#5 F:\xampp\htdocs\policy-master-updated\index.php(84): CodeIgniter\CodeIgniter->run()
#6 {main}
CRITICAL - 2021-09-06 07:28:15 --> Array to string conversion
#0 [internal function]: CodeIgniter\Debug\Exceptions->errorHandler(8, 'Array to string...', 'F:\\xampp\\htdocs...', 34, Array)
#1 F:\xampp\htdocs\policy-master-updated\app\Controllers\Manageclaims_alli.php(34): printf(Array)
#2 F:\xampp\htdocs\policy-master-updated\vendor\codeigniter4\framework\system\CodeIgniter.php(914): App\Controllers\Manageclaims_alli->index()
#3 F:\xampp\htdocs\policy-master-updated\vendor\codeigniter4\framework\system\CodeIgniter.php(400): CodeIgniter\CodeIgniter->runController(Object(App\Controllers\Manageclaims_alli))
#4 F:\xampp\htdocs\policy-master-updated\vendor\codeigniter4\framework\system\CodeIgniter.php(308): CodeIgniter\CodeIgniter->handleRequest(NULL, Object(Config\Cache), false)
#5 F:\xampp\htdocs\policy-master-updated\index.php(84): CodeIgniter\CodeIgniter->run()
#6 {main}
CRITICAL - 2021-09-06 08:04:59 --> Unknown column 'manage_claims_alli.fk_branch_id' in 'on clause'
#0 F:\xampp\htdocs\policy-master-updated\vendor\codeigniter4\framework\system\Database\MySQLi\Connection.php(331): mysqli->query('SELECT `manage_...')
#1 F:\xampp\htdocs\policy-master-updated\vendor\codeigniter4\framework\system\Database\BaseConnection.php(738): CodeIgniter\Database\MySQLi\Connection->execute('SELECT `manage_...')
#2 F:\xampp\htdocs\policy-master-updated\vendor\codeigniter4\framework\system\Database\BaseConnection.php(666): CodeIgniter\Database\BaseConnection->simpleQuery('SELECT `manage_...')
#3 F:\xampp\htdocs\policy-master-updated\vendor\codeigniter4\framework\system\Database\BaseBuilder.php(1845): CodeIgniter\Database\BaseConnection->query('SELECT `manage_...', Array, false)
#4 F:\xampp\htdocs\policy-master-updated\vendor\codeigniter4\framework\system\Model.php(489): CodeIgniter\Database\BaseBuilder->get()
#5 F:\xampp\htdocs\policy-master-updated\app\Controllers\Manageclaims_alli.php(72): CodeIgniter\Model->first()
#6 F:\xampp\htdocs\policy-master-updated\vendor\codeigniter4\framework\system\CodeIgniter.php(914): App\Controllers\Manageclaims_alli->view_manageclaims('1')
#7 F:\xampp\htdocs\policy-master-updated\vendor\codeigniter4\framework\system\CodeIgniter.php(400): CodeIgniter\CodeIgniter->runController(Object(App\Controllers\Manageclaims_alli))
#8 F:\xampp\htdocs\policy-master-updated\vendor\codeigniter4\framework\system\CodeIgniter.php(308): CodeIgniter\CodeIgniter->handleRequest(NULL, Object(Config\Cache), false)
#9 F:\xampp\htdocs\policy-master-updated\index.php(84): CodeIgniter\CodeIgniter->run()
#10 {main}
CRITICAL - 2021-09-06 08:10:47 --> syntax error, unexpected 'echo' (T_ECHO)
#0 F:\xampp\htdocs\policy-master-updated\vendor\codeigniter4\framework\system\Common.php(1087): CodeIgniter\View\View->render('manageclaims_al...', Array, true)
#1 F:\xampp\htdocs\policy-master-updated\app\Views\templete.php(4): view('manageclaims_al...')
#2 F:\xampp\htdocs\policy-master-updated\vendor\codeigniter4\framework\system\View\View.php(246): include('F:\\xampp\\htdocs...')
#3 F:\xampp\htdocs\policy-master-updated\vendor\codeigniter4\framework\system\Common.php(1087): CodeIgniter\View\View->render('templete', Array, true)
#4 F:\xampp\htdocs\policy-master-updated\app\Controllers\Manageclaims_alli.php(75): view('templete', Array)
#5 F:\xampp\htdocs\policy-master-updated\vendor\codeigniter4\framework\system\CodeIgniter.php(914): App\Controllers\Manageclaims_alli->view_manageclaims('1')
#6 F:\xampp\htdocs\policy-master-updated\vendor\codeigniter4\framework\system\CodeIgniter.php(400): CodeIgniter\CodeIgniter->runController(Object(App\Controllers\Manageclaims_alli))
#7 F:\xampp\htdocs\policy-master-updated\vendor\codeigniter4\framework\system\CodeIgniter.php(308): CodeIgniter\CodeIgniter->handleRequest(NULL, Object(Config\Cache), false)
#8 F:\xampp\htdocs\policy-master-updated\index.php(84): CodeIgniter\CodeIgniter->run()
#9 {main}
CRITICAL - 2021-09-06 08:10:56 --> syntax error, unexpected ';'
#0 F:\xampp\htdocs\policy-master-updated\vendor\codeigniter4\framework\system\Common.php(1087): CodeIgniter\View\View->render('manageclaims_al...', Array, true)
#1 F:\xampp\htdocs\policy-master-updated\app\Views\templete.php(4): view('manageclaims_al...')
#2 F:\xampp\htdocs\policy-master-updated\vendor\codeigniter4\framework\system\View\View.php(246): include('F:\\xampp\\htdocs...')
#3 F:\xampp\htdocs\policy-master-updated\vendor\codeigniter4\framework\system\Common.php(1087): CodeIgniter\View\View->render('templete', Array, true)
#4 F:\xampp\htdocs\policy-master-updated\app\Controllers\Manageclaims_alli.php(75): view('templete', Array)
#5 F:\xampp\htdocs\policy-master-updated\vendor\codeigniter4\framework\system\CodeIgniter.php(914): App\Controllers\Manageclaims_alli->view_manageclaims('1')
#6 F:\xampp\htdocs\policy-master-updated\vendor\codeigniter4\framework\system\CodeIgniter.php(400): CodeIgniter\CodeIgniter->runController(Object(App\Controllers\Manageclaims_alli))
#7 F:\xampp\htdocs\policy-master-updated\vendor\codeigniter4\framework\system\CodeIgniter.php(308): CodeIgniter\CodeIgniter->handleRequest(NULL, Object(Config\Cache), false)
#8 F:\xampp\htdocs\policy-master-updated\index.php(84): CodeIgniter\CodeIgniter->run()
#9 {main}
CRITICAL - 2021-09-06 08:11:08 --> syntax error, unexpected ';'
#0 F:\xampp\htdocs\policy-master-updated\vendor\codeigniter4\framework\system\Common.php(1087): CodeIgniter\View\View->render('manageclaims_al...', Array, true)
#1 F:\xampp\htdocs\policy-master-updated\app\Views\templete.php(4): view('manageclaims_al...')
#2 F:\xampp\htdocs\policy-master-updated\vendor\codeigniter4\framework\system\View\View.php(246): include('F:\\xampp\\htdocs...')
#3 F:\xampp\htdocs\policy-master-updated\vendor\codeigniter4\framework\system\Common.php(1087): CodeIgniter\View\View->render('templete', Array, true)
#4 F:\xampp\htdocs\policy-master-updated\app\Controllers\Manageclaims_alli.php(75): view('templete', Array)
#5 F:\xampp\htdocs\policy-master-updated\vendor\codeigniter4\framework\system\CodeIgniter.php(914): App\Controllers\Manageclaims_alli->view_manageclaims('1')
#6 F:\xampp\htdocs\policy-master-updated\vendor\codeigniter4\framework\system\CodeIgniter.php(400): CodeIgniter\CodeIgniter->runController(Object(App\Controllers\Manageclaims_alli))
#7 F:\xampp\htdocs\policy-master-updated\vendor\codeigniter4\framework\system\CodeIgniter.php(308): CodeIgniter\CodeIgniter->handleRequest(NULL, Object(Config\Cache), false)
#8 F:\xampp\htdocs\policy-master-updated\index.php(84): CodeIgniter\CodeIgniter->run()
#9 {main}
CRITICAL - 2021-09-06 08:11:12 --> syntax error, unexpected ';'
#0 F:\xampp\htdocs\policy-master-updated\vendor\codeigniter4\framework\system\Common.php(1087): CodeIgniter\View\View->render('manageclaims_al...', Array, true)
#1 F:\xampp\htdocs\policy-master-updated\app\Views\templete.php(4): view('manageclaims_al...')
#2 F:\xampp\htdocs\policy-master-updated\vendor\codeigniter4\framework\system\View\View.php(246): include('F:\\xampp\\htdocs...')
#3 F:\xampp\htdocs\policy-master-updated\vendor\codeigniter4\framework\system\Common.php(1087): CodeIgniter\View\View->render('templete', Array, true)
#4 F:\xampp\htdocs\policy-master-updated\app\Controllers\Manageclaims_alli.php(75): view('templete', Array)
#5 F:\xampp\htdocs\policy-master-updated\vendor\codeigniter4\framework\system\CodeIgniter.php(914): App\Controllers\Manageclaims_alli->view_manageclaims('1')
#6 F:\xampp\htdocs\policy-master-updated\vendor\codeigniter4\framework\system\CodeIgniter.php(400): CodeIgniter\CodeIgniter->runController(Object(App\Controllers\Manageclaims_alli))
#7 F:\xampp\htdocs\policy-master-updated\vendor\codeigniter4\framework\system\CodeIgniter.php(308): CodeIgniter\CodeIgniter->handleRequest(NULL, Object(Config\Cache), false)
#8 F:\xampp\htdocs\policy-master-updated\index.php(84): CodeIgniter\CodeIgniter->run()
#9 {main}
CRITICAL - 2021-09-06 08:14:23 --> syntax error, unexpected '?>'
#0 F:\xampp\htdocs\policy-master-updated\vendor\codeigniter4\framework\system\Common.php(1087): CodeIgniter\View\View->render('manageclaims_al...', Array, true)
#1 F:\xampp\htdocs\policy-master-updated\app\Views\templete.php(4): view('manageclaims_al...')
#2 F:\xampp\htdocs\policy-master-updated\vendor\codeigniter4\framework\system\View\View.php(246): include('F:\\xampp\\htdocs...')
#3 F:\xampp\htdocs\policy-master-updated\vendor\codeigniter4\framework\system\Common.php(1087): CodeIgniter\View\View->render('templete', Array, true)
#4 F:\xampp\htdocs\policy-master-updated\app\Controllers\Manageclaims_alli.php(75): view('templete', Array)
#5 F:\xampp\htdocs\policy-master-updated\vendor\codeigniter4\framework\system\CodeIgniter.php(914): App\Controllers\Manageclaims_alli->view_manageclaims('1')
#6 F:\xampp\htdocs\policy-master-updated\vendor\codeigniter4\framework\system\CodeIgniter.php(400): CodeIgniter\CodeIgniter->runController(Object(App\Controllers\Manageclaims_alli))
#7 F:\xampp\htdocs\policy-master-updated\vendor\codeigniter4\framework\system\CodeIgniter.php(308): CodeIgniter\CodeIgniter->handleRequest(NULL, Object(Config\Cache), false)
#8 F:\xampp\htdocs\policy-master-updated\index.php(84): CodeIgniter\CodeIgniter->run()
#9 {main}
CRITICAL - 2021-09-06 08:14:31 --> syntax error, unexpected '?>'
#0 F:\xampp\htdocs\policy-master-updated\vendor\codeigniter4\framework\system\Common.php(1087): CodeIgniter\View\View->render('manageclaims_al...', Array, true)
#1 F:\xampp\htdocs\policy-master-updated\app\Views\templete.php(4): view('manageclaims_al...')
#2 F:\xampp\htdocs\policy-master-updated\vendor\codeigniter4\framework\system\View\View.php(246): include('F:\\xampp\\htdocs...')
#3 F:\xampp\htdocs\policy-master-updated\vendor\codeigniter4\framework\system\Common.php(1087): CodeIgniter\View\View->render('templete', Array, true)
#4 F:\xampp\htdocs\policy-master-updated\app\Controllers\Manageclaims_alli.php(75): view('templete', Array)
#5 F:\xampp\htdocs\policy-master-updated\vendor\codeigniter4\framework\system\CodeIgniter.php(914): App\Controllers\Manageclaims_alli->view_manageclaims('1')
#6 F:\xampp\htdocs\policy-master-updated\vendor\codeigniter4\framework\system\CodeIgniter.php(400): CodeIgniter\CodeIgniter->runController(Object(App\Controllers\Manageclaims_alli))
#7 F:\xampp\htdocs\policy-master-updated\vendor\codeigniter4\framework\system\CodeIgniter.php(308): CodeIgniter\CodeIgniter->handleRequest(NULL, Object(Config\Cache), false)
#8 F:\xampp\htdocs\policy-master-updated\index.php(84): CodeIgniter\CodeIgniter->run()
#9 {main}
CRITICAL - 2021-09-06 08:14:43 --> syntax error, unexpected '?>'
#0 F:\xampp\htdocs\policy-master-updated\vendor\codeigniter4\framework\system\Common.php(1087): CodeIgniter\View\View->render('manageclaims_al...', Array, true)
#1 F:\xampp\htdocs\policy-master-updated\app\Views\templete.php(4): view('manageclaims_al...')
#2 F:\xampp\htdocs\policy-master-updated\vendor\codeigniter4\framework\system\View\View.php(246): include('F:\\xampp\\htdocs...')
#3 F:\xampp\htdocs\policy-master-updated\vendor\codeigniter4\framework\system\Common.php(1087): CodeIgniter\View\View->render('templete', Array, true)
#4 F:\xampp\htdocs\policy-master-updated\app\Controllers\Manageclaims_alli.php(75): view('templete', Array)
#5 F:\xampp\htdocs\policy-master-updated\vendor\codeigniter4\framework\system\CodeIgniter.php(914): App\Controllers\Manageclaims_alli->view_manageclaims('1')
#6 F:\xampp\htdocs\policy-master-updated\vendor\codeigniter4\framework\system\CodeIgniter.php(400): CodeIgniter\CodeIgniter->runController(Object(App\Controllers\Manageclaims_alli))
#7 F:\xampp\htdocs\policy-master-updated\vendor\codeigniter4\framework\system\CodeIgniter.php(308): CodeIgniter\CodeIgniter->handleRequest(NULL, Object(Config\Cache), false)
#8 F:\xampp\htdocs\policy-master-updated\index.php(84): CodeIgniter\CodeIgniter->run()
#9 {main}
CRITICAL - 2021-09-06 08:14:52 --> syntax error, unexpected '?>'
#0 F:\xampp\htdocs\policy-master-updated\vendor\codeigniter4\framework\system\Common.php(1087): CodeIgniter\View\View->render('manageclaims_al...', Array, true)
#1 F:\xampp\htdocs\policy-master-updated\app\Views\templete.php(4): view('manageclaims_al...')
#2 F:\xampp\htdocs\policy-master-updated\vendor\codeigniter4\framework\system\View\View.php(246): include('F:\\xampp\\htdocs...')
#3 F:\xampp\htdocs\policy-master-updated\vendor\codeigniter4\framework\system\Common.php(1087): CodeIgniter\View\View->render('templete', Array, true)
#4 F:\xampp\htdocs\policy-master-updated\app\Controllers\Manageclaims_alli.php(75): view('templete', Array)
#5 F:\xampp\htdocs\policy-master-updated\vendor\codeigniter4\framework\system\CodeIgniter.php(914): App\Controllers\Manageclaims_alli->view_manageclaims('1')
#6 F:\xampp\htdocs\policy-master-updated\vendor\codeigniter4\framework\system\CodeIgniter.php(400): CodeIgniter\CodeIgniter->runController(Object(App\Controllers\Manageclaims_alli))
#7 F:\xampp\htdocs\policy-master-updated\vendor\codeigniter4\framework\system\CodeIgniter.php(308): CodeIgniter\CodeIgniter->handleRequest(NULL, Object(Config\Cache), false)
#8 F:\xampp\htdocs\policy-master-updated\index.php(84): CodeIgniter\CodeIgniter->run()
#9 {main}
CRITICAL - 2021-09-06 08:14:59 --> syntax error, unexpected '?>'
#0 F:\xampp\htdocs\policy-master-updated\vendor\codeigniter4\framework\system\Common.php(1087): CodeIgniter\View\View->render('manageclaims_al...', Array, true)
#1 F:\xampp\htdocs\policy-master-updated\app\Views\templete.php(4): view('manageclaims_al...')
#2 F:\xampp\htdocs\policy-master-updated\vendor\codeigniter4\framework\system\View\View.php(246): include('F:\\xampp\\htdocs...')
#3 F:\xampp\htdocs\policy-master-updated\vendor\codeigniter4\framework\system\Common.php(1087): CodeIgniter\View\View->render('templete', Array, true)
#4 F:\xampp\htdocs\policy-master-updated\app\Controllers\Manageclaims_alli.php(75): view('templete', Array)
#5 F:\xampp\htdocs\policy-master-updated\vendor\codeigniter4\framework\system\CodeIgniter.php(914): App\Controllers\Manageclaims_alli->view_manageclaims('1')
#6 F:\xampp\htdocs\policy-master-updated\vendor\codeigniter4\framework\system\CodeIgniter.php(400): CodeIgniter\CodeIgniter->runController(Object(App\Controllers\Manageclaims_alli))
#7 F:\xampp\htdocs\policy-master-updated\vendor\codeigniter4\framework\system\CodeIgniter.php(308): CodeIgniter\CodeIgniter->handleRequest(NULL, Object(Config\Cache), false)
#8 F:\xampp\htdocs\policy-master-updated\index.php(84): CodeIgniter\CodeIgniter->run()
#9 {main}
CRITICAL - 2021-09-06 08:15:04 --> syntax error, unexpected '?>'
#0 F:\xampp\htdocs\policy-master-updated\vendor\codeigniter4\framework\system\Common.php(1087): CodeIgniter\View\View->render('manageclaims_al...', Array, true)
#1 F:\xampp\htdocs\policy-master-updated\app\Views\templete.php(4): view('manageclaims_al...')
#2 F:\xampp\htdocs\policy-master-updated\vendor\codeigniter4\framework\system\View\View.php(246): include('F:\\xampp\\htdocs...')
#3 F:\xampp\htdocs\policy-master-updated\vendor\codeigniter4\framework\system\Common.php(1087): CodeIgniter\View\View->render('templete', Array, true)
#4 F:\xampp\htdocs\policy-master-updated\app\Controllers\Manageclaims_alli.php(75): view('templete', Array)
#5 F:\xampp\htdocs\policy-master-updated\vendor\codeigniter4\framework\system\CodeIgniter.php(914): App\Controllers\Manageclaims_alli->view_manageclaims('1')
#6 F:\xampp\htdocs\policy-master-updated\vendor\codeigniter4\framework\system\CodeIgniter.php(400): CodeIgniter\CodeIgniter->runController(Object(App\Controllers\Manageclaims_alli))
#7 F:\xampp\htdocs\policy-master-updated\vendor\codeigniter4\framework\system\CodeIgniter.php(308): CodeIgniter\CodeIgniter->handleRequest(NULL, Object(Config\Cache), false)
#8 F:\xampp\htdocs\policy-master-updated\index.php(84): CodeIgniter\CodeIgniter->run()
#9 {main}
CRITICAL - 2021-09-06 08:15:07 --> syntax error, unexpected '?>'
#0 F:\xampp\htdocs\policy-master-updated\vendor\codeigniter4\framework\system\Common.php(1087): CodeIgniter\View\View->render('manageclaims_al...', Array, true)
#1 F:\xampp\htdocs\policy-master-updated\app\Views\templete.php(4): view('manageclaims_al...')
#2 F:\xampp\htdocs\policy-master-updated\vendor\codeigniter4\framework\system\View\View.php(246): include('F:\\xampp\\htdocs...')
#3 F:\xampp\htdocs\policy-master-updated\vendor\codeigniter4\framework\system\Common.php(1087): CodeIgniter\View\View->render('templete', Array, true)
#4 F:\xampp\htdocs\policy-master-updated\app\Controllers\Manageclaims_alli.php(75): view('templete', Array)
#5 F:\xampp\htdocs\policy-master-updated\vendor\codeigniter4\framework\system\CodeIgniter.php(914): App\Controllers\Manageclaims_alli->view_manageclaims('1')
#6 F:\xampp\htdocs\policy-master-updated\vendor\codeigniter4\framework\system\CodeIgniter.php(400): CodeIgniter\CodeIgniter->runController(Object(App\Controllers\Manageclaims_alli))
#7 F:\xampp\htdocs\policy-master-updated\vendor\codeigniter4\framework\system\CodeIgniter.php(308): CodeIgniter\CodeIgniter->handleRequest(NULL, Object(Config\Cache), false)
#8 F:\xampp\htdocs\policy-master-updated\index.php(84): CodeIgniter\CodeIgniter->run()
#9 {main}
CRITICAL - 2021-09-06 08:18:53 --> syntax error, unexpected 'echo' (T_ECHO)
#0 F:\xampp\htdocs\policy-master-updated\vendor\codeigniter4\framework\system\Common.php(1087): CodeIgniter\View\View->render('manageclaims_al...', Array, true)
#1 F:\xampp\htdocs\policy-master-updated\app\Views\templete.php(4): view('manageclaims_al...')
#2 F:\xampp\htdocs\policy-master-updated\vendor\codeigniter4\framework\system\View\View.php(246): include('F:\\xampp\\htdocs...')
#3 F:\xampp\htdocs\policy-master-updated\vendor\codeigniter4\framework\system\Common.php(1087): CodeIgniter\View\View->render('templete', Array, true)
#4 F:\xampp\htdocs\policy-master-updated\app\Controllers\Manageclaims_alli.php(75): view('templete', Array)
#5 F:\xampp\htdocs\policy-master-updated\vendor\codeigniter4\framework\system\CodeIgniter.php(914): App\Controllers\Manageclaims_alli->view_manageclaims('1')
#6 F:\xampp\htdocs\policy-master-updated\vendor\codeigniter4\framework\system\CodeIgniter.php(400): CodeIgniter\CodeIgniter->runController(Object(App\Controllers\Manageclaims_alli))
#7 F:\xampp\htdocs\policy-master-updated\vendor\codeigniter4\framework\system\CodeIgniter.php(308): CodeIgniter\CodeIgniter->handleRequest(NULL, Object(Config\Cache), false)
#8 F:\xampp\htdocs\policy-master-updated\index.php(84): CodeIgniter\CodeIgniter->run()
#9 {main}
CRITICAL - 2021-09-06 08:19:05 --> syntax error, unexpected 'echo' (T_ECHO)
#0 F:\xampp\htdocs\policy-master-updated\vendor\codeigniter4\framework\system\Common.php(1087): CodeIgniter\View\View->render('manageclaims_al...', Array, true)
#1 F:\xampp\htdocs\policy-master-updated\app\Views\templete.php(4): view('manageclaims_al...')
#2 F:\xampp\htdocs\policy-master-updated\vendor\codeigniter4\framework\system\View\View.php(246): include('F:\\xampp\\htdocs...')
#3 F:\xampp\htdocs\policy-master-updated\vendor\codeigniter4\framework\system\Common.php(1087): CodeIgniter\View\View->render('templete', Array, true)
#4 F:\xampp\htdocs\policy-master-updated\app\Controllers\Manageclaims_alli.php(75): view('templete', Array)
#5 F:\xampp\htdocs\policy-master-updated\vendor\codeigniter4\framework\system\CodeIgniter.php(914): App\Controllers\Manageclaims_alli->view_manageclaims('1')
#6 F:\xampp\htdocs\policy-master-updated\vendor\codeigniter4\framework\system\CodeIgniter.php(400): CodeIgniter\CodeIgniter->runController(Object(App\Controllers\Manageclaims_alli))
#7 F:\xampp\htdocs\policy-master-updated\vendor\codeigniter4\framework\system\CodeIgniter.php(308): CodeIgniter\CodeIgniter->handleRequest(NULL, Object(Config\Cache), false)
#8 F:\xampp\htdocs\policy-master-updated\index.php(84): CodeIgniter\CodeIgniter->run()
#9 {main}
CRITICAL - 2021-09-06 08:22:34 --> syntax error, unexpected ''branch_id'' (T_CONSTANT_ENCAPSED_STRING)
#0 F:\xampp\htdocs\policy-master-updated\vendor\codeigniter4\framework\system\Common.php(1087): CodeIgniter\View\View->render('manageclaims_al...', Array, true)
#1 F:\xampp\htdocs\policy-master-updated\app\Views\templete.php(4): view('manageclaims_al...')
#2 F:\xampp\htdocs\policy-master-updated\vendor\codeigniter4\framework\system\View\View.php(246): include('F:\\xampp\\htdocs...')
#3 F:\xampp\htdocs\policy-master-updated\vendor\codeigniter4\framework\system\Common.php(1087): CodeIgniter\View\View->render('templete', Array, true)
#4 F:\xampp\htdocs\policy-master-updated\app\Controllers\Manageclaims_alli.php(75): view('templete', Array)
#5 F:\xampp\htdocs\policy-master-updated\vendor\codeigniter4\framework\system\CodeIgniter.php(914): App\Controllers\Manageclaims_alli->view_manageclaims('1')
#6 F:\xampp\htdocs\policy-master-updated\vendor\codeigniter4\framework\system\CodeIgniter.php(400): CodeIgniter\CodeIgniter->runController(Object(App\Controllers\Manageclaims_alli))
#7 F:\xampp\htdocs\policy-master-updated\vendor\codeigniter4\framework\system\CodeIgniter.php(308): CodeIgniter\CodeIgniter->handleRequest(NULL, Object(Config\Cache), false)
#8 F:\xampp\htdocs\policy-master-updated\index.php(84): CodeIgniter\CodeIgniter->run()
#9 {main}
CRITICAL - 2021-09-06 08:23:11 --> syntax error, unexpected ''branch_id'' (T_CONSTANT_ENCAPSED_STRING)
#0 F:\xampp\htdocs\policy-master-updated\vendor\codeigniter4\framework\system\Common.php(1087): CodeIgniter\View\View->render('manageclaims_al...', Array, true)
#1 F:\xampp\htdocs\policy-master-updated\app\Views\templete.php(4): view('manageclaims_al...')
#2 F:\xampp\htdocs\policy-master-updated\vendor\codeigniter4\framework\system\View\View.php(246): include('F:\\xampp\\htdocs...')
#3 F:\xampp\htdocs\policy-master-updated\vendor\codeigniter4\framework\system\Common.php(1087): CodeIgniter\View\View->render('templete', Array, true)
#4 F:\xampp\htdocs\policy-master-updated\app\Controllers\Manageclaims_alli.php(75): view('templete', Array)
#5 F:\xampp\htdocs\policy-master-updated\vendor\codeigniter4\framework\system\CodeIgniter.php(914): App\Controllers\Manageclaims_alli->view_manageclaims('1')
#6 F:\xampp\htdocs\policy-master-updated\vendor\codeigniter4\framework\system\CodeIgniter.php(400): CodeIgniter\CodeIgniter->runController(Object(App\Controllers\Manageclaims_alli))
#7 F:\xampp\htdocs\policy-master-updated\vendor\codeigniter4\framework\system\CodeIgniter.php(308): CodeIgniter\CodeIgniter->handleRequest(NULL, Object(Config\Cache), false)
#8 F:\xampp\htdocs\policy-master-updated\index.php(84): CodeIgniter\CodeIgniter->run()
#9 {main}
CRITICAL - 2021-09-06 08:23:34 --> syntax error, unexpected ''branch_id'' (T_CONSTANT_ENCAPSED_STRING)
#0 F:\xampp\htdocs\policy-master-updated\vendor\codeigniter4\framework\system\Common.php(1087): CodeIgniter\View\View->render('manageclaims_al...', Array, true)
#1 F:\xampp\htdocs\policy-master-updated\app\Views\templete.php(4): view('manageclaims_al...')
#2 F:\xampp\htdocs\policy-master-updated\vendor\codeigniter4\framework\system\View\View.php(246): include('F:\\xampp\\htdocs...')
#3 F:\xampp\htdocs\policy-master-updated\vendor\codeigniter4\framework\system\Common.php(1087): CodeIgniter\View\View->render('templete', Array, true)
#4 F:\xampp\htdocs\policy-master-updated\app\Controllers\Manageclaims_alli.php(75): view('templete', Array)
#5 F:\xampp\htdocs\policy-master-updated\vendor\codeigniter4\framework\system\CodeIgniter.php(914): App\Controllers\Manageclaims_alli->view_manageclaims('1')
#6 F:\xampp\htdocs\policy-master-updated\vendor\codeigniter4\framework\system\CodeIgniter.php(400): CodeIgniter\CodeIgniter->runController(Object(App\Controllers\Manageclaims_alli))
#7 F:\xampp\htdocs\policy-master-updated\vendor\codeigniter4\framework\system\CodeIgniter.php(308): CodeIgniter\CodeIgniter->handleRequest(NULL, Object(Config\Cache), false)
#8 F:\xampp\htdocs\policy-master-updated\index.php(84): CodeIgniter\CodeIgniter->run()
#9 {main}
CRITICAL - 2021-09-06 08:37:52 --> Undefined index: insurance_class_id
#0 F:\xampp\htdocs\policy-master-updated\app\Views\manageclaims_alli\display.php(103): CodeIgniter\Debug\Exceptions->errorHandler(8, 'Undefined index...', 'F:\\xampp\\htdocs...', 103, Array)
#1 F:\xampp\htdocs\policy-master-updated\vendor\codeigniter4\framework\system\View\View.php(246): include('F:\\xampp\\htdocs...')
#2 F:\xampp\htdocs\policy-master-updated\vendor\codeigniter4\framework\system\Common.php(1087): CodeIgniter\View\View->render('manageclaims_al...', Array, true)
#3 F:\xampp\htdocs\policy-master-updated\app\Views\templete.php(4): view('manageclaims_al...')
#4 F:\xampp\htdocs\policy-master-updated\vendor\codeigniter4\framework\system\View\View.php(246): include('F:\\xampp\\htdocs...')
#5 F:\xampp\htdocs\policy-master-updated\vendor\codeigniter4\framework\system\Common.php(1087): CodeIgniter\View\View->render('templete', Array, true)
#6 F:\xampp\htdocs\policy-master-updated\app\Controllers\Manageclaims_alli.php(75): view('templete', Array)
#7 F:\xampp\htdocs\policy-master-updated\vendor\codeigniter4\framework\system\CodeIgniter.php(914): App\Controllers\Manageclaims_alli->view_manageclaims('2')
#8 F:\xampp\htdocs\policy-master-updated\vendor\codeigniter4\framework\system\CodeIgniter.php(400): CodeIgniter\CodeIgniter->runController(Object(App\Controllers\Manageclaims_alli))
#9 F:\xampp\htdocs\policy-master-updated\vendor\codeigniter4\framework\system\CodeIgniter.php(308): CodeIgniter\CodeIgniter->handleRequest(NULL, Object(Config\Cache), false)
#10 F:\xampp\htdocs\policy-master-updated\index.php(84): CodeIgniter\CodeIgniter->run()
#11 {main}
CRITICAL - 2021-09-06 08:38:04 --> Undefined index: insurance_class_id
#0 F:\xampp\htdocs\policy-master-updated\app\Views\manageclaims_alli\display.php(103): CodeIgniter\Debug\Exceptions->errorHandler(8, 'Undefined index...', 'F:\\xampp\\htdocs...', 103, Array)
#1 F:\xampp\htdocs\policy-master-updated\vendor\codeigniter4\framework\system\View\View.php(246): include('F:\\xampp\\htdocs...')
#2 F:\xampp\htdocs\policy-master-updated\vendor\codeigniter4\framework\system\Common.php(1087): CodeIgniter\View\View->render('manageclaims_al...', Array, true)
#3 F:\xampp\htdocs\policy-master-updated\app\Views\templete.php(4): view('manageclaims_al...')
#4 F:\xampp\htdocs\policy-master-updated\vendor\codeigniter4\framework\system\View\View.php(246): include('F:\\xampp\\htdocs...')
#5 F:\xampp\htdocs\policy-master-updated\vendor\codeigniter4\framework\system\Common.php(1087): CodeIgniter\View\View->render('templete', Array, true)
#6 F:\xampp\htdocs\policy-master-updated\app\Controllers\Manageclaims_alli.php(75): view('templete', Array)
#7 F:\xampp\htdocs\policy-master-updated\vendor\codeigniter4\framework\system\CodeIgniter.php(914): App\Controllers\Manageclaims_alli->view_manageclaims('2')
#8 F:\xampp\htdocs\policy-master-updated\vendor\codeigniter4\framework\system\CodeIgniter.php(400): CodeIgniter\CodeIgniter->runController(Object(App\Controllers\Manageclaims_alli))
#9 F:\xampp\htdocs\policy-master-updated\vendor\codeigniter4\framework\system\CodeIgniter.php(308): CodeIgniter\CodeIgniter->handleRequest(NULL, Object(Config\Cache), false)
#10 F:\xampp\htdocs\policy-master-updated\index.php(84): CodeIgniter\CodeIgniter->run()
#11 {main}
