CRITICAL - 2021-08-16 00:08:35 --> syntax error, unexpected '}', expecting end of file
#0 F:\xampp\htdocs\policy-master-updated\vendor\codeigniter4\framework\system\Common.php(1087): CodeIgniter\View\View->render('quotation/add4', Array, true)
#1 F:\xampp\htdocs\policy-master-updated\app\Views\templete.php(4): view('quotation/add4')
#2 F:\xampp\htdocs\policy-master-updated\vendor\codeigniter4\framework\system\View\View.php(246): include('F:\\xampp\\htdocs...')
#3 F:\xampp\htdocs\policy-master-updated\vendor\codeigniter4\framework\system\Common.php(1087): CodeIgniter\View\View->render('templete', Array, true)
#4 F:\xampp\htdocs\policy-master-updated\app\Controllers\Quotation.php(124): view('templete', Array)
#5 F:\xampp\htdocs\policy-master-updated\vendor\codeigniter4\framework\system\CodeIgniter.php(914): App\Controllers\Quotation->add_medical_quatation('4')
#6 F:\xampp\htdocs\policy-master-updated\vendor\codeigniter4\framework\system\CodeIgniter.php(400): CodeIgniter\CodeIgniter->runController(Object(App\Controllers\Quotation))
#7 F:\xampp\htdocs\policy-master-updated\vendor\codeigniter4\framework\system\CodeIgniter.php(308): CodeIgniter\CodeIgniter->handleRequest(NULL, Object(Config\Cache), false)
#8 F:\xampp\htdocs\policy-master-updated\index.php(84): CodeIgniter\CodeIgniter->run()
#9 {main}
CRITICAL - 2021-08-16 00:11:26 --> syntax error, unexpected '}', expecting end of file
#0 F:\xampp\htdocs\policy-master-updated\vendor\codeigniter4\framework\system\Common.php(1087): CodeIgniter\View\View->render('quotation/add4', Array, true)
#1 F:\xampp\htdocs\policy-master-updated\app\Views\templete.php(4): view('quotation/add4')
#2 F:\xampp\htdocs\policy-master-updated\vendor\codeigniter4\framework\system\View\View.php(246): include('F:\\xampp\\htdocs...')
#3 F:\xampp\htdocs\policy-master-updated\vendor\codeigniter4\framework\system\Common.php(1087): CodeIgniter\View\View->render('templete', Array, true)
#4 F:\xampp\htdocs\policy-master-updated\app\Controllers\Quotation.php(124): view('templete', Array)
#5 F:\xampp\htdocs\policy-master-updated\vendor\codeigniter4\framework\system\CodeIgniter.php(914): App\Controllers\Quotation->add_medical_quatation('4')
#6 F:\xampp\htdocs\policy-master-updated\vendor\codeigniter4\framework\system\CodeIgniter.php(400): CodeIgniter\CodeIgniter->runController(Object(App\Controllers\Quotation))
#7 F:\xampp\htdocs\policy-master-updated\vendor\codeigniter4\framework\system\CodeIgniter.php(308): CodeIgniter\CodeIgniter->handleRequest(NULL, Object(Config\Cache), false)
#8 F:\xampp\htdocs\policy-master-updated\index.php(84): CodeIgniter\CodeIgniter->run()
#9 {main}
CRITICAL - 2021-08-16 00:12:55 --> syntax error, unexpected '}', expecting end of file
#0 F:\xampp\htdocs\policy-master-updated\vendor\codeigniter4\framework\system\Common.php(1087): CodeIgniter\View\View->render('quotation/add4', Array, true)
#1 F:\xampp\htdocs\policy-master-updated\app\Views\templete.php(4): view('quotation/add4')
#2 F:\xampp\htdocs\policy-master-updated\vendor\codeigniter4\framework\system\View\View.php(246): include('F:\\xampp\\htdocs...')
#3 F:\xampp\htdocs\policy-master-updated\vendor\codeigniter4\framework\system\Common.php(1087): CodeIgniter\View\View->render('templete', Array, true)
#4 F:\xampp\htdocs\policy-master-updated\app\Controllers\Quotation.php(124): view('templete', Array)
#5 F:\xampp\htdocs\policy-master-updated\vendor\codeigniter4\framework\system\CodeIgniter.php(914): App\Controllers\Quotation->add_medical_quatation('4')
#6 F:\xampp\htdocs\policy-master-updated\vendor\codeigniter4\framework\system\CodeIgniter.php(400): CodeIgniter\CodeIgniter->runController(Object(App\Controllers\Quotation))
#7 F:\xampp\htdocs\policy-master-updated\vendor\codeigniter4\framework\system\CodeIgniter.php(308): CodeIgniter\CodeIgniter->handleRequest(NULL, Object(Config\Cache), false)
#8 F:\xampp\htdocs\policy-master-updated\index.php(84): CodeIgniter\CodeIgniter->run()
#9 {main}
CRITICAL - 2021-08-16 00:12:58 --> syntax error, unexpected '}', expecting end of file
#0 F:\xampp\htdocs\policy-master-updated\vendor\codeigniter4\framework\system\Common.php(1087): CodeIgniter\View\View->render('quotation/add4', Array, true)
#1 F:\xampp\htdocs\policy-master-updated\app\Views\templete.php(4): view('quotation/add4')
#2 F:\xampp\htdocs\policy-master-updated\vendor\codeigniter4\framework\system\View\View.php(246): include('F:\\xampp\\htdocs...')
#3 F:\xampp\htdocs\policy-master-updated\vendor\codeigniter4\framework\system\Common.php(1087): CodeIgniter\View\View->render('templete', Array, true)
#4 F:\xampp\htdocs\policy-master-updated\app\Controllers\Quotation.php(124): view('templete', Array)
#5 F:\xampp\htdocs\policy-master-updated\vendor\codeigniter4\framework\system\CodeIgniter.php(914): App\Controllers\Quotation->add_medical_quatation('4')
#6 F:\xampp\htdocs\policy-master-updated\vendor\codeigniter4\framework\system\CodeIgniter.php(400): CodeIgniter\CodeIgniter->runController(Object(App\Controllers\Quotation))
#7 F:\xampp\htdocs\policy-master-updated\vendor\codeigniter4\framework\system\CodeIgniter.php(308): CodeIgniter\CodeIgniter->handleRequest(NULL, Object(Config\Cache), false)
#8 F:\xampp\htdocs\policy-master-updated\index.php(84): CodeIgniter\CodeIgniter->run()
#9 {main}
CRITICAL - 2021-08-16 00:13:43 --> Undefined variable: insurance_class
#0 F:\xampp\htdocs\policy-master-updated\app\Views\quotation\add4.php(128): CodeIgniter\Debug\Exceptions->errorHandler(8, 'Undefined varia...', 'F:\\xampp\\htdocs...', 128, Array)
#1 F:\xampp\htdocs\policy-master-updated\vendor\codeigniter4\framework\system\View\View.php(246): include('F:\\xampp\\htdocs...')
#2 F:\xampp\htdocs\policy-master-updated\vendor\codeigniter4\framework\system\Common.php(1087): CodeIgniter\View\View->render('quotation/add4', Array, true)
#3 F:\xampp\htdocs\policy-master-updated\app\Views\templete.php(4): view('quotation/add4')
#4 F:\xampp\htdocs\policy-master-updated\vendor\codeigniter4\framework\system\View\View.php(246): include('F:\\xampp\\htdocs...')
#5 F:\xampp\htdocs\policy-master-updated\vendor\codeigniter4\framework\system\Common.php(1087): CodeIgniter\View\View->render('templete', Array, true)
#6 F:\xampp\htdocs\policy-master-updated\app\Controllers\Quotation.php(124): view('templete', Array)
#7 F:\xampp\htdocs\policy-master-updated\vendor\codeigniter4\framework\system\CodeIgniter.php(914): App\Controllers\Quotation->add_medical_quatation('4')
#8 F:\xampp\htdocs\policy-master-updated\vendor\codeigniter4\framework\system\CodeIgniter.php(400): CodeIgniter\CodeIgniter->runController(Object(App\Controllers\Quotation))
#9 F:\xampp\htdocs\policy-master-updated\vendor\codeigniter4\framework\system\CodeIgniter.php(308): CodeIgniter\CodeIgniter->handleRequest(NULL, Object(Config\Cache), false)
#10 F:\xampp\htdocs\policy-master-updated\index.php(84): CodeIgniter\CodeIgniter->run()
#11 {main}
CRITICAL - 2021-08-16 00:16:59 --> Undefined variable: in
#0 F:\xampp\htdocs\policy-master-updated\app\Views\quotation\add4.php(128): CodeIgniter\Debug\Exceptions->errorHandler(8, 'Undefined varia...', 'F:\\xampp\\htdocs...', 128, Array)
#1 F:\xampp\htdocs\policy-master-updated\vendor\codeigniter4\framework\system\View\View.php(246): include('F:\\xampp\\htdocs...')
#2 F:\xampp\htdocs\policy-master-updated\vendor\codeigniter4\framework\system\Common.php(1087): CodeIgniter\View\View->render('quotation/add4', Array, true)
#3 F:\xampp\htdocs\policy-master-updated\app\Views\templete.php(4): view('quotation/add4')
#4 F:\xampp\htdocs\policy-master-updated\vendor\codeigniter4\framework\system\View\View.php(246): include('F:\\xampp\\htdocs...')
#5 F:\xampp\htdocs\policy-master-updated\vendor\codeigniter4\framework\system\Common.php(1087): CodeIgniter\View\View->render('templete', Array, true)
#6 F:\xampp\htdocs\policy-master-updated\app\Controllers\Quotation.php(124): view('templete', Array)
#7 F:\xampp\htdocs\policy-master-updated\vendor\codeigniter4\framework\system\CodeIgniter.php(914): App\Controllers\Quotation->add_medical_quatation('4')
#8 F:\xampp\htdocs\policy-master-updated\vendor\codeigniter4\framework\system\CodeIgniter.php(400): CodeIgniter\CodeIgniter->runController(Object(App\Controllers\Quotation))
#9 F:\xampp\htdocs\policy-master-updated\vendor\codeigniter4\framework\system\CodeIgniter.php(308): CodeIgniter\CodeIgniter->handleRequest(NULL, Object(Config\Cache), false)
#10 F:\xampp\htdocs\policy-master-updated\index.php(84): CodeIgniter\CodeIgniter->run()
#11 {main}
CRITICAL - 2021-08-16 00:17:08 --> Undefined variable: relationship
#0 F:\xampp\htdocs\policy-master-updated\app\Views\quotation\add4.php(176): CodeIgniter\Debug\Exceptions->errorHandler(8, 'Undefined varia...', 'F:\\xampp\\htdocs...', 176, Array)
#1 F:\xampp\htdocs\policy-master-updated\vendor\codeigniter4\framework\system\View\View.php(246): include('F:\\xampp\\htdocs...')
#2 F:\xampp\htdocs\policy-master-updated\vendor\codeigniter4\framework\system\Common.php(1087): CodeIgniter\View\View->render('quotation/add4', Array, true)
#3 F:\xampp\htdocs\policy-master-updated\app\Views\templete.php(4): view('quotation/add4')
#4 F:\xampp\htdocs\policy-master-updated\vendor\codeigniter4\framework\system\View\View.php(246): include('F:\\xampp\\htdocs...')
#5 F:\xampp\htdocs\policy-master-updated\vendor\codeigniter4\framework\system\Common.php(1087): CodeIgniter\View\View->render('templete', Array, true)
#6 F:\xampp\htdocs\policy-master-updated\app\Controllers\Quotation.php(124): view('templete', Array)
#7 F:\xampp\htdocs\policy-master-updated\vendor\codeigniter4\framework\system\CodeIgniter.php(914): App\Controllers\Quotation->add_medical_quatation('4')
#8 F:\xampp\htdocs\policy-master-updated\vendor\codeigniter4\framework\system\CodeIgniter.php(400): CodeIgniter\CodeIgniter->runController(Object(App\Controllers\Quotation))
#9 F:\xampp\htdocs\policy-master-updated\vendor\codeigniter4\framework\system\CodeIgniter.php(308): CodeIgniter\CodeIgniter->handleRequest(NULL, Object(Config\Cache), false)
#10 F:\xampp\htdocs\policy-master-updated\index.php(84): CodeIgniter\CodeIgniter->run()
#11 {main}
CRITICAL - 2021-08-16 00:17:24 --> Undefined variable: liferecord
#0 F:\xampp\htdocs\policy-master-updated\app\Views\quotation\add4.php(182): CodeIgniter\Debug\Exceptions->errorHandler(8, 'Undefined varia...', 'F:\\xampp\\htdocs...', 182, Array)
#1 F:\xampp\htdocs\policy-master-updated\vendor\codeigniter4\framework\system\View\View.php(246): include('F:\\xampp\\htdocs...')
#2 F:\xampp\htdocs\policy-master-updated\vendor\codeigniter4\framework\system\Common.php(1087): CodeIgniter\View\View->render('quotation/add4', Array, true)
#3 F:\xampp\htdocs\policy-master-updated\app\Views\templete.php(4): view('quotation/add4')
#4 F:\xampp\htdocs\policy-master-updated\vendor\codeigniter4\framework\system\View\View.php(246): include('F:\\xampp\\htdocs...')
#5 F:\xampp\htdocs\policy-master-updated\vendor\codeigniter4\framework\system\Common.php(1087): CodeIgniter\View\View->render('templete', Array, true)
#6 F:\xampp\htdocs\policy-master-updated\app\Controllers\Quotation.php(124): view('templete', Array)
#7 F:\xampp\htdocs\policy-master-updated\vendor\codeigniter4\framework\system\CodeIgniter.php(914): App\Controllers\Quotation->add_medical_quatation('4')
#8 F:\xampp\htdocs\policy-master-updated\vendor\codeigniter4\framework\system\CodeIgniter.php(400): CodeIgniter\CodeIgniter->runController(Object(App\Controllers\Quotation))
#9 F:\xampp\htdocs\policy-master-updated\vendor\codeigniter4\framework\system\CodeIgniter.php(308): CodeIgniter\CodeIgniter->handleRequest(NULL, Object(Config\Cache), false)
#10 F:\xampp\htdocs\policy-master-updated\index.php(84): CodeIgniter\CodeIgniter->run()
#11 {main}
CRITICAL - 2021-08-16 01:10:07 --> Undefined variable: insurance_class
#0 F:\xampp\htdocs\policy-master-updated\app\Views\quotation\add4.php(241): CodeIgniter\Debug\Exceptions->errorHandler(8, 'Undefined varia...', 'F:\\xampp\\htdocs...', 241, Array)
#1 F:\xampp\htdocs\policy-master-updated\vendor\codeigniter4\framework\system\View\View.php(246): include('F:\\xampp\\htdocs...')
#2 F:\xampp\htdocs\policy-master-updated\vendor\codeigniter4\framework\system\Common.php(1087): CodeIgniter\View\View->render('quotation/add4', Array, true)
#3 F:\xampp\htdocs\policy-master-updated\app\Views\templete.php(4): view('quotation/add4')
#4 F:\xampp\htdocs\policy-master-updated\vendor\codeigniter4\framework\system\View\View.php(246): include('F:\\xampp\\htdocs...')
#5 F:\xampp\htdocs\policy-master-updated\vendor\codeigniter4\framework\system\Common.php(1087): CodeIgniter\View\View->render('templete', Array, true)
#6 F:\xampp\htdocs\policy-master-updated\app\Controllers\Quotation.php(126): view('templete', Array)
#7 F:\xampp\htdocs\policy-master-updated\vendor\codeigniter4\framework\system\CodeIgniter.php(914): App\Controllers\Quotation->add_medical_quatation('4')
#8 F:\xampp\htdocs\policy-master-updated\vendor\codeigniter4\framework\system\CodeIgniter.php(400): CodeIgniter\CodeIgniter->runController(Object(App\Controllers\Quotation))
#9 F:\xampp\htdocs\policy-master-updated\vendor\codeigniter4\framework\system\CodeIgniter.php(308): CodeIgniter\CodeIgniter->handleRequest(NULL, Object(Config\Cache), false)
#10 F:\xampp\htdocs\policy-master-updated\index.php(84): CodeIgniter\CodeIgniter->run()
#11 {main}
CRITICAL - 2021-08-16 01:10:14 --> Undefined variable: insurance_Class
#0 F:\xampp\htdocs\policy-master-updated\app\Views\quotation\add4.php(241): CodeIgniter\Debug\Exceptions->errorHandler(8, 'Undefined varia...', 'F:\\xampp\\htdocs...', 241, Array)
#1 F:\xampp\htdocs\policy-master-updated\vendor\codeigniter4\framework\system\View\View.php(246): include('F:\\xampp\\htdocs...')
#2 F:\xampp\htdocs\policy-master-updated\vendor\codeigniter4\framework\system\Common.php(1087): CodeIgniter\View\View->render('quotation/add4', Array, true)
#3 F:\xampp\htdocs\policy-master-updated\app\Views\templete.php(4): view('quotation/add4')
#4 F:\xampp\htdocs\policy-master-updated\vendor\codeigniter4\framework\system\View\View.php(246): include('F:\\xampp\\htdocs...')
#5 F:\xampp\htdocs\policy-master-updated\vendor\codeigniter4\framework\system\Common.php(1087): CodeIgniter\View\View->render('templete', Array, true)
#6 F:\xampp\htdocs\policy-master-updated\app\Controllers\Quotation.php(126): view('templete', Array)
#7 F:\xampp\htdocs\policy-master-updated\vendor\codeigniter4\framework\system\CodeIgniter.php(914): App\Controllers\Quotation->add_medical_quatation('4')
#8 F:\xampp\htdocs\policy-master-updated\vendor\codeigniter4\framework\system\CodeIgniter.php(400): CodeIgniter\CodeIgniter->runController(Object(App\Controllers\Quotation))
#9 F:\xampp\htdocs\policy-master-updated\vendor\codeigniter4\framework\system\CodeIgniter.php(308): CodeIgniter\CodeIgniter->handleRequest(NULL, Object(Config\Cache), false)
#10 F:\xampp\htdocs\policy-master-updated\index.php(84): CodeIgniter\CodeIgniter->run()
#11 {main}
CRITICAL - 2021-08-16 01:10:24 --> Undefined variable: qs
#0 F:\xampp\htdocs\policy-master-updated\app\Views\quotation\add4.php(247): CodeIgniter\Debug\Exceptions->errorHandler(8, 'Undefined varia...', 'F:\\xampp\\htdocs...', 247, Array)
#1 F:\xampp\htdocs\policy-master-updated\vendor\codeigniter4\framework\system\View\View.php(246): include('F:\\xampp\\htdocs...')
#2 F:\xampp\htdocs\policy-master-updated\vendor\codeigniter4\framework\system\Common.php(1087): CodeIgniter\View\View->render('quotation/add4', Array, true)
#3 F:\xampp\htdocs\policy-master-updated\app\Views\templete.php(4): view('quotation/add4')
#4 F:\xampp\htdocs\policy-master-updated\vendor\codeigniter4\framework\system\View\View.php(246): include('F:\\xampp\\htdocs...')
#5 F:\xampp\htdocs\policy-master-updated\vendor\codeigniter4\framework\system\Common.php(1087): CodeIgniter\View\View->render('templete', Array, true)
#6 F:\xampp\htdocs\policy-master-updated\app\Controllers\Quotation.php(126): view('templete', Array)
#7 F:\xampp\htdocs\policy-master-updated\vendor\codeigniter4\framework\system\CodeIgniter.php(914): App\Controllers\Quotation->add_medical_quatation('4')
#8 F:\xampp\htdocs\policy-master-updated\vendor\codeigniter4\framework\system\CodeIgniter.php(400): CodeIgniter\CodeIgniter->runController(Object(App\Controllers\Quotation))
#9 F:\xampp\htdocs\policy-master-updated\vendor\codeigniter4\framework\system\CodeIgniter.php(308): CodeIgniter\CodeIgniter->handleRequest(NULL, Object(Config\Cache), false)
#10 F:\xampp\htdocs\policy-master-updated\index.php(84): CodeIgniter\CodeIgniter->run()
#11 {main}
CRITICAL - 2021-08-16 05:50:41 --> Undefined index: id
#0 F:\xampp\htdocs\policy-master-updated\app\Controllers\Quotation.php(572): CodeIgniter\Debug\Exceptions->errorHandler(8, 'Undefined index...', 'F:\\xampp\\htdocs...', 572, Array)
#1 F:\xampp\htdocs\policy-master-updated\vendor\codeigniter4\framework\system\CodeIgniter.php(914): App\Controllers\Quotation->edit_medical_quotation()
#2 F:\xampp\htdocs\policy-master-updated\vendor\codeigniter4\framework\system\CodeIgniter.php(400): CodeIgniter\CodeIgniter->runController(Object(App\Controllers\Quotation))
#3 F:\xampp\htdocs\policy-master-updated\vendor\codeigniter4\framework\system\CodeIgniter.php(308): CodeIgniter\CodeIgniter->handleRequest(NULL, Object(Config\Cache), false)
#4 F:\xampp\htdocs\policy-master-updated\index.php(84): CodeIgniter\CodeIgniter->run()
#5 {main}
CRITICAL - 2021-08-16 05:53:02 --> Undefined index: id
#0 F:\xampp\htdocs\policy-master-updated\app\Controllers\Quotation.php(572): CodeIgniter\Debug\Exceptions->errorHandler(8, 'Undefined index...', 'F:\\xampp\\htdocs...', 572, Array)
#1 F:\xampp\htdocs\policy-master-updated\vendor\codeigniter4\framework\system\CodeIgniter.php(914): App\Controllers\Quotation->edit_medical_quotation()
#2 F:\xampp\htdocs\policy-master-updated\vendor\codeigniter4\framework\system\CodeIgniter.php(400): CodeIgniter\CodeIgniter->runController(Object(App\Controllers\Quotation))
#3 F:\xampp\htdocs\policy-master-updated\vendor\codeigniter4\framework\system\CodeIgniter.php(308): CodeIgniter\CodeIgniter->handleRequest(NULL, Object(Config\Cache), false)
#4 F:\xampp\htdocs\policy-master-updated\index.php(84): CodeIgniter\CodeIgniter->run()
#5 {main}
CRITICAL - 2021-08-16 05:53:09 --> Undefined index: id
#0 F:\xampp\htdocs\policy-master-updated\app\Controllers\Quotation.php(572): CodeIgniter\Debug\Exceptions->errorHandler(8, 'Undefined index...', 'F:\\xampp\\htdocs...', 572, Array)
#1 F:\xampp\htdocs\policy-master-updated\vendor\codeigniter4\framework\system\CodeIgniter.php(914): App\Controllers\Quotation->edit_medical_quotation()
#2 F:\xampp\htdocs\policy-master-updated\vendor\codeigniter4\framework\system\CodeIgniter.php(400): CodeIgniter\CodeIgniter->runController(Object(App\Controllers\Quotation))
#3 F:\xampp\htdocs\policy-master-updated\vendor\codeigniter4\framework\system\CodeIgniter.php(308): CodeIgniter\CodeIgniter->handleRequest(NULL, Object(Config\Cache), false)
#4 F:\xampp\htdocs\policy-master-updated\index.php(84): CodeIgniter\CodeIgniter->run()
#5 {main}
CRITICAL - 2021-08-16 06:02:07 --> There is no data to update.
#0 F:\xampp\htdocs\policy-master-updated\vendor\codeigniter4\framework\system\Model.php(809): CodeIgniter\Database\Exceptions\DataException::forEmptyDataset('update')
#1 F:\xampp\htdocs\policy-master-updated\app\Controllers\Quotation.php(596): CodeIgniter\Model->update(Array)
#2 F:\xampp\htdocs\policy-master-updated\vendor\codeigniter4\framework\system\CodeIgniter.php(914): App\Controllers\Quotation->delete_medical_quotation()
#3 F:\xampp\htdocs\policy-master-updated\vendor\codeigniter4\framework\system\CodeIgniter.php(400): CodeIgniter\CodeIgniter->runController(Object(App\Controllers\Quotation))
#4 F:\xampp\htdocs\policy-master-updated\vendor\codeigniter4\framework\system\CodeIgniter.php(308): CodeIgniter\CodeIgniter->handleRequest(NULL, Object(Config\Cache), false)
#5 F:\xampp\htdocs\policy-master-updated\index.php(84): CodeIgniter\CodeIgniter->run()
#6 {main}
CRITICAL - 2021-08-16 06:02:14 --> There is no data to update.
#0 F:\xampp\htdocs\policy-master-updated\vendor\codeigniter4\framework\system\Model.php(809): CodeIgniter\Database\Exceptions\DataException::forEmptyDataset('update')
#1 F:\xampp\htdocs\policy-master-updated\app\Controllers\Quotation.php(596): CodeIgniter\Model->update(Array)
#2 F:\xampp\htdocs\policy-master-updated\vendor\codeigniter4\framework\system\CodeIgniter.php(914): App\Controllers\Quotation->delete_medical_quotation()
#3 F:\xampp\htdocs\policy-master-updated\vendor\codeigniter4\framework\system\CodeIgniter.php(400): CodeIgniter\CodeIgniter->runController(Object(App\Controllers\Quotation))
#4 F:\xampp\htdocs\policy-master-updated\vendor\codeigniter4\framework\system\CodeIgniter.php(308): CodeIgniter\CodeIgniter->handleRequest(NULL, Object(Config\Cache), false)
#5 F:\xampp\htdocs\policy-master-updated\index.php(84): CodeIgniter\CodeIgniter->run()
#6 {main}
CRITICAL - 2021-08-16 06:58:26 --> Undefined variable: insert
#0 F:\xampp\htdocs\policy-master-updated\app\Controllers\Quotation.php(242): CodeIgniter\Debug\Exceptions->errorHandler(8, 'Undefined varia...', 'F:\\xampp\\htdocs...', 242, Array)
#1 F:\xampp\htdocs\policy-master-updated\vendor\codeigniter4\framework\system\CodeIgniter.php(914): App\Controllers\Quotation->medical_store_quatation()
#2 F:\xampp\htdocs\policy-master-updated\vendor\codeigniter4\framework\system\CodeIgniter.php(400): CodeIgniter\CodeIgniter->runController(Object(App\Controllers\Quotation))
#3 F:\xampp\htdocs\policy-master-updated\vendor\codeigniter4\framework\system\CodeIgniter.php(308): CodeIgniter\CodeIgniter->handleRequest(NULL, Object(Config\Cache), false)
#4 F:\xampp\htdocs\policy-master-updated\index.php(84): CodeIgniter\CodeIgniter->run()
#5 {main}
CRITICAL - 2021-08-16 07:55:04 --> Unknown column 'token' in 'where clause'
#0 F:\xampp\htdocs\policy-master-updated\vendor\codeigniter4\framework\system\Database\MySQLi\Connection.php(331): mysqli->query('UPDATE `medical...')
#1 F:\xampp\htdocs\policy-master-updated\vendor\codeigniter4\framework\system\Database\BaseConnection.php(738): CodeIgniter\Database\MySQLi\Connection->execute('UPDATE `medical...')
#2 F:\xampp\htdocs\policy-master-updated\vendor\codeigniter4\framework\system\Database\BaseConnection.php(666): CodeIgniter\Database\BaseConnection->simpleQuery('UPDATE `medical...')
#3 F:\xampp\htdocs\policy-master-updated\vendor\codeigniter4\framework\system\Database\BaseBuilder.php(2441): CodeIgniter\Database\BaseConnection->query('UPDATE `medical...', Array, false)
#4 F:\xampp\htdocs\policy-master-updated\vendor\codeigniter4\framework\system\Model.php(864): CodeIgniter\Database\BaseBuilder->update()
#5 F:\xampp\htdocs\policy-master-updated\app\Controllers\Quotation.php(251): CodeIgniter\Model->update()
#6 F:\xampp\htdocs\policy-master-updated\vendor\codeigniter4\framework\system\CodeIgniter.php(914): App\Controllers\Quotation->medical_store_quatation()
#7 F:\xampp\htdocs\policy-master-updated\vendor\codeigniter4\framework\system\CodeIgniter.php(400): CodeIgniter\CodeIgniter->runController(Object(App\Controllers\Quotation))
#8 F:\xampp\htdocs\policy-master-updated\vendor\codeigniter4\framework\system\CodeIgniter.php(308): CodeIgniter\CodeIgniter->handleRequest(NULL, Object(Config\Cache), false)
#9 F:\xampp\htdocs\policy-master-updated\index.php(84): CodeIgniter\CodeIgniter->run()
#10 {main}
CRITICAL - 2021-08-16 07:57:09 --> syntax error, unexpected ':', expecting ',' or ';'
#0 F:\xampp\htdocs\policy-master-updated\vendor\codeigniter4\framework\system\Router\Router.php(192): CodeIgniter\Router\Router->autoRoute('/quotation/add_...')
#1 F:\xampp\htdocs\policy-master-updated\vendor\codeigniter4\framework\system\CodeIgniter.php(789): CodeIgniter\Router\Router->handle('/quotation/add_...')
#2 F:\xampp\htdocs\policy-master-updated\vendor\codeigniter4\framework\system\CodeIgniter.php(360): CodeIgniter\CodeIgniter->tryToRouteIt(Object(CodeIgniter\Router\RouteCollection))
#3 F:\xampp\htdocs\policy-master-updated\vendor\codeigniter4\framework\system\CodeIgniter.php(308): CodeIgniter\CodeIgniter->handleRequest(NULL, Object(Config\Cache), false)
#4 F:\xampp\htdocs\policy-master-updated\index.php(84): CodeIgniter\CodeIgniter->run()
#5 {main}
CRITICAL - 2021-08-16 07:57:15 --> syntax error, unexpected ':', expecting ',' or ';'
#0 F:\xampp\htdocs\policy-master-updated\vendor\codeigniter4\framework\system\Router\Router.php(192): CodeIgniter\Router\Router->autoRoute('/quotation')
#1 F:\xampp\htdocs\policy-master-updated\vendor\codeigniter4\framework\system\CodeIgniter.php(789): CodeIgniter\Router\Router->handle('/quotation')
#2 F:\xampp\htdocs\policy-master-updated\vendor\codeigniter4\framework\system\CodeIgniter.php(360): CodeIgniter\CodeIgniter->tryToRouteIt(Object(CodeIgniter\Router\RouteCollection))
#3 F:\xampp\htdocs\policy-master-updated\vendor\codeigniter4\framework\system\CodeIgniter.php(308): CodeIgniter\CodeIgniter->handleRequest(NULL, Object(Config\Cache), false)
#4 F:\xampp\htdocs\policy-master-updated\index.php(84): CodeIgniter\CodeIgniter->run()
#5 {main}
CRITICAL - 2021-08-16 09:15:26 --> Undefined variable: _post
#0 F:\xampp\htdocs\policy-master-updated\app\Controllers\Quotation.php(579): CodeIgniter\Debug\Exceptions->errorHandler(8, 'Undefined varia...', 'F:\\xampp\\htdocs...', 579, Array)
#1 F:\xampp\htdocs\policy-master-updated\vendor\codeigniter4\framework\system\CodeIgniter.php(914): App\Controllers\Quotation->medical_quotation_secondtab_store()
#2 F:\xampp\htdocs\policy-master-updated\vendor\codeigniter4\framework\system\CodeIgniter.php(400): CodeIgniter\CodeIgniter->runController(Object(App\Controllers\Quotation))
#3 F:\xampp\htdocs\policy-master-updated\vendor\codeigniter4\framework\system\CodeIgniter.php(308): CodeIgniter\CodeIgniter->handleRequest(NULL, Object(Config\Cache), false)
#4 F:\xampp\htdocs\policy-master-updated\index.php(84): CodeIgniter\CodeIgniter->run()
#5 {main}
CRITICAL - 2021-08-16 09:18:52 --> Undefined variable: i
#0 F:\xampp\htdocs\policy-master-updated\app\Controllers\Quotation.php(585): CodeIgniter\Debug\Exceptions->errorHandler(8, 'Undefined varia...', 'F:\\xampp\\htdocs...', 585, Array)
#1 F:\xampp\htdocs\policy-master-updated\vendor\codeigniter4\framework\system\CodeIgniter.php(914): App\Controllers\Quotation->medical_quotation_secondtab_store()
#2 F:\xampp\htdocs\policy-master-updated\vendor\codeigniter4\framework\system\CodeIgniter.php(400): CodeIgniter\CodeIgniter->runController(Object(App\Controllers\Quotation))
#3 F:\xampp\htdocs\policy-master-updated\vendor\codeigniter4\framework\system\CodeIgniter.php(308): CodeIgniter\CodeIgniter->handleRequest(NULL, Object(Config\Cache), false)
#4 F:\xampp\htdocs\policy-master-updated\index.php(84): CodeIgniter\CodeIgniter->run()
#5 {main}
CRITICAL - 2021-08-16 09:32:14 --> There is no data to update.
#0 F:\xampp\htdocs\policy-master-updated\vendor\codeigniter4\framework\system\Model.php(809): CodeIgniter\Database\Exceptions\DataException::forEmptyDataset('update')
#1 F:\xampp\htdocs\policy-master-updated\app\Controllers\Quotation.php(624): CodeIgniter\Model->update(Array)
#2 F:\xampp\htdocs\policy-master-updated\vendor\codeigniter4\framework\system\CodeIgniter.php(914): App\Controllers\Quotation->delete_medical_quotation()
#3 F:\xampp\htdocs\policy-master-updated\vendor\codeigniter4\framework\system\CodeIgniter.php(400): CodeIgniter\CodeIgniter->runController(Object(App\Controllers\Quotation))
#4 F:\xampp\htdocs\policy-master-updated\vendor\codeigniter4\framework\system\CodeIgniter.php(308): CodeIgniter\CodeIgniter->handleRequest(NULL, Object(Config\Cache), false)
#5 F:\xampp\htdocs\policy-master-updated\index.php(84): CodeIgniter\CodeIgniter->run()
#6 {main}
CRITICAL - 2021-08-16 09:32:15 --> There is no data to update.
#0 F:\xampp\htdocs\policy-master-updated\vendor\codeigniter4\framework\system\Model.php(809): CodeIgniter\Database\Exceptions\DataException::forEmptyDataset('update')
#1 F:\xampp\htdocs\policy-master-updated\app\Controllers\Quotation.php(624): CodeIgniter\Model->update(Array)
#2 F:\xampp\htdocs\policy-master-updated\vendor\codeigniter4\framework\system\CodeIgniter.php(914): App\Controllers\Quotation->delete_medical_quotation()
#3 F:\xampp\htdocs\policy-master-updated\vendor\codeigniter4\framework\system\CodeIgniter.php(400): CodeIgniter\CodeIgniter->runController(Object(App\Controllers\Quotation))
#4 F:\xampp\htdocs\policy-master-updated\vendor\codeigniter4\framework\system\CodeIgniter.php(308): CodeIgniter\CodeIgniter->handleRequest(NULL, Object(Config\Cache), false)
#5 F:\xampp\htdocs\policy-master-updated\index.php(84): CodeIgniter\CodeIgniter->run()
#6 {main}
CRITICAL - 2021-08-16 09:32:16 --> There is no data to update.
#0 F:\xampp\htdocs\policy-master-updated\vendor\codeigniter4\framework\system\Model.php(809): CodeIgniter\Database\Exceptions\DataException::forEmptyDataset('update')
#1 F:\xampp\htdocs\policy-master-updated\app\Controllers\Quotation.php(624): CodeIgniter\Model->update(Array)
#2 F:\xampp\htdocs\policy-master-updated\vendor\codeigniter4\framework\system\CodeIgniter.php(914): App\Controllers\Quotation->delete_medical_quotation()
#3 F:\xampp\htdocs\policy-master-updated\vendor\codeigniter4\framework\system\CodeIgniter.php(400): CodeIgniter\CodeIgniter->runController(Object(App\Controllers\Quotation))
#4 F:\xampp\htdocs\policy-master-updated\vendor\codeigniter4\framework\system\CodeIgniter.php(308): CodeIgniter\CodeIgniter->handleRequest(NULL, Object(Config\Cache), false)
#5 F:\xampp\htdocs\policy-master-updated\index.php(84): CodeIgniter\CodeIgniter->run()
#6 {main}
CRITICAL - 2021-08-16 09:32:17 --> There is no data to update.
#0 F:\xampp\htdocs\policy-master-updated\vendor\codeigniter4\framework\system\Model.php(809): CodeIgniter\Database\Exceptions\DataException::forEmptyDataset('update')
#1 F:\xampp\htdocs\policy-master-updated\app\Controllers\Quotation.php(624): CodeIgniter\Model->update(Array)
#2 F:\xampp\htdocs\policy-master-updated\vendor\codeigniter4\framework\system\CodeIgniter.php(914): App\Controllers\Quotation->delete_medical_quotation()
#3 F:\xampp\htdocs\policy-master-updated\vendor\codeigniter4\framework\system\CodeIgniter.php(400): CodeIgniter\CodeIgniter->runController(Object(App\Controllers\Quotation))
#4 F:\xampp\htdocs\policy-master-updated\vendor\codeigniter4\framework\system\CodeIgniter.php(308): CodeIgniter\CodeIgniter->handleRequest(NULL, Object(Config\Cache), false)
#5 F:\xampp\htdocs\policy-master-updated\index.php(84): CodeIgniter\CodeIgniter->run()
#6 {main}
CRITICAL - 2021-08-16 09:32:17 --> There is no data to update.
#0 F:\xampp\htdocs\policy-master-updated\vendor\codeigniter4\framework\system\Model.php(809): CodeIgniter\Database\Exceptions\DataException::forEmptyDataset('update')
#1 F:\xampp\htdocs\policy-master-updated\app\Controllers\Quotation.php(624): CodeIgniter\Model->update(Array)
#2 F:\xampp\htdocs\policy-master-updated\vendor\codeigniter4\framework\system\CodeIgniter.php(914): App\Controllers\Quotation->delete_medical_quotation()
#3 F:\xampp\htdocs\policy-master-updated\vendor\codeigniter4\framework\system\CodeIgniter.php(400): CodeIgniter\CodeIgniter->runController(Object(App\Controllers\Quotation))
#4 F:\xampp\htdocs\policy-master-updated\vendor\codeigniter4\framework\system\CodeIgniter.php(308): CodeIgniter\CodeIgniter->handleRequest(NULL, Object(Config\Cache), false)
#5 F:\xampp\htdocs\policy-master-updated\index.php(84): CodeIgniter\CodeIgniter->run()
#6 {main}
CRITICAL - 2021-08-16 09:32:17 --> There is no data to update.
#0 F:\xampp\htdocs\policy-master-updated\vendor\codeigniter4\framework\system\Model.php(809): CodeIgniter\Database\Exceptions\DataException::forEmptyDataset('update')
#1 F:\xampp\htdocs\policy-master-updated\app\Controllers\Quotation.php(624): CodeIgniter\Model->update(Array)
#2 F:\xampp\htdocs\policy-master-updated\vendor\codeigniter4\framework\system\CodeIgniter.php(914): App\Controllers\Quotation->delete_medical_quotation()
#3 F:\xampp\htdocs\policy-master-updated\vendor\codeigniter4\framework\system\CodeIgniter.php(400): CodeIgniter\CodeIgniter->runController(Object(App\Controllers\Quotation))
#4 F:\xampp\htdocs\policy-master-updated\vendor\codeigniter4\framework\system\CodeIgniter.php(308): CodeIgniter\CodeIgniter->handleRequest(NULL, Object(Config\Cache), false)
#5 F:\xampp\htdocs\policy-master-updated\index.php(84): CodeIgniter\CodeIgniter->run()
#6 {main}
CRITICAL - 2021-08-16 09:32:17 --> There is no data to update.
#0 F:\xampp\htdocs\policy-master-updated\vendor\codeigniter4\framework\system\Model.php(809): CodeIgniter\Database\Exceptions\DataException::forEmptyDataset('update')
#1 F:\xampp\htdocs\policy-master-updated\app\Controllers\Quotation.php(624): CodeIgniter\Model->update(Array)
#2 F:\xampp\htdocs\policy-master-updated\vendor\codeigniter4\framework\system\CodeIgniter.php(914): App\Controllers\Quotation->delete_medical_quotation()
#3 F:\xampp\htdocs\policy-master-updated\vendor\codeigniter4\framework\system\CodeIgniter.php(400): CodeIgniter\CodeIgniter->runController(Object(App\Controllers\Quotation))
#4 F:\xampp\htdocs\policy-master-updated\vendor\codeigniter4\framework\system\CodeIgniter.php(308): CodeIgniter\CodeIgniter->handleRequest(NULL, Object(Config\Cache), false)
#5 F:\xampp\htdocs\policy-master-updated\index.php(84): CodeIgniter\CodeIgniter->run()
#6 {main}
CRITICAL - 2021-08-16 09:32:21 --> There is no data to update.
#0 F:\xampp\htdocs\policy-master-updated\vendor\codeigniter4\framework\system\Model.php(809): CodeIgniter\Database\Exceptions\DataException::forEmptyDataset('update')
#1 F:\xampp\htdocs\policy-master-updated\app\Controllers\Quotation.php(624): CodeIgniter\Model->update(Array)
#2 F:\xampp\htdocs\policy-master-updated\vendor\codeigniter4\framework\system\CodeIgniter.php(914): App\Controllers\Quotation->delete_medical_quotation()
#3 F:\xampp\htdocs\policy-master-updated\vendor\codeigniter4\framework\system\CodeIgniter.php(400): CodeIgniter\CodeIgniter->runController(Object(App\Controllers\Quotation))
#4 F:\xampp\htdocs\policy-master-updated\vendor\codeigniter4\framework\system\CodeIgniter.php(308): CodeIgniter\CodeIgniter->handleRequest(NULL, Object(Config\Cache), false)
#5 F:\xampp\htdocs\policy-master-updated\index.php(84): CodeIgniter\CodeIgniter->run()
#6 {main}
CRITICAL - 2021-08-16 09:32:22 --> There is no data to update.
#0 F:\xampp\htdocs\policy-master-updated\vendor\codeigniter4\framework\system\Model.php(809): CodeIgniter\Database\Exceptions\DataException::forEmptyDataset('update')
#1 F:\xampp\htdocs\policy-master-updated\app\Controllers\Quotation.php(624): CodeIgniter\Model->update(Array)
#2 F:\xampp\htdocs\policy-master-updated\vendor\codeigniter4\framework\system\CodeIgniter.php(914): App\Controllers\Quotation->delete_medical_quotation()
#3 F:\xampp\htdocs\policy-master-updated\vendor\codeigniter4\framework\system\CodeIgniter.php(400): CodeIgniter\CodeIgniter->runController(Object(App\Controllers\Quotation))
#4 F:\xampp\htdocs\policy-master-updated\vendor\codeigniter4\framework\system\CodeIgniter.php(308): CodeIgniter\CodeIgniter->handleRequest(NULL, Object(Config\Cache), false)
#5 F:\xampp\htdocs\policy-master-updated\index.php(84): CodeIgniter\CodeIgniter->run()
#6 {main}
CRITICAL - 2021-08-16 09:32:22 --> There is no data to update.
#0 F:\xampp\htdocs\policy-master-updated\vendor\codeigniter4\framework\system\Model.php(809): CodeIgniter\Database\Exceptions\DataException::forEmptyDataset('update')
#1 F:\xampp\htdocs\policy-master-updated\app\Controllers\Quotation.php(624): CodeIgniter\Model->update(Array)
#2 F:\xampp\htdocs\policy-master-updated\vendor\codeigniter4\framework\system\CodeIgniter.php(914): App\Controllers\Quotation->delete_medical_quotation()
#3 F:\xampp\htdocs\policy-master-updated\vendor\codeigniter4\framework\system\CodeIgniter.php(400): CodeIgniter\CodeIgniter->runController(Object(App\Controllers\Quotation))
#4 F:\xampp\htdocs\policy-master-updated\vendor\codeigniter4\framework\system\CodeIgniter.php(308): CodeIgniter\CodeIgniter->handleRequest(NULL, Object(Config\Cache), false)
#5 F:\xampp\htdocs\policy-master-updated\index.php(84): CodeIgniter\CodeIgniter->run()
#6 {main}
CRITICAL - 2021-08-16 09:32:22 --> There is no data to update.
#0 F:\xampp\htdocs\policy-master-updated\vendor\codeigniter4\framework\system\Model.php(809): CodeIgniter\Database\Exceptions\DataException::forEmptyDataset('update')
#1 F:\xampp\htdocs\policy-master-updated\app\Controllers\Quotation.php(624): CodeIgniter\Model->update(Array)
#2 F:\xampp\htdocs\policy-master-updated\vendor\codeigniter4\framework\system\CodeIgniter.php(914): App\Controllers\Quotation->delete_medical_quotation()
#3 F:\xampp\htdocs\policy-master-updated\vendor\codeigniter4\framework\system\CodeIgniter.php(400): CodeIgniter\CodeIgniter->runController(Object(App\Controllers\Quotation))
#4 F:\xampp\htdocs\policy-master-updated\vendor\codeigniter4\framework\system\CodeIgniter.php(308): CodeIgniter\CodeIgniter->handleRequest(NULL, Object(Config\Cache), false)
#5 F:\xampp\htdocs\policy-master-updated\index.php(84): CodeIgniter\CodeIgniter->run()
#6 {main}
CRITICAL - 2021-08-16 09:32:23 --> There is no data to update.
#0 F:\xampp\htdocs\policy-master-updated\vendor\codeigniter4\framework\system\Model.php(809): CodeIgniter\Database\Exceptions\DataException::forEmptyDataset('update')
#1 F:\xampp\htdocs\policy-master-updated\app\Controllers\Quotation.php(624): CodeIgniter\Model->update(Array)
#2 F:\xampp\htdocs\policy-master-updated\vendor\codeigniter4\framework\system\CodeIgniter.php(914): App\Controllers\Quotation->delete_medical_quotation()
#3 F:\xampp\htdocs\policy-master-updated\vendor\codeigniter4\framework\system\CodeIgniter.php(400): CodeIgniter\CodeIgniter->runController(Object(App\Controllers\Quotation))
#4 F:\xampp\htdocs\policy-master-updated\vendor\codeigniter4\framework\system\CodeIgniter.php(308): CodeIgniter\CodeIgniter->handleRequest(NULL, Object(Config\Cache), false)
#5 F:\xampp\htdocs\policy-master-updated\index.php(84): CodeIgniter\CodeIgniter->run()
#6 {main}
CRITICAL - 2021-08-16 09:34:03 --> There is no data to update.
#0 F:\xampp\htdocs\policy-master-updated\vendor\codeigniter4\framework\system\Model.php(809): CodeIgniter\Database\Exceptions\DataException::forEmptyDataset('update')
#1 F:\xampp\htdocs\policy-master-updated\app\Controllers\Quotation.php(624): CodeIgniter\Model->update(Array)
#2 F:\xampp\htdocs\policy-master-updated\vendor\codeigniter4\framework\system\CodeIgniter.php(914): App\Controllers\Quotation->delete_medical_quotation()
#3 F:\xampp\htdocs\policy-master-updated\vendor\codeigniter4\framework\system\CodeIgniter.php(400): CodeIgniter\CodeIgniter->runController(Object(App\Controllers\Quotation))
#4 F:\xampp\htdocs\policy-master-updated\vendor\codeigniter4\framework\system\CodeIgniter.php(308): CodeIgniter\CodeIgniter->handleRequest(NULL, Object(Config\Cache), false)
#5 F:\xampp\htdocs\policy-master-updated\index.php(84): CodeIgniter\CodeIgniter->run()
#6 {main}
CRITICAL - 2021-08-16 09:35:11 --> There is no data to update.
#0 F:\xampp\htdocs\policy-master-updated\vendor\codeigniter4\framework\system\Model.php(809): CodeIgniter\Database\Exceptions\DataException::forEmptyDataset('update')
#1 F:\xampp\htdocs\policy-master-updated\app\Controllers\Quotation.php(625): CodeIgniter\Model->update(Array)
#2 F:\xampp\htdocs\policy-master-updated\vendor\codeigniter4\framework\system\CodeIgniter.php(914): App\Controllers\Quotation->delete_medical_quotation()
#3 F:\xampp\htdocs\policy-master-updated\vendor\codeigniter4\framework\system\CodeIgniter.php(400): CodeIgniter\CodeIgniter->runController(Object(App\Controllers\Quotation))
#4 F:\xampp\htdocs\policy-master-updated\vendor\codeigniter4\framework\system\CodeIgniter.php(308): CodeIgniter\CodeIgniter->handleRequest(NULL, Object(Config\Cache), false)
#5 F:\xampp\htdocs\policy-master-updated\index.php(84): CodeIgniter\CodeIgniter->run()
#6 {main}
CRITICAL - 2021-08-16 09:35:29 --> There is no data to update.
#0 F:\xampp\htdocs\policy-master-updated\vendor\codeigniter4\framework\system\Model.php(809): CodeIgniter\Database\Exceptions\DataException::forEmptyDataset('update')
#1 F:\xampp\htdocs\policy-master-updated\app\Controllers\Quotation.php(625): CodeIgniter\Model->update(Array)
#2 F:\xampp\htdocs\policy-master-updated\vendor\codeigniter4\framework\system\CodeIgniter.php(914): App\Controllers\Quotation->delete_medical_quotation()
#3 F:\xampp\htdocs\policy-master-updated\vendor\codeigniter4\framework\system\CodeIgniter.php(400): CodeIgniter\CodeIgniter->runController(Object(App\Controllers\Quotation))
#4 F:\xampp\htdocs\policy-master-updated\vendor\codeigniter4\framework\system\CodeIgniter.php(308): CodeIgniter\CodeIgniter->handleRequest(NULL, Object(Config\Cache), false)
#5 F:\xampp\htdocs\policy-master-updated\index.php(84): CodeIgniter\CodeIgniter->run()
#6 {main}
CRITICAL - 2021-08-16 09:40:25 --> There is no data to update.
#0 F:\xampp\htdocs\policy-master-updated\vendor\codeigniter4\framework\system\Model.php(809): CodeIgniter\Database\Exceptions\DataException::forEmptyDataset('update')
#1 F:\xampp\htdocs\policy-master-updated\app\Controllers\Quotation.php(625): CodeIgniter\Model->update(Array)
#2 F:\xampp\htdocs\policy-master-updated\vendor\codeigniter4\framework\system\CodeIgniter.php(914): App\Controllers\Quotation->delete_medical_quotation()
#3 F:\xampp\htdocs\policy-master-updated\vendor\codeigniter4\framework\system\CodeIgniter.php(400): CodeIgniter\CodeIgniter->runController(Object(App\Controllers\Quotation))
#4 F:\xampp\htdocs\policy-master-updated\vendor\codeigniter4\framework\system\CodeIgniter.php(308): CodeIgniter\CodeIgniter->handleRequest(NULL, Object(Config\Cache), false)
#5 F:\xampp\htdocs\policy-master-updated\index.php(84): CodeIgniter\CodeIgniter->run()
#6 {main}
CRITICAL - 2021-08-16 09:41:16 --> syntax error, unexpected ')', expecting ']'
#0 F:\xampp\htdocs\policy-master-updated\vendor\codeigniter4\framework\system\Router\Router.php(192): CodeIgniter\Router\Router->autoRoute('/quotation/dele...')
#1 F:\xampp\htdocs\policy-master-updated\vendor\codeigniter4\framework\system\CodeIgniter.php(789): CodeIgniter\Router\Router->handle('/quotation/dele...')
#2 F:\xampp\htdocs\policy-master-updated\vendor\codeigniter4\framework\system\CodeIgniter.php(360): CodeIgniter\CodeIgniter->tryToRouteIt(Object(CodeIgniter\Router\RouteCollection))
#3 F:\xampp\htdocs\policy-master-updated\vendor\codeigniter4\framework\system\CodeIgniter.php(308): CodeIgniter\CodeIgniter->handleRequest(NULL, Object(Config\Cache), false)
#4 F:\xampp\htdocs\policy-master-updated\index.php(84): CodeIgniter\CodeIgniter->run()
#5 {main}
CRITICAL - 2021-08-16 09:41:22 --> syntax error, unexpected ')', expecting ']'
#0 F:\xampp\htdocs\policy-master-updated\vendor\codeigniter4\framework\system\Router\Router.php(192): CodeIgniter\Router\Router->autoRoute('/quotation/dele...')
#1 F:\xampp\htdocs\policy-master-updated\vendor\codeigniter4\framework\system\CodeIgniter.php(789): CodeIgniter\Router\Router->handle('/quotation/dele...')
#2 F:\xampp\htdocs\policy-master-updated\vendor\codeigniter4\framework\system\CodeIgniter.php(360): CodeIgniter\CodeIgniter->tryToRouteIt(Object(CodeIgniter\Router\RouteCollection))
#3 F:\xampp\htdocs\policy-master-updated\vendor\codeigniter4\framework\system\CodeIgniter.php(308): CodeIgniter\CodeIgniter->handleRequest(NULL, Object(Config\Cache), false)
#4 F:\xampp\htdocs\policy-master-updated\index.php(84): CodeIgniter\CodeIgniter->run()
#5 {main}
CRITICAL - 2021-08-16 09:41:24 --> syntax error, unexpected ')', expecting ']'
#0 F:\xampp\htdocs\policy-master-updated\vendor\codeigniter4\framework\system\Router\Router.php(192): CodeIgniter\Router\Router->autoRoute('/quotation/dele...')
#1 F:\xampp\htdocs\policy-master-updated\vendor\codeigniter4\framework\system\CodeIgniter.php(789): CodeIgniter\Router\Router->handle('/quotation/dele...')
#2 F:\xampp\htdocs\policy-master-updated\vendor\codeigniter4\framework\system\CodeIgniter.php(360): CodeIgniter\CodeIgniter->tryToRouteIt(Object(CodeIgniter\Router\RouteCollection))
#3 F:\xampp\htdocs\policy-master-updated\vendor\codeigniter4\framework\system\CodeIgniter.php(308): CodeIgniter\CodeIgniter->handleRequest(NULL, Object(Config\Cache), false)
#4 F:\xampp\htdocs\policy-master-updated\index.php(84): CodeIgniter\CodeIgniter->run()
#5 {main}
CRITICAL - 2021-08-16 09:41:24 --> syntax error, unexpected ')', expecting ']'
#0 F:\xampp\htdocs\policy-master-updated\vendor\codeigniter4\framework\system\Router\Router.php(192): CodeIgniter\Router\Router->autoRoute('/quotation/dele...')
#1 F:\xampp\htdocs\policy-master-updated\vendor\codeigniter4\framework\system\CodeIgniter.php(789): CodeIgniter\Router\Router->handle('/quotation/dele...')
#2 F:\xampp\htdocs\policy-master-updated\vendor\codeigniter4\framework\system\CodeIgniter.php(360): CodeIgniter\CodeIgniter->tryToRouteIt(Object(CodeIgniter\Router\RouteCollection))
#3 F:\xampp\htdocs\policy-master-updated\vendor\codeigniter4\framework\system\CodeIgniter.php(308): CodeIgniter\CodeIgniter->handleRequest(NULL, Object(Config\Cache), false)
#4 F:\xampp\htdocs\policy-master-updated\index.php(84): CodeIgniter\CodeIgniter->run()
#5 {main}
CRITICAL - 2021-08-16 09:41:24 --> syntax error, unexpected ')', expecting ']'
#0 F:\xampp\htdocs\policy-master-updated\vendor\codeigniter4\framework\system\Router\Router.php(192): CodeIgniter\Router\Router->autoRoute('/quotation/dele...')
#1 F:\xampp\htdocs\policy-master-updated\vendor\codeigniter4\framework\system\CodeIgniter.php(789): CodeIgniter\Router\Router->handle('/quotation/dele...')
#2 F:\xampp\htdocs\policy-master-updated\vendor\codeigniter4\framework\system\CodeIgniter.php(360): CodeIgniter\CodeIgniter->tryToRouteIt(Object(CodeIgniter\Router\RouteCollection))
#3 F:\xampp\htdocs\policy-master-updated\vendor\codeigniter4\framework\system\CodeIgniter.php(308): CodeIgniter\CodeIgniter->handleRequest(NULL, Object(Config\Cache), false)
#4 F:\xampp\htdocs\policy-master-updated\index.php(84): CodeIgniter\CodeIgniter->run()
#5 {main}
CRITICAL - 2021-08-16 09:41:24 --> syntax error, unexpected ')', expecting ']'
#0 F:\xampp\htdocs\policy-master-updated\vendor\codeigniter4\framework\system\Router\Router.php(192): CodeIgniter\Router\Router->autoRoute('/quotation/dele...')
#1 F:\xampp\htdocs\policy-master-updated\vendor\codeigniter4\framework\system\CodeIgniter.php(789): CodeIgniter\Router\Router->handle('/quotation/dele...')
#2 F:\xampp\htdocs\policy-master-updated\vendor\codeigniter4\framework\system\CodeIgniter.php(360): CodeIgniter\CodeIgniter->tryToRouteIt(Object(CodeIgniter\Router\RouteCollection))
#3 F:\xampp\htdocs\policy-master-updated\vendor\codeigniter4\framework\system\CodeIgniter.php(308): CodeIgniter\CodeIgniter->handleRequest(NULL, Object(Config\Cache), false)
#4 F:\xampp\htdocs\policy-master-updated\index.php(84): CodeIgniter\CodeIgniter->run()
#5 {main}
CRITICAL - 2021-08-16 09:41:25 --> syntax error, unexpected ')', expecting ']'
#0 F:\xampp\htdocs\policy-master-updated\vendor\codeigniter4\framework\system\Router\Router.php(192): CodeIgniter\Router\Router->autoRoute('/quotation/dele...')
#1 F:\xampp\htdocs\policy-master-updated\vendor\codeigniter4\framework\system\CodeIgniter.php(789): CodeIgniter\Router\Router->handle('/quotation/dele...')
#2 F:\xampp\htdocs\policy-master-updated\vendor\codeigniter4\framework\system\CodeIgniter.php(360): CodeIgniter\CodeIgniter->tryToRouteIt(Object(CodeIgniter\Router\RouteCollection))
#3 F:\xampp\htdocs\policy-master-updated\vendor\codeigniter4\framework\system\CodeIgniter.php(308): CodeIgniter\CodeIgniter->handleRequest(NULL, Object(Config\Cache), false)
#4 F:\xampp\htdocs\policy-master-updated\index.php(84): CodeIgniter\CodeIgniter->run()
#5 {main}
CRITICAL - 2021-08-16 09:41:25 --> syntax error, unexpected ')', expecting ']'
#0 F:\xampp\htdocs\policy-master-updated\vendor\codeigniter4\framework\system\Router\Router.php(192): CodeIgniter\Router\Router->autoRoute('/quotation/dele...')
#1 F:\xampp\htdocs\policy-master-updated\vendor\codeigniter4\framework\system\CodeIgniter.php(789): CodeIgniter\Router\Router->handle('/quotation/dele...')
#2 F:\xampp\htdocs\policy-master-updated\vendor\codeigniter4\framework\system\CodeIgniter.php(360): CodeIgniter\CodeIgniter->tryToRouteIt(Object(CodeIgniter\Router\RouteCollection))
#3 F:\xampp\htdocs\policy-master-updated\vendor\codeigniter4\framework\system\CodeIgniter.php(308): CodeIgniter\CodeIgniter->handleRequest(NULL, Object(Config\Cache), false)
#4 F:\xampp\htdocs\policy-master-updated\index.php(84): CodeIgniter\CodeIgniter->run()
#5 {main}
CRITICAL - 2021-08-16 09:41:54 --> syntax error, unexpected ')', expecting ']'
#0 F:\xampp\htdocs\policy-master-updated\vendor\codeigniter4\framework\system\Router\Router.php(192): CodeIgniter\Router\Router->autoRoute('/quotation/dele...')
#1 F:\xampp\htdocs\policy-master-updated\vendor\codeigniter4\framework\system\CodeIgniter.php(789): CodeIgniter\Router\Router->handle('/quotation/dele...')
#2 F:\xampp\htdocs\policy-master-updated\vendor\codeigniter4\framework\system\CodeIgniter.php(360): CodeIgniter\CodeIgniter->tryToRouteIt(Object(CodeIgniter\Router\RouteCollection))
#3 F:\xampp\htdocs\policy-master-updated\vendor\codeigniter4\framework\system\CodeIgniter.php(308): CodeIgniter\CodeIgniter->handleRequest(NULL, Object(Config\Cache), false)
#4 F:\xampp\htdocs\policy-master-updated\index.php(84): CodeIgniter\CodeIgniter->run()
#5 {main}
CRITICAL - 2021-08-16 09:41:55 --> syntax error, unexpected ')', expecting ']'
#0 F:\xampp\htdocs\policy-master-updated\vendor\codeigniter4\framework\system\Router\Router.php(192): CodeIgniter\Router\Router->autoRoute('/quotation/dele...')
#1 F:\xampp\htdocs\policy-master-updated\vendor\codeigniter4\framework\system\CodeIgniter.php(789): CodeIgniter\Router\Router->handle('/quotation/dele...')
#2 F:\xampp\htdocs\policy-master-updated\vendor\codeigniter4\framework\system\CodeIgniter.php(360): CodeIgniter\CodeIgniter->tryToRouteIt(Object(CodeIgniter\Router\RouteCollection))
#3 F:\xampp\htdocs\policy-master-updated\vendor\codeigniter4\framework\system\CodeIgniter.php(308): CodeIgniter\CodeIgniter->handleRequest(NULL, Object(Config\Cache), false)
#4 F:\xampp\htdocs\policy-master-updated\index.php(84): CodeIgniter\CodeIgniter->run()
#5 {main}
CRITICAL - 2021-08-16 09:41:55 --> syntax error, unexpected ')', expecting ']'
#0 F:\xampp\htdocs\policy-master-updated\vendor\codeigniter4\framework\system\Router\Router.php(192): CodeIgniter\Router\Router->autoRoute('/quotation/dele...')
#1 F:\xampp\htdocs\policy-master-updated\vendor\codeigniter4\framework\system\CodeIgniter.php(789): CodeIgniter\Router\Router->handle('/quotation/dele...')
#2 F:\xampp\htdocs\policy-master-updated\vendor\codeigniter4\framework\system\CodeIgniter.php(360): CodeIgniter\CodeIgniter->tryToRouteIt(Object(CodeIgniter\Router\RouteCollection))
#3 F:\xampp\htdocs\policy-master-updated\vendor\codeigniter4\framework\system\CodeIgniter.php(308): CodeIgniter\CodeIgniter->handleRequest(NULL, Object(Config\Cache), false)
#4 F:\xampp\htdocs\policy-master-updated\index.php(84): CodeIgniter\CodeIgniter->run()
#5 {main}
CRITICAL - 2021-08-16 09:41:55 --> syntax error, unexpected ')', expecting ']'
#0 F:\xampp\htdocs\policy-master-updated\vendor\codeigniter4\framework\system\Router\Router.php(192): CodeIgniter\Router\Router->autoRoute('/quotation/dele...')
#1 F:\xampp\htdocs\policy-master-updated\vendor\codeigniter4\framework\system\CodeIgniter.php(789): CodeIgniter\Router\Router->handle('/quotation/dele...')
#2 F:\xampp\htdocs\policy-master-updated\vendor\codeigniter4\framework\system\CodeIgniter.php(360): CodeIgniter\CodeIgniter->tryToRouteIt(Object(CodeIgniter\Router\RouteCollection))
#3 F:\xampp\htdocs\policy-master-updated\vendor\codeigniter4\framework\system\CodeIgniter.php(308): CodeIgniter\CodeIgniter->handleRequest(NULL, Object(Config\Cache), false)
#4 F:\xampp\htdocs\policy-master-updated\index.php(84): CodeIgniter\CodeIgniter->run()
#5 {main}
CRITICAL - 2021-08-16 09:44:03 --> Argument 1 passed to CodeIgniter\Model::doProtectFields() must be of the type array, int given, called in F:\xampp\htdocs\policy-master-updated\vendor\codeigniter4\framework\system\Model.php on line 845
#0 F:\xampp\htdocs\policy-master-updated\vendor\codeigniter4\framework\system\Model.php(845): CodeIgniter\Model->doProtectFields(1)
#1 F:\xampp\htdocs\policy-master-updated\app\Controllers\Quotation.php(626): CodeIgniter\Model->update(Array, 1)
#2 F:\xampp\htdocs\policy-master-updated\vendor\codeigniter4\framework\system\CodeIgniter.php(914): App\Controllers\Quotation->delete_medical_quotation()
#3 F:\xampp\htdocs\policy-master-updated\vendor\codeigniter4\framework\system\CodeIgniter.php(400): CodeIgniter\CodeIgniter->runController(Object(App\Controllers\Quotation))
#4 F:\xampp\htdocs\policy-master-updated\vendor\codeigniter4\framework\system\CodeIgniter.php(308): CodeIgniter\CodeIgniter->handleRequest(NULL, Object(Config\Cache), false)
#5 F:\xampp\htdocs\policy-master-updated\index.php(84): CodeIgniter\CodeIgniter->run()
#6 {main}
CRITICAL - 2021-08-16 09:44:04 --> Argument 1 passed to CodeIgniter\Model::doProtectFields() must be of the type array, int given, called in F:\xampp\htdocs\policy-master-updated\vendor\codeigniter4\framework\system\Model.php on line 845
#0 F:\xampp\htdocs\policy-master-updated\vendor\codeigniter4\framework\system\Model.php(845): CodeIgniter\Model->doProtectFields(1)
#1 F:\xampp\htdocs\policy-master-updated\app\Controllers\Quotation.php(626): CodeIgniter\Model->update(Array, 1)
#2 F:\xampp\htdocs\policy-master-updated\vendor\codeigniter4\framework\system\CodeIgniter.php(914): App\Controllers\Quotation->delete_medical_quotation()
#3 F:\xampp\htdocs\policy-master-updated\vendor\codeigniter4\framework\system\CodeIgniter.php(400): CodeIgniter\CodeIgniter->runController(Object(App\Controllers\Quotation))
#4 F:\xampp\htdocs\policy-master-updated\vendor\codeigniter4\framework\system\CodeIgniter.php(308): CodeIgniter\CodeIgniter->handleRequest(NULL, Object(Config\Cache), false)
#5 F:\xampp\htdocs\policy-master-updated\index.php(84): CodeIgniter\CodeIgniter->run()
#6 {main}
CRITICAL - 2021-08-16 09:44:23 --> Argument 1 passed to CodeIgniter\Model::doProtectFields() must be of the type array, int given, called in F:\xampp\htdocs\policy-master-updated\vendor\codeigniter4\framework\system\Model.php on line 845
#0 F:\xampp\htdocs\policy-master-updated\vendor\codeigniter4\framework\system\Model.php(845): CodeIgniter\Model->doProtectFields(1)
#1 F:\xampp\htdocs\policy-master-updated\app\Controllers\Quotation.php(626): CodeIgniter\Model->update(Array, 1)
#2 F:\xampp\htdocs\policy-master-updated\vendor\codeigniter4\framework\system\CodeIgniter.php(914): App\Controllers\Quotation->delete_medical_quotation()
#3 F:\xampp\htdocs\policy-master-updated\vendor\codeigniter4\framework\system\CodeIgniter.php(400): CodeIgniter\CodeIgniter->runController(Object(App\Controllers\Quotation))
#4 F:\xampp\htdocs\policy-master-updated\vendor\codeigniter4\framework\system\CodeIgniter.php(308): CodeIgniter\CodeIgniter->handleRequest(NULL, Object(Config\Cache), false)
#5 F:\xampp\htdocs\policy-master-updated\index.php(84): CodeIgniter\CodeIgniter->run()
#6 {main}
CRITICAL - 2021-08-16 09:44:24 --> Argument 1 passed to CodeIgniter\Model::doProtectFields() must be of the type array, int given, called in F:\xampp\htdocs\policy-master-updated\vendor\codeigniter4\framework\system\Model.php on line 845
#0 F:\xampp\htdocs\policy-master-updated\vendor\codeigniter4\framework\system\Model.php(845): CodeIgniter\Model->doProtectFields(1)
#1 F:\xampp\htdocs\policy-master-updated\app\Controllers\Quotation.php(626): CodeIgniter\Model->update(Array, 1)
#2 F:\xampp\htdocs\policy-master-updated\vendor\codeigniter4\framework\system\CodeIgniter.php(914): App\Controllers\Quotation->delete_medical_quotation()
#3 F:\xampp\htdocs\policy-master-updated\vendor\codeigniter4\framework\system\CodeIgniter.php(400): CodeIgniter\CodeIgniter->runController(Object(App\Controllers\Quotation))
#4 F:\xampp\htdocs\policy-master-updated\vendor\codeigniter4\framework\system\CodeIgniter.php(308): CodeIgniter\CodeIgniter->handleRequest(NULL, Object(Config\Cache), false)
#5 F:\xampp\htdocs\policy-master-updated\index.php(84): CodeIgniter\CodeIgniter->run()
#6 {main}
CRITICAL - 2021-08-16 09:44:24 --> Argument 1 passed to CodeIgniter\Model::doProtectFields() must be of the type array, int given, called in F:\xampp\htdocs\policy-master-updated\vendor\codeigniter4\framework\system\Model.php on line 845
#0 F:\xampp\htdocs\policy-master-updated\vendor\codeigniter4\framework\system\Model.php(845): CodeIgniter\Model->doProtectFields(1)
#1 F:\xampp\htdocs\policy-master-updated\app\Controllers\Quotation.php(626): CodeIgniter\Model->update(Array, 1)
#2 F:\xampp\htdocs\policy-master-updated\vendor\codeigniter4\framework\system\CodeIgniter.php(914): App\Controllers\Quotation->delete_medical_quotation()
#3 F:\xampp\htdocs\policy-master-updated\vendor\codeigniter4\framework\system\CodeIgniter.php(400): CodeIgniter\CodeIgniter->runController(Object(App\Controllers\Quotation))
#4 F:\xampp\htdocs\policy-master-updated\vendor\codeigniter4\framework\system\CodeIgniter.php(308): CodeIgniter\CodeIgniter->handleRequest(NULL, Object(Config\Cache), false)
#5 F:\xampp\htdocs\policy-master-updated\index.php(84): CodeIgniter\CodeIgniter->run()
#6 {main}
CRITICAL - 2021-08-16 09:44:25 --> Argument 1 passed to CodeIgniter\Model::doProtectFields() must be of the type array, int given, called in F:\xampp\htdocs\policy-master-updated\vendor\codeigniter4\framework\system\Model.php on line 845
#0 F:\xampp\htdocs\policy-master-updated\vendor\codeigniter4\framework\system\Model.php(845): CodeIgniter\Model->doProtectFields(1)
#1 F:\xampp\htdocs\policy-master-updated\app\Controllers\Quotation.php(626): CodeIgniter\Model->update(Array, 1)
#2 F:\xampp\htdocs\policy-master-updated\vendor\codeigniter4\framework\system\CodeIgniter.php(914): App\Controllers\Quotation->delete_medical_quotation()
#3 F:\xampp\htdocs\policy-master-updated\vendor\codeigniter4\framework\system\CodeIgniter.php(400): CodeIgniter\CodeIgniter->runController(Object(App\Controllers\Quotation))
#4 F:\xampp\htdocs\policy-master-updated\vendor\codeigniter4\framework\system\CodeIgniter.php(308): CodeIgniter\CodeIgniter->handleRequest(NULL, Object(Config\Cache), false)
#5 F:\xampp\htdocs\policy-master-updated\index.php(84): CodeIgniter\CodeIgniter->run()
#6 {main}
CRITICAL - 2021-08-16 09:46:47 --> Argument 1 passed to CodeIgniter\Model::doProtectFields() must be of the type array, int given, called in F:\xampp\htdocs\policy-master-updated\vendor\codeigniter4\framework\system\Model.php on line 845
#0 F:\xampp\htdocs\policy-master-updated\vendor\codeigniter4\framework\system\Model.php(845): CodeIgniter\Model->doProtectFields(1)
#1 F:\xampp\htdocs\policy-master-updated\app\Controllers\Quotation.php(631): CodeIgniter\Model->update(Array, 1)
#2 F:\xampp\htdocs\policy-master-updated\vendor\codeigniter4\framework\system\CodeIgniter.php(914): App\Controllers\Quotation->delete_medical_quotation()
#3 F:\xampp\htdocs\policy-master-updated\vendor\codeigniter4\framework\system\CodeIgniter.php(400): CodeIgniter\CodeIgniter->runController(Object(App\Controllers\Quotation))
#4 F:\xampp\htdocs\policy-master-updated\vendor\codeigniter4\framework\system\CodeIgniter.php(308): CodeIgniter\CodeIgniter->handleRequest(NULL, Object(Config\Cache), false)
#5 F:\xampp\htdocs\policy-master-updated\index.php(84): CodeIgniter\CodeIgniter->run()
#6 {main}
CRITICAL - 2021-08-16 09:46:48 --> Argument 1 passed to CodeIgniter\Model::doProtectFields() must be of the type array, int given, called in F:\xampp\htdocs\policy-master-updated\vendor\codeigniter4\framework\system\Model.php on line 845
#0 F:\xampp\htdocs\policy-master-updated\vendor\codeigniter4\framework\system\Model.php(845): CodeIgniter\Model->doProtectFields(1)
#1 F:\xampp\htdocs\policy-master-updated\app\Controllers\Quotation.php(631): CodeIgniter\Model->update(Array, 1)
#2 F:\xampp\htdocs\policy-master-updated\vendor\codeigniter4\framework\system\CodeIgniter.php(914): App\Controllers\Quotation->delete_medical_quotation()
#3 F:\xampp\htdocs\policy-master-updated\vendor\codeigniter4\framework\system\CodeIgniter.php(400): CodeIgniter\CodeIgniter->runController(Object(App\Controllers\Quotation))
#4 F:\xampp\htdocs\policy-master-updated\vendor\codeigniter4\framework\system\CodeIgniter.php(308): CodeIgniter\CodeIgniter->handleRequest(NULL, Object(Config\Cache), false)
#5 F:\xampp\htdocs\policy-master-updated\index.php(84): CodeIgniter\CodeIgniter->run()
#6 {main}
CRITICAL - 2021-08-16 09:46:48 --> Argument 1 passed to CodeIgniter\Model::doProtectFields() must be of the type array, int given, called in F:\xampp\htdocs\policy-master-updated\vendor\codeigniter4\framework\system\Model.php on line 845
#0 F:\xampp\htdocs\policy-master-updated\vendor\codeigniter4\framework\system\Model.php(845): CodeIgniter\Model->doProtectFields(1)
#1 F:\xampp\htdocs\policy-master-updated\app\Controllers\Quotation.php(631): CodeIgniter\Model->update(Array, 1)
#2 F:\xampp\htdocs\policy-master-updated\vendor\codeigniter4\framework\system\CodeIgniter.php(914): App\Controllers\Quotation->delete_medical_quotation()
#3 F:\xampp\htdocs\policy-master-updated\vendor\codeigniter4\framework\system\CodeIgniter.php(400): CodeIgniter\CodeIgniter->runController(Object(App\Controllers\Quotation))
#4 F:\xampp\htdocs\policy-master-updated\vendor\codeigniter4\framework\system\CodeIgniter.php(308): CodeIgniter\CodeIgniter->handleRequest(NULL, Object(Config\Cache), false)
#5 F:\xampp\htdocs\policy-master-updated\index.php(84): CodeIgniter\CodeIgniter->run()
#6 {main}
CRITICAL - 2021-08-16 09:56:54 --> There is no data to insert.
#0 F:\xampp\htdocs\policy-master-updated\vendor\codeigniter4\framework\system\Model.php(679): CodeIgniter\Database\Exceptions\DataException::forEmptyDataset('insert')
#1 F:\xampp\htdocs\policy-master-updated\app\Controllers\Quotation.php(536): CodeIgniter\Model->insert(NULL)
#2 F:\xampp\htdocs\policy-master-updated\vendor\codeigniter4\framework\system\CodeIgniter.php(914): App\Controllers\Quotation->medical_quotation_insertpanel()
#3 F:\xampp\htdocs\policy-master-updated\vendor\codeigniter4\framework\system\CodeIgniter.php(400): CodeIgniter\CodeIgniter->runController(Object(App\Controllers\Quotation))
#4 F:\xampp\htdocs\policy-master-updated\vendor\codeigniter4\framework\system\CodeIgniter.php(308): CodeIgniter\CodeIgniter->handleRequest(NULL, Object(Config\Cache), false)
#5 F:\xampp\htdocs\policy-master-updated\index.php(84): CodeIgniter\CodeIgniter->run()
#6 {main}
