CRITICAL - 2020-07-20 00:44:44 --> Call to a member function set() on null
#0 E:\wamp64\www\healthyhabbits\vendor\codeigniter4\framework\system\CodeIgniter.php(914): App\Controllers\Policy->update_status()
#1 E:\wamp64\www\healthyhabbits\vendor\codeigniter4\framework\system\CodeIgniter.php(400): CodeIgniter\CodeIgniter->runController(Object(App\Controllers\Policy))
#2 E:\wamp64\www\healthyhabbits\vendor\codeigniter4\framework\system\CodeIgniter.php(308): CodeIgniter\CodeIgniter->handleRequest(NULL, Object(Config\Cache), false)
#3 E:\wamp64\www\healthyhabbits\index.php(84): CodeIgniter\CodeIgniter->run()
#4 {main}
CRITICAL - 2020-07-20 00:44:45 --> Call to a member function set() on null
#0 E:\wamp64\www\healthyhabbits\vendor\codeigniter4\framework\system\CodeIgniter.php(914): App\Controllers\Policy->update_status()
#1 E:\wamp64\www\healthyhabbits\vendor\codeigniter4\framework\system\CodeIgniter.php(400): CodeIgniter\CodeIgniter->runController(Object(App\Controllers\Policy))
#2 E:\wamp64\www\healthyhabbits\vendor\codeigniter4\framework\system\CodeIgniter.php(308): CodeIgniter\CodeIgniter->handleRequest(NULL, Object(Config\Cache), false)
#3 E:\wamp64\www\healthyhabbits\index.php(84): CodeIgniter\CodeIgniter->run()
#4 {main}
CRITICAL - 2020-07-20 00:44:57 --> Call to a member function set() on null
#0 E:\wamp64\www\healthyhabbits\vendor\codeigniter4\framework\system\CodeIgniter.php(914): App\Controllers\Policy->update_status()
#1 E:\wamp64\www\healthyhabbits\vendor\codeigniter4\framework\system\CodeIgniter.php(400): CodeIgniter\CodeIgniter->runController(Object(App\Controllers\Policy))
#2 E:\wamp64\www\healthyhabbits\vendor\codeigniter4\framework\system\CodeIgniter.php(308): CodeIgniter\CodeIgniter->handleRequest(NULL, Object(Config\Cache), false)
#3 E:\wamp64\www\healthyhabbits\index.php(84): CodeIgniter\CodeIgniter->run()
#4 {main}
CRITICAL - 2020-07-20 00:46:36 --> Call to a member function set() on null
#0 E:\wamp64\www\healthyhabbits\vendor\codeigniter4\framework\system\CodeIgniter.php(914): App\Controllers\Policy->update_status()
#1 E:\wamp64\www\healthyhabbits\vendor\codeigniter4\framework\system\CodeIgniter.php(400): CodeIgniter\CodeIgniter->runController(Object(App\Controllers\Policy))
#2 E:\wamp64\www\healthyhabbits\vendor\codeigniter4\framework\system\CodeIgniter.php(308): CodeIgniter\CodeIgniter->handleRequest(NULL, Object(Config\Cache), false)
#3 E:\wamp64\www\healthyhabbits\index.php(84): CodeIgniter\CodeIgniter->run()
#4 {main}
CRITICAL - 2020-07-20 00:46:37 --> Call to a member function set() on null
#0 E:\wamp64\www\healthyhabbits\vendor\codeigniter4\framework\system\CodeIgniter.php(914): App\Controllers\Policy->update_status()
#1 E:\wamp64\www\healthyhabbits\vendor\codeigniter4\framework\system\CodeIgniter.php(400): CodeIgniter\CodeIgniter->runController(Object(App\Controllers\Policy))
#2 E:\wamp64\www\healthyhabbits\vendor\codeigniter4\framework\system\CodeIgniter.php(308): CodeIgniter\CodeIgniter->handleRequest(NULL, Object(Config\Cache), false)
#3 E:\wamp64\www\healthyhabbits\index.php(84): CodeIgniter\CodeIgniter->run()
#4 {main}
CRITICAL - 2020-07-20 00:54:16 --> Call to a member function set() on null
#0 E:\wamp64\www\healthyhabbits\vendor\codeigniter4\framework\system\CodeIgniter.php(914): App\Controllers\Policy->update_status()
#1 E:\wamp64\www\healthyhabbits\vendor\codeigniter4\framework\system\CodeIgniter.php(400): CodeIgniter\CodeIgniter->runController(Object(App\Controllers\Policy))
#2 E:\wamp64\www\healthyhabbits\vendor\codeigniter4\framework\system\CodeIgniter.php(308): CodeIgniter\CodeIgniter->handleRequest(NULL, Object(Config\Cache), false)
#3 E:\wamp64\www\healthyhabbits\index.php(84): CodeIgniter\CodeIgniter->run()
#4 {main}
CRITICAL - 2020-07-20 01:20:25 --> syntax error, unexpected 'echo' (T_ECHO)
#0 E:\wamp64\www\healthyhabbits\vendor\codeigniter4\framework\system\Common.php(1087): CodeIgniter\View\View->render('policy/list', Array, true)
#1 E:\wamp64\www\healthyhabbits\app\Controllers\BaseController.php(56): view('policy/list', Array)
#2 E:\wamp64\www\healthyhabbits\app\Controllers\Policy.php(19): App\Controllers\BaseController->render_page('policy/list', Array)
#3 E:\wamp64\www\healthyhabbits\vendor\codeigniter4\framework\system\CodeIgniter.php(914): App\Controllers\Policy->index()
#4 E:\wamp64\www\healthyhabbits\vendor\codeigniter4\framework\system\CodeIgniter.php(400): CodeIgniter\CodeIgniter->runController(Object(App\Controllers\Policy))
#5 E:\wamp64\www\healthyhabbits\vendor\codeigniter4\framework\system\CodeIgniter.php(308): CodeIgniter\CodeIgniter->handleRequest(NULL, Object(Config\Cache), false)
#6 E:\wamp64\www\healthyhabbits\index.php(84): CodeIgniter\CodeIgniter->run()
#7 {main}
CRITICAL - 2020-07-20 02:26:43 --> syntax error, unexpected ')'
#0 E:\wamp64\www\healthyhabbits\vendor\codeigniter4\framework\system\Router\Router.php(192): CodeIgniter\Router\Router->autoRoute('/familymember')
#1 E:\wamp64\www\healthyhabbits\vendor\codeigniter4\framework\system\CodeIgniter.php(789): CodeIgniter\Router\Router->handle('/familymember')
#2 E:\wamp64\www\healthyhabbits\vendor\codeigniter4\framework\system\CodeIgniter.php(360): CodeIgniter\CodeIgniter->tryToRouteIt(Object(CodeIgniter\Router\RouteCollection))
#3 E:\wamp64\www\healthyhabbits\vendor\codeigniter4\framework\system\CodeIgniter.php(308): CodeIgniter\CodeIgniter->handleRequest(NULL, Object(Config\Cache), false)
#4 E:\wamp64\www\healthyhabbits\index.php(84): CodeIgniter\CodeIgniter->run()
#5 {main}
CRITICAL - 2020-07-20 02:27:11 --> syntax error, unexpected ')'
#0 E:\wamp64\www\healthyhabbits\vendor\codeigniter4\framework\system\Router\Router.php(192): CodeIgniter\Router\Router->autoRoute('/familymember/a...')
#1 E:\wamp64\www\healthyhabbits\vendor\codeigniter4\framework\system\CodeIgniter.php(789): CodeIgniter\Router\Router->handle('/familymember/a...')
#2 E:\wamp64\www\healthyhabbits\vendor\codeigniter4\framework\system\CodeIgniter.php(360): CodeIgniter\CodeIgniter->tryToRouteIt(Object(CodeIgniter\Router\RouteCollection))
#3 E:\wamp64\www\healthyhabbits\vendor\codeigniter4\framework\system\CodeIgniter.php(308): CodeIgniter\CodeIgniter->handleRequest(NULL, Object(Config\Cache), false)
#4 E:\wamp64\www\healthyhabbits\index.php(84): CodeIgniter\CodeIgniter->run()
#5 {main}
CRITICAL - 2020-07-20 02:28:30 --> syntax error, unexpected ')'
#0 E:\wamp64\www\healthyhabbits\vendor\codeigniter4\framework\system\Router\Router.php(192): CodeIgniter\Router\Router->autoRoute('/familymember/c...')
#1 E:\wamp64\www\healthyhabbits\vendor\codeigniter4\framework\system\CodeIgniter.php(789): CodeIgniter\Router\Router->handle('/familymember/c...')
#2 E:\wamp64\www\healthyhabbits\vendor\codeigniter4\framework\system\CodeIgniter.php(360): CodeIgniter\CodeIgniter->tryToRouteIt(Object(CodeIgniter\Router\RouteCollection))
#3 E:\wamp64\www\healthyhabbits\vendor\codeigniter4\framework\system\CodeIgniter.php(308): CodeIgniter\CodeIgniter->handleRequest(NULL, Object(Config\Cache), false)
#4 E:\wamp64\www\healthyhabbits\index.php(84): CodeIgniter\CodeIgniter->run()
#5 {main}
CRITICAL - 2020-07-20 02:28:41 --> syntax error, unexpected ')'
#0 E:\wamp64\www\healthyhabbits\vendor\codeigniter4\framework\system\Router\Router.php(192): CodeIgniter\Router\Router->autoRoute('/familymember/c...')
#1 E:\wamp64\www\healthyhabbits\vendor\codeigniter4\framework\system\CodeIgniter.php(789): CodeIgniter\Router\Router->handle('/familymember/c...')
#2 E:\wamp64\www\healthyhabbits\vendor\codeigniter4\framework\system\CodeIgniter.php(360): CodeIgniter\CodeIgniter->tryToRouteIt(Object(CodeIgniter\Router\RouteCollection))
#3 E:\wamp64\www\healthyhabbits\vendor\codeigniter4\framework\system\CodeIgniter.php(308): CodeIgniter\CodeIgniter->handleRequest(NULL, Object(Config\Cache), false)
#4 E:\wamp64\www\healthyhabbits\index.php(84): CodeIgniter\CodeIgniter->run()
#5 {main}
CRITICAL - 2020-07-20 02:43:09 --> syntax error, unexpected ')'
#0 E:\wamp64\www\healthyhabbits\vendor\codeigniter4\framework\system\Router\Router.php(192): CodeIgniter\Router\Router->autoRoute('/familyMember/c...')
#1 E:\wamp64\www\healthyhabbits\vendor\codeigniter4\framework\system\CodeIgniter.php(789): CodeIgniter\Router\Router->handle('/familyMember/c...')
#2 E:\wamp64\www\healthyhabbits\vendor\codeigniter4\framework\system\CodeIgniter.php(360): CodeIgniter\CodeIgniter->tryToRouteIt(Object(CodeIgniter\Router\RouteCollection))
#3 E:\wamp64\www\healthyhabbits\vendor\codeigniter4\framework\system\CodeIgniter.php(308): CodeIgniter\CodeIgniter->handleRequest(NULL, Object(Config\Cache), false)
#4 E:\wamp64\www\healthyhabbits\index.php(84): CodeIgniter\CodeIgniter->run()
#5 {main}
CRITICAL - 2020-07-20 02:44:08 --> syntax error, unexpected ')'
#0 E:\wamp64\www\healthyhabbits\vendor\codeigniter4\framework\system\Router\Router.php(192): CodeIgniter\Router\Router->autoRoute('/familyMember/c...')
#1 E:\wamp64\www\healthyhabbits\vendor\codeigniter4\framework\system\CodeIgniter.php(789): CodeIgniter\Router\Router->handle('/familyMember/c...')
#2 E:\wamp64\www\healthyhabbits\vendor\codeigniter4\framework\system\CodeIgniter.php(360): CodeIgniter\CodeIgniter->tryToRouteIt(Object(CodeIgniter\Router\RouteCollection))
#3 E:\wamp64\www\healthyhabbits\vendor\codeigniter4\framework\system\CodeIgniter.php(308): CodeIgniter\CodeIgniter->handleRequest(NULL, Object(Config\Cache), false)
#4 E:\wamp64\www\healthyhabbits\index.php(84): CodeIgniter\CodeIgniter->run()
#5 {main}
CRITICAL - 2020-07-20 02:44:09 --> syntax error, unexpected ')'
#0 E:\wamp64\www\healthyhabbits\vendor\codeigniter4\framework\system\Router\Router.php(192): CodeIgniter\Router\Router->autoRoute('/familyMember/c...')
#1 E:\wamp64\www\healthyhabbits\vendor\codeigniter4\framework\system\CodeIgniter.php(789): CodeIgniter\Router\Router->handle('/familyMember/c...')
#2 E:\wamp64\www\healthyhabbits\vendor\codeigniter4\framework\system\CodeIgniter.php(360): CodeIgniter\CodeIgniter->tryToRouteIt(Object(CodeIgniter\Router\RouteCollection))
#3 E:\wamp64\www\healthyhabbits\vendor\codeigniter4\framework\system\CodeIgniter.php(308): CodeIgniter\CodeIgniter->handleRequest(NULL, Object(Config\Cache), false)
#4 E:\wamp64\www\healthyhabbits\index.php(84): CodeIgniter\CodeIgniter->run()
#5 {main}
CRITICAL - 2020-07-20 02:44:09 --> syntax error, unexpected ')'
#0 E:\wamp64\www\healthyhabbits\vendor\codeigniter4\framework\system\Router\Router.php(192): CodeIgniter\Router\Router->autoRoute('/familyMember/c...')
#1 E:\wamp64\www\healthyhabbits\vendor\codeigniter4\framework\system\CodeIgniter.php(789): CodeIgniter\Router\Router->handle('/familyMember/c...')
#2 E:\wamp64\www\healthyhabbits\vendor\codeigniter4\framework\system\CodeIgniter.php(360): CodeIgniter\CodeIgniter->tryToRouteIt(Object(CodeIgniter\Router\RouteCollection))
#3 E:\wamp64\www\healthyhabbits\vendor\codeigniter4\framework\system\CodeIgniter.php(308): CodeIgniter\CodeIgniter->handleRequest(NULL, Object(Config\Cache), false)
#4 E:\wamp64\www\healthyhabbits\index.php(84): CodeIgniter\CodeIgniter->run()
#5 {main}
CRITICAL - 2020-07-20 02:44:09 --> syntax error, unexpected ')'
#0 E:\wamp64\www\healthyhabbits\vendor\codeigniter4\framework\system\Router\Router.php(192): CodeIgniter\Router\Router->autoRoute('/familyMember/c...')
#1 E:\wamp64\www\healthyhabbits\vendor\codeigniter4\framework\system\CodeIgniter.php(789): CodeIgniter\Router\Router->handle('/familyMember/c...')
#2 E:\wamp64\www\healthyhabbits\vendor\codeigniter4\framework\system\CodeIgniter.php(360): CodeIgniter\CodeIgniter->tryToRouteIt(Object(CodeIgniter\Router\RouteCollection))
#3 E:\wamp64\www\healthyhabbits\vendor\codeigniter4\framework\system\CodeIgniter.php(308): CodeIgniter\CodeIgniter->handleRequest(NULL, Object(Config\Cache), false)
#4 E:\wamp64\www\healthyhabbits\index.php(84): CodeIgniter\CodeIgniter->run()
#5 {main}
CRITICAL - 2020-07-20 02:44:21 --> syntax error, unexpected ')'
#0 E:\wamp64\www\healthyhabbits\vendor\codeigniter4\framework\system\Router\Router.php(192): CodeIgniter\Router\Router->autoRoute('/familyMember/c...')
#1 E:\wamp64\www\healthyhabbits\vendor\codeigniter4\framework\system\CodeIgniter.php(789): CodeIgniter\Router\Router->handle('/familyMember/c...')
#2 E:\wamp64\www\healthyhabbits\vendor\codeigniter4\framework\system\CodeIgniter.php(360): CodeIgniter\CodeIgniter->tryToRouteIt(Object(CodeIgniter\Router\RouteCollection))
#3 E:\wamp64\www\healthyhabbits\vendor\codeigniter4\framework\system\CodeIgniter.php(308): CodeIgniter\CodeIgniter->handleRequest(NULL, Object(Config\Cache), false)
#4 E:\wamp64\www\healthyhabbits\index.php(84): CodeIgniter\CodeIgniter->run()
#5 {main}
CRITICAL - 2020-07-20 02:45:05 --> syntax error, unexpected ')'
#0 E:\wamp64\www\healthyhabbits\vendor\codeigniter4\framework\system\Router\Router.php(192): CodeIgniter\Router\Router->autoRoute('/familyMember/c...')
#1 E:\wamp64\www\healthyhabbits\vendor\codeigniter4\framework\system\CodeIgniter.php(789): CodeIgniter\Router\Router->handle('/familyMember/c...')
#2 E:\wamp64\www\healthyhabbits\vendor\codeigniter4\framework\system\CodeIgniter.php(360): CodeIgniter\CodeIgniter->tryToRouteIt(Object(CodeIgniter\Router\RouteCollection))
#3 E:\wamp64\www\healthyhabbits\vendor\codeigniter4\framework\system\CodeIgniter.php(308): CodeIgniter\CodeIgniter->handleRequest(NULL, Object(Config\Cache), false)
#4 E:\wamp64\www\healthyhabbits\index.php(84): CodeIgniter\CodeIgniter->run()
#5 {main}
CRITICAL - 2020-07-20 02:53:18 --> syntax error, unexpected ')'
#0 E:\wamp64\www\healthyhabbits\vendor\codeigniter4\framework\system\Router\Router.php(192): CodeIgniter\Router\Router->autoRoute('/familyMember/c...')
#1 E:\wamp64\www\healthyhabbits\vendor\codeigniter4\framework\system\CodeIgniter.php(789): CodeIgniter\Router\Router->handle('/familyMember/c...')
#2 E:\wamp64\www\healthyhabbits\vendor\codeigniter4\framework\system\CodeIgniter.php(360): CodeIgniter\CodeIgniter->tryToRouteIt(Object(CodeIgniter\Router\RouteCollection))
#3 E:\wamp64\www\healthyhabbits\vendor\codeigniter4\framework\system\CodeIgniter.php(308): CodeIgniter\CodeIgniter->handleRequest(NULL, Object(Config\Cache), false)
#4 E:\wamp64\www\healthyhabbits\index.php(84): CodeIgniter\CodeIgniter->run()
#5 {main}
CRITICAL - 2020-07-20 02:53:19 --> syntax error, unexpected ')'
#0 E:\wamp64\www\healthyhabbits\vendor\codeigniter4\framework\system\Router\Router.php(192): CodeIgniter\Router\Router->autoRoute('/familyMember/c...')
#1 E:\wamp64\www\healthyhabbits\vendor\codeigniter4\framework\system\CodeIgniter.php(789): CodeIgniter\Router\Router->handle('/familyMember/c...')
#2 E:\wamp64\www\healthyhabbits\vendor\codeigniter4\framework\system\CodeIgniter.php(360): CodeIgniter\CodeIgniter->tryToRouteIt(Object(CodeIgniter\Router\RouteCollection))
#3 E:\wamp64\www\healthyhabbits\vendor\codeigniter4\framework\system\CodeIgniter.php(308): CodeIgniter\CodeIgniter->handleRequest(NULL, Object(Config\Cache), false)
#4 E:\wamp64\www\healthyhabbits\index.php(84): CodeIgniter\CodeIgniter->run()
#5 {main}
CRITICAL - 2020-07-20 02:53:24 --> syntax error, unexpected ')'
#0 E:\wamp64\www\healthyhabbits\vendor\codeigniter4\framework\system\Router\Router.php(192): CodeIgniter\Router\Router->autoRoute('/familyMember/c...')
#1 E:\wamp64\www\healthyhabbits\vendor\codeigniter4\framework\system\CodeIgniter.php(789): CodeIgniter\Router\Router->handle('/familyMember/c...')
#2 E:\wamp64\www\healthyhabbits\vendor\codeigniter4\framework\system\CodeIgniter.php(360): CodeIgniter\CodeIgniter->tryToRouteIt(Object(CodeIgniter\Router\RouteCollection))
#3 E:\wamp64\www\healthyhabbits\vendor\codeigniter4\framework\system\CodeIgniter.php(308): CodeIgniter\CodeIgniter->handleRequest(NULL, Object(Config\Cache), false)
#4 E:\wamp64\www\healthyhabbits\index.php(84): CodeIgniter\CodeIgniter->run()
#5 {main}
CRITICAL - 2020-07-20 02:54:27 --> syntax error, unexpected 'else' (T_ELSE)
#0 E:\wamp64\www\healthyhabbits\vendor\codeigniter4\framework\system\Router\Router.php(192): CodeIgniter\Router\Router->autoRoute('/familyMember/c...')
#1 E:\wamp64\www\healthyhabbits\vendor\codeigniter4\framework\system\CodeIgniter.php(789): CodeIgniter\Router\Router->handle('/familyMember/c...')
#2 E:\wamp64\www\healthyhabbits\vendor\codeigniter4\framework\system\CodeIgniter.php(360): CodeIgniter\CodeIgniter->tryToRouteIt(Object(CodeIgniter\Router\RouteCollection))
#3 E:\wamp64\www\healthyhabbits\vendor\codeigniter4\framework\system\CodeIgniter.php(308): CodeIgniter\CodeIgniter->handleRequest(NULL, Object(Config\Cache), false)
#4 E:\wamp64\www\healthyhabbits\index.php(84): CodeIgniter\CodeIgniter->run()
#5 {main}
CRITICAL - 2020-07-20 03:58:58 --> syntax error, unexpected ')'
#0 E:\wamp64\www\healthyhabbits\vendor\codeigniter4\framework\system\Router\Router.php(192): CodeIgniter\Router\Router->autoRoute('/familymember/s...')
#1 E:\wamp64\www\healthyhabbits\vendor\codeigniter4\framework\system\CodeIgniter.php(789): CodeIgniter\Router\Router->handle('/familymember/s...')
#2 E:\wamp64\www\healthyhabbits\vendor\codeigniter4\framework\system\CodeIgniter.php(360): CodeIgniter\CodeIgniter->tryToRouteIt(Object(CodeIgniter\Router\RouteCollection))
#3 E:\wamp64\www\healthyhabbits\vendor\codeigniter4\framework\system\CodeIgniter.php(308): CodeIgniter\CodeIgniter->handleRequest(NULL, Object(Config\Cache), false)
#4 E:\wamp64\www\healthyhabbits\index.php(84): CodeIgniter\CodeIgniter->run()
#5 {main}
CRITICAL - 2020-07-20 04:00:38 --> Invalid file: Family/list.php
#0 E:\wamp64\www\healthyhabbits\vendor\codeigniter4\framework\system\View\View.php(228): CodeIgniter\Exceptions\FrameworkException::forInvalidFile('Family/list.php')
#1 E:\wamp64\www\healthyhabbits\vendor\codeigniter4\framework\system\Common.php(1087): CodeIgniter\View\View->render('Family/list', Array, true)
#2 E:\wamp64\www\healthyhabbits\app\Controllers\BaseController.php(56): view('Family/list', Array)
#3 E:\wamp64\www\healthyhabbits\app\Controllers\FamilyMember.php(18): App\Controllers\BaseController->render_page('Family/list', Array)
#4 E:\wamp64\www\healthyhabbits\vendor\codeigniter4\framework\system\CodeIgniter.php(914): App\Controllers\FamilyMember->index()
#5 E:\wamp64\www\healthyhabbits\vendor\codeigniter4\framework\system\CodeIgniter.php(400): CodeIgniter\CodeIgniter->runController(Object(App\Controllers\FamilyMember))
#6 E:\wamp64\www\healthyhabbits\vendor\codeigniter4\framework\system\CodeIgniter.php(308): CodeIgniter\CodeIgniter->handleRequest(NULL, Object(Config\Cache), false)
#7 E:\wamp64\www\healthyhabbits\index.php(84): CodeIgniter\CodeIgniter->run()
#8 {main}
CRITICAL - 2020-07-20 04:20:20 --> Unknown column 'full_name' in 'field list'
#0 E:\wamp64\www\healthyhabbits\vendor\codeigniter4\framework\system\Database\MySQLi\Connection.php(331): mysqli->query('INSERT INTO `us...')
#1 E:\wamp64\www\healthyhabbits\vendor\codeigniter4\framework\system\Database\BaseConnection.php(738): CodeIgniter\Database\MySQLi\Connection->execute('INSERT INTO `us...')
#2 E:\wamp64\www\healthyhabbits\vendor\codeigniter4\framework\system\Database\BaseConnection.php(666): CodeIgniter\Database\BaseConnection->simpleQuery('INSERT INTO `us...')
#3 E:\wamp64\www\healthyhabbits\vendor\codeigniter4\framework\system\Database\BaseBuilder.php(2234): CodeIgniter\Database\BaseConnection->query('INSERT INTO `us...', Array, false)
#4 E:\wamp64\www\healthyhabbits\vendor\codeigniter4\framework\system\Model.php(729): CodeIgniter\Database\BaseBuilder->insert()
#5 E:\wamp64\www\healthyhabbits\app\Controllers\FamilyMember.php(85): CodeIgniter\Model->insert(Array)
#6 E:\wamp64\www\healthyhabbits\vendor\codeigniter4\framework\system\CodeIgniter.php(914): App\Controllers\FamilyMember->store()
#7 E:\wamp64\www\healthyhabbits\vendor\codeigniter4\framework\system\CodeIgniter.php(400): CodeIgniter\CodeIgniter->runController(Object(App\Controllers\FamilyMember))
#8 E:\wamp64\www\healthyhabbits\vendor\codeigniter4\framework\system\CodeIgniter.php(308): CodeIgniter\CodeIgniter->handleRequest(NULL, Object(Config\Cache), false)
#9 E:\wamp64\www\healthyhabbits\index.php(84): CodeIgniter\CodeIgniter->run()
#10 {main}
CRITICAL - 2020-07-20 04:29:03 --> Undefined variable: policy
#0 E:\wamp64\www\healthyhabbits\app\Views\family\list.php(46): CodeIgniter\Debug\Exceptions->errorHandler(8, 'Undefined varia...', 'E:\\wamp64\\www\\h...', 46, Array)
#1 E:\wamp64\www\healthyhabbits\vendor\codeigniter4\framework\system\View\View.php(246): include('E:\\wamp64\\www\\h...')
#2 E:\wamp64\www\healthyhabbits\vendor\codeigniter4\framework\system\Common.php(1087): CodeIgniter\View\View->render('Family/list', Array, true)
#3 E:\wamp64\www\healthyhabbits\app\Controllers\BaseController.php(56): view('Family/list', Array)
#4 E:\wamp64\www\healthyhabbits\app\Controllers\FamilyMember.php(18): App\Controllers\BaseController->render_page('Family/list', Array)
#5 E:\wamp64\www\healthyhabbits\vendor\codeigniter4\framework\system\CodeIgniter.php(914): App\Controllers\FamilyMember->index()
#6 E:\wamp64\www\healthyhabbits\vendor\codeigniter4\framework\system\CodeIgniter.php(400): CodeIgniter\CodeIgniter->runController(Object(App\Controllers\FamilyMember))
#7 E:\wamp64\www\healthyhabbits\vendor\codeigniter4\framework\system\CodeIgniter.php(308): CodeIgniter\CodeIgniter->handleRequest(NULL, Object(Config\Cache), false)
#8 E:\wamp64\www\healthyhabbits\index.php(84): CodeIgniter\CodeIgniter->run()
#9 {main}
CRITICAL - 2020-07-20 04:29:38 --> Undefined variable: policy
#0 E:\wamp64\www\healthyhabbits\app\Views\family\list.php(48): CodeIgniter\Debug\Exceptions->errorHandler(8, 'Undefined varia...', 'E:\\wamp64\\www\\h...', 48, Array)
#1 E:\wamp64\www\healthyhabbits\vendor\codeigniter4\framework\system\View\View.php(246): include('E:\\wamp64\\www\\h...')
#2 E:\wamp64\www\healthyhabbits\vendor\codeigniter4\framework\system\Common.php(1087): CodeIgniter\View\View->render('Family/list', Array, true)
#3 E:\wamp64\www\healthyhabbits\app\Controllers\BaseController.php(56): view('Family/list', Array)
#4 E:\wamp64\www\healthyhabbits\app\Controllers\FamilyMember.php(18): App\Controllers\BaseController->render_page('Family/list', Array)
#5 E:\wamp64\www\healthyhabbits\vendor\codeigniter4\framework\system\CodeIgniter.php(914): App\Controllers\FamilyMember->index()
#6 E:\wamp64\www\healthyhabbits\vendor\codeigniter4\framework\system\CodeIgniter.php(400): CodeIgniter\CodeIgniter->runController(Object(App\Controllers\FamilyMember))
#7 E:\wamp64\www\healthyhabbits\vendor\codeigniter4\framework\system\CodeIgniter.php(308): CodeIgniter\CodeIgniter->handleRequest(NULL, Object(Config\Cache), false)
#8 E:\wamp64\www\healthyhabbits\index.php(84): CodeIgniter\CodeIgniter->run()
#9 {main}
CRITICAL - 2020-07-20 04:42:14 --> Class 'App\Controllers\PolicyModel' not found
#0 E:\wamp64\www\healthyhabbits\vendor\codeigniter4\framework\system\CodeIgniter.php(914): App\Controllers\FamilyMember->edit('1')
#1 E:\wamp64\www\healthyhabbits\vendor\codeigniter4\framework\system\CodeIgniter.php(400): CodeIgniter\CodeIgniter->runController(Object(App\Controllers\FamilyMember))
#2 E:\wamp64\www\healthyhabbits\vendor\codeigniter4\framework\system\CodeIgniter.php(308): CodeIgniter\CodeIgniter->handleRequest(NULL, Object(Config\Cache), false)
#3 E:\wamp64\www\healthyhabbits\index.php(84): CodeIgniter\CodeIgniter->run()
#4 {main}
CRITICAL - 2020-07-20 04:43:19 --> Class 'App\Controllers\PolicyModel' not found
#0 E:\wamp64\www\healthyhabbits\vendor\codeigniter4\framework\system\CodeIgniter.php(914): App\Controllers\FamilyMember->edit('1')
#1 E:\wamp64\www\healthyhabbits\vendor\codeigniter4\framework\system\CodeIgniter.php(400): CodeIgniter\CodeIgniter->runController(Object(App\Controllers\FamilyMember))
#2 E:\wamp64\www\healthyhabbits\vendor\codeigniter4\framework\system\CodeIgniter.php(308): CodeIgniter\CodeIgniter->handleRequest(NULL, Object(Config\Cache), false)
#3 E:\wamp64\www\healthyhabbits\index.php(84): CodeIgniter\CodeIgniter->run()
#4 {main}
CRITICAL - 2020-07-20 04:43:20 --> Class 'App\Controllers\PolicyModel' not found
#0 E:\wamp64\www\healthyhabbits\vendor\codeigniter4\framework\system\CodeIgniter.php(914): App\Controllers\FamilyMember->edit('1')
#1 E:\wamp64\www\healthyhabbits\vendor\codeigniter4\framework\system\CodeIgniter.php(400): CodeIgniter\CodeIgniter->runController(Object(App\Controllers\FamilyMember))
#2 E:\wamp64\www\healthyhabbits\vendor\codeigniter4\framework\system\CodeIgniter.php(308): CodeIgniter\CodeIgniter->handleRequest(NULL, Object(Config\Cache), false)
#3 E:\wamp64\www\healthyhabbits\index.php(84): CodeIgniter\CodeIgniter->run()
#4 {main}
CRITICAL - 2020-07-20 04:43:20 --> Class 'App\Controllers\PolicyModel' not found
#0 E:\wamp64\www\healthyhabbits\vendor\codeigniter4\framework\system\CodeIgniter.php(914): App\Controllers\FamilyMember->edit('1')
#1 E:\wamp64\www\healthyhabbits\vendor\codeigniter4\framework\system\CodeIgniter.php(400): CodeIgniter\CodeIgniter->runController(Object(App\Controllers\FamilyMember))
#2 E:\wamp64\www\healthyhabbits\vendor\codeigniter4\framework\system\CodeIgniter.php(308): CodeIgniter\CodeIgniter->handleRequest(NULL, Object(Config\Cache), false)
#3 E:\wamp64\www\healthyhabbits\index.php(84): CodeIgniter\CodeIgniter->run()
#4 {main}
CRITICAL - 2020-07-20 04:43:25 --> Class 'App\Controllers\PolicyModel' not found
#0 E:\wamp64\www\healthyhabbits\vendor\codeigniter4\framework\system\CodeIgniter.php(914): App\Controllers\FamilyMember->edit('1')
#1 E:\wamp64\www\healthyhabbits\vendor\codeigniter4\framework\system\CodeIgniter.php(400): CodeIgniter\CodeIgniter->runController(Object(App\Controllers\FamilyMember))
#2 E:\wamp64\www\healthyhabbits\vendor\codeigniter4\framework\system\CodeIgniter.php(308): CodeIgniter\CodeIgniter->handleRequest(NULL, Object(Config\Cache), false)
#3 E:\wamp64\www\healthyhabbits\index.php(84): CodeIgniter\CodeIgniter->run()
#4 {main}
CRITICAL - 2020-07-20 04:43:45 --> Class 'App\Controllers\fmailyModel' not found
#0 E:\wamp64\www\healthyhabbits\vendor\codeigniter4\framework\system\CodeIgniter.php(914): App\Controllers\FamilyMember->edit('1')
#1 E:\wamp64\www\healthyhabbits\vendor\codeigniter4\framework\system\CodeIgniter.php(400): CodeIgniter\CodeIgniter->runController(Object(App\Controllers\FamilyMember))
#2 E:\wamp64\www\healthyhabbits\vendor\codeigniter4\framework\system\CodeIgniter.php(308): CodeIgniter\CodeIgniter->handleRequest(NULL, Object(Config\Cache), false)
#3 E:\wamp64\www\healthyhabbits\index.php(84): CodeIgniter\CodeIgniter->run()
#4 {main}
CRITICAL - 2020-07-20 04:43:48 --> Class 'App\Controllers\fmailyModel' not found
#0 E:\wamp64\www\healthyhabbits\vendor\codeigniter4\framework\system\CodeIgniter.php(914): App\Controllers\FamilyMember->edit('1')
#1 E:\wamp64\www\healthyhabbits\vendor\codeigniter4\framework\system\CodeIgniter.php(400): CodeIgniter\CodeIgniter->runController(Object(App\Controllers\FamilyMember))
#2 E:\wamp64\www\healthyhabbits\vendor\codeigniter4\framework\system\CodeIgniter.php(308): CodeIgniter\CodeIgniter->handleRequest(NULL, Object(Config\Cache), false)
#3 E:\wamp64\www\healthyhabbits\index.php(84): CodeIgniter\CodeIgniter->run()
#4 {main}
CRITICAL - 2020-07-20 04:44:29 --> syntax error, unexpected ')'
#0 E:\wamp64\www\healthyhabbits\vendor\codeigniter4\framework\system\Common.php(1087): CodeIgniter\View\View->render('family/edit', Array, true)
#1 E:\wamp64\www\healthyhabbits\app\Controllers\BaseController.php(56): view('family/edit', Array)
#2 E:\wamp64\www\healthyhabbits\app\Controllers\FamilyMember.php(114): App\Controllers\BaseController->render_page('family/edit', Array)
#3 E:\wamp64\www\healthyhabbits\vendor\codeigniter4\framework\system\CodeIgniter.php(914): App\Controllers\FamilyMember->edit('1')
#4 E:\wamp64\www\healthyhabbits\vendor\codeigniter4\framework\system\CodeIgniter.php(400): CodeIgniter\CodeIgniter->runController(Object(App\Controllers\FamilyMember))
#5 E:\wamp64\www\healthyhabbits\vendor\codeigniter4\framework\system\CodeIgniter.php(308): CodeIgniter\CodeIgniter->handleRequest(NULL, Object(Config\Cache), false)
#6 E:\wamp64\www\healthyhabbits\index.php(84): CodeIgniter\CodeIgniter->run()
#7 {main}
CRITICAL - 2020-07-20 04:46:32 --> syntax error, unexpected ',', expecting ']'
#0 E:\wamp64\www\healthyhabbits\vendor\codeigniter4\framework\system\Common.php(1087): CodeIgniter\View\View->render('family/edit', Array, true)
#1 E:\wamp64\www\healthyhabbits\app\Controllers\BaseController.php(56): view('family/edit', Array)
#2 E:\wamp64\www\healthyhabbits\app\Controllers\FamilyMember.php(114): App\Controllers\BaseController->render_page('family/edit', Array)
#3 E:\wamp64\www\healthyhabbits\vendor\codeigniter4\framework\system\CodeIgniter.php(914): App\Controllers\FamilyMember->edit('1')
#4 E:\wamp64\www\healthyhabbits\vendor\codeigniter4\framework\system\CodeIgniter.php(400): CodeIgniter\CodeIgniter->runController(Object(App\Controllers\FamilyMember))
#5 E:\wamp64\www\healthyhabbits\vendor\codeigniter4\framework\system\CodeIgniter.php(308): CodeIgniter\CodeIgniter->handleRequest(NULL, Object(Config\Cache), false)
#6 E:\wamp64\www\healthyhabbits\index.php(84): CodeIgniter\CodeIgniter->run()
#7 {main}
CRITICAL - 2020-07-20 04:46:51 --> syntax error, unexpected ',', expecting ']'
#0 E:\wamp64\www\healthyhabbits\vendor\codeigniter4\framework\system\Common.php(1087): CodeIgniter\View\View->render('family/edit', Array, true)
#1 E:\wamp64\www\healthyhabbits\app\Controllers\BaseController.php(56): view('family/edit', Array)
#2 E:\wamp64\www\healthyhabbits\app\Controllers\FamilyMember.php(114): App\Controllers\BaseController->render_page('family/edit', Array)
#3 E:\wamp64\www\healthyhabbits\vendor\codeigniter4\framework\system\CodeIgniter.php(914): App\Controllers\FamilyMember->edit('1')
#4 E:\wamp64\www\healthyhabbits\vendor\codeigniter4\framework\system\CodeIgniter.php(400): CodeIgniter\CodeIgniter->runController(Object(App\Controllers\FamilyMember))
#5 E:\wamp64\www\healthyhabbits\vendor\codeigniter4\framework\system\CodeIgniter.php(308): CodeIgniter\CodeIgniter->handleRequest(NULL, Object(Config\Cache), false)
#6 E:\wamp64\www\healthyhabbits\index.php(84): CodeIgniter\CodeIgniter->run()
#7 {main}
CRITICAL - 2020-07-20 04:46:52 --> syntax error, unexpected ',', expecting ']'
#0 E:\wamp64\www\healthyhabbits\vendor\codeigniter4\framework\system\Common.php(1087): CodeIgniter\View\View->render('family/edit', Array, true)
#1 E:\wamp64\www\healthyhabbits\app\Controllers\BaseController.php(56): view('family/edit', Array)
#2 E:\wamp64\www\healthyhabbits\app\Controllers\FamilyMember.php(114): App\Controllers\BaseController->render_page('family/edit', Array)
#3 E:\wamp64\www\healthyhabbits\vendor\codeigniter4\framework\system\CodeIgniter.php(914): App\Controllers\FamilyMember->edit('1')
#4 E:\wamp64\www\healthyhabbits\vendor\codeigniter4\framework\system\CodeIgniter.php(400): CodeIgniter\CodeIgniter->runController(Object(App\Controllers\FamilyMember))
#5 E:\wamp64\www\healthyhabbits\vendor\codeigniter4\framework\system\CodeIgniter.php(308): CodeIgniter\CodeIgniter->handleRequest(NULL, Object(Config\Cache), false)
#6 E:\wamp64\www\healthyhabbits\index.php(84): CodeIgniter\CodeIgniter->run()
#7 {main}
CRITICAL - 2020-07-20 04:47:57 --> syntax error, unexpected '}', expecting ',' or ';'
#0 E:\wamp64\www\healthyhabbits\vendor\codeigniter4\framework\system\Common.php(1087): CodeIgniter\View\View->render('family/edit', Array, true)
#1 E:\wamp64\www\healthyhabbits\app\Controllers\BaseController.php(56): view('family/edit', Array)
#2 E:\wamp64\www\healthyhabbits\app\Controllers\FamilyMember.php(114): App\Controllers\BaseController->render_page('family/edit', Array)
#3 E:\wamp64\www\healthyhabbits\vendor\codeigniter4\framework\system\CodeIgniter.php(914): App\Controllers\FamilyMember->edit('1')
#4 E:\wamp64\www\healthyhabbits\vendor\codeigniter4\framework\system\CodeIgniter.php(400): CodeIgniter\CodeIgniter->runController(Object(App\Controllers\FamilyMember))
#5 E:\wamp64\www\healthyhabbits\vendor\codeigniter4\framework\system\CodeIgniter.php(308): CodeIgniter\CodeIgniter->handleRequest(NULL, Object(Config\Cache), false)
#6 E:\wamp64\www\healthyhabbits\index.php(84): CodeIgniter\CodeIgniter->run()
#7 {main}
CRITICAL - 2020-07-20 05:02:29 --> syntax error, unexpected end of file
#0 E:\wamp64\www\healthyhabbits\vendor\codeigniter4\framework\system\Common.php(1087): CodeIgniter\View\View->render('family/edit', Array, true)
#1 E:\wamp64\www\healthyhabbits\app\Controllers\BaseController.php(56): view('family/edit', Array)
#2 E:\wamp64\www\healthyhabbits\app\Controllers\FamilyMember.php(114): App\Controllers\BaseController->render_page('family/edit', Array)
#3 E:\wamp64\www\healthyhabbits\vendor\codeigniter4\framework\system\CodeIgniter.php(914): App\Controllers\FamilyMember->edit('1')
#4 E:\wamp64\www\healthyhabbits\vendor\codeigniter4\framework\system\CodeIgniter.php(400): CodeIgniter\CodeIgniter->runController(Object(App\Controllers\FamilyMember))
#5 E:\wamp64\www\healthyhabbits\vendor\codeigniter4\framework\system\CodeIgniter.php(308): CodeIgniter\CodeIgniter->handleRequest(NULL, Object(Config\Cache), false)
#6 E:\wamp64\www\healthyhabbits\index.php(84): CodeIgniter\CodeIgniter->run()
#7 {main}
CRITICAL - 2020-07-20 05:03:48 --> Undefined variable: policy
#0 E:\wamp64\www\healthyhabbits\app\Views\policy\edit.php(12): CodeIgniter\Debug\Exceptions->errorHandler(8, 'Undefined varia...', 'E:\\wamp64\\www\\h...', 12, Array)
#1 E:\wamp64\www\healthyhabbits\vendor\codeigniter4\framework\system\View\View.php(246): include('E:\\wamp64\\www\\h...')
#2 E:\wamp64\www\healthyhabbits\vendor\codeigniter4\framework\system\Common.php(1087): CodeIgniter\View\View->render('policy/edit', Array, true)
#3 E:\wamp64\www\healthyhabbits\app\Controllers\FamilyMember.php(146): view('policy/edit', Array)
#4 E:\wamp64\www\healthyhabbits\vendor\codeigniter4\framework\system\CodeIgniter.php(914): App\Controllers\FamilyMember->update()
#5 E:\wamp64\www\healthyhabbits\vendor\codeigniter4\framework\system\CodeIgniter.php(400): CodeIgniter\CodeIgniter->runController(Object(App\Controllers\FamilyMember))
#6 E:\wamp64\www\healthyhabbits\vendor\codeigniter4\framework\system\CodeIgniter.php(308): CodeIgniter\CodeIgniter->handleRequest(NULL, Object(Config\Cache), false)
#7 E:\wamp64\www\healthyhabbits\index.php(84): CodeIgniter\CodeIgniter->run()
#8 {main}
CRITICAL - 2020-07-20 05:05:26 --> You must use the "set" method to update an entry.
#0 E:\wamp64\www\healthyhabbits\vendor\codeigniter4\framework\system\Database\BaseBuilder.php(2415): CodeIgniter\Database\BaseBuilder->validateUpdate()
#1 E:\wamp64\www\healthyhabbits\vendor\codeigniter4\framework\system\Model.php(864): CodeIgniter\Database\BaseBuilder->update()
#2 E:\wamp64\www\healthyhabbits\app\Controllers\FamilyMember.php(158): CodeIgniter\Model->update(NULL, Array)
#3 E:\wamp64\www\healthyhabbits\vendor\codeigniter4\framework\system\CodeIgniter.php(914): App\Controllers\FamilyMember->update()
#4 E:\wamp64\www\healthyhabbits\vendor\codeigniter4\framework\system\CodeIgniter.php(400): CodeIgniter\CodeIgniter->runController(Object(App\Controllers\FamilyMember))
#5 E:\wamp64\www\healthyhabbits\vendor\codeigniter4\framework\system\CodeIgniter.php(308): CodeIgniter\CodeIgniter->handleRequest(NULL, Object(Config\Cache), false)
#6 E:\wamp64\www\healthyhabbits\index.php(84): CodeIgniter\CodeIgniter->run()
#7 {main}
CRITICAL - 2020-07-20 05:09:09 --> syntax error, unexpected '__construct' (T_STRING), expecting function (T_FUNCTION) or const (T_CONST)
#0 E:\wamp64\www\healthyhabbits\vendor\codeigniter4\framework\system\Router\Router.php(192): CodeIgniter\Router\Router->autoRoute('/familymember')
#1 E:\wamp64\www\healthyhabbits\vendor\codeigniter4\framework\system\CodeIgniter.php(789): CodeIgniter\Router\Router->handle('/familymember')
#2 E:\wamp64\www\healthyhabbits\vendor\codeigniter4\framework\system\CodeIgniter.php(360): CodeIgniter\CodeIgniter->tryToRouteIt(Object(CodeIgniter\Router\RouteCollection))
#3 E:\wamp64\www\healthyhabbits\vendor\codeigniter4\framework\system\CodeIgniter.php(308): CodeIgniter\CodeIgniter->handleRequest(NULL, Object(Config\Cache), false)
#4 E:\wamp64\www\healthyhabbits\index.php(84): CodeIgniter\CodeIgniter->run()
#5 {main}
CRITICAL - 2020-07-20 05:09:58 --> Undefined variable: model
#0 E:\wamp64\www\healthyhabbits\app\Controllers\FamilyMember.php(20): CodeIgniter\Debug\Exceptions->errorHandler(8, 'Undefined varia...', 'E:\\wamp64\\www\\h...', 20, Array)
#1 E:\wamp64\www\healthyhabbits\vendor\codeigniter4\framework\system\CodeIgniter.php(914): App\Controllers\FamilyMember->index()
#2 E:\wamp64\www\healthyhabbits\vendor\codeigniter4\framework\system\CodeIgniter.php(400): CodeIgniter\CodeIgniter->runController(Object(App\Controllers\FamilyMember))
#3 E:\wamp64\www\healthyhabbits\vendor\codeigniter4\framework\system\CodeIgniter.php(308): CodeIgniter\CodeIgniter->handleRequest(NULL, Object(Config\Cache), false)
#4 E:\wamp64\www\healthyhabbits\index.php(84): CodeIgniter\CodeIgniter->run()
#5 {main}
CRITICAL - 2020-07-20 05:10:34 --> syntax error, unexpected '$model' (T_VARIABLE), expecting function (T_FUNCTION) or const (T_CONST)
#0 E:\wamp64\www\healthyhabbits\vendor\codeigniter4\framework\system\Router\Router.php(192): CodeIgniter\Router\Router->autoRoute('/familymember')
#1 E:\wamp64\www\healthyhabbits\vendor\codeigniter4\framework\system\CodeIgniter.php(789): CodeIgniter\Router\Router->handle('/familymember')
#2 E:\wamp64\www\healthyhabbits\vendor\codeigniter4\framework\system\CodeIgniter.php(360): CodeIgniter\CodeIgniter->tryToRouteIt(Object(CodeIgniter\Router\RouteCollection))
#3 E:\wamp64\www\healthyhabbits\vendor\codeigniter4\framework\system\CodeIgniter.php(308): CodeIgniter\CodeIgniter->handleRequest(NULL, Object(Config\Cache), false)
#4 E:\wamp64\www\healthyhabbits\index.php(84): CodeIgniter\CodeIgniter->run()
#5 {main}
CRITICAL - 2020-07-20 05:33:54 --> Class 'App\Models\RelationModel' not found
#0 E:\wamp64\www\healthyhabbits\vendor\codeigniter4\framework\system\CodeIgniter.php(914): App\Controllers\RelationMaster->index()
#1 E:\wamp64\www\healthyhabbits\vendor\codeigniter4\framework\system\CodeIgniter.php(400): CodeIgniter\CodeIgniter->runController(Object(App\Controllers\RelationMaster))
#2 E:\wamp64\www\healthyhabbits\vendor\codeigniter4\framework\system\CodeIgniter.php(308): CodeIgniter\CodeIgniter->handleRequest(NULL, Object(Config\Cache), false)
#3 E:\wamp64\www\healthyhabbits\index.php(84): CodeIgniter\CodeIgniter->run()
#4 {main}
CRITICAL - 2020-07-20 05:36:37 --> Class 'App\Models\RelationModel' not found
#0 E:\wamp64\www\healthyhabbits\vendor\codeigniter4\framework\system\CodeIgniter.php(914): App\Controllers\RelationMaster->index()
#1 E:\wamp64\www\healthyhabbits\vendor\codeigniter4\framework\system\CodeIgniter.php(400): CodeIgniter\CodeIgniter->runController(Object(App\Controllers\RelationMaster))
#2 E:\wamp64\www\healthyhabbits\vendor\codeigniter4\framework\system\CodeIgniter.php(308): CodeIgniter\CodeIgniter->handleRequest(NULL, Object(Config\Cache), false)
#3 E:\wamp64\www\healthyhabbits\index.php(84): CodeIgniter\CodeIgniter->run()
#4 {main}
CRITICAL - 2020-07-20 05:36:38 --> Class 'App\Models\RelationModel' not found
#0 E:\wamp64\www\healthyhabbits\vendor\codeigniter4\framework\system\CodeIgniter.php(914): App\Controllers\RelationMaster->index()
#1 E:\wamp64\www\healthyhabbits\vendor\codeigniter4\framework\system\CodeIgniter.php(400): CodeIgniter\CodeIgniter->runController(Object(App\Controllers\RelationMaster))
#2 E:\wamp64\www\healthyhabbits\vendor\codeigniter4\framework\system\CodeIgniter.php(308): CodeIgniter\CodeIgniter->handleRequest(NULL, Object(Config\Cache), false)
#3 E:\wamp64\www\healthyhabbits\index.php(84): CodeIgniter\CodeIgniter->run()
#4 {main}
CRITICAL - 2020-07-20 05:36:43 --> Class 'App\Models\RelationModel' not found
#0 E:\wamp64\www\healthyhabbits\vendor\codeigniter4\framework\system\CodeIgniter.php(914): App\Controllers\RelationMaster->index()
#1 E:\wamp64\www\healthyhabbits\vendor\codeigniter4\framework\system\CodeIgniter.php(400): CodeIgniter\CodeIgniter->runController(Object(App\Controllers\RelationMaster))
#2 E:\wamp64\www\healthyhabbits\vendor\codeigniter4\framework\system\CodeIgniter.php(308): CodeIgniter\CodeIgniter->handleRequest(NULL, Object(Config\Cache), false)
#3 E:\wamp64\www\healthyhabbits\index.php(84): CodeIgniter\CodeIgniter->run()
#4 {main}
CRITICAL - 2020-07-20 05:37:36 --> Class 'App\Models\RelationModel' not found
#0 E:\wamp64\www\healthyhabbits\vendor\codeigniter4\framework\system\CodeIgniter.php(914): App\Controllers\RelationMaster->index()
#1 E:\wamp64\www\healthyhabbits\vendor\codeigniter4\framework\system\CodeIgniter.php(400): CodeIgniter\CodeIgniter->runController(Object(App\Controllers\RelationMaster))
#2 E:\wamp64\www\healthyhabbits\vendor\codeigniter4\framework\system\CodeIgniter.php(308): CodeIgniter\CodeIgniter->handleRequest(NULL, Object(Config\Cache), false)
#3 E:\wamp64\www\healthyhabbits\index.php(84): CodeIgniter\CodeIgniter->run()
#4 {main}
CRITICAL - 2020-07-20 05:40:30 --> Invalid file: master/relation.php
#0 E:\wamp64\www\healthyhabbits\vendor\codeigniter4\framework\system\View\View.php(228): CodeIgniter\Exceptions\FrameworkException::forInvalidFile('master/relation...')
#1 E:\wamp64\www\healthyhabbits\vendor\codeigniter4\framework\system\Common.php(1087): CodeIgniter\View\View->render('master/relation', Array, true)
#2 E:\wamp64\www\healthyhabbits\app\Controllers\BaseController.php(56): view('master/relation', Array)
#3 E:\wamp64\www\healthyhabbits\app\Controllers\RelationMaster.php(37): App\Controllers\BaseController->render_page('master/relation', Array)
#4 E:\wamp64\www\healthyhabbits\vendor\codeigniter4\framework\system\CodeIgniter.php(914): App\Controllers\RelationMaster->create()
#5 E:\wamp64\www\healthyhabbits\vendor\codeigniter4\framework\system\CodeIgniter.php(400): CodeIgniter\CodeIgniter->runController(Object(App\Controllers\RelationMaster))
#6 E:\wamp64\www\healthyhabbits\vendor\codeigniter4\framework\system\CodeIgniter.php(308): CodeIgniter\CodeIgniter->handleRequest(NULL, Object(Config\Cache), false)
#7 E:\wamp64\www\healthyhabbits\index.php(84): CodeIgniter\CodeIgniter->run()
#8 {main}
CRITICAL - 2020-07-20 05:44:28 --> Class 'App\Controllers\PolicyModel' not found
#0 E:\wamp64\www\healthyhabbits\vendor\codeigniter4\framework\system\CodeIgniter.php(914): App\Controllers\RelationMaster->store()
#1 E:\wamp64\www\healthyhabbits\vendor\codeigniter4\framework\system\CodeIgniter.php(400): CodeIgniter\CodeIgniter->runController(Object(App\Controllers\RelationMaster))
#2 E:\wamp64\www\healthyhabbits\vendor\codeigniter4\framework\system\CodeIgniter.php(308): CodeIgniter\CodeIgniter->handleRequest(NULL, Object(Config\Cache), false)
#3 E:\wamp64\www\healthyhabbits\index.php(84): CodeIgniter\CodeIgniter->run()
#4 {main}
CRITICAL - 2020-07-20 05:45:30 --> Undefined index: title
#0 E:\wamp64\www\healthyhabbits\app\Views\relationmaster\list.php(41): CodeIgniter\Debug\Exceptions->errorHandler(8, 'Undefined index...', 'E:\\wamp64\\www\\h...', 41, Array)
#1 E:\wamp64\www\healthyhabbits\vendor\codeigniter4\framework\system\View\View.php(246): include('E:\\wamp64\\www\\h...')
#2 E:\wamp64\www\healthyhabbits\vendor\codeigniter4\framework\system\Common.php(1087): CodeIgniter\View\View->render('relationmaster/...', Array, true)
#3 E:\wamp64\www\healthyhabbits\app\Controllers\BaseController.php(56): view('relationmaster/...', Array)
#4 E:\wamp64\www\healthyhabbits\app\Controllers\RelationMaster.php(19): App\Controllers\BaseController->render_page('relationmaster/...', Array)
#5 E:\wamp64\www\healthyhabbits\vendor\codeigniter4\framework\system\CodeIgniter.php(914): App\Controllers\RelationMaster->index()
#6 E:\wamp64\www\healthyhabbits\vendor\codeigniter4\framework\system\CodeIgniter.php(400): CodeIgniter\CodeIgniter->runController(Object(App\Controllers\RelationMaster))
#7 E:\wamp64\www\healthyhabbits\vendor\codeigniter4\framework\system\CodeIgniter.php(308): CodeIgniter\CodeIgniter->handleRequest(NULL, Object(Config\Cache), false)
#8 E:\wamp64\www\healthyhabbits\index.php(84): CodeIgniter\CodeIgniter->run()
#9 {main}
CRITICAL - 2020-07-20 05:46:29 --> Undefined variable: policy
#0 E:\wamp64\www\healthyhabbits\app\Views\relationmaster\list.php(45): CodeIgniter\Debug\Exceptions->errorHandler(8, 'Undefined varia...', 'E:\\wamp64\\www\\h...', 45, Array)
#1 E:\wamp64\www\healthyhabbits\vendor\codeigniter4\framework\system\View\View.php(246): include('E:\\wamp64\\www\\h...')
#2 E:\wamp64\www\healthyhabbits\vendor\codeigniter4\framework\system\Common.php(1087): CodeIgniter\View\View->render('relationmaster/...', Array, true)
#3 E:\wamp64\www\healthyhabbits\app\Controllers\BaseController.php(56): view('relationmaster/...', Array)
#4 E:\wamp64\www\healthyhabbits\app\Controllers\RelationMaster.php(19): App\Controllers\BaseController->render_page('relationmaster/...', Array)
#5 E:\wamp64\www\healthyhabbits\vendor\codeigniter4\framework\system\CodeIgniter.php(914): App\Controllers\RelationMaster->index()
#6 E:\wamp64\www\healthyhabbits\vendor\codeigniter4\framework\system\CodeIgniter.php(400): CodeIgniter\CodeIgniter->runController(Object(App\Controllers\RelationMaster))
#7 E:\wamp64\www\healthyhabbits\vendor\codeigniter4\framework\system\CodeIgniter.php(308): CodeIgniter\CodeIgniter->handleRequest(NULL, Object(Config\Cache), false)
#8 E:\wamp64\www\healthyhabbits\index.php(84): CodeIgniter\CodeIgniter->run()
#9 {main}
CRITICAL - 2020-07-20 06:26:49 --> Undefined variable: relation
#0 E:\wamp64\www\healthyhabbits\app\Views\family\edit.php(23): CodeIgniter\Debug\Exceptions->errorHandler(8, 'Undefined varia...', 'E:\\wamp64\\www\\h...', 23, Array)
#1 E:\wamp64\www\healthyhabbits\vendor\codeigniter4\framework\system\View\View.php(246): include('E:\\wamp64\\www\\h...')
#2 E:\wamp64\www\healthyhabbits\vendor\codeigniter4\framework\system\Common.php(1087): CodeIgniter\View\View->render('family/edit', Array, true)
#3 E:\wamp64\www\healthyhabbits\app\Controllers\BaseController.php(56): view('family/edit', Array)
#4 E:\wamp64\www\healthyhabbits\app\Controllers\FamilyMember.php(117): App\Controllers\BaseController->render_page('family/edit', Array)
#5 E:\wamp64\www\healthyhabbits\vendor\codeigniter4\framework\system\CodeIgniter.php(914): App\Controllers\FamilyMember->edit('2')
#6 E:\wamp64\www\healthyhabbits\vendor\codeigniter4\framework\system\CodeIgniter.php(400): CodeIgniter\CodeIgniter->runController(Object(App\Controllers\FamilyMember))
#7 E:\wamp64\www\healthyhabbits\vendor\codeigniter4\framework\system\CodeIgniter.php(308): CodeIgniter\CodeIgniter->handleRequest(NULL, Object(Config\Cache), false)
#8 E:\wamp64\www\healthyhabbits\index.php(84): CodeIgniter\CodeIgniter->run()
#9 {main}
CRITICAL - 2020-07-20 06:28:53 --> Undefined index: full_name
#0 E:\wamp64\www\healthyhabbits\app\Views\family\list.php(43): CodeIgniter\Debug\Exceptions->errorHandler(8, 'Undefined index...', 'E:\\wamp64\\www\\h...', 43, Array)
#1 E:\wamp64\www\healthyhabbits\vendor\codeigniter4\framework\system\View\View.php(246): include('E:\\wamp64\\www\\h...')
#2 E:\wamp64\www\healthyhabbits\vendor\codeigniter4\framework\system\Common.php(1087): CodeIgniter\View\View->render('Family/list', Array, true)
#3 E:\wamp64\www\healthyhabbits\app\Controllers\BaseController.php(56): view('Family/list', Array)
#4 E:\wamp64\www\healthyhabbits\app\Controllers\FamilyMember.php(21): App\Controllers\BaseController->render_page('Family/list', Array)
#5 E:\wamp64\www\healthyhabbits\vendor\codeigniter4\framework\system\CodeIgniter.php(914): App\Controllers\FamilyMember->index()
#6 E:\wamp64\www\healthyhabbits\vendor\codeigniter4\framework\system\CodeIgniter.php(400): CodeIgniter\CodeIgniter->runController(Object(App\Controllers\FamilyMember))
#7 E:\wamp64\www\healthyhabbits\vendor\codeigniter4\framework\system\CodeIgniter.php(308): CodeIgniter\CodeIgniter->handleRequest(NULL, Object(Config\Cache), false)
#8 E:\wamp64\www\healthyhabbits\index.php(84): CodeIgniter\CodeIgniter->run()
#9 {main}
CRITICAL - 2020-07-20 06:29:58 --> syntax error, unexpected '?>'
#0 E:\wamp64\www\healthyhabbits\vendor\codeigniter4\framework\system\Common.php(1087): CodeIgniter\View\View->render('Family/list', Array, true)
#1 E:\wamp64\www\healthyhabbits\app\Controllers\BaseController.php(56): view('Family/list', Array)
#2 E:\wamp64\www\healthyhabbits\app\Controllers\FamilyMember.php(21): App\Controllers\BaseController->render_page('Family/list', Array)
#3 E:\wamp64\www\healthyhabbits\vendor\codeigniter4\framework\system\CodeIgniter.php(914): App\Controllers\FamilyMember->index()
#4 E:\wamp64\www\healthyhabbits\vendor\codeigniter4\framework\system\CodeIgniter.php(400): CodeIgniter\CodeIgniter->runController(Object(App\Controllers\FamilyMember))
#5 E:\wamp64\www\healthyhabbits\vendor\codeigniter4\framework\system\CodeIgniter.php(308): CodeIgniter\CodeIgniter->handleRequest(NULL, Object(Config\Cache), false)
#6 E:\wamp64\www\healthyhabbits\index.php(84): CodeIgniter\CodeIgniter->run()
#7 {main}
CRITICAL - 2020-07-20 06:30:17 --> Undefined index: gender
#0 E:\wamp64\www\healthyhabbits\app\Views\family\list.php(44): CodeIgniter\Debug\Exceptions->errorHandler(8, 'Undefined index...', 'E:\\wamp64\\www\\h...', 44, Array)
#1 E:\wamp64\www\healthyhabbits\vendor\codeigniter4\framework\system\View\View.php(246): include('E:\\wamp64\\www\\h...')
#2 E:\wamp64\www\healthyhabbits\vendor\codeigniter4\framework\system\Common.php(1087): CodeIgniter\View\View->render('Family/list', Array, true)
#3 E:\wamp64\www\healthyhabbits\app\Controllers\BaseController.php(56): view('Family/list', Array)
#4 E:\wamp64\www\healthyhabbits\app\Controllers\FamilyMember.php(21): App\Controllers\BaseController->render_page('Family/list', Array)
#5 E:\wamp64\www\healthyhabbits\vendor\codeigniter4\framework\system\CodeIgniter.php(914): App\Controllers\FamilyMember->index()
#6 E:\wamp64\www\healthyhabbits\vendor\codeigniter4\framework\system\CodeIgniter.php(400): CodeIgniter\CodeIgniter->runController(Object(App\Controllers\FamilyMember))
#7 E:\wamp64\www\healthyhabbits\vendor\codeigniter4\framework\system\CodeIgniter.php(308): CodeIgniter\CodeIgniter->handleRequest(NULL, Object(Config\Cache), false)
#8 E:\wamp64\www\healthyhabbits\index.php(84): CodeIgniter\CodeIgniter->run()
#9 {main}
CRITICAL - 2020-07-20 06:46:51 --> Call to undefined method App\Models\RelationModel::get_list
#0 E:\wamp64\www\healthyhabbits\app\Controllers\FamilyMember.php(15): CodeIgniter\Model->__call('get_list', Array)
#1 E:\wamp64\www\healthyhabbits\vendor\codeigniter4\framework\system\CodeIgniter.php(914): App\Controllers\FamilyMember->index()
#2 E:\wamp64\www\healthyhabbits\vendor\codeigniter4\framework\system\CodeIgniter.php(400): CodeIgniter\CodeIgniter->runController(Object(App\Controllers\FamilyMember))
#3 E:\wamp64\www\healthyhabbits\vendor\codeigniter4\framework\system\CodeIgniter.php(308): CodeIgniter\CodeIgniter->handleRequest(NULL, Object(Config\Cache), false)
#4 E:\wamp64\www\healthyhabbits\index.php(84): CodeIgniter\CodeIgniter->run()
#5 {main}
CRITICAL - 2020-07-20 06:48:24 --> Call to undefined method CodeIgniter\Database\MySQLi\Connection::select()
#0 E:\wamp64\www\healthyhabbits\app\Controllers\FamilyMember.php(19): App\Models\FamilyModel->get_list()
#1 E:\wamp64\www\healthyhabbits\vendor\codeigniter4\framework\system\CodeIgniter.php(914): App\Controllers\FamilyMember->index()
#2 E:\wamp64\www\healthyhabbits\vendor\codeigniter4\framework\system\CodeIgniter.php(400): CodeIgniter\CodeIgniter->runController(Object(App\Controllers\FamilyMember))
#3 E:\wamp64\www\healthyhabbits\vendor\codeigniter4\framework\system\CodeIgniter.php(308): CodeIgniter\CodeIgniter->handleRequest(NULL, Object(Config\Cache), false)
#4 E:\wamp64\www\healthyhabbits\index.php(84): CodeIgniter\CodeIgniter->run()
#5 {main}
CRITICAL - 2020-07-20 06:48:46 --> Call to undefined method CodeIgniter\Database\MySQLi\Connection::select()
#0 E:\wamp64\www\healthyhabbits\app\Controllers\FamilyMember.php(19): App\Models\FamilyModel->get_list()
#1 E:\wamp64\www\healthyhabbits\vendor\codeigniter4\framework\system\CodeIgniter.php(914): App\Controllers\FamilyMember->index()
#2 E:\wamp64\www\healthyhabbits\vendor\codeigniter4\framework\system\CodeIgniter.php(400): CodeIgniter\CodeIgniter->runController(Object(App\Controllers\FamilyMember))
#3 E:\wamp64\www\healthyhabbits\vendor\codeigniter4\framework\system\CodeIgniter.php(308): CodeIgniter\CodeIgniter->handleRequest(NULL, Object(Config\Cache), false)
#4 E:\wamp64\www\healthyhabbits\index.php(84): CodeIgniter\CodeIgniter->run()
#5 {main}
CRITICAL - 2020-07-20 06:48:47 --> Call to undefined method CodeIgniter\Database\MySQLi\Connection::select()
#0 E:\wamp64\www\healthyhabbits\app\Controllers\FamilyMember.php(19): App\Models\FamilyModel->get_list()
#1 E:\wamp64\www\healthyhabbits\vendor\codeigniter4\framework\system\CodeIgniter.php(914): App\Controllers\FamilyMember->index()
#2 E:\wamp64\www\healthyhabbits\vendor\codeigniter4\framework\system\CodeIgniter.php(400): CodeIgniter\CodeIgniter->runController(Object(App\Controllers\FamilyMember))
#3 E:\wamp64\www\healthyhabbits\vendor\codeigniter4\framework\system\CodeIgniter.php(308): CodeIgniter\CodeIgniter->handleRequest(NULL, Object(Config\Cache), false)
#4 E:\wamp64\www\healthyhabbits\index.php(84): CodeIgniter\CodeIgniter->run()
#5 {main}
CRITICAL - 2020-07-20 06:49:01 --> Call to undefined method CodeIgniter\Database\MySQLi\Connection::get()
#0 E:\wamp64\www\healthyhabbits\app\Controllers\FamilyMember.php(19): App\Models\FamilyModel->get_list()
#1 E:\wamp64\www\healthyhabbits\vendor\codeigniter4\framework\system\CodeIgniter.php(914): App\Controllers\FamilyMember->index()
#2 E:\wamp64\www\healthyhabbits\vendor\codeigniter4\framework\system\CodeIgniter.php(400): CodeIgniter\CodeIgniter->runController(Object(App\Controllers\FamilyMember))
#3 E:\wamp64\www\healthyhabbits\vendor\codeigniter4\framework\system\CodeIgniter.php(308): CodeIgniter\CodeIgniter->handleRequest(NULL, Object(Config\Cache), false)
#4 E:\wamp64\www\healthyhabbits\index.php(84): CodeIgniter\CodeIgniter->run()
#5 {main}
CRITICAL - 2020-07-20 06:49:02 --> Call to undefined method CodeIgniter\Database\MySQLi\Connection::get()
#0 E:\wamp64\www\healthyhabbits\app\Controllers\FamilyMember.php(19): App\Models\FamilyModel->get_list()
#1 E:\wamp64\www\healthyhabbits\vendor\codeigniter4\framework\system\CodeIgniter.php(914): App\Controllers\FamilyMember->index()
#2 E:\wamp64\www\healthyhabbits\vendor\codeigniter4\framework\system\CodeIgniter.php(400): CodeIgniter\CodeIgniter->runController(Object(App\Controllers\FamilyMember))
#3 E:\wamp64\www\healthyhabbits\vendor\codeigniter4\framework\system\CodeIgniter.php(308): CodeIgniter\CodeIgniter->handleRequest(NULL, Object(Config\Cache), false)
#4 E:\wamp64\www\healthyhabbits\index.php(84): CodeIgniter\CodeIgniter->run()
#5 {main}
CRITICAL - 2020-07-20 06:50:48 --> Call to undefined method CodeIgniter\Database\MySQLi\Connection::select()
#0 E:\wamp64\www\healthyhabbits\app\Controllers\FamilyMember.php(19): App\Models\FamilyModel->get_list()
#1 E:\wamp64\www\healthyhabbits\vendor\codeigniter4\framework\system\CodeIgniter.php(914): App\Controllers\FamilyMember->index()
#2 E:\wamp64\www\healthyhabbits\vendor\codeigniter4\framework\system\CodeIgniter.php(400): CodeIgniter\CodeIgniter->runController(Object(App\Controllers\FamilyMember))
#3 E:\wamp64\www\healthyhabbits\vendor\codeigniter4\framework\system\CodeIgniter.php(308): CodeIgniter\CodeIgniter->handleRequest(NULL, Object(Config\Cache), false)
#4 E:\wamp64\www\healthyhabbits\index.php(84): CodeIgniter\CodeIgniter->run()
#5 {main}
CRITICAL - 2020-07-20 06:50:49 --> Call to undefined method CodeIgniter\Database\MySQLi\Connection::select()
#0 E:\wamp64\www\healthyhabbits\app\Controllers\FamilyMember.php(19): App\Models\FamilyModel->get_list()
#1 E:\wamp64\www\healthyhabbits\vendor\codeigniter4\framework\system\CodeIgniter.php(914): App\Controllers\FamilyMember->index()
#2 E:\wamp64\www\healthyhabbits\vendor\codeigniter4\framework\system\CodeIgniter.php(400): CodeIgniter\CodeIgniter->runController(Object(App\Controllers\FamilyMember))
#3 E:\wamp64\www\healthyhabbits\vendor\codeigniter4\framework\system\CodeIgniter.php(308): CodeIgniter\CodeIgniter->handleRequest(NULL, Object(Config\Cache), false)
#4 E:\wamp64\www\healthyhabbits\index.php(84): CodeIgniter\CodeIgniter->run()
#5 {main}
CRITICAL - 2020-07-20 06:51:24 --> Call to undefined method CodeIgniter\Database\MySQLi\Connection::get()
#0 E:\wamp64\www\healthyhabbits\app\Controllers\FamilyMember.php(19): App\Models\FamilyModel->get_list()
#1 E:\wamp64\www\healthyhabbits\vendor\codeigniter4\framework\system\CodeIgniter.php(914): App\Controllers\FamilyMember->index()
#2 E:\wamp64\www\healthyhabbits\vendor\codeigniter4\framework\system\CodeIgniter.php(400): CodeIgniter\CodeIgniter->runController(Object(App\Controllers\FamilyMember))
#3 E:\wamp64\www\healthyhabbits\vendor\codeigniter4\framework\system\CodeIgniter.php(308): CodeIgniter\CodeIgniter->handleRequest(NULL, Object(Config\Cache), false)
#4 E:\wamp64\www\healthyhabbits\index.php(84): CodeIgniter\CodeIgniter->run()
#5 {main}
CRITICAL - 2020-07-20 06:53:27 --> syntax error, unexpected '->' (T_OBJECT_OPERATOR)
#0 E:\wamp64\www\healthyhabbits\vendor\codeigniter4\framework\system\Autoloader\Autoloader.php(296): CodeIgniter\Autoloader\Autoloader->requireFile('E:\\wamp64\\www\\h...')
#1 E:\wamp64\www\healthyhabbits\vendor\codeigniter4\framework\system\Autoloader\Autoloader.php(258): CodeIgniter\Autoloader\Autoloader->loadInNamespace('App\\Models\\Fami...')
#2 [internal function]: CodeIgniter\Autoloader\Autoloader->loadClass('App\\Models\\Fami...')
#3 E:\wamp64\www\healthyhabbits\app\Controllers\FamilyMember.php(13): spl_autoload_call('App\\Models\\Fami...')
#4 E:\wamp64\www\healthyhabbits\vendor\codeigniter4\framework\system\CodeIgniter.php(914): App\Controllers\FamilyMember->index()
#5 E:\wamp64\www\healthyhabbits\vendor\codeigniter4\framework\system\CodeIgniter.php(400): CodeIgniter\CodeIgniter->runController(Object(App\Controllers\FamilyMember))
#6 E:\wamp64\www\healthyhabbits\vendor\codeigniter4\framework\system\CodeIgniter.php(308): CodeIgniter\CodeIgniter->handleRequest(NULL, Object(Config\Cache), false)
#7 E:\wamp64\www\healthyhabbits\index.php(84): CodeIgniter\CodeIgniter->run()
#8 {main}
CRITICAL - 2020-07-20 06:54:03 --> syntax error, unexpected '->' (T_OBJECT_OPERATOR)
#0 E:\wamp64\www\healthyhabbits\vendor\codeigniter4\framework\system\Autoloader\Autoloader.php(296): CodeIgniter\Autoloader\Autoloader->requireFile('E:\\wamp64\\www\\h...')
#1 E:\wamp64\www\healthyhabbits\vendor\codeigniter4\framework\system\Autoloader\Autoloader.php(258): CodeIgniter\Autoloader\Autoloader->loadInNamespace('App\\Models\\Fami...')
#2 [internal function]: CodeIgniter\Autoloader\Autoloader->loadClass('App\\Models\\Fami...')
#3 E:\wamp64\www\healthyhabbits\app\Controllers\FamilyMember.php(13): spl_autoload_call('App\\Models\\Fami...')
#4 E:\wamp64\www\healthyhabbits\vendor\codeigniter4\framework\system\CodeIgniter.php(914): App\Controllers\FamilyMember->index()
#5 E:\wamp64\www\healthyhabbits\vendor\codeigniter4\framework\system\CodeIgniter.php(400): CodeIgniter\CodeIgniter->runController(Object(App\Controllers\FamilyMember))
#6 E:\wamp64\www\healthyhabbits\vendor\codeigniter4\framework\system\CodeIgniter.php(308): CodeIgniter\CodeIgniter->handleRequest(NULL, Object(Config\Cache), false)
#7 E:\wamp64\www\healthyhabbits\index.php(84): CodeIgniter\CodeIgniter->run()
#8 {main}
CRITICAL - 2020-07-20 06:54:04 --> syntax error, unexpected '->' (T_OBJECT_OPERATOR)
#0 E:\wamp64\www\healthyhabbits\vendor\codeigniter4\framework\system\Autoloader\Autoloader.php(296): CodeIgniter\Autoloader\Autoloader->requireFile('E:\\wamp64\\www\\h...')
#1 E:\wamp64\www\healthyhabbits\vendor\codeigniter4\framework\system\Autoloader\Autoloader.php(258): CodeIgniter\Autoloader\Autoloader->loadInNamespace('App\\Models\\Fami...')
#2 [internal function]: CodeIgniter\Autoloader\Autoloader->loadClass('App\\Models\\Fami...')
#3 E:\wamp64\www\healthyhabbits\app\Controllers\FamilyMember.php(13): spl_autoload_call('App\\Models\\Fami...')
#4 E:\wamp64\www\healthyhabbits\vendor\codeigniter4\framework\system\CodeIgniter.php(914): App\Controllers\FamilyMember->index()
#5 E:\wamp64\www\healthyhabbits\vendor\codeigniter4\framework\system\CodeIgniter.php(400): CodeIgniter\CodeIgniter->runController(Object(App\Controllers\FamilyMember))
#6 E:\wamp64\www\healthyhabbits\vendor\codeigniter4\framework\system\CodeIgniter.php(308): CodeIgniter\CodeIgniter->handleRequest(NULL, Object(Config\Cache), false)
#7 E:\wamp64\www\healthyhabbits\index.php(84): CodeIgniter\CodeIgniter->run()
#8 {main}
CRITICAL - 2020-07-20 06:54:27 --> Call to undefined method CodeIgniter\Database\MySQLi\Connection::select()
#0 E:\wamp64\www\healthyhabbits\app\Controllers\FamilyMember.php(19): App\Models\FamilyModel->get_list()
#1 E:\wamp64\www\healthyhabbits\vendor\codeigniter4\framework\system\CodeIgniter.php(914): App\Controllers\FamilyMember->index()
#2 E:\wamp64\www\healthyhabbits\vendor\codeigniter4\framework\system\CodeIgniter.php(400): CodeIgniter\CodeIgniter->runController(Object(App\Controllers\FamilyMember))
#3 E:\wamp64\www\healthyhabbits\vendor\codeigniter4\framework\system\CodeIgniter.php(308): CodeIgniter\CodeIgniter->handleRequest(NULL, Object(Config\Cache), false)
#4 E:\wamp64\www\healthyhabbits\index.php(84): CodeIgniter\CodeIgniter->run()
#5 {main}
CRITICAL - 2020-07-20 06:54:40 --> Call to undefined method CodeIgniter\Database\MySQLi\Connection::from()
#0 E:\wamp64\www\healthyhabbits\app\Controllers\FamilyMember.php(19): App\Models\FamilyModel->get_list()
#1 E:\wamp64\www\healthyhabbits\vendor\codeigniter4\framework\system\CodeIgniter.php(914): App\Controllers\FamilyMember->index()
#2 E:\wamp64\www\healthyhabbits\vendor\codeigniter4\framework\system\CodeIgniter.php(400): CodeIgniter\CodeIgniter->runController(Object(App\Controllers\FamilyMember))
#3 E:\wamp64\www\healthyhabbits\vendor\codeigniter4\framework\system\CodeIgniter.php(308): CodeIgniter\CodeIgniter->handleRequest(NULL, Object(Config\Cache), false)
#4 E:\wamp64\www\healthyhabbits\index.php(84): CodeIgniter\CodeIgniter->run()
#5 {main}
CRITICAL - 2020-07-20 06:57:09 --> Undefined variable: db
#0 E:\wamp64\www\healthyhabbits\app\Models\FamilyModel.php(20): CodeIgniter\Debug\Exceptions->errorHandler(8, 'Undefined varia...', 'E:\\wamp64\\www\\h...', 20, Array)
#1 E:\wamp64\www\healthyhabbits\app\Controllers\FamilyMember.php(19): App\Models\FamilyModel->get_list()
#2 E:\wamp64\www\healthyhabbits\vendor\codeigniter4\framework\system\CodeIgniter.php(914): App\Controllers\FamilyMember->index()
#3 E:\wamp64\www\healthyhabbits\vendor\codeigniter4\framework\system\CodeIgniter.php(400): CodeIgniter\CodeIgniter->runController(Object(App\Controllers\FamilyMember))
#4 E:\wamp64\www\healthyhabbits\vendor\codeigniter4\framework\system\CodeIgniter.php(308): CodeIgniter\CodeIgniter->handleRequest(NULL, Object(Config\Cache), false)
#5 E:\wamp64\www\healthyhabbits\index.php(84): CodeIgniter\CodeIgniter->run()
#6 {main}
CRITICAL - 2020-07-20 06:57:48 --> Illegal string offset 'full_name'
#0 E:\wamp64\www\healthyhabbits\app\Views\family\list.php(43): CodeIgniter\Debug\Exceptions->errorHandler(2, 'Illegal string ...', 'E:\\wamp64\\www\\h...', 43, Array)
#1 E:\wamp64\www\healthyhabbits\vendor\codeigniter4\framework\system\View\View.php(246): include('E:\\wamp64\\www\\h...')
#2 E:\wamp64\www\healthyhabbits\vendor\codeigniter4\framework\system\Common.php(1087): CodeIgniter\View\View->render('Family/list', Array, true)
#3 E:\wamp64\www\healthyhabbits\app\Controllers\BaseController.php(56): view('Family/list', Array)
#4 E:\wamp64\www\healthyhabbits\app\Controllers\FamilyMember.php(21): App\Controllers\BaseController->render_page('Family/list', Array)
#5 E:\wamp64\www\healthyhabbits\vendor\codeigniter4\framework\system\CodeIgniter.php(914): App\Controllers\FamilyMember->index()
#6 E:\wamp64\www\healthyhabbits\vendor\codeigniter4\framework\system\CodeIgniter.php(400): CodeIgniter\CodeIgniter->runController(Object(App\Controllers\FamilyMember))
#7 E:\wamp64\www\healthyhabbits\vendor\codeigniter4\framework\system\CodeIgniter.php(308): CodeIgniter\CodeIgniter->handleRequest(NULL, Object(Config\Cache), false)
#8 E:\wamp64\www\healthyhabbits\index.php(84): CodeIgniter\CodeIgniter->run()
#9 {main}
CRITICAL - 2020-07-20 06:59:23 --> Call to undefined method CodeIgniter\Database\MySQLi\Result::result()
#0 E:\wamp64\www\healthyhabbits\app\Controllers\FamilyMember.php(19): App\Models\FamilyModel->get_list()
#1 E:\wamp64\www\healthyhabbits\vendor\codeigniter4\framework\system\CodeIgniter.php(914): App\Controllers\FamilyMember->index()
#2 E:\wamp64\www\healthyhabbits\vendor\codeigniter4\framework\system\CodeIgniter.php(400): CodeIgniter\CodeIgniter->runController(Object(App\Controllers\FamilyMember))
#3 E:\wamp64\www\healthyhabbits\vendor\codeigniter4\framework\system\CodeIgniter.php(308): CodeIgniter\CodeIgniter->handleRequest(NULL, Object(Config\Cache), false)
#4 E:\wamp64\www\healthyhabbits\index.php(84): CodeIgniter\CodeIgniter->run()
#5 {main}
CRITICAL - 2020-07-20 07:00:32 --> Cannot use object of type stdClass as array
#0 E:\wamp64\www\healthyhabbits\vendor\codeigniter4\framework\system\View\View.php(246): include()
#1 E:\wamp64\www\healthyhabbits\vendor\codeigniter4\framework\system\Common.php(1087): CodeIgniter\View\View->render('Family/list', Array, true)
#2 E:\wamp64\www\healthyhabbits\app\Controllers\BaseController.php(56): view('Family/list', Array)
#3 E:\wamp64\www\healthyhabbits\app\Controllers\FamilyMember.php(21): App\Controllers\BaseController->render_page('Family/list', Array)
#4 E:\wamp64\www\healthyhabbits\vendor\codeigniter4\framework\system\CodeIgniter.php(914): App\Controllers\FamilyMember->index()
#5 E:\wamp64\www\healthyhabbits\vendor\codeigniter4\framework\system\CodeIgniter.php(400): CodeIgniter\CodeIgniter->runController(Object(App\Controllers\FamilyMember))
#6 E:\wamp64\www\healthyhabbits\vendor\codeigniter4\framework\system\CodeIgniter.php(308): CodeIgniter\CodeIgniter->handleRequest(NULL, Object(Config\Cache), false)
#7 E:\wamp64\www\healthyhabbits\index.php(84): CodeIgniter\CodeIgniter->run()
#8 {main}
CRITICAL - 2020-07-20 07:00:47 --> Call to undefined method CodeIgniter\Database\MySQLi\Result::get()
#0 E:\wamp64\www\healthyhabbits\app\Controllers\FamilyMember.php(19): App\Models\FamilyModel->get_list()
#1 E:\wamp64\www\healthyhabbits\vendor\codeigniter4\framework\system\CodeIgniter.php(914): App\Controllers\FamilyMember->index()
#2 E:\wamp64\www\healthyhabbits\vendor\codeigniter4\framework\system\CodeIgniter.php(400): CodeIgniter\CodeIgniter->runController(Object(App\Controllers\FamilyMember))
#3 E:\wamp64\www\healthyhabbits\vendor\codeigniter4\framework\system\CodeIgniter.php(308): CodeIgniter\CodeIgniter->handleRequest(NULL, Object(Config\Cache), false)
#4 E:\wamp64\www\healthyhabbits\index.php(84): CodeIgniter\CodeIgniter->run()
#5 {main}
CRITICAL - 2020-07-20 07:10:21 --> Cannot use object of type stdClass as array
#0 E:\wamp64\www\healthyhabbits\vendor\codeigniter4\framework\system\View\View.php(246): include()
#1 E:\wamp64\www\healthyhabbits\vendor\codeigniter4\framework\system\Common.php(1087): CodeIgniter\View\View->render('Family/list', Array, true)
#2 E:\wamp64\www\healthyhabbits\app\Controllers\BaseController.php(56): view('Family/list', Array)
#3 E:\wamp64\www\healthyhabbits\app\Controllers\FamilyMember.php(21): App\Controllers\BaseController->render_page('Family/list', Array)
#4 E:\wamp64\www\healthyhabbits\vendor\codeigniter4\framework\system\CodeIgniter.php(914): App\Controllers\FamilyMember->index()
#5 E:\wamp64\www\healthyhabbits\vendor\codeigniter4\framework\system\CodeIgniter.php(400): CodeIgniter\CodeIgniter->runController(Object(App\Controllers\FamilyMember))
#6 E:\wamp64\www\healthyhabbits\vendor\codeigniter4\framework\system\CodeIgniter.php(308): CodeIgniter\CodeIgniter->handleRequest(NULL, Object(Config\Cache), false)
#7 E:\wamp64\www\healthyhabbits\index.php(84): CodeIgniter\CodeIgniter->run()
#8 {main}
CRITICAL - 2020-07-20 07:13:44 --> Cannot use object of type stdClass as array
#0 E:\wamp64\www\healthyhabbits\vendor\codeigniter4\framework\system\View\View.php(246): include()
#1 E:\wamp64\www\healthyhabbits\vendor\codeigniter4\framework\system\Common.php(1087): CodeIgniter\View\View->render('Family/list', Array, true)
#2 E:\wamp64\www\healthyhabbits\app\Controllers\BaseController.php(56): view('Family/list', Array)
#3 E:\wamp64\www\healthyhabbits\app\Controllers\FamilyMember.php(19): App\Controllers\BaseController->render_page('Family/list', Array)
#4 E:\wamp64\www\healthyhabbits\vendor\codeigniter4\framework\system\CodeIgniter.php(914): App\Controllers\FamilyMember->index()
#5 E:\wamp64\www\healthyhabbits\vendor\codeigniter4\framework\system\CodeIgniter.php(400): CodeIgniter\CodeIgniter->runController(Object(App\Controllers\FamilyMember))
#6 E:\wamp64\www\healthyhabbits\vendor\codeigniter4\framework\system\CodeIgniter.php(308): CodeIgniter\CodeIgniter->handleRequest(NULL, Object(Config\Cache), false)
#7 E:\wamp64\www\healthyhabbits\index.php(84): CodeIgniter\CodeIgniter->run()
#8 {main}
CRITICAL - 2020-07-20 07:14:07 --> Undefined variable: relation
#0 E:\wamp64\www\healthyhabbits\app\Views\family\list.php(47): CodeIgniter\Debug\Exceptions->errorHandler(8, 'Undefined varia...', 'E:\\wamp64\\www\\h...', 47, Array)
#1 E:\wamp64\www\healthyhabbits\vendor\codeigniter4\framework\system\View\View.php(246): include('E:\\wamp64\\www\\h...')
#2 E:\wamp64\www\healthyhabbits\vendor\codeigniter4\framework\system\Common.php(1087): CodeIgniter\View\View->render('Family/list', Array, true)
#3 E:\wamp64\www\healthyhabbits\app\Controllers\BaseController.php(56): view('Family/list', Array)
#4 E:\wamp64\www\healthyhabbits\app\Controllers\FamilyMember.php(19): App\Controllers\BaseController->render_page('Family/list', Array)
#5 E:\wamp64\www\healthyhabbits\vendor\codeigniter4\framework\system\CodeIgniter.php(914): App\Controllers\FamilyMember->index()
#6 E:\wamp64\www\healthyhabbits\vendor\codeigniter4\framework\system\CodeIgniter.php(400): CodeIgniter\CodeIgniter->runController(Object(App\Controllers\FamilyMember))
#7 E:\wamp64\www\healthyhabbits\vendor\codeigniter4\framework\system\CodeIgniter.php(308): CodeIgniter\CodeIgniter->handleRequest(NULL, Object(Config\Cache), false)
#8 E:\wamp64\www\healthyhabbits\index.php(84): CodeIgniter\CodeIgniter->run()
#9 {main}
CRITICAL - 2020-07-20 07:16:25 --> Undefined variable: relation
#0 E:\wamp64\www\healthyhabbits\app\Views\family\list.php(47): CodeIgniter\Debug\Exceptions->errorHandler(8, 'Undefined varia...', 'E:\\wamp64\\www\\h...', 47, Array)
#1 E:\wamp64\www\healthyhabbits\vendor\codeigniter4\framework\system\View\View.php(246): include('E:\\wamp64\\www\\h...')
#2 E:\wamp64\www\healthyhabbits\vendor\codeigniter4\framework\system\Common.php(1087): CodeIgniter\View\View->render('Family/list', Array, true)
#3 E:\wamp64\www\healthyhabbits\app\Controllers\BaseController.php(56): view('Family/list', Array)
#4 E:\wamp64\www\healthyhabbits\app\Controllers\FamilyMember.php(19): App\Controllers\BaseController->render_page('Family/list', Array)
#5 E:\wamp64\www\healthyhabbits\vendor\codeigniter4\framework\system\CodeIgniter.php(914): App\Controllers\FamilyMember->index()
#6 E:\wamp64\www\healthyhabbits\vendor\codeigniter4\framework\system\CodeIgniter.php(400): CodeIgniter\CodeIgniter->runController(Object(App\Controllers\FamilyMember))
#7 E:\wamp64\www\healthyhabbits\vendor\codeigniter4\framework\system\CodeIgniter.php(308): CodeIgniter\CodeIgniter->handleRequest(NULL, Object(Config\Cache), false)
#8 E:\wamp64\www\healthyhabbits\index.php(84): CodeIgniter\CodeIgniter->run()
#9 {main}
CRITICAL - 2020-07-20 07:55:17 --> Undefined variable: user
#0 E:\wamp64\www\healthyhabbits\app\Views\relationmaster\list.php(43): CodeIgniter\Debug\Exceptions->errorHandler(8, 'Undefined varia...', 'E:\\wamp64\\www\\h...', 43, Array)
#1 E:\wamp64\www\healthyhabbits\vendor\codeigniter4\framework\system\View\View.php(246): include('E:\\wamp64\\www\\h...')
#2 E:\wamp64\www\healthyhabbits\vendor\codeigniter4\framework\system\Common.php(1087): CodeIgniter\View\View->render('relationmaster/...', Array, true)
#3 E:\wamp64\www\healthyhabbits\app\Controllers\BaseController.php(56): view('relationmaster/...', Array)
#4 E:\wamp64\www\healthyhabbits\app\Controllers\RelationMaster.php(19): App\Controllers\BaseController->render_page('relationmaster/...', Array)
#5 E:\wamp64\www\healthyhabbits\vendor\codeigniter4\framework\system\CodeIgniter.php(914): App\Controllers\RelationMaster->index()
#6 E:\wamp64\www\healthyhabbits\vendor\codeigniter4\framework\system\CodeIgniter.php(400): CodeIgniter\CodeIgniter->runController(Object(App\Controllers\RelationMaster))
#7 E:\wamp64\www\healthyhabbits\vendor\codeigniter4\framework\system\CodeIgniter.php(308): CodeIgniter\CodeIgniter->handleRequest(NULL, Object(Config\Cache), false)
#8 E:\wamp64\www\healthyhabbits\index.php(84): CodeIgniter\CodeIgniter->run()
#9 {main}
CRITICAL - 2020-07-20 07:55:50 --> Undefined variable: user
#0 E:\wamp64\www\healthyhabbits\app\Views\relationmaster\list.php(43): CodeIgniter\Debug\Exceptions->errorHandler(8, 'Undefined varia...', 'E:\\wamp64\\www\\h...', 43, Array)
#1 E:\wamp64\www\healthyhabbits\vendor\codeigniter4\framework\system\View\View.php(246): include('E:\\wamp64\\www\\h...')
#2 E:\wamp64\www\healthyhabbits\vendor\codeigniter4\framework\system\Common.php(1087): CodeIgniter\View\View->render('relationmaster/...', Array, true)
#3 E:\wamp64\www\healthyhabbits\app\Controllers\BaseController.php(56): view('relationmaster/...', Array)
#4 E:\wamp64\www\healthyhabbits\app\Controllers\RelationMaster.php(19): App\Controllers\BaseController->render_page('relationmaster/...', Array)
#5 E:\wamp64\www\healthyhabbits\vendor\codeigniter4\framework\system\CodeIgniter.php(914): App\Controllers\RelationMaster->index()
#6 E:\wamp64\www\healthyhabbits\vendor\codeigniter4\framework\system\CodeIgniter.php(400): CodeIgniter\CodeIgniter->runController(Object(App\Controllers\RelationMaster))
#7 E:\wamp64\www\healthyhabbits\vendor\codeigniter4\framework\system\CodeIgniter.php(308): CodeIgniter\CodeIgniter->handleRequest(NULL, Object(Config\Cache), false)
#8 E:\wamp64\www\healthyhabbits\index.php(84): CodeIgniter\CodeIgniter->run()
#9 {main}
CRITICAL - 2020-07-20 08:09:05 --> syntax error, unexpected '$id' (T_VARIABLE), expecting '('
#0 E:\wamp64\www\healthyhabbits\vendor\codeigniter4\framework\system\Autoloader\Autoloader.php(296): CodeIgniter\Autoloader\Autoloader->requireFile('E:\\wamp64\\www\\h...')
#1 E:\wamp64\www\healthyhabbits\vendor\codeigniter4\framework\system\Autoloader\Autoloader.php(258): CodeIgniter\Autoloader\Autoloader->loadInNamespace('App\\Models\\Fami...')
#2 [internal function]: CodeIgniter\Autoloader\Autoloader->loadClass('App\\Models\\Fami...')
#3 E:\wamp64\www\healthyhabbits\app\Controllers\FamilyMember.php(15): spl_autoload_call('App\\Models\\Fami...')
#4 E:\wamp64\www\healthyhabbits\vendor\codeigniter4\framework\system\CodeIgniter.php(914): App\Controllers\FamilyMember->index('79')
#5 E:\wamp64\www\healthyhabbits\vendor\codeigniter4\framework\system\CodeIgniter.php(400): CodeIgniter\CodeIgniter->runController(Object(App\Controllers\FamilyMember))
#6 E:\wamp64\www\healthyhabbits\vendor\codeigniter4\framework\system\CodeIgniter.php(308): CodeIgniter\CodeIgniter->handleRequest(NULL, Object(Config\Cache), false)
#7 E:\wamp64\www\healthyhabbits\index.php(84): CodeIgniter\CodeIgniter->run()
#8 {main}
CRITICAL - 2020-07-20 08:09:41 --> syntax error, unexpected '$id' (T_VARIABLE), expecting '('
#0 E:\wamp64\www\healthyhabbits\vendor\codeigniter4\framework\system\Autoloader\Autoloader.php(296): CodeIgniter\Autoloader\Autoloader->requireFile('E:\\wamp64\\www\\h...')
#1 E:\wamp64\www\healthyhabbits\vendor\codeigniter4\framework\system\Autoloader\Autoloader.php(258): CodeIgniter\Autoloader\Autoloader->loadInNamespace('App\\Models\\Fami...')
#2 [internal function]: CodeIgniter\Autoloader\Autoloader->loadClass('App\\Models\\Fami...')
#3 E:\wamp64\www\healthyhabbits\app\Controllers\FamilyMember.php(15): spl_autoload_call('App\\Models\\Fami...')
#4 E:\wamp64\www\healthyhabbits\vendor\codeigniter4\framework\system\CodeIgniter.php(914): App\Controllers\FamilyMember->index('79')
#5 E:\wamp64\www\healthyhabbits\vendor\codeigniter4\framework\system\CodeIgniter.php(400): CodeIgniter\CodeIgniter->runController(Object(App\Controllers\FamilyMember))
#6 E:\wamp64\www\healthyhabbits\vendor\codeigniter4\framework\system\CodeIgniter.php(308): CodeIgniter\CodeIgniter->handleRequest(NULL, Object(Config\Cache), false)
#7 E:\wamp64\www\healthyhabbits\index.php(84): CodeIgniter\CodeIgniter->run()
#8 {main}
CRITICAL - 2020-07-20 08:09:42 --> syntax error, unexpected '$id' (T_VARIABLE), expecting '('
#0 E:\wamp64\www\healthyhabbits\vendor\codeigniter4\framework\system\Autoloader\Autoloader.php(296): CodeIgniter\Autoloader\Autoloader->requireFile('E:\\wamp64\\www\\h...')
#1 E:\wamp64\www\healthyhabbits\vendor\codeigniter4\framework\system\Autoloader\Autoloader.php(258): CodeIgniter\Autoloader\Autoloader->loadInNamespace('App\\Models\\Fami...')
#2 [internal function]: CodeIgniter\Autoloader\Autoloader->loadClass('App\\Models\\Fami...')
#3 E:\wamp64\www\healthyhabbits\app\Controllers\FamilyMember.php(15): spl_autoload_call('App\\Models\\Fami...')
#4 E:\wamp64\www\healthyhabbits\vendor\codeigniter4\framework\system\CodeIgniter.php(914): App\Controllers\FamilyMember->index('79')
#5 E:\wamp64\www\healthyhabbits\vendor\codeigniter4\framework\system\CodeIgniter.php(400): CodeIgniter\CodeIgniter->runController(Object(App\Controllers\FamilyMember))
#6 E:\wamp64\www\healthyhabbits\vendor\codeigniter4\framework\system\CodeIgniter.php(308): CodeIgniter\CodeIgniter->handleRequest(NULL, Object(Config\Cache), false)
#7 E:\wamp64\www\healthyhabbits\index.php(84): CodeIgniter\CodeIgniter->run()
#8 {main}
CRITICAL - 2020-07-20 08:09:42 --> syntax error, unexpected '$id' (T_VARIABLE), expecting '('
#0 E:\wamp64\www\healthyhabbits\vendor\codeigniter4\framework\system\Autoloader\Autoloader.php(296): CodeIgniter\Autoloader\Autoloader->requireFile('E:\\wamp64\\www\\h...')
#1 E:\wamp64\www\healthyhabbits\vendor\codeigniter4\framework\system\Autoloader\Autoloader.php(258): CodeIgniter\Autoloader\Autoloader->loadInNamespace('App\\Models\\Fami...')
#2 [internal function]: CodeIgniter\Autoloader\Autoloader->loadClass('App\\Models\\Fami...')
#3 E:\wamp64\www\healthyhabbits\app\Controllers\FamilyMember.php(15): spl_autoload_call('App\\Models\\Fami...')
#4 E:\wamp64\www\healthyhabbits\vendor\codeigniter4\framework\system\CodeIgniter.php(914): App\Controllers\FamilyMember->index('79')
#5 E:\wamp64\www\healthyhabbits\vendor\codeigniter4\framework\system\CodeIgniter.php(400): CodeIgniter\CodeIgniter->runController(Object(App\Controllers\FamilyMember))
#6 E:\wamp64\www\healthyhabbits\vendor\codeigniter4\framework\system\CodeIgniter.php(308): CodeIgniter\CodeIgniter->handleRequest(NULL, Object(Config\Cache), false)
#7 E:\wamp64\www\healthyhabbits\index.php(84): CodeIgniter\CodeIgniter->run()
#8 {main}
CRITICAL - 2020-07-20 08:10:40 --> syntax error, unexpected '$id' (T_VARIABLE), expecting '('
#0 E:\wamp64\www\healthyhabbits\vendor\codeigniter4\framework\system\Autoloader\Autoloader.php(296): CodeIgniter\Autoloader\Autoloader->requireFile('E:\\wamp64\\www\\h...')
#1 E:\wamp64\www\healthyhabbits\vendor\codeigniter4\framework\system\Autoloader\Autoloader.php(258): CodeIgniter\Autoloader\Autoloader->loadInNamespace('App\\Models\\Fami...')
#2 [internal function]: CodeIgniter\Autoloader\Autoloader->loadClass('App\\Models\\Fami...')
#3 E:\wamp64\www\healthyhabbits\app\Controllers\FamilyMember.php(15): spl_autoload_call('App\\Models\\Fami...')
#4 E:\wamp64\www\healthyhabbits\vendor\codeigniter4\framework\system\CodeIgniter.php(914): App\Controllers\FamilyMember->index('79')
#5 E:\wamp64\www\healthyhabbits\vendor\codeigniter4\framework\system\CodeIgniter.php(400): CodeIgniter\CodeIgniter->runController(Object(App\Controllers\FamilyMember))
#6 E:\wamp64\www\healthyhabbits\vendor\codeigniter4\framework\system\CodeIgniter.php(308): CodeIgniter\CodeIgniter->handleRequest(NULL, Object(Config\Cache), false)
#7 E:\wamp64\www\healthyhabbits\index.php(84): CodeIgniter\CodeIgniter->run()
#8 {main}
CRITICAL - 2020-07-20 08:10:41 --> syntax error, unexpected '$id' (T_VARIABLE), expecting '('
#0 E:\wamp64\www\healthyhabbits\vendor\codeigniter4\framework\system\Autoloader\Autoloader.php(296): CodeIgniter\Autoloader\Autoloader->requireFile('E:\\wamp64\\www\\h...')
#1 E:\wamp64\www\healthyhabbits\vendor\codeigniter4\framework\system\Autoloader\Autoloader.php(258): CodeIgniter\Autoloader\Autoloader->loadInNamespace('App\\Models\\Fami...')
#2 [internal function]: CodeIgniter\Autoloader\Autoloader->loadClass('App\\Models\\Fami...')
#3 E:\wamp64\www\healthyhabbits\app\Controllers\FamilyMember.php(15): spl_autoload_call('App\\Models\\Fami...')
#4 E:\wamp64\www\healthyhabbits\vendor\codeigniter4\framework\system\CodeIgniter.php(914): App\Controllers\FamilyMember->index('79')
#5 E:\wamp64\www\healthyhabbits\vendor\codeigniter4\framework\system\CodeIgniter.php(400): CodeIgniter\CodeIgniter->runController(Object(App\Controllers\FamilyMember))
#6 E:\wamp64\www\healthyhabbits\vendor\codeigniter4\framework\system\CodeIgniter.php(308): CodeIgniter\CodeIgniter->handleRequest(NULL, Object(Config\Cache), false)
#7 E:\wamp64\www\healthyhabbits\index.php(84): CodeIgniter\CodeIgniter->run()
#8 {main}
CRITICAL - 2020-07-20 08:15:27 --> syntax error, unexpected '$id' (T_VARIABLE), expecting '('
#0 E:\wamp64\www\healthyhabbits\vendor\codeigniter4\framework\system\Autoloader\Autoloader.php(296): CodeIgniter\Autoloader\Autoloader->requireFile('E:\\wamp64\\www\\h...')
#1 E:\wamp64\www\healthyhabbits\vendor\codeigniter4\framework\system\Autoloader\Autoloader.php(258): CodeIgniter\Autoloader\Autoloader->loadInNamespace('App\\Models\\Fami...')
#2 [internal function]: CodeIgniter\Autoloader\Autoloader->loadClass('App\\Models\\Fami...')
#3 E:\wamp64\www\healthyhabbits\app\Controllers\FamilyMember.php(15): spl_autoload_call('App\\Models\\Fami...')
#4 E:\wamp64\www\healthyhabbits\vendor\codeigniter4\framework\system\CodeIgniter.php(914): App\Controllers\FamilyMember->index('79')
#5 E:\wamp64\www\healthyhabbits\vendor\codeigniter4\framework\system\CodeIgniter.php(400): CodeIgniter\CodeIgniter->runController(Object(App\Controllers\FamilyMember))
#6 E:\wamp64\www\healthyhabbits\vendor\codeigniter4\framework\system\CodeIgniter.php(308): CodeIgniter\CodeIgniter->handleRequest(NULL, Object(Config\Cache), false)
#7 E:\wamp64\www\healthyhabbits\index.php(84): CodeIgniter\CodeIgniter->run()
#8 {main}
CRITICAL - 2020-07-20 08:15:28 --> syntax error, unexpected '$id' (T_VARIABLE), expecting '('
#0 E:\wamp64\www\healthyhabbits\vendor\codeigniter4\framework\system\Autoloader\Autoloader.php(296): CodeIgniter\Autoloader\Autoloader->requireFile('E:\\wamp64\\www\\h...')
#1 E:\wamp64\www\healthyhabbits\vendor\codeigniter4\framework\system\Autoloader\Autoloader.php(258): CodeIgniter\Autoloader\Autoloader->loadInNamespace('App\\Models\\Fami...')
#2 [internal function]: CodeIgniter\Autoloader\Autoloader->loadClass('App\\Models\\Fami...')
#3 E:\wamp64\www\healthyhabbits\app\Controllers\FamilyMember.php(15): spl_autoload_call('App\\Models\\Fami...')
#4 E:\wamp64\www\healthyhabbits\vendor\codeigniter4\framework\system\CodeIgniter.php(914): App\Controllers\FamilyMember->index('79')
#5 E:\wamp64\www\healthyhabbits\vendor\codeigniter4\framework\system\CodeIgniter.php(400): CodeIgniter\CodeIgniter->runController(Object(App\Controllers\FamilyMember))
#6 E:\wamp64\www\healthyhabbits\vendor\codeigniter4\framework\system\CodeIgniter.php(308): CodeIgniter\CodeIgniter->handleRequest(NULL, Object(Config\Cache), false)
#7 E:\wamp64\www\healthyhabbits\index.php(84): CodeIgniter\CodeIgniter->run()
#8 {main}
CRITICAL - 2020-07-20 08:15:28 --> syntax error, unexpected '$id' (T_VARIABLE), expecting '('
#0 E:\wamp64\www\healthyhabbits\vendor\codeigniter4\framework\system\Autoloader\Autoloader.php(296): CodeIgniter\Autoloader\Autoloader->requireFile('E:\\wamp64\\www\\h...')
#1 E:\wamp64\www\healthyhabbits\vendor\codeigniter4\framework\system\Autoloader\Autoloader.php(258): CodeIgniter\Autoloader\Autoloader->loadInNamespace('App\\Models\\Fami...')
#2 [internal function]: CodeIgniter\Autoloader\Autoloader->loadClass('App\\Models\\Fami...')
#3 E:\wamp64\www\healthyhabbits\app\Controllers\FamilyMember.php(15): spl_autoload_call('App\\Models\\Fami...')
#4 E:\wamp64\www\healthyhabbits\vendor\codeigniter4\framework\system\CodeIgniter.php(914): App\Controllers\FamilyMember->index('79')
#5 E:\wamp64\www\healthyhabbits\vendor\codeigniter4\framework\system\CodeIgniter.php(400): CodeIgniter\CodeIgniter->runController(Object(App\Controllers\FamilyMember))
#6 E:\wamp64\www\healthyhabbits\vendor\codeigniter4\framework\system\CodeIgniter.php(308): CodeIgniter\CodeIgniter->handleRequest(NULL, Object(Config\Cache), false)
#7 E:\wamp64\www\healthyhabbits\index.php(84): CodeIgniter\CodeIgniter->run()
#8 {main}
CRITICAL - 2020-07-20 08:16:19 --> Request URI segment is our of range: 2
#0 E:\wamp64\www\healthyhabbits\vendor\codeigniter4\framework\system\HTTP\URI.php(485): CodeIgniter\HTTP\Exceptions\HTTPException::forURISegmentOutOfRange(2)
#1 E:\wamp64\www\healthyhabbits\app\Controllers\FamilyMember.php(14): CodeIgniter\HTTP\URI->getSegment(2)
#2 E:\wamp64\www\healthyhabbits\vendor\codeigniter4\framework\system\CodeIgniter.php(914): App\Controllers\FamilyMember->index()
#3 E:\wamp64\www\healthyhabbits\vendor\codeigniter4\framework\system\CodeIgniter.php(400): CodeIgniter\CodeIgniter->runController(Object(App\Controllers\FamilyMember))
#4 E:\wamp64\www\healthyhabbits\vendor\codeigniter4\framework\system\CodeIgniter.php(308): CodeIgniter\CodeIgniter->handleRequest(NULL, Object(Config\Cache), false)
#5 E:\wamp64\www\healthyhabbits\index.php(84): CodeIgniter\CodeIgniter->run()
#6 {main}
CRITICAL - 2020-07-20 08:18:15 --> Request URI segment is our of range: 2
#0 E:\wamp64\www\healthyhabbits\vendor\codeigniter4\framework\system\HTTP\URI.php(485): CodeIgniter\HTTP\Exceptions\HTTPException::forURISegmentOutOfRange(2)
#1 E:\wamp64\www\healthyhabbits\app\Controllers\FamilyMember.php(14): CodeIgniter\HTTP\URI->getSegment(2)
#2 E:\wamp64\www\healthyhabbits\vendor\codeigniter4\framework\system\CodeIgniter.php(914): App\Controllers\FamilyMember->index()
#3 E:\wamp64\www\healthyhabbits\vendor\codeigniter4\framework\system\CodeIgniter.php(400): CodeIgniter\CodeIgniter->runController(Object(App\Controllers\FamilyMember))
#4 E:\wamp64\www\healthyhabbits\vendor\codeigniter4\framework\system\CodeIgniter.php(308): CodeIgniter\CodeIgniter->handleRequest(NULL, Object(Config\Cache), false)
#5 E:\wamp64\www\healthyhabbits\index.php(84): CodeIgniter\CodeIgniter->run()
#6 {main}
CRITICAL - 2020-07-20 08:24:37 --> Request URI segment is our of range: 2
#0 E:\wamp64\www\healthyhabbits\vendor\codeigniter4\framework\system\HTTP\URI.php(485): CodeIgniter\HTTP\Exceptions\HTTPException::forURISegmentOutOfRange(2)
#1 E:\wamp64\www\healthyhabbits\app\Controllers\FamilyMember.php(15): CodeIgniter\HTTP\URI->getSegment(2)
#2 E:\wamp64\www\healthyhabbits\vendor\codeigniter4\framework\system\CodeIgniter.php(914): App\Controllers\FamilyMember->index()
#3 E:\wamp64\www\healthyhabbits\vendor\codeigniter4\framework\system\CodeIgniter.php(400): CodeIgniter\CodeIgniter->runController(Object(App\Controllers\FamilyMember))
#4 E:\wamp64\www\healthyhabbits\vendor\codeigniter4\framework\system\CodeIgniter.php(308): CodeIgniter\CodeIgniter->handleRequest(NULL, Object(Config\Cache), false)
#5 E:\wamp64\www\healthyhabbits\index.php(84): CodeIgniter\CodeIgniter->run()
#6 {main}
CRITICAL - 2020-07-20 08:25:20 --> Request URI segment is our of range: 2
#0 E:\wamp64\www\healthyhabbits\vendor\codeigniter4\framework\system\HTTP\URI.php(485): CodeIgniter\HTTP\Exceptions\HTTPException::forURISegmentOutOfRange(2)
#1 E:\wamp64\www\healthyhabbits\app\Controllers\FamilyMember.php(15): CodeIgniter\HTTP\URI->getSegment(2)
#2 E:\wamp64\www\healthyhabbits\vendor\codeigniter4\framework\system\CodeIgniter.php(914): App\Controllers\FamilyMember->index()
#3 E:\wamp64\www\healthyhabbits\vendor\codeigniter4\framework\system\CodeIgniter.php(400): CodeIgniter\CodeIgniter->runController(Object(App\Controllers\FamilyMember))
#4 E:\wamp64\www\healthyhabbits\vendor\codeigniter4\framework\system\CodeIgniter.php(308): CodeIgniter\CodeIgniter->handleRequest(NULL, Object(Config\Cache), false)
#5 E:\wamp64\www\healthyhabbits\index.php(84): CodeIgniter\CodeIgniter->run()
#6 {main}
CRITICAL - 2020-07-20 08:25:24 --> Request URI segment is our of range: 2
#0 E:\wamp64\www\healthyhabbits\vendor\codeigniter4\framework\system\HTTP\URI.php(485): CodeIgniter\HTTP\Exceptions\HTTPException::forURISegmentOutOfRange(2)
#1 E:\wamp64\www\healthyhabbits\app\Controllers\FamilyMember.php(15): CodeIgniter\HTTP\URI->getSegment(2)
#2 E:\wamp64\www\healthyhabbits\vendor\codeigniter4\framework\system\CodeIgniter.php(914): App\Controllers\FamilyMember->index()
#3 E:\wamp64\www\healthyhabbits\vendor\codeigniter4\framework\system\CodeIgniter.php(400): CodeIgniter\CodeIgniter->runController(Object(App\Controllers\FamilyMember))
#4 E:\wamp64\www\healthyhabbits\vendor\codeigniter4\framework\system\CodeIgniter.php(308): CodeIgniter\CodeIgniter->handleRequest(NULL, Object(Config\Cache), false)
#5 E:\wamp64\www\healthyhabbits\index.php(84): CodeIgniter\CodeIgniter->run()
#6 {main}
CRITICAL - 2020-07-20 08:25:53 --> Request URI segment is our of range: 2
#0 E:\wamp64\www\healthyhabbits\vendor\codeigniter4\framework\system\HTTP\URI.php(485): CodeIgniter\HTTP\Exceptions\HTTPException::forURISegmentOutOfRange(2)
#1 E:\wamp64\www\healthyhabbits\app\Controllers\FamilyMember.php(15): CodeIgniter\HTTP\URI->getSegment(2)
#2 E:\wamp64\www\healthyhabbits\vendor\codeigniter4\framework\system\CodeIgniter.php(914): App\Controllers\FamilyMember->index()
#3 E:\wamp64\www\healthyhabbits\vendor\codeigniter4\framework\system\CodeIgniter.php(400): CodeIgniter\CodeIgniter->runController(Object(App\Controllers\FamilyMember))
#4 E:\wamp64\www\healthyhabbits\vendor\codeigniter4\framework\system\CodeIgniter.php(308): CodeIgniter\CodeIgniter->handleRequest(NULL, Object(Config\Cache), false)
#5 E:\wamp64\www\healthyhabbits\index.php(84): CodeIgniter\CodeIgniter->run()
#6 {main}
CRITICAL - 2020-07-20 08:26:14 --> Request URI segment is our of range: 2
#0 E:\wamp64\www\healthyhabbits\vendor\codeigniter4\framework\system\HTTP\URI.php(485): CodeIgniter\HTTP\Exceptions\HTTPException::forURISegmentOutOfRange(2)
#1 E:\wamp64\www\healthyhabbits\app\Controllers\FamilyMember.php(15): CodeIgniter\HTTP\URI->getSegment(2)
#2 E:\wamp64\www\healthyhabbits\vendor\codeigniter4\framework\system\CodeIgniter.php(914): App\Controllers\FamilyMember->index()
#3 E:\wamp64\www\healthyhabbits\vendor\codeigniter4\framework\system\CodeIgniter.php(400): CodeIgniter\CodeIgniter->runController(Object(App\Controllers\FamilyMember))
#4 E:\wamp64\www\healthyhabbits\vendor\codeigniter4\framework\system\CodeIgniter.php(308): CodeIgniter\CodeIgniter->handleRequest(NULL, Object(Config\Cache), false)
#5 E:\wamp64\www\healthyhabbits\index.php(84): CodeIgniter\CodeIgniter->run()
#6 {main}
CRITICAL - 2020-07-20 08:26:34 --> Request URI segment is our of range: 2
#0 E:\wamp64\www\healthyhabbits\vendor\codeigniter4\framework\system\HTTP\URI.php(485): CodeIgniter\HTTP\Exceptions\HTTPException::forURISegmentOutOfRange(2)
#1 E:\wamp64\www\healthyhabbits\app\Controllers\FamilyMember.php(15): CodeIgniter\HTTP\URI->getSegment(2)
#2 E:\wamp64\www\healthyhabbits\vendor\codeigniter4\framework\system\CodeIgniter.php(914): App\Controllers\FamilyMember->index()
#3 E:\wamp64\www\healthyhabbits\vendor\codeigniter4\framework\system\CodeIgniter.php(400): CodeIgniter\CodeIgniter->runController(Object(App\Controllers\FamilyMember))
#4 E:\wamp64\www\healthyhabbits\vendor\codeigniter4\framework\system\CodeIgniter.php(308): CodeIgniter\CodeIgniter->handleRequest(NULL, Object(Config\Cache), false)
#5 E:\wamp64\www\healthyhabbits\index.php(84): CodeIgniter\CodeIgniter->run()
#6 {main}
CRITICAL - 2020-07-20 08:26:58 --> Request URI segment is our of range: 2
#0 E:\wamp64\www\healthyhabbits\vendor\codeigniter4\framework\system\HTTP\URI.php(485): CodeIgniter\HTTP\Exceptions\HTTPException::forURISegmentOutOfRange(2)
#1 E:\wamp64\www\healthyhabbits\app\Controllers\FamilyMember.php(15): CodeIgniter\HTTP\URI->getSegment(2)
#2 E:\wamp64\www\healthyhabbits\vendor\codeigniter4\framework\system\CodeIgniter.php(914): App\Controllers\FamilyMember->index()
#3 E:\wamp64\www\healthyhabbits\vendor\codeigniter4\framework\system\CodeIgniter.php(400): CodeIgniter\CodeIgniter->runController(Object(App\Controllers\FamilyMember))
#4 E:\wamp64\www\healthyhabbits\vendor\codeigniter4\framework\system\CodeIgniter.php(308): CodeIgniter\CodeIgniter->handleRequest(NULL, Object(Config\Cache), false)
#5 E:\wamp64\www\healthyhabbits\index.php(84): CodeIgniter\CodeIgniter->run()
#6 {main}
CRITICAL - 2020-07-20 08:53:25 --> Undefined variable: id
#0 E:\wamp64\www\healthyhabbits\app\Controllers\FamilyMember.php(20): CodeIgniter\Debug\Exceptions->errorHandler(8, 'Undefined varia...', 'E:\\wamp64\\www\\h...', 20, Array)
#1 E:\wamp64\www\healthyhabbits\vendor\codeigniter4\framework\system\CodeIgniter.php(914): App\Controllers\FamilyMember->index('79')
#2 E:\wamp64\www\healthyhabbits\vendor\codeigniter4\framework\system\CodeIgniter.php(400): CodeIgniter\CodeIgniter->runController(Object(App\Controllers\FamilyMember))
#3 E:\wamp64\www\healthyhabbits\vendor\codeigniter4\framework\system\CodeIgniter.php(308): CodeIgniter\CodeIgniter->handleRequest(NULL, Object(Config\Cache), false)
#4 E:\wamp64\www\healthyhabbits\index.php(84): CodeIgniter\CodeIgniter->run()
#5 {main}
CRITICAL - 2020-07-20 08:53:28 --> Undefined variable: id
#0 E:\wamp64\www\healthyhabbits\app\Controllers\FamilyMember.php(20): CodeIgniter\Debug\Exceptions->errorHandler(8, 'Undefined varia...', 'E:\\wamp64\\www\\h...', 20, Array)
#1 E:\wamp64\www\healthyhabbits\vendor\codeigniter4\framework\system\CodeIgniter.php(914): App\Controllers\FamilyMember->index('79')
#2 E:\wamp64\www\healthyhabbits\vendor\codeigniter4\framework\system\CodeIgniter.php(400): CodeIgniter\CodeIgniter->runController(Object(App\Controllers\FamilyMember))
#3 E:\wamp64\www\healthyhabbits\vendor\codeigniter4\framework\system\CodeIgniter.php(308): CodeIgniter\CodeIgniter->handleRequest(NULL, Object(Config\Cache), false)
#4 E:\wamp64\www\healthyhabbits\index.php(84): CodeIgniter\CodeIgniter->run()
#5 {main}
CRITICAL - 2020-07-20 08:54:07 --> Undefined property: CodeIgniter\View\View::$request
#0 E:\wamp64\www\healthyhabbits\app\Views\family\list.php(57): CodeIgniter\Debug\Exceptions->errorHandler(8, 'Undefined prope...', 'E:\\wamp64\\www\\h...', 57, Array)
#1 E:\wamp64\www\healthyhabbits\vendor\codeigniter4\framework\system\View\View.php(246): include('E:\\wamp64\\www\\h...')
#2 E:\wamp64\www\healthyhabbits\vendor\codeigniter4\framework\system\Common.php(1087): CodeIgniter\View\View->render('Family/list', Array, true)
#3 E:\wamp64\www\healthyhabbits\app\Controllers\BaseController.php(56): view('Family/list', Array)
#4 E:\wamp64\www\healthyhabbits\app\Controllers\FamilyMember.php(22): App\Controllers\BaseController->render_page('Family/list', Array)
#5 E:\wamp64\www\healthyhabbits\vendor\codeigniter4\framework\system\CodeIgniter.php(914): App\Controllers\FamilyMember->index('79')
#6 E:\wamp64\www\healthyhabbits\vendor\codeigniter4\framework\system\CodeIgniter.php(400): CodeIgniter\CodeIgniter->runController(Object(App\Controllers\FamilyMember))
#7 E:\wamp64\www\healthyhabbits\vendor\codeigniter4\framework\system\CodeIgniter.php(308): CodeIgniter\CodeIgniter->handleRequest(NULL, Object(Config\Cache), false)
#8 E:\wamp64\www\healthyhabbits\index.php(84): CodeIgniter\CodeIgniter->run()
#9 {main}
CRITICAL - 2020-07-20 08:55:55 --> Undefined property: CodeIgniter\View\View::$request
#0 E:\wamp64\www\healthyhabbits\app\Views\family\list.php(59): CodeIgniter\Debug\Exceptions->errorHandler(8, 'Undefined prope...', 'E:\\wamp64\\www\\h...', 59, Array)
#1 E:\wamp64\www\healthyhabbits\vendor\codeigniter4\framework\system\View\View.php(246): include('E:\\wamp64\\www\\h...')
#2 E:\wamp64\www\healthyhabbits\vendor\codeigniter4\framework\system\Common.php(1087): CodeIgniter\View\View->render('Family/list', Array, true)
#3 E:\wamp64\www\healthyhabbits\app\Controllers\BaseController.php(56): view('Family/list', Array)
#4 E:\wamp64\www\healthyhabbits\app\Controllers\FamilyMember.php(22): App\Controllers\BaseController->render_page('Family/list', Array)
#5 E:\wamp64\www\healthyhabbits\vendor\codeigniter4\framework\system\CodeIgniter.php(914): App\Controllers\FamilyMember->index('79')
#6 E:\wamp64\www\healthyhabbits\vendor\codeigniter4\framework\system\CodeIgniter.php(400): CodeIgniter\CodeIgniter->runController(Object(App\Controllers\FamilyMember))
#7 E:\wamp64\www\healthyhabbits\vendor\codeigniter4\framework\system\CodeIgniter.php(308): CodeIgniter\CodeIgniter->handleRequest(NULL, Object(Config\Cache), false)
#8 E:\wamp64\www\healthyhabbits\index.php(84): CodeIgniter\CodeIgniter->run()
#9 {main}
CRITICAL - 2020-07-20 08:55:58 --> Undefined property: CodeIgniter\View\View::$request
#0 E:\wamp64\www\healthyhabbits\app\Views\family\list.php(59): CodeIgniter\Debug\Exceptions->errorHandler(8, 'Undefined prope...', 'E:\\wamp64\\www\\h...', 59, Array)
#1 E:\wamp64\www\healthyhabbits\vendor\codeigniter4\framework\system\View\View.php(246): include('E:\\wamp64\\www\\h...')
#2 E:\wamp64\www\healthyhabbits\vendor\codeigniter4\framework\system\Common.php(1087): CodeIgniter\View\View->render('Family/list', Array, true)
#3 E:\wamp64\www\healthyhabbits\app\Controllers\BaseController.php(56): view('Family/list', Array)
#4 E:\wamp64\www\healthyhabbits\app\Controllers\FamilyMember.php(22): App\Controllers\BaseController->render_page('Family/list', Array)
#5 E:\wamp64\www\healthyhabbits\vendor\codeigniter4\framework\system\CodeIgniter.php(914): App\Controllers\FamilyMember->index('79')
#6 E:\wamp64\www\healthyhabbits\vendor\codeigniter4\framework\system\CodeIgniter.php(400): CodeIgniter\CodeIgniter->runController(Object(App\Controllers\FamilyMember))
#7 E:\wamp64\www\healthyhabbits\vendor\codeigniter4\framework\system\CodeIgniter.php(308): CodeIgniter\CodeIgniter->handleRequest(NULL, Object(Config\Cache), false)
#8 E:\wamp64\www\healthyhabbits\index.php(84): CodeIgniter\CodeIgniter->run()
#9 {main}
