CRITICAL - 2020-08-25 01:16:59 --> You must use the "set" method to update an entry.
#0 D:\xampp\htdocs\policy-master\vendor\codeigniter4\framework\system\Database\BaseBuilder.php(2219): CodeIgniter\Database\BaseBuilder->validateInsert()
#1 D:\xampp\htdocs\policy-master\vendor\codeigniter4\framework\system\Model.php(729): CodeIgniter\Database\BaseBuilder->insert()
#2 D:\xampp\htdocs\policy-master\app\Controllers\InsuranceClassAccess.php(74): CodeIgniter\Model->insert(Array)
#3 D:\xampp\htdocs\policy-master\vendor\codeigniter4\framework\system\CodeIgniter.php(914): App\Controllers\InsuranceClassAccess->store()
#4 D:\xampp\htdocs\policy-master\vendor\codeigniter4\framework\system\CodeIgniter.php(400): CodeIgniter\CodeIgniter->runController(Object(App\Controllers\InsuranceClassAccess))
#5 D:\xampp\htdocs\policy-master\vendor\codeigniter4\framework\system\CodeIgniter.php(308): CodeIgniter\CodeIgniter->handleRequest(NULL, Object(Config\Cache), false)
#6 D:\xampp\htdocs\policy-master\index.php(84): CodeIgniter\CodeIgniter->run()
#7 {main}
CRITICAL - 2020-08-25 01:18:40 --> Undefined variable: usermodel
#0 D:\xampp\htdocs\policy-master\app\Controllers\InsuranceClassAccess.php(58): CodeIgniter\Debug\Exceptions->errorHandler(8, 'Undefined varia...', 'D:\\xampp\\htdocs...', 58, Array)
#1 D:\xampp\htdocs\policy-master\vendor\codeigniter4\framework\system\CodeIgniter.php(914): App\Controllers\InsuranceClassAccess->store()
#2 D:\xampp\htdocs\policy-master\vendor\codeigniter4\framework\system\CodeIgniter.php(400): CodeIgniter\CodeIgniter->runController(Object(App\Controllers\InsuranceClassAccess))
#3 D:\xampp\htdocs\policy-master\vendor\codeigniter4\framework\system\CodeIgniter.php(308): CodeIgniter\CodeIgniter->handleRequest(NULL, Object(Config\Cache), false)
#4 D:\xampp\htdocs\policy-master\index.php(84): CodeIgniter\CodeIgniter->run()
#5 {main}
CRITICAL - 2020-08-25 01:19:00 --> Illegal string offset 'id'
#0 D:\xampp\htdocs\policy-master\app\Views\insuranceaccess\add.php(41): CodeIgniter\Debug\Exceptions->errorHandler(2, 'Illegal string ...', 'D:\\xampp\\htdocs...', 41, Array)
#1 D:\xampp\htdocs\policy-master\vendor\codeigniter4\framework\system\View\View.php(246): include('D:\\xampp\\htdocs...')
#2 D:\xampp\htdocs\policy-master\vendor\codeigniter4\framework\system\Common.php(1087): CodeIgniter\View\View->render('insuranceaccess...', Array, true)
#3 D:\xampp\htdocs\policy-master\app\Controllers\BaseController.php(60): view('insuranceaccess...', Array)
#4 D:\xampp\htdocs\policy-master\app\Controllers\InsuranceClassAccess.php(64): App\Controllers\BaseController->render_page('insuranceaccess...', Array)
#5 D:\xampp\htdocs\policy-master\vendor\codeigniter4\framework\system\CodeIgniter.php(914): App\Controllers\InsuranceClassAccess->store()
#6 D:\xampp\htdocs\policy-master\vendor\codeigniter4\framework\system\CodeIgniter.php(400): CodeIgniter\CodeIgniter->runController(Object(App\Controllers\InsuranceClassAccess))
#7 D:\xampp\htdocs\policy-master\vendor\codeigniter4\framework\system\CodeIgniter.php(308): CodeIgniter\CodeIgniter->handleRequest(NULL, Object(Config\Cache), false)
#8 D:\xampp\htdocs\policy-master\index.php(84): CodeIgniter\CodeIgniter->run()
#9 {main}
CRITICAL - 2020-08-25 01:20:40 --> Undefined variable: model
#0 D:\xampp\htdocs\policy-master\app\Controllers\InsuranceClassAccess.php(74): CodeIgniter\Debug\Exceptions->errorHandler(8, 'Undefined varia...', 'D:\\xampp\\htdocs...', 74, Array)
#1 D:\xampp\htdocs\policy-master\vendor\codeigniter4\framework\system\CodeIgniter.php(914): App\Controllers\InsuranceClassAccess->store()
#2 D:\xampp\htdocs\policy-master\vendor\codeigniter4\framework\system\CodeIgniter.php(400): CodeIgniter\CodeIgniter->runController(Object(App\Controllers\InsuranceClassAccess))
#3 D:\xampp\htdocs\policy-master\vendor\codeigniter4\framework\system\CodeIgniter.php(308): CodeIgniter\CodeIgniter->handleRequest(NULL, Object(Config\Cache), false)
#4 D:\xampp\htdocs\policy-master\index.php(84): CodeIgniter\CodeIgniter->run()
#5 {main}
CRITICAL - 2020-08-25 01:21:16 --> Undefined index: is_active
#0 D:\xampp\htdocs\policy-master\app\Views\insuranceaccess\list.php(79): CodeIgniter\Debug\Exceptions->errorHandler(8, 'Undefined index...', 'D:\\xampp\\htdocs...', 79, Array)
#1 D:\xampp\htdocs\policy-master\vendor\codeigniter4\framework\system\View\View.php(246): include('D:\\xampp\\htdocs...')
#2 D:\xampp\htdocs\policy-master\vendor\codeigniter4\framework\system\Common.php(1087): CodeIgniter\View\View->render('insuranceaccess...', Array, true)
#3 D:\xampp\htdocs\policy-master\app\Controllers\BaseController.php(60): view('insuranceaccess...', Array)
#4 D:\xampp\htdocs\policy-master\app\Controllers\InsuranceClassAccess.php(32): App\Controllers\BaseController->render_page('insuranceaccess...', Array)
#5 D:\xampp\htdocs\policy-master\vendor\codeigniter4\framework\system\CodeIgniter.php(914): App\Controllers\InsuranceClassAccess->index()
#6 D:\xampp\htdocs\policy-master\vendor\codeigniter4\framework\system\CodeIgniter.php(400): CodeIgniter\CodeIgniter->runController(Object(App\Controllers\InsuranceClassAccess))
#7 D:\xampp\htdocs\policy-master\vendor\codeigniter4\framework\system\CodeIgniter.php(308): CodeIgniter\CodeIgniter->handleRequest(NULL, Object(Config\Cache), false)
#8 D:\xampp\htdocs\policy-master\index.php(84): CodeIgniter\CodeIgniter->run()
#9 {main}
CRITICAL - 2020-08-25 01:24:46 --> Undefined index: is_active
#0 D:\xampp\htdocs\policy-master\app\Views\insuranceaccess\list.php(79): CodeIgniter\Debug\Exceptions->errorHandler(8, 'Undefined index...', 'D:\\xampp\\htdocs...', 79, Array)
#1 D:\xampp\htdocs\policy-master\vendor\codeigniter4\framework\system\View\View.php(246): include('D:\\xampp\\htdocs...')
#2 D:\xampp\htdocs\policy-master\vendor\codeigniter4\framework\system\Common.php(1087): CodeIgniter\View\View->render('insuranceaccess...', Array, true)
#3 D:\xampp\htdocs\policy-master\app\Controllers\BaseController.php(60): view('insuranceaccess...', Array)
#4 D:\xampp\htdocs\policy-master\app\Controllers\InsuranceClassAccess.php(32): App\Controllers\BaseController->render_page('insuranceaccess...', Array)
#5 D:\xampp\htdocs\policy-master\vendor\codeigniter4\framework\system\CodeIgniter.php(914): App\Controllers\InsuranceClassAccess->index()
#6 D:\xampp\htdocs\policy-master\vendor\codeigniter4\framework\system\CodeIgniter.php(400): CodeIgniter\CodeIgniter->runController(Object(App\Controllers\InsuranceClassAccess))
#7 D:\xampp\htdocs\policy-master\vendor\codeigniter4\framework\system\CodeIgniter.php(308): CodeIgniter\CodeIgniter->handleRequest(NULL, Object(Config\Cache), false)
#8 D:\xampp\htdocs\policy-master\index.php(84): CodeIgniter\CodeIgniter->run()
#9 {main}
CRITICAL - 2020-08-25 01:47:00 --> Undefined index: fk_speciality_id
#0 D:\xampp\htdocs\policy-master\app\Views\insuranceaccess\edit.php(51): CodeIgniter\Debug\Exceptions->errorHandler(8, 'Undefined index...', 'D:\\xampp\\htdocs...', 51, Array)
#1 D:\xampp\htdocs\policy-master\vendor\codeigniter4\framework\system\View\View.php(246): include('D:\\xampp\\htdocs...')
#2 D:\xampp\htdocs\policy-master\vendor\codeigniter4\framework\system\Common.php(1087): CodeIgniter\View\View->render('insuranceaccess...', Array, true)
#3 D:\xampp\htdocs\policy-master\app\Controllers\BaseController.php(60): view('insuranceaccess...', Array)
#4 D:\xampp\htdocs\policy-master\app\Controllers\InsuranceClassAccess.php(90): App\Controllers\BaseController->render_page('insuranceaccess...', Array)
#5 D:\xampp\htdocs\policy-master\vendor\codeigniter4\framework\system\CodeIgniter.php(914): App\Controllers\InsuranceClassAccess->edit('1')
#6 D:\xampp\htdocs\policy-master\vendor\codeigniter4\framework\system\CodeIgniter.php(400): CodeIgniter\CodeIgniter->runController(Object(App\Controllers\InsuranceClassAccess))
#7 D:\xampp\htdocs\policy-master\vendor\codeigniter4\framework\system\CodeIgniter.php(308): CodeIgniter\CodeIgniter->handleRequest(NULL, Object(Config\Cache), false)
#8 D:\xampp\htdocs\policy-master\index.php(84): CodeIgniter\CodeIgniter->run()
#9 {main}
CRITICAL - 2020-08-25 01:49:36 --> Call to undefined method App\Controllers\InsuranceClassAccess::select()
#0 D:\xampp\htdocs\policy-master\vendor\codeigniter4\framework\system\CodeIgniter.php(914): App\Controllers\InsuranceClassAccess->search_user()
#1 D:\xampp\htdocs\policy-master\vendor\codeigniter4\framework\system\CodeIgniter.php(400): CodeIgniter\CodeIgniter->runController(Object(App\Controllers\InsuranceClassAccess))
#2 D:\xampp\htdocs\policy-master\vendor\codeigniter4\framework\system\CodeIgniter.php(308): CodeIgniter\CodeIgniter->handleRequest(NULL, Object(Config\Cache), false)
#3 D:\xampp\htdocs\policy-master\index.php(84): CodeIgniter\CodeIgniter->run()
#4 {main}
CRITICAL - 2020-08-25 01:50:40 --> Call to undefined method App\Controllers\InsuranceClassAccess::select()
#0 D:\xampp\htdocs\policy-master\vendor\codeigniter4\framework\system\CodeIgniter.php(914): App\Controllers\InsuranceClassAccess->search_user()
#1 D:\xampp\htdocs\policy-master\vendor\codeigniter4\framework\system\CodeIgniter.php(400): CodeIgniter\CodeIgniter->runController(Object(App\Controllers\InsuranceClassAccess))
#2 D:\xampp\htdocs\policy-master\vendor\codeigniter4\framework\system\CodeIgniter.php(308): CodeIgniter\CodeIgniter->handleRequest(NULL, Object(Config\Cache), false)
#3 D:\xampp\htdocs\policy-master\index.php(84): CodeIgniter\CodeIgniter->run()
#4 {main}
CRITICAL - 2020-08-25 01:59:16 --> Call to undefined method App\Controllers\InsuranceClassAccess::select()
#0 D:\xampp\htdocs\policy-master\vendor\codeigniter4\framework\system\CodeIgniter.php(914): App\Controllers\InsuranceClassAccess->search_user()
#1 D:\xampp\htdocs\policy-master\vendor\codeigniter4\framework\system\CodeIgniter.php(400): CodeIgniter\CodeIgniter->runController(Object(App\Controllers\InsuranceClassAccess))
#2 D:\xampp\htdocs\policy-master\vendor\codeigniter4\framework\system\CodeIgniter.php(308): CodeIgniter\CodeIgniter->handleRequest(NULL, Object(Config\Cache), false)
#3 D:\xampp\htdocs\policy-master\index.php(84): CodeIgniter\CodeIgniter->run()
#4 {main}
CRITICAL - 2020-08-25 01:59:53 --> Call to undefined method App\Controllers\InsuranceClassAccess::select()
#0 D:\xampp\htdocs\policy-master\vendor\codeigniter4\framework\system\CodeIgniter.php(914): App\Controllers\InsuranceClassAccess->search_user()
#1 D:\xampp\htdocs\policy-master\vendor\codeigniter4\framework\system\CodeIgniter.php(400): CodeIgniter\CodeIgniter->runController(Object(App\Controllers\InsuranceClassAccess))
#2 D:\xampp\htdocs\policy-master\vendor\codeigniter4\framework\system\CodeIgniter.php(308): CodeIgniter\CodeIgniter->handleRequest(NULL, Object(Config\Cache), false)
#3 D:\xampp\htdocs\policy-master\index.php(84): CodeIgniter\CodeIgniter->run()
#4 {main}
CRITICAL - 2020-08-25 01:59:58 --> Call to undefined method App\Controllers\InsuranceClassAccess::select()
#0 D:\xampp\htdocs\policy-master\vendor\codeigniter4\framework\system\CodeIgniter.php(914): App\Controllers\InsuranceClassAccess->search_user()
#1 D:\xampp\htdocs\policy-master\vendor\codeigniter4\framework\system\CodeIgniter.php(400): CodeIgniter\CodeIgniter->runController(Object(App\Controllers\InsuranceClassAccess))
#2 D:\xampp\htdocs\policy-master\vendor\codeigniter4\framework\system\CodeIgniter.php(308): CodeIgniter\CodeIgniter->handleRequest(NULL, Object(Config\Cache), false)
#3 D:\xampp\htdocs\policy-master\index.php(84): CodeIgniter\CodeIgniter->run()
#4 {main}
CRITICAL - 2020-08-25 02:01:19 --> Call to undefined method App\Controllers\InsuranceClassAccess::select()
#0 D:\xampp\htdocs\policy-master\vendor\codeigniter4\framework\system\CodeIgniter.php(914): App\Controllers\InsuranceClassAccess->search_user()
#1 D:\xampp\htdocs\policy-master\vendor\codeigniter4\framework\system\CodeIgniter.php(400): CodeIgniter\CodeIgniter->runController(Object(App\Controllers\InsuranceClassAccess))
#2 D:\xampp\htdocs\policy-master\vendor\codeigniter4\framework\system\CodeIgniter.php(308): CodeIgniter\CodeIgniter->handleRequest(NULL, Object(Config\Cache), false)
#3 D:\xampp\htdocs\policy-master\index.php(84): CodeIgniter\CodeIgniter->run()
#4 {main}
CRITICAL - 2020-08-25 02:03:52 --> Call to undefined method App\Controllers\InsuranceClassAccess::select()
#0 D:\xampp\htdocs\policy-master\vendor\codeigniter4\framework\system\CodeIgniter.php(914): App\Controllers\InsuranceClassAccess->search_user()
#1 D:\xampp\htdocs\policy-master\vendor\codeigniter4\framework\system\CodeIgniter.php(400): CodeIgniter\CodeIgniter->runController(Object(App\Controllers\InsuranceClassAccess))
#2 D:\xampp\htdocs\policy-master\vendor\codeigniter4\framework\system\CodeIgniter.php(308): CodeIgniter\CodeIgniter->handleRequest(NULL, Object(Config\Cache), false)
#3 D:\xampp\htdocs\policy-master\index.php(84): CodeIgniter\CodeIgniter->run()
#4 {main}
CRITICAL - 2020-08-25 02:06:35 --> Call to undefined method App\Controllers\InsuranceClassAccess::select()
#0 D:\xampp\htdocs\policy-master\vendor\codeigniter4\framework\system\CodeIgniter.php(914): App\Controllers\InsuranceClassAccess->search_user()
#1 D:\xampp\htdocs\policy-master\vendor\codeigniter4\framework\system\CodeIgniter.php(400): CodeIgniter\CodeIgniter->runController(Object(App\Controllers\InsuranceClassAccess))
#2 D:\xampp\htdocs\policy-master\vendor\codeigniter4\framework\system\CodeIgniter.php(308): CodeIgniter\CodeIgniter->handleRequest(NULL, Object(Config\Cache), false)
#3 D:\xampp\htdocs\policy-master\index.php(84): CodeIgniter\CodeIgniter->run()
#4 {main}
CRITICAL - 2020-08-25 02:06:45 --> Call to undefined method App\Controllers\InsuranceClassAccess::select()
#0 D:\xampp\htdocs\policy-master\vendor\codeigniter4\framework\system\CodeIgniter.php(914): App\Controllers\InsuranceClassAccess->search_user()
#1 D:\xampp\htdocs\policy-master\vendor\codeigniter4\framework\system\CodeIgniter.php(400): CodeIgniter\CodeIgniter->runController(Object(App\Controllers\InsuranceClassAccess))
#2 D:\xampp\htdocs\policy-master\vendor\codeigniter4\framework\system\CodeIgniter.php(308): CodeIgniter\CodeIgniter->handleRequest(NULL, Object(Config\Cache), false)
#3 D:\xampp\htdocs\policy-master\index.php(84): CodeIgniter\CodeIgniter->run()
#4 {main}
CRITICAL - 2020-08-25 02:14:47 --> Call to undefined method App\Controllers\InsuranceClassAccess::select()
#0 D:\xampp\htdocs\policy-master\vendor\codeigniter4\framework\system\CodeIgniter.php(914): App\Controllers\InsuranceClassAccess->search_user()
#1 D:\xampp\htdocs\policy-master\vendor\codeigniter4\framework\system\CodeIgniter.php(400): CodeIgniter\CodeIgniter->runController(Object(App\Controllers\InsuranceClassAccess))
#2 D:\xampp\htdocs\policy-master\vendor\codeigniter4\framework\system\CodeIgniter.php(308): CodeIgniter\CodeIgniter->handleRequest(NULL, Object(Config\Cache), false)
#3 D:\xampp\htdocs\policy-master\index.php(84): CodeIgniter\CodeIgniter->run()
#4 {main}
CRITICAL - 2020-08-25 02:17:24 --> Undefined variable: modeltype
#0 D:\xampp\htdocs\policy-master\app\Controllers\InsuranceClassAccess.php(154): CodeIgniter\Debug\Exceptions->errorHandler(8, 'Undefined varia...', 'D:\\xampp\\htdocs...', 154, Array)
#1 D:\xampp\htdocs\policy-master\vendor\codeigniter4\framework\system\CodeIgniter.php(914): App\Controllers\InsuranceClassAccess->search_user()
#2 D:\xampp\htdocs\policy-master\vendor\codeigniter4\framework\system\CodeIgniter.php(400): CodeIgniter\CodeIgniter->runController(Object(App\Controllers\InsuranceClassAccess))
#3 D:\xampp\htdocs\policy-master\vendor\codeigniter4\framework\system\CodeIgniter.php(308): CodeIgniter\CodeIgniter->handleRequest(NULL, Object(Config\Cache), false)
#4 D:\xampp\htdocs\policy-master\index.php(84): CodeIgniter\CodeIgniter->run()
#5 {main}
CRITICAL - 2020-08-25 02:18:11 --> Unknown table 'policy_master.users'
#0 D:\xampp\htdocs\policy-master\vendor\codeigniter4\framework\system\Database\MySQLi\Connection.php(331): mysqli->query('SELECT `users`....')
#1 D:\xampp\htdocs\policy-master\vendor\codeigniter4\framework\system\Database\BaseConnection.php(738): CodeIgniter\Database\MySQLi\Connection->execute('SELECT `users`....')
#2 D:\xampp\htdocs\policy-master\vendor\codeigniter4\framework\system\Database\BaseConnection.php(666): CodeIgniter\Database\BaseConnection->simpleQuery('SELECT `users`....')
#3 D:\xampp\htdocs\policy-master\vendor\codeigniter4\framework\system\Database\BaseBuilder.php(1845): CodeIgniter\Database\BaseConnection->query('SELECT `users`....', Array, false)
#4 D:\xampp\htdocs\policy-master\vendor\codeigniter4\framework\system\Model.php(445): CodeIgniter\Database\BaseBuilder->get()
#5 D:\xampp\htdocs\policy-master\app\Controllers\InsuranceClassAccess.php(166): CodeIgniter\Model->findAll()
#6 D:\xampp\htdocs\policy-master\vendor\codeigniter4\framework\system\CodeIgniter.php(914): App\Controllers\InsuranceClassAccess->search_user()
#7 D:\xampp\htdocs\policy-master\vendor\codeigniter4\framework\system\CodeIgniter.php(400): CodeIgniter\CodeIgniter->runController(Object(App\Controllers\InsuranceClassAccess))
#8 D:\xampp\htdocs\policy-master\vendor\codeigniter4\framework\system\CodeIgniter.php(308): CodeIgniter\CodeIgniter->handleRequest(NULL, Object(Config\Cache), false)
#9 D:\xampp\htdocs\policy-master\index.php(84): CodeIgniter\CodeIgniter->run()
#10 {main}
CRITICAL - 2020-08-25 02:53:26 --> Undefined variable: info
#0 D:\xampp\htdocs\policy-master\app\Views\insuranceaccess\list.php(139): CodeIgniter\Debug\Exceptions->errorHandler(8, 'Undefined varia...', 'D:\\xampp\\htdocs...', 139, Array)
#1 D:\xampp\htdocs\policy-master\vendor\codeigniter4\framework\system\View\View.php(246): include('D:\\xampp\\htdocs...')
#2 D:\xampp\htdocs\policy-master\vendor\codeigniter4\framework\system\Common.php(1087): CodeIgniter\View\View->render('insuranceaccess...', Array, true)
#3 D:\xampp\htdocs\policy-master\app\Controllers\BaseController.php(60): view('insuranceaccess...', Array)
#4 D:\xampp\htdocs\policy-master\app\Controllers\InsuranceClassAccess.php(32): App\Controllers\BaseController->render_page('insuranceaccess...', Array)
#5 D:\xampp\htdocs\policy-master\vendor\codeigniter4\framework\system\CodeIgniter.php(914): App\Controllers\InsuranceClassAccess->index()
#6 D:\xampp\htdocs\policy-master\vendor\codeigniter4\framework\system\CodeIgniter.php(400): CodeIgniter\CodeIgniter->runController(Object(App\Controllers\InsuranceClassAccess))
#7 D:\xampp\htdocs\policy-master\vendor\codeigniter4\framework\system\CodeIgniter.php(308): CodeIgniter\CodeIgniter->handleRequest(NULL, Object(Config\Cache), false)
#8 D:\xampp\htdocs\policy-master\index.php(84): CodeIgniter\CodeIgniter->run()
#9 {main}
CRITICAL - 2020-08-25 02:54:19 --> Undefined variable: info
#0 D:\xampp\htdocs\policy-master\app\Views\insuranceaccess\list.php(143): CodeIgniter\Debug\Exceptions->errorHandler(8, 'Undefined varia...', 'D:\\xampp\\htdocs...', 143, Array)
#1 D:\xampp\htdocs\policy-master\vendor\codeigniter4\framework\system\View\View.php(246): include('D:\\xampp\\htdocs...')
#2 D:\xampp\htdocs\policy-master\vendor\codeigniter4\framework\system\Common.php(1087): CodeIgniter\View\View->render('insuranceaccess...', Array, true)
#3 D:\xampp\htdocs\policy-master\app\Controllers\BaseController.php(60): view('insuranceaccess...', Array)
#4 D:\xampp\htdocs\policy-master\app\Controllers\InsuranceClassAccess.php(32): App\Controllers\BaseController->render_page('insuranceaccess...', Array)
#5 D:\xampp\htdocs\policy-master\vendor\codeigniter4\framework\system\CodeIgniter.php(914): App\Controllers\InsuranceClassAccess->index()
#6 D:\xampp\htdocs\policy-master\vendor\codeigniter4\framework\system\CodeIgniter.php(400): CodeIgniter\CodeIgniter->runController(Object(App\Controllers\InsuranceClassAccess))
#7 D:\xampp\htdocs\policy-master\vendor\codeigniter4\framework\system\CodeIgniter.php(308): CodeIgniter\CodeIgniter->handleRequest(NULL, Object(Config\Cache), false)
#8 D:\xampp\htdocs\policy-master\index.php(84): CodeIgniter\CodeIgniter->run()
#9 {main}
CRITICAL - 2020-08-25 03:48:52 --> Undefined variable: info
#0 D:\xampp\htdocs\policy-master\app\Views\insuranceaccess\list.php(143): CodeIgniter\Debug\Exceptions->errorHandler(8, 'Undefined varia...', 'D:\\xampp\\htdocs...', 143, Array)
#1 D:\xampp\htdocs\policy-master\vendor\codeigniter4\framework\system\View\View.php(246): include('D:\\xampp\\htdocs...')
#2 D:\xampp\htdocs\policy-master\vendor\codeigniter4\framework\system\Common.php(1087): CodeIgniter\View\View->render('insuranceaccess...', Array, true)
#3 D:\xampp\htdocs\policy-master\app\Controllers\BaseController.php(60): view('insuranceaccess...', Array)
#4 D:\xampp\htdocs\policy-master\app\Controllers\InsuranceClassAccess.php(32): App\Controllers\BaseController->render_page('insuranceaccess...', Array)
#5 D:\xampp\htdocs\policy-master\vendor\codeigniter4\framework\system\CodeIgniter.php(914): App\Controllers\InsuranceClassAccess->index()
#6 D:\xampp\htdocs\policy-master\vendor\codeigniter4\framework\system\CodeIgniter.php(400): CodeIgniter\CodeIgniter->runController(Object(App\Controllers\InsuranceClassAccess))
#7 D:\xampp\htdocs\policy-master\vendor\codeigniter4\framework\system\CodeIgniter.php(308): CodeIgniter\CodeIgniter->handleRequest(NULL, Object(Config\Cache), false)
#8 D:\xampp\htdocs\policy-master\index.php(84): CodeIgniter\CodeIgniter->run()
#9 {main}
CRITICAL - 2020-08-25 03:49:00 --> Undefined index: fk_speciality_id
#0 D:\xampp\htdocs\policy-master\app\Views\insuranceaccess\edit.php(51): CodeIgniter\Debug\Exceptions->errorHandler(8, 'Undefined index...', 'D:\\xampp\\htdocs...', 51, Array)
#1 D:\xampp\htdocs\policy-master\vendor\codeigniter4\framework\system\View\View.php(246): include('D:\\xampp\\htdocs...')
#2 D:\xampp\htdocs\policy-master\vendor\codeigniter4\framework\system\Common.php(1087): CodeIgniter\View\View->render('insuranceaccess...', Array, true)
#3 D:\xampp\htdocs\policy-master\app\Controllers\BaseController.php(60): view('insuranceaccess...', Array)
#4 D:\xampp\htdocs\policy-master\app\Controllers\InsuranceClassAccess.php(90): App\Controllers\BaseController->render_page('insuranceaccess...', Array)
#5 D:\xampp\htdocs\policy-master\vendor\codeigniter4\framework\system\CodeIgniter.php(914): App\Controllers\InsuranceClassAccess->edit('1')
#6 D:\xampp\htdocs\policy-master\vendor\codeigniter4\framework\system\CodeIgniter.php(400): CodeIgniter\CodeIgniter->runController(Object(App\Controllers\InsuranceClassAccess))
#7 D:\xampp\htdocs\policy-master\vendor\codeigniter4\framework\system\CodeIgniter.php(308): CodeIgniter\CodeIgniter->handleRequest(NULL, Object(Config\Cache), false)
#8 D:\xampp\htdocs\policy-master\index.php(84): CodeIgniter\CodeIgniter->run()
#9 {main}
CRITICAL - 2020-08-25 03:49:06 --> Undefined variable: info
#0 D:\xampp\htdocs\policy-master\app\Views\insuranceaccess\list.php(143): CodeIgniter\Debug\Exceptions->errorHandler(8, 'Undefined varia...', 'D:\\xampp\\htdocs...', 143, Array)
#1 D:\xampp\htdocs\policy-master\vendor\codeigniter4\framework\system\View\View.php(246): include('D:\\xampp\\htdocs...')
#2 D:\xampp\htdocs\policy-master\vendor\codeigniter4\framework\system\Common.php(1087): CodeIgniter\View\View->render('insuranceaccess...', Array, true)
#3 D:\xampp\htdocs\policy-master\app\Controllers\BaseController.php(60): view('insuranceaccess...', Array)
#4 D:\xampp\htdocs\policy-master\app\Controllers\InsuranceClassAccess.php(168): App\Controllers\BaseController->render_page('insuranceaccess...', Array)
#5 D:\xampp\htdocs\policy-master\vendor\codeigniter4\framework\system\CodeIgniter.php(914): App\Controllers\InsuranceClassAccess->search_user()
#6 D:\xampp\htdocs\policy-master\vendor\codeigniter4\framework\system\CodeIgniter.php(400): CodeIgniter\CodeIgniter->runController(Object(App\Controllers\InsuranceClassAccess))
#7 D:\xampp\htdocs\policy-master\vendor\codeigniter4\framework\system\CodeIgniter.php(308): CodeIgniter\CodeIgniter->handleRequest(NULL, Object(Config\Cache), false)
#8 D:\xampp\htdocs\policy-master\index.php(84): CodeIgniter\CodeIgniter->run()
#9 {main}
CRITICAL - 2020-08-25 03:49:12 --> Undefined variable: info
#0 D:\xampp\htdocs\policy-master\app\Views\insuranceaccess\list.php(143): CodeIgniter\Debug\Exceptions->errorHandler(8, 'Undefined varia...', 'D:\\xampp\\htdocs...', 143, Array)
#1 D:\xampp\htdocs\policy-master\vendor\codeigniter4\framework\system\View\View.php(246): include('D:\\xampp\\htdocs...')
#2 D:\xampp\htdocs\policy-master\vendor\codeigniter4\framework\system\Common.php(1087): CodeIgniter\View\View->render('insuranceaccess...', Array, true)
#3 D:\xampp\htdocs\policy-master\app\Controllers\BaseController.php(60): view('insuranceaccess...', Array)
#4 D:\xampp\htdocs\policy-master\app\Controllers\InsuranceClassAccess.php(32): App\Controllers\BaseController->render_page('insuranceaccess...', Array)
#5 D:\xampp\htdocs\policy-master\vendor\codeigniter4\framework\system\CodeIgniter.php(914): App\Controllers\InsuranceClassAccess->index()
#6 D:\xampp\htdocs\policy-master\vendor\codeigniter4\framework\system\CodeIgniter.php(400): CodeIgniter\CodeIgniter->runController(Object(App\Controllers\InsuranceClassAccess))
#7 D:\xampp\htdocs\policy-master\vendor\codeigniter4\framework\system\CodeIgniter.php(308): CodeIgniter\CodeIgniter->handleRequest(NULL, Object(Config\Cache), false)
#8 D:\xampp\htdocs\policy-master\index.php(84): CodeIgniter\CodeIgniter->run()
#9 {main}
CRITICAL - 2020-08-25 03:50:24 --> Undefined variable: info
#0 D:\xampp\htdocs\policy-master\app\Views\insuranceaccess\list.php(143): CodeIgniter\Debug\Exceptions->errorHandler(8, 'Undefined varia...', 'D:\\xampp\\htdocs...', 143, Array)
#1 D:\xampp\htdocs\policy-master\vendor\codeigniter4\framework\system\View\View.php(246): include('D:\\xampp\\htdocs...')
#2 D:\xampp\htdocs\policy-master\vendor\codeigniter4\framework\system\Common.php(1087): CodeIgniter\View\View->render('insuranceaccess...', Array, true)
#3 D:\xampp\htdocs\policy-master\app\Controllers\BaseController.php(60): view('insuranceaccess...', Array)
#4 D:\xampp\htdocs\policy-master\app\Controllers\InsuranceClassAccess.php(32): App\Controllers\BaseController->render_page('insuranceaccess...', Array)
#5 D:\xampp\htdocs\policy-master\vendor\codeigniter4\framework\system\CodeIgniter.php(914): App\Controllers\InsuranceClassAccess->index()
#6 D:\xampp\htdocs\policy-master\vendor\codeigniter4\framework\system\CodeIgniter.php(400): CodeIgniter\CodeIgniter->runController(Object(App\Controllers\InsuranceClassAccess))
#7 D:\xampp\htdocs\policy-master\vendor\codeigniter4\framework\system\CodeIgniter.php(308): CodeIgniter\CodeIgniter->handleRequest(NULL, Object(Config\Cache), false)
#8 D:\xampp\htdocs\policy-master\index.php(84): CodeIgniter\CodeIgniter->run()
#9 {main}
CRITICAL - 2020-08-25 03:50:50 --> Undefined variable: info
#0 D:\xampp\htdocs\policy-master\app\Views\insuranceaccess\list.php(143): CodeIgniter\Debug\Exceptions->errorHandler(8, 'Undefined varia...', 'D:\\xampp\\htdocs...', 143, Array)
#1 D:\xampp\htdocs\policy-master\vendor\codeigniter4\framework\system\View\View.php(246): include('D:\\xampp\\htdocs...')
#2 D:\xampp\htdocs\policy-master\vendor\codeigniter4\framework\system\Common.php(1087): CodeIgniter\View\View->render('insuranceaccess...', Array, true)
#3 D:\xampp\htdocs\policy-master\app\Controllers\BaseController.php(60): view('insuranceaccess...', Array)
#4 D:\xampp\htdocs\policy-master\app\Controllers\InsuranceClassAccess.php(32): App\Controllers\BaseController->render_page('insuranceaccess...', Array)
#5 D:\xampp\htdocs\policy-master\vendor\codeigniter4\framework\system\CodeIgniter.php(914): App\Controllers\InsuranceClassAccess->index()
#6 D:\xampp\htdocs\policy-master\vendor\codeigniter4\framework\system\CodeIgniter.php(400): CodeIgniter\CodeIgniter->runController(Object(App\Controllers\InsuranceClassAccess))
#7 D:\xampp\htdocs\policy-master\vendor\codeigniter4\framework\system\CodeIgniter.php(308): CodeIgniter\CodeIgniter->handleRequest(NULL, Object(Config\Cache), false)
#8 D:\xampp\htdocs\policy-master\index.php(84): CodeIgniter\CodeIgniter->run()
#9 {main}
CRITICAL - 2020-08-25 03:51:55 --> Undefined index: fk_speciality_id
#0 D:\xampp\htdocs\policy-master\app\Views\insuranceaccess\edit.php(51): CodeIgniter\Debug\Exceptions->errorHandler(8, 'Undefined index...', 'D:\\xampp\\htdocs...', 51, Array)
#1 D:\xampp\htdocs\policy-master\vendor\codeigniter4\framework\system\View\View.php(246): include('D:\\xampp\\htdocs...')
#2 D:\xampp\htdocs\policy-master\vendor\codeigniter4\framework\system\Common.php(1087): CodeIgniter\View\View->render('insuranceaccess...', Array, true)
#3 D:\xampp\htdocs\policy-master\app\Controllers\BaseController.php(60): view('insuranceaccess...', Array)
#4 D:\xampp\htdocs\policy-master\app\Controllers\InsuranceClassAccess.php(90): App\Controllers\BaseController->render_page('insuranceaccess...', Array)
#5 D:\xampp\htdocs\policy-master\vendor\codeigniter4\framework\system\CodeIgniter.php(914): App\Controllers\InsuranceClassAccess->edit('1')
#6 D:\xampp\htdocs\policy-master\vendor\codeigniter4\framework\system\CodeIgniter.php(400): CodeIgniter\CodeIgniter->runController(Object(App\Controllers\InsuranceClassAccess))
#7 D:\xampp\htdocs\policy-master\vendor\codeigniter4\framework\system\CodeIgniter.php(308): CodeIgniter\CodeIgniter->handleRequest(NULL, Object(Config\Cache), false)
#8 D:\xampp\htdocs\policy-master\index.php(84): CodeIgniter\CodeIgniter->run()
#9 {main}
CRITICAL - 2020-08-25 03:52:29 --> Undefined variable: insurancemodel
#0 D:\xampp\htdocs\policy-master\app\Controllers\InsuranceClassAccess.php(102): CodeIgniter\Debug\Exceptions->errorHandler(8, 'Undefined varia...', 'D:\\xampp\\htdocs...', 102, Array)
#1 D:\xampp\htdocs\policy-master\vendor\codeigniter4\framework\system\CodeIgniter.php(914): App\Controllers\InsuranceClassAccess->update()
#2 D:\xampp\htdocs\policy-master\vendor\codeigniter4\framework\system\CodeIgniter.php(400): CodeIgniter\CodeIgniter->runController(Object(App\Controllers\InsuranceClassAccess))
#3 D:\xampp\htdocs\policy-master\vendor\codeigniter4\framework\system\CodeIgniter.php(308): CodeIgniter\CodeIgniter->handleRequest(NULL, Object(Config\Cache), false)
#4 D:\xampp\htdocs\policy-master\index.php(84): CodeIgniter\CodeIgniter->run()
#5 {main}
CRITICAL - 2020-08-25 03:53:28 --> Undefined variable: insurancemodel
#0 D:\xampp\htdocs\policy-master\app\Controllers\InsuranceClassAccess.php(102): CodeIgniter\Debug\Exceptions->errorHandler(8, 'Undefined varia...', 'D:\\xampp\\htdocs...', 102, Array)
#1 D:\xampp\htdocs\policy-master\vendor\codeigniter4\framework\system\CodeIgniter.php(914): App\Controllers\InsuranceClassAccess->update()
#2 D:\xampp\htdocs\policy-master\vendor\codeigniter4\framework\system\CodeIgniter.php(400): CodeIgniter\CodeIgniter->runController(Object(App\Controllers\InsuranceClassAccess))
#3 D:\xampp\htdocs\policy-master\vendor\codeigniter4\framework\system\CodeIgniter.php(308): CodeIgniter\CodeIgniter->handleRequest(NULL, Object(Config\Cache), false)
#4 D:\xampp\htdocs\policy-master\index.php(84): CodeIgniter\CodeIgniter->run()
#5 {main}
CRITICAL - 2020-08-25 03:54:16 --> Undefined variable: id
#0 D:\xampp\htdocs\policy-master\app\Controllers\InsuranceClassAccess.php(108): CodeIgniter\Debug\Exceptions->errorHandler(8, 'Undefined varia...', 'D:\\xampp\\htdocs...', 108, Array)
#1 D:\xampp\htdocs\policy-master\vendor\codeigniter4\framework\system\CodeIgniter.php(914): App\Controllers\InsuranceClassAccess->update()
#2 D:\xampp\htdocs\policy-master\vendor\codeigniter4\framework\system\CodeIgniter.php(400): CodeIgniter\CodeIgniter->runController(Object(App\Controllers\InsuranceClassAccess))
#3 D:\xampp\htdocs\policy-master\vendor\codeigniter4\framework\system\CodeIgniter.php(308): CodeIgniter\CodeIgniter->handleRequest(NULL, Object(Config\Cache), false)
#4 D:\xampp\htdocs\policy-master\index.php(84): CodeIgniter\CodeIgniter->run()
#5 {main}
CRITICAL - 2020-08-25 04:30:57 --> Undefined variable: rules
#0 D:\xampp\htdocs\policy-master\app\Controllers\Clients.php(41): CodeIgniter\Debug\Exceptions->errorHandler(8, 'Undefined varia...', 'D:\\xampp\\htdocs...', 41, Array)
#1 D:\xampp\htdocs\policy-master\vendor\codeigniter4\framework\system\CodeIgniter.php(914): App\Controllers\Clients->add()
#2 D:\xampp\htdocs\policy-master\vendor\codeigniter4\framework\system\CodeIgniter.php(400): CodeIgniter\CodeIgniter->runController(Object(App\Controllers\Clients))
#3 D:\xampp\htdocs\policy-master\vendor\codeigniter4\framework\system\CodeIgniter.php(308): CodeIgniter\CodeIgniter->handleRequest(NULL, Object(Config\Cache), false)
#4 D:\xampp\htdocs\policy-master\index.php(84): CodeIgniter\CodeIgniter->run()
#5 {main}
CRITICAL - 2020-08-25 04:31:54 --> Call to undefined method stdClass::getrow()
#0 D:\xampp\htdocs\policy-master\vendor\codeigniter4\framework\system\CodeIgniter.php(914): App\Controllers\Clients->add()
#1 D:\xampp\htdocs\policy-master\vendor\codeigniter4\framework\system\CodeIgniter.php(400): CodeIgniter\CodeIgniter->runController(Object(App\Controllers\Clients))
#2 D:\xampp\htdocs\policy-master\vendor\codeigniter4\framework\system\CodeIgniter.php(308): CodeIgniter\CodeIgniter->handleRequest(NULL, Object(Config\Cache), false)
#3 D:\xampp\htdocs\policy-master\index.php(84): CodeIgniter\CodeIgniter->run()
#4 {main}
CRITICAL - 2020-08-25 04:33:17 --> Undefined property: stdClass::$client_id
#0 D:\xampp\htdocs\policy-master\app\Controllers\Clients.php(62): CodeIgniter\Debug\Exceptions->errorHandler(8, 'Undefined prope...', 'D:\\xampp\\htdocs...', 62, Array)
#1 D:\xampp\htdocs\policy-master\vendor\codeigniter4\framework\system\CodeIgniter.php(914): App\Controllers\Clients->add()
#2 D:\xampp\htdocs\policy-master\vendor\codeigniter4\framework\system\CodeIgniter.php(400): CodeIgniter\CodeIgniter->runController(Object(App\Controllers\Clients))
#3 D:\xampp\htdocs\policy-master\vendor\codeigniter4\framework\system\CodeIgniter.php(308): CodeIgniter\CodeIgniter->handleRequest(NULL, Object(Config\Cache), false)
#4 D:\xampp\htdocs\policy-master\index.php(84): CodeIgniter\CodeIgniter->run()
#5 {main}
CRITICAL - 2020-08-25 04:34:57 --> Cannot use object of type CodeIgniter\Database\MySQLi\Result as array
#0 D:\xampp\htdocs\policy-master\vendor\codeigniter4\framework\system\CodeIgniter.php(914): App\Controllers\Clients->add()
#1 D:\xampp\htdocs\policy-master\vendor\codeigniter4\framework\system\CodeIgniter.php(400): CodeIgniter\CodeIgniter->runController(Object(App\Controllers\Clients))
#2 D:\xampp\htdocs\policy-master\vendor\codeigniter4\framework\system\CodeIgniter.php(308): CodeIgniter\CodeIgniter->handleRequest(NULL, Object(Config\Cache), false)
#3 D:\xampp\htdocs\policy-master\index.php(84): CodeIgniter\CodeIgniter->run()
#4 {main}
CRITICAL - 2020-08-25 04:38:58 --> You have an error in your SQL syntax; check the manual that corresponds to your MariaDB server version for the right syntax to use near '1
FROM `clients`
 LIMIT 1' at line 1
#0 D:\xampp\htdocs\policy-master\vendor\codeigniter4\framework\system\Database\MySQLi\Connection.php(331): mysqli->query('SELECT `client_...')
#1 D:\xampp\htdocs\policy-master\vendor\codeigniter4\framework\system\Database\BaseConnection.php(738): CodeIgniter\Database\MySQLi\Connection->execute('SELECT `client_...')
#2 D:\xampp\htdocs\policy-master\vendor\codeigniter4\framework\system\Database\BaseConnection.php(666): CodeIgniter\Database\BaseConnection->simpleQuery('SELECT `client_...')
#3 D:\xampp\htdocs\policy-master\vendor\codeigniter4\framework\system\Database\BaseBuilder.php(1845): CodeIgniter\Database\BaseConnection->query('SELECT `client_...', Array, false)
#4 D:\xampp\htdocs\policy-master\vendor\codeigniter4\framework\system\Model.php(489): CodeIgniter\Database\BaseBuilder->get()
#5 D:\xampp\htdocs\policy-master\app\Controllers\Clients.php(57): CodeIgniter\Model->first()
#6 D:\xampp\htdocs\policy-master\vendor\codeigniter4\framework\system\CodeIgniter.php(914): App\Controllers\Clients->add()
#7 D:\xampp\htdocs\policy-master\vendor\codeigniter4\framework\system\CodeIgniter.php(400): CodeIgniter\CodeIgniter->runController(Object(App\Controllers\Clients))
#8 D:\xampp\htdocs\policy-master\vendor\codeigniter4\framework\system\CodeIgniter.php(308): CodeIgniter\CodeIgniter->handleRequest(NULL, Object(Config\Cache), false)
#9 D:\xampp\htdocs\policy-master\index.php(84): CodeIgniter\CodeIgniter->run()
#10 {main}
CRITICAL - 2020-08-25 04:39:27 --> Unknown column 'client_id from clients order by created_at' in 'field list'
#0 D:\xampp\htdocs\policy-master\vendor\codeigniter4\framework\system\Database\MySQLi\Connection.php(331): mysqli->query('SELECT `client_...')
#1 D:\xampp\htdocs\policy-master\vendor\codeigniter4\framework\system\Database\BaseConnection.php(738): CodeIgniter\Database\MySQLi\Connection->execute('SELECT `client_...')
#2 D:\xampp\htdocs\policy-master\vendor\codeigniter4\framework\system\Database\BaseConnection.php(666): CodeIgniter\Database\BaseConnection->simpleQuery('SELECT `client_...')
#3 D:\xampp\htdocs\policy-master\vendor\codeigniter4\framework\system\Database\BaseBuilder.php(1845): CodeIgniter\Database\BaseConnection->query('SELECT `client_...', Array, false)
#4 D:\xampp\htdocs\policy-master\vendor\codeigniter4\framework\system\Model.php(489): CodeIgniter\Database\BaseBuilder->get()
#5 D:\xampp\htdocs\policy-master\app\Controllers\Clients.php(57): CodeIgniter\Model->first()
#6 D:\xampp\htdocs\policy-master\vendor\codeigniter4\framework\system\CodeIgniter.php(914): App\Controllers\Clients->add()
#7 D:\xampp\htdocs\policy-master\vendor\codeigniter4\framework\system\CodeIgniter.php(400): CodeIgniter\CodeIgniter->runController(Object(App\Controllers\Clients))
#8 D:\xampp\htdocs\policy-master\vendor\codeigniter4\framework\system\CodeIgniter.php(308): CodeIgniter\CodeIgniter->handleRequest(NULL, Object(Config\Cache), false)
#9 D:\xampp\htdocs\policy-master\index.php(84): CodeIgniter\CodeIgniter->run()
#10 {main}
CRITICAL - 2020-08-25 04:40:10 --> Unknown column 'client_id from clients order by created_at' in 'field list'
#0 D:\xampp\htdocs\policy-master\vendor\codeigniter4\framework\system\Database\MySQLi\Connection.php(331): mysqli->query('SELECT `client_...')
#1 D:\xampp\htdocs\policy-master\vendor\codeigniter4\framework\system\Database\BaseConnection.php(738): CodeIgniter\Database\MySQLi\Connection->execute('SELECT `client_...')
#2 D:\xampp\htdocs\policy-master\vendor\codeigniter4\framework\system\Database\BaseConnection.php(666): CodeIgniter\Database\BaseConnection->simpleQuery('SELECT `client_...')
#3 D:\xampp\htdocs\policy-master\vendor\codeigniter4\framework\system\Database\BaseBuilder.php(1845): CodeIgniter\Database\BaseConnection->query('SELECT `client_...', Array, false)
#4 D:\xampp\htdocs\policy-master\vendor\codeigniter4\framework\system\Model.php(489): CodeIgniter\Database\BaseBuilder->get()
#5 D:\xampp\htdocs\policy-master\app\Controllers\Clients.php(57): CodeIgniter\Model->first()
#6 D:\xampp\htdocs\policy-master\vendor\codeigniter4\framework\system\CodeIgniter.php(914): App\Controllers\Clients->add()
#7 D:\xampp\htdocs\policy-master\vendor\codeigniter4\framework\system\CodeIgniter.php(400): CodeIgniter\CodeIgniter->runController(Object(App\Controllers\Clients))
#8 D:\xampp\htdocs\policy-master\vendor\codeigniter4\framework\system\CodeIgniter.php(308): CodeIgniter\CodeIgniter->handleRequest(NULL, Object(Config\Cache), false)
#9 D:\xampp\htdocs\policy-master\index.php(84): CodeIgniter\CodeIgniter->run()
#10 {main}
CRITICAL - 2020-08-25 04:41:34 --> You have an error in your SQL syntax; check the manual that corresponds to your MariaDB server version for the right syntax to use near '''clients' order by created_at desc
FROM `clients`
 LIMIT 1' at line 1
#0 D:\xampp\htdocs\policy-master\vendor\codeigniter4\framework\system\Database\MySQLi\Connection.php(331): mysqli->query('SELECT client_i...')
#1 D:\xampp\htdocs\policy-master\vendor\codeigniter4\framework\system\Database\BaseConnection.php(738): CodeIgniter\Database\MySQLi\Connection->execute('SELECT client_i...')
#2 D:\xampp\htdocs\policy-master\vendor\codeigniter4\framework\system\Database\BaseConnection.php(666): CodeIgniter\Database\BaseConnection->simpleQuery('SELECT client_i...')
#3 D:\xampp\htdocs\policy-master\vendor\codeigniter4\framework\system\Database\BaseBuilder.php(1845): CodeIgniter\Database\BaseConnection->query('SELECT client_i...', Array, false)
#4 D:\xampp\htdocs\policy-master\vendor\codeigniter4\framework\system\Model.php(489): CodeIgniter\Database\BaseBuilder->get()
#5 D:\xampp\htdocs\policy-master\app\Controllers\Clients.php(57): CodeIgniter\Model->first()
#6 D:\xampp\htdocs\policy-master\vendor\codeigniter4\framework\system\CodeIgniter.php(914): App\Controllers\Clients->add()
#7 D:\xampp\htdocs\policy-master\vendor\codeigniter4\framework\system\CodeIgniter.php(400): CodeIgniter\CodeIgniter->runController(Object(App\Controllers\Clients))
#8 D:\xampp\htdocs\policy-master\vendor\codeigniter4\framework\system\CodeIgniter.php(308): CodeIgniter\CodeIgniter->handleRequest(NULL, Object(Config\Cache), false)
#9 D:\xampp\htdocs\policy-master\index.php(84): CodeIgniter\CodeIgniter->run()
#10 {main}
CRITICAL - 2020-08-25 04:42:01 --> You have an error in your SQL syntax; check the manual that corresponds to your MariaDB server version for the right syntax to use near '''clients' order_by created_at desc
FROM `clients`
 LIMIT 1' at line 1
#0 D:\xampp\htdocs\policy-master\vendor\codeigniter4\framework\system\Database\MySQLi\Connection.php(331): mysqli->query('SELECT client_i...')
#1 D:\xampp\htdocs\policy-master\vendor\codeigniter4\framework\system\Database\BaseConnection.php(738): CodeIgniter\Database\MySQLi\Connection->execute('SELECT client_i...')
#2 D:\xampp\htdocs\policy-master\vendor\codeigniter4\framework\system\Database\BaseConnection.php(666): CodeIgniter\Database\BaseConnection->simpleQuery('SELECT client_i...')
#3 D:\xampp\htdocs\policy-master\vendor\codeigniter4\framework\system\Database\BaseBuilder.php(1845): CodeIgniter\Database\BaseConnection->query('SELECT client_i...', Array, false)
#4 D:\xampp\htdocs\policy-master\vendor\codeigniter4\framework\system\Model.php(489): CodeIgniter\Database\BaseBuilder->get()
#5 D:\xampp\htdocs\policy-master\app\Controllers\Clients.php(57): CodeIgniter\Model->first()
#6 D:\xampp\htdocs\policy-master\vendor\codeigniter4\framework\system\CodeIgniter.php(914): App\Controllers\Clients->add()
#7 D:\xampp\htdocs\policy-master\vendor\codeigniter4\framework\system\CodeIgniter.php(400): CodeIgniter\CodeIgniter->runController(Object(App\Controllers\Clients))
#8 D:\xampp\htdocs\policy-master\vendor\codeigniter4\framework\system\CodeIgniter.php(308): CodeIgniter\CodeIgniter->handleRequest(NULL, Object(Config\Cache), false)
#9 D:\xampp\htdocs\policy-master\index.php(84): CodeIgniter\CodeIgniter->run()
#10 {main}
CRITICAL - 2020-08-25 04:42:14 --> You have an error in your SQL syntax; check the manual that corresponds to your MariaDB server version for the right syntax to use near '''clients' orderby created_at desc
FROM `clients`
 LIMIT 1' at line 1
#0 D:\xampp\htdocs\policy-master\vendor\codeigniter4\framework\system\Database\MySQLi\Connection.php(331): mysqli->query('SELECT client_i...')
#1 D:\xampp\htdocs\policy-master\vendor\codeigniter4\framework\system\Database\BaseConnection.php(738): CodeIgniter\Database\MySQLi\Connection->execute('SELECT client_i...')
#2 D:\xampp\htdocs\policy-master\vendor\codeigniter4\framework\system\Database\BaseConnection.php(666): CodeIgniter\Database\BaseConnection->simpleQuery('SELECT client_i...')
#3 D:\xampp\htdocs\policy-master\vendor\codeigniter4\framework\system\Database\BaseBuilder.php(1845): CodeIgniter\Database\BaseConnection->query('SELECT client_i...', Array, false)
#4 D:\xampp\htdocs\policy-master\vendor\codeigniter4\framework\system\Model.php(489): CodeIgniter\Database\BaseBuilder->get()
#5 D:\xampp\htdocs\policy-master\app\Controllers\Clients.php(57): CodeIgniter\Model->first()
#6 D:\xampp\htdocs\policy-master\vendor\codeigniter4\framework\system\CodeIgniter.php(914): App\Controllers\Clients->add()
#7 D:\xampp\htdocs\policy-master\vendor\codeigniter4\framework\system\CodeIgniter.php(400): CodeIgniter\CodeIgniter->runController(Object(App\Controllers\Clients))
#8 D:\xampp\htdocs\policy-master\vendor\codeigniter4\framework\system\CodeIgniter.php(308): CodeIgniter\CodeIgniter->handleRequest(NULL, Object(Config\Cache), false)
#9 D:\xampp\htdocs\policy-master\index.php(84): CodeIgniter\CodeIgniter->run()
#10 {main}
CRITICAL - 2020-08-25 04:43:30 --> Unknown column 'client_id form' in 'field list'
#0 D:\xampp\htdocs\policy-master\vendor\codeigniter4\framework\system\Database\MySQLi\Connection.php(331): mysqli->query('SELECT `client_...')
#1 D:\xampp\htdocs\policy-master\vendor\codeigniter4\framework\system\Database\BaseConnection.php(738): CodeIgniter\Database\MySQLi\Connection->execute('SELECT `client_...')
#2 D:\xampp\htdocs\policy-master\vendor\codeigniter4\framework\system\Database\BaseConnection.php(666): CodeIgniter\Database\BaseConnection->simpleQuery('SELECT `client_...')
#3 D:\xampp\htdocs\policy-master\vendor\codeigniter4\framework\system\Database\BaseBuilder.php(1845): CodeIgniter\Database\BaseConnection->query('SELECT `client_...', Array, false)
#4 D:\xampp\htdocs\policy-master\vendor\codeigniter4\framework\system\Model.php(445): CodeIgniter\Database\BaseBuilder->get()
#5 D:\xampp\htdocs\policy-master\app\Controllers\Clients.php(57): CodeIgniter\Model->findAll()
#6 D:\xampp\htdocs\policy-master\vendor\codeigniter4\framework\system\CodeIgniter.php(914): App\Controllers\Clients->add()
#7 D:\xampp\htdocs\policy-master\vendor\codeigniter4\framework\system\CodeIgniter.php(400): CodeIgniter\CodeIgniter->runController(Object(App\Controllers\Clients))
#8 D:\xampp\htdocs\policy-master\vendor\codeigniter4\framework\system\CodeIgniter.php(308): CodeIgniter\CodeIgniter->handleRequest(NULL, Object(Config\Cache), false)
#9 D:\xampp\htdocs\policy-master\index.php(84): CodeIgniter\CodeIgniter->run()
#10 {main}
CRITICAL - 2020-08-25 04:44:04 --> Unknown column 'client_id from' in 'field list'
#0 D:\xampp\htdocs\policy-master\vendor\codeigniter4\framework\system\Database\MySQLi\Connection.php(331): mysqli->query('SELECT `client_...')
#1 D:\xampp\htdocs\policy-master\vendor\codeigniter4\framework\system\Database\BaseConnection.php(738): CodeIgniter\Database\MySQLi\Connection->execute('SELECT `client_...')
#2 D:\xampp\htdocs\policy-master\vendor\codeigniter4\framework\system\Database\BaseConnection.php(666): CodeIgniter\Database\BaseConnection->simpleQuery('SELECT `client_...')
#3 D:\xampp\htdocs\policy-master\vendor\codeigniter4\framework\system\Database\BaseBuilder.php(1845): CodeIgniter\Database\BaseConnection->query('SELECT `client_...', Array, false)
#4 D:\xampp\htdocs\policy-master\vendor\codeigniter4\framework\system\Model.php(445): CodeIgniter\Database\BaseBuilder->get()
#5 D:\xampp\htdocs\policy-master\app\Controllers\Clients.php(57): CodeIgniter\Model->findAll()
#6 D:\xampp\htdocs\policy-master\vendor\codeigniter4\framework\system\CodeIgniter.php(914): App\Controllers\Clients->add()
#7 D:\xampp\htdocs\policy-master\vendor\codeigniter4\framework\system\CodeIgniter.php(400): CodeIgniter\CodeIgniter->runController(Object(App\Controllers\Clients))
#8 D:\xampp\htdocs\policy-master\vendor\codeigniter4\framework\system\CodeIgniter.php(308): CodeIgniter\CodeIgniter->handleRequest(NULL, Object(Config\Cache), false)
#9 D:\xampp\htdocs\policy-master\index.php(84): CodeIgniter\CodeIgniter->run()
#10 {main}
CRITICAL - 2020-08-25 04:44:19 --> Unknown column 'id from' in 'field list'
#0 D:\xampp\htdocs\policy-master\vendor\codeigniter4\framework\system\Database\MySQLi\Connection.php(331): mysqli->query('SELECT `id from...')
#1 D:\xampp\htdocs\policy-master\vendor\codeigniter4\framework\system\Database\BaseConnection.php(738): CodeIgniter\Database\MySQLi\Connection->execute('SELECT `id from...')
#2 D:\xampp\htdocs\policy-master\vendor\codeigniter4\framework\system\Database\BaseConnection.php(666): CodeIgniter\Database\BaseConnection->simpleQuery('SELECT `id from...')
#3 D:\xampp\htdocs\policy-master\vendor\codeigniter4\framework\system\Database\BaseBuilder.php(1845): CodeIgniter\Database\BaseConnection->query('SELECT `id from...', Array, false)
#4 D:\xampp\htdocs\policy-master\vendor\codeigniter4\framework\system\Model.php(445): CodeIgniter\Database\BaseBuilder->get()
#5 D:\xampp\htdocs\policy-master\app\Controllers\Clients.php(57): CodeIgniter\Model->findAll()
#6 D:\xampp\htdocs\policy-master\vendor\codeigniter4\framework\system\CodeIgniter.php(914): App\Controllers\Clients->add()
#7 D:\xampp\htdocs\policy-master\vendor\codeigniter4\framework\system\CodeIgniter.php(400): CodeIgniter\CodeIgniter->runController(Object(App\Controllers\Clients))
#8 D:\xampp\htdocs\policy-master\vendor\codeigniter4\framework\system\CodeIgniter.php(308): CodeIgniter\CodeIgniter->handleRequest(NULL, Object(Config\Cache), false)
#9 D:\xampp\htdocs\policy-master\index.php(84): CodeIgniter\CodeIgniter->run()
#10 {main}
CRITICAL - 2020-08-25 04:45:52 --> Use of undefined constant DESC - assumed 'DESC' (this will throw an Error in a future version of PHP)
#0 D:\xampp\htdocs\policy-master\app\Controllers\Clients.php(57): CodeIgniter\Debug\Exceptions->errorHandler(2, 'Use of undefine...', 'D:\\xampp\\htdocs...', 57, Array)
#1 D:\xampp\htdocs\policy-master\vendor\codeigniter4\framework\system\CodeIgniter.php(914): App\Controllers\Clients->add()
#2 D:\xampp\htdocs\policy-master\vendor\codeigniter4\framework\system\CodeIgniter.php(400): CodeIgniter\CodeIgniter->runController(Object(App\Controllers\Clients))
#3 D:\xampp\htdocs\policy-master\vendor\codeigniter4\framework\system\CodeIgniter.php(308): CodeIgniter\CodeIgniter->handleRequest(NULL, Object(Config\Cache), false)
#4 D:\xampp\htdocs\policy-master\index.php(84): CodeIgniter\CodeIgniter->run()
#5 {main}
CRITICAL - 2020-08-25 04:47:07 --> Call to a member function Limit() on array
#0 D:\xampp\htdocs\policy-master\vendor\codeigniter4\framework\system\CodeIgniter.php(914): App\Controllers\Clients->add()
#1 D:\xampp\htdocs\policy-master\vendor\codeigniter4\framework\system\CodeIgniter.php(400): CodeIgniter\CodeIgniter->runController(Object(App\Controllers\Clients))
#2 D:\xampp\htdocs\policy-master\vendor\codeigniter4\framework\system\CodeIgniter.php(308): CodeIgniter\CodeIgniter->handleRequest(NULL, Object(Config\Cache), false)
#3 D:\xampp\htdocs\policy-master\index.php(84): CodeIgniter\CodeIgniter->run()
#4 {main}
CRITICAL - 2020-08-25 04:47:21 --> Call to a member function Limit() on array
#0 D:\xampp\htdocs\policy-master\vendor\codeigniter4\framework\system\CodeIgniter.php(914): App\Controllers\Clients->add()
#1 D:\xampp\htdocs\policy-master\vendor\codeigniter4\framework\system\CodeIgniter.php(400): CodeIgniter\CodeIgniter->runController(Object(App\Controllers\Clients))
#2 D:\xampp\htdocs\policy-master\vendor\codeigniter4\framework\system\CodeIgniter.php(308): CodeIgniter\CodeIgniter->handleRequest(NULL, Object(Config\Cache), false)
#3 D:\xampp\htdocs\policy-master\index.php(84): CodeIgniter\CodeIgniter->run()
#4 {main}
CRITICAL - 2020-08-25 04:51:22 --> Call to a member function limit() on array
#0 D:\xampp\htdocs\policy-master\vendor\codeigniter4\framework\system\CodeIgniter.php(914): App\Controllers\Clients->add()
#1 D:\xampp\htdocs\policy-master\vendor\codeigniter4\framework\system\CodeIgniter.php(400): CodeIgniter\CodeIgniter->runController(Object(App\Controllers\Clients))
#2 D:\xampp\htdocs\policy-master\vendor\codeigniter4\framework\system\CodeIgniter.php(308): CodeIgniter\CodeIgniter->handleRequest(NULL, Object(Config\Cache), false)
#3 D:\xampp\htdocs\policy-master\index.php(84): CodeIgniter\CodeIgniter->run()
#4 {main}
CRITICAL - 2020-08-25 05:04:34 --> Column 'fk_idproof_type_id' cannot be null
#0 D:\xampp\htdocs\policy-master\vendor\codeigniter4\framework\system\Database\MySQLi\Connection.php(331): mysqli->query('INSERT INTO `cl...')
#1 D:\xampp\htdocs\policy-master\vendor\codeigniter4\framework\system\Database\BaseConnection.php(738): CodeIgniter\Database\MySQLi\Connection->execute('INSERT INTO `cl...')
#2 D:\xampp\htdocs\policy-master\vendor\codeigniter4\framework\system\Database\BaseConnection.php(666): CodeIgniter\Database\BaseConnection->simpleQuery('INSERT INTO `cl...')
#3 D:\xampp\htdocs\policy-master\vendor\codeigniter4\framework\system\Database\BaseBuilder.php(2234): CodeIgniter\Database\BaseConnection->query('INSERT INTO `cl...', Array, false)
#4 D:\xampp\htdocs\policy-master\vendor\codeigniter4\framework\system\Model.php(729): CodeIgniter\Database\BaseBuilder->insert()
#5 D:\xampp\htdocs\policy-master\app\Controllers\Clients.php(95): CodeIgniter\Model->insert(Array)
#6 D:\xampp\htdocs\policy-master\vendor\codeigniter4\framework\system\CodeIgniter.php(914): App\Controllers\Clients->add()
#7 D:\xampp\htdocs\policy-master\vendor\codeigniter4\framework\system\CodeIgniter.php(400): CodeIgniter\CodeIgniter->runController(Object(App\Controllers\Clients))
#8 D:\xampp\htdocs\policy-master\vendor\codeigniter4\framework\system\CodeIgniter.php(308): CodeIgniter\CodeIgniter->handleRequest(NULL, Object(Config\Cache), false)
#9 D:\xampp\htdocs\policy-master\index.php(84): CodeIgniter\CodeIgniter->run()
#10 {main}
CRITICAL - 2020-08-25 05:33:27 --> Class 'App\Models\ClientAccessModel' not found
#0 D:\xampp\htdocs\policy-master\vendor\codeigniter4\framework\system\CodeIgniter.php(914): App\Controllers\ClientAccess->index()
#1 D:\xampp\htdocs\policy-master\vendor\codeigniter4\framework\system\CodeIgniter.php(400): CodeIgniter\CodeIgniter->runController(Object(App\Controllers\ClientAccess))
#2 D:\xampp\htdocs\policy-master\vendor\codeigniter4\framework\system\CodeIgniter.php(308): CodeIgniter\CodeIgniter->handleRequest(NULL, Object(Config\Cache), false)
#3 D:\xampp\htdocs\policy-master\index.php(84): CodeIgniter\CodeIgniter->run()
#4 {main}
CRITICAL - 2020-08-25 05:41:52 --> Undefined variable: insuranceclass
#0 D:\xampp\htdocs\policy-master\app\Views\insuranceaccess\add.php(49): CodeIgniter\Debug\Exceptions->errorHandler(8, 'Undefined varia...', 'D:\\xampp\\htdocs...', 49, Array)
#1 D:\xampp\htdocs\policy-master\vendor\codeigniter4\framework\system\View\View.php(246): include('D:\\xampp\\htdocs...')
#2 D:\xampp\htdocs\policy-master\vendor\codeigniter4\framework\system\Common.php(1087): CodeIgniter\View\View->render('insuranceaccess...', Array, true)
#3 D:\xampp\htdocs\policy-master\app\Controllers\BaseController.php(60): view('insuranceaccess...', Array)
#4 D:\xampp\htdocs\policy-master\app\Controllers\ClientAccess.php(40): App\Controllers\BaseController->render_page('insuranceaccess...', Array)
#5 D:\xampp\htdocs\policy-master\vendor\codeigniter4\framework\system\CodeIgniter.php(914): App\Controllers\ClientAccess->create()
#6 D:\xampp\htdocs\policy-master\vendor\codeigniter4\framework\system\CodeIgniter.php(400): CodeIgniter\CodeIgniter->runController(Object(App\Controllers\ClientAccess))
#7 D:\xampp\htdocs\policy-master\vendor\codeigniter4\framework\system\CodeIgniter.php(308): CodeIgniter\CodeIgniter->handleRequest(NULL, Object(Config\Cache), false)
#8 D:\xampp\htdocs\policy-master\index.php(84): CodeIgniter\CodeIgniter->run()
#9 {main}
CRITICAL - 2020-08-25 05:52:07 --> Undefined variable: insuranceclass
#0 D:\xampp\htdocs\policy-master\app\Views\insuranceaccess\add.php(49): CodeIgniter\Debug\Exceptions->errorHandler(8, 'Undefined varia...', 'D:\\xampp\\htdocs...', 49, Array)
#1 D:\xampp\htdocs\policy-master\vendor\codeigniter4\framework\system\View\View.php(246): include('D:\\xampp\\htdocs...')
#2 D:\xampp\htdocs\policy-master\vendor\codeigniter4\framework\system\Common.php(1087): CodeIgniter\View\View->render('insuranceaccess...', Array, true)
#3 D:\xampp\htdocs\policy-master\app\Controllers\BaseController.php(60): view('insuranceaccess...', Array)
#4 D:\xampp\htdocs\policy-master\app\Controllers\ClientAccess.php(40): App\Controllers\BaseController->render_page('insuranceaccess...', Array)
#5 D:\xampp\htdocs\policy-master\vendor\codeigniter4\framework\system\CodeIgniter.php(914): App\Controllers\ClientAccess->create()
#6 D:\xampp\htdocs\policy-master\vendor\codeigniter4\framework\system\CodeIgniter.php(400): CodeIgniter\CodeIgniter->runController(Object(App\Controllers\ClientAccess))
#7 D:\xampp\htdocs\policy-master\vendor\codeigniter4\framework\system\CodeIgniter.php(308): CodeIgniter\CodeIgniter->handleRequest(NULL, Object(Config\Cache), false)
#8 D:\xampp\htdocs\policy-master\index.php(84): CodeIgniter\CodeIgniter->run()
#9 {main}
CRITICAL - 2020-08-25 05:52:35 --> Undefined variable: insuranceclass
#0 D:\xampp\htdocs\policy-master\app\Views\insuranceaccess\add.php(49): CodeIgniter\Debug\Exceptions->errorHandler(8, 'Undefined varia...', 'D:\\xampp\\htdocs...', 49, Array)
#1 D:\xampp\htdocs\policy-master\vendor\codeigniter4\framework\system\View\View.php(246): include('D:\\xampp\\htdocs...')
#2 D:\xampp\htdocs\policy-master\vendor\codeigniter4\framework\system\Common.php(1087): CodeIgniter\View\View->render('insuranceaccess...', Array, true)
#3 D:\xampp\htdocs\policy-master\app\Controllers\BaseController.php(60): view('insuranceaccess...', Array)
#4 D:\xampp\htdocs\policy-master\app\Controllers\ClientAccess.php(40): App\Controllers\BaseController->render_page('insuranceaccess...', Array)
#5 D:\xampp\htdocs\policy-master\vendor\codeigniter4\framework\system\CodeIgniter.php(914): App\Controllers\ClientAccess->create()
#6 D:\xampp\htdocs\policy-master\vendor\codeigniter4\framework\system\CodeIgniter.php(400): CodeIgniter\CodeIgniter->runController(Object(App\Controllers\ClientAccess))
#7 D:\xampp\htdocs\policy-master\vendor\codeigniter4\framework\system\CodeIgniter.php(308): CodeIgniter\CodeIgniter->handleRequest(NULL, Object(Config\Cache), false)
#8 D:\xampp\htdocs\policy-master\index.php(84): CodeIgniter\CodeIgniter->run()
#9 {main}
CRITICAL - 2020-08-25 05:52:53 --> Undefined variable: insuranceclass
#0 D:\xampp\htdocs\policy-master\app\Views\insuranceaccess\add.php(49): CodeIgniter\Debug\Exceptions->errorHandler(8, 'Undefined varia...', 'D:\\xampp\\htdocs...', 49, Array)
#1 D:\xampp\htdocs\policy-master\vendor\codeigniter4\framework\system\View\View.php(246): include('D:\\xampp\\htdocs...')
#2 D:\xampp\htdocs\policy-master\vendor\codeigniter4\framework\system\Common.php(1087): CodeIgniter\View\View->render('insuranceaccess...', Array, true)
#3 D:\xampp\htdocs\policy-master\app\Controllers\BaseController.php(60): view('insuranceaccess...', Array)
#4 D:\xampp\htdocs\policy-master\app\Controllers\ClientAccess.php(40): App\Controllers\BaseController->render_page('insuranceaccess...', Array)
#5 D:\xampp\htdocs\policy-master\vendor\codeigniter4\framework\system\CodeIgniter.php(914): App\Controllers\ClientAccess->create()
#6 D:\xampp\htdocs\policy-master\vendor\codeigniter4\framework\system\CodeIgniter.php(400): CodeIgniter\CodeIgniter->runController(Object(App\Controllers\ClientAccess))
#7 D:\xampp\htdocs\policy-master\vendor\codeigniter4\framework\system\CodeIgniter.php(308): CodeIgniter\CodeIgniter->handleRequest(NULL, Object(Config\Cache), false)
#8 D:\xampp\htdocs\policy-master\index.php(84): CodeIgniter\CodeIgniter->run()
#9 {main}
CRITICAL - 2020-08-25 05:53:10 --> Undefined variable: insuranceclass
#0 D:\xampp\htdocs\policy-master\app\Views\insuranceaccess\add.php(49): CodeIgniter\Debug\Exceptions->errorHandler(8, 'Undefined varia...', 'D:\\xampp\\htdocs...', 49, Array)
#1 D:\xampp\htdocs\policy-master\vendor\codeigniter4\framework\system\View\View.php(246): include('D:\\xampp\\htdocs...')
#2 D:\xampp\htdocs\policy-master\vendor\codeigniter4\framework\system\Common.php(1087): CodeIgniter\View\View->render('insuranceaccess...', Array, true)
#3 D:\xampp\htdocs\policy-master\app\Controllers\BaseController.php(60): view('insuranceaccess...', Array)
#4 D:\xampp\htdocs\policy-master\app\Controllers\ClientAccess.php(40): App\Controllers\BaseController->render_page('insuranceaccess...', Array)
#5 D:\xampp\htdocs\policy-master\vendor\codeigniter4\framework\system\CodeIgniter.php(914): App\Controllers\ClientAccess->create()
#6 D:\xampp\htdocs\policy-master\vendor\codeigniter4\framework\system\CodeIgniter.php(400): CodeIgniter\CodeIgniter->runController(Object(App\Controllers\ClientAccess))
#7 D:\xampp\htdocs\policy-master\vendor\codeigniter4\framework\system\CodeIgniter.php(308): CodeIgniter\CodeIgniter->handleRequest(NULL, Object(Config\Cache), false)
#8 D:\xampp\htdocs\policy-master\index.php(84): CodeIgniter\CodeIgniter->run()
#9 {main}
CRITICAL - 2020-08-25 05:53:21 --> Undefined variable: insuranceclass
#0 D:\xampp\htdocs\policy-master\app\Views\insuranceaccess\add.php(49): CodeIgniter\Debug\Exceptions->errorHandler(8, 'Undefined varia...', 'D:\\xampp\\htdocs...', 49, Array)
#1 D:\xampp\htdocs\policy-master\vendor\codeigniter4\framework\system\View\View.php(246): include('D:\\xampp\\htdocs...')
#2 D:\xampp\htdocs\policy-master\vendor\codeigniter4\framework\system\Common.php(1087): CodeIgniter\View\View->render('insuranceaccess...', Array, true)
#3 D:\xampp\htdocs\policy-master\app\Controllers\BaseController.php(60): view('insuranceaccess...', Array)
#4 D:\xampp\htdocs\policy-master\app\Controllers\ClientAccess.php(40): App\Controllers\BaseController->render_page('insuranceaccess...', Array)
#5 D:\xampp\htdocs\policy-master\vendor\codeigniter4\framework\system\CodeIgniter.php(914): App\Controllers\ClientAccess->create()
#6 D:\xampp\htdocs\policy-master\vendor\codeigniter4\framework\system\CodeIgniter.php(400): CodeIgniter\CodeIgniter->runController(Object(App\Controllers\ClientAccess))
#7 D:\xampp\htdocs\policy-master\vendor\codeigniter4\framework\system\CodeIgniter.php(308): CodeIgniter\CodeIgniter->handleRequest(NULL, Object(Config\Cache), false)
#8 D:\xampp\htdocs\policy-master\index.php(84): CodeIgniter\CodeIgniter->run()
#9 {main}
CRITICAL - 2020-08-25 06:04:56 --> Call to undefined function App\Controllers\ClientModel()
#0 D:\xampp\htdocs\policy-master\vendor\codeigniter4\framework\system\CodeIgniter.php(914): App\Controllers\ClientAccess->create()
#1 D:\xampp\htdocs\policy-master\vendor\codeigniter4\framework\system\CodeIgniter.php(400): CodeIgniter\CodeIgniter->runController(Object(App\Controllers\ClientAccess))
#2 D:\xampp\htdocs\policy-master\vendor\codeigniter4\framework\system\CodeIgniter.php(308): CodeIgniter\CodeIgniter->handleRequest(NULL, Object(Config\Cache), false)
#3 D:\xampp\htdocs\policy-master\index.php(84): CodeIgniter\CodeIgniter->run()
#4 {main}
CRITICAL - 2020-08-25 06:05:26 --> Call to undefined function App\Controllers\ClientsModel()
#0 D:\xampp\htdocs\policy-master\vendor\codeigniter4\framework\system\CodeIgniter.php(914): App\Controllers\ClientAccess->create()
#1 D:\xampp\htdocs\policy-master\vendor\codeigniter4\framework\system\CodeIgniter.php(400): CodeIgniter\CodeIgniter->runController(Object(App\Controllers\ClientAccess))
#2 D:\xampp\htdocs\policy-master\vendor\codeigniter4\framework\system\CodeIgniter.php(308): CodeIgniter\CodeIgniter->handleRequest(NULL, Object(Config\Cache), false)
#3 D:\xampp\htdocs\policy-master\index.php(84): CodeIgniter\CodeIgniter->run()
#4 {main}
CRITICAL - 2020-08-25 06:06:00 --> Call to undefined function App\Controllers\ClientModel()
#0 D:\xampp\htdocs\policy-master\vendor\codeigniter4\framework\system\CodeIgniter.php(914): App\Controllers\ClientAccess->create()
#1 D:\xampp\htdocs\policy-master\vendor\codeigniter4\framework\system\CodeIgniter.php(400): CodeIgniter\CodeIgniter->runController(Object(App\Controllers\ClientAccess))
#2 D:\xampp\htdocs\policy-master\vendor\codeigniter4\framework\system\CodeIgniter.php(308): CodeIgniter\CodeIgniter->handleRequest(NULL, Object(Config\Cache), false)
#3 D:\xampp\htdocs\policy-master\index.php(84): CodeIgniter\CodeIgniter->run()
#4 {main}
CRITICAL - 2020-08-25 06:06:07 --> Call to undefined function App\Controllers\ClientModel()
#0 D:\xampp\htdocs\policy-master\vendor\codeigniter4\framework\system\CodeIgniter.php(914): App\Controllers\ClientAccess->create()
#1 D:\xampp\htdocs\policy-master\vendor\codeigniter4\framework\system\CodeIgniter.php(400): CodeIgniter\CodeIgniter->runController(Object(App\Controllers\ClientAccess))
#2 D:\xampp\htdocs\policy-master\vendor\codeigniter4\framework\system\CodeIgniter.php(308): CodeIgniter\CodeIgniter->handleRequest(NULL, Object(Config\Cache), false)
#3 D:\xampp\htdocs\policy-master\index.php(84): CodeIgniter\CodeIgniter->run()
#4 {main}
CRITICAL - 2020-08-25 06:07:08 --> Call to undefined function App\Controllers\ClientModel()
#0 D:\xampp\htdocs\policy-master\vendor\codeigniter4\framework\system\CodeIgniter.php(914): App\Controllers\ClientAccess->create()
#1 D:\xampp\htdocs\policy-master\vendor\codeigniter4\framework\system\CodeIgniter.php(400): CodeIgniter\CodeIgniter->runController(Object(App\Controllers\ClientAccess))
#2 D:\xampp\htdocs\policy-master\vendor\codeigniter4\framework\system\CodeIgniter.php(308): CodeIgniter\CodeIgniter->handleRequest(NULL, Object(Config\Cache), false)
#3 D:\xampp\htdocs\policy-master\index.php(84): CodeIgniter\CodeIgniter->run()
#4 {main}
CRITICAL - 2020-08-25 06:09:11 --> Undefined variable: insurancemodel
#0 D:\xampp\htdocs\policy-master\app\Controllers\ClientAccess.php(58): CodeIgniter\Debug\Exceptions->errorHandler(8, 'Undefined varia...', 'D:\\xampp\\htdocs...', 58, Array)
#1 D:\xampp\htdocs\policy-master\vendor\codeigniter4\framework\system\CodeIgniter.php(914): App\Controllers\ClientAccess->store()
#2 D:\xampp\htdocs\policy-master\vendor\codeigniter4\framework\system\CodeIgniter.php(400): CodeIgniter\CodeIgniter->runController(Object(App\Controllers\ClientAccess))
#3 D:\xampp\htdocs\policy-master\vendor\codeigniter4\framework\system\CodeIgniter.php(308): CodeIgniter\CodeIgniter->handleRequest(NULL, Object(Config\Cache), false)
#4 D:\xampp\htdocs\policy-master\index.php(84): CodeIgniter\CodeIgniter->run()
#5 {main}
CRITICAL - 2020-08-25 06:13:49 --> Undefined variable: lists
#0 D:\xampp\htdocs\policy-master\app\Views\clientaccess\add.php(80): CodeIgniter\Debug\Exceptions->errorHandler(8, 'Undefined varia...', 'D:\\xampp\\htdocs...', 80, Array)
#1 D:\xampp\htdocs\policy-master\vendor\codeigniter4\framework\system\View\View.php(246): include('D:\\xampp\\htdocs...')
#2 D:\xampp\htdocs\policy-master\vendor\codeigniter4\framework\system\Common.php(1087): CodeIgniter\View\View->render('clientaccess/ad...', Array, true)
#3 D:\xampp\htdocs\policy-master\app\Controllers\BaseController.php(60): view('clientaccess/ad...', Array)
#4 D:\xampp\htdocs\policy-master\app\Controllers\ClientAccess.php(44): App\Controllers\BaseController->render_page('clientaccess/ad...', Array)
#5 D:\xampp\htdocs\policy-master\vendor\codeigniter4\framework\system\CodeIgniter.php(914): App\Controllers\ClientAccess->create()
#6 D:\xampp\htdocs\policy-master\vendor\codeigniter4\framework\system\CodeIgniter.php(400): CodeIgniter\CodeIgniter->runController(Object(App\Controllers\ClientAccess))
#7 D:\xampp\htdocs\policy-master\vendor\codeigniter4\framework\system\CodeIgniter.php(308): CodeIgniter\CodeIgniter->handleRequest(NULL, Object(Config\Cache), false)
#8 D:\xampp\htdocs\policy-master\index.php(84): CodeIgniter\CodeIgniter->run()
#9 {main}
CRITICAL - 2020-08-25 06:32:18 --> Undefined variable: insurancemodel
#0 D:\xampp\htdocs\policy-master\app\Controllers\ClientAccess.php(58): CodeIgniter\Debug\Exceptions->errorHandler(8, 'Undefined varia...', 'D:\\xampp\\htdocs...', 58, Array)
#1 D:\xampp\htdocs\policy-master\vendor\codeigniter4\framework\system\CodeIgniter.php(914): App\Controllers\ClientAccess->store()
#2 D:\xampp\htdocs\policy-master\vendor\codeigniter4\framework\system\CodeIgniter.php(400): CodeIgniter\CodeIgniter->runController(Object(App\Controllers\ClientAccess))
#3 D:\xampp\htdocs\policy-master\vendor\codeigniter4\framework\system\CodeIgniter.php(308): CodeIgniter\CodeIgniter->handleRequest(NULL, Object(Config\Cache), false)
#4 D:\xampp\htdocs\policy-master\index.php(84): CodeIgniter\CodeIgniter->run()
#5 {main}
CRITICAL - 2020-08-25 07:09:22 --> Undefined index: fk_insurance_class_id
#0 D:\xampp\htdocs\policy-master\app\Views\insuranceaccess\edit.php(51): CodeIgniter\Debug\Exceptions->errorHandler(8, 'Undefined index...', 'D:\\xampp\\htdocs...', 51, Array)
#1 D:\xampp\htdocs\policy-master\vendor\codeigniter4\framework\system\View\View.php(246): include('D:\\xampp\\htdocs...')
#2 D:\xampp\htdocs\policy-master\vendor\codeigniter4\framework\system\Common.php(1087): CodeIgniter\View\View->render('insuranceaccess...', Array, true)
#3 D:\xampp\htdocs\policy-master\app\Controllers\BaseController.php(60): view('insuranceaccess...', Array)
#4 D:\xampp\htdocs\policy-master\app\Controllers\ClientAccess.php(111): App\Controllers\BaseController->render_page('insuranceaccess...', Array)
#5 D:\xampp\htdocs\policy-master\vendor\codeigniter4\framework\system\CodeIgniter.php(914): App\Controllers\ClientAccess->update()
#6 D:\xampp\htdocs\policy-master\vendor\codeigniter4\framework\system\CodeIgniter.php(400): CodeIgniter\CodeIgniter->runController(Object(App\Controllers\ClientAccess))
#7 D:\xampp\htdocs\policy-master\vendor\codeigniter4\framework\system\CodeIgniter.php(308): CodeIgniter\CodeIgniter->handleRequest(NULL, Object(Config\Cache), false)
#8 D:\xampp\htdocs\policy-master\index.php(84): CodeIgniter\CodeIgniter->run()
#9 {main}
CRITICAL - 2020-08-25 07:51:50 --> Illegal string offset 'assigned_client_id'
#0 D:\xampp\htdocs\policy-master\app\Controllers\ClientAccess.php(93): CodeIgniter\Debug\Exceptions->errorHandler(2, 'Illegal string ...', 'D:\\xampp\\htdocs...', 93, Array)
#1 D:\xampp\htdocs\policy-master\vendor\codeigniter4\framework\system\CodeIgniter.php(914): App\Controllers\ClientAccess->edit('1')
#2 D:\xampp\htdocs\policy-master\vendor\codeigniter4\framework\system\CodeIgniter.php(400): CodeIgniter\CodeIgniter->runController(Object(App\Controllers\ClientAccess))
#3 D:\xampp\htdocs\policy-master\vendor\codeigniter4\framework\system\CodeIgniter.php(308): CodeIgniter\CodeIgniter->handleRequest(NULL, Object(Config\Cache), false)
#4 D:\xampp\htdocs\policy-master\index.php(84): CodeIgniter\CodeIgniter->run()
#5 {main}
CRITICAL - 2020-08-25 07:56:16 --> syntax error, unexpected '$clientmodel' (T_VARIABLE)
#0 D:\xampp\htdocs\policy-master\vendor\codeigniter4\framework\system\Router\Router.php(192): CodeIgniter\Router\Router->autoRoute('/clientaccess/e...')
#1 D:\xampp\htdocs\policy-master\vendor\codeigniter4\framework\system\CodeIgniter.php(789): CodeIgniter\Router\Router->handle('/clientaccess/e...')
#2 D:\xampp\htdocs\policy-master\vendor\codeigniter4\framework\system\CodeIgniter.php(360): CodeIgniter\CodeIgniter->tryToRouteIt(Object(CodeIgniter\Router\RouteCollection))
#3 D:\xampp\htdocs\policy-master\vendor\codeigniter4\framework\system\CodeIgniter.php(308): CodeIgniter\CodeIgniter->handleRequest(NULL, Object(Config\Cache), false)
#4 D:\xampp\htdocs\policy-master\index.php(84): CodeIgniter\CodeIgniter->run()
#5 {main}
CRITICAL - 2020-08-25 08:00:57 --> Undefined variable: info
#0 D:\xampp\htdocs\policy-master\app\Controllers\ClientAccess.php(91): CodeIgniter\Debug\Exceptions->errorHandler(8, 'Undefined varia...', 'D:\\xampp\\htdocs...', 91, Array)
#1 D:\xampp\htdocs\policy-master\vendor\codeigniter4\framework\system\CodeIgniter.php(914): App\Controllers\ClientAccess->edit('1')
#2 D:\xampp\htdocs\policy-master\vendor\codeigniter4\framework\system\CodeIgniter.php(400): CodeIgniter\CodeIgniter->runController(Object(App\Controllers\ClientAccess))
#3 D:\xampp\htdocs\policy-master\vendor\codeigniter4\framework\system\CodeIgniter.php(308): CodeIgniter\CodeIgniter->handleRequest(NULL, Object(Config\Cache), false)
#4 D:\xampp\htdocs\policy-master\index.php(84): CodeIgniter\CodeIgniter->run()
#5 {main}
CRITICAL - 2020-08-25 08:05:32 --> Uninitialized string offset: 0
#0 D:\xampp\htdocs\policy-master\app\Controllers\ClientAccess.php(94): CodeIgniter\Debug\Exceptions->errorHandler(8, 'Uninitialized s...', 'D:\\xampp\\htdocs...', 94, Array)
#1 D:\xampp\htdocs\policy-master\vendor\codeigniter4\framework\system\CodeIgniter.php(914): App\Controllers\ClientAccess->edit('dist', 'img', 'user1-128x128.j...')
#2 D:\xampp\htdocs\policy-master\vendor\codeigniter4\framework\system\CodeIgniter.php(400): CodeIgniter\CodeIgniter->runController(Object(App\Controllers\ClientAccess))
#3 D:\xampp\htdocs\policy-master\vendor\codeigniter4\framework\system\CodeIgniter.php(308): CodeIgniter\CodeIgniter->handleRequest(NULL, Object(Config\Cache), false)
#4 D:\xampp\htdocs\policy-master\index.php(84): CodeIgniter\CodeIgniter->run()
#5 {main}
CRITICAL - 2020-08-25 08:05:32 --> Uninitialized string offset: 0
#0 D:\xampp\htdocs\policy-master\app\Controllers\ClientAccess.php(94): CodeIgniter\Debug\Exceptions->errorHandler(8, 'Uninitialized s...', 'D:\\xampp\\htdocs...', 94, Array)
#1 D:\xampp\htdocs\policy-master\vendor\codeigniter4\framework\system\CodeIgniter.php(914): App\Controllers\ClientAccess->edit('dist', 'img', 'user8-128x128.j...')
#2 D:\xampp\htdocs\policy-master\vendor\codeigniter4\framework\system\CodeIgniter.php(400): CodeIgniter\CodeIgniter->runController(Object(App\Controllers\ClientAccess))
#3 D:\xampp\htdocs\policy-master\vendor\codeigniter4\framework\system\CodeIgniter.php(308): CodeIgniter\CodeIgniter->handleRequest(NULL, Object(Config\Cache), false)
#4 D:\xampp\htdocs\policy-master\index.php(84): CodeIgniter\CodeIgniter->run()
#5 {main}
CRITICAL - 2020-08-25 08:05:32 --> Uninitialized string offset: 0
#0 D:\xampp\htdocs\policy-master\app\Controllers\ClientAccess.php(94): CodeIgniter\Debug\Exceptions->errorHandler(8, 'Uninitialized s...', 'D:\\xampp\\htdocs...', 94, Array)
#1 D:\xampp\htdocs\policy-master\vendor\codeigniter4\framework\system\CodeIgniter.php(914): App\Controllers\ClientAccess->edit('dist', 'img', 'user3-128x128.j...')
#2 D:\xampp\htdocs\policy-master\vendor\codeigniter4\framework\system\CodeIgniter.php(400): CodeIgniter\CodeIgniter->runController(Object(App\Controllers\ClientAccess))
#3 D:\xampp\htdocs\policy-master\vendor\codeigniter4\framework\system\CodeIgniter.php(308): CodeIgniter\CodeIgniter->handleRequest(NULL, Object(Config\Cache), false)
#4 D:\xampp\htdocs\policy-master\index.php(84): CodeIgniter\CodeIgniter->run()
#5 {main}
CRITICAL - 2020-08-25 08:07:19 --> Uninitialized string offset: 0
#0 D:\xampp\htdocs\policy-master\app\Controllers\ClientAccess.php(94): CodeIgniter\Debug\Exceptions->errorHandler(8, 'Uninitialized s...', 'D:\\xampp\\htdocs...', 94, Array)
#1 D:\xampp\htdocs\policy-master\vendor\codeigniter4\framework\system\CodeIgniter.php(914): App\Controllers\ClientAccess->edit('dist', 'img', 'user1-128x128.j...')
#2 D:\xampp\htdocs\policy-master\vendor\codeigniter4\framework\system\CodeIgniter.php(400): CodeIgniter\CodeIgniter->runController(Object(App\Controllers\ClientAccess))
#3 D:\xampp\htdocs\policy-master\vendor\codeigniter4\framework\system\CodeIgniter.php(308): CodeIgniter\CodeIgniter->handleRequest(NULL, Object(Config\Cache), false)
#4 D:\xampp\htdocs\policy-master\index.php(84): CodeIgniter\CodeIgniter->run()
#5 {main}
CRITICAL - 2020-08-25 08:07:19 --> Uninitialized string offset: 0
#0 D:\xampp\htdocs\policy-master\app\Controllers\ClientAccess.php(94): CodeIgniter\Debug\Exceptions->errorHandler(8, 'Uninitialized s...', 'D:\\xampp\\htdocs...', 94, Array)
#1 D:\xampp\htdocs\policy-master\vendor\codeigniter4\framework\system\CodeIgniter.php(914): App\Controllers\ClientAccess->edit('dist', 'img', 'user8-128x128.j...')
#2 D:\xampp\htdocs\policy-master\vendor\codeigniter4\framework\system\CodeIgniter.php(400): CodeIgniter\CodeIgniter->runController(Object(App\Controllers\ClientAccess))
#3 D:\xampp\htdocs\policy-master\vendor\codeigniter4\framework\system\CodeIgniter.php(308): CodeIgniter\CodeIgniter->handleRequest(NULL, Object(Config\Cache), false)
#4 D:\xampp\htdocs\policy-master\index.php(84): CodeIgniter\CodeIgniter->run()
#5 {main}
CRITICAL - 2020-08-25 08:07:19 --> Uninitialized string offset: 0
#0 D:\xampp\htdocs\policy-master\app\Controllers\ClientAccess.php(94): CodeIgniter\Debug\Exceptions->errorHandler(8, 'Uninitialized s...', 'D:\\xampp\\htdocs...', 94, Array)
#1 D:\xampp\htdocs\policy-master\vendor\codeigniter4\framework\system\CodeIgniter.php(914): App\Controllers\ClientAccess->edit('dist', 'img', 'user3-128x128.j...')
#2 D:\xampp\htdocs\policy-master\vendor\codeigniter4\framework\system\CodeIgniter.php(400): CodeIgniter\CodeIgniter->runController(Object(App\Controllers\ClientAccess))
#3 D:\xampp\htdocs\policy-master\vendor\codeigniter4\framework\system\CodeIgniter.php(308): CodeIgniter\CodeIgniter->handleRequest(NULL, Object(Config\Cache), false)
#4 D:\xampp\htdocs\policy-master\index.php(84): CodeIgniter\CodeIgniter->run()
#5 {main}
CRITICAL - 2020-08-25 23:51:26 --> Undefined index: log_attempt
#0 D:\xampp\htdocs\policy-master\app\Views\users\edit.php(98): CodeIgniter\Debug\Exceptions->errorHandler(8, 'Undefined index...', 'D:\\xampp\\htdocs...', 98, Array)
#1 D:\xampp\htdocs\policy-master\vendor\codeigniter4\framework\system\View\View.php(246): include('D:\\xampp\\htdocs...')
#2 D:\xampp\htdocs\policy-master\vendor\codeigniter4\framework\system\Common.php(1087): CodeIgniter\View\View->render('users/edit', Array, true)
#3 D:\xampp\htdocs\policy-master\app\Controllers\BaseController.php(60): view('users/edit', Array)
#4 D:\xampp\htdocs\policy-master\app\Controllers\Users.php(120): App\Controllers\BaseController->render_page('users/edit', Array)
#5 D:\xampp\htdocs\policy-master\vendor\codeigniter4\framework\system\CodeIgniter.php(914): App\Controllers\Users->edit('dist', 'img', 'user1-128x128.j...')
#6 D:\xampp\htdocs\policy-master\vendor\codeigniter4\framework\system\CodeIgniter.php(400): CodeIgniter\CodeIgniter->runController(Object(App\Controllers\Users))
#7 D:\xampp\htdocs\policy-master\vendor\codeigniter4\framework\system\CodeIgniter.php(308): CodeIgniter\CodeIgniter->handleRequest(NULL, Object(Config\Cache), false)
#8 D:\xampp\htdocs\policy-master\index.php(84): CodeIgniter\CodeIgniter->run()
#9 {main}
CRITICAL - 2020-08-25 23:51:27 --> Undefined index: log_attempt
#0 D:\xampp\htdocs\policy-master\app\Views\users\edit.php(98): CodeIgniter\Debug\Exceptions->errorHandler(8, 'Undefined index...', 'D:\\xampp\\htdocs...', 98, Array)
#1 D:\xampp\htdocs\policy-master\vendor\codeigniter4\framework\system\View\View.php(246): include('D:\\xampp\\htdocs...')
#2 D:\xampp\htdocs\policy-master\vendor\codeigniter4\framework\system\Common.php(1087): CodeIgniter\View\View->render('users/edit', Array, true)
#3 D:\xampp\htdocs\policy-master\app\Controllers\BaseController.php(60): view('users/edit', Array)
#4 D:\xampp\htdocs\policy-master\app\Controllers\Users.php(120): App\Controllers\BaseController->render_page('users/edit', Array)
#5 D:\xampp\htdocs\policy-master\vendor\codeigniter4\framework\system\CodeIgniter.php(914): App\Controllers\Users->edit('dist', 'img', 'user8-128x128.j...')
#6 D:\xampp\htdocs\policy-master\vendor\codeigniter4\framework\system\CodeIgniter.php(400): CodeIgniter\CodeIgniter->runController(Object(App\Controllers\Users))
#7 D:\xampp\htdocs\policy-master\vendor\codeigniter4\framework\system\CodeIgniter.php(308): CodeIgniter\CodeIgniter->handleRequest(NULL, Object(Config\Cache), false)
#8 D:\xampp\htdocs\policy-master\index.php(84): CodeIgniter\CodeIgniter->run()
#9 {main}
CRITICAL - 2020-08-25 23:51:27 --> Undefined index: log_attempt
#0 D:\xampp\htdocs\policy-master\app\Views\users\edit.php(98): CodeIgniter\Debug\Exceptions->errorHandler(8, 'Undefined index...', 'D:\\xampp\\htdocs...', 98, Array)
#1 D:\xampp\htdocs\policy-master\vendor\codeigniter4\framework\system\View\View.php(246): include('D:\\xampp\\htdocs...')
#2 D:\xampp\htdocs\policy-master\vendor\codeigniter4\framework\system\Common.php(1087): CodeIgniter\View\View->render('users/edit', Array, true)
#3 D:\xampp\htdocs\policy-master\app\Controllers\BaseController.php(60): view('users/edit', Array)
#4 D:\xampp\htdocs\policy-master\app\Controllers\Users.php(120): App\Controllers\BaseController->render_page('users/edit', Array)
#5 D:\xampp\htdocs\policy-master\vendor\codeigniter4\framework\system\CodeIgniter.php(914): App\Controllers\Users->edit('dist', 'img', 'user3-128x128.j...')
#6 D:\xampp\htdocs\policy-master\vendor\codeigniter4\framework\system\CodeIgniter.php(400): CodeIgniter\CodeIgniter->runController(Object(App\Controllers\Users))
#7 D:\xampp\htdocs\policy-master\vendor\codeigniter4\framework\system\CodeIgniter.php(308): CodeIgniter\CodeIgniter->handleRequest(NULL, Object(Config\Cache), false)
#8 D:\xampp\htdocs\policy-master\index.php(84): CodeIgniter\CodeIgniter->run()
#9 {main}
CRITICAL - 2020-08-25 23:52:00 --> Uninitialized string offset: 0
#0 D:\xampp\htdocs\policy-master\app\Controllers\ClientAccess.php(94): CodeIgniter\Debug\Exceptions->errorHandler(8, 'Uninitialized s...', 'D:\\xampp\\htdocs...', 94, Array)
#1 D:\xampp\htdocs\policy-master\vendor\codeigniter4\framework\system\CodeIgniter.php(914): App\Controllers\ClientAccess->edit('dist', 'img', 'user1-128x128.j...')
#2 D:\xampp\htdocs\policy-master\vendor\codeigniter4\framework\system\CodeIgniter.php(400): CodeIgniter\CodeIgniter->runController(Object(App\Controllers\ClientAccess))
#3 D:\xampp\htdocs\policy-master\vendor\codeigniter4\framework\system\CodeIgniter.php(308): CodeIgniter\CodeIgniter->handleRequest(NULL, Object(Config\Cache), false)
#4 D:\xampp\htdocs\policy-master\index.php(84): CodeIgniter\CodeIgniter->run()
#5 {main}
CRITICAL - 2020-08-25 23:52:01 --> Uninitialized string offset: 0
#0 D:\xampp\htdocs\policy-master\app\Controllers\ClientAccess.php(94): CodeIgniter\Debug\Exceptions->errorHandler(8, 'Uninitialized s...', 'D:\\xampp\\htdocs...', 94, Array)
#1 D:\xampp\htdocs\policy-master\vendor\codeigniter4\framework\system\CodeIgniter.php(914): App\Controllers\ClientAccess->edit('dist', 'img', 'user8-128x128.j...')
#2 D:\xampp\htdocs\policy-master\vendor\codeigniter4\framework\system\CodeIgniter.php(400): CodeIgniter\CodeIgniter->runController(Object(App\Controllers\ClientAccess))
#3 D:\xampp\htdocs\policy-master\vendor\codeigniter4\framework\system\CodeIgniter.php(308): CodeIgniter\CodeIgniter->handleRequest(NULL, Object(Config\Cache), false)
#4 D:\xampp\htdocs\policy-master\index.php(84): CodeIgniter\CodeIgniter->run()
#5 {main}
CRITICAL - 2020-08-25 23:52:01 --> Uninitialized string offset: 0
#0 D:\xampp\htdocs\policy-master\app\Controllers\ClientAccess.php(94): CodeIgniter\Debug\Exceptions->errorHandler(8, 'Uninitialized s...', 'D:\\xampp\\htdocs...', 94, Array)
#1 D:\xampp\htdocs\policy-master\vendor\codeigniter4\framework\system\CodeIgniter.php(914): App\Controllers\ClientAccess->edit('dist', 'img', 'user3-128x128.j...')
#2 D:\xampp\htdocs\policy-master\vendor\codeigniter4\framework\system\CodeIgniter.php(400): CodeIgniter\CodeIgniter->runController(Object(App\Controllers\ClientAccess))
#3 D:\xampp\htdocs\policy-master\vendor\codeigniter4\framework\system\CodeIgniter.php(308): CodeIgniter\CodeIgniter->handleRequest(NULL, Object(Config\Cache), false)
#4 D:\xampp\htdocs\policy-master\index.php(84): CodeIgniter\CodeIgniter->run()
#5 {main}
