CRITICAL - 2020-06-10 05:02:54 --> Invalid file: users/create-user.php
#0 E:\xampp\htdocs\mysite\vendor\codeigniter4\framework\system\View\View.php(228): CodeIgniter\Exceptions\FrameworkException::forInvalidFile('users/create-us...')
#1 E:\xampp\htdocs\mysite\vendor\codeigniter4\framework\system\Common.php(1087): CodeIgniter\View\View->render('users/create-us...', Array, true)
#2 E:\xampp\htdocs\mysite\app\Controllers\Users.php(25): view('users/create-us...', Array)
#3 E:\xampp\htdocs\mysite\vendor\codeigniter4\framework\system\CodeIgniter.php(914): App\Controllers\Users->create()
#4 E:\xampp\htdocs\mysite\vendor\codeigniter4\framework\system\CodeIgniter.php(400): CodeIgniter\CodeIgniter->runController(Object(App\Controllers\Users))
#5 E:\xampp\htdocs\mysite\vendor\codeigniter4\framework\system\CodeIgniter.php(308): CodeIgniter\CodeIgniter->handleRequest(NULL, Object(Config\Cache), false)
#6 E:\xampp\htdocs\mysite\index.php(45): CodeIgniter\CodeIgniter->run()
#7 {main}
CRITICAL - 2020-06-10 05:21:18 --> Invalid file: create-user.php
#0 E:\xampp\htdocs\mysite\vendor\codeigniter4\framework\system\View\View.php(228): CodeIgniter\Exceptions\FrameworkException::forInvalidFile('create-user.php')
#1 E:\xampp\htdocs\mysite\vendor\codeigniter4\framework\system\Common.php(1087): CodeIgniter\View\View->render('create-user', Array, true)
#2 E:\xampp\htdocs\mysite\app\Controllers\Users.php(25): view('create-user', Array)
#3 E:\xampp\htdocs\mysite\vendor\codeigniter4\framework\system\CodeIgniter.php(914): App\Controllers\Users->create()
#4 E:\xampp\htdocs\mysite\vendor\codeigniter4\framework\system\CodeIgniter.php(400): CodeIgniter\CodeIgniter->runController(Object(App\Controllers\Users))
#5 E:\xampp\htdocs\mysite\vendor\codeigniter4\framework\system\CodeIgniter.php(308): CodeIgniter\CodeIgniter->handleRequest(NULL, Object(Config\Cache), false)
#6 E:\xampp\htdocs\mysite\index.php(45): CodeIgniter\CodeIgniter->run()
#7 {main}
CRITICAL - 2020-06-10 05:21:23 --> Invalid file: create-user.php
#0 E:\xampp\htdocs\mysite\vendor\codeigniter4\framework\system\View\View.php(228): CodeIgniter\Exceptions\FrameworkException::forInvalidFile('create-user.php')
#1 E:\xampp\htdocs\mysite\vendor\codeigniter4\framework\system\Common.php(1087): CodeIgniter\View\View->render('create-user', Array, true)
#2 E:\xampp\htdocs\mysite\app\Controllers\Users.php(25): view('create-user', Array)
#3 E:\xampp\htdocs\mysite\vendor\codeigniter4\framework\system\CodeIgniter.php(914): App\Controllers\Users->create()
#4 E:\xampp\htdocs\mysite\vendor\codeigniter4\framework\system\CodeIgniter.php(400): CodeIgniter\CodeIgniter->runController(Object(App\Controllers\Users))
#5 E:\xampp\htdocs\mysite\vendor\codeigniter4\framework\system\CodeIgniter.php(308): CodeIgniter\CodeIgniter->handleRequest(NULL, Object(Config\Cache), false)
#6 E:\xampp\htdocs\mysite\index.php(45): CodeIgniter\CodeIgniter->run()
#7 {main}
CRITICAL - 2020-06-10 05:21:32 --> Invalid file: create-user.php
#0 E:\xampp\htdocs\mysite\vendor\codeigniter4\framework\system\View\View.php(228): CodeIgniter\Exceptions\FrameworkException::forInvalidFile('create-user.php')
#1 E:\xampp\htdocs\mysite\vendor\codeigniter4\framework\system\Common.php(1087): CodeIgniter\View\View->render('create-user', Array, true)
#2 E:\xampp\htdocs\mysite\app\Controllers\Users.php(25): view('create-user', Array)
#3 E:\xampp\htdocs\mysite\vendor\codeigniter4\framework\system\CodeIgniter.php(914): App\Controllers\Users->create()
#4 E:\xampp\htdocs\mysite\vendor\codeigniter4\framework\system\CodeIgniter.php(400): CodeIgniter\CodeIgniter->runController(Object(App\Controllers\Users))
#5 E:\xampp\htdocs\mysite\vendor\codeigniter4\framework\system\CodeIgniter.php(308): CodeIgniter\CodeIgniter->handleRequest(NULL, Object(Config\Cache), false)
#6 E:\xampp\htdocs\mysite\index.php(45): CodeIgniter\CodeIgniter->run()
#7 {main}
