CRITICAL - 2020-09-10 01:40:25 --> Undefined variable: insurancetype
#0 D:\xampp\htdocs\policy-master\app\Views\quotation\add2.php(377): CodeIgniter\Debug\Exceptions->errorHandler(8, 'Undefined varia...', 'D:\\xampp\\htdocs...', 377, Array)
#1 D:\xampp\htdocs\policy-master\vendor\codeigniter4\framework\system\View\View.php(246): include('D:\\xampp\\htdocs...')
#2 D:\xampp\htdocs\policy-master\vendor\codeigniter4\framework\system\Common.php(1087): CodeIgniter\View\View->render('quotation/add2', Array, true)
#3 D:\xampp\htdocs\policy-master\app\Controllers\BaseController.php(62): view('quotation/add2', Array)
#4 D:\xampp\htdocs\policy-master\app\Controllers\InsuranceQuotation.php(71): App\Controllers\BaseController->render_page('quotation/add2', Array)
#5 D:\xampp\htdocs\policy-master\vendor\codeigniter4\framework\system\CodeIgniter.php(914): App\Controllers\InsuranceQuotation->create('2')
#6 D:\xampp\htdocs\policy-master\vendor\codeigniter4\framework\system\CodeIgniter.php(400): CodeIgniter\CodeIgniter->runController(Object(App\Controllers\InsuranceQuotation))
#7 D:\xampp\htdocs\policy-master\vendor\codeigniter4\framework\system\CodeIgniter.php(308): CodeIgniter\CodeIgniter->handleRequest(NULL, Object(Config\Cache), false)
#8 D:\xampp\htdocs\policy-master\index.php(84): CodeIgniter\CodeIgniter->run()
#9 {main}
CRITICAL - 2020-09-10 02:01:59 --> Undefined index: insurance_type_name
#0 D:\xampp\htdocs\policy-master\app\Views\quotation\add2.php(387): CodeIgniter\Debug\Exceptions->errorHandler(8, 'Undefined index...', 'D:\\xampp\\htdocs...', 387, Array)
#1 D:\xampp\htdocs\policy-master\vendor\codeigniter4\framework\system\View\View.php(246): include('D:\\xampp\\htdocs...')
#2 D:\xampp\htdocs\policy-master\vendor\codeigniter4\framework\system\Common.php(1087): CodeIgniter\View\View->render('quotation/add2', Array, true)
#3 D:\xampp\htdocs\policy-master\app\Controllers\BaseController.php(62): view('quotation/add2', Array)
#4 D:\xampp\htdocs\policy-master\app\Controllers\InsuranceQuotation.php(73): App\Controllers\BaseController->render_page('quotation/add2', Array)
#5 D:\xampp\htdocs\policy-master\vendor\codeigniter4\framework\system\CodeIgniter.php(914): App\Controllers\InsuranceQuotation->create('2')
#6 D:\xampp\htdocs\policy-master\vendor\codeigniter4\framework\system\CodeIgniter.php(400): CodeIgniter\CodeIgniter->runController(Object(App\Controllers\InsuranceQuotation))
#7 D:\xampp\htdocs\policy-master\vendor\codeigniter4\framework\system\CodeIgniter.php(308): CodeIgniter\CodeIgniter->handleRequest(NULL, Object(Config\Cache), false)
#8 D:\xampp\htdocs\policy-master\index.php(84): CodeIgniter\CodeIgniter->run()
#9 {main}
CRITICAL - 2020-09-10 07:41:40 --> Undefined variable: insurance_type
#0 D:\xampp\htdocs\policy-master\app\Views\quotation\add.php(8): CodeIgniter\Debug\Exceptions->errorHandler(8, 'Undefined varia...', 'D:\\xampp\\htdocs...', 8, Array)
#1 D:\xampp\htdocs\policy-master\vendor\codeigniter4\framework\system\View\View.php(246): include('D:\\xampp\\htdocs...')
#2 D:\xampp\htdocs\policy-master\vendor\codeigniter4\framework\system\Common.php(1087): CodeIgniter\View\View->render('quotation/add', Array, true)
#3 D:\xampp\htdocs\policy-master\app\Controllers\BaseController.php(62): view('quotation/add', Array)
#4 D:\xampp\htdocs\policy-master\app\Controllers\InsuranceQuotation.php(121): App\Controllers\BaseController->render_page('quotation/add', Array)
#5 D:\xampp\htdocs\policy-master\vendor\codeigniter4\framework\system\CodeIgniter.php(914): App\Controllers\InsuranceQuotation->store()
#6 D:\xampp\htdocs\policy-master\vendor\codeigniter4\framework\system\CodeIgniter.php(400): CodeIgniter\CodeIgniter->runController(Object(App\Controllers\InsuranceQuotation))
#7 D:\xampp\htdocs\policy-master\vendor\codeigniter4\framework\system\CodeIgniter.php(308): CodeIgniter\CodeIgniter->handleRequest(NULL, Object(Config\Cache), false)
#8 D:\xampp\htdocs\policy-master\index.php(84): CodeIgniter\CodeIgniter->run()
#9 {main}
CRITICAL - 2020-09-10 08:14:43 --> Column 'covering_details' cannot be null
#0 D:\xampp\htdocs\policy-master\vendor\codeigniter4\framework\system\Database\MySQLi\Connection.php(331): mysqli->query('INSERT INTO `in...')
#1 D:\xampp\htdocs\policy-master\vendor\codeigniter4\framework\system\Database\BaseConnection.php(738): CodeIgniter\Database\MySQLi\Connection->execute('INSERT INTO `in...')
#2 D:\xampp\htdocs\policy-master\vendor\codeigniter4\framework\system\Database\BaseConnection.php(666): CodeIgniter\Database\BaseConnection->simpleQuery('INSERT INTO `in...')
#3 D:\xampp\htdocs\policy-master\vendor\codeigniter4\framework\system\Database\BaseBuilder.php(2234): CodeIgniter\Database\BaseConnection->query('INSERT INTO `in...', Array, false)
#4 D:\xampp\htdocs\policy-master\vendor\codeigniter4\framework\system\Model.php(729): CodeIgniter\Database\BaseBuilder->insert()
#5 D:\xampp\htdocs\policy-master\app\Controllers\InsuranceQuotation.php(173): CodeIgniter\Model->insert(Array)
#6 D:\xampp\htdocs\policy-master\vendor\codeigniter4\framework\system\CodeIgniter.php(914): App\Controllers\InsuranceQuotation->store()
#7 D:\xampp\htdocs\policy-master\vendor\codeigniter4\framework\system\CodeIgniter.php(400): CodeIgniter\CodeIgniter->runController(Object(App\Controllers\InsuranceQuotation))
#8 D:\xampp\htdocs\policy-master\vendor\codeigniter4\framework\system\CodeIgniter.php(308): CodeIgniter\CodeIgniter->handleRequest(NULL, Object(Config\Cache), false)
#9 D:\xampp\htdocs\policy-master\index.php(84): CodeIgniter\CodeIgniter->run()
#10 {main}
CRITICAL - 2020-09-10 08:15:01 --> Column 'description_of_risk' cannot be null
#0 D:\xampp\htdocs\policy-master\vendor\codeigniter4\framework\system\Database\MySQLi\Connection.php(331): mysqli->query('INSERT INTO `in...')
#1 D:\xampp\htdocs\policy-master\vendor\codeigniter4\framework\system\Database\BaseConnection.php(738): CodeIgniter\Database\MySQLi\Connection->execute('INSERT INTO `in...')
#2 D:\xampp\htdocs\policy-master\vendor\codeigniter4\framework\system\Database\BaseConnection.php(666): CodeIgniter\Database\BaseConnection->simpleQuery('INSERT INTO `in...')
#3 D:\xampp\htdocs\policy-master\vendor\codeigniter4\framework\system\Database\BaseBuilder.php(2234): CodeIgniter\Database\BaseConnection->query('INSERT INTO `in...', Array, false)
#4 D:\xampp\htdocs\policy-master\vendor\codeigniter4\framework\system\Model.php(729): CodeIgniter\Database\BaseBuilder->insert()
#5 D:\xampp\htdocs\policy-master\app\Controllers\InsuranceQuotation.php(173): CodeIgniter\Model->insert(Array)
#6 D:\xampp\htdocs\policy-master\vendor\codeigniter4\framework\system\CodeIgniter.php(914): App\Controllers\InsuranceQuotation->store()
#7 D:\xampp\htdocs\policy-master\vendor\codeigniter4\framework\system\CodeIgniter.php(400): CodeIgniter\CodeIgniter->runController(Object(App\Controllers\InsuranceQuotation))
#8 D:\xampp\htdocs\policy-master\vendor\codeigniter4\framework\system\CodeIgniter.php(308): CodeIgniter\CodeIgniter->handleRequest(NULL, Object(Config\Cache), false)
#9 D:\xampp\htdocs\policy-master\index.php(84): CodeIgniter\CodeIgniter->run()
#10 {main}
CRITICAL - 2020-09-10 08:15:12 --> Column 'first_loss_payee' cannot be null
#0 D:\xampp\htdocs\policy-master\vendor\codeigniter4\framework\system\Database\MySQLi\Connection.php(331): mysqli->query('INSERT INTO `in...')
#1 D:\xampp\htdocs\policy-master\vendor\codeigniter4\framework\system\Database\BaseConnection.php(738): CodeIgniter\Database\MySQLi\Connection->execute('INSERT INTO `in...')
#2 D:\xampp\htdocs\policy-master\vendor\codeigniter4\framework\system\Database\BaseConnection.php(666): CodeIgniter\Database\BaseConnection->simpleQuery('INSERT INTO `in...')
#3 D:\xampp\htdocs\policy-master\vendor\codeigniter4\framework\system\Database\BaseBuilder.php(2234): CodeIgniter\Database\BaseConnection->query('INSERT INTO `in...', Array, false)
#4 D:\xampp\htdocs\policy-master\vendor\codeigniter4\framework\system\Model.php(729): CodeIgniter\Database\BaseBuilder->insert()
#5 D:\xampp\htdocs\policy-master\app\Controllers\InsuranceQuotation.php(173): CodeIgniter\Model->insert(Array)
#6 D:\xampp\htdocs\policy-master\vendor\codeigniter4\framework\system\CodeIgniter.php(914): App\Controllers\InsuranceQuotation->store()
#7 D:\xampp\htdocs\policy-master\vendor\codeigniter4\framework\system\CodeIgniter.php(400): CodeIgniter\CodeIgniter->runController(Object(App\Controllers\InsuranceQuotation))
#8 D:\xampp\htdocs\policy-master\vendor\codeigniter4\framework\system\CodeIgniter.php(308): CodeIgniter\CodeIgniter->handleRequest(NULL, Object(Config\Cache), false)
#9 D:\xampp\htdocs\policy-master\index.php(84): CodeIgniter\CodeIgniter->run()
#10 {main}
CRITICAL - 2020-09-10 08:15:28 --> Column 'vat' cannot be null
#0 D:\xampp\htdocs\policy-master\vendor\codeigniter4\framework\system\Database\MySQLi\Connection.php(331): mysqli->query('INSERT INTO `in...')
#1 D:\xampp\htdocs\policy-master\vendor\codeigniter4\framework\system\Database\BaseConnection.php(738): CodeIgniter\Database\MySQLi\Connection->execute('INSERT INTO `in...')
#2 D:\xampp\htdocs\policy-master\vendor\codeigniter4\framework\system\Database\BaseConnection.php(666): CodeIgniter\Database\BaseConnection->simpleQuery('INSERT INTO `in...')
#3 D:\xampp\htdocs\policy-master\vendor\codeigniter4\framework\system\Database\BaseBuilder.php(2234): CodeIgniter\Database\BaseConnection->query('INSERT INTO `in...', Array, false)
#4 D:\xampp\htdocs\policy-master\vendor\codeigniter4\framework\system\Model.php(729): CodeIgniter\Database\BaseBuilder->insert()
#5 D:\xampp\htdocs\policy-master\app\Controllers\InsuranceQuotation.php(173): CodeIgniter\Model->insert(Array)
#6 D:\xampp\htdocs\policy-master\vendor\codeigniter4\framework\system\CodeIgniter.php(914): App\Controllers\InsuranceQuotation->store()
#7 D:\xampp\htdocs\policy-master\vendor\codeigniter4\framework\system\CodeIgniter.php(400): CodeIgniter\CodeIgniter->runController(Object(App\Controllers\InsuranceQuotation))
#8 D:\xampp\htdocs\policy-master\vendor\codeigniter4\framework\system\CodeIgniter.php(308): CodeIgniter\CodeIgniter->handleRequest(NULL, Object(Config\Cache), false)
#9 D:\xampp\htdocs\policy-master\index.php(84): CodeIgniter\CodeIgniter->run()
#10 {main}
CRITICAL - 2020-09-10 08:15:45 --> Column 'business_by' cannot be null
#0 D:\xampp\htdocs\policy-master\vendor\codeigniter4\framework\system\Database\MySQLi\Connection.php(331): mysqli->query('INSERT INTO `in...')
#1 D:\xampp\htdocs\policy-master\vendor\codeigniter4\framework\system\Database\BaseConnection.php(738): CodeIgniter\Database\MySQLi\Connection->execute('INSERT INTO `in...')
#2 D:\xampp\htdocs\policy-master\vendor\codeigniter4\framework\system\Database\BaseConnection.php(666): CodeIgniter\Database\BaseConnection->simpleQuery('INSERT INTO `in...')
#3 D:\xampp\htdocs\policy-master\vendor\codeigniter4\framework\system\Database\BaseBuilder.php(2234): CodeIgniter\Database\BaseConnection->query('INSERT INTO `in...', Array, false)
#4 D:\xampp\htdocs\policy-master\vendor\codeigniter4\framework\system\Model.php(729): CodeIgniter\Database\BaseBuilder->insert()
#5 D:\xampp\htdocs\policy-master\app\Controllers\InsuranceQuotation.php(173): CodeIgniter\Model->insert(Array)
#6 D:\xampp\htdocs\policy-master\vendor\codeigniter4\framework\system\CodeIgniter.php(914): App\Controllers\InsuranceQuotation->store()
#7 D:\xampp\htdocs\policy-master\vendor\codeigniter4\framework\system\CodeIgniter.php(400): CodeIgniter\CodeIgniter->runController(Object(App\Controllers\InsuranceQuotation))
#8 D:\xampp\htdocs\policy-master\vendor\codeigniter4\framework\system\CodeIgniter.php(308): CodeIgniter\CodeIgniter->handleRequest(NULL, Object(Config\Cache), false)
#9 D:\xampp\htdocs\policy-master\index.php(84): CodeIgniter\CodeIgniter->run()
#10 {main}
CRITICAL - 2020-09-10 08:15:58 --> Column 'fk_business_id' cannot be null
#0 D:\xampp\htdocs\policy-master\vendor\codeigniter4\framework\system\Database\MySQLi\Connection.php(331): mysqli->query('INSERT INTO `in...')
#1 D:\xampp\htdocs\policy-master\vendor\codeigniter4\framework\system\Database\BaseConnection.php(738): CodeIgniter\Database\MySQLi\Connection->execute('INSERT INTO `in...')
#2 D:\xampp\htdocs\policy-master\vendor\codeigniter4\framework\system\Database\BaseConnection.php(666): CodeIgniter\Database\BaseConnection->simpleQuery('INSERT INTO `in...')
#3 D:\xampp\htdocs\policy-master\vendor\codeigniter4\framework\system\Database\BaseBuilder.php(2234): CodeIgniter\Database\BaseConnection->query('INSERT INTO `in...', Array, false)
#4 D:\xampp\htdocs\policy-master\vendor\codeigniter4\framework\system\Model.php(729): CodeIgniter\Database\BaseBuilder->insert()
#5 D:\xampp\htdocs\policy-master\app\Controllers\InsuranceQuotation.php(173): CodeIgniter\Model->insert(Array)
#6 D:\xampp\htdocs\policy-master\vendor\codeigniter4\framework\system\CodeIgniter.php(914): App\Controllers\InsuranceQuotation->store()
#7 D:\xampp\htdocs\policy-master\vendor\codeigniter4\framework\system\CodeIgniter.php(400): CodeIgniter\CodeIgniter->runController(Object(App\Controllers\InsuranceQuotation))
#8 D:\xampp\htdocs\policy-master\vendor\codeigniter4\framework\system\CodeIgniter.php(308): CodeIgniter\CodeIgniter->handleRequest(NULL, Object(Config\Cache), false)
#9 D:\xampp\htdocs\policy-master\index.php(84): CodeIgniter\CodeIgniter->run()
#10 {main}
CRITICAL - 2020-09-10 08:16:08 --> Column 'fk_borrower_type_id' cannot be null
#0 D:\xampp\htdocs\policy-master\vendor\codeigniter4\framework\system\Database\MySQLi\Connection.php(331): mysqli->query('INSERT INTO `in...')
#1 D:\xampp\htdocs\policy-master\vendor\codeigniter4\framework\system\Database\BaseConnection.php(738): CodeIgniter\Database\MySQLi\Connection->execute('INSERT INTO `in...')
#2 D:\xampp\htdocs\policy-master\vendor\codeigniter4\framework\system\Database\BaseConnection.php(666): CodeIgniter\Database\BaseConnection->simpleQuery('INSERT INTO `in...')
#3 D:\xampp\htdocs\policy-master\vendor\codeigniter4\framework\system\Database\BaseBuilder.php(2234): CodeIgniter\Database\BaseConnection->query('INSERT INTO `in...', Array, false)
#4 D:\xampp\htdocs\policy-master\vendor\codeigniter4\framework\system\Model.php(729): CodeIgniter\Database\BaseBuilder->insert()
#5 D:\xampp\htdocs\policy-master\app\Controllers\InsuranceQuotation.php(173): CodeIgniter\Model->insert(Array)
#6 D:\xampp\htdocs\policy-master\vendor\codeigniter4\framework\system\CodeIgniter.php(914): App\Controllers\InsuranceQuotation->store()
#7 D:\xampp\htdocs\policy-master\vendor\codeigniter4\framework\system\CodeIgniter.php(400): CodeIgniter\CodeIgniter->runController(Object(App\Controllers\InsuranceQuotation))
#8 D:\xampp\htdocs\policy-master\vendor\codeigniter4\framework\system\CodeIgniter.php(308): CodeIgniter\CodeIgniter->handleRequest(NULL, Object(Config\Cache), false)
#9 D:\xampp\htdocs\policy-master\index.php(84): CodeIgniter\CodeIgniter->run()
#10 {main}
CRITICAL - 2020-09-10 08:16:17 --> Column 'sum_insured' cannot be null
#0 D:\xampp\htdocs\policy-master\vendor\codeigniter4\framework\system\Database\MySQLi\Connection.php(331): mysqli->query('INSERT INTO `in...')
#1 D:\xampp\htdocs\policy-master\vendor\codeigniter4\framework\system\Database\BaseConnection.php(738): CodeIgniter\Database\MySQLi\Connection->execute('INSERT INTO `in...')
#2 D:\xampp\htdocs\policy-master\vendor\codeigniter4\framework\system\Database\BaseConnection.php(666): CodeIgniter\Database\BaseConnection->simpleQuery('INSERT INTO `in...')
#3 D:\xampp\htdocs\policy-master\vendor\codeigniter4\framework\system\Database\BaseBuilder.php(2234): CodeIgniter\Database\BaseConnection->query('INSERT INTO `in...', Array, false)
#4 D:\xampp\htdocs\policy-master\vendor\codeigniter4\framework\system\Model.php(729): CodeIgniter\Database\BaseBuilder->insert()
#5 D:\xampp\htdocs\policy-master\app\Controllers\InsuranceQuotation.php(173): CodeIgniter\Model->insert(Array)
#6 D:\xampp\htdocs\policy-master\vendor\codeigniter4\framework\system\CodeIgniter.php(914): App\Controllers\InsuranceQuotation->store()
#7 D:\xampp\htdocs\policy-master\vendor\codeigniter4\framework\system\CodeIgniter.php(400): CodeIgniter\CodeIgniter->runController(Object(App\Controllers\InsuranceQuotation))
#8 D:\xampp\htdocs\policy-master\vendor\codeigniter4\framework\system\CodeIgniter.php(308): CodeIgniter\CodeIgniter->handleRequest(NULL, Object(Config\Cache), false)
#9 D:\xampp\htdocs\policy-master\index.php(84): CodeIgniter\CodeIgniter->run()
#10 {main}
CRITICAL - 2020-09-10 08:16:27 --> Column 'adjust_premium' cannot be null
#0 D:\xampp\htdocs\policy-master\vendor\codeigniter4\framework\system\Database\MySQLi\Connection.php(331): mysqli->query('INSERT INTO `in...')
#1 D:\xampp\htdocs\policy-master\vendor\codeigniter4\framework\system\Database\BaseConnection.php(738): CodeIgniter\Database\MySQLi\Connection->execute('INSERT INTO `in...')
#2 D:\xampp\htdocs\policy-master\vendor\codeigniter4\framework\system\Database\BaseConnection.php(666): CodeIgniter\Database\BaseConnection->simpleQuery('INSERT INTO `in...')
#3 D:\xampp\htdocs\policy-master\vendor\codeigniter4\framework\system\Database\BaseBuilder.php(2234): CodeIgniter\Database\BaseConnection->query('INSERT INTO `in...', Array, false)
#4 D:\xampp\htdocs\policy-master\vendor\codeigniter4\framework\system\Model.php(729): CodeIgniter\Database\BaseBuilder->insert()
#5 D:\xampp\htdocs\policy-master\app\Controllers\InsuranceQuotation.php(173): CodeIgniter\Model->insert(Array)
#6 D:\xampp\htdocs\policy-master\vendor\codeigniter4\framework\system\CodeIgniter.php(914): App\Controllers\InsuranceQuotation->store()
#7 D:\xampp\htdocs\policy-master\vendor\codeigniter4\framework\system\CodeIgniter.php(400): CodeIgniter\CodeIgniter->runController(Object(App\Controllers\InsuranceQuotation))
#8 D:\xampp\htdocs\policy-master\vendor\codeigniter4\framework\system\CodeIgniter.php(308): CodeIgniter\CodeIgniter->handleRequest(NULL, Object(Config\Cache), false)
#9 D:\xampp\htdocs\policy-master\index.php(84): CodeIgniter\CodeIgniter->run()
#10 {main}
CRITICAL - 2020-09-10 08:17:33 --> Column 'adjust_premium' cannot be null
#0 D:\xampp\htdocs\policy-master\vendor\codeigniter4\framework\system\Database\MySQLi\Connection.php(331): mysqli->query('INSERT INTO `in...')
#1 D:\xampp\htdocs\policy-master\vendor\codeigniter4\framework\system\Database\BaseConnection.php(738): CodeIgniter\Database\MySQLi\Connection->execute('INSERT INTO `in...')
#2 D:\xampp\htdocs\policy-master\vendor\codeigniter4\framework\system\Database\BaseConnection.php(666): CodeIgniter\Database\BaseConnection->simpleQuery('INSERT INTO `in...')
#3 D:\xampp\htdocs\policy-master\vendor\codeigniter4\framework\system\Database\BaseBuilder.php(2234): CodeIgniter\Database\BaseConnection->query('INSERT INTO `in...', Array, false)
#4 D:\xampp\htdocs\policy-master\vendor\codeigniter4\framework\system\Model.php(729): CodeIgniter\Database\BaseBuilder->insert()
#5 D:\xampp\htdocs\policy-master\app\Controllers\InsuranceQuotation.php(173): CodeIgniter\Model->insert(Array)
#6 D:\xampp\htdocs\policy-master\vendor\codeigniter4\framework\system\CodeIgniter.php(914): App\Controllers\InsuranceQuotation->store()
#7 D:\xampp\htdocs\policy-master\vendor\codeigniter4\framework\system\CodeIgniter.php(400): CodeIgniter\CodeIgniter->runController(Object(App\Controllers\InsuranceQuotation))
#8 D:\xampp\htdocs\policy-master\vendor\codeigniter4\framework\system\CodeIgniter.php(308): CodeIgniter\CodeIgniter->handleRequest(NULL, Object(Config\Cache), false)
#9 D:\xampp\htdocs\policy-master\index.php(84): CodeIgniter\CodeIgniter->run()
#10 {main}
CRITICAL - 2020-09-10 08:17:58 --> Column 'description' cannot be null
#0 D:\xampp\htdocs\policy-master\vendor\codeigniter4\framework\system\Database\MySQLi\Connection.php(331): mysqli->query('INSERT INTO `in...')
#1 D:\xampp\htdocs\policy-master\vendor\codeigniter4\framework\system\Database\BaseConnection.php(738): CodeIgniter\Database\MySQLi\Connection->execute('INSERT INTO `in...')
#2 D:\xampp\htdocs\policy-master\vendor\codeigniter4\framework\system\Database\BaseConnection.php(666): CodeIgniter\Database\BaseConnection->simpleQuery('INSERT INTO `in...')
#3 D:\xampp\htdocs\policy-master\vendor\codeigniter4\framework\system\Database\BaseBuilder.php(2234): CodeIgniter\Database\BaseConnection->query('INSERT INTO `in...', Array, false)
#4 D:\xampp\htdocs\policy-master\vendor\codeigniter4\framework\system\Model.php(729): CodeIgniter\Database\BaseBuilder->insert()
#5 D:\xampp\htdocs\policy-master\app\Controllers\InsuranceQuotation.php(173): CodeIgniter\Model->insert(Array)
#6 D:\xampp\htdocs\policy-master\vendor\codeigniter4\framework\system\CodeIgniter.php(914): App\Controllers\InsuranceQuotation->store()
#7 D:\xampp\htdocs\policy-master\vendor\codeigniter4\framework\system\CodeIgniter.php(400): CodeIgniter\CodeIgniter->runController(Object(App\Controllers\InsuranceQuotation))
#8 D:\xampp\htdocs\policy-master\vendor\codeigniter4\framework\system\CodeIgniter.php(308): CodeIgniter\CodeIgniter->handleRequest(NULL, Object(Config\Cache), false)
#9 D:\xampp\htdocs\policy-master\index.php(84): CodeIgniter\CodeIgniter->run()
#10 {main}
CRITICAL - 2020-09-10 08:18:09 --> Column 'other_fee' cannot be null
#0 D:\xampp\htdocs\policy-master\vendor\codeigniter4\framework\system\Database\MySQLi\Connection.php(331): mysqli->query('INSERT INTO `in...')
#1 D:\xampp\htdocs\policy-master\vendor\codeigniter4\framework\system\Database\BaseConnection.php(738): CodeIgniter\Database\MySQLi\Connection->execute('INSERT INTO `in...')
#2 D:\xampp\htdocs\policy-master\vendor\codeigniter4\framework\system\Database\BaseConnection.php(666): CodeIgniter\Database\BaseConnection->simpleQuery('INSERT INTO `in...')
#3 D:\xampp\htdocs\policy-master\vendor\codeigniter4\framework\system\Database\BaseBuilder.php(2234): CodeIgniter\Database\BaseConnection->query('INSERT INTO `in...', Array, false)
#4 D:\xampp\htdocs\policy-master\vendor\codeigniter4\framework\system\Model.php(729): CodeIgniter\Database\BaseBuilder->insert()
#5 D:\xampp\htdocs\policy-master\app\Controllers\InsuranceQuotation.php(173): CodeIgniter\Model->insert(Array)
#6 D:\xampp\htdocs\policy-master\vendor\codeigniter4\framework\system\CodeIgniter.php(914): App\Controllers\InsuranceQuotation->store()
#7 D:\xampp\htdocs\policy-master\vendor\codeigniter4\framework\system\CodeIgniter.php(400): CodeIgniter\CodeIgniter->runController(Object(App\Controllers\InsuranceQuotation))
#8 D:\xampp\htdocs\policy-master\vendor\codeigniter4\framework\system\CodeIgniter.php(308): CodeIgniter\CodeIgniter->handleRequest(NULL, Object(Config\Cache), false)
#9 D:\xampp\htdocs\policy-master\index.php(84): CodeIgniter\CodeIgniter->run()
#10 {main}
CRITICAL - 2020-09-10 08:18:21 --> Column 'other_total_premium' cannot be null
#0 D:\xampp\htdocs\policy-master\vendor\codeigniter4\framework\system\Database\MySQLi\Connection.php(331): mysqli->query('INSERT INTO `in...')
#1 D:\xampp\htdocs\policy-master\vendor\codeigniter4\framework\system\Database\BaseConnection.php(738): CodeIgniter\Database\MySQLi\Connection->execute('INSERT INTO `in...')
#2 D:\xampp\htdocs\policy-master\vendor\codeigniter4\framework\system\Database\BaseConnection.php(666): CodeIgniter\Database\BaseConnection->simpleQuery('INSERT INTO `in...')
#3 D:\xampp\htdocs\policy-master\vendor\codeigniter4\framework\system\Database\BaseBuilder.php(2234): CodeIgniter\Database\BaseConnection->query('INSERT INTO `in...', Array, false)
#4 D:\xampp\htdocs\policy-master\vendor\codeigniter4\framework\system\Model.php(729): CodeIgniter\Database\BaseBuilder->insert()
#5 D:\xampp\htdocs\policy-master\app\Controllers\InsuranceQuotation.php(173): CodeIgniter\Model->insert(Array)
#6 D:\xampp\htdocs\policy-master\vendor\codeigniter4\framework\system\CodeIgniter.php(914): App\Controllers\InsuranceQuotation->store()
#7 D:\xampp\htdocs\policy-master\vendor\codeigniter4\framework\system\CodeIgniter.php(400): CodeIgniter\CodeIgniter->runController(Object(App\Controllers\InsuranceQuotation))
#8 D:\xampp\htdocs\policy-master\vendor\codeigniter4\framework\system\CodeIgniter.php(308): CodeIgniter\CodeIgniter->handleRequest(NULL, Object(Config\Cache), false)
#9 D:\xampp\htdocs\policy-master\index.php(84): CodeIgniter\CodeIgniter->run()
#10 {main}
