CRITICAL - 2020-08-10 00:30:06 --> syntax error, unexpected ';'
#0 E:\wamp64\www\policy-master\vendor\codeigniter4\framework\system\Router\Router.php(192): CodeIgniter\Router\Router->autoRoute('/auth/change_pa...')
#1 E:\wamp64\www\policy-master\vendor\codeigniter4\framework\system\CodeIgniter.php(789): CodeIgniter\Router\Router->handle('/auth/change_pa...')
#2 E:\wamp64\www\policy-master\vendor\codeigniter4\framework\system\CodeIgniter.php(360): CodeIgniter\CodeIgniter->tryToRouteIt(Object(CodeIgniter\Router\RouteCollection))
#3 E:\wamp64\www\policy-master\vendor\codeigniter4\framework\system\CodeIgniter.php(308): CodeIgniter\CodeIgniter->handleRequest(NULL, Object(Config\Cache), false)
#4 E:\wamp64\www\policy-master\index.php(84): CodeIgniter\CodeIgniter->run()
#5 {main}
CRITICAL - 2020-08-10 00:31:38 --> syntax error, unexpected '=>' (T_DOUBLE_ARROW), expecting ')'
#0 E:\wamp64\www\policy-master\vendor\codeigniter4\framework\system\Router\Router.php(192): CodeIgniter\Router\Router->autoRoute('/auth/change_pa...')
#1 E:\wamp64\www\policy-master\vendor\codeigniter4\framework\system\CodeIgniter.php(789): CodeIgniter\Router\Router->handle('/auth/change_pa...')
#2 E:\wamp64\www\policy-master\vendor\codeigniter4\framework\system\CodeIgniter.php(360): CodeIgniter\CodeIgniter->tryToRouteIt(Object(CodeIgniter\Router\RouteCollection))
#3 E:\wamp64\www\policy-master\vendor\codeigniter4\framework\system\CodeIgniter.php(308): CodeIgniter\CodeIgniter->handleRequest(NULL, Object(Config\Cache), false)
#4 E:\wamp64\www\policy-master\index.php(84): CodeIgniter\CodeIgniter->run()
#5 {main}
CRITICAL - 2020-08-10 00:32:17 --> syntax error, unexpected '=>' (T_DOUBLE_ARROW), expecting ')'
#0 E:\wamp64\www\policy-master\vendor\codeigniter4\framework\system\Router\Router.php(192): CodeIgniter\Router\Router->autoRoute('/auth/change_pa...')
#1 E:\wamp64\www\policy-master\vendor\codeigniter4\framework\system\CodeIgniter.php(789): CodeIgniter\Router\Router->handle('/auth/change_pa...')
#2 E:\wamp64\www\policy-master\vendor\codeigniter4\framework\system\CodeIgniter.php(360): CodeIgniter\CodeIgniter->tryToRouteIt(Object(CodeIgniter\Router\RouteCollection))
#3 E:\wamp64\www\policy-master\vendor\codeigniter4\framework\system\CodeIgniter.php(308): CodeIgniter\CodeIgniter->handleRequest(NULL, Object(Config\Cache), false)
#4 E:\wamp64\www\policy-master\index.php(84): CodeIgniter\CodeIgniter->run()
#5 {main}
CRITICAL - 2020-08-10 00:32:18 --> syntax error, unexpected '=>' (T_DOUBLE_ARROW), expecting ')'
#0 E:\wamp64\www\policy-master\vendor\codeigniter4\framework\system\Router\Router.php(192): CodeIgniter\Router\Router->autoRoute('/auth/change_pa...')
#1 E:\wamp64\www\policy-master\vendor\codeigniter4\framework\system\CodeIgniter.php(789): CodeIgniter\Router\Router->handle('/auth/change_pa...')
#2 E:\wamp64\www\policy-master\vendor\codeigniter4\framework\system\CodeIgniter.php(360): CodeIgniter\CodeIgniter->tryToRouteIt(Object(CodeIgniter\Router\RouteCollection))
#3 E:\wamp64\www\policy-master\vendor\codeigniter4\framework\system\CodeIgniter.php(308): CodeIgniter\CodeIgniter->handleRequest(NULL, Object(Config\Cache), false)
#4 E:\wamp64\www\policy-master\index.php(84): CodeIgniter\CodeIgniter->run()
#5 {main}
CRITICAL - 2020-08-10 00:32:42 --> Undefined variable: user
#0 E:\wamp64\www\policy-master\app\Controllers\Auth.php(153): CodeIgniter\Debug\Exceptions->errorHandler(8, 'Undefined varia...', 'E:\\wamp64\\www\\p...', 153, Array)
#1 E:\wamp64\www\policy-master\vendor\codeigniter4\framework\system\CodeIgniter.php(914): App\Controllers\Auth->change_password()
#2 E:\wamp64\www\policy-master\vendor\codeigniter4\framework\system\CodeIgniter.php(400): CodeIgniter\CodeIgniter->runController(Object(App\Controllers\Auth))
#3 E:\wamp64\www\policy-master\vendor\codeigniter4\framework\system\CodeIgniter.php(308): CodeIgniter\CodeIgniter->handleRequest(NULL, Object(Config\Cache), false)
#4 E:\wamp64\www\policy-master\index.php(84): CodeIgniter\CodeIgniter->run()
#5 {main}
CRITICAL - 2020-08-10 00:33:05 --> Argument 1 passed to CodeIgniter\Model::doProtectFields() must be of the type array, string given, called in E:\wamp64\www\policy-master\vendor\codeigniter4\framework\system\Model.php on line 845
#0 E:\wamp64\www\policy-master\vendor\codeigniter4\framework\system\Model.php(845): CodeIgniter\Model->doProtectFields('1234567')
#1 E:\wamp64\www\policy-master\app\Controllers\Auth.php(153): CodeIgniter\Model->update(Array, '1234567')
#2 E:\wamp64\www\policy-master\vendor\codeigniter4\framework\system\CodeIgniter.php(914): App\Controllers\Auth->change_password()
#3 E:\wamp64\www\policy-master\vendor\codeigniter4\framework\system\CodeIgniter.php(400): CodeIgniter\CodeIgniter->runController(Object(App\Controllers\Auth))
#4 E:\wamp64\www\policy-master\vendor\codeigniter4\framework\system\CodeIgniter.php(308): CodeIgniter\CodeIgniter->handleRequest(NULL, Object(Config\Cache), false)
#5 E:\wamp64\www\policy-master\index.php(84): CodeIgniter\CodeIgniter->run()
#6 {main}
CRITICAL - 2020-08-10 00:35:08 --> syntax error, unexpected '$getresult' (T_VARIABLE)
#0 E:\wamp64\www\policy-master\vendor\codeigniter4\framework\system\Router\Router.php(192): CodeIgniter\Router\Router->autoRoute('/auth/change_pa...')
#1 E:\wamp64\www\policy-master\vendor\codeigniter4\framework\system\CodeIgniter.php(789): CodeIgniter\Router\Router->handle('/auth/change_pa...')
#2 E:\wamp64\www\policy-master\vendor\codeigniter4\framework\system\CodeIgniter.php(360): CodeIgniter\CodeIgniter->tryToRouteIt(Object(CodeIgniter\Router\RouteCollection))
#3 E:\wamp64\www\policy-master\vendor\codeigniter4\framework\system\CodeIgniter.php(308): CodeIgniter\CodeIgniter->handleRequest(NULL, Object(Config\Cache), false)
#4 E:\wamp64\www\policy-master\index.php(84): CodeIgniter\CodeIgniter->run()
#5 {main}
CRITICAL - 2020-08-10 00:35:28 --> hashPassword is not a valid Model Event callback.
#0 E:\wamp64\www\policy-master\vendor\codeigniter4\framework\system\Model.php(1630): CodeIgniter\Database\Exceptions\DataException::forInvalidMethodTriggered('hashPassword')
#1 E:\wamp64\www\policy-master\vendor\codeigniter4\framework\system\Model.php(852): CodeIgniter\Model->trigger('beforeUpdate', Array)
#2 E:\wamp64\www\policy-master\app\Controllers\Auth.php(157): CodeIgniter\Model->update(Array, Array)
#3 E:\wamp64\www\policy-master\vendor\codeigniter4\framework\system\CodeIgniter.php(914): App\Controllers\Auth->change_password()
#4 E:\wamp64\www\policy-master\vendor\codeigniter4\framework\system\CodeIgniter.php(400): CodeIgniter\CodeIgniter->runController(Object(App\Controllers\Auth))
#5 E:\wamp64\www\policy-master\vendor\codeigniter4\framework\system\CodeIgniter.php(308): CodeIgniter\CodeIgniter->handleRequest(NULL, Object(Config\Cache), false)
#6 E:\wamp64\www\policy-master\index.php(84): CodeIgniter\CodeIgniter->run()
#7 {main}
CRITICAL - 2020-08-10 00:36:17 --> hashPassword is not a valid Model Event callback.
#0 E:\wamp64\www\policy-master\vendor\codeigniter4\framework\system\Model.php(1630): CodeIgniter\Database\Exceptions\DataException::forInvalidMethodTriggered('hashPassword')
#1 E:\wamp64\www\policy-master\vendor\codeigniter4\framework\system\Model.php(852): CodeIgniter\Model->trigger('beforeUpdate', Array)
#2 E:\wamp64\www\policy-master\app\Controllers\Auth.php(158): CodeIgniter\Model->update(Array, Array)
#3 E:\wamp64\www\policy-master\vendor\codeigniter4\framework\system\CodeIgniter.php(914): App\Controllers\Auth->change_password()
#4 E:\wamp64\www\policy-master\vendor\codeigniter4\framework\system\CodeIgniter.php(400): CodeIgniter\CodeIgniter->runController(Object(App\Controllers\Auth))
#5 E:\wamp64\www\policy-master\vendor\codeigniter4\framework\system\CodeIgniter.php(308): CodeIgniter\CodeIgniter->handleRequest(NULL, Object(Config\Cache), false)
#6 E:\wamp64\www\policy-master\index.php(84): CodeIgniter\CodeIgniter->run()
#7 {main}
CRITICAL - 2020-08-10 00:36:39 --> hashPassword is not a valid Model Event callback.
#0 E:\wamp64\www\policy-master\vendor\codeigniter4\framework\system\Model.php(1630): CodeIgniter\Database\Exceptions\DataException::forInvalidMethodTriggered('hashPassword')
#1 E:\wamp64\www\policy-master\vendor\codeigniter4\framework\system\Model.php(852): CodeIgniter\Model->trigger('beforeUpdate', Array)
#2 E:\wamp64\www\policy-master\app\Controllers\Auth.php(158): CodeIgniter\Model->update(Array, Array)
#3 E:\wamp64\www\policy-master\vendor\codeigniter4\framework\system\CodeIgniter.php(914): App\Controllers\Auth->change_password()
#4 E:\wamp64\www\policy-master\vendor\codeigniter4\framework\system\CodeIgniter.php(400): CodeIgniter\CodeIgniter->runController(Object(App\Controllers\Auth))
#5 E:\wamp64\www\policy-master\vendor\codeigniter4\framework\system\CodeIgniter.php(308): CodeIgniter\CodeIgniter->handleRequest(NULL, Object(Config\Cache), false)
#6 E:\wamp64\www\policy-master\index.php(84): CodeIgniter\CodeIgniter->run()
#7 {main}
CRITICAL - 2020-08-10 00:38:09 --> hashPassword is not a valid Model Event callback.
#0 E:\wamp64\www\policy-master\vendor\codeigniter4\framework\system\Model.php(1630): CodeIgniter\Database\Exceptions\DataException::forInvalidMethodTriggered('hashPassword')
#1 E:\wamp64\www\policy-master\vendor\codeigniter4\framework\system\Model.php(852): CodeIgniter\Model->trigger('beforeUpdate', Array)
#2 E:\wamp64\www\policy-master\app\Controllers\Auth.php(159): CodeIgniter\Model->update(Array, Array)
#3 E:\wamp64\www\policy-master\vendor\codeigniter4\framework\system\CodeIgniter.php(914): App\Controllers\Auth->change_password()
#4 E:\wamp64\www\policy-master\vendor\codeigniter4\framework\system\CodeIgniter.php(400): CodeIgniter\CodeIgniter->runController(Object(App\Controllers\Auth))
#5 E:\wamp64\www\policy-master\vendor\codeigniter4\framework\system\CodeIgniter.php(308): CodeIgniter\CodeIgniter->handleRequest(NULL, Object(Config\Cache), false)
#6 E:\wamp64\www\policy-master\index.php(84): CodeIgniter\CodeIgniter->run()
#7 {main}
CRITICAL - 2020-08-10 00:38:32 --> hashPassword is not a valid Model Event callback.
#0 E:\wamp64\www\policy-master\vendor\codeigniter4\framework\system\Model.php(1630): CodeIgniter\Database\Exceptions\DataException::forInvalidMethodTriggered('hashPassword')
#1 E:\wamp64\www\policy-master\vendor\codeigniter4\framework\system\Model.php(852): CodeIgniter\Model->trigger('beforeUpdate', Array)
#2 E:\wamp64\www\policy-master\app\Controllers\Auth.php(159): CodeIgniter\Model->update(Array, Array)
#3 E:\wamp64\www\policy-master\vendor\codeigniter4\framework\system\CodeIgniter.php(914): App\Controllers\Auth->change_password()
#4 E:\wamp64\www\policy-master\vendor\codeigniter4\framework\system\CodeIgniter.php(400): CodeIgniter\CodeIgniter->runController(Object(App\Controllers\Auth))
#5 E:\wamp64\www\policy-master\vendor\codeigniter4\framework\system\CodeIgniter.php(308): CodeIgniter\CodeIgniter->handleRequest(NULL, Object(Config\Cache), false)
#6 E:\wamp64\www\policy-master\index.php(84): CodeIgniter\CodeIgniter->run()
#7 {main}
CRITICAL - 2020-08-10 00:41:04 --> Table 'policy_master.admin1' doesn't exist
#0 E:\wamp64\www\policy-master\vendor\codeigniter4\framework\system\Database\MySQLi\Connection.php(331): mysqli->query('SELECT *\nFROM `...')
#1 E:\wamp64\www\policy-master\vendor\codeigniter4\framework\system\Database\BaseConnection.php(738): CodeIgniter\Database\MySQLi\Connection->execute('SELECT *\nFROM `...')
#2 E:\wamp64\www\policy-master\vendor\codeigniter4\framework\system\Database\BaseConnection.php(666): CodeIgniter\Database\BaseConnection->simpleQuery('SELECT *\nFROM `...')
#3 E:\wamp64\www\policy-master\vendor\codeigniter4\framework\system\Database\BaseBuilder.php(1845): CodeIgniter\Database\BaseConnection->query('SELECT *\nFROM `...', Array, false)
#4 E:\wamp64\www\policy-master\vendor\codeigniter4\framework\system\Model.php(489): CodeIgniter\Database\BaseBuilder->get()
#5 E:\wamp64\www\policy-master\app\Controllers\Auth.php(151): CodeIgniter\Model->first()
#6 E:\wamp64\www\policy-master\vendor\codeigniter4\framework\system\CodeIgniter.php(914): App\Controllers\Auth->change_password()
#7 E:\wamp64\www\policy-master\vendor\codeigniter4\framework\system\CodeIgniter.php(400): CodeIgniter\CodeIgniter->runController(Object(App\Controllers\Auth))
#8 E:\wamp64\www\policy-master\vendor\codeigniter4\framework\system\CodeIgniter.php(308): CodeIgniter\CodeIgniter->handleRequest(NULL, Object(Config\Cache), false)
#9 E:\wamp64\www\policy-master\index.php(84): CodeIgniter\CodeIgniter->run()
#10 {main}
CRITICAL - 2020-08-10 00:43:11 --> hashPassword is not a valid Model Event callback.
#0 E:\wamp64\www\policy-master\vendor\codeigniter4\framework\system\Model.php(1630): CodeIgniter\Database\Exceptions\DataException::forInvalidMethodTriggered('hashPassword')
#1 E:\wamp64\www\policy-master\vendor\codeigniter4\framework\system\Model.php(852): CodeIgniter\Model->trigger('beforeUpdate', Array)
#2 E:\wamp64\www\policy-master\app\Controllers\Auth.php(160): CodeIgniter\Model->update(Array, Array)
#3 E:\wamp64\www\policy-master\vendor\codeigniter4\framework\system\CodeIgniter.php(914): App\Controllers\Auth->change_password()
#4 E:\wamp64\www\policy-master\vendor\codeigniter4\framework\system\CodeIgniter.php(400): CodeIgniter\CodeIgniter->runController(Object(App\Controllers\Auth))
#5 E:\wamp64\www\policy-master\vendor\codeigniter4\framework\system\CodeIgniter.php(308): CodeIgniter\CodeIgniter->handleRequest(NULL, Object(Config\Cache), false)
#6 E:\wamp64\www\policy-master\index.php(84): CodeIgniter\CodeIgniter->run()
#7 {main}
CRITICAL - 2020-08-10 00:44:28 --> hashPassword is not a valid Model Event callback.
#0 E:\wamp64\www\policy-master\vendor\codeigniter4\framework\system\Model.php(1630): CodeIgniter\Database\Exceptions\DataException::forInvalidMethodTriggered('hashPassword')
#1 E:\wamp64\www\policy-master\vendor\codeigniter4\framework\system\Model.php(852): CodeIgniter\Model->trigger('beforeUpdate', Array)
#2 E:\wamp64\www\policy-master\app\Controllers\Auth.php(160): CodeIgniter\Model->update(Array, Array)
#3 E:\wamp64\www\policy-master\vendor\codeigniter4\framework\system\CodeIgniter.php(914): App\Controllers\Auth->change_password()
#4 E:\wamp64\www\policy-master\vendor\codeigniter4\framework\system\CodeIgniter.php(400): CodeIgniter\CodeIgniter->runController(Object(App\Controllers\Auth))
#5 E:\wamp64\www\policy-master\vendor\codeigniter4\framework\system\CodeIgniter.php(308): CodeIgniter\CodeIgniter->handleRequest(NULL, Object(Config\Cache), false)
#6 E:\wamp64\www\policy-master\index.php(84): CodeIgniter\CodeIgniter->run()
#7 {main}
CRITICAL - 2020-08-10 00:46:44 --> hashPassword is not a valid Model Event callback.
#0 E:\wamp64\www\policy-master\vendor\codeigniter4\framework\system\Model.php(1630): CodeIgniter\Database\Exceptions\DataException::forInvalidMethodTriggered('hashPassword')
#1 E:\wamp64\www\policy-master\vendor\codeigniter4\framework\system\Model.php(852): CodeIgniter\Model->trigger('beforeUpdate', Array)
#2 E:\wamp64\www\policy-master\app\Controllers\Auth.php(160): CodeIgniter\Model->update(Array, Array)
#3 E:\wamp64\www\policy-master\vendor\codeigniter4\framework\system\CodeIgniter.php(914): App\Controllers\Auth->change_password()
#4 E:\wamp64\www\policy-master\vendor\codeigniter4\framework\system\CodeIgniter.php(400): CodeIgniter\CodeIgniter->runController(Object(App\Controllers\Auth))
#5 E:\wamp64\www\policy-master\vendor\codeigniter4\framework\system\CodeIgniter.php(308): CodeIgniter\CodeIgniter->handleRequest(NULL, Object(Config\Cache), false)
#6 E:\wamp64\www\policy-master\index.php(84): CodeIgniter\CodeIgniter->run()
#7 {main}
CRITICAL - 2020-08-10 00:49:02 --> Use of undefined constant dei - assumed 'dei' (this will throw an Error in a future version of PHP)
#0 E:\wamp64\www\policy-master\app\Controllers\Auth.php(160): CodeIgniter\Debug\Exceptions->errorHandler(2, 'Use of undefine...', 'E:\\wamp64\\www\\p...', 160, Array)
#1 E:\wamp64\www\policy-master\vendor\codeigniter4\framework\system\CodeIgniter.php(914): App\Controllers\Auth->change_password()
#2 E:\wamp64\www\policy-master\vendor\codeigniter4\framework\system\CodeIgniter.php(400): CodeIgniter\CodeIgniter->runController(Object(App\Controllers\Auth))
#3 E:\wamp64\www\policy-master\vendor\codeigniter4\framework\system\CodeIgniter.php(308): CodeIgniter\CodeIgniter->handleRequest(NULL, Object(Config\Cache), false)
#4 E:\wamp64\www\policy-master\index.php(84): CodeIgniter\CodeIgniter->run()
#5 {main}
CRITICAL - 2020-08-10 00:49:31 --> hashPassword is not a valid Model Event callback.
#0 E:\wamp64\www\policy-master\vendor\codeigniter4\framework\system\Model.php(1630): CodeIgniter\Database\Exceptions\DataException::forInvalidMethodTriggered('hashPassword')
#1 E:\wamp64\www\policy-master\vendor\codeigniter4\framework\system\Model.php(852): CodeIgniter\Model->trigger('beforeUpdate', Array)
#2 E:\wamp64\www\policy-master\app\Controllers\Auth.php(160): CodeIgniter\Model->update(Array, Array)
#3 E:\wamp64\www\policy-master\vendor\codeigniter4\framework\system\CodeIgniter.php(914): App\Controllers\Auth->change_password()
#4 E:\wamp64\www\policy-master\vendor\codeigniter4\framework\system\CodeIgniter.php(400): CodeIgniter\CodeIgniter->runController(Object(App\Controllers\Auth))
#5 E:\wamp64\www\policy-master\vendor\codeigniter4\framework\system\CodeIgniter.php(308): CodeIgniter\CodeIgniter->handleRequest(NULL, Object(Config\Cache), false)
#6 E:\wamp64\www\policy-master\index.php(84): CodeIgniter\CodeIgniter->run()
#7 {main}
CRITICAL - 2020-08-10 00:50:33 --> hashPassword is not a valid Model Event callback.
#0 E:\wamp64\www\policy-master\vendor\codeigniter4\framework\system\Model.php(1630): CodeIgniter\Database\Exceptions\DataException::forInvalidMethodTriggered('hashPassword')
#1 E:\wamp64\www\policy-master\vendor\codeigniter4\framework\system\Model.php(852): CodeIgniter\Model->trigger('beforeUpdate', Array)
#2 E:\wamp64\www\policy-master\app\Controllers\Auth.php(158): CodeIgniter\Model->update(Array, Array)
#3 E:\wamp64\www\policy-master\vendor\codeigniter4\framework\system\CodeIgniter.php(914): App\Controllers\Auth->change_password()
#4 E:\wamp64\www\policy-master\vendor\codeigniter4\framework\system\CodeIgniter.php(400): CodeIgniter\CodeIgniter->runController(Object(App\Controllers\Auth))
#5 E:\wamp64\www\policy-master\vendor\codeigniter4\framework\system\CodeIgniter.php(308): CodeIgniter\CodeIgniter->handleRequest(NULL, Object(Config\Cache), false)
#6 E:\wamp64\www\policy-master\index.php(84): CodeIgniter\CodeIgniter->run()
#7 {main}
CRITICAL - 2020-08-10 01:39:28 --> Too few arguments to function App\Controllers\Company::profile(), 0 passed in E:\wamp64\www\policy-master\vendor\codeigniter4\framework\system\CodeIgniter.php on line 914 and exactly 1 expected
#0 E:\wamp64\www\policy-master\vendor\codeigniter4\framework\system\CodeIgniter.php(914): App\Controllers\Company->profile()
#1 E:\wamp64\www\policy-master\vendor\codeigniter4\framework\system\CodeIgniter.php(400): CodeIgniter\CodeIgniter->runController(Object(App\Controllers\Company))
#2 E:\wamp64\www\policy-master\vendor\codeigniter4\framework\system\CodeIgniter.php(308): CodeIgniter\CodeIgniter->handleRequest(NULL, Object(Config\Cache), false)
#3 E:\wamp64\www\policy-master\index.php(84): CodeIgniter\CodeIgniter->run()
#4 {main}
CRITICAL - 2020-08-10 01:41:47 --> Too few arguments to function App\Controllers\Company::profile(), 0 passed in E:\wamp64\www\policy-master\vendor\codeigniter4\framework\system\CodeIgniter.php on line 914 and exactly 1 expected
#0 E:\wamp64\www\policy-master\vendor\codeigniter4\framework\system\CodeIgniter.php(914): App\Controllers\Company->profile()
#1 E:\wamp64\www\policy-master\vendor\codeigniter4\framework\system\CodeIgniter.php(400): CodeIgniter\CodeIgniter->runController(Object(App\Controllers\Company))
#2 E:\wamp64\www\policy-master\vendor\codeigniter4\framework\system\CodeIgniter.php(308): CodeIgniter\CodeIgniter->handleRequest(NULL, Object(Config\Cache), false)
#3 E:\wamp64\www\policy-master\index.php(84): CodeIgniter\CodeIgniter->run()
#4 {main}
CRITICAL - 2020-08-10 01:57:09 --> Undefined index: address
#0 E:\wamp64\www\policy-master\app\Views\company\profile.php(118): CodeIgniter\Debug\Exceptions->errorHandler(8, 'Undefined index...', 'E:\\wamp64\\www\\p...', 118, Array)
#1 E:\wamp64\www\policy-master\vendor\codeigniter4\framework\system\View\View.php(246): include('E:\\wamp64\\www\\p...')
#2 E:\wamp64\www\policy-master\vendor\codeigniter4\framework\system\Common.php(1087): CodeIgniter\View\View->render('company/profile', Array, true)
#3 E:\wamp64\www\policy-master\app\Controllers\BaseController.php(53): view('company/profile', Array)
#4 E:\wamp64\www\policy-master\app\Controllers\Company.php(37): App\Controllers\BaseController->render_page('company/profile', Array)
#5 E:\wamp64\www\policy-master\vendor\codeigniter4\framework\system\CodeIgniter.php(914): App\Controllers\Company->profile()
#6 E:\wamp64\www\policy-master\vendor\codeigniter4\framework\system\CodeIgniter.php(400): CodeIgniter\CodeIgniter->runController(Object(App\Controllers\Company))
#7 E:\wamp64\www\policy-master\vendor\codeigniter4\framework\system\CodeIgniter.php(308): CodeIgniter\CodeIgniter->handleRequest(NULL, Object(Config\Cache), false)
#8 E:\wamp64\www\policy-master\index.php(84): CodeIgniter\CodeIgniter->run()
#9 {main}
CRITICAL - 2020-08-10 03:38:02 --> Undefined variable: model
#0 E:\wamp64\www\policy-master\app\Controllers\InsuranceType.php(13): CodeIgniter\Debug\Exceptions->errorHandler(8, 'Undefined varia...', 'E:\\wamp64\\www\\p...', 13, Array)
#1 E:\wamp64\www\policy-master\vendor\codeigniter4\framework\system\CodeIgniter.php(914): App\Controllers\InsuranceType->index()
#2 E:\wamp64\www\policy-master\vendor\codeigniter4\framework\system\CodeIgniter.php(400): CodeIgniter\CodeIgniter->runController(Object(App\Controllers\InsuranceType))
#3 E:\wamp64\www\policy-master\vendor\codeigniter4\framework\system\CodeIgniter.php(308): CodeIgniter\CodeIgniter->handleRequest(NULL, Object(Config\Cache), false)
#4 E:\wamp64\www\policy-master\index.php(84): CodeIgniter\CodeIgniter->run()
#5 {main}
CRITICAL - 2020-08-10 03:40:57 --> syntax error, unexpected '$model' (T_VARIABLE)
#0 E:\wamp64\www\policy-master\vendor\codeigniter4\framework\system\Router\Router.php(192): CodeIgniter\Router\Router->autoRoute('/insurancetype/...')
#1 E:\wamp64\www\policy-master\vendor\codeigniter4\framework\system\CodeIgniter.php(789): CodeIgniter\Router\Router->handle('/insurancetype/...')
#2 E:\wamp64\www\policy-master\vendor\codeigniter4\framework\system\CodeIgniter.php(360): CodeIgniter\CodeIgniter->tryToRouteIt(Object(CodeIgniter\Router\RouteCollection))
#3 E:\wamp64\www\policy-master\vendor\codeigniter4\framework\system\CodeIgniter.php(308): CodeIgniter\CodeIgniter->handleRequest(NULL, Object(Config\Cache), false)
#4 E:\wamp64\www\policy-master\index.php(84): CodeIgniter\CodeIgniter->run()
#5 {main}
CRITICAL - 2020-08-10 03:50:58 --> Unknown column 'description' in 'field list'
#0 E:\wamp64\www\policy-master\vendor\codeigniter4\framework\system\Database\MySQLi\Connection.php(331): mysqli->query('INSERT INTO `in...')
#1 E:\wamp64\www\policy-master\vendor\codeigniter4\framework\system\Database\BaseConnection.php(738): CodeIgniter\Database\MySQLi\Connection->execute('INSERT INTO `in...')
#2 E:\wamp64\www\policy-master\vendor\codeigniter4\framework\system\Database\BaseConnection.php(666): CodeIgniter\Database\BaseConnection->simpleQuery('INSERT INTO `in...')
#3 E:\wamp64\www\policy-master\vendor\codeigniter4\framework\system\Database\BaseBuilder.php(2234): CodeIgniter\Database\BaseConnection->query('INSERT INTO `in...', Array, false)
#4 E:\wamp64\www\policy-master\vendor\codeigniter4\framework\system\Model.php(729): CodeIgniter\Database\BaseBuilder->insert()
#5 E:\wamp64\www\policy-master\app\Controllers\InsuranceType.php(43): CodeIgniter\Model->insert(Array)
#6 E:\wamp64\www\policy-master\vendor\codeigniter4\framework\system\CodeIgniter.php(914): App\Controllers\InsuranceType->add()
#7 E:\wamp64\www\policy-master\vendor\codeigniter4\framework\system\CodeIgniter.php(400): CodeIgniter\CodeIgniter->runController(Object(App\Controllers\InsuranceType))
#8 E:\wamp64\www\policy-master\vendor\codeigniter4\framework\system\CodeIgniter.php(308): CodeIgniter\CodeIgniter->handleRequest(NULL, Object(Config\Cache), false)
#9 E:\wamp64\www\policy-master\index.php(84): CodeIgniter\CodeIgniter->run()
#10 {main}
CRITICAL - 2020-08-10 04:03:52 --> Invalid file: masters/insurancetype/edit.php
#0 E:\wamp64\www\policy-master\vendor\codeigniter4\framework\system\View\View.php(228): CodeIgniter\Exceptions\FrameworkException::forInvalidFile('masters/insuran...')
#1 E:\wamp64\www\policy-master\vendor\codeigniter4\framework\system\Common.php(1087): CodeIgniter\View\View->render('masters/insuran...', Array, true)
#2 E:\wamp64\www\policy-master\app\Controllers\BaseController.php(53): view('masters/insuran...', Array)
#3 E:\wamp64\www\policy-master\app\Controllers\InsuranceType.php(74): App\Controllers\BaseController->render_page('masters/insuran...', Array)
#4 E:\wamp64\www\policy-master\vendor\codeigniter4\framework\system\CodeIgniter.php(914): App\Controllers\InsuranceType->edit('2')
#5 E:\wamp64\www\policy-master\vendor\codeigniter4\framework\system\CodeIgniter.php(400): CodeIgniter\CodeIgniter->runController(Object(App\Controllers\InsuranceType))
#6 E:\wamp64\www\policy-master\vendor\codeigniter4\framework\system\CodeIgniter.php(308): CodeIgniter\CodeIgniter->handleRequest(NULL, Object(Config\Cache), false)
#7 E:\wamp64\www\policy-master\index.php(84): CodeIgniter\CodeIgniter->run()
#8 {main}
CRITICAL - 2020-08-10 04:03:52 --> Invalid file: masters/insurancetype/edit.php
#0 E:\wamp64\www\policy-master\vendor\codeigniter4\framework\system\View\View.php(228): CodeIgniter\Exceptions\FrameworkException::forInvalidFile('masters/insuran...')
#1 E:\wamp64\www\policy-master\vendor\codeigniter4\framework\system\Common.php(1087): CodeIgniter\View\View->render('masters/insuran...', Array, true)
#2 E:\wamp64\www\policy-master\app\Controllers\BaseController.php(53): view('masters/insuran...', Array)
#3 E:\wamp64\www\policy-master\app\Controllers\InsuranceType.php(74): App\Controllers\BaseController->render_page('masters/insuran...', Array)
#4 E:\wamp64\www\policy-master\vendor\codeigniter4\framework\system\CodeIgniter.php(914): App\Controllers\InsuranceType->edit('dist', 'img', 'user1-128x128.j...')
#5 E:\wamp64\www\policy-master\vendor\codeigniter4\framework\system\CodeIgniter.php(400): CodeIgniter\CodeIgniter->runController(Object(App\Controllers\InsuranceType))
#6 E:\wamp64\www\policy-master\vendor\codeigniter4\framework\system\CodeIgniter.php(308): CodeIgniter\CodeIgniter->handleRequest(NULL, Object(Config\Cache), false)
#7 E:\wamp64\www\policy-master\index.php(84): CodeIgniter\CodeIgniter->run()
#8 {main}
CRITICAL - 2020-08-10 04:03:52 --> Invalid file: masters/insurancetype/edit.php
#0 E:\wamp64\www\policy-master\vendor\codeigniter4\framework\system\View\View.php(228): CodeIgniter\Exceptions\FrameworkException::forInvalidFile('masters/insuran...')
#1 E:\wamp64\www\policy-master\vendor\codeigniter4\framework\system\Common.php(1087): CodeIgniter\View\View->render('masters/insuran...', Array, true)
#2 E:\wamp64\www\policy-master\app\Controllers\BaseController.php(53): view('masters/insuran...', Array)
#3 E:\wamp64\www\policy-master\app\Controllers\InsuranceType.php(74): App\Controllers\BaseController->render_page('masters/insuran...', Array)
#4 E:\wamp64\www\policy-master\vendor\codeigniter4\framework\system\CodeIgniter.php(914): App\Controllers\InsuranceType->edit('dist', 'img', 'user8-128x128.j...')
#5 E:\wamp64\www\policy-master\vendor\codeigniter4\framework\system\CodeIgniter.php(400): CodeIgniter\CodeIgniter->runController(Object(App\Controllers\InsuranceType))
#6 E:\wamp64\www\policy-master\vendor\codeigniter4\framework\system\CodeIgniter.php(308): CodeIgniter\CodeIgniter->handleRequest(NULL, Object(Config\Cache), false)
#7 E:\wamp64\www\policy-master\index.php(84): CodeIgniter\CodeIgniter->run()
#8 {main}
CRITICAL - 2020-08-10 04:03:52 --> Invalid file: masters/insurancetype/edit.php
#0 E:\wamp64\www\policy-master\vendor\codeigniter4\framework\system\View\View.php(228): CodeIgniter\Exceptions\FrameworkException::forInvalidFile('masters/insuran...')
#1 E:\wamp64\www\policy-master\vendor\codeigniter4\framework\system\Common.php(1087): CodeIgniter\View\View->render('masters/insuran...', Array, true)
#2 E:\wamp64\www\policy-master\app\Controllers\BaseController.php(53): view('masters/insuran...', Array)
#3 E:\wamp64\www\policy-master\app\Controllers\InsuranceType.php(74): App\Controllers\BaseController->render_page('masters/insuran...', Array)
#4 E:\wamp64\www\policy-master\vendor\codeigniter4\framework\system\CodeIgniter.php(914): App\Controllers\InsuranceType->edit('dist', 'img', 'user3-128x128.j...')
#5 E:\wamp64\www\policy-master\vendor\codeigniter4\framework\system\CodeIgniter.php(400): CodeIgniter\CodeIgniter->runController(Object(App\Controllers\InsuranceType))
#6 E:\wamp64\www\policy-master\vendor\codeigniter4\framework\system\CodeIgniter.php(308): CodeIgniter\CodeIgniter->handleRequest(NULL, Object(Config\Cache), false)
#7 E:\wamp64\www\policy-master\index.php(84): CodeIgniter\CodeIgniter->run()
#8 {main}
CRITICAL - 2020-08-10 04:25:43 --> Invalid file: masters/insuranceclass/list.php
#0 E:\wamp64\www\policy-master\vendor\codeigniter4\framework\system\View\View.php(228): CodeIgniter\Exceptions\FrameworkException::forInvalidFile('masters/insuran...')
#1 E:\wamp64\www\policy-master\vendor\codeigniter4\framework\system\Common.php(1087): CodeIgniter\View\View->render('masters/insuran...', Array, true)
#2 E:\wamp64\www\policy-master\app\Controllers\BaseController.php(53): view('masters/insuran...', Array)
#3 E:\wamp64\www\policy-master\app\Controllers\InsuranceClass.php(17): App\Controllers\BaseController->render_page('masters/insuran...', Array)
#4 E:\wamp64\www\policy-master\vendor\codeigniter4\framework\system\CodeIgniter.php(914): App\Controllers\InsuranceClass->index()
#5 E:\wamp64\www\policy-master\vendor\codeigniter4\framework\system\CodeIgniter.php(400): CodeIgniter\CodeIgniter->runController(Object(App\Controllers\InsuranceClass))
#6 E:\wamp64\www\policy-master\vendor\codeigniter4\framework\system\CodeIgniter.php(308): CodeIgniter\CodeIgniter->handleRequest(NULL, Object(Config\Cache), false)
#7 E:\wamp64\www\policy-master\index.php(84): CodeIgniter\CodeIgniter->run()
#8 {main}
CRITICAL - 2020-08-10 04:39:21 --> Class 'App\Controllers\InsuranceTypeModel' not found
#0 E:\wamp64\www\policy-master\vendor\codeigniter4\framework\system\CodeIgniter.php(914): App\Controllers\InsuranceClass->add()
#1 E:\wamp64\www\policy-master\vendor\codeigniter4\framework\system\CodeIgniter.php(400): CodeIgniter\CodeIgniter->runController(Object(App\Controllers\InsuranceClass))
#2 E:\wamp64\www\policy-master\vendor\codeigniter4\framework\system\CodeIgniter.php(308): CodeIgniter\CodeIgniter->handleRequest(NULL, Object(Config\Cache), false)
#3 E:\wamp64\www\policy-master\index.php(84): CodeIgniter\CodeIgniter->run()
#4 {main}
CRITICAL - 2020-08-10 04:45:46 --> Undefined index: insurance_type_name
#0 E:\wamp64\www\policy-master\app\Views\masters\insuranceclass\list.php(36): CodeIgniter\Debug\Exceptions->errorHandler(8, 'Undefined index...', 'E:\\wamp64\\www\\p...', 36, Array)
#1 E:\wamp64\www\policy-master\vendor\codeigniter4\framework\system\View\View.php(246): include('E:\\wamp64\\www\\p...')
#2 E:\wamp64\www\policy-master\vendor\codeigniter4\framework\system\Common.php(1087): CodeIgniter\View\View->render('masters/insuran...', Array, true)
#3 E:\wamp64\www\policy-master\app\Controllers\BaseController.php(53): view('masters/insuran...', Array)
#4 E:\wamp64\www\policy-master\app\Controllers\InsuranceClass.php(17): App\Controllers\BaseController->render_page('masters/insuran...', Array)
#5 E:\wamp64\www\policy-master\vendor\codeigniter4\framework\system\CodeIgniter.php(914): App\Controllers\InsuranceClass->index()
#6 E:\wamp64\www\policy-master\vendor\codeigniter4\framework\system\CodeIgniter.php(400): CodeIgniter\CodeIgniter->runController(Object(App\Controllers\InsuranceClass))
#7 E:\wamp64\www\policy-master\vendor\codeigniter4\framework\system\CodeIgniter.php(308): CodeIgniter\CodeIgniter->handleRequest(NULL, Object(Config\Cache), false)
#8 E:\wamp64\www\policy-master\index.php(84): CodeIgniter\CodeIgniter->run()
#9 {main}
CRITICAL - 2020-08-10 05:08:00 --> Class 'App\Controllers\InsuranceClassModel' not found
#0 E:\wamp64\www\policy-master\vendor\codeigniter4\framework\system\CodeIgniter.php(914): App\Controllers\InsuranceCompany->add()
#1 E:\wamp64\www\policy-master\vendor\codeigniter4\framework\system\CodeIgniter.php(400): CodeIgniter\CodeIgniter->runController(Object(App\Controllers\InsuranceCompany))
#2 E:\wamp64\www\policy-master\vendor\codeigniter4\framework\system\CodeIgniter.php(308): CodeIgniter\CodeIgniter->handleRequest(NULL, Object(Config\Cache), false)
#3 E:\wamp64\www\policy-master\index.php(84): CodeIgniter\CodeIgniter->run()
#4 {main}
CRITICAL - 2020-08-10 05:12:53 --> Unknown column 'description' in 'field list'
#0 E:\wamp64\www\policy-master\vendor\codeigniter4\framework\system\Database\MySQLi\Connection.php(331): mysqli->query('INSERT INTO `in...')
#1 E:\wamp64\www\policy-master\vendor\codeigniter4\framework\system\Database\BaseConnection.php(738): CodeIgniter\Database\MySQLi\Connection->execute('INSERT INTO `in...')
#2 E:\wamp64\www\policy-master\vendor\codeigniter4\framework\system\Database\BaseConnection.php(666): CodeIgniter\Database\BaseConnection->simpleQuery('INSERT INTO `in...')
#3 E:\wamp64\www\policy-master\vendor\codeigniter4\framework\system\Database\BaseBuilder.php(2234): CodeIgniter\Database\BaseConnection->query('INSERT INTO `in...', Array, false)
#4 E:\wamp64\www\policy-master\vendor\codeigniter4\framework\system\Model.php(729): CodeIgniter\Database\BaseBuilder->insert()
#5 E:\wamp64\www\policy-master\app\Controllers\InsuranceCompany.php(43): CodeIgniter\Model->insert(Array)
#6 E:\wamp64\www\policy-master\vendor\codeigniter4\framework\system\CodeIgniter.php(914): App\Controllers\InsuranceCompany->add()
#7 E:\wamp64\www\policy-master\vendor\codeigniter4\framework\system\CodeIgniter.php(400): CodeIgniter\CodeIgniter->runController(Object(App\Controllers\InsuranceCompany))
#8 E:\wamp64\www\policy-master\vendor\codeigniter4\framework\system\CodeIgniter.php(308): CodeIgniter\CodeIgniter->handleRequest(NULL, Object(Config\Cache), false)
#9 E:\wamp64\www\policy-master\index.php(84): CodeIgniter\CodeIgniter->run()
#10 {main}
CRITICAL - 2020-08-10 06:15:42 --> Class 'App\Models\BrokerCommissionModel' not found
#0 E:\wamp64\www\policy-master\vendor\codeigniter4\framework\system\CodeIgniter.php(914): App\Controllers\BrokerCommission->add()
#1 E:\wamp64\www\policy-master\vendor\codeigniter4\framework\system\CodeIgniter.php(400): CodeIgniter\CodeIgniter->runController(Object(App\Controllers\BrokerCommission))
#2 E:\wamp64\www\policy-master\vendor\codeigniter4\framework\system\CodeIgniter.php(308): CodeIgniter\CodeIgniter->handleRequest(NULL, Object(Config\Cache), false)
#3 E:\wamp64\www\policy-master\index.php(84): CodeIgniter\CodeIgniter->run()
#4 {main}
CRITICAL - 2020-08-10 06:18:18 --> Class 'App\Models\BrokerCommissionModel' not found
#0 E:\wamp64\www\policy-master\vendor\codeigniter4\framework\system\CodeIgniter.php(914): App\Controllers\BrokerCommission->add()
#1 E:\wamp64\www\policy-master\vendor\codeigniter4\framework\system\CodeIgniter.php(400): CodeIgniter\CodeIgniter->runController(Object(App\Controllers\BrokerCommission))
#2 E:\wamp64\www\policy-master\vendor\codeigniter4\framework\system\CodeIgniter.php(308): CodeIgniter\CodeIgniter->handleRequest(NULL, Object(Config\Cache), false)
#3 E:\wamp64\www\policy-master\index.php(84): CodeIgniter\CodeIgniter->run()
#4 {main}
CRITICAL - 2020-08-10 06:18:20 --> Class 'App\Models\BrokerCommissionModel' not found
#0 E:\wamp64\www\policy-master\vendor\codeigniter4\framework\system\CodeIgniter.php(914): App\Controllers\BrokerCommission->add()
#1 E:\wamp64\www\policy-master\vendor\codeigniter4\framework\system\CodeIgniter.php(400): CodeIgniter\CodeIgniter->runController(Object(App\Controllers\BrokerCommission))
#2 E:\wamp64\www\policy-master\vendor\codeigniter4\framework\system\CodeIgniter.php(308): CodeIgniter\CodeIgniter->handleRequest(NULL, Object(Config\Cache), false)
#3 E:\wamp64\www\policy-master\index.php(84): CodeIgniter\CodeIgniter->run()
#4 {main}
CRITICAL - 2020-08-10 06:18:44 --> Invalid file: brokercommission/add.php
#0 E:\wamp64\www\policy-master\vendor\codeigniter4\framework\system\View\View.php(228): CodeIgniter\Exceptions\FrameworkException::forInvalidFile('brokercommissio...')
#1 E:\wamp64\www\policy-master\vendor\codeigniter4\framework\system\Common.php(1087): CodeIgniter\View\View->render('brokercommissio...', Array, true)
#2 E:\wamp64\www\policy-master\app\Controllers\BaseController.php(53): view('brokercommissio...', Array)
#3 E:\wamp64\www\policy-master\app\Controllers\BrokerCommission.php(52): App\Controllers\BaseController->render_page('brokercommissio...', Array)
#4 E:\wamp64\www\policy-master\vendor\codeigniter4\framework\system\CodeIgniter.php(914): App\Controllers\BrokerCommission->add()
#5 E:\wamp64\www\policy-master\vendor\codeigniter4\framework\system\CodeIgniter.php(400): CodeIgniter\CodeIgniter->runController(Object(App\Controllers\BrokerCommission))
#6 E:\wamp64\www\policy-master\vendor\codeigniter4\framework\system\CodeIgniter.php(308): CodeIgniter\CodeIgniter->handleRequest(NULL, Object(Config\Cache), false)
#7 E:\wamp64\www\policy-master\index.php(84): CodeIgniter\CodeIgniter->run()
#8 {main}
CRITICAL - 2020-08-10 06:25:05 --> Undefined index: insurance_class
#0 E:\wamp64\www\policy-master\app\Views\brokercommission\add.php(52): CodeIgniter\Debug\Exceptions->errorHandler(8, 'Undefined index...', 'E:\\wamp64\\www\\p...', 52, Array)
#1 E:\wamp64\www\policy-master\vendor\codeigniter4\framework\system\View\View.php(246): include('E:\\wamp64\\www\\p...')
#2 E:\wamp64\www\policy-master\vendor\codeigniter4\framework\system\Common.php(1087): CodeIgniter\View\View->render('brokercommissio...', Array, true)
#3 E:\wamp64\www\policy-master\app\Controllers\BaseController.php(53): view('brokercommissio...', Array)
#4 E:\wamp64\www\policy-master\app\Controllers\BrokerCommission.php(52): App\Controllers\BaseController->render_page('brokercommissio...', Array)
#5 E:\wamp64\www\policy-master\vendor\codeigniter4\framework\system\CodeIgniter.php(914): App\Controllers\BrokerCommission->add()
#6 E:\wamp64\www\policy-master\vendor\codeigniter4\framework\system\CodeIgniter.php(400): CodeIgniter\CodeIgniter->runController(Object(App\Controllers\BrokerCommission))
#7 E:\wamp64\www\policy-master\vendor\codeigniter4\framework\system\CodeIgniter.php(308): CodeIgniter\CodeIgniter->handleRequest(NULL, Object(Config\Cache), false)
#8 E:\wamp64\www\policy-master\index.php(84): CodeIgniter\CodeIgniter->run()
#9 {main}
CRITICAL - 2020-08-10 06:25:43 --> Undefined index: insurance_type
#0 E:\wamp64\www\policy-master\app\Views\brokercommission\add.php(63): CodeIgniter\Debug\Exceptions->errorHandler(8, 'Undefined index...', 'E:\\wamp64\\www\\p...', 63, Array)
#1 E:\wamp64\www\policy-master\vendor\codeigniter4\framework\system\View\View.php(246): include('E:\\wamp64\\www\\p...')
#2 E:\wamp64\www\policy-master\vendor\codeigniter4\framework\system\Common.php(1087): CodeIgniter\View\View->render('brokercommissio...', Array, true)
#3 E:\wamp64\www\policy-master\app\Controllers\BaseController.php(53): view('brokercommissio...', Array)
#4 E:\wamp64\www\policy-master\app\Controllers\BrokerCommission.php(52): App\Controllers\BaseController->render_page('brokercommissio...', Array)
#5 E:\wamp64\www\policy-master\vendor\codeigniter4\framework\system\CodeIgniter.php(914): App\Controllers\BrokerCommission->add()
#6 E:\wamp64\www\policy-master\vendor\codeigniter4\framework\system\CodeIgniter.php(400): CodeIgniter\CodeIgniter->runController(Object(App\Controllers\BrokerCommission))
#7 E:\wamp64\www\policy-master\vendor\codeigniter4\framework\system\CodeIgniter.php(308): CodeIgniter\CodeIgniter->handleRequest(NULL, Object(Config\Cache), false)
#8 E:\wamp64\www\policy-master\index.php(84): CodeIgniter\CodeIgniter->run()
#9 {main}
CRITICAL - 2020-08-10 06:44:51 --> Unknown column 'fk_insurance_company' in 'field list'
#0 E:\wamp64\www\policy-master\vendor\codeigniter4\framework\system\Database\MySQLi\Connection.php(331): mysqli->query('INSERT INTO `br...')
#1 E:\wamp64\www\policy-master\vendor\codeigniter4\framework\system\Database\BaseConnection.php(738): CodeIgniter\Database\MySQLi\Connection->execute('INSERT INTO `br...')
#2 E:\wamp64\www\policy-master\vendor\codeigniter4\framework\system\Database\BaseConnection.php(666): CodeIgniter\Database\BaseConnection->simpleQuery('INSERT INTO `br...')
#3 E:\wamp64\www\policy-master\vendor\codeigniter4\framework\system\Database\BaseBuilder.php(2234): CodeIgniter\Database\BaseConnection->query('INSERT INTO `br...', Array, false)
#4 E:\wamp64\www\policy-master\vendor\codeigniter4\framework\system\Model.php(729): CodeIgniter\Database\BaseBuilder->insert()
#5 E:\wamp64\www\policy-master\app\Controllers\BrokerCommission.php(61): CodeIgniter\Model->insert(Array)
#6 E:\wamp64\www\policy-master\vendor\codeigniter4\framework\system\CodeIgniter.php(914): App\Controllers\BrokerCommission->add()
#7 E:\wamp64\www\policy-master\vendor\codeigniter4\framework\system\CodeIgniter.php(400): CodeIgniter\CodeIgniter->runController(Object(App\Controllers\BrokerCommission))
#8 E:\wamp64\www\policy-master\vendor\codeigniter4\framework\system\CodeIgniter.php(308): CodeIgniter\CodeIgniter->handleRequest(NULL, Object(Config\Cache), false)
#9 E:\wamp64\www\policy-master\index.php(84): CodeIgniter\CodeIgniter->run()
#10 {main}
CRITICAL - 2020-08-10 06:46:18 --> You must use the "set" method to update an entry.
#0 E:\wamp64\www\policy-master\vendor\codeigniter4\framework\system\Database\BaseBuilder.php(2219): CodeIgniter\Database\BaseBuilder->validateInsert()
#1 E:\wamp64\www\policy-master\vendor\codeigniter4\framework\system\Model.php(729): CodeIgniter\Database\BaseBuilder->insert()
#2 E:\wamp64\www\policy-master\app\Controllers\BrokerCommission.php(61): CodeIgniter\Model->insert(Array)
#3 E:\wamp64\www\policy-master\vendor\codeigniter4\framework\system\CodeIgniter.php(914): App\Controllers\BrokerCommission->add()
#4 E:\wamp64\www\policy-master\vendor\codeigniter4\framework\system\CodeIgniter.php(400): CodeIgniter\CodeIgniter->runController(Object(App\Controllers\BrokerCommission))
#5 E:\wamp64\www\policy-master\vendor\codeigniter4\framework\system\CodeIgniter.php(308): CodeIgniter\CodeIgniter->handleRequest(NULL, Object(Config\Cache), false)
#6 E:\wamp64\www\policy-master\index.php(84): CodeIgniter\CodeIgniter->run()
#7 {main}
CRITICAL - 2020-08-10 06:47:04 --> You must use the "set" method to update an entry.
#0 E:\wamp64\www\policy-master\vendor\codeigniter4\framework\system\Database\BaseBuilder.php(2219): CodeIgniter\Database\BaseBuilder->validateInsert()
#1 E:\wamp64\www\policy-master\vendor\codeigniter4\framework\system\Model.php(729): CodeIgniter\Database\BaseBuilder->insert()
#2 E:\wamp64\www\policy-master\app\Controllers\BrokerCommission.php(61): CodeIgniter\Model->insert(Array)
#3 E:\wamp64\www\policy-master\vendor\codeigniter4\framework\system\CodeIgniter.php(914): App\Controllers\BrokerCommission->add()
#4 E:\wamp64\www\policy-master\vendor\codeigniter4\framework\system\CodeIgniter.php(400): CodeIgniter\CodeIgniter->runController(Object(App\Controllers\BrokerCommission))
#5 E:\wamp64\www\policy-master\vendor\codeigniter4\framework\system\CodeIgniter.php(308): CodeIgniter\CodeIgniter->handleRequest(NULL, Object(Config\Cache), false)
#6 E:\wamp64\www\policy-master\index.php(84): CodeIgniter\CodeIgniter->run()
#7 {main}
CRITICAL - 2020-08-10 06:48:16 --> You must use the "set" method to update an entry.
#0 E:\wamp64\www\policy-master\vendor\codeigniter4\framework\system\Database\BaseBuilder.php(2219): CodeIgniter\Database\BaseBuilder->validateInsert()
#1 E:\wamp64\www\policy-master\vendor\codeigniter4\framework\system\Model.php(729): CodeIgniter\Database\BaseBuilder->insert()
#2 E:\wamp64\www\policy-master\app\Controllers\BrokerCommission.php(60): CodeIgniter\Model->insert(Array)
#3 E:\wamp64\www\policy-master\vendor\codeigniter4\framework\system\CodeIgniter.php(914): App\Controllers\BrokerCommission->add()
#4 E:\wamp64\www\policy-master\vendor\codeigniter4\framework\system\CodeIgniter.php(400): CodeIgniter\CodeIgniter->runController(Object(App\Controllers\BrokerCommission))
#5 E:\wamp64\www\policy-master\vendor\codeigniter4\framework\system\CodeIgniter.php(308): CodeIgniter\CodeIgniter->handleRequest(NULL, Object(Config\Cache), false)
#6 E:\wamp64\www\policy-master\index.php(84): CodeIgniter\CodeIgniter->run()
#7 {main}
CRITICAL - 2020-08-10 06:51:37 --> Undefined index: client_type
#0 E:\wamp64\www\policy-master\app\Views\brokercommission\list.php(36): CodeIgniter\Debug\Exceptions->errorHandler(8, 'Undefined index...', 'E:\\wamp64\\www\\p...', 36, Array)
#1 E:\wamp64\www\policy-master\vendor\codeigniter4\framework\system\View\View.php(246): include('E:\\wamp64\\www\\p...')
#2 E:\wamp64\www\policy-master\vendor\codeigniter4\framework\system\Common.php(1087): CodeIgniter\View\View->render('brokercommissio...', Array, true)
#3 E:\wamp64\www\policy-master\app\Controllers\BaseController.php(53): view('brokercommissio...', Array)
#4 E:\wamp64\www\policy-master\app\Controllers\BrokerCommission.php(20): App\Controllers\BaseController->render_page('brokercommissio...', Array)
#5 E:\wamp64\www\policy-master\vendor\codeigniter4\framework\system\CodeIgniter.php(914): App\Controllers\BrokerCommission->index()
#6 E:\wamp64\www\policy-master\vendor\codeigniter4\framework\system\CodeIgniter.php(400): CodeIgniter\CodeIgniter->runController(Object(App\Controllers\BrokerCommission))
#7 E:\wamp64\www\policy-master\vendor\codeigniter4\framework\system\CodeIgniter.php(308): CodeIgniter\CodeIgniter->handleRequest(NULL, Object(Config\Cache), false)
#8 E:\wamp64\www\policy-master\index.php(84): CodeIgniter\CodeIgniter->run()
#9 {main}
CRITICAL - 2020-08-10 06:53:06 --> Undefined index: fk_insurance_type
#0 E:\wamp64\www\policy-master\app\Views\brokercommission\list.php(37): CodeIgniter\Debug\Exceptions->errorHandler(8, 'Undefined index...', 'E:\\wamp64\\www\\p...', 37, Array)
#1 E:\wamp64\www\policy-master\vendor\codeigniter4\framework\system\View\View.php(246): include('E:\\wamp64\\www\\p...')
#2 E:\wamp64\www\policy-master\vendor\codeigniter4\framework\system\Common.php(1087): CodeIgniter\View\View->render('brokercommissio...', Array, true)
#3 E:\wamp64\www\policy-master\app\Controllers\BaseController.php(53): view('brokercommissio...', Array)
#4 E:\wamp64\www\policy-master\app\Controllers\BrokerCommission.php(20): App\Controllers\BaseController->render_page('brokercommissio...', Array)
#5 E:\wamp64\www\policy-master\vendor\codeigniter4\framework\system\CodeIgniter.php(914): App\Controllers\BrokerCommission->index()
#6 E:\wamp64\www\policy-master\vendor\codeigniter4\framework\system\CodeIgniter.php(400): CodeIgniter\CodeIgniter->runController(Object(App\Controllers\BrokerCommission))
#7 E:\wamp64\www\policy-master\vendor\codeigniter4\framework\system\CodeIgniter.php(308): CodeIgniter\CodeIgniter->handleRequest(NULL, Object(Config\Cache), false)
#8 E:\wamp64\www\policy-master\index.php(84): CodeIgniter\CodeIgniter->run()
#9 {main}
CRITICAL - 2020-08-10 06:56:12 --> Invalid file: brokercommission/edit.php
#0 E:\wamp64\www\policy-master\vendor\codeigniter4\framework\system\View\View.php(228): CodeIgniter\Exceptions\FrameworkException::forInvalidFile('brokercommissio...')
#1 E:\wamp64\www\policy-master\vendor\codeigniter4\framework\system\Common.php(1087): CodeIgniter\View\View->render('brokercommissio...', Array, true)
#2 E:\wamp64\www\policy-master\app\Controllers\BaseController.php(53): view('brokercommissio...', Array)
#3 E:\wamp64\www\policy-master\app\Controllers\BrokerCommission.php(95): App\Controllers\BaseController->render_page('brokercommissio...', Array)
#4 E:\wamp64\www\policy-master\vendor\codeigniter4\framework\system\CodeIgniter.php(914): App\Controllers\BrokerCommission->edit('2')
#5 E:\wamp64\www\policy-master\vendor\codeigniter4\framework\system\CodeIgniter.php(400): CodeIgniter\CodeIgniter->runController(Object(App\Controllers\BrokerCommission))
#6 E:\wamp64\www\policy-master\vendor\codeigniter4\framework\system\CodeIgniter.php(308): CodeIgniter\CodeIgniter->handleRequest(NULL, Object(Config\Cache), false)
#7 E:\wamp64\www\policy-master\index.php(84): CodeIgniter\CodeIgniter->run()
#8 {main}
CRITICAL - 2020-08-10 06:56:12 --> Invalid file: brokercommission/edit.php
#0 E:\wamp64\www\policy-master\vendor\codeigniter4\framework\system\View\View.php(228): CodeIgniter\Exceptions\FrameworkException::forInvalidFile('brokercommissio...')
#1 E:\wamp64\www\policy-master\vendor\codeigniter4\framework\system\Common.php(1087): CodeIgniter\View\View->render('brokercommissio...', Array, true)
#2 E:\wamp64\www\policy-master\app\Controllers\BaseController.php(53): view('brokercommissio...', Array)
#3 E:\wamp64\www\policy-master\app\Controllers\BrokerCommission.php(95): App\Controllers\BaseController->render_page('brokercommissio...', Array)
#4 E:\wamp64\www\policy-master\vendor\codeigniter4\framework\system\CodeIgniter.php(914): App\Controllers\BrokerCommission->edit('dist', 'img', 'user1-128x128.j...')
#5 E:\wamp64\www\policy-master\vendor\codeigniter4\framework\system\CodeIgniter.php(400): CodeIgniter\CodeIgniter->runController(Object(App\Controllers\BrokerCommission))
#6 E:\wamp64\www\policy-master\vendor\codeigniter4\framework\system\CodeIgniter.php(308): CodeIgniter\CodeIgniter->handleRequest(NULL, Object(Config\Cache), false)
#7 E:\wamp64\www\policy-master\index.php(84): CodeIgniter\CodeIgniter->run()
#8 {main}
CRITICAL - 2020-08-10 06:56:12 --> Invalid file: brokercommission/edit.php
#0 E:\wamp64\www\policy-master\vendor\codeigniter4\framework\system\View\View.php(228): CodeIgniter\Exceptions\FrameworkException::forInvalidFile('brokercommissio...')
#1 E:\wamp64\www\policy-master\vendor\codeigniter4\framework\system\Common.php(1087): CodeIgniter\View\View->render('brokercommissio...', Array, true)
#2 E:\wamp64\www\policy-master\app\Controllers\BaseController.php(53): view('brokercommissio...', Array)
#3 E:\wamp64\www\policy-master\app\Controllers\BrokerCommission.php(95): App\Controllers\BaseController->render_page('brokercommissio...', Array)
#4 E:\wamp64\www\policy-master\vendor\codeigniter4\framework\system\CodeIgniter.php(914): App\Controllers\BrokerCommission->edit('dist', 'img', 'user8-128x128.j...')
#5 E:\wamp64\www\policy-master\vendor\codeigniter4\framework\system\CodeIgniter.php(400): CodeIgniter\CodeIgniter->runController(Object(App\Controllers\BrokerCommission))
#6 E:\wamp64\www\policy-master\vendor\codeigniter4\framework\system\CodeIgniter.php(308): CodeIgniter\CodeIgniter->handleRequest(NULL, Object(Config\Cache), false)
#7 E:\wamp64\www\policy-master\index.php(84): CodeIgniter\CodeIgniter->run()
#8 {main}
CRITICAL - 2020-08-10 06:56:12 --> Invalid file: brokercommission/edit.php
#0 E:\wamp64\www\policy-master\vendor\codeigniter4\framework\system\View\View.php(228): CodeIgniter\Exceptions\FrameworkException::forInvalidFile('brokercommissio...')
#1 E:\wamp64\www\policy-master\vendor\codeigniter4\framework\system\Common.php(1087): CodeIgniter\View\View->render('brokercommissio...', Array, true)
#2 E:\wamp64\www\policy-master\app\Controllers\BaseController.php(53): view('brokercommissio...', Array)
#3 E:\wamp64\www\policy-master\app\Controllers\BrokerCommission.php(95): App\Controllers\BaseController->render_page('brokercommissio...', Array)
#4 E:\wamp64\www\policy-master\vendor\codeigniter4\framework\system\CodeIgniter.php(914): App\Controllers\BrokerCommission->edit('dist', 'img', 'user3-128x128.j...')
#5 E:\wamp64\www\policy-master\vendor\codeigniter4\framework\system\CodeIgniter.php(400): CodeIgniter\CodeIgniter->runController(Object(App\Controllers\BrokerCommission))
#6 E:\wamp64\www\policy-master\vendor\codeigniter4\framework\system\CodeIgniter.php(308): CodeIgniter\CodeIgniter->handleRequest(NULL, Object(Config\Cache), false)
#7 E:\wamp64\www\policy-master\index.php(84): CodeIgniter\CodeIgniter->run()
#8 {main}
CRITICAL - 2020-08-10 06:57:59 --> Undefined variable: company
#0 E:\wamp64\www\policy-master\app\Views\brokercommission\edit.php(40): CodeIgniter\Debug\Exceptions->errorHandler(8, 'Undefined varia...', 'E:\\wamp64\\www\\p...', 40, Array)
#1 E:\wamp64\www\policy-master\vendor\codeigniter4\framework\system\View\View.php(246): include('E:\\wamp64\\www\\p...')
#2 E:\wamp64\www\policy-master\vendor\codeigniter4\framework\system\Common.php(1087): CodeIgniter\View\View->render('brokercommissio...', Array, true)
#3 E:\wamp64\www\policy-master\app\Controllers\BaseController.php(53): view('brokercommissio...', Array)
#4 E:\wamp64\www\policy-master\app\Controllers\BrokerCommission.php(95): App\Controllers\BaseController->render_page('brokercommissio...', Array)
#5 E:\wamp64\www\policy-master\vendor\codeigniter4\framework\system\CodeIgniter.php(914): App\Controllers\BrokerCommission->edit('2')
#6 E:\wamp64\www\policy-master\vendor\codeigniter4\framework\system\CodeIgniter.php(400): CodeIgniter\CodeIgniter->runController(Object(App\Controllers\BrokerCommission))
#7 E:\wamp64\www\policy-master\vendor\codeigniter4\framework\system\CodeIgniter.php(308): CodeIgniter\CodeIgniter->handleRequest(NULL, Object(Config\Cache), false)
#8 E:\wamp64\www\policy-master\index.php(84): CodeIgniter\CodeIgniter->run()
#9 {main}
CRITICAL - 2020-08-10 06:57:59 --> Undefined variable: company
#0 E:\wamp64\www\policy-master\app\Views\brokercommission\edit.php(40): CodeIgniter\Debug\Exceptions->errorHandler(8, 'Undefined varia...', 'E:\\wamp64\\www\\p...', 40, Array)
#1 E:\wamp64\www\policy-master\vendor\codeigniter4\framework\system\View\View.php(246): include('E:\\wamp64\\www\\p...')
#2 E:\wamp64\www\policy-master\vendor\codeigniter4\framework\system\Common.php(1087): CodeIgniter\View\View->render('brokercommissio...', Array, true)
#3 E:\wamp64\www\policy-master\app\Controllers\BaseController.php(53): view('brokercommissio...', Array)
#4 E:\wamp64\www\policy-master\app\Controllers\BrokerCommission.php(95): App\Controllers\BaseController->render_page('brokercommissio...', Array)
#5 E:\wamp64\www\policy-master\vendor\codeigniter4\framework\system\CodeIgniter.php(914): App\Controllers\BrokerCommission->edit('dist', 'img', 'user8-128x128.j...')
#6 E:\wamp64\www\policy-master\vendor\codeigniter4\framework\system\CodeIgniter.php(400): CodeIgniter\CodeIgniter->runController(Object(App\Controllers\BrokerCommission))
#7 E:\wamp64\www\policy-master\vendor\codeigniter4\framework\system\CodeIgniter.php(308): CodeIgniter\CodeIgniter->handleRequest(NULL, Object(Config\Cache), false)
#8 E:\wamp64\www\policy-master\index.php(84): CodeIgniter\CodeIgniter->run()
#9 {main}
CRITICAL - 2020-08-10 06:57:59 --> Undefined variable: company
#0 E:\wamp64\www\policy-master\app\Views\brokercommission\edit.php(40): CodeIgniter\Debug\Exceptions->errorHandler(8, 'Undefined varia...', 'E:\\wamp64\\www\\p...', 40, Array)
#1 E:\wamp64\www\policy-master\vendor\codeigniter4\framework\system\View\View.php(246): include('E:\\wamp64\\www\\p...')
#2 E:\wamp64\www\policy-master\vendor\codeigniter4\framework\system\Common.php(1087): CodeIgniter\View\View->render('brokercommissio...', Array, true)
#3 E:\wamp64\www\policy-master\app\Controllers\BaseController.php(53): view('brokercommissio...', Array)
#4 E:\wamp64\www\policy-master\app\Controllers\BrokerCommission.php(95): App\Controllers\BaseController->render_page('brokercommissio...', Array)
#5 E:\wamp64\www\policy-master\vendor\codeigniter4\framework\system\CodeIgniter.php(914): App\Controllers\BrokerCommission->edit('dist', 'img', 'user1-128x128.j...')
#6 E:\wamp64\www\policy-master\vendor\codeigniter4\framework\system\CodeIgniter.php(400): CodeIgniter\CodeIgniter->runController(Object(App\Controllers\BrokerCommission))
#7 E:\wamp64\www\policy-master\vendor\codeigniter4\framework\system\CodeIgniter.php(308): CodeIgniter\CodeIgniter->handleRequest(NULL, Object(Config\Cache), false)
#8 E:\wamp64\www\policy-master\index.php(84): CodeIgniter\CodeIgniter->run()
#9 {main}
CRITICAL - 2020-08-10 06:57:59 --> Undefined variable: company
#0 E:\wamp64\www\policy-master\app\Views\brokercommission\edit.php(40): CodeIgniter\Debug\Exceptions->errorHandler(8, 'Undefined varia...', 'E:\\wamp64\\www\\p...', 40, Array)
#1 E:\wamp64\www\policy-master\vendor\codeigniter4\framework\system\View\View.php(246): include('E:\\wamp64\\www\\p...')
#2 E:\wamp64\www\policy-master\vendor\codeigniter4\framework\system\Common.php(1087): CodeIgniter\View\View->render('brokercommissio...', Array, true)
#3 E:\wamp64\www\policy-master\app\Controllers\BaseController.php(53): view('brokercommissio...', Array)
#4 E:\wamp64\www\policy-master\app\Controllers\BrokerCommission.php(95): App\Controllers\BaseController->render_page('brokercommissio...', Array)
#5 E:\wamp64\www\policy-master\vendor\codeigniter4\framework\system\CodeIgniter.php(914): App\Controllers\BrokerCommission->edit('dist', 'img', 'user3-128x128.j...')
#6 E:\wamp64\www\policy-master\vendor\codeigniter4\framework\system\CodeIgniter.php(400): CodeIgniter\CodeIgniter->runController(Object(App\Controllers\BrokerCommission))
#7 E:\wamp64\www\policy-master\vendor\codeigniter4\framework\system\CodeIgniter.php(308): CodeIgniter\CodeIgniter->handleRequest(NULL, Object(Config\Cache), false)
#8 E:\wamp64\www\policy-master\index.php(84): CodeIgniter\CodeIgniter->run()
#9 {main}
CRITICAL - 2020-08-10 07:02:20 --> Unknown column 'commission_percetage' in 'field list'
#0 E:\wamp64\www\policy-master\vendor\codeigniter4\framework\system\Database\MySQLi\Connection.php(331): mysqli->query('UPDATE `broker_...')
#1 E:\wamp64\www\policy-master\vendor\codeigniter4\framework\system\Database\BaseConnection.php(738): CodeIgniter\Database\MySQLi\Connection->execute('UPDATE `broker_...')
#2 E:\wamp64\www\policy-master\vendor\codeigniter4\framework\system\Database\BaseConnection.php(666): CodeIgniter\Database\BaseConnection->simpleQuery('UPDATE `broker_...')
#3 E:\wamp64\www\policy-master\vendor\codeigniter4\framework\system\Database\BaseBuilder.php(2441): CodeIgniter\Database\BaseConnection->query('UPDATE `broker_...', Array, false)
#4 E:\wamp64\www\policy-master\vendor\codeigniter4\framework\system\Model.php(864): CodeIgniter\Database\BaseBuilder->update()
#5 E:\wamp64\www\policy-master\app\Controllers\BrokerCommission.php(111): CodeIgniter\Model->update(Array, Array)
#6 E:\wamp64\www\policy-master\vendor\codeigniter4\framework\system\CodeIgniter.php(914): App\Controllers\BrokerCommission->edit('2')
#7 E:\wamp64\www\policy-master\vendor\codeigniter4\framework\system\CodeIgniter.php(400): CodeIgniter\CodeIgniter->runController(Object(App\Controllers\BrokerCommission))
#8 E:\wamp64\www\policy-master\vendor\codeigniter4\framework\system\CodeIgniter.php(308): CodeIgniter\CodeIgniter->handleRequest(NULL, Object(Config\Cache), false)
#9 E:\wamp64\www\policy-master\index.php(84): CodeIgniter\CodeIgniter->run()
#10 {main}
CRITICAL - 2020-08-10 07:02:39 --> You must use the "set" method to update an entry.
#0 E:\wamp64\www\policy-master\vendor\codeigniter4\framework\system\Database\BaseBuilder.php(2415): CodeIgniter\Database\BaseBuilder->validateUpdate()
#1 E:\wamp64\www\policy-master\vendor\codeigniter4\framework\system\Model.php(864): CodeIgniter\Database\BaseBuilder->update()
#2 E:\wamp64\www\policy-master\app\Controllers\BrokerCommission.php(111): CodeIgniter\Model->update(Array, Array)
#3 E:\wamp64\www\policy-master\vendor\codeigniter4\framework\system\CodeIgniter.php(914): App\Controllers\BrokerCommission->edit('2')
#4 E:\wamp64\www\policy-master\vendor\codeigniter4\framework\system\CodeIgniter.php(400): CodeIgniter\CodeIgniter->runController(Object(App\Controllers\BrokerCommission))
#5 E:\wamp64\www\policy-master\vendor\codeigniter4\framework\system\CodeIgniter.php(308): CodeIgniter\CodeIgniter->handleRequest(NULL, Object(Config\Cache), false)
#6 E:\wamp64\www\policy-master\index.php(84): CodeIgniter\CodeIgniter->run()
#7 {main}
CRITICAL - 2020-08-10 08:14:37 --> Undefined variable: lists
#0 E:\wamp64\www\policy-master\app\Views\brokercommission\individual_insurer.php(86): CodeIgniter\Debug\Exceptions->errorHandler(8, 'Undefined varia...', 'E:\\wamp64\\www\\p...', 86, Array)
#1 E:\wamp64\www\policy-master\vendor\codeigniter4\framework\system\View\View.php(246): include('E:\\wamp64\\www\\p...')
#2 E:\wamp64\www\policy-master\vendor\codeigniter4\framework\system\Common.php(1087): CodeIgniter\View\View->render('brokercommissio...', Array, true)
#3 E:\wamp64\www\policy-master\app\Controllers\BaseController.php(53): view('brokercommissio...', Array)
#4 E:\wamp64\www\policy-master\app\Controllers\BrokerCommission.php(130): App\Controllers\BaseController->render_page('brokercommissio...', Array)
#5 E:\wamp64\www\policy-master\vendor\codeigniter4\framework\system\CodeIgniter.php(914): App\Controllers\BrokerCommission->individual_insurer()
#6 E:\wamp64\www\policy-master\vendor\codeigniter4\framework\system\CodeIgniter.php(400): CodeIgniter\CodeIgniter->runController(Object(App\Controllers\BrokerCommission))
#7 E:\wamp64\www\policy-master\vendor\codeigniter4\framework\system\CodeIgniter.php(308): CodeIgniter\CodeIgniter->handleRequest(NULL, Object(Config\Cache), false)
#8 E:\wamp64\www\policy-master\index.php(84): CodeIgniter\CodeIgniter->run()
#9 {main}
