CRITICAL - 2021-09-15 00:07:12 --> Table 'policy_master_new.nsurance_company' doesn't exist
#0 F:\xampp\htdocs\policy-master-updated\vendor\codeigniter4\framework\system\Database\MySQLi\Connection.php(331): mysqli->query('SELECT `insuran...')
#1 F:\xampp\htdocs\policy-master-updated\vendor\codeigniter4\framework\system\Database\BaseConnection.php(738): CodeIgniter\Database\MySQLi\Connection->execute('SELECT `insuran...')
#2 F:\xampp\htdocs\policy-master-updated\vendor\codeigniter4\framework\system\Database\BaseConnection.php(666): CodeIgniter\Database\BaseConnection->simpleQuery('SELECT `insuran...')
#3 F:\xampp\htdocs\policy-master-updated\vendor\codeigniter4\framework\system\Database\BaseBuilder.php(1845): CodeIgniter\Database\BaseConnection->query('SELECT `insuran...', Array, false)
#4 F:\xampp\htdocs\policy-master-updated\vendor\codeigniter4\framework\system\Model.php(445): CodeIgniter\Database\BaseBuilder->get()
#5 F:\xampp\htdocs\policy-master-updated\app\Controllers\Delayed_tax_invoice.php(26): CodeIgniter\Model->findAll()
#6 F:\xampp\htdocs\policy-master-updated\vendor\codeigniter4\framework\system\CodeIgniter.php(914): App\Controllers\Delayed_tax_invoice->index()
#7 F:\xampp\htdocs\policy-master-updated\vendor\codeigniter4\framework\system\CodeIgniter.php(400): CodeIgniter\CodeIgniter->runController(Object(App\Controllers\Delayed_tax_invoice))
#8 F:\xampp\htdocs\policy-master-updated\vendor\codeigniter4\framework\system\CodeIgniter.php(308): CodeIgniter\CodeIgniter->handleRequest(NULL, Object(Config\Cache), false)
#9 F:\xampp\htdocs\policy-master-updated\index.php(84): CodeIgniter\CodeIgniter->run()
#10 {main}
CRITICAL - 2021-09-15 00:07:24 --> Call to undefined function sttotime()
#0 F:\xampp\htdocs\policy-master-updated\vendor\codeigniter4\framework\system\View\View.php(246): include()
#1 F:\xampp\htdocs\policy-master-updated\vendor\codeigniter4\framework\system\Common.php(1087): CodeIgniter\View\View->render('Delayed_tax_inv...', Array, true)
#2 F:\xampp\htdocs\policy-master-updated\app\Views\templete.php(4): view('Delayed_tax_inv...')
#3 F:\xampp\htdocs\policy-master-updated\vendor\codeigniter4\framework\system\View\View.php(246): include('F:\\xampp\\htdocs...')
#4 F:\xampp\htdocs\policy-master-updated\vendor\codeigniter4\framework\system\Common.php(1087): CodeIgniter\View\View->render('templete', Array, true)
#5 F:\xampp\htdocs\policy-master-updated\app\Controllers\Delayed_tax_invoice.php(28): view('templete', Array)
#6 F:\xampp\htdocs\policy-master-updated\vendor\codeigniter4\framework\system\CodeIgniter.php(914): App\Controllers\Delayed_tax_invoice->index()
#7 F:\xampp\htdocs\policy-master-updated\vendor\codeigniter4\framework\system\CodeIgniter.php(400): CodeIgniter\CodeIgniter->runController(Object(App\Controllers\Delayed_tax_invoice))
#8 F:\xampp\htdocs\policy-master-updated\vendor\codeigniter4\framework\system\CodeIgniter.php(308): CodeIgniter\CodeIgniter->handleRequest(NULL, Object(Config\Cache), false)
#9 F:\xampp\htdocs\policy-master-updated\index.php(84): CodeIgniter\CodeIgniter->run()
#10 {main}
CRITICAL - 2021-09-15 00:20:38 --> Undefined variable: insurance_company
#0 F:\xampp\htdocs\policy-master-updated\app\Views\Delayed_tax_invoice\delaytaxinvoice.php(38): CodeIgniter\Debug\Exceptions->errorHandler(8, 'Undefined varia...', 'F:\\xampp\\htdocs...', 38, Array)
#1 F:\xampp\htdocs\policy-master-updated\vendor\codeigniter4\framework\system\View\View.php(246): include('F:\\xampp\\htdocs...')
#2 F:\xampp\htdocs\policy-master-updated\vendor\codeigniter4\framework\system\Common.php(1087): CodeIgniter\View\View->render('Delayed_tax_inv...', Array, true)
#3 F:\xampp\htdocs\policy-master-updated\app\Views\templete.php(4): view('Delayed_tax_inv...')
#4 F:\xampp\htdocs\policy-master-updated\vendor\codeigniter4\framework\system\View\View.php(246): include('F:\\xampp\\htdocs...')
#5 F:\xampp\htdocs\policy-master-updated\vendor\codeigniter4\framework\system\Common.php(1087): CodeIgniter\View\View->render('templete', Array, true)
#6 F:\xampp\htdocs\policy-master-updated\app\Controllers\Delayed_tax_invoice.php(32): view('templete', Array)
#7 F:\xampp\htdocs\policy-master-updated\vendor\codeigniter4\framework\system\CodeIgniter.php(914): App\Controllers\Delayed_tax_invoice->index()
#8 F:\xampp\htdocs\policy-master-updated\vendor\codeigniter4\framework\system\CodeIgniter.php(400): CodeIgniter\CodeIgniter->runController(Object(App\Controllers\Delayed_tax_invoice))
#9 F:\xampp\htdocs\policy-master-updated\vendor\codeigniter4\framework\system\CodeIgniter.php(308): CodeIgniter\CodeIgniter->handleRequest(NULL, Object(Config\Cache), false)
#10 F:\xampp\htdocs\policy-master-updated\index.php(84): CodeIgniter\CodeIgniter->run()
#11 {main}
CRITICAL - 2021-09-15 00:42:41 --> syntax error, unexpected 's' (T_STRING), expecting ']'
#0 F:\xampp\htdocs\policy-master-updated\vendor\codeigniter4\framework\system\Router\Router.php(192): CodeIgniter\Router\Router->autoRoute('/Delayed_tax_in...')
#1 F:\xampp\htdocs\policy-master-updated\vendor\codeigniter4\framework\system\CodeIgniter.php(789): CodeIgniter\Router\Router->handle('/Delayed_tax_in...')
#2 F:\xampp\htdocs\policy-master-updated\vendor\codeigniter4\framework\system\CodeIgniter.php(360): CodeIgniter\CodeIgniter->tryToRouteIt(Object(CodeIgniter\Router\RouteCollection))
#3 F:\xampp\htdocs\policy-master-updated\vendor\codeigniter4\framework\system\CodeIgniter.php(308): CodeIgniter\CodeIgniter->handleRequest(NULL, Object(Config\Cache), false)
#4 F:\xampp\htdocs\policy-master-updated\index.php(84): CodeIgniter\CodeIgniter->run()
#5 {main}
CRITICAL - 2021-09-15 00:53:02 --> syntax error, unexpected ',', expecting ']'
#0 F:\xampp\htdocs\policy-master-updated\vendor\codeigniter4\framework\system\Router\Router.php(192): CodeIgniter\Router\Router->autoRoute('/Delayed_tax_in...')
#1 F:\xampp\htdocs\policy-master-updated\vendor\codeigniter4\framework\system\CodeIgniter.php(789): CodeIgniter\Router\Router->handle('/Delayed_tax_in...')
#2 F:\xampp\htdocs\policy-master-updated\vendor\codeigniter4\framework\system\CodeIgniter.php(360): CodeIgniter\CodeIgniter->tryToRouteIt(Object(CodeIgniter\Router\RouteCollection))
#3 F:\xampp\htdocs\policy-master-updated\vendor\codeigniter4\framework\system\CodeIgniter.php(308): CodeIgniter\CodeIgniter->handleRequest(NULL, Object(Config\Cache), false)
#4 F:\xampp\htdocs\policy-master-updated\index.php(84): CodeIgniter\CodeIgniter->run()
#5 {main}
CRITICAL - 2021-09-15 00:53:13 --> syntax error, unexpected ',', expecting ']'
#0 F:\xampp\htdocs\policy-master-updated\vendor\codeigniter4\framework\system\Router\Router.php(192): CodeIgniter\Router\Router->autoRoute('/Delayed_tax_in...')
#1 F:\xampp\htdocs\policy-master-updated\vendor\codeigniter4\framework\system\CodeIgniter.php(789): CodeIgniter\Router\Router->handle('/Delayed_tax_in...')
#2 F:\xampp\htdocs\policy-master-updated\vendor\codeigniter4\framework\system\CodeIgniter.php(360): CodeIgniter\CodeIgniter->tryToRouteIt(Object(CodeIgniter\Router\RouteCollection))
#3 F:\xampp\htdocs\policy-master-updated\vendor\codeigniter4\framework\system\CodeIgniter.php(308): CodeIgniter\CodeIgniter->handleRequest(NULL, Object(Config\Cache), false)
#4 F:\xampp\htdocs\policy-master-updated\index.php(84): CodeIgniter\CodeIgniter->run()
#5 {main}
CRITICAL - 2021-09-15 00:54:47 --> Undefined index: insurance_company
#0 F:\xampp\htdocs\policy-master-updated\app\Views\Delayed_tax_invoice\delaytaxinvoice.php(37): CodeIgniter\Debug\Exceptions->errorHandler(8, 'Undefined index...', 'F:\\xampp\\htdocs...', 37, Array)
#1 F:\xampp\htdocs\policy-master-updated\vendor\codeigniter4\framework\system\View\View.php(246): include('F:\\xampp\\htdocs...')
#2 F:\xampp\htdocs\policy-master-updated\vendor\codeigniter4\framework\system\Common.php(1087): CodeIgniter\View\View->render('Delayed_tax_inv...', Array, true)
#3 F:\xampp\htdocs\policy-master-updated\app\Views\templete.php(4): view('Delayed_tax_inv...')
#4 F:\xampp\htdocs\policy-master-updated\vendor\codeigniter4\framework\system\View\View.php(246): include('F:\\xampp\\htdocs...')
#5 F:\xampp\htdocs\policy-master-updated\vendor\codeigniter4\framework\system\Common.php(1087): CodeIgniter\View\View->render('templete', Array, true)
#6 F:\xampp\htdocs\policy-master-updated\app\Controllers\Delayed_tax_invoice.php(61): view('templete', Array)
#7 F:\xampp\htdocs\policy-master-updated\vendor\codeigniter4\framework\system\CodeIgniter.php(914): App\Controllers\Delayed_tax_invoice->search()
#8 F:\xampp\htdocs\policy-master-updated\vendor\codeigniter4\framework\system\CodeIgniter.php(400): CodeIgniter\CodeIgniter->runController(Object(App\Controllers\Delayed_tax_invoice))
#9 F:\xampp\htdocs\policy-master-updated\vendor\codeigniter4\framework\system\CodeIgniter.php(308): CodeIgniter\CodeIgniter->handleRequest(NULL, Object(Config\Cache), false)
#10 F:\xampp\htdocs\policy-master-updated\index.php(84): CodeIgniter\CodeIgniter->run()
#11 {main}
CRITICAL - 2021-09-15 00:57:52 --> Undefined index: client_name
#0 F:\xampp\htdocs\policy-master-updated\app\Controllers\Delayed_tax_invoice.php(39): CodeIgniter\Debug\Exceptions->errorHandler(8, 'Undefined index...', 'F:\\xampp\\htdocs...', 39, Array)
#1 F:\xampp\htdocs\policy-master-updated\vendor\codeigniter4\framework\system\CodeIgniter.php(914): App\Controllers\Delayed_tax_invoice->search()
#2 F:\xampp\htdocs\policy-master-updated\vendor\codeigniter4\framework\system\CodeIgniter.php(400): CodeIgniter\CodeIgniter->runController(Object(App\Controllers\Delayed_tax_invoice))
#3 F:\xampp\htdocs\policy-master-updated\vendor\codeigniter4\framework\system\CodeIgniter.php(308): CodeIgniter\CodeIgniter->handleRequest(NULL, Object(Config\Cache), false)
#4 F:\xampp\htdocs\policy-master-updated\index.php(84): CodeIgniter\CodeIgniter->run()
#5 {main}
CRITICAL - 2021-09-15 02:25:55 --> Operand should contain 1 column(s)
#0 F:\xampp\htdocs\policy-master-updated\vendor\codeigniter4\framework\system\Database\MySQLi\Connection.php(331): mysqli->query('INSERT INTO `ma...')
#1 F:\xampp\htdocs\policy-master-updated\vendor\codeigniter4\framework\system\Database\BaseConnection.php(738): CodeIgniter\Database\MySQLi\Connection->execute('INSERT INTO `ma...')
#2 F:\xampp\htdocs\policy-master-updated\vendor\codeigniter4\framework\system\Database\BaseConnection.php(666): CodeIgniter\Database\BaseConnection->simpleQuery('INSERT INTO `ma...')
#3 F:\xampp\htdocs\policy-master-updated\vendor\codeigniter4\framework\system\Database\BaseBuilder.php(2234): CodeIgniter\Database\BaseConnection->query('INSERT INTO `ma...', Array, false)
#4 F:\xampp\htdocs\policy-master-updated\vendor\codeigniter4\framework\system\Model.php(729): CodeIgniter\Database\BaseBuilder->insert()
#5 F:\xampp\htdocs\policy-master-updated\app\Controllers\Manageclaims.php(257): CodeIgniter\Model->insert(Array)
#6 F:\xampp\htdocs\policy-master-updated\vendor\codeigniter4\framework\system\CodeIgniter.php(914): App\Controllers\Manageclaims->insert_record_model()
#7 F:\xampp\htdocs\policy-master-updated\vendor\codeigniter4\framework\system\CodeIgniter.php(400): CodeIgniter\CodeIgniter->runController(Object(App\Controllers\Manageclaims))
#8 F:\xampp\htdocs\policy-master-updated\vendor\codeigniter4\framework\system\CodeIgniter.php(308): CodeIgniter\CodeIgniter->handleRequest(NULL, Object(Config\Cache), false)
#9 F:\xampp\htdocs\policy-master-updated\index.php(84): CodeIgniter\CodeIgniter->run()
#10 {main}
CRITICAL - 2021-09-15 02:26:05 --> Operand should contain 1 column(s)
#0 F:\xampp\htdocs\policy-master-updated\vendor\codeigniter4\framework\system\Database\MySQLi\Connection.php(331): mysqli->query('INSERT INTO `ma...')
#1 F:\xampp\htdocs\policy-master-updated\vendor\codeigniter4\framework\system\Database\BaseConnection.php(738): CodeIgniter\Database\MySQLi\Connection->execute('INSERT INTO `ma...')
#2 F:\xampp\htdocs\policy-master-updated\vendor\codeigniter4\framework\system\Database\BaseConnection.php(666): CodeIgniter\Database\BaseConnection->simpleQuery('INSERT INTO `ma...')
#3 F:\xampp\htdocs\policy-master-updated\vendor\codeigniter4\framework\system\Database\BaseBuilder.php(2234): CodeIgniter\Database\BaseConnection->query('INSERT INTO `ma...', Array, false)
#4 F:\xampp\htdocs\policy-master-updated\vendor\codeigniter4\framework\system\Model.php(729): CodeIgniter\Database\BaseBuilder->insert()
#5 F:\xampp\htdocs\policy-master-updated\app\Controllers\Manageclaims.php(257): CodeIgniter\Model->insert(Array)
#6 F:\xampp\htdocs\policy-master-updated\vendor\codeigniter4\framework\system\CodeIgniter.php(914): App\Controllers\Manageclaims->insert_record_model()
#7 F:\xampp\htdocs\policy-master-updated\vendor\codeigniter4\framework\system\CodeIgniter.php(400): CodeIgniter\CodeIgniter->runController(Object(App\Controllers\Manageclaims))
#8 F:\xampp\htdocs\policy-master-updated\vendor\codeigniter4\framework\system\CodeIgniter.php(308): CodeIgniter\CodeIgniter->handleRequest(NULL, Object(Config\Cache), false)
#9 F:\xampp\htdocs\policy-master-updated\index.php(84): CodeIgniter\CodeIgniter->run()
#10 {main}
CRITICAL - 2021-09-15 02:31:15 --> Operand should contain 1 column(s)
#0 F:\xampp\htdocs\policy-master-updated\vendor\codeigniter4\framework\system\Database\MySQLi\Connection.php(331): mysqli->query('INSERT INTO `ma...')
#1 F:\xampp\htdocs\policy-master-updated\vendor\codeigniter4\framework\system\Database\BaseConnection.php(738): CodeIgniter\Database\MySQLi\Connection->execute('INSERT INTO `ma...')
#2 F:\xampp\htdocs\policy-master-updated\vendor\codeigniter4\framework\system\Database\BaseConnection.php(666): CodeIgniter\Database\BaseConnection->simpleQuery('INSERT INTO `ma...')
#3 F:\xampp\htdocs\policy-master-updated\vendor\codeigniter4\framework\system\Database\BaseBuilder.php(2234): CodeIgniter\Database\BaseConnection->query('INSERT INTO `ma...', Array, false)
#4 F:\xampp\htdocs\policy-master-updated\vendor\codeigniter4\framework\system\Model.php(729): CodeIgniter\Database\BaseBuilder->insert()
#5 F:\xampp\htdocs\policy-master-updated\app\Controllers\Manageclaims.php(257): CodeIgniter\Model->insert(Array)
#6 F:\xampp\htdocs\policy-master-updated\vendor\codeigniter4\framework\system\CodeIgniter.php(914): App\Controllers\Manageclaims->insert_record_model()
#7 F:\xampp\htdocs\policy-master-updated\vendor\codeigniter4\framework\system\CodeIgniter.php(400): CodeIgniter\CodeIgniter->runController(Object(App\Controllers\Manageclaims))
#8 F:\xampp\htdocs\policy-master-updated\vendor\codeigniter4\framework\system\CodeIgniter.php(308): CodeIgniter\CodeIgniter->handleRequest(NULL, Object(Config\Cache), false)
#9 F:\xampp\htdocs\policy-master-updated\index.php(84): CodeIgniter\CodeIgniter->run()
#10 {main}
CRITICAL - 2021-09-15 03:38:50 --> Undefined index: id
#0 F:\xampp\htdocs\policy-master-updated\app\Controllers\Ajaxcontroler.php(159): CodeIgniter\Debug\Exceptions->errorHandler(8, 'Undefined index...', 'F:\\xampp\\htdocs...', 159, Array)
#1 F:\xampp\htdocs\policy-master-updated\vendor\codeigniter4\framework\system\CodeIgniter.php(914): App\Controllers\Ajaxcontroler->setrisknoteupload()
#2 F:\xampp\htdocs\policy-master-updated\vendor\codeigniter4\framework\system\CodeIgniter.php(400): CodeIgniter\CodeIgniter->runController(Object(App\Controllers\Ajaxcontroler))
#3 F:\xampp\htdocs\policy-master-updated\vendor\codeigniter4\framework\system\CodeIgniter.php(308): CodeIgniter\CodeIgniter->handleRequest(NULL, Object(Config\Cache), false)
#4 F:\xampp\htdocs\policy-master-updated\index.php(84): CodeIgniter\CodeIgniter->run()
#5 {main}
CRITICAL - 2021-09-15 03:42:04 --> Cannot use object of type App\Models\Manage_cliam_feedback_model as array
#0 F:\xampp\htdocs\policy-master-updated\vendor\codeigniter4\framework\system\CodeIgniter.php(914): App\Controllers\Manageclaims->index()
#1 F:\xampp\htdocs\policy-master-updated\vendor\codeigniter4\framework\system\CodeIgniter.php(400): CodeIgniter\CodeIgniter->runController(Object(App\Controllers\Manageclaims))
#2 F:\xampp\htdocs\policy-master-updated\vendor\codeigniter4\framework\system\CodeIgniter.php(308): CodeIgniter\CodeIgniter->handleRequest(NULL, Object(Config\Cache), false)
#3 F:\xampp\htdocs\policy-master-updated\index.php(84): CodeIgniter\CodeIgniter->run()
#4 {main}
CRITICAL - 2021-09-15 03:42:43 --> Cannot use object of type App\Models\Manage_cliam_feedback_model as array
#0 F:\xampp\htdocs\policy-master-updated\vendor\codeigniter4\framework\system\CodeIgniter.php(914): App\Controllers\Manageclaims->index()
#1 F:\xampp\htdocs\policy-master-updated\vendor\codeigniter4\framework\system\CodeIgniter.php(400): CodeIgniter\CodeIgniter->runController(Object(App\Controllers\Manageclaims))
#2 F:\xampp\htdocs\policy-master-updated\vendor\codeigniter4\framework\system\CodeIgniter.php(308): CodeIgniter\CodeIgniter->handleRequest(NULL, Object(Config\Cache), false)
#3 F:\xampp\htdocs\policy-master-updated\index.php(84): CodeIgniter\CodeIgniter->run()
#4 {main}
CRITICAL - 2021-09-15 03:45:14 --> Undefined index: date
#0 F:\xampp\htdocs\policy-master-updated\app\Views\manageclaims\list.php(236): CodeIgniter\Debug\Exceptions->errorHandler(8, 'Undefined index...', 'F:\\xampp\\htdocs...', 236, Array)
#1 F:\xampp\htdocs\policy-master-updated\vendor\codeigniter4\framework\system\View\View.php(246): include('F:\\xampp\\htdocs...')
#2 F:\xampp\htdocs\policy-master-updated\vendor\codeigniter4\framework\system\Common.php(1087): CodeIgniter\View\View->render('manageclaims/li...', Array, true)
#3 F:\xampp\htdocs\policy-master-updated\app\Views\templete.php(4): view('manageclaims/li...')
#4 F:\xampp\htdocs\policy-master-updated\vendor\codeigniter4\framework\system\View\View.php(246): include('F:\\xampp\\htdocs...')
#5 F:\xampp\htdocs\policy-master-updated\vendor\codeigniter4\framework\system\Common.php(1087): CodeIgniter\View\View->render('templete', Array, true)
#6 F:\xampp\htdocs\policy-master-updated\app\Controllers\Manageclaims.php(49): view('templete', Array)
#7 F:\xampp\htdocs\policy-master-updated\vendor\codeigniter4\framework\system\CodeIgniter.php(914): App\Controllers\Manageclaims->index()
#8 F:\xampp\htdocs\policy-master-updated\vendor\codeigniter4\framework\system\CodeIgniter.php(400): CodeIgniter\CodeIgniter->runController(Object(App\Controllers\Manageclaims))
#9 F:\xampp\htdocs\policy-master-updated\vendor\codeigniter4\framework\system\CodeIgniter.php(308): CodeIgniter\CodeIgniter->handleRequest(NULL, Object(Config\Cache), false)
#10 F:\xampp\htdocs\policy-master-updated\index.php(84): CodeIgniter\CodeIgniter->run()
#11 {main}
CRITICAL - 2021-09-15 03:45:23 --> Undefined index: date
#0 F:\xampp\htdocs\policy-master-updated\app\Views\manageclaims\list.php(236): CodeIgniter\Debug\Exceptions->errorHandler(8, 'Undefined index...', 'F:\\xampp\\htdocs...', 236, Array)
#1 F:\xampp\htdocs\policy-master-updated\vendor\codeigniter4\framework\system\View\View.php(246): include('F:\\xampp\\htdocs...')
#2 F:\xampp\htdocs\policy-master-updated\vendor\codeigniter4\framework\system\Common.php(1087): CodeIgniter\View\View->render('manageclaims/li...', Array, true)
#3 F:\xampp\htdocs\policy-master-updated\app\Views\templete.php(4): view('manageclaims/li...')
#4 F:\xampp\htdocs\policy-master-updated\vendor\codeigniter4\framework\system\View\View.php(246): include('F:\\xampp\\htdocs...')
#5 F:\xampp\htdocs\policy-master-updated\vendor\codeigniter4\framework\system\Common.php(1087): CodeIgniter\View\View->render('templete', Array, true)
#6 F:\xampp\htdocs\policy-master-updated\app\Controllers\Manageclaims.php(49): view('templete', Array)
#7 F:\xampp\htdocs\policy-master-updated\vendor\codeigniter4\framework\system\CodeIgniter.php(914): App\Controllers\Manageclaims->index()
#8 F:\xampp\htdocs\policy-master-updated\vendor\codeigniter4\framework\system\CodeIgniter.php(400): CodeIgniter\CodeIgniter->runController(Object(App\Controllers\Manageclaims))
#9 F:\xampp\htdocs\policy-master-updated\vendor\codeigniter4\framework\system\CodeIgniter.php(308): CodeIgniter\CodeIgniter->handleRequest(NULL, Object(Config\Cache), false)
#10 F:\xampp\htdocs\policy-master-updated\index.php(84): CodeIgniter\CodeIgniter->run()
#11 {main}
CRITICAL - 2021-09-15 03:53:55 --> Undefined index: client_id
#0 F:\xampp\htdocs\policy-master-updated\app\Views\manageclaims\list.php(265): CodeIgniter\Debug\Exceptions->errorHandler(8, 'Undefined index...', 'F:\\xampp\\htdocs...', 265, Array)
#1 F:\xampp\htdocs\policy-master-updated\vendor\codeigniter4\framework\system\View\View.php(246): include('F:\\xampp\\htdocs...')
#2 F:\xampp\htdocs\policy-master-updated\vendor\codeigniter4\framework\system\Common.php(1087): CodeIgniter\View\View->render('manageclaims/li...', Array, true)
#3 F:\xampp\htdocs\policy-master-updated\app\Views\templete.php(4): view('manageclaims/li...')
#4 F:\xampp\htdocs\policy-master-updated\vendor\codeigniter4\framework\system\View\View.php(246): include('F:\\xampp\\htdocs...')
#5 F:\xampp\htdocs\policy-master-updated\vendor\codeigniter4\framework\system\Common.php(1087): CodeIgniter\View\View->render('templete', Array, true)
#6 F:\xampp\htdocs\policy-master-updated\app\Controllers\Manageclaims.php(49): view('templete', Array)
#7 F:\xampp\htdocs\policy-master-updated\vendor\codeigniter4\framework\system\CodeIgniter.php(914): App\Controllers\Manageclaims->index()
#8 F:\xampp\htdocs\policy-master-updated\vendor\codeigniter4\framework\system\CodeIgniter.php(400): CodeIgniter\CodeIgniter->runController(Object(App\Controllers\Manageclaims))
#9 F:\xampp\htdocs\policy-master-updated\vendor\codeigniter4\framework\system\CodeIgniter.php(308): CodeIgniter\CodeIgniter->handleRequest(NULL, Object(Config\Cache), false)
#10 F:\xampp\htdocs\policy-master-updated\index.php(84): CodeIgniter\CodeIgniter->run()
#11 {main}
CRITICAL - 2021-09-15 04:19:41 --> json_encode() expects parameter 2 to be int, array given
#0 [internal function]: CodeIgniter\Debug\Exceptions->errorHandler(2, 'json_encode() e...', 'F:\\xampp\\htdocs...', 233, Array)
#1 F:\xampp\htdocs\policy-master-updated\app\Controllers\Manageclaims_alli.php(233): json_encode(Array, Array)
#2 F:\xampp\htdocs\policy-master-updated\vendor\codeigniter4\framework\system\CodeIgniter.php(914): App\Controllers\Manageclaims_alli->get_record_model()
#3 F:\xampp\htdocs\policy-master-updated\vendor\codeigniter4\framework\system\CodeIgniter.php(400): CodeIgniter\CodeIgniter->runController(Object(App\Controllers\Manageclaims_alli))
#4 F:\xampp\htdocs\policy-master-updated\vendor\codeigniter4\framework\system\CodeIgniter.php(308): CodeIgniter\CodeIgniter->handleRequest(NULL, Object(Config\Cache), false)
#5 F:\xampp\htdocs\policy-master-updated\index.php(84): CodeIgniter\CodeIgniter->run()
#6 {main}
CRITICAL - 2021-09-15 04:22:56 --> Array to string conversion
#0 F:\xampp\htdocs\policy-master-updated\app\Controllers\Manageclaims_alli.php(233): CodeIgniter\Debug\Exceptions->errorHandler(8, 'Array to string...', 'F:\\xampp\\htdocs...', 233, Array)
#1 F:\xampp\htdocs\policy-master-updated\vendor\codeigniter4\framework\system\CodeIgniter.php(914): App\Controllers\Manageclaims_alli->get_record_model()
#2 F:\xampp\htdocs\policy-master-updated\vendor\codeigniter4\framework\system\CodeIgniter.php(400): CodeIgniter\CodeIgniter->runController(Object(App\Controllers\Manageclaims_alli))
#3 F:\xampp\htdocs\policy-master-updated\vendor\codeigniter4\framework\system\CodeIgniter.php(308): CodeIgniter\CodeIgniter->handleRequest(NULL, Object(Config\Cache), false)
#4 F:\xampp\htdocs\policy-master-updated\index.php(84): CodeIgniter\CodeIgniter->run()
#5 {main}
CRITICAL - 2021-09-15 05:50:05 --> Undefined index: id
#0 F:\xampp\htdocs\policy-master-updated\app\Controllers\Manageclaims.php(271): CodeIgniter\Debug\Exceptions->errorHandler(8, 'Undefined index...', 'F:\\xampp\\htdocs...', 271, Array)
#1 F:\xampp\htdocs\policy-master-updated\vendor\codeigniter4\framework\system\CodeIgniter.php(914): App\Controllers\Manageclaims->update_record_model()
#2 F:\xampp\htdocs\policy-master-updated\vendor\codeigniter4\framework\system\CodeIgniter.php(400): CodeIgniter\CodeIgniter->runController(Object(App\Controllers\Manageclaims))
#3 F:\xampp\htdocs\policy-master-updated\vendor\codeigniter4\framework\system\CodeIgniter.php(308): CodeIgniter\CodeIgniter->handleRequest(NULL, Object(Config\Cache), false)
#4 F:\xampp\htdocs\policy-master-updated\index.php(84): CodeIgniter\CodeIgniter->run()
#5 {main}
CRITICAL - 2021-09-15 07:04:33 --> Undefined variable: feedback
#0 F:\xampp\htdocs\policy-master-updated\app\Views\manageclaims_alli\list.php(634): CodeIgniter\Debug\Exceptions->errorHandler(8, 'Undefined varia...', 'F:\\xampp\\htdocs...', 634, Array)
#1 F:\xampp\htdocs\policy-master-updated\vendor\codeigniter4\framework\system\View\View.php(246): include('F:\\xampp\\htdocs...')
#2 F:\xampp\htdocs\policy-master-updated\vendor\codeigniter4\framework\system\Common.php(1087): CodeIgniter\View\View->render('manageclaims_al...', Array, true)
#3 F:\xampp\htdocs\policy-master-updated\app\Views\templete.php(4): view('manageclaims_al...')
#4 F:\xampp\htdocs\policy-master-updated\vendor\codeigniter4\framework\system\View\View.php(246): include('F:\\xampp\\htdocs...')
#5 F:\xampp\htdocs\policy-master-updated\vendor\codeigniter4\framework\system\Common.php(1087): CodeIgniter\View\View->render('templete', Array, true)
#6 F:\xampp\htdocs\policy-master-updated\app\Controllers\Manageclaims_alli.php(39): view('templete', Array)
#7 F:\xampp\htdocs\policy-master-updated\vendor\codeigniter4\framework\system\CodeIgniter.php(914): App\Controllers\Manageclaims_alli->index()
#8 F:\xampp\htdocs\policy-master-updated\vendor\codeigniter4\framework\system\CodeIgniter.php(400): CodeIgniter\CodeIgniter->runController(Object(App\Controllers\Manageclaims_alli))
#9 F:\xampp\htdocs\policy-master-updated\vendor\codeigniter4\framework\system\CodeIgniter.php(308): CodeIgniter\CodeIgniter->handleRequest(NULL, Object(Config\Cache), false)
#10 F:\xampp\htdocs\policy-master-updated\index.php(84): CodeIgniter\CodeIgniter->run()
#11 {main}
CRITICAL - 2021-09-15 07:15:11 --> Undefined index: id
#0 F:\xampp\htdocs\policy-master-updated\app\Controllers\Ajaxcontroler.php(159): CodeIgniter\Debug\Exceptions->errorHandler(8, 'Undefined index...', 'F:\\xampp\\htdocs...', 159, Array)
#1 F:\xampp\htdocs\policy-master-updated\vendor\codeigniter4\framework\system\CodeIgniter.php(914): App\Controllers\Ajaxcontroler->setrisknoteupload()
#2 F:\xampp\htdocs\policy-master-updated\vendor\codeigniter4\framework\system\CodeIgniter.php(400): CodeIgniter\CodeIgniter->runController(Object(App\Controllers\Ajaxcontroler))
#3 F:\xampp\htdocs\policy-master-updated\vendor\codeigniter4\framework\system\CodeIgniter.php(308): CodeIgniter\CodeIgniter->handleRequest(NULL, Object(Config\Cache), false)
#4 F:\xampp\htdocs\policy-master-updated\index.php(84): CodeIgniter\CodeIgniter->run()
#5 {main}
CRITICAL - 2021-09-15 07:20:19 --> Undefined variable: totalcount
#0 F:\xampp\htdocs\policy-master-updated\app\Controllers\Provisionalbatch.php(60): CodeIgniter\Debug\Exceptions->errorHandler(8, 'Undefined varia...', 'F:\\xampp\\htdocs...', 60, Array)
#1 F:\xampp\htdocs\policy-master-updated\vendor\codeigniter4\framework\system\CodeIgniter.php(914): App\Controllers\Provisionalbatch->add_provisionalbatch()
#2 F:\xampp\htdocs\policy-master-updated\vendor\codeigniter4\framework\system\CodeIgniter.php(400): CodeIgniter\CodeIgniter->runController(Object(App\Controllers\Provisionalbatch))
#3 F:\xampp\htdocs\policy-master-updated\vendor\codeigniter4\framework\system\CodeIgniter.php(308): CodeIgniter\CodeIgniter->handleRequest(NULL, Object(Config\Cache), false)
#4 F:\xampp\htdocs\policy-master-updated\index.php(84): CodeIgniter\CodeIgniter->run()
#5 {main}
CRITICAL - 2021-09-15 07:20:31 --> Undefined variable: totalcount
#0 F:\xampp\htdocs\policy-master-updated\app\Controllers\Provisionalbatch.php(60): CodeIgniter\Debug\Exceptions->errorHandler(8, 'Undefined varia...', 'F:\\xampp\\htdocs...', 60, Array)
#1 F:\xampp\htdocs\policy-master-updated\vendor\codeigniter4\framework\system\CodeIgniter.php(914): App\Controllers\Provisionalbatch->add_provisionalbatch()
#2 F:\xampp\htdocs\policy-master-updated\vendor\codeigniter4\framework\system\CodeIgniter.php(400): CodeIgniter\CodeIgniter->runController(Object(App\Controllers\Provisionalbatch))
#3 F:\xampp\htdocs\policy-master-updated\vendor\codeigniter4\framework\system\CodeIgniter.php(308): CodeIgniter\CodeIgniter->handleRequest(NULL, Object(Config\Cache), false)
#4 F:\xampp\htdocs\policy-master-updated\index.php(84): CodeIgniter\CodeIgniter->run()
#5 {main}
CRITICAL - 2021-09-15 07:20:35 --> Undefined variable: totalcount
#0 F:\xampp\htdocs\policy-master-updated\app\Controllers\Provisionalbatch.php(60): CodeIgniter\Debug\Exceptions->errorHandler(8, 'Undefined varia...', 'F:\\xampp\\htdocs...', 60, Array)
#1 F:\xampp\htdocs\policy-master-updated\vendor\codeigniter4\framework\system\CodeIgniter.php(914): App\Controllers\Provisionalbatch->add_provisionalbatch()
#2 F:\xampp\htdocs\policy-master-updated\vendor\codeigniter4\framework\system\CodeIgniter.php(400): CodeIgniter\CodeIgniter->runController(Object(App\Controllers\Provisionalbatch))
#3 F:\xampp\htdocs\policy-master-updated\vendor\codeigniter4\framework\system\CodeIgniter.php(308): CodeIgniter\CodeIgniter->handleRequest(NULL, Object(Config\Cache), false)
#4 F:\xampp\htdocs\policy-master-updated\index.php(84): CodeIgniter\CodeIgniter->run()
#5 {main}
CRITICAL - 2021-09-15 07:22:32 --> Undefined variable: totalcount
#0 F:\xampp\htdocs\policy-master-updated\app\Controllers\Provisionalbatch.php(61): CodeIgniter\Debug\Exceptions->errorHandler(8, 'Undefined varia...', 'F:\\xampp\\htdocs...', 61, Array)
#1 F:\xampp\htdocs\policy-master-updated\vendor\codeigniter4\framework\system\CodeIgniter.php(914): App\Controllers\Provisionalbatch->add_provisionalbatch()
#2 F:\xampp\htdocs\policy-master-updated\vendor\codeigniter4\framework\system\CodeIgniter.php(400): CodeIgniter\CodeIgniter->runController(Object(App\Controllers\Provisionalbatch))
#3 F:\xampp\htdocs\policy-master-updated\vendor\codeigniter4\framework\system\CodeIgniter.php(308): CodeIgniter\CodeIgniter->handleRequest(NULL, Object(Config\Cache), false)
#4 F:\xampp\htdocs\policy-master-updated\index.php(84): CodeIgniter\CodeIgniter->run()
#5 {main}
CRITICAL - 2021-09-15 07:23:41 --> Undefined variable: totalcount
#0 F:\xampp\htdocs\policy-master-updated\app\Controllers\Provisionalbatch.php(61): CodeIgniter\Debug\Exceptions->errorHandler(8, 'Undefined varia...', 'F:\\xampp\\htdocs...', 61, Array)
#1 F:\xampp\htdocs\policy-master-updated\vendor\codeigniter4\framework\system\CodeIgniter.php(914): App\Controllers\Provisionalbatch->add_provisionalbatch()
#2 F:\xampp\htdocs\policy-master-updated\vendor\codeigniter4\framework\system\CodeIgniter.php(400): CodeIgniter\CodeIgniter->runController(Object(App\Controllers\Provisionalbatch))
#3 F:\xampp\htdocs\policy-master-updated\vendor\codeigniter4\framework\system\CodeIgniter.php(308): CodeIgniter\CodeIgniter->handleRequest(NULL, Object(Config\Cache), false)
#4 F:\xampp\htdocs\policy-master-updated\index.php(84): CodeIgniter\CodeIgniter->run()
#5 {main}
CRITICAL - 2021-09-15 07:24:28 --> Undefined variable: totalcount
#0 F:\xampp\htdocs\policy-master-updated\app\Controllers\Provisionalbatch.php(61): CodeIgniter\Debug\Exceptions->errorHandler(8, 'Undefined varia...', 'F:\\xampp\\htdocs...', 61, Array)
#1 F:\xampp\htdocs\policy-master-updated\vendor\codeigniter4\framework\system\CodeIgniter.php(914): App\Controllers\Provisionalbatch->add_provisionalbatch()
#2 F:\xampp\htdocs\policy-master-updated\vendor\codeigniter4\framework\system\CodeIgniter.php(400): CodeIgniter\CodeIgniter->runController(Object(App\Controllers\Provisionalbatch))
#3 F:\xampp\htdocs\policy-master-updated\vendor\codeigniter4\framework\system\CodeIgniter.php(308): CodeIgniter\CodeIgniter->handleRequest(NULL, Object(Config\Cache), false)
#4 F:\xampp\htdocs\policy-master-updated\index.php(84): CodeIgniter\CodeIgniter->run()
#5 {main}
CRITICAL - 2021-09-15 07:26:06 --> Call to undefined method App\Controllers\Provisionalbatch::setup_insurance_list()
#0 F:\xampp\htdocs\policy-master-updated\vendor\codeigniter4\framework\system\CodeIgniter.php(914): App\Controllers\Provisionalbatch->add_provisionalbatch()
#1 F:\xampp\htdocs\policy-master-updated\vendor\codeigniter4\framework\system\CodeIgniter.php(400): CodeIgniter\CodeIgniter->runController(Object(App\Controllers\Provisionalbatch))
#2 F:\xampp\htdocs\policy-master-updated\vendor\codeigniter4\framework\system\CodeIgniter.php(308): CodeIgniter\CodeIgniter->handleRequest(NULL, Object(Config\Cache), false)
#3 F:\xampp\htdocs\policy-master-updated\index.php(84): CodeIgniter\CodeIgniter->run()
#4 {main}
CRITICAL - 2021-09-15 07:28:01 --> Undefined index: con
#0 F:\xampp\htdocs\policy-master-updated\app\Controllers\Provisionalbatch.php(48): CodeIgniter\Debug\Exceptions->errorHandler(8, 'Undefined index...', 'F:\\xampp\\htdocs...', 48, Array)
#1 F:\xampp\htdocs\policy-master-updated\vendor\codeigniter4\framework\system\CodeIgniter.php(914): App\Controllers\Provisionalbatch->add_provisionalbatch()
#2 F:\xampp\htdocs\policy-master-updated\vendor\codeigniter4\framework\system\CodeIgniter.php(400): CodeIgniter\CodeIgniter->runController(Object(App\Controllers\Provisionalbatch))
#3 F:\xampp\htdocs\policy-master-updated\vendor\codeigniter4\framework\system\CodeIgniter.php(308): CodeIgniter\CodeIgniter->handleRequest(NULL, Object(Config\Cache), false)
#4 F:\xampp\htdocs\policy-master-updated\index.php(84): CodeIgniter\CodeIgniter->run()
#5 {main}
CRITICAL - 2021-09-15 07:39:57 --> Undefined index: selected_insurance
#0 F:\xampp\htdocs\policy-master-updated\app\Controllers\Provisionalbatch.php(290): CodeIgniter\Debug\Exceptions->errorHandler(8, 'Undefined index...', 'F:\\xampp\\htdocs...', 290, Array)
#1 F:\xampp\htdocs\policy-master-updated\app\Controllers\Provisionalbatch.php(137): App\Controllers\Provisionalbatch->update_provisionalbatch(Array)
#2 F:\xampp\htdocs\policy-master-updated\vendor\codeigniter4\framework\system\CodeIgniter.php(914): App\Controllers\Provisionalbatch->edit_provisionalbatch('2')
#3 F:\xampp\htdocs\policy-master-updated\vendor\codeigniter4\framework\system\CodeIgniter.php(400): CodeIgniter\CodeIgniter->runController(Object(App\Controllers\Provisionalbatch))
#4 F:\xampp\htdocs\policy-master-updated\vendor\codeigniter4\framework\system\CodeIgniter.php(308): CodeIgniter\CodeIgniter->handleRequest(NULL, Object(Config\Cache), false)
#5 F:\xampp\htdocs\policy-master-updated\index.php(84): CodeIgniter\CodeIgniter->run()
#6 {main}
CRITICAL - 2021-09-15 08:01:08 --> Call to undefined method App\Controllers\Requisition_base::store_provisionalbatch()
#0 F:\xampp\htdocs\policy-master-updated\vendor\codeigniter4\framework\system\CodeIgniter.php(914): App\Controllers\Requisition_base->add()
#1 F:\xampp\htdocs\policy-master-updated\vendor\codeigniter4\framework\system\CodeIgniter.php(400): CodeIgniter\CodeIgniter->runController(Object(App\Controllers\Requisition_base))
#2 F:\xampp\htdocs\policy-master-updated\vendor\codeigniter4\framework\system\CodeIgniter.php(308): CodeIgniter\CodeIgniter->handleRequest(NULL, Object(Config\Cache), false)
#3 F:\xampp\htdocs\policy-master-updated\index.php(84): CodeIgniter\CodeIgniter->run()
#4 {main}
CRITICAL - 2021-09-15 08:07:55 --> Call to undefined method App\Controllers\Requisition_base::store_provisionalbatch()
#0 F:\xampp\htdocs\policy-master-updated\vendor\codeigniter4\framework\system\CodeIgniter.php(914): App\Controllers\Requisition_base->add()
#1 F:\xampp\htdocs\policy-master-updated\vendor\codeigniter4\framework\system\CodeIgniter.php(400): CodeIgniter\CodeIgniter->runController(Object(App\Controllers\Requisition_base))
#2 F:\xampp\htdocs\policy-master-updated\vendor\codeigniter4\framework\system\CodeIgniter.php(308): CodeIgniter\CodeIgniter->handleRequest(NULL, Object(Config\Cache), false)
#3 F:\xampp\htdocs\policy-master-updated\index.php(84): CodeIgniter\CodeIgniter->run()
#4 {main}
CRITICAL - 2021-09-15 08:08:06 --> Call to undefined method App\Controllers\Requisition_base::store_provisionalbatch()
#0 F:\xampp\htdocs\policy-master-updated\vendor\codeigniter4\framework\system\CodeIgniter.php(914): App\Controllers\Requisition_base->add()
#1 F:\xampp\htdocs\policy-master-updated\vendor\codeigniter4\framework\system\CodeIgniter.php(400): CodeIgniter\CodeIgniter->runController(Object(App\Controllers\Requisition_base))
#2 F:\xampp\htdocs\policy-master-updated\vendor\codeigniter4\framework\system\CodeIgniter.php(308): CodeIgniter\CodeIgniter->handleRequest(NULL, Object(Config\Cache), false)
#3 F:\xampp\htdocs\policy-master-updated\index.php(84): CodeIgniter\CodeIgniter->run()
#4 {main}
CRITICAL - 2021-09-15 08:08:13 --> Call to undefined method App\Controllers\Requisition_base::store_provisionalbatch()
#0 F:\xampp\htdocs\policy-master-updated\vendor\codeigniter4\framework\system\CodeIgniter.php(914): App\Controllers\Requisition_base->add()
#1 F:\xampp\htdocs\policy-master-updated\vendor\codeigniter4\framework\system\CodeIgniter.php(400): CodeIgniter\CodeIgniter->runController(Object(App\Controllers\Requisition_base))
#2 F:\xampp\htdocs\policy-master-updated\vendor\codeigniter4\framework\system\CodeIgniter.php(308): CodeIgniter\CodeIgniter->handleRequest(NULL, Object(Config\Cache), false)
#3 F:\xampp\htdocs\policy-master-updated\index.php(84): CodeIgniter\CodeIgniter->run()
#4 {main}
CRITICAL - 2021-09-15 08:08:21 --> Call to undefined method App\Controllers\Requisition_base::store_provisionalbatch()
#0 F:\xampp\htdocs\policy-master-updated\vendor\codeigniter4\framework\system\CodeIgniter.php(914): App\Controllers\Requisition_base->add()
#1 F:\xampp\htdocs\policy-master-updated\vendor\codeigniter4\framework\system\CodeIgniter.php(400): CodeIgniter\CodeIgniter->runController(Object(App\Controllers\Requisition_base))
#2 F:\xampp\htdocs\policy-master-updated\vendor\codeigniter4\framework\system\CodeIgniter.php(308): CodeIgniter\CodeIgniter->handleRequest(NULL, Object(Config\Cache), false)
#3 F:\xampp\htdocs\policy-master-updated\index.php(84): CodeIgniter\CodeIgniter->run()
#4 {main}
CRITICAL - 2021-09-15 08:08:38 --> Call to undefined method App\Controllers\Requisition_base::store_provisionalbatch()
#0 F:\xampp\htdocs\policy-master-updated\vendor\codeigniter4\framework\system\CodeIgniter.php(914): App\Controllers\Requisition_base->add()
#1 F:\xampp\htdocs\policy-master-updated\vendor\codeigniter4\framework\system\CodeIgniter.php(400): CodeIgniter\CodeIgniter->runController(Object(App\Controllers\Requisition_base))
#2 F:\xampp\htdocs\policy-master-updated\vendor\codeigniter4\framework\system\CodeIgniter.php(308): CodeIgniter\CodeIgniter->handleRequest(NULL, Object(Config\Cache), false)
#3 F:\xampp\htdocs\policy-master-updated\index.php(84): CodeIgniter\CodeIgniter->run()
#4 {main}
CRITICAL - 2021-09-15 08:08:50 --> Call to undefined method App\Controllers\Requisition_base::store_provisionalbatch()
#0 F:\xampp\htdocs\policy-master-updated\vendor\codeigniter4\framework\system\CodeIgniter.php(914): App\Controllers\Requisition_base->add()
#1 F:\xampp\htdocs\policy-master-updated\vendor\codeigniter4\framework\system\CodeIgniter.php(400): CodeIgniter\CodeIgniter->runController(Object(App\Controllers\Requisition_base))
#2 F:\xampp\htdocs\policy-master-updated\vendor\codeigniter4\framework\system\CodeIgniter.php(308): CodeIgniter\CodeIgniter->handleRequest(NULL, Object(Config\Cache), false)
#3 F:\xampp\htdocs\policy-master-updated\index.php(84): CodeIgniter\CodeIgniter->run()
#4 {main}
CRITICAL - 2021-09-15 08:09:01 --> Call to undefined method App\Controllers\Requisition_base::store_provisionalbatch()
#0 F:\xampp\htdocs\policy-master-updated\vendor\codeigniter4\framework\system\CodeIgniter.php(914): App\Controllers\Requisition_base->add()
#1 F:\xampp\htdocs\policy-master-updated\vendor\codeigniter4\framework\system\CodeIgniter.php(400): CodeIgniter\CodeIgniter->runController(Object(App\Controllers\Requisition_base))
#2 F:\xampp\htdocs\policy-master-updated\vendor\codeigniter4\framework\system\CodeIgniter.php(308): CodeIgniter\CodeIgniter->handleRequest(NULL, Object(Config\Cache), false)
#3 F:\xampp\htdocs\policy-master-updated\index.php(84): CodeIgniter\CodeIgniter->run()
#4 {main}
CRITICAL - 2021-09-15 08:09:30 --> Undefined variable: data
#0 F:\xampp\htdocs\policy-master-updated\app\Controllers\Requisition_base.php(50): CodeIgniter\Debug\Exceptions->errorHandler(8, 'Undefined varia...', 'F:\\xampp\\htdocs...', 50, Array)
#1 F:\xampp\htdocs\policy-master-updated\vendor\codeigniter4\framework\system\CodeIgniter.php(914): App\Controllers\Requisition_base->add()
#2 F:\xampp\htdocs\policy-master-updated\vendor\codeigniter4\framework\system\CodeIgniter.php(400): CodeIgniter\CodeIgniter->runController(Object(App\Controllers\Requisition_base))
#3 F:\xampp\htdocs\policy-master-updated\vendor\codeigniter4\framework\system\CodeIgniter.php(308): CodeIgniter\CodeIgniter->handleRequest(NULL, Object(Config\Cache), false)
#4 F:\xampp\htdocs\policy-master-updated\index.php(84): CodeIgniter\CodeIgniter->run()
#5 {main}
CRITICAL - 2021-09-15 08:29:22 --> Undefined index: date
#0 F:\xampp\htdocs\policy-master-updated\app\Views\Requisition_base\addpage.php(117): CodeIgniter\Debug\Exceptions->errorHandler(8, 'Undefined index...', 'F:\\xampp\\htdocs...', 117, Array)
#1 F:\xampp\htdocs\policy-master-updated\vendor\codeigniter4\framework\system\View\View.php(246): include('F:\\xampp\\htdocs...')
#2 F:\xampp\htdocs\policy-master-updated\vendor\codeigniter4\framework\system\Common.php(1087): CodeIgniter\View\View->render('Requisition_bas...', Array, true)
#3 F:\xampp\htdocs\policy-master-updated\app\Views\templete.php(4): view('Requisition_bas...')
#4 F:\xampp\htdocs\policy-master-updated\vendor\codeigniter4\framework\system\View\View.php(246): include('F:\\xampp\\htdocs...')
#5 F:\xampp\htdocs\policy-master-updated\vendor\codeigniter4\framework\system\Common.php(1087): CodeIgniter\View\View->render('templete', Array, true)
#6 F:\xampp\htdocs\policy-master-updated\app\Controllers\Requisition_base.php(102): view('templete', Array)
#7 F:\xampp\htdocs\policy-master-updated\vendor\codeigniter4\framework\system\CodeIgniter.php(914): App\Controllers\Requisition_base->add()
#8 F:\xampp\htdocs\policy-master-updated\vendor\codeigniter4\framework\system\CodeIgniter.php(400): CodeIgniter\CodeIgniter->runController(Object(App\Controllers\Requisition_base))
#9 F:\xampp\htdocs\policy-master-updated\vendor\codeigniter4\framework\system\CodeIgniter.php(308): CodeIgniter\CodeIgniter->handleRequest(NULL, Object(Config\Cache), false)
#10 F:\xampp\htdocs\policy-master-updated\index.php(84): CodeIgniter\CodeIgniter->run()
#11 {main}
CRITICAL - 2021-09-15 09:15:39 --> Cannot use isset() on the result of an expression (you can use "null !== expression" instead)
#0 [internal function]: CodeIgniter\Debug\Exceptions->shutdownHandler()
#1 {main}
