CRITICAL - 2020-07-23 01:30:41 --> Class 'App\Models\UploadModel' not found
#0 E:\wamp64\www\healthyhabbits\vendor\codeigniter4\framework\system\CodeIgniter.php(914): App\Controllers\UploadReport->index()
#1 E:\wamp64\www\healthyhabbits\vendor\codeigniter4\framework\system\CodeIgniter.php(400): CodeIgniter\CodeIgniter->runController(Object(App\Controllers\UploadReport))
#2 E:\wamp64\www\healthyhabbits\vendor\codeigniter4\framework\system\CodeIgniter.php(308): CodeIgniter\CodeIgniter->handleRequest(NULL, Object(Config\Cache), false)
#3 E:\wamp64\www\healthyhabbits\index.php(84): CodeIgniter\CodeIgniter->run()
#4 {main}
CRITICAL - 2020-07-23 01:33:26 --> Undefined variable: documents
#0 E:\wamp64\www\healthyhabbits\app\Views\uploadreport\list.php(37): CodeIgniter\Debug\Exceptions->errorHandler(8, 'Undefined varia...', 'E:\\wamp64\\www\\h...', 37, Array)
#1 E:\wamp64\www\healthyhabbits\vendor\codeigniter4\framework\system\View\View.php(246): include('E:\\wamp64\\www\\h...')
#2 E:\wamp64\www\healthyhabbits\vendor\codeigniter4\framework\system\Common.php(1087): CodeIgniter\View\View->render('uploadreport/li...', Array, true)
#3 E:\wamp64\www\healthyhabbits\app\Controllers\BaseController.php(56): view('uploadreport/li...', Array)
#4 E:\wamp64\www\healthyhabbits\app\Controllers\UploadReport.php(19): App\Controllers\BaseController->render_page('uploadreport/li...', Array)
#5 E:\wamp64\www\healthyhabbits\vendor\codeigniter4\framework\system\CodeIgniter.php(914): App\Controllers\UploadReport->index()
#6 E:\wamp64\www\healthyhabbits\vendor\codeigniter4\framework\system\CodeIgniter.php(400): CodeIgniter\CodeIgniter->runController(Object(App\Controllers\UploadReport))
#7 E:\wamp64\www\healthyhabbits\vendor\codeigniter4\framework\system\CodeIgniter.php(308): CodeIgniter\CodeIgniter->handleRequest(NULL, Object(Config\Cache), false)
#8 E:\wamp64\www\healthyhabbits\index.php(84): CodeIgniter\CodeIgniter->run()
#9 {main}
CRITICAL - 2020-07-23 02:20:00 --> Undefined variable: schedule
#0 E:\wamp64\www\healthyhabbits\app\Views\uploadreport\list.php(74): CodeIgniter\Debug\Exceptions->errorHandler(8, 'Undefined varia...', 'E:\\wamp64\\www\\h...', 74, Array)
#1 E:\wamp64\www\healthyhabbits\vendor\codeigniter4\framework\system\View\View.php(246): include('E:\\wamp64\\www\\h...')
#2 E:\wamp64\www\healthyhabbits\vendor\codeigniter4\framework\system\Common.php(1087): CodeIgniter\View\View->render('uploadreport/li...', Array, true)
#3 E:\wamp64\www\healthyhabbits\app\Controllers\BaseController.php(56): view('uploadreport/li...', Array)
#4 E:\wamp64\www\healthyhabbits\app\Controllers\UploadReport.php(19): App\Controllers\BaseController->render_page('uploadreport/li...', Array)
#5 E:\wamp64\www\healthyhabbits\vendor\codeigniter4\framework\system\CodeIgniter.php(914): App\Controllers\UploadReport->index()
#6 E:\wamp64\www\healthyhabbits\vendor\codeigniter4\framework\system\CodeIgniter.php(400): CodeIgniter\CodeIgniter->runController(Object(App\Controllers\UploadReport))
#7 E:\wamp64\www\healthyhabbits\vendor\codeigniter4\framework\system\CodeIgniter.php(308): CodeIgniter\CodeIgniter->handleRequest(NULL, Object(Config\Cache), false)
#8 E:\wamp64\www\healthyhabbits\index.php(84): CodeIgniter\CodeIgniter->run()
#9 {main}
CRITICAL - 2020-07-23 03:38:34 --> Undefined variable: variable
#0 E:\wamp64\www\healthyhabbits\app\Views\uploadreport\list.php(57): CodeIgniter\Debug\Exceptions->errorHandler(8, 'Undefined varia...', 'E:\\wamp64\\www\\h...', 57, Array)
#1 E:\wamp64\www\healthyhabbits\vendor\codeigniter4\framework\system\View\View.php(246): include('E:\\wamp64\\www\\h...')
#2 E:\wamp64\www\healthyhabbits\vendor\codeigniter4\framework\system\Common.php(1087): CodeIgniter\View\View->render('uploadreport/li...', Array, true)
#3 E:\wamp64\www\healthyhabbits\app\Controllers\BaseController.php(56): view('uploadreport/li...', Array)
#4 E:\wamp64\www\healthyhabbits\app\Controllers\UploadReport.php(19): App\Controllers\BaseController->render_page('uploadreport/li...', Array)
#5 E:\wamp64\www\healthyhabbits\vendor\codeigniter4\framework\system\CodeIgniter.php(914): App\Controllers\UploadReport->index()
#6 E:\wamp64\www\healthyhabbits\vendor\codeigniter4\framework\system\CodeIgniter.php(400): CodeIgniter\CodeIgniter->runController(Object(App\Controllers\UploadReport))
#7 E:\wamp64\www\healthyhabbits\vendor\codeigniter4\framework\system\CodeIgniter.php(308): CodeIgniter\CodeIgniter->handleRequest(NULL, Object(Config\Cache), false)
#8 E:\wamp64\www\healthyhabbits\index.php(84): CodeIgniter\CodeIgniter->run()
#9 {main}
CRITICAL - 2020-07-23 03:38:40 --> Undefined variable: variable
#0 E:\wamp64\www\healthyhabbits\app\Views\uploadreport\list.php(57): CodeIgniter\Debug\Exceptions->errorHandler(8, 'Undefined varia...', 'E:\\wamp64\\www\\h...', 57, Array)
#1 E:\wamp64\www\healthyhabbits\vendor\codeigniter4\framework\system\View\View.php(246): include('E:\\wamp64\\www\\h...')
#2 E:\wamp64\www\healthyhabbits\vendor\codeigniter4\framework\system\Common.php(1087): CodeIgniter\View\View->render('uploadreport/li...', Array, true)
#3 E:\wamp64\www\healthyhabbits\app\Controllers\BaseController.php(56): view('uploadreport/li...', Array)
#4 E:\wamp64\www\healthyhabbits\app\Controllers\UploadReport.php(19): App\Controllers\BaseController->render_page('uploadreport/li...', Array)
#5 E:\wamp64\www\healthyhabbits\vendor\codeigniter4\framework\system\CodeIgniter.php(914): App\Controllers\UploadReport->index()
#6 E:\wamp64\www\healthyhabbits\vendor\codeigniter4\framework\system\CodeIgniter.php(400): CodeIgniter\CodeIgniter->runController(Object(App\Controllers\UploadReport))
#7 E:\wamp64\www\healthyhabbits\vendor\codeigniter4\framework\system\CodeIgniter.php(308): CodeIgniter\CodeIgniter->handleRequest(NULL, Object(Config\Cache), false)
#8 E:\wamp64\www\healthyhabbits\index.php(84): CodeIgniter\CodeIgniter->run()
#9 {main}
CRITICAL - 2020-07-23 04:39:35 --> syntax error, unexpected '$data' (T_VARIABLE)
#0 E:\wamp64\www\healthyhabbits\vendor\codeigniter4\framework\system\Router\Router.php(192): CodeIgniter\Router\Router->autoRoute('/uploadreport/v...')
#1 E:\wamp64\www\healthyhabbits\vendor\codeigniter4\framework\system\CodeIgniter.php(789): CodeIgniter\Router\Router->handle('/uploadreport/v...')
#2 E:\wamp64\www\healthyhabbits\vendor\codeigniter4\framework\system\CodeIgniter.php(360): CodeIgniter\CodeIgniter->tryToRouteIt(Object(CodeIgniter\Router\RouteCollection))
#3 E:\wamp64\www\healthyhabbits\vendor\codeigniter4\framework\system\CodeIgniter.php(308): CodeIgniter\CodeIgniter->handleRequest(NULL, Object(Config\Cache), false)
#4 E:\wamp64\www\healthyhabbits\index.php(84): CodeIgniter\CodeIgniter->run()
#5 {main}
CRITICAL - 2020-07-23 04:45:04 --> Undefined index: report_type
#0 E:\wamp64\www\healthyhabbits\app\Views\uploadreport\report_view.php(36): CodeIgniter\Debug\Exceptions->errorHandler(8, 'Undefined index...', 'E:\\wamp64\\www\\h...', 36, Array)
#1 E:\wamp64\www\healthyhabbits\vendor\codeigniter4\framework\system\View\View.php(246): include('E:\\wamp64\\www\\h...')
#2 E:\wamp64\www\healthyhabbits\vendor\codeigniter4\framework\system\Common.php(1087): CodeIgniter\View\View->render('uploadreport/re...', Array, true)
#3 E:\wamp64\www\healthyhabbits\app\Controllers\BaseController.php(56): view('uploadreport/re...', Array)
#4 E:\wamp64\www\healthyhabbits\app\Controllers\UploadReport.php(34): App\Controllers\BaseController->render_page('uploadreport/re...', Array)
#5 E:\wamp64\www\healthyhabbits\vendor\codeigniter4\framework\system\CodeIgniter.php(914): App\Controllers\UploadReport->view_report('1')
#6 E:\wamp64\www\healthyhabbits\vendor\codeigniter4\framework\system\CodeIgniter.php(400): CodeIgniter\CodeIgniter->runController(Object(App\Controllers\UploadReport))
#7 E:\wamp64\www\healthyhabbits\vendor\codeigniter4\framework\system\CodeIgniter.php(308): CodeIgniter\CodeIgniter->handleRequest(NULL, Object(Config\Cache), false)
#8 E:\wamp64\www\healthyhabbits\index.php(84): CodeIgniter\CodeIgniter->run()
#9 {main}
CRITICAL - 2020-07-23 04:45:39 --> Undefined index: report_title
#0 E:\wamp64\www\healthyhabbits\app\Views\uploadreport\report_view.php(36): CodeIgniter\Debug\Exceptions->errorHandler(8, 'Undefined index...', 'E:\\wamp64\\www\\h...', 36, Array)
#1 E:\wamp64\www\healthyhabbits\vendor\codeigniter4\framework\system\View\View.php(246): include('E:\\wamp64\\www\\h...')
#2 E:\wamp64\www\healthyhabbits\vendor\codeigniter4\framework\system\Common.php(1087): CodeIgniter\View\View->render('uploadreport/re...', Array, true)
#3 E:\wamp64\www\healthyhabbits\app\Controllers\BaseController.php(56): view('uploadreport/re...', Array)
#4 E:\wamp64\www\healthyhabbits\app\Controllers\UploadReport.php(34): App\Controllers\BaseController->render_page('uploadreport/re...', Array)
#5 E:\wamp64\www\healthyhabbits\vendor\codeigniter4\framework\system\CodeIgniter.php(914): App\Controllers\UploadReport->view_report('1')
#6 E:\wamp64\www\healthyhabbits\vendor\codeigniter4\framework\system\CodeIgniter.php(400): CodeIgniter\CodeIgniter->runController(Object(App\Controllers\UploadReport))
#7 E:\wamp64\www\healthyhabbits\vendor\codeigniter4\framework\system\CodeIgniter.php(308): CodeIgniter\CodeIgniter->handleRequest(NULL, Object(Config\Cache), false)
#8 E:\wamp64\www\healthyhabbits\index.php(84): CodeIgniter\CodeIgniter->run()
#9 {main}
CRITICAL - 2020-07-23 04:45:41 --> Undefined index: report_title
#0 E:\wamp64\www\healthyhabbits\app\Views\uploadreport\report_view.php(36): CodeIgniter\Debug\Exceptions->errorHandler(8, 'Undefined index...', 'E:\\wamp64\\www\\h...', 36, Array)
#1 E:\wamp64\www\healthyhabbits\vendor\codeigniter4\framework\system\View\View.php(246): include('E:\\wamp64\\www\\h...')
#2 E:\wamp64\www\healthyhabbits\vendor\codeigniter4\framework\system\Common.php(1087): CodeIgniter\View\View->render('uploadreport/re...', Array, true)
#3 E:\wamp64\www\healthyhabbits\app\Controllers\BaseController.php(56): view('uploadreport/re...', Array)
#4 E:\wamp64\www\healthyhabbits\app\Controllers\UploadReport.php(34): App\Controllers\BaseController->render_page('uploadreport/re...', Array)
#5 E:\wamp64\www\healthyhabbits\vendor\codeigniter4\framework\system\CodeIgniter.php(914): App\Controllers\UploadReport->view_report('1')
#6 E:\wamp64\www\healthyhabbits\vendor\codeigniter4\framework\system\CodeIgniter.php(400): CodeIgniter\CodeIgniter->runController(Object(App\Controllers\UploadReport))
#7 E:\wamp64\www\healthyhabbits\vendor\codeigniter4\framework\system\CodeIgniter.php(308): CodeIgniter\CodeIgniter->handleRequest(NULL, Object(Config\Cache), false)
#8 E:\wamp64\www\healthyhabbits\index.php(84): CodeIgniter\CodeIgniter->run()
#9 {main}
CRITICAL - 2020-07-23 04:47:08 --> Undefined index: report_title
#0 E:\wamp64\www\healthyhabbits\app\Views\uploadreport\report_view.php(36): CodeIgniter\Debug\Exceptions->errorHandler(8, 'Undefined index...', 'E:\\wamp64\\www\\h...', 36, Array)
#1 E:\wamp64\www\healthyhabbits\vendor\codeigniter4\framework\system\View\View.php(246): include('E:\\wamp64\\www\\h...')
#2 E:\wamp64\www\healthyhabbits\vendor\codeigniter4\framework\system\Common.php(1087): CodeIgniter\View\View->render('uploadreport/re...', Array, true)
#3 E:\wamp64\www\healthyhabbits\app\Controllers\BaseController.php(56): view('uploadreport/re...', Array)
#4 E:\wamp64\www\healthyhabbits\app\Controllers\UploadReport.php(34): App\Controllers\BaseController->render_page('uploadreport/re...', Array)
#5 E:\wamp64\www\healthyhabbits\vendor\codeigniter4\framework\system\CodeIgniter.php(914): App\Controllers\UploadReport->view_report('1')
#6 E:\wamp64\www\healthyhabbits\vendor\codeigniter4\framework\system\CodeIgniter.php(400): CodeIgniter\CodeIgniter->runController(Object(App\Controllers\UploadReport))
#7 E:\wamp64\www\healthyhabbits\vendor\codeigniter4\framework\system\CodeIgniter.php(308): CodeIgniter\CodeIgniter->handleRequest(NULL, Object(Config\Cache), false)
#8 E:\wamp64\www\healthyhabbits\index.php(84): CodeIgniter\CodeIgniter->run()
#9 {main}
CRITICAL - 2020-07-23 04:47:20 --> Undefined index: fk_user_id
#0 E:\wamp64\www\healthyhabbits\app\Views\uploadreport\report_view.php(40): CodeIgniter\Debug\Exceptions->errorHandler(8, 'Undefined index...', 'E:\\wamp64\\www\\h...', 40, Array)
#1 E:\wamp64\www\healthyhabbits\vendor\codeigniter4\framework\system\View\View.php(246): include('E:\\wamp64\\www\\h...')
#2 E:\wamp64\www\healthyhabbits\vendor\codeigniter4\framework\system\Common.php(1087): CodeIgniter\View\View->render('uploadreport/re...', Array, true)
#3 E:\wamp64\www\healthyhabbits\app\Controllers\BaseController.php(56): view('uploadreport/re...', Array)
#4 E:\wamp64\www\healthyhabbits\app\Controllers\UploadReport.php(34): App\Controllers\BaseController->render_page('uploadreport/re...', Array)
#5 E:\wamp64\www\healthyhabbits\vendor\codeigniter4\framework\system\CodeIgniter.php(914): App\Controllers\UploadReport->view_report('1')
#6 E:\wamp64\www\healthyhabbits\vendor\codeigniter4\framework\system\CodeIgniter.php(400): CodeIgniter\CodeIgniter->runController(Object(App\Controllers\UploadReport))
#7 E:\wamp64\www\healthyhabbits\vendor\codeigniter4\framework\system\CodeIgniter.php(308): CodeIgniter\CodeIgniter->handleRequest(NULL, Object(Config\Cache), false)
#8 E:\wamp64\www\healthyhabbits\index.php(84): CodeIgniter\CodeIgniter->run()
#9 {main}
CRITICAL - 2020-07-23 04:50:15 --> Undefined index: report_title
#0 E:\wamp64\www\healthyhabbits\app\Views\uploadreport\report_view.php(36): CodeIgniter\Debug\Exceptions->errorHandler(8, 'Undefined index...', 'E:\\wamp64\\www\\h...', 36, Array)
#1 E:\wamp64\www\healthyhabbits\vendor\codeigniter4\framework\system\View\View.php(246): include('E:\\wamp64\\www\\h...')
#2 E:\wamp64\www\healthyhabbits\vendor\codeigniter4\framework\system\Common.php(1087): CodeIgniter\View\View->render('uploadreport/re...', Array, true)
#3 E:\wamp64\www\healthyhabbits\app\Controllers\BaseController.php(56): view('uploadreport/re...', Array)
#4 E:\wamp64\www\healthyhabbits\app\Controllers\UploadReport.php(34): App\Controllers\BaseController->render_page('uploadreport/re...', Array)
#5 E:\wamp64\www\healthyhabbits\vendor\codeigniter4\framework\system\CodeIgniter.php(914): App\Controllers\UploadReport->view_report('1')
#6 E:\wamp64\www\healthyhabbits\vendor\codeigniter4\framework\system\CodeIgniter.php(400): CodeIgniter\CodeIgniter->runController(Object(App\Controllers\UploadReport))
#7 E:\wamp64\www\healthyhabbits\vendor\codeigniter4\framework\system\CodeIgniter.php(308): CodeIgniter\CodeIgniter->handleRequest(NULL, Object(Config\Cache), false)
#8 E:\wamp64\www\healthyhabbits\index.php(84): CodeIgniter\CodeIgniter->run()
#9 {main}
CRITICAL - 2020-07-23 04:50:49 --> Array to string conversion
#0 E:\wamp64\www\healthyhabbits\app\Views\uploadreport\report_view.php(36): CodeIgniter\Debug\Exceptions->errorHandler(8, 'Array to string...', 'E:\\wamp64\\www\\h...', 36, Array)
#1 E:\wamp64\www\healthyhabbits\vendor\codeigniter4\framework\system\View\View.php(246): include('E:\\wamp64\\www\\h...')
#2 E:\wamp64\www\healthyhabbits\vendor\codeigniter4\framework\system\Common.php(1087): CodeIgniter\View\View->render('uploadreport/re...', Array, true)
#3 E:\wamp64\www\healthyhabbits\app\Controllers\BaseController.php(56): view('uploadreport/re...', Array)
#4 E:\wamp64\www\healthyhabbits\app\Controllers\UploadReport.php(34): App\Controllers\BaseController->render_page('uploadreport/re...', Array)
#5 E:\wamp64\www\healthyhabbits\vendor\codeigniter4\framework\system\CodeIgniter.php(914): App\Controllers\UploadReport->view_report('1')
#6 E:\wamp64\www\healthyhabbits\vendor\codeigniter4\framework\system\CodeIgniter.php(400): CodeIgniter\CodeIgniter->runController(Object(App\Controllers\UploadReport))
#7 E:\wamp64\www\healthyhabbits\vendor\codeigniter4\framework\system\CodeIgniter.php(308): CodeIgniter\CodeIgniter->handleRequest(NULL, Object(Config\Cache), false)
#8 E:\wamp64\www\healthyhabbits\index.php(84): CodeIgniter\CodeIgniter->run()
#9 {main}
CRITICAL - 2020-07-23 04:51:35 --> Undefined index: Fk_user_id
#0 E:\wamp64\www\healthyhabbits\app\Views\uploadreport\report_view.php(36): CodeIgniter\Debug\Exceptions->errorHandler(8, 'Undefined index...', 'E:\\wamp64\\www\\h...', 36, Array)
#1 E:\wamp64\www\healthyhabbits\vendor\codeigniter4\framework\system\View\View.php(246): include('E:\\wamp64\\www\\h...')
#2 E:\wamp64\www\healthyhabbits\vendor\codeigniter4\framework\system\Common.php(1087): CodeIgniter\View\View->render('uploadreport/re...', Array, true)
#3 E:\wamp64\www\healthyhabbits\app\Controllers\BaseController.php(56): view('uploadreport/re...', Array)
#4 E:\wamp64\www\healthyhabbits\app\Controllers\UploadReport.php(34): App\Controllers\BaseController->render_page('uploadreport/re...', Array)
#5 E:\wamp64\www\healthyhabbits\vendor\codeigniter4\framework\system\CodeIgniter.php(914): App\Controllers\UploadReport->view_report('1')
#6 E:\wamp64\www\healthyhabbits\vendor\codeigniter4\framework\system\CodeIgniter.php(400): CodeIgniter\CodeIgniter->runController(Object(App\Controllers\UploadReport))
#7 E:\wamp64\www\healthyhabbits\vendor\codeigniter4\framework\system\CodeIgniter.php(308): CodeIgniter\CodeIgniter->handleRequest(NULL, Object(Config\Cache), false)
#8 E:\wamp64\www\healthyhabbits\index.php(84): CodeIgniter\CodeIgniter->run()
#9 {main}
CRITICAL - 2020-07-23 04:59:04 --> Illegal string offset 'fk_user_id'
#0 E:\wamp64\www\healthyhabbits\app\Views\uploadreport\report_view.php(39): CodeIgniter\Debug\Exceptions->errorHandler(2, 'Illegal string ...', 'E:\\wamp64\\www\\h...', 39, Array)
#1 E:\wamp64\www\healthyhabbits\vendor\codeigniter4\framework\system\View\View.php(246): include('E:\\wamp64\\www\\h...')
#2 E:\wamp64\www\healthyhabbits\vendor\codeigniter4\framework\system\Common.php(1087): CodeIgniter\View\View->render('uploadreport/re...', Array, true)
#3 E:\wamp64\www\healthyhabbits\app\Controllers\BaseController.php(56): view('uploadreport/re...', Array)
#4 E:\wamp64\www\healthyhabbits\app\Controllers\UploadReport.php(34): App\Controllers\BaseController->render_page('uploadreport/re...', Array)
#5 E:\wamp64\www\healthyhabbits\vendor\codeigniter4\framework\system\CodeIgniter.php(914): App\Controllers\UploadReport->view_report('1')
#6 E:\wamp64\www\healthyhabbits\vendor\codeigniter4\framework\system\CodeIgniter.php(400): CodeIgniter\CodeIgniter->runController(Object(App\Controllers\UploadReport))
#7 E:\wamp64\www\healthyhabbits\vendor\codeigniter4\framework\system\CodeIgniter.php(308): CodeIgniter\CodeIgniter->handleRequest(NULL, Object(Config\Cache), false)
#8 E:\wamp64\www\healthyhabbits\index.php(84): CodeIgniter\CodeIgniter->run()
#9 {main}
CRITICAL - 2020-07-23 04:59:29 --> Illegal string offset 'fk_user_id'
#0 E:\wamp64\www\healthyhabbits\app\Views\uploadreport\report_view.php(43): CodeIgniter\Debug\Exceptions->errorHandler(2, 'Illegal string ...', 'E:\\wamp64\\www\\h...', 43, Array)
#1 E:\wamp64\www\healthyhabbits\vendor\codeigniter4\framework\system\View\View.php(246): include('E:\\wamp64\\www\\h...')
#2 E:\wamp64\www\healthyhabbits\vendor\codeigniter4\framework\system\Common.php(1087): CodeIgniter\View\View->render('uploadreport/re...', Array, true)
#3 E:\wamp64\www\healthyhabbits\app\Controllers\BaseController.php(56): view('uploadreport/re...', Array)
#4 E:\wamp64\www\healthyhabbits\app\Controllers\UploadReport.php(34): App\Controllers\BaseController->render_page('uploadreport/re...', Array)
#5 E:\wamp64\www\healthyhabbits\vendor\codeigniter4\framework\system\CodeIgniter.php(914): App\Controllers\UploadReport->view_report('1')
#6 E:\wamp64\www\healthyhabbits\vendor\codeigniter4\framework\system\CodeIgniter.php(400): CodeIgniter\CodeIgniter->runController(Object(App\Controllers\UploadReport))
#7 E:\wamp64\www\healthyhabbits\vendor\codeigniter4\framework\system\CodeIgniter.php(308): CodeIgniter\CodeIgniter->handleRequest(NULL, Object(Config\Cache), false)
#8 E:\wamp64\www\healthyhabbits\index.php(84): CodeIgniter\CodeIgniter->run()
#9 {main}
CRITICAL - 2020-07-23 05:03:05 --> Undefined variable: document
#0 E:\wamp64\www\healthyhabbits\app\Views\uploadreport\report_view.php(39): CodeIgniter\Debug\Exceptions->errorHandler(8, 'Undefined varia...', 'E:\\wamp64\\www\\h...', 39, Array)
#1 E:\wamp64\www\healthyhabbits\vendor\codeigniter4\framework\system\View\View.php(246): include('E:\\wamp64\\www\\h...')
#2 E:\wamp64\www\healthyhabbits\vendor\codeigniter4\framework\system\Common.php(1087): CodeIgniter\View\View->render('uploadreport/re...', Array, true)
#3 E:\wamp64\www\healthyhabbits\app\Controllers\BaseController.php(56): view('uploadreport/re...', Array)
#4 E:\wamp64\www\healthyhabbits\app\Controllers\UploadReport.php(34): App\Controllers\BaseController->render_page('uploadreport/re...', Array)
#5 E:\wamp64\www\healthyhabbits\vendor\codeigniter4\framework\system\CodeIgniter.php(914): App\Controllers\UploadReport->view_report('2')
#6 E:\wamp64\www\healthyhabbits\vendor\codeigniter4\framework\system\CodeIgniter.php(400): CodeIgniter\CodeIgniter->runController(Object(App\Controllers\UploadReport))
#7 E:\wamp64\www\healthyhabbits\vendor\codeigniter4\framework\system\CodeIgniter.php(308): CodeIgniter\CodeIgniter->handleRequest(NULL, Object(Config\Cache), false)
#8 E:\wamp64\www\healthyhabbits\index.php(84): CodeIgniter\CodeIgniter->run()
#9 {main}
CRITICAL - 2020-07-23 05:35:45 --> Illegal string offset 'report_file'
#0 E:\wamp64\www\healthyhabbits\app\Views\uploadreport\report_view.php(43): CodeIgniter\Debug\Exceptions->errorHandler(2, 'Illegal string ...', 'E:\\wamp64\\www\\h...', 43, Array)
#1 E:\wamp64\www\healthyhabbits\vendor\codeigniter4\framework\system\View\View.php(246): include('E:\\wamp64\\www\\h...')
#2 E:\wamp64\www\healthyhabbits\vendor\codeigniter4\framework\system\Common.php(1087): CodeIgniter\View\View->render('uploadreport/re...', Array, true)
#3 E:\wamp64\www\healthyhabbits\app\Controllers\BaseController.php(56): view('uploadreport/re...', Array)
#4 E:\wamp64\www\healthyhabbits\app\Controllers\UploadReport.php(34): App\Controllers\BaseController->render_page('uploadreport/re...', Array)
#5 E:\wamp64\www\healthyhabbits\vendor\codeigniter4\framework\system\CodeIgniter.php(914): App\Controllers\UploadReport->view_report('1')
#6 E:\wamp64\www\healthyhabbits\vendor\codeigniter4\framework\system\CodeIgniter.php(400): CodeIgniter\CodeIgniter->runController(Object(App\Controllers\UploadReport))
#7 E:\wamp64\www\healthyhabbits\vendor\codeigniter4\framework\system\CodeIgniter.php(308): CodeIgniter\CodeIgniter->handleRequest(NULL, Object(Config\Cache), false)
#8 E:\wamp64\www\healthyhabbits\index.php(84): CodeIgniter\CodeIgniter->run()
#9 {main}
CRITICAL - 2020-07-23 05:54:24 --> Undefined index: full_name
#0 E:\wamp64\www\healthyhabbits\app\Views\uploadreport\list.php(42): CodeIgniter\Debug\Exceptions->errorHandler(8, 'Undefined index...', 'E:\\wamp64\\www\\h...', 42, Array)
#1 E:\wamp64\www\healthyhabbits\vendor\codeigniter4\framework\system\View\View.php(246): include('E:\\wamp64\\www\\h...')
#2 E:\wamp64\www\healthyhabbits\vendor\codeigniter4\framework\system\Common.php(1087): CodeIgniter\View\View->render('uploadreport/li...', Array, true)
#3 E:\wamp64\www\healthyhabbits\app\Controllers\BaseController.php(56): view('uploadreport/li...', Array)
#4 E:\wamp64\www\healthyhabbits\app\Controllers\UploadReport.php(19): App\Controllers\BaseController->render_page('uploadreport/li...', Array)
#5 E:\wamp64\www\healthyhabbits\vendor\codeigniter4\framework\system\CodeIgniter.php(914): App\Controllers\UploadReport->index()
#6 E:\wamp64\www\healthyhabbits\vendor\codeigniter4\framework\system\CodeIgniter.php(400): CodeIgniter\CodeIgniter->runController(Object(App\Controllers\UploadReport))
#7 E:\wamp64\www\healthyhabbits\vendor\codeigniter4\framework\system\CodeIgniter.php(308): CodeIgniter\CodeIgniter->handleRequest(NULL, Object(Config\Cache), false)
#8 E:\wamp64\www\healthyhabbits\index.php(84): CodeIgniter\CodeIgniter->run()
#9 {main}
CRITICAL - 2020-07-23 05:54:55 --> Undefined index: gender
#0 E:\wamp64\www\healthyhabbits\app\Views\uploadreport\list.php(42): CodeIgniter\Debug\Exceptions->errorHandler(8, 'Undefined index...', 'E:\\wamp64\\www\\h...', 42, Array)
#1 E:\wamp64\www\healthyhabbits\vendor\codeigniter4\framework\system\View\View.php(246): include('E:\\wamp64\\www\\h...')
#2 E:\wamp64\www\healthyhabbits\vendor\codeigniter4\framework\system\Common.php(1087): CodeIgniter\View\View->render('uploadreport/li...', Array, true)
#3 E:\wamp64\www\healthyhabbits\app\Controllers\BaseController.php(56): view('uploadreport/li...', Array)
#4 E:\wamp64\www\healthyhabbits\app\Controllers\UploadReport.php(19): App\Controllers\BaseController->render_page('uploadreport/li...', Array)
#5 E:\wamp64\www\healthyhabbits\vendor\codeigniter4\framework\system\CodeIgniter.php(914): App\Controllers\UploadReport->index()
#6 E:\wamp64\www\healthyhabbits\vendor\codeigniter4\framework\system\CodeIgniter.php(400): CodeIgniter\CodeIgniter->runController(Object(App\Controllers\UploadReport))
#7 E:\wamp64\www\healthyhabbits\vendor\codeigniter4\framework\system\CodeIgniter.php(308): CodeIgniter\CodeIgniter->handleRequest(NULL, Object(Config\Cache), false)
#8 E:\wamp64\www\healthyhabbits\index.php(84): CodeIgniter\CodeIgniter->run()
#9 {main}
CRITICAL - 2020-07-23 05:56:23 --> Undefined index: gender
#0 E:\wamp64\www\healthyhabbits\app\Views\uploadreport\list.php(42): CodeIgniter\Debug\Exceptions->errorHandler(8, 'Undefined index...', 'E:\\wamp64\\www\\h...', 42, Array)
#1 E:\wamp64\www\healthyhabbits\vendor\codeigniter4\framework\system\View\View.php(246): include('E:\\wamp64\\www\\h...')
#2 E:\wamp64\www\healthyhabbits\vendor\codeigniter4\framework\system\Common.php(1087): CodeIgniter\View\View->render('uploadreport/li...', Array, true)
#3 E:\wamp64\www\healthyhabbits\app\Controllers\BaseController.php(56): view('uploadreport/li...', Array)
#4 E:\wamp64\www\healthyhabbits\app\Controllers\UploadReport.php(19): App\Controllers\BaseController->render_page('uploadreport/li...', Array)
#5 E:\wamp64\www\healthyhabbits\vendor\codeigniter4\framework\system\CodeIgniter.php(914): App\Controllers\UploadReport->index()
#6 E:\wamp64\www\healthyhabbits\vendor\codeigniter4\framework\system\CodeIgniter.php(400): CodeIgniter\CodeIgniter->runController(Object(App\Controllers\UploadReport))
#7 E:\wamp64\www\healthyhabbits\vendor\codeigniter4\framework\system\CodeIgniter.php(308): CodeIgniter\CodeIgniter->handleRequest(NULL, Object(Config\Cache), false)
#8 E:\wamp64\www\healthyhabbits\index.php(84): CodeIgniter\CodeIgniter->run()
#9 {main}
CRITICAL - 2020-07-23 05:56:55 --> Undefined index: full_name
#0 E:\wamp64\www\healthyhabbits\app\Views\uploadreport\list.php(42): CodeIgniter\Debug\Exceptions->errorHandler(8, 'Undefined index...', 'E:\\wamp64\\www\\h...', 42, Array)
#1 E:\wamp64\www\healthyhabbits\vendor\codeigniter4\framework\system\View\View.php(246): include('E:\\wamp64\\www\\h...')
#2 E:\wamp64\www\healthyhabbits\vendor\codeigniter4\framework\system\Common.php(1087): CodeIgniter\View\View->render('uploadreport/li...', Array, true)
#3 E:\wamp64\www\healthyhabbits\app\Controllers\BaseController.php(56): view('uploadreport/li...', Array)
#4 E:\wamp64\www\healthyhabbits\app\Controllers\UploadReport.php(19): App\Controllers\BaseController->render_page('uploadreport/li...', Array)
#5 E:\wamp64\www\healthyhabbits\vendor\codeigniter4\framework\system\CodeIgniter.php(914): App\Controllers\UploadReport->index()
#6 E:\wamp64\www\healthyhabbits\vendor\codeigniter4\framework\system\CodeIgniter.php(400): CodeIgniter\CodeIgniter->runController(Object(App\Controllers\UploadReport))
#7 E:\wamp64\www\healthyhabbits\vendor\codeigniter4\framework\system\CodeIgniter.php(308): CodeIgniter\CodeIgniter->handleRequest(NULL, Object(Config\Cache), false)
#8 E:\wamp64\www\healthyhabbits\index.php(84): CodeIgniter\CodeIgniter->run()
#9 {main}
CRITICAL - 2020-07-23 05:56:58 --> Undefined index: full_name
#0 E:\wamp64\www\healthyhabbits\app\Views\uploadreport\list.php(42): CodeIgniter\Debug\Exceptions->errorHandler(8, 'Undefined index...', 'E:\\wamp64\\www\\h...', 42, Array)
#1 E:\wamp64\www\healthyhabbits\vendor\codeigniter4\framework\system\View\View.php(246): include('E:\\wamp64\\www\\h...')
#2 E:\wamp64\www\healthyhabbits\vendor\codeigniter4\framework\system\Common.php(1087): CodeIgniter\View\View->render('uploadreport/li...', Array, true)
#3 E:\wamp64\www\healthyhabbits\app\Controllers\BaseController.php(56): view('uploadreport/li...', Array)
#4 E:\wamp64\www\healthyhabbits\app\Controllers\UploadReport.php(19): App\Controllers\BaseController->render_page('uploadreport/li...', Array)
#5 E:\wamp64\www\healthyhabbits\vendor\codeigniter4\framework\system\CodeIgniter.php(914): App\Controllers\UploadReport->index()
#6 E:\wamp64\www\healthyhabbits\vendor\codeigniter4\framework\system\CodeIgniter.php(400): CodeIgniter\CodeIgniter->runController(Object(App\Controllers\UploadReport))
#7 E:\wamp64\www\healthyhabbits\vendor\codeigniter4\framework\system\CodeIgniter.php(308): CodeIgniter\CodeIgniter->handleRequest(NULL, Object(Config\Cache), false)
#8 E:\wamp64\www\healthyhabbits\index.php(84): CodeIgniter\CodeIgniter->run()
#9 {main}
CRITICAL - 2020-07-23 05:57:05 --> Undefined index: full_name
#0 E:\wamp64\www\healthyhabbits\app\Views\uploadreport\list.php(42): CodeIgniter\Debug\Exceptions->errorHandler(8, 'Undefined index...', 'E:\\wamp64\\www\\h...', 42, Array)
#1 E:\wamp64\www\healthyhabbits\vendor\codeigniter4\framework\system\View\View.php(246): include('E:\\wamp64\\www\\h...')
#2 E:\wamp64\www\healthyhabbits\vendor\codeigniter4\framework\system\Common.php(1087): CodeIgniter\View\View->render('uploadreport/li...', Array, true)
#3 E:\wamp64\www\healthyhabbits\app\Controllers\BaseController.php(56): view('uploadreport/li...', Array)
#4 E:\wamp64\www\healthyhabbits\app\Controllers\UploadReport.php(19): App\Controllers\BaseController->render_page('uploadreport/li...', Array)
#5 E:\wamp64\www\healthyhabbits\vendor\codeigniter4\framework\system\CodeIgniter.php(914): App\Controllers\UploadReport->index()
#6 E:\wamp64\www\healthyhabbits\vendor\codeigniter4\framework\system\CodeIgniter.php(400): CodeIgniter\CodeIgniter->runController(Object(App\Controllers\UploadReport))
#7 E:\wamp64\www\healthyhabbits\vendor\codeigniter4\framework\system\CodeIgniter.php(308): CodeIgniter\CodeIgniter->handleRequest(NULL, Object(Config\Cache), false)
#8 E:\wamp64\www\healthyhabbits\index.php(84): CodeIgniter\CodeIgniter->run()
#9 {main}
CRITICAL - 2020-07-23 06:01:18 --> Undefined index: full_name
#0 E:\wamp64\www\healthyhabbits\app\Views\uploadreport\list.php(42): CodeIgniter\Debug\Exceptions->errorHandler(8, 'Undefined index...', 'E:\\wamp64\\www\\h...', 42, Array)
#1 E:\wamp64\www\healthyhabbits\vendor\codeigniter4\framework\system\View\View.php(246): include('E:\\wamp64\\www\\h...')
#2 E:\wamp64\www\healthyhabbits\vendor\codeigniter4\framework\system\Common.php(1087): CodeIgniter\View\View->render('uploadreport/li...', Array, true)
#3 E:\wamp64\www\healthyhabbits\app\Controllers\BaseController.php(56): view('uploadreport/li...', Array)
#4 E:\wamp64\www\healthyhabbits\app\Controllers\UploadReport.php(19): App\Controllers\BaseController->render_page('uploadreport/li...', Array)
#5 E:\wamp64\www\healthyhabbits\vendor\codeigniter4\framework\system\CodeIgniter.php(914): App\Controllers\UploadReport->index()
#6 E:\wamp64\www\healthyhabbits\vendor\codeigniter4\framework\system\CodeIgniter.php(400): CodeIgniter\CodeIgniter->runController(Object(App\Controllers\UploadReport))
#7 E:\wamp64\www\healthyhabbits\vendor\codeigniter4\framework\system\CodeIgniter.php(308): CodeIgniter\CodeIgniter->handleRequest(NULL, Object(Config\Cache), false)
#8 E:\wamp64\www\healthyhabbits\index.php(84): CodeIgniter\CodeIgniter->run()
#9 {main}
CRITICAL - 2020-07-23 06:01:31 --> Undefined index: full_name
#0 E:\wamp64\www\healthyhabbits\app\Views\uploadreport\list.php(42): CodeIgniter\Debug\Exceptions->errorHandler(8, 'Undefined index...', 'E:\\wamp64\\www\\h...', 42, Array)
#1 E:\wamp64\www\healthyhabbits\vendor\codeigniter4\framework\system\View\View.php(246): include('E:\\wamp64\\www\\h...')
#2 E:\wamp64\www\healthyhabbits\vendor\codeigniter4\framework\system\Common.php(1087): CodeIgniter\View\View->render('uploadreport/li...', Array, true)
#3 E:\wamp64\www\healthyhabbits\app\Controllers\BaseController.php(56): view('uploadreport/li...', Array)
#4 E:\wamp64\www\healthyhabbits\app\Controllers\UploadReport.php(19): App\Controllers\BaseController->render_page('uploadreport/li...', Array)
#5 E:\wamp64\www\healthyhabbits\vendor\codeigniter4\framework\system\CodeIgniter.php(914): App\Controllers\UploadReport->index()
#6 E:\wamp64\www\healthyhabbits\vendor\codeigniter4\framework\system\CodeIgniter.php(400): CodeIgniter\CodeIgniter->runController(Object(App\Controllers\UploadReport))
#7 E:\wamp64\www\healthyhabbits\vendor\codeigniter4\framework\system\CodeIgniter.php(308): CodeIgniter\CodeIgniter->handleRequest(NULL, Object(Config\Cache), false)
#8 E:\wamp64\www\healthyhabbits\index.php(84): CodeIgniter\CodeIgniter->run()
#9 {main}
CRITICAL - 2020-07-23 06:11:17 --> You have an error in your SQL syntax; check the manual that corresponds to your MariaDB server version for the right syntax to use near 'user_family LEFT JOIN family_member_master ON family_member_master.id=user_famil' at line 1
#0 E:\wamp64\www\healthyhabbits\vendor\codeigniter4\framework\system\Database\MySQLi\Connection.php(331): mysqli->query('SELECT upload_r...')
#1 E:\wamp64\www\healthyhabbits\vendor\codeigniter4\framework\system\Database\BaseConnection.php(738): CodeIgniter\Database\MySQLi\Connection->execute('SELECT upload_r...')
#2 E:\wamp64\www\healthyhabbits\vendor\codeigniter4\framework\system\Database\BaseConnection.php(666): CodeIgniter\Database\BaseConnection->simpleQuery('SELECT upload_r...')
#3 E:\wamp64\www\healthyhabbits\app\Models\UploadModel.php(15): CodeIgniter\Database\BaseConnection->query('SELECT upload_r...')
#4 E:\wamp64\www\healthyhabbits\app\Controllers\UploadReport.php(17): App\Models\UploadModel->get_list()
#5 E:\wamp64\www\healthyhabbits\vendor\codeigniter4\framework\system\CodeIgniter.php(914): App\Controllers\UploadReport->index()
#6 E:\wamp64\www\healthyhabbits\vendor\codeigniter4\framework\system\CodeIgniter.php(400): CodeIgniter\CodeIgniter->runController(Object(App\Controllers\UploadReport))
#7 E:\wamp64\www\healthyhabbits\vendor\codeigniter4\framework\system\CodeIgniter.php(308): CodeIgniter\CodeIgniter->handleRequest(NULL, Object(Config\Cache), false)
#8 E:\wamp64\www\healthyhabbits\index.php(84): CodeIgniter\CodeIgniter->run()
#9 {main}
CRITICAL - 2020-07-23 06:16:54 --> Undefined index: patient_id
#0 E:\wamp64\www\healthyhabbits\app\Views\uploadreport\list.php(41): CodeIgniter\Debug\Exceptions->errorHandler(8, 'Undefined index...', 'E:\\wamp64\\www\\h...', 41, Array)
#1 E:\wamp64\www\healthyhabbits\vendor\codeigniter4\framework\system\View\View.php(246): include('E:\\wamp64\\www\\h...')
#2 E:\wamp64\www\healthyhabbits\vendor\codeigniter4\framework\system\Common.php(1087): CodeIgniter\View\View->render('uploadreport/li...', Array, true)
#3 E:\wamp64\www\healthyhabbits\app\Controllers\BaseController.php(56): view('uploadreport/li...', Array)
#4 E:\wamp64\www\healthyhabbits\app\Controllers\UploadReport.php(19): App\Controllers\BaseController->render_page('uploadreport/li...', Array)
#5 E:\wamp64\www\healthyhabbits\vendor\codeigniter4\framework\system\CodeIgniter.php(914): App\Controllers\UploadReport->index()
#6 E:\wamp64\www\healthyhabbits\vendor\codeigniter4\framework\system\CodeIgniter.php(400): CodeIgniter\CodeIgniter->runController(Object(App\Controllers\UploadReport))
#7 E:\wamp64\www\healthyhabbits\vendor\codeigniter4\framework\system\CodeIgniter.php(308): CodeIgniter\CodeIgniter->handleRequest(NULL, Object(Config\Cache), false)
#8 E:\wamp64\www\healthyhabbits\index.php(84): CodeIgniter\CodeIgniter->run()
#9 {main}
CRITICAL - 2020-07-23 06:43:24 --> syntax error, unexpected '.'
#0 E:\wamp64\www\healthyhabbits\vendor\codeigniter4\framework\system\Common.php(1087): CodeIgniter\View\View->render('uploadreport/re...', Array, true)
#1 E:\wamp64\www\healthyhabbits\app\Controllers\BaseController.php(56): view('uploadreport/re...', Array)
#2 E:\wamp64\www\healthyhabbits\app\Controllers\UploadReport.php(34): App\Controllers\BaseController->render_page('uploadreport/re...', Array)
#3 E:\wamp64\www\healthyhabbits\vendor\codeigniter4\framework\system\CodeIgniter.php(914): App\Controllers\UploadReport->view_report('1')
#4 E:\wamp64\www\healthyhabbits\vendor\codeigniter4\framework\system\CodeIgniter.php(400): CodeIgniter\CodeIgniter->runController(Object(App\Controllers\UploadReport))
#5 E:\wamp64\www\healthyhabbits\vendor\codeigniter4\framework\system\CodeIgniter.php(308): CodeIgniter\CodeIgniter->handleRequest(NULL, Object(Config\Cache), false)
#6 E:\wamp64\www\healthyhabbits\index.php(84): CodeIgniter\CodeIgniter->run()
#7 {main}
CRITICAL - 2020-07-23 06:56:34 --> syntax error, unexpected '?>'
#0 E:\wamp64\www\healthyhabbits\vendor\codeigniter4\framework\system\Common.php(1087): CodeIgniter\View\View->render('uploadreport/re...', Array, true)
#1 E:\wamp64\www\healthyhabbits\app\Controllers\BaseController.php(56): view('uploadreport/re...', Array)
#2 E:\wamp64\www\healthyhabbits\app\Controllers\UploadReport.php(34): App\Controllers\BaseController->render_page('uploadreport/re...', Array)
#3 E:\wamp64\www\healthyhabbits\vendor\codeigniter4\framework\system\CodeIgniter.php(914): App\Controllers\UploadReport->view_report('1')
#4 E:\wamp64\www\healthyhabbits\vendor\codeigniter4\framework\system\CodeIgniter.php(400): CodeIgniter\CodeIgniter->runController(Object(App\Controllers\UploadReport))
#5 E:\wamp64\www\healthyhabbits\vendor\codeigniter4\framework\system\CodeIgniter.php(308): CodeIgniter\CodeIgniter->handleRequest(NULL, Object(Config\Cache), false)
#6 E:\wamp64\www\healthyhabbits\index.php(84): CodeIgniter\CodeIgniter->run()
#7 {main}
CRITICAL - 2020-07-23 07:05:41 --> syntax error, unexpected '.'
#0 E:\wamp64\www\healthyhabbits\vendor\codeigniter4\framework\system\Common.php(1087): CodeIgniter\View\View->render('uploadreport/re...', Array, true)
#1 E:\wamp64\www\healthyhabbits\app\Controllers\BaseController.php(56): view('uploadreport/re...', Array)
#2 E:\wamp64\www\healthyhabbits\app\Controllers\UploadReport.php(34): App\Controllers\BaseController->render_page('uploadreport/re...', Array)
#3 E:\wamp64\www\healthyhabbits\vendor\codeigniter4\framework\system\CodeIgniter.php(914): App\Controllers\UploadReport->view_report('1')
#4 E:\wamp64\www\healthyhabbits\vendor\codeigniter4\framework\system\CodeIgniter.php(400): CodeIgniter\CodeIgniter->runController(Object(App\Controllers\UploadReport))
#5 E:\wamp64\www\healthyhabbits\vendor\codeigniter4\framework\system\CodeIgniter.php(308): CodeIgniter\CodeIgniter->handleRequest(NULL, Object(Config\Cache), false)
#6 E:\wamp64\www\healthyhabbits\index.php(84): CodeIgniter\CodeIgniter->run()
#7 {main}
CRITICAL - 2020-07-23 07:26:40 --> syntax error, unexpected '?>'
#0 E:\wamp64\www\healthyhabbits\vendor\codeigniter4\framework\system\Common.php(1087): CodeIgniter\View\View->render('uploadreport/re...', Array, true)
#1 E:\wamp64\www\healthyhabbits\app\Controllers\BaseController.php(56): view('uploadreport/re...', Array)
#2 E:\wamp64\www\healthyhabbits\app\Controllers\UploadReport.php(34): App\Controllers\BaseController->render_page('uploadreport/re...', Array)
#3 E:\wamp64\www\healthyhabbits\vendor\codeigniter4\framework\system\CodeIgniter.php(914): App\Controllers\UploadReport->view_report('1')
#4 E:\wamp64\www\healthyhabbits\vendor\codeigniter4\framework\system\CodeIgniter.php(400): CodeIgniter\CodeIgniter->runController(Object(App\Controllers\UploadReport))
#5 E:\wamp64\www\healthyhabbits\vendor\codeigniter4\framework\system\CodeIgniter.php(308): CodeIgniter\CodeIgniter->handleRequest(NULL, Object(Config\Cache), false)
#6 E:\wamp64\www\healthyhabbits\index.php(84): CodeIgniter\CodeIgniter->run()
#7 {main}
CRITICAL - 2020-07-23 07:36:14 --> Undefined variable: document
#0 E:\wamp64\www\healthyhabbits\app\Views\uploadreport\report_view.php(75): CodeIgniter\Debug\Exceptions->errorHandler(8, 'Undefined varia...', 'E:\\wamp64\\www\\h...', 75, Array)
#1 E:\wamp64\www\healthyhabbits\vendor\codeigniter4\framework\system\View\View.php(246): include('E:\\wamp64\\www\\h...')
#2 E:\wamp64\www\healthyhabbits\vendor\codeigniter4\framework\system\Common.php(1087): CodeIgniter\View\View->render('uploadreport/re...', Array, true)
#3 E:\wamp64\www\healthyhabbits\app\Controllers\BaseController.php(56): view('uploadreport/re...', Array)
#4 E:\wamp64\www\healthyhabbits\app\Controllers\UploadReport.php(34): App\Controllers\BaseController->render_page('uploadreport/re...', Array)
#5 E:\wamp64\www\healthyhabbits\vendor\codeigniter4\framework\system\CodeIgniter.php(914): App\Controllers\UploadReport->view_report('2')
#6 E:\wamp64\www\healthyhabbits\vendor\codeigniter4\framework\system\CodeIgniter.php(400): CodeIgniter\CodeIgniter->runController(Object(App\Controllers\UploadReport))
#7 E:\wamp64\www\healthyhabbits\vendor\codeigniter4\framework\system\CodeIgniter.php(308): CodeIgniter\CodeIgniter->handleRequest(NULL, Object(Config\Cache), false)
#8 E:\wamp64\www\healthyhabbits\index.php(84): CodeIgniter\CodeIgniter->run()
#9 {main}
CRITICAL - 2020-07-23 08:12:34 --> Too few arguments to function App\Controllers\UploadReport::view_report(), 0 passed in E:\wamp64\www\healthyhabbits\vendor\codeigniter4\framework\system\CodeIgniter.php on line 914 and exactly 1 expected
#0 E:\wamp64\www\healthyhabbits\vendor\codeigniter4\framework\system\CodeIgniter.php(914): App\Controllers\UploadReport->view_report()
#1 E:\wamp64\www\healthyhabbits\vendor\codeigniter4\framework\system\CodeIgniter.php(400): CodeIgniter\CodeIgniter->runController(Object(App\Controllers\UploadReport))
#2 E:\wamp64\www\healthyhabbits\vendor\codeigniter4\framework\system\CodeIgniter.php(308): CodeIgniter\CodeIgniter->handleRequest(NULL, Object(Config\Cache), false)
#3 E:\wamp64\www\healthyhabbits\index.php(84): CodeIgniter\CodeIgniter->run()
#4 {main}
CRITICAL - 2020-07-23 08:14:03 --> Too few arguments to function App\Controllers\UploadReport::view_report(), 0 passed in E:\wamp64\www\healthyhabbits\vendor\codeigniter4\framework\system\CodeIgniter.php on line 914 and exactly 1 expected
#0 E:\wamp64\www\healthyhabbits\vendor\codeigniter4\framework\system\CodeIgniter.php(914): App\Controllers\UploadReport->view_report()
#1 E:\wamp64\www\healthyhabbits\vendor\codeigniter4\framework\system\CodeIgniter.php(400): CodeIgniter\CodeIgniter->runController(Object(App\Controllers\UploadReport))
#2 E:\wamp64\www\healthyhabbits\vendor\codeigniter4\framework\system\CodeIgniter.php(308): CodeIgniter\CodeIgniter->handleRequest(NULL, Object(Config\Cache), false)
#3 E:\wamp64\www\healthyhabbits\index.php(84): CodeIgniter\CodeIgniter->run()
#4 {main}
CRITICAL - 2020-07-23 08:36:53 --> Call to undefined method CodeIgniter\Database\MySQLi\Connection::from()
#0 E:\wamp64\www\healthyhabbits\app\Controllers\UploadReport.php(17): App\Models\UploadModel->get_list()
#1 E:\wamp64\www\healthyhabbits\vendor\codeigniter4\framework\system\CodeIgniter.php(914): App\Controllers\UploadReport->index()
#2 E:\wamp64\www\healthyhabbits\vendor\codeigniter4\framework\system\CodeIgniter.php(400): CodeIgniter\CodeIgniter->runController(Object(App\Controllers\UploadReport))
#3 E:\wamp64\www\healthyhabbits\vendor\codeigniter4\framework\system\CodeIgniter.php(308): CodeIgniter\CodeIgniter->handleRequest(NULL, Object(Config\Cache), false)
#4 E:\wamp64\www\healthyhabbits\index.php(84): CodeIgniter\CodeIgniter->run()
#5 {main}
