CRITICAL - 2020-07-02 02:24:45 --> View themes, no current section.
#0 E:\xampp\htdocs\mysite\app\Views\users\users.php(5): CodeIgniter\View\View->endSection()
#1 E:\xampp\htdocs\mysite\vendor\codeigniter4\framework\system\View\View.php(246): include('E:\\xampp\\htdocs...')
#2 E:\xampp\htdocs\mysite\vendor\codeigniter4\framework\system\Common.php(1087): CodeIgniter\View\View->render('users/users', Array, true)
#3 E:\xampp\htdocs\mysite\app\Controllers\Users.php(17): view('users/users', Array)
#4 E:\xampp\htdocs\mysite\vendor\codeigniter4\framework\system\CodeIgniter.php(914): App\Controllers\Users->index()
#5 E:\xampp\htdocs\mysite\vendor\codeigniter4\framework\system\CodeIgniter.php(400): CodeIgniter\CodeIgniter->runController(Object(App\Controllers\Users))
#6 E:\xampp\htdocs\mysite\vendor\codeigniter4\framework\system\CodeIgniter.php(308): CodeIgniter\CodeIgniter->handleRequest(NULL, Object(Config\Cache), false)
#7 E:\xampp\htdocs\mysite\index.php(84): CodeIgniter\CodeIgniter->run()
#8 {main}
CRITICAL - 2020-07-02 02:24:53 --> View themes, no current section.
#0 E:\xampp\htdocs\mysite\app\Views\users\users.php(5): CodeIgniter\View\View->endSection()
#1 E:\xampp\htdocs\mysite\vendor\codeigniter4\framework\system\View\View.php(246): include('E:\\xampp\\htdocs...')
#2 E:\xampp\htdocs\mysite\vendor\codeigniter4\framework\system\Common.php(1087): CodeIgniter\View\View->render('users/users', Array, true)
#3 E:\xampp\htdocs\mysite\app\Controllers\Users.php(17): view('users/users', Array)
#4 E:\xampp\htdocs\mysite\vendor\codeigniter4\framework\system\CodeIgniter.php(914): App\Controllers\Users->index()
#5 E:\xampp\htdocs\mysite\vendor\codeigniter4\framework\system\CodeIgniter.php(400): CodeIgniter\CodeIgniter->runController(Object(App\Controllers\Users))
#6 E:\xampp\htdocs\mysite\vendor\codeigniter4\framework\system\CodeIgniter.php(308): CodeIgniter\CodeIgniter->handleRequest(NULL, Object(Config\Cache), false)
#7 E:\xampp\htdocs\mysite\index.php(84): CodeIgniter\CodeIgniter->run()
#8 {main}
CRITICAL - 2020-07-02 02:24:53 --> View themes, no current section.
#0 E:\xampp\htdocs\mysite\app\Views\users\users.php(5): CodeIgniter\View\View->endSection()
#1 E:\xampp\htdocs\mysite\vendor\codeigniter4\framework\system\View\View.php(246): include('E:\\xampp\\htdocs...')
#2 E:\xampp\htdocs\mysite\vendor\codeigniter4\framework\system\Common.php(1087): CodeIgniter\View\View->render('users/users', Array, true)
#3 E:\xampp\htdocs\mysite\app\Controllers\Users.php(17): view('users/users', Array)
#4 E:\xampp\htdocs\mysite\vendor\codeigniter4\framework\system\CodeIgniter.php(914): App\Controllers\Users->index()
#5 E:\xampp\htdocs\mysite\vendor\codeigniter4\framework\system\CodeIgniter.php(400): CodeIgniter\CodeIgniter->runController(Object(App\Controllers\Users))
#6 E:\xampp\htdocs\mysite\vendor\codeigniter4\framework\system\CodeIgniter.php(308): CodeIgniter\CodeIgniter->handleRequest(NULL, Object(Config\Cache), false)
#7 E:\xampp\htdocs\mysite\index.php(84): CodeIgniter\CodeIgniter->run()
#8 {main}
CRITICAL - 2020-07-02 02:24:54 --> View themes, no current section.
#0 E:\xampp\htdocs\mysite\app\Views\users\users.php(5): CodeIgniter\View\View->endSection()
#1 E:\xampp\htdocs\mysite\vendor\codeigniter4\framework\system\View\View.php(246): include('E:\\xampp\\htdocs...')
#2 E:\xampp\htdocs\mysite\vendor\codeigniter4\framework\system\Common.php(1087): CodeIgniter\View\View->render('users/users', Array, true)
#3 E:\xampp\htdocs\mysite\app\Controllers\Users.php(17): view('users/users', Array)
#4 E:\xampp\htdocs\mysite\vendor\codeigniter4\framework\system\CodeIgniter.php(914): App\Controllers\Users->index()
#5 E:\xampp\htdocs\mysite\vendor\codeigniter4\framework\system\CodeIgniter.php(400): CodeIgniter\CodeIgniter->runController(Object(App\Controllers\Users))
#6 E:\xampp\htdocs\mysite\vendor\codeigniter4\framework\system\CodeIgniter.php(308): CodeIgniter\CodeIgniter->handleRequest(NULL, Object(Config\Cache), false)
#7 E:\xampp\htdocs\mysite\index.php(84): CodeIgniter\CodeIgniter->run()
#8 {main}
CRITICAL - 2020-07-02 02:24:54 --> View themes, no current section.
#0 E:\xampp\htdocs\mysite\app\Views\users\users.php(5): CodeIgniter\View\View->endSection()
#1 E:\xampp\htdocs\mysite\vendor\codeigniter4\framework\system\View\View.php(246): include('E:\\xampp\\htdocs...')
#2 E:\xampp\htdocs\mysite\vendor\codeigniter4\framework\system\Common.php(1087): CodeIgniter\View\View->render('users/users', Array, true)
#3 E:\xampp\htdocs\mysite\app\Controllers\Users.php(17): view('users/users', Array)
#4 E:\xampp\htdocs\mysite\vendor\codeigniter4\framework\system\CodeIgniter.php(914): App\Controllers\Users->index()
#5 E:\xampp\htdocs\mysite\vendor\codeigniter4\framework\system\CodeIgniter.php(400): CodeIgniter\CodeIgniter->runController(Object(App\Controllers\Users))
#6 E:\xampp\htdocs\mysite\vendor\codeigniter4\framework\system\CodeIgniter.php(308): CodeIgniter\CodeIgniter->handleRequest(NULL, Object(Config\Cache), false)
#7 E:\xampp\htdocs\mysite\index.php(84): CodeIgniter\CodeIgniter->run()
#8 {main}
CRITICAL - 2020-07-02 02:24:55 --> View themes, no current section.
#0 E:\xampp\htdocs\mysite\app\Views\users\users.php(5): CodeIgniter\View\View->endSection()
#1 E:\xampp\htdocs\mysite\vendor\codeigniter4\framework\system\View\View.php(246): include('E:\\xampp\\htdocs...')
#2 E:\xampp\htdocs\mysite\vendor\codeigniter4\framework\system\Common.php(1087): CodeIgniter\View\View->render('users/users', Array, true)
#3 E:\xampp\htdocs\mysite\app\Controllers\Users.php(17): view('users/users', Array)
#4 E:\xampp\htdocs\mysite\vendor\codeigniter4\framework\system\CodeIgniter.php(914): App\Controllers\Users->index()
#5 E:\xampp\htdocs\mysite\vendor\codeigniter4\framework\system\CodeIgniter.php(400): CodeIgniter\CodeIgniter->runController(Object(App\Controllers\Users))
#6 E:\xampp\htdocs\mysite\vendor\codeigniter4\framework\system\CodeIgniter.php(308): CodeIgniter\CodeIgniter->handleRequest(NULL, Object(Config\Cache), false)
#7 E:\xampp\htdocs\mysite\index.php(84): CodeIgniter\CodeIgniter->run()
#8 {main}
CRITICAL - 2020-07-02 02:24:55 --> View themes, no current section.
#0 E:\xampp\htdocs\mysite\app\Views\users\users.php(5): CodeIgniter\View\View->endSection()
#1 E:\xampp\htdocs\mysite\vendor\codeigniter4\framework\system\View\View.php(246): include('E:\\xampp\\htdocs...')
#2 E:\xampp\htdocs\mysite\vendor\codeigniter4\framework\system\Common.php(1087): CodeIgniter\View\View->render('users/users', Array, true)
#3 E:\xampp\htdocs\mysite\app\Controllers\Users.php(17): view('users/users', Array)
#4 E:\xampp\htdocs\mysite\vendor\codeigniter4\framework\system\CodeIgniter.php(914): App\Controllers\Users->index()
#5 E:\xampp\htdocs\mysite\vendor\codeigniter4\framework\system\CodeIgniter.php(400): CodeIgniter\CodeIgniter->runController(Object(App\Controllers\Users))
#6 E:\xampp\htdocs\mysite\vendor\codeigniter4\framework\system\CodeIgniter.php(308): CodeIgniter\CodeIgniter->handleRequest(NULL, Object(Config\Cache), false)
#7 E:\xampp\htdocs\mysite\index.php(84): CodeIgniter\CodeIgniter->run()
#8 {main}
CRITICAL - 2020-07-02 02:24:55 --> View themes, no current section.
#0 E:\xampp\htdocs\mysite\app\Views\users\users.php(5): CodeIgniter\View\View->endSection()
#1 E:\xampp\htdocs\mysite\vendor\codeigniter4\framework\system\View\View.php(246): include('E:\\xampp\\htdocs...')
#2 E:\xampp\htdocs\mysite\vendor\codeigniter4\framework\system\Common.php(1087): CodeIgniter\View\View->render('users/users', Array, true)
#3 E:\xampp\htdocs\mysite\app\Controllers\Users.php(17): view('users/users', Array)
#4 E:\xampp\htdocs\mysite\vendor\codeigniter4\framework\system\CodeIgniter.php(914): App\Controllers\Users->index()
#5 E:\xampp\htdocs\mysite\vendor\codeigniter4\framework\system\CodeIgniter.php(400): CodeIgniter\CodeIgniter->runController(Object(App\Controllers\Users))
#6 E:\xampp\htdocs\mysite\vendor\codeigniter4\framework\system\CodeIgniter.php(308): CodeIgniter\CodeIgniter->handleRequest(NULL, Object(Config\Cache), false)
#7 E:\xampp\htdocs\mysite\index.php(84): CodeIgniter\CodeIgniter->run()
#8 {main}
CRITICAL - 2020-07-02 02:24:55 --> View themes, no current section.
#0 E:\xampp\htdocs\mysite\app\Views\users\users.php(5): CodeIgniter\View\View->endSection()
#1 E:\xampp\htdocs\mysite\vendor\codeigniter4\framework\system\View\View.php(246): include('E:\\xampp\\htdocs...')
#2 E:\xampp\htdocs\mysite\vendor\codeigniter4\framework\system\Common.php(1087): CodeIgniter\View\View->render('users/users', Array, true)
#3 E:\xampp\htdocs\mysite\app\Controllers\Users.php(17): view('users/users', Array)
#4 E:\xampp\htdocs\mysite\vendor\codeigniter4\framework\system\CodeIgniter.php(914): App\Controllers\Users->index()
#5 E:\xampp\htdocs\mysite\vendor\codeigniter4\framework\system\CodeIgniter.php(400): CodeIgniter\CodeIgniter->runController(Object(App\Controllers\Users))
#6 E:\xampp\htdocs\mysite\vendor\codeigniter4\framework\system\CodeIgniter.php(308): CodeIgniter\CodeIgniter->handleRequest(NULL, Object(Config\Cache), false)
#7 E:\xampp\htdocs\mysite\index.php(84): CodeIgniter\CodeIgniter->run()
#8 {main}
CRITICAL - 2020-07-02 02:24:56 --> View themes, no current section.
#0 E:\xampp\htdocs\mysite\app\Views\users\users.php(5): CodeIgniter\View\View->endSection()
#1 E:\xampp\htdocs\mysite\vendor\codeigniter4\framework\system\View\View.php(246): include('E:\\xampp\\htdocs...')
#2 E:\xampp\htdocs\mysite\vendor\codeigniter4\framework\system\Common.php(1087): CodeIgniter\View\View->render('users/users', Array, true)
#3 E:\xampp\htdocs\mysite\app\Controllers\Users.php(17): view('users/users', Array)
#4 E:\xampp\htdocs\mysite\vendor\codeigniter4\framework\system\CodeIgniter.php(914): App\Controllers\Users->index()
#5 E:\xampp\htdocs\mysite\vendor\codeigniter4\framework\system\CodeIgniter.php(400): CodeIgniter\CodeIgniter->runController(Object(App\Controllers\Users))
#6 E:\xampp\htdocs\mysite\vendor\codeigniter4\framework\system\CodeIgniter.php(308): CodeIgniter\CodeIgniter->handleRequest(NULL, Object(Config\Cache), false)
#7 E:\xampp\htdocs\mysite\index.php(84): CodeIgniter\CodeIgniter->run()
#8 {main}
CRITICAL - 2020-07-02 02:47:33 --> Call to undefined method CodeIgniter\View\View::view()
#0 E:\xampp\htdocs\mysite\vendor\codeigniter4\framework\system\View\View.php(246): include()
#1 E:\xampp\htdocs\mysite\vendor\codeigniter4\framework\system\Common.php(1087): CodeIgniter\View\View->render('users/users', Array, true)
#2 E:\xampp\htdocs\mysite\app\Controllers\Users.php(17): view('users/users', Array)
#3 E:\xampp\htdocs\mysite\vendor\codeigniter4\framework\system\CodeIgniter.php(914): App\Controllers\Users->index()
#4 E:\xampp\htdocs\mysite\vendor\codeigniter4\framework\system\CodeIgniter.php(400): CodeIgniter\CodeIgniter->runController(Object(App\Controllers\Users))
#5 E:\xampp\htdocs\mysite\vendor\codeigniter4\framework\system\CodeIgniter.php(308): CodeIgniter\CodeIgniter->handleRequest(NULL, Object(Config\Cache), false)
#6 E:\xampp\htdocs\mysite\index.php(84): CodeIgniter\CodeIgniter->run()
#7 {main}
CRITICAL - 2020-07-02 02:47:34 --> Call to undefined method CodeIgniter\View\View::view()
#0 E:\xampp\htdocs\mysite\vendor\codeigniter4\framework\system\View\View.php(246): include()
#1 E:\xampp\htdocs\mysite\vendor\codeigniter4\framework\system\Common.php(1087): CodeIgniter\View\View->render('users/users', Array, true)
#2 E:\xampp\htdocs\mysite\app\Controllers\Users.php(17): view('users/users', Array)
#3 E:\xampp\htdocs\mysite\vendor\codeigniter4\framework\system\CodeIgniter.php(914): App\Controllers\Users->index()
#4 E:\xampp\htdocs\mysite\vendor\codeigniter4\framework\system\CodeIgniter.php(400): CodeIgniter\CodeIgniter->runController(Object(App\Controllers\Users))
#5 E:\xampp\htdocs\mysite\vendor\codeigniter4\framework\system\CodeIgniter.php(308): CodeIgniter\CodeIgniter->handleRequest(NULL, Object(Config\Cache), false)
#6 E:\xampp\htdocs\mysite\index.php(84): CodeIgniter\CodeIgniter->run()
#7 {main}
CRITICAL - 2020-07-02 02:52:54 --> Call to a member function set_layout() on null
#0 E:\xampp\htdocs\mysite\vendor\codeigniter4\framework\system\View\View.php(246): include()
#1 E:\xampp\htdocs\mysite\vendor\codeigniter4\framework\system\Common.php(1087): CodeIgniter\View\View->render('users/users', Array, true)
#2 E:\xampp\htdocs\mysite\app\Controllers\Users.php(17): view('users/users', Array)
#3 E:\xampp\htdocs\mysite\vendor\codeigniter4\framework\system\CodeIgniter.php(914): App\Controllers\Users->index()
#4 E:\xampp\htdocs\mysite\vendor\codeigniter4\framework\system\CodeIgniter.php(400): CodeIgniter\CodeIgniter->runController(Object(App\Controllers\Users))
#5 E:\xampp\htdocs\mysite\vendor\codeigniter4\framework\system\CodeIgniter.php(308): CodeIgniter\CodeIgniter->handleRequest(NULL, Object(Config\Cache), false)
#6 E:\xampp\htdocs\mysite\index.php(84): CodeIgniter\CodeIgniter->run()
#7 {main}
CRITICAL - 2020-07-02 03:09:42 --> Invalid file: partial.php
#0 E:\xampp\htdocs\mysite\vendor\codeigniter4\framework\system\View\View.php(228): CodeIgniter\Exceptions\FrameworkException::forInvalidFile('partial.php')
#1 E:\xampp\htdocs\mysite\vendor\codeigniter4\framework\system\Common.php(1087): CodeIgniter\View\View->render('partial', Array, true)
#2 E:\xampp\htdocs\mysite\app\Views\users\users.php(4): view('partial')
#3 E:\xampp\htdocs\mysite\vendor\codeigniter4\framework\system\View\View.php(246): include('E:\\xampp\\htdocs...')
#4 E:\xampp\htdocs\mysite\vendor\codeigniter4\framework\system\Common.php(1087): CodeIgniter\View\View->render('users/users', Array, true)
#5 E:\xampp\htdocs\mysite\app\Controllers\Users.php(17): view('users/users', Array)
#6 E:\xampp\htdocs\mysite\vendor\codeigniter4\framework\system\CodeIgniter.php(914): App\Controllers\Users->index()
#7 E:\xampp\htdocs\mysite\vendor\codeigniter4\framework\system\CodeIgniter.php(400): CodeIgniter\CodeIgniter->runController(Object(App\Controllers\Users))
#8 E:\xampp\htdocs\mysite\vendor\codeigniter4\framework\system\CodeIgniter.php(308): CodeIgniter\CodeIgniter->handleRequest(NULL, Object(Config\Cache), false)
#9 E:\xampp\htdocs\mysite\index.php(84): CodeIgniter\CodeIgniter->run()
#10 {main}
CRITICAL - 2020-07-02 04:05:34 --> Invalid file: partial.php
#0 E:\xampp\htdocs\mysite\vendor\codeigniter4\framework\system\View\View.php(228): CodeIgniter\Exceptions\FrameworkException::forInvalidFile('partial.php')
#1 E:\xampp\htdocs\mysite\vendor\codeigniter4\framework\system\Common.php(1087): CodeIgniter\View\View->render('partial', Array, true)
#2 E:\xampp\htdocs\mysite\app\Views\users\users.php(4): view('partial')
#3 E:\xampp\htdocs\mysite\vendor\codeigniter4\framework\system\View\View.php(246): include('E:\\xampp\\htdocs...')
#4 E:\xampp\htdocs\mysite\vendor\codeigniter4\framework\system\Common.php(1087): CodeIgniter\View\View->render('users/users', Array, true)
#5 E:\xampp\htdocs\mysite\app\Controllers\Users.php(17): view('users/users', Array)
#6 E:\xampp\htdocs\mysite\vendor\codeigniter4\framework\system\CodeIgniter.php(914): App\Controllers\Users->index()
#7 E:\xampp\htdocs\mysite\vendor\codeigniter4\framework\system\CodeIgniter.php(400): CodeIgniter\CodeIgniter->runController(Object(App\Controllers\Users))
#8 E:\xampp\htdocs\mysite\vendor\codeigniter4\framework\system\CodeIgniter.php(308): CodeIgniter\CodeIgniter->handleRequest(NULL, Object(Config\Cache), false)
#9 E:\xampp\htdocs\mysite\index.php(84): CodeIgniter\CodeIgniter->run()
#10 {main}
CRITICAL - 2020-07-02 04:06:00 --> Invalid file: partial.php
#0 E:\xampp\htdocs\mysite\vendor\codeigniter4\framework\system\View\View.php(228): CodeIgniter\Exceptions\FrameworkException::forInvalidFile('partial.php')
#1 E:\xampp\htdocs\mysite\vendor\codeigniter4\framework\system\Common.php(1087): CodeIgniter\View\View->render('partial', Array, true)
#2 E:\xampp\htdocs\mysite\app\Views\users\users.php(4): view('partial')
#3 E:\xampp\htdocs\mysite\vendor\codeigniter4\framework\system\View\View.php(246): include('E:\\xampp\\htdocs...')
#4 E:\xampp\htdocs\mysite\vendor\codeigniter4\framework\system\Common.php(1087): CodeIgniter\View\View->render('users/users', Array, true)
#5 E:\xampp\htdocs\mysite\app\Controllers\Users.php(17): view('users/users', Array)
#6 E:\xampp\htdocs\mysite\vendor\codeigniter4\framework\system\CodeIgniter.php(914): App\Controllers\Users->index()
#7 E:\xampp\htdocs\mysite\vendor\codeigniter4\framework\system\CodeIgniter.php(400): CodeIgniter\CodeIgniter->runController(Object(App\Controllers\Users))
#8 E:\xampp\htdocs\mysite\vendor\codeigniter4\framework\system\CodeIgniter.php(308): CodeIgniter\CodeIgniter->handleRequest(NULL, Object(Config\Cache), false)
#9 E:\xampp\htdocs\mysite\index.php(84): CodeIgniter\CodeIgniter->run()
#10 {main}
CRITICAL - 2020-07-02 04:06:15 --> Invalid file: layout.php
#0 E:\xampp\htdocs\mysite\vendor\codeigniter4\framework\system\View\View.php(228): CodeIgniter\Exceptions\FrameworkException::forInvalidFile('layout.php')
#1 E:\xampp\htdocs\mysite\vendor\codeigniter4\framework\system\View\View.php(257): CodeIgniter\View\View->render('layout', Array, true)
#2 E:\xampp\htdocs\mysite\vendor\codeigniter4\framework\system\Common.php(1087): CodeIgniter\View\View->render('users/users', Array, true)
#3 E:\xampp\htdocs\mysite\app\Controllers\Users.php(17): view('users/users', Array)
#4 E:\xampp\htdocs\mysite\vendor\codeigniter4\framework\system\CodeIgniter.php(914): App\Controllers\Users->index()
#5 E:\xampp\htdocs\mysite\vendor\codeigniter4\framework\system\CodeIgniter.php(400): CodeIgniter\CodeIgniter->runController(Object(App\Controllers\Users))
#6 E:\xampp\htdocs\mysite\vendor\codeigniter4\framework\system\CodeIgniter.php(308): CodeIgniter\CodeIgniter->handleRequest(NULL, Object(Config\Cache), false)
#7 E:\xampp\htdocs\mysite\index.php(84): CodeIgniter\CodeIgniter->run()
#8 {main}
CRITICAL - 2020-07-02 04:06:17 --> Invalid file: layout.php
#0 E:\xampp\htdocs\mysite\vendor\codeigniter4\framework\system\View\View.php(228): CodeIgniter\Exceptions\FrameworkException::forInvalidFile('layout.php')
#1 E:\xampp\htdocs\mysite\vendor\codeigniter4\framework\system\View\View.php(257): CodeIgniter\View\View->render('layout', Array, true)
#2 E:\xampp\htdocs\mysite\vendor\codeigniter4\framework\system\Common.php(1087): CodeIgniter\View\View->render('users/users', Array, true)
#3 E:\xampp\htdocs\mysite\app\Controllers\Users.php(17): view('users/users', Array)
#4 E:\xampp\htdocs\mysite\vendor\codeigniter4\framework\system\CodeIgniter.php(914): App\Controllers\Users->index()
#5 E:\xampp\htdocs\mysite\vendor\codeigniter4\framework\system\CodeIgniter.php(400): CodeIgniter\CodeIgniter->runController(Object(App\Controllers\Users))
#6 E:\xampp\htdocs\mysite\vendor\codeigniter4\framework\system\CodeIgniter.php(308): CodeIgniter\CodeIgniter->handleRequest(NULL, Object(Config\Cache), false)
#7 E:\xampp\htdocs\mysite\index.php(84): CodeIgniter\CodeIgniter->run()
#8 {main}
