CRITICAL - 2020-09-24 02:13:57 --> Array to string conversion
#0 D:\xampp\htdocs\policy-master\app\Controllers\InsuranceQuotation.php(544): CodeIgniter\Debug\Exceptions->errorHandler(8, 'Array to string...', 'D:\\xampp\\htdocs...', 544, Array)
#1 D:\xampp\htdocs\policy-master\vendor\codeigniter4\framework\system\CodeIgniter.php(914): App\Controllers\InsuranceQuotation->insert_data()
#2 D:\xampp\htdocs\policy-master\vendor\codeigniter4\framework\system\CodeIgniter.php(400): CodeIgniter\CodeIgniter->runController(Object(App\Controllers\InsuranceQuotation))
#3 D:\xampp\htdocs\policy-master\vendor\codeigniter4\framework\system\CodeIgniter.php(308): CodeIgniter\CodeIgniter->handleRequest(NULL, Object(Config\Cache), false)
#4 D:\xampp\htdocs\policy-master\index.php(84): CodeIgniter\CodeIgniter->run()
#5 {main}
CRITICAL - 2020-09-24 02:26:51 --> Cannot use object of type CodeIgniter\Validation\Validation as array
#0 D:\xampp\htdocs\policy-master\vendor\codeigniter4\framework\system\CodeIgniter.php(914): App\Controllers\InsuranceQuotation->insert_data()
#1 D:\xampp\htdocs\policy-master\vendor\codeigniter4\framework\system\CodeIgniter.php(400): CodeIgniter\CodeIgniter->runController(Object(App\Controllers\InsuranceQuotation))
#2 D:\xampp\htdocs\policy-master\vendor\codeigniter4\framework\system\CodeIgniter.php(308): CodeIgniter\CodeIgniter->handleRequest(NULL, Object(Config\Cache), false)
#3 D:\xampp\htdocs\policy-master\index.php(84): CodeIgniter\CodeIgniter->run()
#4 {main}
CRITICAL - 2020-09-24 02:27:32 --> Undefined property: CodeIgniter\Validation\Validation::$client_name
#0 D:\xampp\htdocs\policy-master\app\Controllers\InsuranceQuotation.php(545): CodeIgniter\Debug\Exceptions->errorHandler(8, 'Undefined prope...', 'D:\\xampp\\htdocs...', 545, Array)
#1 D:\xampp\htdocs\policy-master\vendor\codeigniter4\framework\system\CodeIgniter.php(914): App\Controllers\InsuranceQuotation->insert_data()
#2 D:\xampp\htdocs\policy-master\vendor\codeigniter4\framework\system\CodeIgniter.php(400): CodeIgniter\CodeIgniter->runController(Object(App\Controllers\InsuranceQuotation))
#3 D:\xampp\htdocs\policy-master\vendor\codeigniter4\framework\system\CodeIgniter.php(308): CodeIgniter\CodeIgniter->handleRequest(NULL, Object(Config\Cache), false)
#4 D:\xampp\htdocs\policy-master\index.php(84): CodeIgniter\CodeIgniter->run()
#5 {main}
CRITICAL - 2020-09-24 03:05:24 --> syntax error, unexpected ';', expecting ']'
#0 D:\xampp\htdocs\policy-master\vendor\codeigniter4\framework\system\Router\Router.php(192): CodeIgniter\Router\Router->autoRoute('/insuranceQuota...')
#1 D:\xampp\htdocs\policy-master\vendor\codeigniter4\framework\system\CodeIgniter.php(789): CodeIgniter\Router\Router->handle('/insuranceQuota...')
#2 D:\xampp\htdocs\policy-master\vendor\codeigniter4\framework\system\CodeIgniter.php(360): CodeIgniter\CodeIgniter->tryToRouteIt(Object(CodeIgniter\Router\RouteCollection))
#3 D:\xampp\htdocs\policy-master\vendor\codeigniter4\framework\system\CodeIgniter.php(308): CodeIgniter\CodeIgniter->handleRequest(NULL, Object(Config\Cache), false)
#4 D:\xampp\htdocs\policy-master\index.php(84): CodeIgniter\CodeIgniter->run()
#5 {main}
CRITICAL - 2020-09-24 03:06:53 --> syntax error, unexpected ';', expecting ']'
#0 D:\xampp\htdocs\policy-master\vendor\codeigniter4\framework\system\Router\Router.php(192): CodeIgniter\Router\Router->autoRoute('/insuranceQuota...')
#1 D:\xampp\htdocs\policy-master\vendor\codeigniter4\framework\system\CodeIgniter.php(789): CodeIgniter\Router\Router->handle('/insuranceQuota...')
#2 D:\xampp\htdocs\policy-master\vendor\codeigniter4\framework\system\CodeIgniter.php(360): CodeIgniter\CodeIgniter->tryToRouteIt(Object(CodeIgniter\Router\RouteCollection))
#3 D:\xampp\htdocs\policy-master\vendor\codeigniter4\framework\system\CodeIgniter.php(308): CodeIgniter\CodeIgniter->handleRequest(NULL, Object(Config\Cache), false)
#4 D:\xampp\htdocs\policy-master\index.php(84): CodeIgniter\CodeIgniter->run()
#5 {main}
CRITICAL - 2020-09-24 06:36:45 --> syntax error, unexpected end of file
#0 D:\xampp\htdocs\policy-master\vendor\codeigniter4\framework\system\Common.php(1087): CodeIgniter\View\View->render('quotation/add', Array, true)
#1 D:\xampp\htdocs\policy-master\app\Controllers\BaseController.php(62): view('quotation/add', Array)
#2 D:\xampp\htdocs\policy-master\app\Controllers\InsuranceQuotation.php(88): App\Controllers\BaseController->render_page('quotation/add', Array)
#3 D:\xampp\htdocs\policy-master\vendor\codeigniter4\framework\system\CodeIgniter.php(914): App\Controllers\InsuranceQuotation->create('1')
#4 D:\xampp\htdocs\policy-master\vendor\codeigniter4\framework\system\CodeIgniter.php(400): CodeIgniter\CodeIgniter->runController(Object(App\Controllers\InsuranceQuotation))
#5 D:\xampp\htdocs\policy-master\vendor\codeigniter4\framework\system\CodeIgniter.php(308): CodeIgniter\CodeIgniter->handleRequest(NULL, Object(Config\Cache), false)
#6 D:\xampp\htdocs\policy-master\index.php(84): CodeIgniter\CodeIgniter->run()
#7 {main}
CRITICAL - 2020-09-24 06:36:46 --> syntax error, unexpected end of file
#0 D:\xampp\htdocs\policy-master\vendor\codeigniter4\framework\system\Common.php(1087): CodeIgniter\View\View->render('quotation/add', Array, true)
#1 D:\xampp\htdocs\policy-master\app\Controllers\BaseController.php(62): view('quotation/add', Array)
#2 D:\xampp\htdocs\policy-master\app\Controllers\InsuranceQuotation.php(88): App\Controllers\BaseController->render_page('quotation/add', Array)
#3 D:\xampp\htdocs\policy-master\vendor\codeigniter4\framework\system\CodeIgniter.php(914): App\Controllers\InsuranceQuotation->create('dist', 'img', 'user1-128x128.j...')
#4 D:\xampp\htdocs\policy-master\vendor\codeigniter4\framework\system\CodeIgniter.php(400): CodeIgniter\CodeIgniter->runController(Object(App\Controllers\InsuranceQuotation))
#5 D:\xampp\htdocs\policy-master\vendor\codeigniter4\framework\system\CodeIgniter.php(308): CodeIgniter\CodeIgniter->handleRequest(NULL, Object(Config\Cache), false)
#6 D:\xampp\htdocs\policy-master\index.php(84): CodeIgniter\CodeIgniter->run()
#7 {main}
CRITICAL - 2020-09-24 06:36:47 --> syntax error, unexpected end of file
#0 D:\xampp\htdocs\policy-master\vendor\codeigniter4\framework\system\Common.php(1087): CodeIgniter\View\View->render('quotation/add', Array, true)
#1 D:\xampp\htdocs\policy-master\app\Controllers\BaseController.php(62): view('quotation/add', Array)
#2 D:\xampp\htdocs\policy-master\app\Controllers\InsuranceQuotation.php(88): App\Controllers\BaseController->render_page('quotation/add', Array)
#3 D:\xampp\htdocs\policy-master\vendor\codeigniter4\framework\system\CodeIgniter.php(914): App\Controllers\InsuranceQuotation->create('dist', 'img', 'user3-128x128.j...')
#4 D:\xampp\htdocs\policy-master\vendor\codeigniter4\framework\system\CodeIgniter.php(400): CodeIgniter\CodeIgniter->runController(Object(App\Controllers\InsuranceQuotation))
#5 D:\xampp\htdocs\policy-master\vendor\codeigniter4\framework\system\CodeIgniter.php(308): CodeIgniter\CodeIgniter->handleRequest(NULL, Object(Config\Cache), false)
#6 D:\xampp\htdocs\policy-master\index.php(84): CodeIgniter\CodeIgniter->run()
#7 {main}
CRITICAL - 2020-09-24 06:36:47 --> syntax error, unexpected end of file
#0 D:\xampp\htdocs\policy-master\vendor\codeigniter4\framework\system\Common.php(1087): CodeIgniter\View\View->render('quotation/add', Array, true)
#1 D:\xampp\htdocs\policy-master\app\Controllers\BaseController.php(62): view('quotation/add', Array)
#2 D:\xampp\htdocs\policy-master\app\Controllers\InsuranceQuotation.php(88): App\Controllers\BaseController->render_page('quotation/add', Array)
#3 D:\xampp\htdocs\policy-master\vendor\codeigniter4\framework\system\CodeIgniter.php(914): App\Controllers\InsuranceQuotation->create('dist', 'img', 'user8-128x128.j...')
#4 D:\xampp\htdocs\policy-master\vendor\codeigniter4\framework\system\CodeIgniter.php(400): CodeIgniter\CodeIgniter->runController(Object(App\Controllers\InsuranceQuotation))
#5 D:\xampp\htdocs\policy-master\vendor\codeigniter4\framework\system\CodeIgniter.php(308): CodeIgniter\CodeIgniter->handleRequest(NULL, Object(Config\Cache), false)
#6 D:\xampp\htdocs\policy-master\index.php(84): CodeIgniter\CodeIgniter->run()
#7 {main}
CRITICAL - 2020-09-24 06:37:08 --> Illegal string offset 'description'
#0 D:\xampp\htdocs\policy-master\app\Views\quotation\add.php(315): CodeIgniter\Debug\Exceptions->errorHandler(2, 'Illegal string ...', 'D:\\xampp\\htdocs...', 315, Array)
#1 D:\xampp\htdocs\policy-master\vendor\codeigniter4\framework\system\View\View.php(246): include('D:\\xampp\\htdocs...')
#2 D:\xampp\htdocs\policy-master\vendor\codeigniter4\framework\system\Common.php(1087): CodeIgniter\View\View->render('quotation/add', Array, true)
#3 D:\xampp\htdocs\policy-master\app\Controllers\BaseController.php(62): view('quotation/add', Array)
#4 D:\xampp\htdocs\policy-master\app\Controllers\InsuranceQuotation.php(88): App\Controllers\BaseController->render_page('quotation/add', Array)
#5 D:\xampp\htdocs\policy-master\vendor\codeigniter4\framework\system\CodeIgniter.php(914): App\Controllers\InsuranceQuotation->create('1')
#6 D:\xampp\htdocs\policy-master\vendor\codeigniter4\framework\system\CodeIgniter.php(400): CodeIgniter\CodeIgniter->runController(Object(App\Controllers\InsuranceQuotation))
#7 D:\xampp\htdocs\policy-master\vendor\codeigniter4\framework\system\CodeIgniter.php(308): CodeIgniter\CodeIgniter->handleRequest(NULL, Object(Config\Cache), false)
#8 D:\xampp\htdocs\policy-master\index.php(84): CodeIgniter\CodeIgniter->run()
#9 {main}
CRITICAL - 2020-09-24 06:37:10 --> Illegal string offset 'description'
#0 D:\xampp\htdocs\policy-master\app\Views\quotation\add.php(315): CodeIgniter\Debug\Exceptions->errorHandler(2, 'Illegal string ...', 'D:\\xampp\\htdocs...', 315, Array)
#1 D:\xampp\htdocs\policy-master\vendor\codeigniter4\framework\system\View\View.php(246): include('D:\\xampp\\htdocs...')
#2 D:\xampp\htdocs\policy-master\vendor\codeigniter4\framework\system\Common.php(1087): CodeIgniter\View\View->render('quotation/add', Array, true)
#3 D:\xampp\htdocs\policy-master\app\Controllers\BaseController.php(62): view('quotation/add', Array)
#4 D:\xampp\htdocs\policy-master\app\Controllers\InsuranceQuotation.php(88): App\Controllers\BaseController->render_page('quotation/add', Array)
#5 D:\xampp\htdocs\policy-master\vendor\codeigniter4\framework\system\CodeIgniter.php(914): App\Controllers\InsuranceQuotation->create('dist', 'img', 'user1-128x128.j...')
#6 D:\xampp\htdocs\policy-master\vendor\codeigniter4\framework\system\CodeIgniter.php(400): CodeIgniter\CodeIgniter->runController(Object(App\Controllers\InsuranceQuotation))
#7 D:\xampp\htdocs\policy-master\vendor\codeigniter4\framework\system\CodeIgniter.php(308): CodeIgniter\CodeIgniter->handleRequest(NULL, Object(Config\Cache), false)
#8 D:\xampp\htdocs\policy-master\index.php(84): CodeIgniter\CodeIgniter->run()
#9 {main}
CRITICAL - 2020-09-24 06:37:11 --> Illegal string offset 'description'
#0 D:\xampp\htdocs\policy-master\app\Views\quotation\add.php(315): CodeIgniter\Debug\Exceptions->errorHandler(2, 'Illegal string ...', 'D:\\xampp\\htdocs...', 315, Array)
#1 D:\xampp\htdocs\policy-master\vendor\codeigniter4\framework\system\View\View.php(246): include('D:\\xampp\\htdocs...')
#2 D:\xampp\htdocs\policy-master\vendor\codeigniter4\framework\system\Common.php(1087): CodeIgniter\View\View->render('quotation/add', Array, true)
#3 D:\xampp\htdocs\policy-master\app\Controllers\BaseController.php(62): view('quotation/add', Array)
#4 D:\xampp\htdocs\policy-master\app\Controllers\InsuranceQuotation.php(88): App\Controllers\BaseController->render_page('quotation/add', Array)
#5 D:\xampp\htdocs\policy-master\vendor\codeigniter4\framework\system\CodeIgniter.php(914): App\Controllers\InsuranceQuotation->create('dist', 'img', 'user8-128x128.j...')
#6 D:\xampp\htdocs\policy-master\vendor\codeigniter4\framework\system\CodeIgniter.php(400): CodeIgniter\CodeIgniter->runController(Object(App\Controllers\InsuranceQuotation))
#7 D:\xampp\htdocs\policy-master\vendor\codeigniter4\framework\system\CodeIgniter.php(308): CodeIgniter\CodeIgniter->handleRequest(NULL, Object(Config\Cache), false)
#8 D:\xampp\htdocs\policy-master\index.php(84): CodeIgniter\CodeIgniter->run()
#9 {main}
CRITICAL - 2020-09-24 06:37:12 --> Illegal string offset 'description'
#0 D:\xampp\htdocs\policy-master\app\Views\quotation\add.php(315): CodeIgniter\Debug\Exceptions->errorHandler(2, 'Illegal string ...', 'D:\\xampp\\htdocs...', 315, Array)
#1 D:\xampp\htdocs\policy-master\vendor\codeigniter4\framework\system\View\View.php(246): include('D:\\xampp\\htdocs...')
#2 D:\xampp\htdocs\policy-master\vendor\codeigniter4\framework\system\Common.php(1087): CodeIgniter\View\View->render('quotation/add', Array, true)
#3 D:\xampp\htdocs\policy-master\app\Controllers\BaseController.php(62): view('quotation/add', Array)
#4 D:\xampp\htdocs\policy-master\app\Controllers\InsuranceQuotation.php(88): App\Controllers\BaseController->render_page('quotation/add', Array)
#5 D:\xampp\htdocs\policy-master\vendor\codeigniter4\framework\system\CodeIgniter.php(914): App\Controllers\InsuranceQuotation->create('dist', 'img', 'user3-128x128.j...')
#6 D:\xampp\htdocs\policy-master\vendor\codeigniter4\framework\system\CodeIgniter.php(400): CodeIgniter\CodeIgniter->runController(Object(App\Controllers\InsuranceQuotation))
#7 D:\xampp\htdocs\policy-master\vendor\codeigniter4\framework\system\CodeIgniter.php(308): CodeIgniter\CodeIgniter->handleRequest(NULL, Object(Config\Cache), false)
#8 D:\xampp\htdocs\policy-master\index.php(84): CodeIgniter\CodeIgniter->run()
#9 {main}
CRITICAL - 2020-09-24 06:37:51 --> Illegal string offset 'description'
#0 D:\xampp\htdocs\policy-master\app\Views\quotation\add.php(316): CodeIgniter\Debug\Exceptions->errorHandler(2, 'Illegal string ...', 'D:\\xampp\\htdocs...', 316, Array)
#1 D:\xampp\htdocs\policy-master\vendor\codeigniter4\framework\system\View\View.php(246): include('D:\\xampp\\htdocs...')
#2 D:\xampp\htdocs\policy-master\vendor\codeigniter4\framework\system\Common.php(1087): CodeIgniter\View\View->render('quotation/add', Array, true)
#3 D:\xampp\htdocs\policy-master\app\Controllers\BaseController.php(62): view('quotation/add', Array)
#4 D:\xampp\htdocs\policy-master\app\Controllers\InsuranceQuotation.php(88): App\Controllers\BaseController->render_page('quotation/add', Array)
#5 D:\xampp\htdocs\policy-master\vendor\codeigniter4\framework\system\CodeIgniter.php(914): App\Controllers\InsuranceQuotation->create('1')
#6 D:\xampp\htdocs\policy-master\vendor\codeigniter4\framework\system\CodeIgniter.php(400): CodeIgniter\CodeIgniter->runController(Object(App\Controllers\InsuranceQuotation))
#7 D:\xampp\htdocs\policy-master\vendor\codeigniter4\framework\system\CodeIgniter.php(308): CodeIgniter\CodeIgniter->handleRequest(NULL, Object(Config\Cache), false)
#8 D:\xampp\htdocs\policy-master\index.php(84): CodeIgniter\CodeIgniter->run()
#9 {main}
CRITICAL - 2020-09-24 06:37:53 --> Illegal string offset 'description'
#0 D:\xampp\htdocs\policy-master\app\Views\quotation\add.php(316): CodeIgniter\Debug\Exceptions->errorHandler(2, 'Illegal string ...', 'D:\\xampp\\htdocs...', 316, Array)
#1 D:\xampp\htdocs\policy-master\vendor\codeigniter4\framework\system\View\View.php(246): include('D:\\xampp\\htdocs...')
#2 D:\xampp\htdocs\policy-master\vendor\codeigniter4\framework\system\Common.php(1087): CodeIgniter\View\View->render('quotation/add', Array, true)
#3 D:\xampp\htdocs\policy-master\app\Controllers\BaseController.php(62): view('quotation/add', Array)
#4 D:\xampp\htdocs\policy-master\app\Controllers\InsuranceQuotation.php(88): App\Controllers\BaseController->render_page('quotation/add', Array)
#5 D:\xampp\htdocs\policy-master\vendor\codeigniter4\framework\system\CodeIgniter.php(914): App\Controllers\InsuranceQuotation->create('dist', 'img', 'user1-128x128.j...')
#6 D:\xampp\htdocs\policy-master\vendor\codeigniter4\framework\system\CodeIgniter.php(400): CodeIgniter\CodeIgniter->runController(Object(App\Controllers\InsuranceQuotation))
#7 D:\xampp\htdocs\policy-master\vendor\codeigniter4\framework\system\CodeIgniter.php(308): CodeIgniter\CodeIgniter->handleRequest(NULL, Object(Config\Cache), false)
#8 D:\xampp\htdocs\policy-master\index.php(84): CodeIgniter\CodeIgniter->run()
#9 {main}
CRITICAL - 2020-09-24 06:37:54 --> Illegal string offset 'description'
#0 D:\xampp\htdocs\policy-master\app\Views\quotation\add.php(316): CodeIgniter\Debug\Exceptions->errorHandler(2, 'Illegal string ...', 'D:\\xampp\\htdocs...', 316, Array)
#1 D:\xampp\htdocs\policy-master\vendor\codeigniter4\framework\system\View\View.php(246): include('D:\\xampp\\htdocs...')
#2 D:\xampp\htdocs\policy-master\vendor\codeigniter4\framework\system\Common.php(1087): CodeIgniter\View\View->render('quotation/add', Array, true)
#3 D:\xampp\htdocs\policy-master\app\Controllers\BaseController.php(62): view('quotation/add', Array)
#4 D:\xampp\htdocs\policy-master\app\Controllers\InsuranceQuotation.php(88): App\Controllers\BaseController->render_page('quotation/add', Array)
#5 D:\xampp\htdocs\policy-master\vendor\codeigniter4\framework\system\CodeIgniter.php(914): App\Controllers\InsuranceQuotation->create('dist', 'img', 'user8-128x128.j...')
#6 D:\xampp\htdocs\policy-master\vendor\codeigniter4\framework\system\CodeIgniter.php(400): CodeIgniter\CodeIgniter->runController(Object(App\Controllers\InsuranceQuotation))
#7 D:\xampp\htdocs\policy-master\vendor\codeigniter4\framework\system\CodeIgniter.php(308): CodeIgniter\CodeIgniter->handleRequest(NULL, Object(Config\Cache), false)
#8 D:\xampp\htdocs\policy-master\index.php(84): CodeIgniter\CodeIgniter->run()
#9 {main}
CRITICAL - 2020-09-24 06:37:54 --> Illegal string offset 'description'
#0 D:\xampp\htdocs\policy-master\app\Views\quotation\add.php(316): CodeIgniter\Debug\Exceptions->errorHandler(2, 'Illegal string ...', 'D:\\xampp\\htdocs...', 316, Array)
#1 D:\xampp\htdocs\policy-master\vendor\codeigniter4\framework\system\View\View.php(246): include('D:\\xampp\\htdocs...')
#2 D:\xampp\htdocs\policy-master\vendor\codeigniter4\framework\system\Common.php(1087): CodeIgniter\View\View->render('quotation/add', Array, true)
#3 D:\xampp\htdocs\policy-master\app\Controllers\BaseController.php(62): view('quotation/add', Array)
#4 D:\xampp\htdocs\policy-master\app\Controllers\InsuranceQuotation.php(88): App\Controllers\BaseController->render_page('quotation/add', Array)
#5 D:\xampp\htdocs\policy-master\vendor\codeigniter4\framework\system\CodeIgniter.php(914): App\Controllers\InsuranceQuotation->create('dist', 'img', 'user3-128x128.j...')
#6 D:\xampp\htdocs\policy-master\vendor\codeigniter4\framework\system\CodeIgniter.php(400): CodeIgniter\CodeIgniter->runController(Object(App\Controllers\InsuranceQuotation))
#7 D:\xampp\htdocs\policy-master\vendor\codeigniter4\framework\system\CodeIgniter.php(308): CodeIgniter\CodeIgniter->handleRequest(NULL, Object(Config\Cache), false)
#8 D:\xampp\htdocs\policy-master\index.php(84): CodeIgniter\CodeIgniter->run()
#9 {main}
CRITICAL - 2020-09-24 06:40:22 --> syntax error, unexpected ')', expecting ']'
#0 D:\xampp\htdocs\policy-master\vendor\codeigniter4\framework\system\Router\Router.php(192): CodeIgniter\Router\Router->autoRoute('/insuranceQuota...')
#1 D:\xampp\htdocs\policy-master\vendor\codeigniter4\framework\system\CodeIgniter.php(789): CodeIgniter\Router\Router->handle('/insuranceQuota...')
#2 D:\xampp\htdocs\policy-master\vendor\codeigniter4\framework\system\CodeIgniter.php(360): CodeIgniter\CodeIgniter->tryToRouteIt(Object(CodeIgniter\Router\RouteCollection))
#3 D:\xampp\htdocs\policy-master\vendor\codeigniter4\framework\system\CodeIgniter.php(308): CodeIgniter\CodeIgniter->handleRequest(NULL, Object(Config\Cache), false)
#4 D:\xampp\htdocs\policy-master\index.php(84): CodeIgniter\CodeIgniter->run()
#5 {main}
CRITICAL - 2020-09-24 06:42:08 --> syntax error, unexpected ';', expecting ']'
#0 D:\xampp\htdocs\policy-master\vendor\codeigniter4\framework\system\Router\Router.php(192): CodeIgniter\Router\Router->autoRoute('/insuranceQuota...')
#1 D:\xampp\htdocs\policy-master\vendor\codeigniter4\framework\system\CodeIgniter.php(789): CodeIgniter\Router\Router->handle('/insuranceQuota...')
#2 D:\xampp\htdocs\policy-master\vendor\codeigniter4\framework\system\CodeIgniter.php(360): CodeIgniter\CodeIgniter->tryToRouteIt(Object(CodeIgniter\Router\RouteCollection))
#3 D:\xampp\htdocs\policy-master\vendor\codeigniter4\framework\system\CodeIgniter.php(308): CodeIgniter\CodeIgniter->handleRequest(NULL, Object(Config\Cache), false)
#4 D:\xampp\htdocs\policy-master\index.php(84): CodeIgniter\CodeIgniter->run()
#5 {main}
