CRITICAL - 2020-08-13 00:52:07 --> syntax error, unexpected '}', expecting end of file
#0 E:\wamp64\www\policy-master\vendor\codeigniter4\framework\system\Common.php(1087): CodeIgniter\View\View->render('brokercommissio...', Array, true)
#1 E:\wamp64\www\policy-master\app\Controllers\BaseController.php(53): view('brokercommissio...', Array)
#2 E:\wamp64\www\policy-master\app\Controllers\BrokerCommission.php(132): App\Controllers\BaseController->render_page('brokercommissio...', Array)
#3 E:\wamp64\www\policy-master\vendor\codeigniter4\framework\system\CodeIgniter.php(914): App\Controllers\BrokerCommission->individual_insurer()
#4 E:\wamp64\www\policy-master\vendor\codeigniter4\framework\system\CodeIgniter.php(400): CodeIgniter\CodeIgniter->runController(Object(App\Controllers\BrokerCommission))
#5 E:\wamp64\www\policy-master\vendor\codeigniter4\framework\system\CodeIgniter.php(308): CodeIgniter\CodeIgniter->handleRequest(NULL, Object(Config\Cache), false)
#6 E:\wamp64\www\policy-master\index.php(84): CodeIgniter\CodeIgniter->run()
#7 {main}
CRITICAL - 2020-08-13 01:55:50 --> Cannot use isset() on the result of an expression (you can use "null !== expression" instead)
#0 [internal function]: CodeIgniter\Debug\Exceptions->shutdownHandler()
#1 {main}
CRITICAL - 2020-08-13 01:56:54 --> syntax error, unexpected '{'
#0 E:\wamp64\www\policy-master\vendor\codeigniter4\framework\system\Router\Router.php(192): CodeIgniter\Router\Router->autoRoute('/brokercommissi...')
#1 E:\wamp64\www\policy-master\vendor\codeigniter4\framework\system\CodeIgniter.php(789): CodeIgniter\Router\Router->handle('/brokercommissi...')
#2 E:\wamp64\www\policy-master\vendor\codeigniter4\framework\system\CodeIgniter.php(360): CodeIgniter\CodeIgniter->tryToRouteIt(Object(CodeIgniter\Router\RouteCollection))
#3 E:\wamp64\www\policy-master\vendor\codeigniter4\framework\system\CodeIgniter.php(308): CodeIgniter\CodeIgniter->handleRequest(NULL, Object(Config\Cache), false)
#4 E:\wamp64\www\policy-master\index.php(84): CodeIgniter\CodeIgniter->run()
#5 {main}
CRITICAL - 2020-08-13 04:21:46 --> syntax error, unexpected '$checkval' (T_VARIABLE)
#0 E:\wamp64\www\policy-master\vendor\codeigniter4\framework\system\Router\Router.php(192): CodeIgniter\Router\Router->autoRoute('/brokercommissi...')
#1 E:\wamp64\www\policy-master\vendor\codeigniter4\framework\system\CodeIgniter.php(789): CodeIgniter\Router\Router->handle('/brokercommissi...')
#2 E:\wamp64\www\policy-master\vendor\codeigniter4\framework\system\CodeIgniter.php(360): CodeIgniter\CodeIgniter->tryToRouteIt(Object(CodeIgniter\Router\RouteCollection))
#3 E:\wamp64\www\policy-master\vendor\codeigniter4\framework\system\CodeIgniter.php(308): CodeIgniter\CodeIgniter->handleRequest(NULL, Object(Config\Cache), false)
#4 E:\wamp64\www\policy-master\index.php(84): CodeIgniter\CodeIgniter->run()
#5 {main}
CRITICAL - 2020-08-13 04:23:21 --> Unknown column 'fk_insurance_company' in 'field list'
#0 E:\wamp64\www\policy-master\vendor\codeigniter4\framework\system\Database\MySQLi\Connection.php(331): mysqli->query('SELECT `fk_insu...')
#1 E:\wamp64\www\policy-master\vendor\codeigniter4\framework\system\Database\BaseConnection.php(738): CodeIgniter\Database\MySQLi\Connection->execute('SELECT `fk_insu...')
#2 E:\wamp64\www\policy-master\vendor\codeigniter4\framework\system\Database\BaseConnection.php(666): CodeIgniter\Database\BaseConnection->simpleQuery('SELECT `fk_insu...')
#3 E:\wamp64\www\policy-master\vendor\codeigniter4\framework\system\Database\BaseBuilder.php(1845): CodeIgniter\Database\BaseConnection->query('SELECT `fk_insu...', Array, false)
#4 E:\wamp64\www\policy-master\vendor\codeigniter4\framework\system\Model.php(445): CodeIgniter\Database\BaseBuilder->get()
#5 E:\wamp64\www\policy-master\app\Controllers\BrokerCommission.php(152): CodeIgniter\Model->findAll()
#6 E:\wamp64\www\policy-master\vendor\codeigniter4\framework\system\CodeIgniter.php(914): App\Controllers\BrokerCommission->individual_insurer()
#7 E:\wamp64\www\policy-master\vendor\codeigniter4\framework\system\CodeIgniter.php(400): CodeIgniter\CodeIgniter->runController(Object(App\Controllers\BrokerCommission))
#8 E:\wamp64\www\policy-master\vendor\codeigniter4\framework\system\CodeIgniter.php(308): CodeIgniter\CodeIgniter->handleRequest(NULL, Object(Config\Cache), false)
#9 E:\wamp64\www\policy-master\index.php(84): CodeIgniter\CodeIgniter->run()
#10 {main}
CRITICAL - 2020-08-13 04:24:06 --> Unknown column 'fk_insurance_id' in 'where clause'
#0 E:\wamp64\www\policy-master\vendor\codeigniter4\framework\system\Database\MySQLi\Connection.php(331): mysqli->query('SELECT `fk_insu...')
#1 E:\wamp64\www\policy-master\vendor\codeigniter4\framework\system\Database\BaseConnection.php(738): CodeIgniter\Database\MySQLi\Connection->execute('SELECT `fk_insu...')
#2 E:\wamp64\www\policy-master\vendor\codeigniter4\framework\system\Database\BaseConnection.php(666): CodeIgniter\Database\BaseConnection->simpleQuery('SELECT `fk_insu...')
#3 E:\wamp64\www\policy-master\vendor\codeigniter4\framework\system\Database\BaseBuilder.php(1845): CodeIgniter\Database\BaseConnection->query('SELECT `fk_insu...', Array, false)
#4 E:\wamp64\www\policy-master\vendor\codeigniter4\framework\system\Model.php(445): CodeIgniter\Database\BaseBuilder->get()
#5 E:\wamp64\www\policy-master\app\Controllers\BrokerCommission.php(152): CodeIgniter\Model->findAll()
#6 E:\wamp64\www\policy-master\vendor\codeigniter4\framework\system\CodeIgniter.php(914): App\Controllers\BrokerCommission->individual_insurer()
#7 E:\wamp64\www\policy-master\vendor\codeigniter4\framework\system\CodeIgniter.php(400): CodeIgniter\CodeIgniter->runController(Object(App\Controllers\BrokerCommission))
#8 E:\wamp64\www\policy-master\vendor\codeigniter4\framework\system\CodeIgniter.php(308): CodeIgniter\CodeIgniter->handleRequest(NULL, Object(Config\Cache), false)
#9 E:\wamp64\www\policy-master\index.php(84): CodeIgniter\CodeIgniter->run()
#10 {main}
CRITICAL - 2020-08-13 04:39:23 --> Undefined index: fk_insurance_type_id
#0 E:\wamp64\www\policy-master\app\Views\brokercommission\individual_insurer.php(72): CodeIgniter\Debug\Exceptions->errorHandler(8, 'Undefined index...', 'E:\\wamp64\\www\\p...', 72, Array)
#1 E:\wamp64\www\policy-master\vendor\codeigniter4\framework\system\View\View.php(246): include('E:\\wamp64\\www\\p...')
#2 E:\wamp64\www\policy-master\vendor\codeigniter4\framework\system\Common.php(1087): CodeIgniter\View\View->render('brokercommissio...', Array, true)
#3 E:\wamp64\www\policy-master\app\Controllers\BaseController.php(53): view('brokercommissio...', Array)
#4 E:\wamp64\www\policy-master\app\Controllers\BrokerCommission.php(159): App\Controllers\BaseController->render_page('brokercommissio...', Array)
#5 E:\wamp64\www\policy-master\vendor\codeigniter4\framework\system\CodeIgniter.php(914): App\Controllers\BrokerCommission->individual_insurer()
#6 E:\wamp64\www\policy-master\vendor\codeigniter4\framework\system\CodeIgniter.php(400): CodeIgniter\CodeIgniter->runController(Object(App\Controllers\BrokerCommission))
#7 E:\wamp64\www\policy-master\vendor\codeigniter4\framework\system\CodeIgniter.php(308): CodeIgniter\CodeIgniter->handleRequest(NULL, Object(Config\Cache), false)
#8 E:\wamp64\www\policy-master\index.php(84): CodeIgniter\CodeIgniter->run()
#9 {main}
CRITICAL - 2020-08-13 04:42:47 --> Undefined index: fk_insurance_type_id
#0 E:\wamp64\www\policy-master\app\Views\brokercommission\individual_insurer.php(72): CodeIgniter\Debug\Exceptions->errorHandler(8, 'Undefined index...', 'E:\\wamp64\\www\\p...', 72, Array)
#1 E:\wamp64\www\policy-master\vendor\codeigniter4\framework\system\View\View.php(246): include('E:\\wamp64\\www\\p...')
#2 E:\wamp64\www\policy-master\vendor\codeigniter4\framework\system\Common.php(1087): CodeIgniter\View\View->render('brokercommissio...', Array, true)
#3 E:\wamp64\www\policy-master\app\Controllers\BaseController.php(53): view('brokercommissio...', Array)
#4 E:\wamp64\www\policy-master\app\Controllers\BrokerCommission.php(159): App\Controllers\BaseController->render_page('brokercommissio...', Array)
#5 E:\wamp64\www\policy-master\vendor\codeigniter4\framework\system\CodeIgniter.php(914): App\Controllers\BrokerCommission->individual_insurer()
#6 E:\wamp64\www\policy-master\vendor\codeigniter4\framework\system\CodeIgniter.php(400): CodeIgniter\CodeIgniter->runController(Object(App\Controllers\BrokerCommission))
#7 E:\wamp64\www\policy-master\vendor\codeigniter4\framework\system\CodeIgniter.php(308): CodeIgniter\CodeIgniter->handleRequest(NULL, Object(Config\Cache), false)
#8 E:\wamp64\www\policy-master\index.php(84): CodeIgniter\CodeIgniter->run()
#9 {main}
CRITICAL - 2020-08-13 04:42:54 --> Undefined variable: lists
#0 E:\wamp64\www\policy-master\app\Views\brokercommission\individual_insurer.php(69): CodeIgniter\Debug\Exceptions->errorHandler(8, 'Undefined varia...', 'E:\\wamp64\\www\\p...', 69, Array)
#1 E:\wamp64\www\policy-master\vendor\codeigniter4\framework\system\View\View.php(246): include('E:\\wamp64\\www\\p...')
#2 E:\wamp64\www\policy-master\vendor\codeigniter4\framework\system\Common.php(1087): CodeIgniter\View\View->render('brokercommissio...', Array, true)
#3 E:\wamp64\www\policy-master\app\Controllers\BaseController.php(53): view('brokercommissio...', Array)
#4 E:\wamp64\www\policy-master\app\Controllers\BrokerCommission.php(135): App\Controllers\BaseController->render_page('brokercommissio...', Array)
#5 E:\wamp64\www\policy-master\vendor\codeigniter4\framework\system\CodeIgniter.php(914): App\Controllers\BrokerCommission->individual_insurer()
#6 E:\wamp64\www\policy-master\vendor\codeigniter4\framework\system\CodeIgniter.php(400): CodeIgniter\CodeIgniter->runController(Object(App\Controllers\BrokerCommission))
#7 E:\wamp64\www\policy-master\vendor\codeigniter4\framework\system\CodeIgniter.php(308): CodeIgniter\CodeIgniter->handleRequest(NULL, Object(Config\Cache), false)
#8 E:\wamp64\www\policy-master\index.php(84): CodeIgniter\CodeIgniter->run()
#9 {main}
CRITICAL - 2020-08-13 04:43:30 --> Undefined variable: lists
#0 E:\wamp64\www\policy-master\app\Views\brokercommission\individual_insurer.php(69): CodeIgniter\Debug\Exceptions->errorHandler(8, 'Undefined varia...', 'E:\\wamp64\\www\\p...', 69, Array)
#1 E:\wamp64\www\policy-master\vendor\codeigniter4\framework\system\View\View.php(246): include('E:\\wamp64\\www\\p...')
#2 E:\wamp64\www\policy-master\vendor\codeigniter4\framework\system\Common.php(1087): CodeIgniter\View\View->render('brokercommissio...', Array, true)
#3 E:\wamp64\www\policy-master\app\Controllers\BaseController.php(53): view('brokercommissio...', Array)
#4 E:\wamp64\www\policy-master\app\Controllers\BrokerCommission.php(135): App\Controllers\BaseController->render_page('brokercommissio...', Array)
#5 E:\wamp64\www\policy-master\vendor\codeigniter4\framework\system\CodeIgniter.php(914): App\Controllers\BrokerCommission->individual_insurer()
#6 E:\wamp64\www\policy-master\vendor\codeigniter4\framework\system\CodeIgniter.php(400): CodeIgniter\CodeIgniter->runController(Object(App\Controllers\BrokerCommission))
#7 E:\wamp64\www\policy-master\vendor\codeigniter4\framework\system\CodeIgniter.php(308): CodeIgniter\CodeIgniter->handleRequest(NULL, Object(Config\Cache), false)
#8 E:\wamp64\www\policy-master\index.php(84): CodeIgniter\CodeIgniter->run()
#9 {main}
CRITICAL - 2020-08-13 04:44:24 --> Undefined variable: lists
#0 E:\wamp64\www\policy-master\app\Views\brokercommission\individual_insurer.php(69): CodeIgniter\Debug\Exceptions->errorHandler(8, 'Undefined varia...', 'E:\\wamp64\\www\\p...', 69, Array)
#1 E:\wamp64\www\policy-master\vendor\codeigniter4\framework\system\View\View.php(246): include('E:\\wamp64\\www\\p...')
#2 E:\wamp64\www\policy-master\vendor\codeigniter4\framework\system\Common.php(1087): CodeIgniter\View\View->render('brokercommissio...', Array, true)
#3 E:\wamp64\www\policy-master\app\Controllers\BaseController.php(53): view('brokercommissio...', Array)
#4 E:\wamp64\www\policy-master\app\Controllers\BrokerCommission.php(135): App\Controllers\BaseController->render_page('brokercommissio...', Array)
#5 E:\wamp64\www\policy-master\vendor\codeigniter4\framework\system\CodeIgniter.php(914): App\Controllers\BrokerCommission->individual_insurer()
#6 E:\wamp64\www\policy-master\vendor\codeigniter4\framework\system\CodeIgniter.php(400): CodeIgniter\CodeIgniter->runController(Object(App\Controllers\BrokerCommission))
#7 E:\wamp64\www\policy-master\vendor\codeigniter4\framework\system\CodeIgniter.php(308): CodeIgniter\CodeIgniter->handleRequest(NULL, Object(Config\Cache), false)
#8 E:\wamp64\www\policy-master\index.php(84): CodeIgniter\CodeIgniter->run()
#9 {main}
CRITICAL - 2020-08-13 04:48:41 --> Undefined index: fk_insurance_type_id
#0 E:\wamp64\www\policy-master\app\Views\brokercommission\individual_insurer.php(72): CodeIgniter\Debug\Exceptions->errorHandler(8, 'Undefined index...', 'E:\\wamp64\\www\\p...', 72, Array)
#1 E:\wamp64\www\policy-master\vendor\codeigniter4\framework\system\View\View.php(246): include('E:\\wamp64\\www\\p...')
#2 E:\wamp64\www\policy-master\vendor\codeigniter4\framework\system\Common.php(1087): CodeIgniter\View\View->render('brokercommissio...', Array, true)
#3 E:\wamp64\www\policy-master\app\Controllers\BaseController.php(53): view('brokercommissio...', Array)
#4 E:\wamp64\www\policy-master\app\Controllers\BrokerCommission.php(160): App\Controllers\BaseController->render_page('brokercommissio...', Array)
#5 E:\wamp64\www\policy-master\vendor\codeigniter4\framework\system\CodeIgniter.php(914): App\Controllers\BrokerCommission->individual_insurer()
#6 E:\wamp64\www\policy-master\vendor\codeigniter4\framework\system\CodeIgniter.php(400): CodeIgniter\CodeIgniter->runController(Object(App\Controllers\BrokerCommission))
#7 E:\wamp64\www\policy-master\vendor\codeigniter4\framework\system\CodeIgniter.php(308): CodeIgniter\CodeIgniter->handleRequest(NULL, Object(Config\Cache), false)
#8 E:\wamp64\www\policy-master\index.php(84): CodeIgniter\CodeIgniter->run()
#9 {main}
CRITICAL - 2020-08-13 04:50:23 --> syntax error, unexpected '}', expecting ',' or ';'
#0 E:\wamp64\www\policy-master\vendor\codeigniter4\framework\system\Common.php(1087): CodeIgniter\View\View->render('brokercommissio...', Array, true)
#1 E:\wamp64\www\policy-master\app\Controllers\BaseController.php(53): view('brokercommissio...', Array)
#2 E:\wamp64\www\policy-master\app\Controllers\BrokerCommission.php(160): App\Controllers\BaseController->render_page('brokercommissio...', Array)
#3 E:\wamp64\www\policy-master\vendor\codeigniter4\framework\system\CodeIgniter.php(914): App\Controllers\BrokerCommission->individual_insurer()
#4 E:\wamp64\www\policy-master\vendor\codeigniter4\framework\system\CodeIgniter.php(400): CodeIgniter\CodeIgniter->runController(Object(App\Controllers\BrokerCommission))
#5 E:\wamp64\www\policy-master\vendor\codeigniter4\framework\system\CodeIgniter.php(308): CodeIgniter\CodeIgniter->handleRequest(NULL, Object(Config\Cache), false)
#6 E:\wamp64\www\policy-master\index.php(84): CodeIgniter\CodeIgniter->run()
#7 {main}
CRITICAL - 2020-08-13 04:54:17 --> syntax error, unexpected end of file
#0 E:\wamp64\www\policy-master\vendor\codeigniter4\framework\system\Common.php(1087): CodeIgniter\View\View->render('brokercommissio...', Array, true)
#1 E:\wamp64\www\policy-master\app\Controllers\BaseController.php(53): view('brokercommissio...', Array)
#2 E:\wamp64\www\policy-master\app\Controllers\BrokerCommission.php(160): App\Controllers\BaseController->render_page('brokercommissio...', Array)
#3 E:\wamp64\www\policy-master\vendor\codeigniter4\framework\system\CodeIgniter.php(914): App\Controllers\BrokerCommission->individual_insurer()
#4 E:\wamp64\www\policy-master\vendor\codeigniter4\framework\system\CodeIgniter.php(400): CodeIgniter\CodeIgniter->runController(Object(App\Controllers\BrokerCommission))
#5 E:\wamp64\www\policy-master\vendor\codeigniter4\framework\system\CodeIgniter.php(308): CodeIgniter\CodeIgniter->handleRequest(NULL, Object(Config\Cache), false)
#6 E:\wamp64\www\policy-master\index.php(84): CodeIgniter\CodeIgniter->run()
#7 {main}
CRITICAL - 2020-08-13 04:56:00 --> Undefined variable: list
#0 E:\wamp64\www\policy-master\app\Views\brokercommission\individual_insurer.php(63): CodeIgniter\Debug\Exceptions->errorHandler(8, 'Undefined varia...', 'E:\\wamp64\\www\\p...', 63, Array)
#1 E:\wamp64\www\policy-master\vendor\codeigniter4\framework\system\View\View.php(246): include('E:\\wamp64\\www\\p...')
#2 E:\wamp64\www\policy-master\vendor\codeigniter4\framework\system\Common.php(1087): CodeIgniter\View\View->render('brokercommissio...', Array, true)
#3 E:\wamp64\www\policy-master\app\Controllers\BaseController.php(53): view('brokercommissio...', Array)
#4 E:\wamp64\www\policy-master\app\Controllers\BrokerCommission.php(154): App\Controllers\BaseController->render_page('brokercommissio...', Array)
#5 E:\wamp64\www\policy-master\vendor\codeigniter4\framework\system\CodeIgniter.php(914): App\Controllers\BrokerCommission->individual_insurer()
#6 E:\wamp64\www\policy-master\vendor\codeigniter4\framework\system\CodeIgniter.php(400): CodeIgniter\CodeIgniter->runController(Object(App\Controllers\BrokerCommission))
#7 E:\wamp64\www\policy-master\vendor\codeigniter4\framework\system\CodeIgniter.php(308): CodeIgniter\CodeIgniter->handleRequest(NULL, Object(Config\Cache), false)
#8 E:\wamp64\www\policy-master\index.php(84): CodeIgniter\CodeIgniter->run()
#9 {main}
CRITICAL - 2020-08-13 05:01:29 --> syntax error, unexpected ')'
#0 E:\wamp64\www\policy-master\vendor\codeigniter4\framework\system\Common.php(1087): CodeIgniter\View\View->render('brokercommissio...', Array, true)
#1 E:\wamp64\www\policy-master\app\Controllers\BaseController.php(53): view('brokercommissio...', Array)
#2 E:\wamp64\www\policy-master\app\Controllers\BrokerCommission.php(160): App\Controllers\BaseController->render_page('brokercommissio...', Array)
#3 E:\wamp64\www\policy-master\vendor\codeigniter4\framework\system\CodeIgniter.php(914): App\Controllers\BrokerCommission->individual_insurer()
#4 E:\wamp64\www\policy-master\vendor\codeigniter4\framework\system\CodeIgniter.php(400): CodeIgniter\CodeIgniter->runController(Object(App\Controllers\BrokerCommission))
#5 E:\wamp64\www\policy-master\vendor\codeigniter4\framework\system\CodeIgniter.php(308): CodeIgniter\CodeIgniter->handleRequest(NULL, Object(Config\Cache), false)
#6 E:\wamp64\www\policy-master\index.php(84): CodeIgniter\CodeIgniter->run()
#7 {main}
CRITICAL - 2020-08-13 05:04:24 --> Undefined variable: fk_insurance_type_id
#0 E:\wamp64\www\policy-master\app\Views\brokercommission\individual_insurer.php(64): CodeIgniter\Debug\Exceptions->errorHandler(8, 'Undefined varia...', 'E:\\wamp64\\www\\p...', 64, Array)
#1 E:\wamp64\www\policy-master\vendor\codeigniter4\framework\system\View\View.php(246): include('E:\\wamp64\\www\\p...')
#2 E:\wamp64\www\policy-master\vendor\codeigniter4\framework\system\Common.php(1087): CodeIgniter\View\View->render('brokercommissio...', Array, true)
#3 E:\wamp64\www\policy-master\app\Controllers\BaseController.php(53): view('brokercommissio...', Array)
#4 E:\wamp64\www\policy-master\app\Controllers\BrokerCommission.php(160): App\Controllers\BaseController->render_page('brokercommissio...', Array)
#5 E:\wamp64\www\policy-master\vendor\codeigniter4\framework\system\CodeIgniter.php(914): App\Controllers\BrokerCommission->individual_insurer()
#6 E:\wamp64\www\policy-master\vendor\codeigniter4\framework\system\CodeIgniter.php(400): CodeIgniter\CodeIgniter->runController(Object(App\Controllers\BrokerCommission))
#7 E:\wamp64\www\policy-master\vendor\codeigniter4\framework\system\CodeIgniter.php(308): CodeIgniter\CodeIgniter->handleRequest(NULL, Object(Config\Cache), false)
#8 E:\wamp64\www\policy-master\index.php(84): CodeIgniter\CodeIgniter->run()
#9 {main}
CRITICAL - 2020-08-13 05:08:48 --> Undefined offset: 1
#0 E:\wamp64\www\policy-master\app\Views\brokercommission\individual_insurer.php(62): CodeIgniter\Debug\Exceptions->errorHandler(8, 'Undefined offse...', 'E:\\wamp64\\www\\p...', 62, Array)
#1 E:\wamp64\www\policy-master\vendor\codeigniter4\framework\system\View\View.php(246): include('E:\\wamp64\\www\\p...')
#2 E:\wamp64\www\policy-master\vendor\codeigniter4\framework\system\Common.php(1087): CodeIgniter\View\View->render('brokercommissio...', Array, true)
#3 E:\wamp64\www\policy-master\app\Controllers\BaseController.php(53): view('brokercommissio...', Array)
#4 E:\wamp64\www\policy-master\app\Controllers\BrokerCommission.php(154): App\Controllers\BaseController->render_page('brokercommissio...', Array)
#5 E:\wamp64\www\policy-master\vendor\codeigniter4\framework\system\CodeIgniter.php(914): App\Controllers\BrokerCommission->individual_insurer()
#6 E:\wamp64\www\policy-master\vendor\codeigniter4\framework\system\CodeIgniter.php(400): CodeIgniter\CodeIgniter->runController(Object(App\Controllers\BrokerCommission))
#7 E:\wamp64\www\policy-master\vendor\codeigniter4\framework\system\CodeIgniter.php(308): CodeIgniter\CodeIgniter->handleRequest(NULL, Object(Config\Cache), false)
#8 E:\wamp64\www\policy-master\index.php(84): CodeIgniter\CodeIgniter->run()
#9 {main}
CRITICAL - 2020-08-13 05:14:38 --> syntax error, unexpected 'else' (T_ELSE), expecting ',' or ';'
#0 E:\wamp64\www\policy-master\vendor\codeigniter4\framework\system\Common.php(1087): CodeIgniter\View\View->render('brokercommissio...', Array, true)
#1 E:\wamp64\www\policy-master\app\Controllers\BaseController.php(53): view('brokercommissio...', Array)
#2 E:\wamp64\www\policy-master\app\Controllers\BrokerCommission.php(160): App\Controllers\BaseController->render_page('brokercommissio...', Array)
#3 E:\wamp64\www\policy-master\vendor\codeigniter4\framework\system\CodeIgniter.php(914): App\Controllers\BrokerCommission->individual_insurer()
#4 E:\wamp64\www\policy-master\vendor\codeigniter4\framework\system\CodeIgniter.php(400): CodeIgniter\CodeIgniter->runController(Object(App\Controllers\BrokerCommission))
#5 E:\wamp64\www\policy-master\vendor\codeigniter4\framework\system\CodeIgniter.php(308): CodeIgniter\CodeIgniter->handleRequest(NULL, Object(Config\Cache), false)
#6 E:\wamp64\www\policy-master\index.php(84): CodeIgniter\CodeIgniter->run()
#7 {main}
CRITICAL - 2020-08-13 05:32:23 --> syntax error, unexpected '$data' (T_VARIABLE)
#0 E:\wamp64\www\policy-master\vendor\codeigniter4\framework\system\Router\Router.php(192): CodeIgniter\Router\Router->autoRoute('/brokercommissi...')
#1 E:\wamp64\www\policy-master\vendor\codeigniter4\framework\system\CodeIgniter.php(789): CodeIgniter\Router\Router->handle('/brokercommissi...')
#2 E:\wamp64\www\policy-master\vendor\codeigniter4\framework\system\CodeIgniter.php(360): CodeIgniter\CodeIgniter->tryToRouteIt(Object(CodeIgniter\Router\RouteCollection))
#3 E:\wamp64\www\policy-master\vendor\codeigniter4\framework\system\CodeIgniter.php(308): CodeIgniter\CodeIgniter->handleRequest(NULL, Object(Config\Cache), false)
#4 E:\wamp64\www\policy-master\index.php(84): CodeIgniter\CodeIgniter->run()
#5 {main}
CRITICAL - 2020-08-13 05:32:50 --> Unknown column 'broker_commssion.fk_insurance_type_id' in 'on clause'
#0 E:\wamp64\www\policy-master\vendor\codeigniter4\framework\system\Database\MySQLi\Connection.php(331): mysqli->query('SELECT `fk_insu...')
#1 E:\wamp64\www\policy-master\vendor\codeigniter4\framework\system\Database\BaseConnection.php(738): CodeIgniter\Database\MySQLi\Connection->execute('SELECT `fk_insu...')
#2 E:\wamp64\www\policy-master\vendor\codeigniter4\framework\system\Database\BaseConnection.php(666): CodeIgniter\Database\BaseConnection->simpleQuery('SELECT `fk_insu...')
#3 E:\wamp64\www\policy-master\vendor\codeigniter4\framework\system\Database\BaseBuilder.php(1845): CodeIgniter\Database\BaseConnection->query('SELECT `fk_insu...', Array, false)
#4 E:\wamp64\www\policy-master\vendor\codeigniter4\framework\system\Model.php(445): CodeIgniter\Database\BaseBuilder->get()
#5 E:\wamp64\www\policy-master\app\Controllers\BrokerCommission.php(154): CodeIgniter\Model->findAll()
#6 E:\wamp64\www\policy-master\vendor\codeigniter4\framework\system\CodeIgniter.php(914): App\Controllers\BrokerCommission->individual_insurer()
#7 E:\wamp64\www\policy-master\vendor\codeigniter4\framework\system\CodeIgniter.php(400): CodeIgniter\CodeIgniter->runController(Object(App\Controllers\BrokerCommission))
#8 E:\wamp64\www\policy-master\vendor\codeigniter4\framework\system\CodeIgniter.php(308): CodeIgniter\CodeIgniter->handleRequest(NULL, Object(Config\Cache), false)
#9 E:\wamp64\www\policy-master\index.php(84): CodeIgniter\CodeIgniter->run()
#10 {main}
CRITICAL - 2020-08-13 05:34:41 --> Unknown column 'broker_commssion.fk_insurance_type_id' in 'on clause'
#0 E:\wamp64\www\policy-master\vendor\codeigniter4\framework\system\Database\MySQLi\Connection.php(331): mysqli->query('SELECT `fk_insu...')
#1 E:\wamp64\www\policy-master\vendor\codeigniter4\framework\system\Database\BaseConnection.php(738): CodeIgniter\Database\MySQLi\Connection->execute('SELECT `fk_insu...')
#2 E:\wamp64\www\policy-master\vendor\codeigniter4\framework\system\Database\BaseConnection.php(666): CodeIgniter\Database\BaseConnection->simpleQuery('SELECT `fk_insu...')
#3 E:\wamp64\www\policy-master\vendor\codeigniter4\framework\system\Database\BaseBuilder.php(1845): CodeIgniter\Database\BaseConnection->query('SELECT `fk_insu...', Array, false)
#4 E:\wamp64\www\policy-master\vendor\codeigniter4\framework\system\Model.php(445): CodeIgniter\Database\BaseBuilder->get()
#5 E:\wamp64\www\policy-master\app\Controllers\BrokerCommission.php(154): CodeIgniter\Model->findAll()
#6 E:\wamp64\www\policy-master\vendor\codeigniter4\framework\system\CodeIgniter.php(914): App\Controllers\BrokerCommission->individual_insurer()
#7 E:\wamp64\www\policy-master\vendor\codeigniter4\framework\system\CodeIgniter.php(400): CodeIgniter\CodeIgniter->runController(Object(App\Controllers\BrokerCommission))
#8 E:\wamp64\www\policy-master\vendor\codeigniter4\framework\system\CodeIgniter.php(308): CodeIgniter\CodeIgniter->handleRequest(NULL, Object(Config\Cache), false)
#9 E:\wamp64\www\policy-master\index.php(84): CodeIgniter\CodeIgniter->run()
#10 {main}
CRITICAL - 2020-08-13 05:35:29 --> Unknown column '=insurance_type.id' in 'on clause'
#0 E:\wamp64\www\policy-master\vendor\codeigniter4\framework\system\Database\MySQLi\Connection.php(331): mysqli->query('SELECT `fk_insu...')
#1 E:\wamp64\www\policy-master\vendor\codeigniter4\framework\system\Database\BaseConnection.php(738): CodeIgniter\Database\MySQLi\Connection->execute('SELECT `fk_insu...')
#2 E:\wamp64\www\policy-master\vendor\codeigniter4\framework\system\Database\BaseConnection.php(666): CodeIgniter\Database\BaseConnection->simpleQuery('SELECT `fk_insu...')
#3 E:\wamp64\www\policy-master\vendor\codeigniter4\framework\system\Database\BaseBuilder.php(1845): CodeIgniter\Database\BaseConnection->query('SELECT `fk_insu...', Array, false)
#4 E:\wamp64\www\policy-master\vendor\codeigniter4\framework\system\Model.php(445): CodeIgniter\Database\BaseBuilder->get()
#5 E:\wamp64\www\policy-master\app\Controllers\BrokerCommission.php(154): CodeIgniter\Model->findAll()
#6 E:\wamp64\www\policy-master\vendor\codeigniter4\framework\system\CodeIgniter.php(914): App\Controllers\BrokerCommission->individual_insurer()
#7 E:\wamp64\www\policy-master\vendor\codeigniter4\framework\system\CodeIgniter.php(400): CodeIgniter\CodeIgniter->runController(Object(App\Controllers\BrokerCommission))
#8 E:\wamp64\www\policy-master\vendor\codeigniter4\framework\system\CodeIgniter.php(308): CodeIgniter\CodeIgniter->handleRequest(NULL, Object(Config\Cache), false)
#9 E:\wamp64\www\policy-master\index.php(84): CodeIgniter\CodeIgniter->run()
#10 {main}
CRITICAL - 2020-08-13 05:43:48 --> Unknown column 'insurance_class.insurance_type_name' in 'field list'
#0 E:\wamp64\www\policy-master\vendor\codeigniter4\framework\system\Database\MySQLi\Connection.php(331): mysqli->query('SELECT `broker_...')
#1 E:\wamp64\www\policy-master\vendor\codeigniter4\framework\system\Database\BaseConnection.php(738): CodeIgniter\Database\MySQLi\Connection->execute('SELECT `broker_...')
#2 E:\wamp64\www\policy-master\vendor\codeigniter4\framework\system\Database\BaseConnection.php(666): CodeIgniter\Database\BaseConnection->simpleQuery('SELECT `broker_...')
#3 E:\wamp64\www\policy-master\vendor\codeigniter4\framework\system\Database\BaseBuilder.php(1845): CodeIgniter\Database\BaseConnection->query('SELECT `broker_...', Array, false)
#4 E:\wamp64\www\policy-master\vendor\codeigniter4\framework\system\Model.php(445): CodeIgniter\Database\BaseBuilder->get()
#5 E:\wamp64\www\policy-master\app\Controllers\BrokerCommission.php(161): CodeIgniter\Model->findAll()
#6 E:\wamp64\www\policy-master\vendor\codeigniter4\framework\system\CodeIgniter.php(914): App\Controllers\BrokerCommission->individual_insurer()
#7 E:\wamp64\www\policy-master\vendor\codeigniter4\framework\system\CodeIgniter.php(400): CodeIgniter\CodeIgniter->runController(Object(App\Controllers\BrokerCommission))
#8 E:\wamp64\www\policy-master\vendor\codeigniter4\framework\system\CodeIgniter.php(308): CodeIgniter\CodeIgniter->handleRequest(NULL, Object(Config\Cache), false)
#9 E:\wamp64\www\policy-master\index.php(84): CodeIgniter\CodeIgniter->run()
#10 {main}
CRITICAL - 2020-08-13 05:44:29 --> Undefined index: fk_insurance_class_id
#0 E:\wamp64\www\policy-master\app\Views\brokercommission\individual_insurer.php(72): CodeIgniter\Debug\Exceptions->errorHandler(8, 'Undefined index...', 'E:\\wamp64\\www\\p...', 72, Array)
#1 E:\wamp64\www\policy-master\vendor\codeigniter4\framework\system\View\View.php(246): include('E:\\wamp64\\www\\p...')
#2 E:\wamp64\www\policy-master\vendor\codeigniter4\framework\system\Common.php(1087): CodeIgniter\View\View->render('brokercommissio...', Array, true)
#3 E:\wamp64\www\policy-master\app\Controllers\BaseController.php(53): view('brokercommissio...', Array)
#4 E:\wamp64\www\policy-master\app\Controllers\BrokerCommission.php(162): App\Controllers\BaseController->render_page('brokercommissio...', Array)
#5 E:\wamp64\www\policy-master\vendor\codeigniter4\framework\system\CodeIgniter.php(914): App\Controllers\BrokerCommission->individual_insurer()
#6 E:\wamp64\www\policy-master\vendor\codeigniter4\framework\system\CodeIgniter.php(400): CodeIgniter\CodeIgniter->runController(Object(App\Controllers\BrokerCommission))
#7 E:\wamp64\www\policy-master\vendor\codeigniter4\framework\system\CodeIgniter.php(308): CodeIgniter\CodeIgniter->handleRequest(NULL, Object(Config\Cache), false)
#8 E:\wamp64\www\policy-master\index.php(84): CodeIgniter\CodeIgniter->run()
#9 {main}
CRITICAL - 2020-08-13 05:50:14 --> Undefined index: fk_insurance_class_id
#0 E:\wamp64\www\policy-master\app\Views\brokercommission\individual_insurer.php(72): CodeIgniter\Debug\Exceptions->errorHandler(8, 'Undefined index...', 'E:\\wamp64\\www\\p...', 72, Array)
#1 E:\wamp64\www\policy-master\vendor\codeigniter4\framework\system\View\View.php(246): include('E:\\wamp64\\www\\p...')
#2 E:\wamp64\www\policy-master\vendor\codeigniter4\framework\system\Common.php(1087): CodeIgniter\View\View->render('brokercommissio...', Array, true)
#3 E:\wamp64\www\policy-master\app\Controllers\BaseController.php(53): view('brokercommissio...', Array)
#4 E:\wamp64\www\policy-master\app\Controllers\BrokerCommission.php(162): App\Controllers\BaseController->render_page('brokercommissio...', Array)
#5 E:\wamp64\www\policy-master\vendor\codeigniter4\framework\system\CodeIgniter.php(914): App\Controllers\BrokerCommission->individual_insurer()
#6 E:\wamp64\www\policy-master\vendor\codeigniter4\framework\system\CodeIgniter.php(400): CodeIgniter\CodeIgniter->runController(Object(App\Controllers\BrokerCommission))
#7 E:\wamp64\www\policy-master\vendor\codeigniter4\framework\system\CodeIgniter.php(308): CodeIgniter\CodeIgniter->handleRequest(NULL, Object(Config\Cache), false)
#8 E:\wamp64\www\policy-master\index.php(84): CodeIgniter\CodeIgniter->run()
#9 {main}
CRITICAL - 2020-08-13 05:55:45 --> Undefined index: fk_insurance_class_id
#0 E:\wamp64\www\policy-master\app\Views\brokercommission\individual_insurer.php(72): CodeIgniter\Debug\Exceptions->errorHandler(8, 'Undefined index...', 'E:\\wamp64\\www\\p...', 72, Array)
#1 E:\wamp64\www\policy-master\vendor\codeigniter4\framework\system\View\View.php(246): include('E:\\wamp64\\www\\p...')
#2 E:\wamp64\www\policy-master\vendor\codeigniter4\framework\system\Common.php(1087): CodeIgniter\View\View->render('brokercommissio...', Array, true)
#3 E:\wamp64\www\policy-master\app\Controllers\BaseController.php(53): view('brokercommissio...', Array)
#4 E:\wamp64\www\policy-master\app\Controllers\BrokerCommission.php(162): App\Controllers\BaseController->render_page('brokercommissio...', Array)
#5 E:\wamp64\www\policy-master\vendor\codeigniter4\framework\system\CodeIgniter.php(914): App\Controllers\BrokerCommission->individual_insurer()
#6 E:\wamp64\www\policy-master\vendor\codeigniter4\framework\system\CodeIgniter.php(400): CodeIgniter\CodeIgniter->runController(Object(App\Controllers\BrokerCommission))
#7 E:\wamp64\www\policy-master\vendor\codeigniter4\framework\system\CodeIgniter.php(308): CodeIgniter\CodeIgniter->handleRequest(NULL, Object(Config\Cache), false)
#8 E:\wamp64\www\policy-master\index.php(84): CodeIgniter\CodeIgniter->run()
#9 {main}
CRITICAL - 2020-08-13 05:59:28 --> Undefined index: fk_insurance_class_name
#0 E:\wamp64\www\policy-master\app\Views\brokercommission\individual_insurer.php(72): CodeIgniter\Debug\Exceptions->errorHandler(8, 'Undefined index...', 'E:\\wamp64\\www\\p...', 72, Array)
#1 E:\wamp64\www\policy-master\vendor\codeigniter4\framework\system\View\View.php(246): include('E:\\wamp64\\www\\p...')
#2 E:\wamp64\www\policy-master\vendor\codeigniter4\framework\system\Common.php(1087): CodeIgniter\View\View->render('brokercommissio...', Array, true)
#3 E:\wamp64\www\policy-master\app\Controllers\BaseController.php(53): view('brokercommissio...', Array)
#4 E:\wamp64\www\policy-master\app\Controllers\BrokerCommission.php(162): App\Controllers\BaseController->render_page('brokercommissio...', Array)
#5 E:\wamp64\www\policy-master\vendor\codeigniter4\framework\system\CodeIgniter.php(914): App\Controllers\BrokerCommission->individual_insurer()
#6 E:\wamp64\www\policy-master\vendor\codeigniter4\framework\system\CodeIgniter.php(400): CodeIgniter\CodeIgniter->runController(Object(App\Controllers\BrokerCommission))
#7 E:\wamp64\www\policy-master\vendor\codeigniter4\framework\system\CodeIgniter.php(308): CodeIgniter\CodeIgniter->handleRequest(NULL, Object(Config\Cache), false)
#8 E:\wamp64\www\policy-master\index.php(84): CodeIgniter\CodeIgniter->run()
#9 {main}
