CRITICAL - 2020-09-22 00:31:53 --> Column 'other_fee' cannot be null
#0 D:\xampp\htdocs\policy-master\vendor\codeigniter4\framework\system\Database\MySQLi\Connection.php(331): mysqli->query('INSERT INTO `in...')
#1 D:\xampp\htdocs\policy-master\vendor\codeigniter4\framework\system\Database\BaseConnection.php(738): CodeIgniter\Database\MySQLi\Connection->execute('INSERT INTO `in...')
#2 D:\xampp\htdocs\policy-master\vendor\codeigniter4\framework\system\Database\BaseConnection.php(666): CodeIgniter\Database\BaseConnection->simpleQuery('INSERT INTO `in...')
#3 D:\xampp\htdocs\policy-master\vendor\codeigniter4\framework\system\Database\BaseBuilder.php(2234): CodeIgniter\Database\BaseConnection->query('INSERT INTO `in...', Array, false)
#4 D:\xampp\htdocs\policy-master\vendor\codeigniter4\framework\system\Model.php(729): CodeIgniter\Database\BaseBuilder->insert()
#5 D:\xampp\htdocs\policy-master\app\Controllers\InsuranceQuotation.php(211): CodeIgniter\Model->insert(Array)
#6 D:\xampp\htdocs\policy-master\vendor\codeigniter4\framework\system\CodeIgniter.php(914): App\Controllers\InsuranceQuotation->store()
#7 D:\xampp\htdocs\policy-master\vendor\codeigniter4\framework\system\CodeIgniter.php(400): CodeIgniter\CodeIgniter->runController(Object(App\Controllers\InsuranceQuotation))
#8 D:\xampp\htdocs\policy-master\vendor\codeigniter4\framework\system\CodeIgniter.php(308): CodeIgniter\CodeIgniter->handleRequest(NULL, Object(Config\Cache), false)
#9 D:\xampp\htdocs\policy-master\index.php(84): CodeIgniter\CodeIgniter->run()
#10 {main}
CRITICAL - 2020-09-22 00:43:53 --> Table 'policy_master.insurance_quotation_vehicle_info' doesn't exist
#0 D:\xampp\htdocs\policy-master\vendor\codeigniter4\framework\system\Database\MySQLi\Connection.php(331): mysqli->query('INSERT INTO `in...')
#1 D:\xampp\htdocs\policy-master\vendor\codeigniter4\framework\system\Database\BaseConnection.php(738): CodeIgniter\Database\MySQLi\Connection->execute('INSERT INTO `in...')
#2 D:\xampp\htdocs\policy-master\vendor\codeigniter4\framework\system\Database\BaseConnection.php(666): CodeIgniter\Database\BaseConnection->simpleQuery('INSERT INTO `in...')
#3 D:\xampp\htdocs\policy-master\vendor\codeigniter4\framework\system\Database\BaseBuilder.php(2234): CodeIgniter\Database\BaseConnection->query('INSERT INTO `in...', Array, false)
#4 D:\xampp\htdocs\policy-master\app\Models\InsuranceQuotationModel.php(33): CodeIgniter\Database\BaseBuilder->insert(Array)
#5 D:\xampp\htdocs\policy-master\app\Controllers\InsuranceQuotation.php(263): App\Models\InsuranceQuotationModel->insert_vehicle_info(Array)
#6 D:\xampp\htdocs\policy-master\vendor\codeigniter4\framework\system\CodeIgniter.php(914): App\Controllers\InsuranceQuotation->store()
#7 D:\xampp\htdocs\policy-master\vendor\codeigniter4\framework\system\CodeIgniter.php(400): CodeIgniter\CodeIgniter->runController(Object(App\Controllers\InsuranceQuotation))
#8 D:\xampp\htdocs\policy-master\vendor\codeigniter4\framework\system\CodeIgniter.php(308): CodeIgniter\CodeIgniter->handleRequest(NULL, Object(Config\Cache), false)
#9 D:\xampp\htdocs\policy-master\index.php(84): CodeIgniter\CodeIgniter->run()
#10 {main}
CRITICAL - 2020-09-22 00:45:05 --> Unknown column 'cover_note_no' in 'field list'
#0 D:\xampp\htdocs\policy-master\vendor\codeigniter4\framework\system\Database\MySQLi\Connection.php(331): mysqli->query('INSERT INTO `in...')
#1 D:\xampp\htdocs\policy-master\vendor\codeigniter4\framework\system\Database\BaseConnection.php(738): CodeIgniter\Database\MySQLi\Connection->execute('INSERT INTO `in...')
#2 D:\xampp\htdocs\policy-master\vendor\codeigniter4\framework\system\Database\BaseConnection.php(666): CodeIgniter\Database\BaseConnection->simpleQuery('INSERT INTO `in...')
#3 D:\xampp\htdocs\policy-master\vendor\codeigniter4\framework\system\Database\BaseBuilder.php(2234): CodeIgniter\Database\BaseConnection->query('INSERT INTO `in...', Array, false)
#4 D:\xampp\htdocs\policy-master\app\Models\InsuranceQuotationModel.php(33): CodeIgniter\Database\BaseBuilder->insert(Array)
#5 D:\xampp\htdocs\policy-master\app\Controllers\InsuranceQuotation.php(263): App\Models\InsuranceQuotationModel->insert_vehicle_info(Array)
#6 D:\xampp\htdocs\policy-master\vendor\codeigniter4\framework\system\CodeIgniter.php(914): App\Controllers\InsuranceQuotation->store()
#7 D:\xampp\htdocs\policy-master\vendor\codeigniter4\framework\system\CodeIgniter.php(400): CodeIgniter\CodeIgniter->runController(Object(App\Controllers\InsuranceQuotation))
#8 D:\xampp\htdocs\policy-master\vendor\codeigniter4\framework\system\CodeIgniter.php(308): CodeIgniter\CodeIgniter->handleRequest(NULL, Object(Config\Cache), false)
#9 D:\xampp\htdocs\policy-master\index.php(84): CodeIgniter\CodeIgniter->run()
#10 {main}
CRITICAL - 2020-09-22 00:45:40 --> Column 'loss_of_use' cannot be null
#0 D:\xampp\htdocs\policy-master\vendor\codeigniter4\framework\system\Database\MySQLi\Connection.php(331): mysqli->query('INSERT INTO `in...')
#1 D:\xampp\htdocs\policy-master\vendor\codeigniter4\framework\system\Database\BaseConnection.php(738): CodeIgniter\Database\MySQLi\Connection->execute('INSERT INTO `in...')
#2 D:\xampp\htdocs\policy-master\vendor\codeigniter4\framework\system\Database\BaseConnection.php(666): CodeIgniter\Database\BaseConnection->simpleQuery('INSERT INTO `in...')
#3 D:\xampp\htdocs\policy-master\vendor\codeigniter4\framework\system\Database\BaseBuilder.php(2234): CodeIgniter\Database\BaseConnection->query('INSERT INTO `in...', Array, false)
#4 D:\xampp\htdocs\policy-master\app\Models\InsuranceQuotationModel.php(33): CodeIgniter\Database\BaseBuilder->insert(Array)
#5 D:\xampp\htdocs\policy-master\app\Controllers\InsuranceQuotation.php(263): App\Models\InsuranceQuotationModel->insert_vehicle_info(Array)
#6 D:\xampp\htdocs\policy-master\vendor\codeigniter4\framework\system\CodeIgniter.php(914): App\Controllers\InsuranceQuotation->store()
#7 D:\xampp\htdocs\policy-master\vendor\codeigniter4\framework\system\CodeIgniter.php(400): CodeIgniter\CodeIgniter->runController(Object(App\Controllers\InsuranceQuotation))
#8 D:\xampp\htdocs\policy-master\vendor\codeigniter4\framework\system\CodeIgniter.php(308): CodeIgniter\CodeIgniter->handleRequest(NULL, Object(Config\Cache), false)
#9 D:\xampp\htdocs\policy-master\index.php(84): CodeIgniter\CodeIgniter->run()
#10 {main}
CRITICAL - 2020-09-22 00:46:42 --> Column 'loss_of_use' cannot be null
#0 D:\xampp\htdocs\policy-master\vendor\codeigniter4\framework\system\Database\MySQLi\Connection.php(331): mysqli->query('INSERT INTO `in...')
#1 D:\xampp\htdocs\policy-master\vendor\codeigniter4\framework\system\Database\BaseConnection.php(738): CodeIgniter\Database\MySQLi\Connection->execute('INSERT INTO `in...')
#2 D:\xampp\htdocs\policy-master\vendor\codeigniter4\framework\system\Database\BaseConnection.php(666): CodeIgniter\Database\BaseConnection->simpleQuery('INSERT INTO `in...')
#3 D:\xampp\htdocs\policy-master\vendor\codeigniter4\framework\system\Database\BaseBuilder.php(2234): CodeIgniter\Database\BaseConnection->query('INSERT INTO `in...', Array, false)
#4 D:\xampp\htdocs\policy-master\app\Models\InsuranceQuotationModel.php(33): CodeIgniter\Database\BaseBuilder->insert(Array)
#5 D:\xampp\htdocs\policy-master\app\Controllers\InsuranceQuotation.php(263): App\Models\InsuranceQuotationModel->insert_vehicle_info(Array)
#6 D:\xampp\htdocs\policy-master\vendor\codeigniter4\framework\system\CodeIgniter.php(914): App\Controllers\InsuranceQuotation->store()
#7 D:\xampp\htdocs\policy-master\vendor\codeigniter4\framework\system\CodeIgniter.php(400): CodeIgniter\CodeIgniter->runController(Object(App\Controllers\InsuranceQuotation))
#8 D:\xampp\htdocs\policy-master\vendor\codeigniter4\framework\system\CodeIgniter.php(308): CodeIgniter\CodeIgniter->handleRequest(NULL, Object(Config\Cache), false)
#9 D:\xampp\htdocs\policy-master\index.php(84): CodeIgniter\CodeIgniter->run()
#10 {main}
CRITICAL - 2020-09-22 00:47:07 --> Column 'other_description' cannot be null
#0 D:\xampp\htdocs\policy-master\vendor\codeigniter4\framework\system\Database\MySQLi\Connection.php(331): mysqli->query('INSERT INTO `in...')
#1 D:\xampp\htdocs\policy-master\vendor\codeigniter4\framework\system\Database\BaseConnection.php(738): CodeIgniter\Database\MySQLi\Connection->execute('INSERT INTO `in...')
#2 D:\xampp\htdocs\policy-master\vendor\codeigniter4\framework\system\Database\BaseConnection.php(666): CodeIgniter\Database\BaseConnection->simpleQuery('INSERT INTO `in...')
#3 D:\xampp\htdocs\policy-master\vendor\codeigniter4\framework\system\Database\BaseBuilder.php(2234): CodeIgniter\Database\BaseConnection->query('INSERT INTO `in...', Array, false)
#4 D:\xampp\htdocs\policy-master\app\Models\InsuranceQuotationModel.php(33): CodeIgniter\Database\BaseBuilder->insert(Array)
#5 D:\xampp\htdocs\policy-master\app\Controllers\InsuranceQuotation.php(263): App\Models\InsuranceQuotationModel->insert_vehicle_info(Array)
#6 D:\xampp\htdocs\policy-master\vendor\codeigniter4\framework\system\CodeIgniter.php(914): App\Controllers\InsuranceQuotation->store()
#7 D:\xampp\htdocs\policy-master\vendor\codeigniter4\framework\system\CodeIgniter.php(400): CodeIgniter\CodeIgniter->runController(Object(App\Controllers\InsuranceQuotation))
#8 D:\xampp\htdocs\policy-master\vendor\codeigniter4\framework\system\CodeIgniter.php(308): CodeIgniter\CodeIgniter->handleRequest(NULL, Object(Config\Cache), false)
#9 D:\xampp\htdocs\policy-master\index.php(84): CodeIgniter\CodeIgniter->run()
#10 {main}
CRITICAL - 2020-09-22 00:47:50 --> Column 'fk_vehicle_model' cannot be null
#0 D:\xampp\htdocs\policy-master\vendor\codeigniter4\framework\system\Database\MySQLi\Connection.php(331): mysqli->query('INSERT INTO `in...')
#1 D:\xampp\htdocs\policy-master\vendor\codeigniter4\framework\system\Database\BaseConnection.php(738): CodeIgniter\Database\MySQLi\Connection->execute('INSERT INTO `in...')
#2 D:\xampp\htdocs\policy-master\vendor\codeigniter4\framework\system\Database\BaseConnection.php(666): CodeIgniter\Database\BaseConnection->simpleQuery('INSERT INTO `in...')
#3 D:\xampp\htdocs\policy-master\vendor\codeigniter4\framework\system\Database\BaseBuilder.php(2234): CodeIgniter\Database\BaseConnection->query('INSERT INTO `in...', Array, false)
#4 D:\xampp\htdocs\policy-master\app\Models\InsuranceQuotationModel.php(33): CodeIgniter\Database\BaseBuilder->insert(Array)
#5 D:\xampp\htdocs\policy-master\app\Controllers\InsuranceQuotation.php(263): App\Models\InsuranceQuotationModel->insert_vehicle_info(Array)
#6 D:\xampp\htdocs\policy-master\vendor\codeigniter4\framework\system\CodeIgniter.php(914): App\Controllers\InsuranceQuotation->store()
#7 D:\xampp\htdocs\policy-master\vendor\codeigniter4\framework\system\CodeIgniter.php(400): CodeIgniter\CodeIgniter->runController(Object(App\Controllers\InsuranceQuotation))
#8 D:\xampp\htdocs\policy-master\vendor\codeigniter4\framework\system\CodeIgniter.php(308): CodeIgniter\CodeIgniter->handleRequest(NULL, Object(Config\Cache), false)
#9 D:\xampp\htdocs\policy-master\index.php(84): CodeIgniter\CodeIgniter->run()
#10 {main}
CRITICAL - 2020-09-22 00:48:11 --> Column 'fk_vehicle_type' cannot be null
#0 D:\xampp\htdocs\policy-master\vendor\codeigniter4\framework\system\Database\MySQLi\Connection.php(331): mysqli->query('INSERT INTO `in...')
#1 D:\xampp\htdocs\policy-master\vendor\codeigniter4\framework\system\Database\BaseConnection.php(738): CodeIgniter\Database\MySQLi\Connection->execute('INSERT INTO `in...')
#2 D:\xampp\htdocs\policy-master\vendor\codeigniter4\framework\system\Database\BaseConnection.php(666): CodeIgniter\Database\BaseConnection->simpleQuery('INSERT INTO `in...')
#3 D:\xampp\htdocs\policy-master\vendor\codeigniter4\framework\system\Database\BaseBuilder.php(2234): CodeIgniter\Database\BaseConnection->query('INSERT INTO `in...', Array, false)
#4 D:\xampp\htdocs\policy-master\app\Models\InsuranceQuotationModel.php(33): CodeIgniter\Database\BaseBuilder->insert(Array)
#5 D:\xampp\htdocs\policy-master\app\Controllers\InsuranceQuotation.php(263): App\Models\InsuranceQuotationModel->insert_vehicle_info(Array)
#6 D:\xampp\htdocs\policy-master\vendor\codeigniter4\framework\system\CodeIgniter.php(914): App\Controllers\InsuranceQuotation->store()
#7 D:\xampp\htdocs\policy-master\vendor\codeigniter4\framework\system\CodeIgniter.php(400): CodeIgniter\CodeIgniter->runController(Object(App\Controllers\InsuranceQuotation))
#8 D:\xampp\htdocs\policy-master\vendor\codeigniter4\framework\system\CodeIgniter.php(308): CodeIgniter\CodeIgniter->handleRequest(NULL, Object(Config\Cache), false)
#9 D:\xampp\htdocs\policy-master\index.php(84): CodeIgniter\CodeIgniter->run()
#10 {main}
CRITICAL - 2020-09-22 00:48:21 --> Column 'engine_no' cannot be null
#0 D:\xampp\htdocs\policy-master\vendor\codeigniter4\framework\system\Database\MySQLi\Connection.php(331): mysqli->query('INSERT INTO `in...')
#1 D:\xampp\htdocs\policy-master\vendor\codeigniter4\framework\system\Database\BaseConnection.php(738): CodeIgniter\Database\MySQLi\Connection->execute('INSERT INTO `in...')
#2 D:\xampp\htdocs\policy-master\vendor\codeigniter4\framework\system\Database\BaseConnection.php(666): CodeIgniter\Database\BaseConnection->simpleQuery('INSERT INTO `in...')
#3 D:\xampp\htdocs\policy-master\vendor\codeigniter4\framework\system\Database\BaseBuilder.php(2234): CodeIgniter\Database\BaseConnection->query('INSERT INTO `in...', Array, false)
#4 D:\xampp\htdocs\policy-master\app\Models\InsuranceQuotationModel.php(33): CodeIgniter\Database\BaseBuilder->insert(Array)
#5 D:\xampp\htdocs\policy-master\app\Controllers\InsuranceQuotation.php(263): App\Models\InsuranceQuotationModel->insert_vehicle_info(Array)
#6 D:\xampp\htdocs\policy-master\vendor\codeigniter4\framework\system\CodeIgniter.php(914): App\Controllers\InsuranceQuotation->store()
#7 D:\xampp\htdocs\policy-master\vendor\codeigniter4\framework\system\CodeIgniter.php(400): CodeIgniter\CodeIgniter->runController(Object(App\Controllers\InsuranceQuotation))
#8 D:\xampp\htdocs\policy-master\vendor\codeigniter4\framework\system\CodeIgniter.php(308): CodeIgniter\CodeIgniter->handleRequest(NULL, Object(Config\Cache), false)
#9 D:\xampp\htdocs\policy-master\index.php(84): CodeIgniter\CodeIgniter->run()
#10 {main}
CRITICAL - 2020-09-22 00:48:43 --> Column 'chassis_no' cannot be null
#0 D:\xampp\htdocs\policy-master\vendor\codeigniter4\framework\system\Database\MySQLi\Connection.php(331): mysqli->query('INSERT INTO `in...')
#1 D:\xampp\htdocs\policy-master\vendor\codeigniter4\framework\system\Database\BaseConnection.php(738): CodeIgniter\Database\MySQLi\Connection->execute('INSERT INTO `in...')
#2 D:\xampp\htdocs\policy-master\vendor\codeigniter4\framework\system\Database\BaseConnection.php(666): CodeIgniter\Database\BaseConnection->simpleQuery('INSERT INTO `in...')
#3 D:\xampp\htdocs\policy-master\vendor\codeigniter4\framework\system\Database\BaseBuilder.php(2234): CodeIgniter\Database\BaseConnection->query('INSERT INTO `in...', Array, false)
#4 D:\xampp\htdocs\policy-master\app\Models\InsuranceQuotationModel.php(33): CodeIgniter\Database\BaseBuilder->insert(Array)
#5 D:\xampp\htdocs\policy-master\app\Controllers\InsuranceQuotation.php(263): App\Models\InsuranceQuotationModel->insert_vehicle_info(Array)
#6 D:\xampp\htdocs\policy-master\vendor\codeigniter4\framework\system\CodeIgniter.php(914): App\Controllers\InsuranceQuotation->store()
#7 D:\xampp\htdocs\policy-master\vendor\codeigniter4\framework\system\CodeIgniter.php(400): CodeIgniter\CodeIgniter->runController(Object(App\Controllers\InsuranceQuotation))
#8 D:\xampp\htdocs\policy-master\vendor\codeigniter4\framework\system\CodeIgniter.php(308): CodeIgniter\CodeIgniter->handleRequest(NULL, Object(Config\Cache), false)
#9 D:\xampp\htdocs\policy-master\index.php(84): CodeIgniter\CodeIgniter->run()
#10 {main}
CRITICAL - 2020-09-22 00:49:05 --> Column 'gross_weight' cannot be null
#0 D:\xampp\htdocs\policy-master\vendor\codeigniter4\framework\system\Database\MySQLi\Connection.php(331): mysqli->query('INSERT INTO `in...')
#1 D:\xampp\htdocs\policy-master\vendor\codeigniter4\framework\system\Database\BaseConnection.php(738): CodeIgniter\Database\MySQLi\Connection->execute('INSERT INTO `in...')
#2 D:\xampp\htdocs\policy-master\vendor\codeigniter4\framework\system\Database\BaseConnection.php(666): CodeIgniter\Database\BaseConnection->simpleQuery('INSERT INTO `in...')
#3 D:\xampp\htdocs\policy-master\vendor\codeigniter4\framework\system\Database\BaseBuilder.php(2234): CodeIgniter\Database\BaseConnection->query('INSERT INTO `in...', Array, false)
#4 D:\xampp\htdocs\policy-master\app\Models\InsuranceQuotationModel.php(33): CodeIgniter\Database\BaseBuilder->insert(Array)
#5 D:\xampp\htdocs\policy-master\app\Controllers\InsuranceQuotation.php(263): App\Models\InsuranceQuotationModel->insert_vehicle_info(Array)
#6 D:\xampp\htdocs\policy-master\vendor\codeigniter4\framework\system\CodeIgniter.php(914): App\Controllers\InsuranceQuotation->store()
#7 D:\xampp\htdocs\policy-master\vendor\codeigniter4\framework\system\CodeIgniter.php(400): CodeIgniter\CodeIgniter->runController(Object(App\Controllers\InsuranceQuotation))
#8 D:\xampp\htdocs\policy-master\vendor\codeigniter4\framework\system\CodeIgniter.php(308): CodeIgniter\CodeIgniter->handleRequest(NULL, Object(Config\Cache), false)
#9 D:\xampp\htdocs\policy-master\index.php(84): CodeIgniter\CodeIgniter->run()
#10 {main}
CRITICAL - 2020-09-22 00:49:23 --> Column 'fk_fuel_type' cannot be null
#0 D:\xampp\htdocs\policy-master\vendor\codeigniter4\framework\system\Database\MySQLi\Connection.php(331): mysqli->query('INSERT INTO `in...')
#1 D:\xampp\htdocs\policy-master\vendor\codeigniter4\framework\system\Database\BaseConnection.php(738): CodeIgniter\Database\MySQLi\Connection->execute('INSERT INTO `in...')
#2 D:\xampp\htdocs\policy-master\vendor\codeigniter4\framework\system\Database\BaseConnection.php(666): CodeIgniter\Database\BaseConnection->simpleQuery('INSERT INTO `in...')
#3 D:\xampp\htdocs\policy-master\vendor\codeigniter4\framework\system\Database\BaseBuilder.php(2234): CodeIgniter\Database\BaseConnection->query('INSERT INTO `in...', Array, false)
#4 D:\xampp\htdocs\policy-master\app\Models\InsuranceQuotationModel.php(33): CodeIgniter\Database\BaseBuilder->insert(Array)
#5 D:\xampp\htdocs\policy-master\app\Controllers\InsuranceQuotation.php(263): App\Models\InsuranceQuotationModel->insert_vehicle_info(Array)
#6 D:\xampp\htdocs\policy-master\vendor\codeigniter4\framework\system\CodeIgniter.php(914): App\Controllers\InsuranceQuotation->store()
#7 D:\xampp\htdocs\policy-master\vendor\codeigniter4\framework\system\CodeIgniter.php(400): CodeIgniter\CodeIgniter->runController(Object(App\Controllers\InsuranceQuotation))
#8 D:\xampp\htdocs\policy-master\vendor\codeigniter4\framework\system\CodeIgniter.php(308): CodeIgniter\CodeIgniter->handleRequest(NULL, Object(Config\Cache), false)
#9 D:\xampp\htdocs\policy-master\index.php(84): CodeIgniter\CodeIgniter->run()
#10 {main}
CRITICAL - 2020-09-22 00:49:44 --> Column 'seat' cannot be null
#0 D:\xampp\htdocs\policy-master\vendor\codeigniter4\framework\system\Database\MySQLi\Connection.php(331): mysqli->query('INSERT INTO `in...')
#1 D:\xampp\htdocs\policy-master\vendor\codeigniter4\framework\system\Database\BaseConnection.php(738): CodeIgniter\Database\MySQLi\Connection->execute('INSERT INTO `in...')
#2 D:\xampp\htdocs\policy-master\vendor\codeigniter4\framework\system\Database\BaseConnection.php(666): CodeIgniter\Database\BaseConnection->simpleQuery('INSERT INTO `in...')
#3 D:\xampp\htdocs\policy-master\vendor\codeigniter4\framework\system\Database\BaseBuilder.php(2234): CodeIgniter\Database\BaseConnection->query('INSERT INTO `in...', Array, false)
#4 D:\xampp\htdocs\policy-master\app\Models\InsuranceQuotationModel.php(33): CodeIgniter\Database\BaseBuilder->insert(Array)
#5 D:\xampp\htdocs\policy-master\app\Controllers\InsuranceQuotation.php(263): App\Models\InsuranceQuotationModel->insert_vehicle_info(Array)
#6 D:\xampp\htdocs\policy-master\vendor\codeigniter4\framework\system\CodeIgniter.php(914): App\Controllers\InsuranceQuotation->store()
#7 D:\xampp\htdocs\policy-master\vendor\codeigniter4\framework\system\CodeIgniter.php(400): CodeIgniter\CodeIgniter->runController(Object(App\Controllers\InsuranceQuotation))
#8 D:\xampp\htdocs\policy-master\vendor\codeigniter4\framework\system\CodeIgniter.php(308): CodeIgniter\CodeIgniter->handleRequest(NULL, Object(Config\Cache), false)
#9 D:\xampp\htdocs\policy-master\index.php(84): CodeIgniter\CodeIgniter->run()
#10 {main}
CRITICAL - 2020-09-22 00:50:00 --> Column 'cc' cannot be null
#0 D:\xampp\htdocs\policy-master\vendor\codeigniter4\framework\system\Database\MySQLi\Connection.php(331): mysqli->query('INSERT INTO `in...')
#1 D:\xampp\htdocs\policy-master\vendor\codeigniter4\framework\system\Database\BaseConnection.php(738): CodeIgniter\Database\MySQLi\Connection->execute('INSERT INTO `in...')
#2 D:\xampp\htdocs\policy-master\vendor\codeigniter4\framework\system\Database\BaseConnection.php(666): CodeIgniter\Database\BaseConnection->simpleQuery('INSERT INTO `in...')
#3 D:\xampp\htdocs\policy-master\vendor\codeigniter4\framework\system\Database\BaseBuilder.php(2234): CodeIgniter\Database\BaseConnection->query('INSERT INTO `in...', Array, false)
#4 D:\xampp\htdocs\policy-master\app\Models\InsuranceQuotationModel.php(33): CodeIgniter\Database\BaseBuilder->insert(Array)
#5 D:\xampp\htdocs\policy-master\app\Controllers\InsuranceQuotation.php(263): App\Models\InsuranceQuotationModel->insert_vehicle_info(Array)
#6 D:\xampp\htdocs\policy-master\vendor\codeigniter4\framework\system\CodeIgniter.php(914): App\Controllers\InsuranceQuotation->store()
#7 D:\xampp\htdocs\policy-master\vendor\codeigniter4\framework\system\CodeIgniter.php(400): CodeIgniter\CodeIgniter->runController(Object(App\Controllers\InsuranceQuotation))
#8 D:\xampp\htdocs\policy-master\vendor\codeigniter4\framework\system\CodeIgniter.php(308): CodeIgniter\CodeIgniter->handleRequest(NULL, Object(Config\Cache), false)
#9 D:\xampp\htdocs\policy-master\index.php(84): CodeIgniter\CodeIgniter->run()
#10 {main}
CRITICAL - 2020-09-22 00:50:16 --> Column 'sum_insured' cannot be null
#0 D:\xampp\htdocs\policy-master\vendor\codeigniter4\framework\system\Database\MySQLi\Connection.php(331): mysqli->query('INSERT INTO `in...')
#1 D:\xampp\htdocs\policy-master\vendor\codeigniter4\framework\system\Database\BaseConnection.php(738): CodeIgniter\Database\MySQLi\Connection->execute('INSERT INTO `in...')
#2 D:\xampp\htdocs\policy-master\vendor\codeigniter4\framework\system\Database\BaseConnection.php(666): CodeIgniter\Database\BaseConnection->simpleQuery('INSERT INTO `in...')
#3 D:\xampp\htdocs\policy-master\vendor\codeigniter4\framework\system\Database\BaseBuilder.php(2234): CodeIgniter\Database\BaseConnection->query('INSERT INTO `in...', Array, false)
#4 D:\xampp\htdocs\policy-master\app\Models\InsuranceQuotationModel.php(33): CodeIgniter\Database\BaseBuilder->insert(Array)
#5 D:\xampp\htdocs\policy-master\app\Controllers\InsuranceQuotation.php(263): App\Models\InsuranceQuotationModel->insert_vehicle_info(Array)
#6 D:\xampp\htdocs\policy-master\vendor\codeigniter4\framework\system\CodeIgniter.php(914): App\Controllers\InsuranceQuotation->store()
#7 D:\xampp\htdocs\policy-master\vendor\codeigniter4\framework\system\CodeIgniter.php(400): CodeIgniter\CodeIgniter->runController(Object(App\Controllers\InsuranceQuotation))
#8 D:\xampp\htdocs\policy-master\vendor\codeigniter4\framework\system\CodeIgniter.php(308): CodeIgniter\CodeIgniter->handleRequest(NULL, Object(Config\Cache), false)
#9 D:\xampp\htdocs\policy-master\index.php(84): CodeIgniter\CodeIgniter->run()
#10 {main}
CRITICAL - 2020-09-22 00:50:35 --> Column 'tppd_sum_insured' cannot be null
#0 D:\xampp\htdocs\policy-master\vendor\codeigniter4\framework\system\Database\MySQLi\Connection.php(331): mysqli->query('INSERT INTO `in...')
#1 D:\xampp\htdocs\policy-master\vendor\codeigniter4\framework\system\Database\BaseConnection.php(738): CodeIgniter\Database\MySQLi\Connection->execute('INSERT INTO `in...')
#2 D:\xampp\htdocs\policy-master\vendor\codeigniter4\framework\system\Database\BaseConnection.php(666): CodeIgniter\Database\BaseConnection->simpleQuery('INSERT INTO `in...')
#3 D:\xampp\htdocs\policy-master\vendor\codeigniter4\framework\system\Database\BaseBuilder.php(2234): CodeIgniter\Database\BaseConnection->query('INSERT INTO `in...', Array, false)
#4 D:\xampp\htdocs\policy-master\app\Models\InsuranceQuotationModel.php(33): CodeIgniter\Database\BaseBuilder->insert(Array)
#5 D:\xampp\htdocs\policy-master\app\Controllers\InsuranceQuotation.php(263): App\Models\InsuranceQuotationModel->insert_vehicle_info(Array)
#6 D:\xampp\htdocs\policy-master\vendor\codeigniter4\framework\system\CodeIgniter.php(914): App\Controllers\InsuranceQuotation->store()
#7 D:\xampp\htdocs\policy-master\vendor\codeigniter4\framework\system\CodeIgniter.php(400): CodeIgniter\CodeIgniter->runController(Object(App\Controllers\InsuranceQuotation))
#8 D:\xampp\htdocs\policy-master\vendor\codeigniter4\framework\system\CodeIgniter.php(308): CodeIgniter\CodeIgniter->handleRequest(NULL, Object(Config\Cache), false)
#9 D:\xampp\htdocs\policy-master\index.php(84): CodeIgniter\CodeIgniter->run()
#10 {main}
CRITICAL - 2020-09-22 00:51:00 --> Column 'short_period' cannot be null
#0 D:\xampp\htdocs\policy-master\vendor\codeigniter4\framework\system\Database\MySQLi\Connection.php(331): mysqli->query('INSERT INTO `in...')
#1 D:\xampp\htdocs\policy-master\vendor\codeigniter4\framework\system\Database\BaseConnection.php(738): CodeIgniter\Database\MySQLi\Connection->execute('INSERT INTO `in...')
#2 D:\xampp\htdocs\policy-master\vendor\codeigniter4\framework\system\Database\BaseConnection.php(666): CodeIgniter\Database\BaseConnection->simpleQuery('INSERT INTO `in...')
#3 D:\xampp\htdocs\policy-master\vendor\codeigniter4\framework\system\Database\BaseBuilder.php(2234): CodeIgniter\Database\BaseConnection->query('INSERT INTO `in...', Array, false)
#4 D:\xampp\htdocs\policy-master\app\Models\InsuranceQuotationModel.php(33): CodeIgniter\Database\BaseBuilder->insert(Array)
#5 D:\xampp\htdocs\policy-master\app\Controllers\InsuranceQuotation.php(263): App\Models\InsuranceQuotationModel->insert_vehicle_info(Array)
#6 D:\xampp\htdocs\policy-master\vendor\codeigniter4\framework\system\CodeIgniter.php(914): App\Controllers\InsuranceQuotation->store()
#7 D:\xampp\htdocs\policy-master\vendor\codeigniter4\framework\system\CodeIgniter.php(400): CodeIgniter\CodeIgniter->runController(Object(App\Controllers\InsuranceQuotation))
#8 D:\xampp\htdocs\policy-master\vendor\codeigniter4\framework\system\CodeIgniter.php(308): CodeIgniter\CodeIgniter->handleRequest(NULL, Object(Config\Cache), false)
#9 D:\xampp\htdocs\policy-master\index.php(84): CodeIgniter\CodeIgniter->run()
#10 {main}
CRITICAL - 2020-09-22 00:51:20 --> Column 'adjust_premium' cannot be null
#0 D:\xampp\htdocs\policy-master\vendor\codeigniter4\framework\system\Database\MySQLi\Connection.php(331): mysqli->query('INSERT INTO `in...')
#1 D:\xampp\htdocs\policy-master\vendor\codeigniter4\framework\system\Database\BaseConnection.php(738): CodeIgniter\Database\MySQLi\Connection->execute('INSERT INTO `in...')
#2 D:\xampp\htdocs\policy-master\vendor\codeigniter4\framework\system\Database\BaseConnection.php(666): CodeIgniter\Database\BaseConnection->simpleQuery('INSERT INTO `in...')
#3 D:\xampp\htdocs\policy-master\vendor\codeigniter4\framework\system\Database\BaseBuilder.php(2234): CodeIgniter\Database\BaseConnection->query('INSERT INTO `in...', Array, false)
#4 D:\xampp\htdocs\policy-master\app\Models\InsuranceQuotationModel.php(33): CodeIgniter\Database\BaseBuilder->insert(Array)
#5 D:\xampp\htdocs\policy-master\app\Controllers\InsuranceQuotation.php(263): App\Models\InsuranceQuotationModel->insert_vehicle_info(Array)
#6 D:\xampp\htdocs\policy-master\vendor\codeigniter4\framework\system\CodeIgniter.php(914): App\Controllers\InsuranceQuotation->store()
#7 D:\xampp\htdocs\policy-master\vendor\codeigniter4\framework\system\CodeIgniter.php(400): CodeIgniter\CodeIgniter->runController(Object(App\Controllers\InsuranceQuotation))
#8 D:\xampp\htdocs\policy-master\vendor\codeigniter4\framework\system\CodeIgniter.php(308): CodeIgniter\CodeIgniter->handleRequest(NULL, Object(Config\Cache), false)
#9 D:\xampp\htdocs\policy-master\index.php(84): CodeIgniter\CodeIgniter->run()
#10 {main}
CRITICAL - 2020-09-22 00:51:44 --> Column 'cover_note_no' cannot be null
#0 D:\xampp\htdocs\policy-master\vendor\codeigniter4\framework\system\Database\MySQLi\Connection.php(331): mysqli->query('INSERT INTO `in...')
#1 D:\xampp\htdocs\policy-master\vendor\codeigniter4\framework\system\Database\BaseConnection.php(738): CodeIgniter\Database\MySQLi\Connection->execute('INSERT INTO `in...')
#2 D:\xampp\htdocs\policy-master\vendor\codeigniter4\framework\system\Database\BaseConnection.php(666): CodeIgniter\Database\BaseConnection->simpleQuery('INSERT INTO `in...')
#3 D:\xampp\htdocs\policy-master\vendor\codeigniter4\framework\system\Database\BaseBuilder.php(2234): CodeIgniter\Database\BaseConnection->query('INSERT INTO `in...', Array, false)
#4 D:\xampp\htdocs\policy-master\app\Models\InsuranceQuotationModel.php(33): CodeIgniter\Database\BaseBuilder->insert(Array)
#5 D:\xampp\htdocs\policy-master\app\Controllers\InsuranceQuotation.php(263): App\Models\InsuranceQuotationModel->insert_vehicle_info(Array)
#6 D:\xampp\htdocs\policy-master\vendor\codeigniter4\framework\system\CodeIgniter.php(914): App\Controllers\InsuranceQuotation->store()
#7 D:\xampp\htdocs\policy-master\vendor\codeigniter4\framework\system\CodeIgniter.php(400): CodeIgniter\CodeIgniter->runController(Object(App\Controllers\InsuranceQuotation))
#8 D:\xampp\htdocs\policy-master\vendor\codeigniter4\framework\system\CodeIgniter.php(308): CodeIgniter\CodeIgniter->handleRequest(NULL, Object(Config\Cache), false)
#9 D:\xampp\htdocs\policy-master\index.php(84): CodeIgniter\CodeIgniter->run()
#10 {main}
CRITICAL - 2020-09-22 00:52:03 --> Column 'sticker_no' cannot be null
#0 D:\xampp\htdocs\policy-master\vendor\codeigniter4\framework\system\Database\MySQLi\Connection.php(331): mysqli->query('INSERT INTO `in...')
#1 D:\xampp\htdocs\policy-master\vendor\codeigniter4\framework\system\Database\BaseConnection.php(738): CodeIgniter\Database\MySQLi\Connection->execute('INSERT INTO `in...')
#2 D:\xampp\htdocs\policy-master\vendor\codeigniter4\framework\system\Database\BaseConnection.php(666): CodeIgniter\Database\BaseConnection->simpleQuery('INSERT INTO `in...')
#3 D:\xampp\htdocs\policy-master\vendor\codeigniter4\framework\system\Database\BaseBuilder.php(2234): CodeIgniter\Database\BaseConnection->query('INSERT INTO `in...', Array, false)
#4 D:\xampp\htdocs\policy-master\app\Models\InsuranceQuotationModel.php(33): CodeIgniter\Database\BaseBuilder->insert(Array)
#5 D:\xampp\htdocs\policy-master\app\Controllers\InsuranceQuotation.php(263): App\Models\InsuranceQuotationModel->insert_vehicle_info(Array)
#6 D:\xampp\htdocs\policy-master\vendor\codeigniter4\framework\system\CodeIgniter.php(914): App\Controllers\InsuranceQuotation->store()
#7 D:\xampp\htdocs\policy-master\vendor\codeigniter4\framework\system\CodeIgniter.php(400): CodeIgniter\CodeIgniter->runController(Object(App\Controllers\InsuranceQuotation))
#8 D:\xampp\htdocs\policy-master\vendor\codeigniter4\framework\system\CodeIgniter.php(308): CodeIgniter\CodeIgniter->handleRequest(NULL, Object(Config\Cache), false)
#9 D:\xampp\htdocs\policy-master\index.php(84): CodeIgniter\CodeIgniter->run()
#10 {main}
CRITICAL - 2020-09-22 00:52:45 --> Column 'period_of_insurance' cannot be null
#0 D:\xampp\htdocs\policy-master\vendor\codeigniter4\framework\system\Database\MySQLi\Connection.php(331): mysqli->query('INSERT INTO `in...')
#1 D:\xampp\htdocs\policy-master\vendor\codeigniter4\framework\system\Database\BaseConnection.php(738): CodeIgniter\Database\MySQLi\Connection->execute('INSERT INTO `in...')
#2 D:\xampp\htdocs\policy-master\vendor\codeigniter4\framework\system\Database\BaseConnection.php(666): CodeIgniter\Database\BaseConnection->simpleQuery('INSERT INTO `in...')
#3 D:\xampp\htdocs\policy-master\vendor\codeigniter4\framework\system\Database\BaseBuilder.php(2234): CodeIgniter\Database\BaseConnection->query('INSERT INTO `in...', Array, false)
#4 D:\xampp\htdocs\policy-master\app\Models\InsuranceQuotationModel.php(33): CodeIgniter\Database\BaseBuilder->insert(Array)
#5 D:\xampp\htdocs\policy-master\app\Controllers\InsuranceQuotation.php(263): App\Models\InsuranceQuotationModel->insert_vehicle_info(Array)
#6 D:\xampp\htdocs\policy-master\vendor\codeigniter4\framework\system\CodeIgniter.php(914): App\Controllers\InsuranceQuotation->store()
#7 D:\xampp\htdocs\policy-master\vendor\codeigniter4\framework\system\CodeIgniter.php(400): CodeIgniter\CodeIgniter->runController(Object(App\Controllers\InsuranceQuotation))
#8 D:\xampp\htdocs\policy-master\vendor\codeigniter4\framework\system\CodeIgniter.php(308): CodeIgniter\CodeIgniter->handleRequest(NULL, Object(Config\Cache), false)
#9 D:\xampp\htdocs\policy-master\index.php(84): CodeIgniter\CodeIgniter->run()
#10 {main}
CRITICAL - 2020-09-22 01:07:27 --> Undefined index: fk_insurance_type_id
#0 D:\xampp\htdocs\policy-master\app\Views\quotation\list.php(108): CodeIgniter\Debug\Exceptions->errorHandler(8, 'Undefined index...', 'D:\\xampp\\htdocs...', 108, Array)
#1 D:\xampp\htdocs\policy-master\vendor\codeigniter4\framework\system\View\View.php(246): include('D:\\xampp\\htdocs...')
#2 D:\xampp\htdocs\policy-master\vendor\codeigniter4\framework\system\Common.php(1087): CodeIgniter\View\View->render('quotation/list', Array, true)
#3 D:\xampp\htdocs\policy-master\app\Controllers\BaseController.php(62): view('quotation/list', Array)
#4 D:\xampp\htdocs\policy-master\app\Controllers\InsuranceQuotation.php(32): App\Controllers\BaseController->render_page('quotation/list', Array)
#5 D:\xampp\htdocs\policy-master\vendor\codeigniter4\framework\system\CodeIgniter.php(914): App\Controllers\InsuranceQuotation->index()
#6 D:\xampp\htdocs\policy-master\vendor\codeigniter4\framework\system\CodeIgniter.php(400): CodeIgniter\CodeIgniter->runController(Object(App\Controllers\InsuranceQuotation))
#7 D:\xampp\htdocs\policy-master\vendor\codeigniter4\framework\system\CodeIgniter.php(308): CodeIgniter\CodeIgniter->handleRequest(NULL, Object(Config\Cache), false)
#8 D:\xampp\htdocs\policy-master\index.php(84): CodeIgniter\CodeIgniter->run()
#9 {main}
CRITICAL - 2020-09-22 01:30:55 --> Table 'policy_master.branch' doesn't exist
#0 D:\xampp\htdocs\policy-master\vendor\codeigniter4\framework\system\Database\MySQLi\Connection.php(331): mysqli->query('SELECT `insuran...')
#1 D:\xampp\htdocs\policy-master\vendor\codeigniter4\framework\system\Database\BaseConnection.php(738): CodeIgniter\Database\MySQLi\Connection->execute('SELECT `insuran...')
#2 D:\xampp\htdocs\policy-master\vendor\codeigniter4\framework\system\Database\BaseConnection.php(666): CodeIgniter\Database\BaseConnection->simpleQuery('SELECT `insuran...')
#3 D:\xampp\htdocs\policy-master\vendor\codeigniter4\framework\system\Database\BaseBuilder.php(1845): CodeIgniter\Database\BaseConnection->query('SELECT `insuran...', Array, false)
#4 D:\xampp\htdocs\policy-master\vendor\codeigniter4\framework\system\Model.php(445): CodeIgniter\Database\BaseBuilder->get()
#5 D:\xampp\htdocs\policy-master\app\Controllers\InsuranceQuotation.php(31): CodeIgniter\Model->findAll()
#6 D:\xampp\htdocs\policy-master\vendor\codeigniter4\framework\system\CodeIgniter.php(914): App\Controllers\InsuranceQuotation->index()
#7 D:\xampp\htdocs\policy-master\vendor\codeigniter4\framework\system\CodeIgniter.php(400): CodeIgniter\CodeIgniter->runController(Object(App\Controllers\InsuranceQuotation))
#8 D:\xampp\htdocs\policy-master\vendor\codeigniter4\framework\system\CodeIgniter.php(308): CodeIgniter\CodeIgniter->handleRequest(NULL, Object(Config\Cache), false)
#9 D:\xampp\htdocs\policy-master\index.php(84): CodeIgniter\CodeIgniter->run()
#10 {main}
CRITICAL - 2020-09-22 01:31:36 --> Undefined index: branch_name
#0 D:\xampp\htdocs\policy-master\app\Views\quotation\list.php(106): CodeIgniter\Debug\Exceptions->errorHandler(8, 'Undefined index...', 'D:\\xampp\\htdocs...', 106, Array)
#1 D:\xampp\htdocs\policy-master\vendor\codeigniter4\framework\system\View\View.php(246): include('D:\\xampp\\htdocs...')
#2 D:\xampp\htdocs\policy-master\vendor\codeigniter4\framework\system\Common.php(1087): CodeIgniter\View\View->render('quotation/list', Array, true)
#3 D:\xampp\htdocs\policy-master\app\Controllers\BaseController.php(62): view('quotation/list', Array)
#4 D:\xampp\htdocs\policy-master\app\Controllers\InsuranceQuotation.php(33): App\Controllers\BaseController->render_page('quotation/list', Array)
#5 D:\xampp\htdocs\policy-master\vendor\codeigniter4\framework\system\CodeIgniter.php(914): App\Controllers\InsuranceQuotation->index()
#6 D:\xampp\htdocs\policy-master\vendor\codeigniter4\framework\system\CodeIgniter.php(400): CodeIgniter\CodeIgniter->runController(Object(App\Controllers\InsuranceQuotation))
#7 D:\xampp\htdocs\policy-master\vendor\codeigniter4\framework\system\CodeIgniter.php(308): CodeIgniter\CodeIgniter->handleRequest(NULL, Object(Config\Cache), false)
#8 D:\xampp\htdocs\policy-master\index.php(84): CodeIgniter\CodeIgniter->run()
#9 {main}
CRITICAL - 2020-09-22 01:42:44 --> Unknown table 'policy_master.client'
#0 D:\xampp\htdocs\policy-master\vendor\codeigniter4\framework\system\Database\MySQLi\Connection.php(331): mysqli->query('SELECT `client`...')
#1 D:\xampp\htdocs\policy-master\vendor\codeigniter4\framework\system\Database\BaseConnection.php(738): CodeIgniter\Database\MySQLi\Connection->execute('SELECT `client`...')
#2 D:\xampp\htdocs\policy-master\vendor\codeigniter4\framework\system\Database\BaseConnection.php(666): CodeIgniter\Database\BaseConnection->simpleQuery('SELECT `client`...')
#3 D:\xampp\htdocs\policy-master\vendor\codeigniter4\framework\system\Database\BaseBuilder.php(1845): CodeIgniter\Database\BaseConnection->query('SELECT `client`...', Array, false)
#4 D:\xampp\htdocs\policy-master\vendor\codeigniter4\framework\system\Model.php(445): CodeIgniter\Database\BaseBuilder->get()
#5 D:\xampp\htdocs\policy-master\app\Controllers\Clients.php(22): CodeIgniter\Model->findAll()
#6 D:\xampp\htdocs\policy-master\vendor\codeigniter4\framework\system\CodeIgniter.php(914): App\Controllers\Clients->index()
#7 D:\xampp\htdocs\policy-master\vendor\codeigniter4\framework\system\CodeIgniter.php(400): CodeIgniter\CodeIgniter->runController(Object(App\Controllers\Clients))
#8 D:\xampp\htdocs\policy-master\vendor\codeigniter4\framework\system\CodeIgniter.php(308): CodeIgniter\CodeIgniter->handleRequest(NULL, Object(Config\Cache), false)
#9 D:\xampp\htdocs\policy-master\index.php(84): CodeIgniter\CodeIgniter->run()
#10 {main}
CRITICAL - 2020-09-22 01:49:12 --> Undefined index: mobile_no1
#0 D:\xampp\htdocs\policy-master\app\Views\client\list.php(98): CodeIgniter\Debug\Exceptions->errorHandler(8, 'Undefined index...', 'D:\\xampp\\htdocs...', 98, Array)
#1 D:\xampp\htdocs\policy-master\vendor\codeigniter4\framework\system\View\View.php(246): include('D:\\xampp\\htdocs...')
#2 D:\xampp\htdocs\policy-master\vendor\codeigniter4\framework\system\Common.php(1087): CodeIgniter\View\View->render('client/list', Array, true)
#3 D:\xampp\htdocs\policy-master\app\Controllers\BaseController.php(62): view('client/list', Array)
#4 D:\xampp\htdocs\policy-master\app\Controllers\Clients.php(25): App\Controllers\BaseController->render_page('client/list', Array)
#5 D:\xampp\htdocs\policy-master\vendor\codeigniter4\framework\system\CodeIgniter.php(914): App\Controllers\Clients->index()
#6 D:\xampp\htdocs\policy-master\vendor\codeigniter4\framework\system\CodeIgniter.php(400): CodeIgniter\CodeIgniter->runController(Object(App\Controllers\Clients))
#7 D:\xampp\htdocs\policy-master\vendor\codeigniter4\framework\system\CodeIgniter.php(308): CodeIgniter\CodeIgniter->handleRequest(NULL, Object(Config\Cache), false)
#8 D:\xampp\htdocs\policy-master\index.php(84): CodeIgniter\CodeIgniter->run()
#9 {main}
CRITICAL - 2020-09-22 02:44:58 --> syntax error, unexpected ';'
#0 D:\xampp\htdocs\policy-master\vendor\codeigniter4\framework\system\Router\Router.php(192): CodeIgniter\Router\Router->autoRoute('/clients/get_cl...')
#1 D:\xampp\htdocs\policy-master\vendor\codeigniter4\framework\system\CodeIgniter.php(789): CodeIgniter\Router\Router->handle('/clients/get_cl...')
#2 D:\xampp\htdocs\policy-master\vendor\codeigniter4\framework\system\CodeIgniter.php(360): CodeIgniter\CodeIgniter->tryToRouteIt(Object(CodeIgniter\Router\RouteCollection))
#3 D:\xampp\htdocs\policy-master\vendor\codeigniter4\framework\system\CodeIgniter.php(308): CodeIgniter\CodeIgniter->handleRequest(NULL, Object(Config\Cache), false)
#4 D:\xampp\htdocs\policy-master\index.php(84): CodeIgniter\CodeIgniter->run()
#5 {main}
CRITICAL - 2020-09-22 04:46:23 --> Call to undefined method CodeIgniter\Session\Session::set_flashdata()
#0 D:\xampp\htdocs\policy-master\vendor\codeigniter4\framework\system\CodeIgniter.php(914): App\Controllers\Auth->change_password()
#1 D:\xampp\htdocs\policy-master\vendor\codeigniter4\framework\system\CodeIgniter.php(400): CodeIgniter\CodeIgniter->runController(Object(App\Controllers\Auth))
#2 D:\xampp\htdocs\policy-master\vendor\codeigniter4\framework\system\CodeIgniter.php(308): CodeIgniter\CodeIgniter->handleRequest(NULL, Object(Config\Cache), false)
#3 D:\xampp\htdocs\policy-master\index.php(84): CodeIgniter\CodeIgniter->run()
#4 {main}
CRITICAL - 2020-09-22 04:46:50 --> Call to undefined method CodeIgniter\Session\Session::set_userdata()
#0 D:\xampp\htdocs\policy-master\vendor\codeigniter4\framework\system\CodeIgniter.php(914): App\Controllers\Auth->change_password()
#1 D:\xampp\htdocs\policy-master\vendor\codeigniter4\framework\system\CodeIgniter.php(400): CodeIgniter\CodeIgniter->runController(Object(App\Controllers\Auth))
#2 D:\xampp\htdocs\policy-master\vendor\codeigniter4\framework\system\CodeIgniter.php(308): CodeIgniter\CodeIgniter->handleRequest(NULL, Object(Config\Cache), false)
#3 D:\xampp\htdocs\policy-master\index.php(84): CodeIgniter\CodeIgniter->run()
#4 {main}
CRITICAL - 2020-09-22 04:48:28 --> Call to undefined method CodeIgniter\Session\Session::set_userdata()
#0 D:\xampp\htdocs\policy-master\vendor\codeigniter4\framework\system\CodeIgniter.php(914): App\Controllers\Auth->change_password()
#1 D:\xampp\htdocs\policy-master\vendor\codeigniter4\framework\system\CodeIgniter.php(400): CodeIgniter\CodeIgniter->runController(Object(App\Controllers\Auth))
#2 D:\xampp\htdocs\policy-master\vendor\codeigniter4\framework\system\CodeIgniter.php(308): CodeIgniter\CodeIgniter->handleRequest(NULL, Object(Config\Cache), false)
#3 D:\xampp\htdocs\policy-master\index.php(84): CodeIgniter\CodeIgniter->run()
#4 {main}
CRITICAL - 2020-09-22 05:31:52 --> Undefined index: mesg
#0 D:\xampp\htdocs\policy-master\app\Views\auth\change_password.php(38): CodeIgniter\Debug\Exceptions->errorHandler(8, 'Undefined index...', 'D:\\xampp\\htdocs...', 38, Array)
#1 D:\xampp\htdocs\policy-master\vendor\codeigniter4\framework\system\View\View.php(246): include('D:\\xampp\\htdocs...')
#2 D:\xampp\htdocs\policy-master\vendor\codeigniter4\framework\system\Common.php(1087): CodeIgniter\View\View->render('auth/change_pas...', Array, true)
#3 D:\xampp\htdocs\policy-master\app\Controllers\BaseController.php(62): view('auth/change_pas...', Array)
#4 D:\xampp\htdocs\policy-master\app\Controllers\Auth.php(133): App\Controllers\BaseController->render_page('auth/change_pas...', Array)
#5 D:\xampp\htdocs\policy-master\vendor\codeigniter4\framework\system\CodeIgniter.php(914): App\Controllers\Auth->change_password()
#6 D:\xampp\htdocs\policy-master\vendor\codeigniter4\framework\system\CodeIgniter.php(400): CodeIgniter\CodeIgniter->runController(Object(App\Controllers\Auth))
#7 D:\xampp\htdocs\policy-master\vendor\codeigniter4\framework\system\CodeIgniter.php(308): CodeIgniter\CodeIgniter->handleRequest(NULL, Object(Config\Cache), false)
#8 D:\xampp\htdocs\policy-master\index.php(84): CodeIgniter\CodeIgniter->run()
#9 {main}
CRITICAL - 2020-09-22 05:32:23 --> Undefined index: mesg
#0 D:\xampp\htdocs\policy-master\app\Views\auth\change_password.php(38): CodeIgniter\Debug\Exceptions->errorHandler(8, 'Undefined index...', 'D:\\xampp\\htdocs...', 38, Array)
#1 D:\xampp\htdocs\policy-master\vendor\codeigniter4\framework\system\View\View.php(246): include('D:\\xampp\\htdocs...')
#2 D:\xampp\htdocs\policy-master\vendor\codeigniter4\framework\system\Common.php(1087): CodeIgniter\View\View->render('auth/change_pas...', Array, true)
#3 D:\xampp\htdocs\policy-master\app\Controllers\BaseController.php(62): view('auth/change_pas...', Array)
#4 D:\xampp\htdocs\policy-master\app\Controllers\Auth.php(133): App\Controllers\BaseController->render_page('auth/change_pas...', Array)
#5 D:\xampp\htdocs\policy-master\vendor\codeigniter4\framework\system\CodeIgniter.php(914): App\Controllers\Auth->change_password()
#6 D:\xampp\htdocs\policy-master\vendor\codeigniter4\framework\system\CodeIgniter.php(400): CodeIgniter\CodeIgniter->runController(Object(App\Controllers\Auth))
#7 D:\xampp\htdocs\policy-master\vendor\codeigniter4\framework\system\CodeIgniter.php(308): CodeIgniter\CodeIgniter->handleRequest(NULL, Object(Config\Cache), false)
#8 D:\xampp\htdocs\policy-master\index.php(84): CodeIgniter\CodeIgniter->run()
#9 {main}
CRITICAL - 2020-09-22 05:32:54 --> Undefined index: mesg
#0 D:\xampp\htdocs\policy-master\app\Views\auth\change_password.php(38): CodeIgniter\Debug\Exceptions->errorHandler(8, 'Undefined index...', 'D:\\xampp\\htdocs...', 38, Array)
#1 D:\xampp\htdocs\policy-master\vendor\codeigniter4\framework\system\View\View.php(246): include('D:\\xampp\\htdocs...')
#2 D:\xampp\htdocs\policy-master\vendor\codeigniter4\framework\system\Common.php(1087): CodeIgniter\View\View->render('auth/change_pas...', Array, true)
#3 D:\xampp\htdocs\policy-master\app\Controllers\BaseController.php(62): view('auth/change_pas...', Array)
#4 D:\xampp\htdocs\policy-master\app\Controllers\Auth.php(133): App\Controllers\BaseController->render_page('auth/change_pas...', Array)
#5 D:\xampp\htdocs\policy-master\vendor\codeigniter4\framework\system\CodeIgniter.php(914): App\Controllers\Auth->change_password()
#6 D:\xampp\htdocs\policy-master\vendor\codeigniter4\framework\system\CodeIgniter.php(400): CodeIgniter\CodeIgniter->runController(Object(App\Controllers\Auth))
#7 D:\xampp\htdocs\policy-master\vendor\codeigniter4\framework\system\CodeIgniter.php(308): CodeIgniter\CodeIgniter->handleRequest(NULL, Object(Config\Cache), false)
#8 D:\xampp\htdocs\policy-master\index.php(84): CodeIgniter\CodeIgniter->run()
#9 {main}
CRITICAL - 2020-09-22 05:40:37 --> Undefined variable: session
#0 D:\xampp\htdocs\policy-master\app\Views\auth\change_password.php(38): CodeIgniter\Debug\Exceptions->errorHandler(8, 'Undefined varia...', 'D:\\xampp\\htdocs...', 38, Array)
#1 D:\xampp\htdocs\policy-master\vendor\codeigniter4\framework\system\View\View.php(246): include('D:\\xampp\\htdocs...')
#2 D:\xampp\htdocs\policy-master\vendor\codeigniter4\framework\system\Common.php(1087): CodeIgniter\View\View->render('auth/change_pas...', Array, true)
#3 D:\xampp\htdocs\policy-master\app\Controllers\BaseController.php(62): view('auth/change_pas...', Array)
#4 D:\xampp\htdocs\policy-master\app\Controllers\Auth.php(185): App\Controllers\BaseController->render_page('auth/change_pas...', Array)
#5 D:\xampp\htdocs\policy-master\vendor\codeigniter4\framework\system\CodeIgniter.php(914): App\Controllers\Auth->save_password()
#6 D:\xampp\htdocs\policy-master\vendor\codeigniter4\framework\system\CodeIgniter.php(400): CodeIgniter\CodeIgniter->runController(Object(App\Controllers\Auth))
#7 D:\xampp\htdocs\policy-master\vendor\codeigniter4\framework\system\CodeIgniter.php(308): CodeIgniter\CodeIgniter->handleRequest(NULL, Object(Config\Cache), false)
#8 D:\xampp\htdocs\policy-master\index.php(84): CodeIgniter\CodeIgniter->run()
#9 {main}
CRITICAL - 2020-09-22 05:41:18 --> Undefined variable: session
#0 D:\xampp\htdocs\policy-master\app\Views\auth\change_password.php(38): CodeIgniter\Debug\Exceptions->errorHandler(8, 'Undefined varia...', 'D:\\xampp\\htdocs...', 38, Array)
#1 D:\xampp\htdocs\policy-master\vendor\codeigniter4\framework\system\View\View.php(246): include('D:\\xampp\\htdocs...')
#2 D:\xampp\htdocs\policy-master\vendor\codeigniter4\framework\system\Common.php(1087): CodeIgniter\View\View->render('auth/change_pas...', Array, true)
#3 D:\xampp\htdocs\policy-master\app\Controllers\BaseController.php(62): view('auth/change_pas...', Array)
#4 D:\xampp\htdocs\policy-master\app\Controllers\Auth.php(185): App\Controllers\BaseController->render_page('auth/change_pas...', Array)
#5 D:\xampp\htdocs\policy-master\vendor\codeigniter4\framework\system\CodeIgniter.php(914): App\Controllers\Auth->save_password()
#6 D:\xampp\htdocs\policy-master\vendor\codeigniter4\framework\system\CodeIgniter.php(400): CodeIgniter\CodeIgniter->runController(Object(App\Controllers\Auth))
#7 D:\xampp\htdocs\policy-master\vendor\codeigniter4\framework\system\CodeIgniter.php(308): CodeIgniter\CodeIgniter->handleRequest(NULL, Object(Config\Cache), false)
#8 D:\xampp\htdocs\policy-master\index.php(84): CodeIgniter\CodeIgniter->run()
#9 {main}
CRITICAL - 2020-09-22 05:56:06 --> Undefined variable: validation
#0 D:\xampp\htdocs\policy-master\app\Views\brokercommission\add.php(44): CodeIgniter\Debug\Exceptions->errorHandler(8, 'Undefined varia...', 'D:\\xampp\\htdocs...', 44, Array)
#1 D:\xampp\htdocs\policy-master\vendor\codeigniter4\framework\system\View\View.php(246): include('D:\\xampp\\htdocs...')
#2 D:\xampp\htdocs\policy-master\vendor\codeigniter4\framework\system\Common.php(1087): CodeIgniter\View\View->render('brokercommissio...', Array, true)
#3 D:\xampp\htdocs\policy-master\app\Controllers\BaseController.php(62): view('brokercommissio...', Array)
#4 D:\xampp\htdocs\policy-master\app\Controllers\BrokerCommission.php(40): App\Controllers\BaseController->render_page('brokercommissio...', Array)
#5 D:\xampp\htdocs\policy-master\vendor\codeigniter4\framework\system\CodeIgniter.php(914): App\Controllers\BrokerCommission->create()
#6 D:\xampp\htdocs\policy-master\vendor\codeigniter4\framework\system\CodeIgniter.php(400): CodeIgniter\CodeIgniter->runController(Object(App\Controllers\BrokerCommission))
#7 D:\xampp\htdocs\policy-master\vendor\codeigniter4\framework\system\CodeIgniter.php(308): CodeIgniter\CodeIgniter->handleRequest(NULL, Object(Config\Cache), false)
#8 D:\xampp\htdocs\policy-master\index.php(84): CodeIgniter\CodeIgniter->run()
#9 {main}
CRITICAL - 2020-09-22 05:56:25 --> Undefined variable: validation
#0 D:\xampp\htdocs\policy-master\app\Views\brokercommission\add.php(44): CodeIgniter\Debug\Exceptions->errorHandler(8, 'Undefined varia...', 'D:\\xampp\\htdocs...', 44, Array)
#1 D:\xampp\htdocs\policy-master\vendor\codeigniter4\framework\system\View\View.php(246): include('D:\\xampp\\htdocs...')
#2 D:\xampp\htdocs\policy-master\vendor\codeigniter4\framework\system\Common.php(1087): CodeIgniter\View\View->render('brokercommissio...', Array, true)
#3 D:\xampp\htdocs\policy-master\app\Controllers\BaseController.php(62): view('brokercommissio...', Array)
#4 D:\xampp\htdocs\policy-master\app\Controllers\BrokerCommission.php(40): App\Controllers\BaseController->render_page('brokercommissio...', Array)
#5 D:\xampp\htdocs\policy-master\vendor\codeigniter4\framework\system\CodeIgniter.php(914): App\Controllers\BrokerCommission->create()
#6 D:\xampp\htdocs\policy-master\vendor\codeigniter4\framework\system\CodeIgniter.php(400): CodeIgniter\CodeIgniter->runController(Object(App\Controllers\BrokerCommission))
#7 D:\xampp\htdocs\policy-master\vendor\codeigniter4\framework\system\CodeIgniter.php(308): CodeIgniter\CodeIgniter->handleRequest(NULL, Object(Config\Cache), false)
#8 D:\xampp\htdocs\policy-master\index.php(84): CodeIgniter\CodeIgniter->run()
#9 {main}
CRITICAL - 2020-09-22 06:19:19 --> Undefined variable: validation
#0 D:\xampp\htdocs\policy-master\app\Views\policywording\add.php(42): CodeIgniter\Debug\Exceptions->errorHandler(8, 'Undefined varia...', 'D:\\xampp\\htdocs...', 42, Array)
#1 D:\xampp\htdocs\policy-master\vendor\codeigniter4\framework\system\View\View.php(246): include('D:\\xampp\\htdocs...')
#2 D:\xampp\htdocs\policy-master\vendor\codeigniter4\framework\system\Common.php(1087): CodeIgniter\View\View->render('policywording/a...', Array, true)
#3 D:\xampp\htdocs\policy-master\app\Controllers\BaseController.php(62): view('policywording/a...', Array)
#4 D:\xampp\htdocs\policy-master\app\Controllers\PolicyWording.php(43): App\Controllers\BaseController->render_page('policywording/a...', Array)
#5 D:\xampp\htdocs\policy-master\vendor\codeigniter4\framework\system\CodeIgniter.php(914): App\Controllers\PolicyWording->create()
#6 D:\xampp\htdocs\policy-master\vendor\codeigniter4\framework\system\CodeIgniter.php(400): CodeIgniter\CodeIgniter->runController(Object(App\Controllers\PolicyWording))
#7 D:\xampp\htdocs\policy-master\vendor\codeigniter4\framework\system\CodeIgniter.php(308): CodeIgniter\CodeIgniter->handleRequest(NULL, Object(Config\Cache), false)
#8 D:\xampp\htdocs\policy-master\index.php(84): CodeIgniter\CodeIgniter->run()
#9 {main}
CRITICAL - 2020-09-22 06:30:46 --> Column 'fk_insurance_type_id' cannot be null
#0 D:\xampp\htdocs\policy-master\vendor\codeigniter4\framework\system\Database\MySQLi\Connection.php(331): mysqli->query('INSERT INTO `po...')
#1 D:\xampp\htdocs\policy-master\vendor\codeigniter4\framework\system\Database\BaseConnection.php(738): CodeIgniter\Database\MySQLi\Connection->execute('INSERT INTO `po...')
#2 D:\xampp\htdocs\policy-master\vendor\codeigniter4\framework\system\Database\BaseConnection.php(666): CodeIgniter\Database\BaseConnection->simpleQuery('INSERT INTO `po...')
#3 D:\xampp\htdocs\policy-master\vendor\codeigniter4\framework\system\Database\BaseBuilder.php(2234): CodeIgniter\Database\BaseConnection->query('INSERT INTO `po...', Array, false)
#4 D:\xampp\htdocs\policy-master\vendor\codeigniter4\framework\system\Model.php(729): CodeIgniter\Database\BaseBuilder->insert()
#5 D:\xampp\htdocs\policy-master\app\Controllers\PolicyWording.php(77): CodeIgniter\Model->insert(Array)
#6 D:\xampp\htdocs\policy-master\vendor\codeigniter4\framework\system\CodeIgniter.php(914): App\Controllers\PolicyWording->store()
#7 D:\xampp\htdocs\policy-master\vendor\codeigniter4\framework\system\CodeIgniter.php(400): CodeIgniter\CodeIgniter->runController(Object(App\Controllers\PolicyWording))
#8 D:\xampp\htdocs\policy-master\vendor\codeigniter4\framework\system\CodeIgniter.php(308): CodeIgniter\CodeIgniter->handleRequest(NULL, Object(Config\Cache), false)
#9 D:\xampp\htdocs\policy-master\index.php(84): CodeIgniter\CodeIgniter->run()
#10 {main}
CRITICAL - 2020-09-22 06:49:12 --> Column 'excess' cannot be null
#0 D:\xampp\htdocs\policy-master\vendor\codeigniter4\framework\system\Database\MySQLi\Connection.php(331): mysqli->query('INSERT INTO `po...')
#1 D:\xampp\htdocs\policy-master\vendor\codeigniter4\framework\system\Database\BaseConnection.php(738): CodeIgniter\Database\MySQLi\Connection->execute('INSERT INTO `po...')
#2 D:\xampp\htdocs\policy-master\vendor\codeigniter4\framework\system\Database\BaseConnection.php(666): CodeIgniter\Database\BaseConnection->simpleQuery('INSERT INTO `po...')
#3 D:\xampp\htdocs\policy-master\vendor\codeigniter4\framework\system\Database\BaseBuilder.php(2234): CodeIgniter\Database\BaseConnection->query('INSERT INTO `po...', Array, false)
#4 D:\xampp\htdocs\policy-master\vendor\codeigniter4\framework\system\Model.php(729): CodeIgniter\Database\BaseBuilder->insert()
#5 D:\xampp\htdocs\policy-master\app\Controllers\PolicyWording.php(76): CodeIgniter\Model->insert(Array)
#6 D:\xampp\htdocs\policy-master\vendor\codeigniter4\framework\system\CodeIgniter.php(914): App\Controllers\PolicyWording->store()
#7 D:\xampp\htdocs\policy-master\vendor\codeigniter4\framework\system\CodeIgniter.php(400): CodeIgniter\CodeIgniter->runController(Object(App\Controllers\PolicyWording))
#8 D:\xampp\htdocs\policy-master\vendor\codeigniter4\framework\system\CodeIgniter.php(308): CodeIgniter\CodeIgniter->handleRequest(NULL, Object(Config\Cache), false)
#9 D:\xampp\htdocs\policy-master\index.php(84): CodeIgniter\CodeIgniter->run()
#10 {main}
CRITICAL - 2020-09-22 07:04:40 --> syntax error, unexpected ',', expecting ']'
#0 D:\xampp\htdocs\policy-master\vendor\codeigniter4\framework\system\Autoloader\Autoloader.php(296): CodeIgniter\Autoloader\Autoloader->requireFile('D:\\xampp\\htdocs...')
#1 D:\xampp\htdocs\policy-master\vendor\codeigniter4\framework\system\Autoloader\Autoloader.php(258): CodeIgniter\Autoloader\Autoloader->loadInNamespace('App\\Models\\Poli...')
#2 [internal function]: CodeIgniter\Autoloader\Autoloader->loadClass('App\\Models\\Poli...')
#3 D:\xampp\htdocs\policy-master\app\Controllers\PolicyWording.php(49): spl_autoload_call('App\\Models\\Poli...')
#4 D:\xampp\htdocs\policy-master\vendor\codeigniter4\framework\system\CodeIgniter.php(914): App\Controllers\PolicyWording->store()
#5 D:\xampp\htdocs\policy-master\vendor\codeigniter4\framework\system\CodeIgniter.php(400): CodeIgniter\CodeIgniter->runController(Object(App\Controllers\PolicyWording))
#6 D:\xampp\htdocs\policy-master\vendor\codeigniter4\framework\system\CodeIgniter.php(308): CodeIgniter\CodeIgniter->handleRequest(NULL, Object(Config\Cache), false)
#7 D:\xampp\htdocs\policy-master\index.php(84): CodeIgniter\CodeIgniter->run()
#8 {main}
CRITICAL - 2020-09-22 07:06:27 --> Call to undefined method CodeIgniter\Database\MySQLi\Result::num_rows()
#0 D:\xampp\htdocs\policy-master\app\Controllers\PolicyWording.php(74): App\Models\PolicyWordingModel->valid_check(Array)
#1 D:\xampp\htdocs\policy-master\vendor\codeigniter4\framework\system\CodeIgniter.php(914): App\Controllers\PolicyWording->store()
#2 D:\xampp\htdocs\policy-master\vendor\codeigniter4\framework\system\CodeIgniter.php(400): CodeIgniter\CodeIgniter->runController(Object(App\Controllers\PolicyWording))
#3 D:\xampp\htdocs\policy-master\vendor\codeigniter4\framework\system\CodeIgniter.php(308): CodeIgniter\CodeIgniter->handleRequest(NULL, Object(Config\Cache), false)
#4 D:\xampp\htdocs\policy-master\index.php(84): CodeIgniter\CodeIgniter->run()
#5 {main}
CRITICAL - 2020-09-22 07:16:42 --> syntax error, unexpected 'die' (T_EXIT)
#0 D:\xampp\htdocs\policy-master\vendor\codeigniter4\framework\system\Autoloader\Autoloader.php(296): CodeIgniter\Autoloader\Autoloader->requireFile('D:\\xampp\\htdocs...')
#1 D:\xampp\htdocs\policy-master\vendor\codeigniter4\framework\system\Autoloader\Autoloader.php(258): CodeIgniter\Autoloader\Autoloader->loadInNamespace('App\\Models\\Poli...')
#2 [internal function]: CodeIgniter\Autoloader\Autoloader->loadClass('App\\Models\\Poli...')
#3 D:\xampp\htdocs\policy-master\app\Controllers\PolicyWording.php(49): spl_autoload_call('App\\Models\\Poli...')
#4 D:\xampp\htdocs\policy-master\vendor\codeigniter4\framework\system\CodeIgniter.php(914): App\Controllers\PolicyWording->store()
#5 D:\xampp\htdocs\policy-master\vendor\codeigniter4\framework\system\CodeIgniter.php(400): CodeIgniter\CodeIgniter->runController(Object(App\Controllers\PolicyWording))
#6 D:\xampp\htdocs\policy-master\vendor\codeigniter4\framework\system\CodeIgniter.php(308): CodeIgniter\CodeIgniter->handleRequest(NULL, Object(Config\Cache), false)
#7 D:\xampp\htdocs\policy-master\index.php(84): CodeIgniter\CodeIgniter->run()
#8 {main}
CRITICAL - 2020-09-22 07:26:52 --> Undefined variable: chcek
#0 D:\xampp\htdocs\policy-master\app\Controllers\PolicyWording.php(80): CodeIgniter\Debug\Exceptions->errorHandler(8, 'Undefined varia...', 'D:\\xampp\\htdocs...', 80, Array)
#1 D:\xampp\htdocs\policy-master\vendor\codeigniter4\framework\system\CodeIgniter.php(914): App\Controllers\PolicyWording->store()
#2 D:\xampp\htdocs\policy-master\vendor\codeigniter4\framework\system\CodeIgniter.php(400): CodeIgniter\CodeIgniter->runController(Object(App\Controllers\PolicyWording))
#3 D:\xampp\htdocs\policy-master\vendor\codeigniter4\framework\system\CodeIgniter.php(308): CodeIgniter\CodeIgniter->handleRequest(NULL, Object(Config\Cache), false)
#4 D:\xampp\htdocs\policy-master\index.php(84): CodeIgniter\CodeIgniter->run()
#5 {main}
CRITICAL - 2020-09-22 07:27:13 --> Undefined variable: insurancetype
#0 D:\xampp\htdocs\policy-master\app\Views\policywording\add.php(43): CodeIgniter\Debug\Exceptions->errorHandler(8, 'Undefined varia...', 'D:\\xampp\\htdocs...', 43, Array)
#1 D:\xampp\htdocs\policy-master\vendor\codeigniter4\framework\system\View\View.php(246): include('D:\\xampp\\htdocs...')
#2 D:\xampp\htdocs\policy-master\vendor\codeigniter4\framework\system\Common.php(1087): CodeIgniter\View\View->render('policywording/a...', Array, true)
#3 D:\xampp\htdocs\policy-master\app\Controllers\BaseController.php(62): view('policywording/a...', Array)
#4 D:\xampp\htdocs\policy-master\app\Controllers\PolicyWording.php(87): App\Controllers\BaseController->render_page('policywording/a...', Array)
#5 D:\xampp\htdocs\policy-master\vendor\codeigniter4\framework\system\CodeIgniter.php(914): App\Controllers\PolicyWording->store()
#6 D:\xampp\htdocs\policy-master\vendor\codeigniter4\framework\system\CodeIgniter.php(400): CodeIgniter\CodeIgniter->runController(Object(App\Controllers\PolicyWording))
#7 D:\xampp\htdocs\policy-master\vendor\codeigniter4\framework\system\CodeIgniter.php(308): CodeIgniter\CodeIgniter->handleRequest(NULL, Object(Config\Cache), false)
#8 D:\xampp\htdocs\policy-master\index.php(84): CodeIgniter\CodeIgniter->run()
#9 {main}
CRITICAL - 2020-09-22 07:28:04 --> Undefined variable: insurancetype
#0 D:\xampp\htdocs\policy-master\app\Views\policywording\add.php(43): CodeIgniter\Debug\Exceptions->errorHandler(8, 'Undefined varia...', 'D:\\xampp\\htdocs...', 43, Array)
#1 D:\xampp\htdocs\policy-master\vendor\codeigniter4\framework\system\View\View.php(246): include('D:\\xampp\\htdocs...')
#2 D:\xampp\htdocs\policy-master\vendor\codeigniter4\framework\system\Common.php(1087): CodeIgniter\View\View->render('policywording/a...', Array, true)
#3 D:\xampp\htdocs\policy-master\app\Controllers\BaseController.php(62): view('policywording/a...', Array)
#4 D:\xampp\htdocs\policy-master\app\Controllers\PolicyWording.php(88): App\Controllers\BaseController->render_page('policywording/a...', Array)
#5 D:\xampp\htdocs\policy-master\vendor\codeigniter4\framework\system\CodeIgniter.php(914): App\Controllers\PolicyWording->store()
#6 D:\xampp\htdocs\policy-master\vendor\codeigniter4\framework\system\CodeIgniter.php(400): CodeIgniter\CodeIgniter->runController(Object(App\Controllers\PolicyWording))
#7 D:\xampp\htdocs\policy-master\vendor\codeigniter4\framework\system\CodeIgniter.php(308): CodeIgniter\CodeIgniter->handleRequest(NULL, Object(Config\Cache), false)
#8 D:\xampp\htdocs\policy-master\index.php(84): CodeIgniter\CodeIgniter->run()
#9 {main}
CRITICAL - 2020-09-22 07:28:42 --> Undefined variable: insurancetype
#0 D:\xampp\htdocs\policy-master\app\Views\policywording\add.php(43): CodeIgniter\Debug\Exceptions->errorHandler(8, 'Undefined varia...', 'D:\\xampp\\htdocs...', 43, Array)
#1 D:\xampp\htdocs\policy-master\vendor\codeigniter4\framework\system\View\View.php(246): include('D:\\xampp\\htdocs...')
#2 D:\xampp\htdocs\policy-master\vendor\codeigniter4\framework\system\Common.php(1087): CodeIgniter\View\View->render('policywording/a...', Array, true)
#3 D:\xampp\htdocs\policy-master\app\Controllers\BaseController.php(62): view('policywording/a...', Array)
#4 D:\xampp\htdocs\policy-master\app\Controllers\PolicyWording.php(88): App\Controllers\BaseController->render_page('policywording/a...', Array)
#5 D:\xampp\htdocs\policy-master\vendor\codeigniter4\framework\system\CodeIgniter.php(914): App\Controllers\PolicyWording->store()
#6 D:\xampp\htdocs\policy-master\vendor\codeigniter4\framework\system\CodeIgniter.php(400): CodeIgniter\CodeIgniter->runController(Object(App\Controllers\PolicyWording))
#7 D:\xampp\htdocs\policy-master\vendor\codeigniter4\framework\system\CodeIgniter.php(308): CodeIgniter\CodeIgniter->handleRequest(NULL, Object(Config\Cache), false)
#8 D:\xampp\htdocs\policy-master\index.php(84): CodeIgniter\CodeIgniter->run()
#9 {main}
CRITICAL - 2020-09-22 07:33:34 --> Undefined variable: insuranceclass
#0 D:\xampp\htdocs\policy-master\app\Views\policywording\add.php(57): CodeIgniter\Debug\Exceptions->errorHandler(8, 'Undefined varia...', 'D:\\xampp\\htdocs...', 57, Array)
#1 D:\xampp\htdocs\policy-master\vendor\codeigniter4\framework\system\View\View.php(246): include('D:\\xampp\\htdocs...')
#2 D:\xampp\htdocs\policy-master\vendor\codeigniter4\framework\system\Common.php(1087): CodeIgniter\View\View->render('policywording/a...', Array, true)
#3 D:\xampp\htdocs\policy-master\app\Controllers\BaseController.php(62): view('policywording/a...', Array)
#4 D:\xampp\htdocs\policy-master\app\Controllers\PolicyWording.php(89): App\Controllers\BaseController->render_page('policywording/a...', Array)
#5 D:\xampp\htdocs\policy-master\vendor\codeigniter4\framework\system\CodeIgniter.php(914): App\Controllers\PolicyWording->store()
#6 D:\xampp\htdocs\policy-master\vendor\codeigniter4\framework\system\CodeIgniter.php(400): CodeIgniter\CodeIgniter->runController(Object(App\Controllers\PolicyWording))
#7 D:\xampp\htdocs\policy-master\vendor\codeigniter4\framework\system\CodeIgniter.php(308): CodeIgniter\CodeIgniter->handleRequest(NULL, Object(Config\Cache), false)
#8 D:\xampp\htdocs\policy-master\index.php(84): CodeIgniter\CodeIgniter->run()
#9 {main}
CRITICAL - 2020-09-22 07:38:06 --> Undefined variable: insurancetype
#0 D:\xampp\htdocs\policy-master\app\Views\policywording\add.php(43): CodeIgniter\Debug\Exceptions->errorHandler(8, 'Undefined varia...', 'D:\\xampp\\htdocs...', 43, Array)
#1 D:\xampp\htdocs\policy-master\vendor\codeigniter4\framework\system\View\View.php(246): include('D:\\xampp\\htdocs...')
#2 D:\xampp\htdocs\policy-master\vendor\codeigniter4\framework\system\Common.php(1087): CodeIgniter\View\View->render('policywording/a...', Array, true)
#3 D:\xampp\htdocs\policy-master\app\Controllers\BaseController.php(62): view('policywording/a...', Array)
#4 D:\xampp\htdocs\policy-master\app\Controllers\PolicyWording.php(89): App\Controllers\BaseController->render_page('policywording/a...', Array)
#5 D:\xampp\htdocs\policy-master\vendor\codeigniter4\framework\system\CodeIgniter.php(914): App\Controllers\PolicyWording->store()
#6 D:\xampp\htdocs\policy-master\vendor\codeigniter4\framework\system\CodeIgniter.php(400): CodeIgniter\CodeIgniter->runController(Object(App\Controllers\PolicyWording))
#7 D:\xampp\htdocs\policy-master\vendor\codeigniter4\framework\system\CodeIgniter.php(308): CodeIgniter\CodeIgniter->handleRequest(NULL, Object(Config\Cache), false)
#8 D:\xampp\htdocs\policy-master\index.php(84): CodeIgniter\CodeIgniter->run()
#9 {main}
CRITICAL - 2020-09-22 07:55:19 --> Table 'policy_master.policy_wording' doesn't exist
#0 D:\xampp\htdocs\policy-master\vendor\codeigniter4\framework\system\Database\MySQLi\Connection.php(331): mysqli->query('SELECT `policy_...')
#1 D:\xampp\htdocs\policy-master\vendor\codeigniter4\framework\system\Database\BaseConnection.php(738): CodeIgniter\Database\MySQLi\Connection->execute('SELECT `policy_...')
#2 D:\xampp\htdocs\policy-master\vendor\codeigniter4\framework\system\Database\BaseConnection.php(666): CodeIgniter\Database\BaseConnection->simpleQuery('SELECT `policy_...')
#3 D:\xampp\htdocs\policy-master\vendor\codeigniter4\framework\system\Database\BaseBuilder.php(1845): CodeIgniter\Database\BaseConnection->query('SELECT `policy_...', Array, false)
#4 D:\xampp\htdocs\policy-master\vendor\codeigniter4\framework\system\Model.php(445): CodeIgniter\Database\BaseBuilder->get()
#5 D:\xampp\htdocs\policy-master\app\Controllers\PolicyWording.php(202): CodeIgniter\Model->findAll()
#6 D:\xampp\htdocs\policy-master\vendor\codeigniter4\framework\system\CodeIgniter.php(914): App\Controllers\PolicyWording->search_policy_wording()
#7 D:\xampp\htdocs\policy-master\vendor\codeigniter4\framework\system\CodeIgniter.php(400): CodeIgniter\CodeIgniter->runController(Object(App\Controllers\PolicyWording))
#8 D:\xampp\htdocs\policy-master\vendor\codeigniter4\framework\system\CodeIgniter.php(308): CodeIgniter\CodeIgniter->handleRequest(NULL, Object(Config\Cache), false)
#9 D:\xampp\htdocs\policy-master\index.php(84): CodeIgniter\CodeIgniter->run()
#10 {main}
CRITICAL - 2020-09-22 07:56:46 --> Column 'fk_insurance_type_id' in where clause is ambiguous
#0 D:\xampp\htdocs\policy-master\vendor\codeigniter4\framework\system\Database\MySQLi\Connection.php(331): mysqli->query('SELECT `policy_...')
#1 D:\xampp\htdocs\policy-master\vendor\codeigniter4\framework\system\Database\BaseConnection.php(738): CodeIgniter\Database\MySQLi\Connection->execute('SELECT `policy_...')
#2 D:\xampp\htdocs\policy-master\vendor\codeigniter4\framework\system\Database\BaseConnection.php(666): CodeIgniter\Database\BaseConnection->simpleQuery('SELECT `policy_...')
#3 D:\xampp\htdocs\policy-master\vendor\codeigniter4\framework\system\Database\BaseBuilder.php(1845): CodeIgniter\Database\BaseConnection->query('SELECT `policy_...', Array, false)
#4 D:\xampp\htdocs\policy-master\vendor\codeigniter4\framework\system\Model.php(445): CodeIgniter\Database\BaseBuilder->get()
#5 D:\xampp\htdocs\policy-master\app\Controllers\PolicyWording.php(202): CodeIgniter\Model->findAll()
#6 D:\xampp\htdocs\policy-master\vendor\codeigniter4\framework\system\CodeIgniter.php(914): App\Controllers\PolicyWording->search_policy_wording()
#7 D:\xampp\htdocs\policy-master\vendor\codeigniter4\framework\system\CodeIgniter.php(400): CodeIgniter\CodeIgniter->runController(Object(App\Controllers\PolicyWording))
#8 D:\xampp\htdocs\policy-master\vendor\codeigniter4\framework\system\CodeIgniter.php(308): CodeIgniter\CodeIgniter->handleRequest(NULL, Object(Config\Cache), false)
#9 D:\xampp\htdocs\policy-master\index.php(84): CodeIgniter\CodeIgniter->run()
#10 {main}
