CRITICAL - 2020-10-15 03:34:58 --> Invalid argument supplied for foreach()
#0 E:\wamp64\www\policy-master\app\Views\quotation\edit.php(312): CodeIgniter\Debug\Exceptions->errorHandler(2, 'Invalid argumen...', 'E:\\wamp64\\www\\p...', 312, Array)
#1 E:\wamp64\www\policy-master\vendor\codeigniter4\framework\system\View\View.php(246): include('E:\\wamp64\\www\\p...')
#2 E:\wamp64\www\policy-master\vendor\codeigniter4\framework\system\Common.php(1087): CodeIgniter\View\View->render('quotation/edit', Array, true)
#3 E:\wamp64\www\policy-master\app\Controllers\BaseController.php(62): view('quotation/edit', Array)
#4 E:\wamp64\www\policy-master\app\Controllers\InsuranceQuotation.php(430): App\Controllers\BaseController->render_page('quotation/edit', Array)
#5 E:\wamp64\www\policy-master\vendor\codeigniter4\framework\system\CodeIgniter.php(914): App\Controllers\InsuranceQuotation->quotationEdit('5', 'dist', 'img', 'user1-128x128.j...')
#6 E:\wamp64\www\policy-master\vendor\codeigniter4\framework\system\CodeIgniter.php(400): CodeIgniter\CodeIgniter->runController(Object(App\Controllers\InsuranceQuotation))
#7 E:\wamp64\www\policy-master\vendor\codeigniter4\framework\system\CodeIgniter.php(308): CodeIgniter\CodeIgniter->handleRequest(NULL, Object(Config\Cache), false)
#8 E:\wamp64\www\policy-master\index.php(84): CodeIgniter\CodeIgniter->run()
#9 {main}
CRITICAL - 2020-10-15 03:34:58 --> Invalid argument supplied for foreach()
#0 E:\wamp64\www\policy-master\app\Views\quotation\edit.php(312): CodeIgniter\Debug\Exceptions->errorHandler(2, 'Invalid argumen...', 'E:\\wamp64\\www\\p...', 312, Array)
#1 E:\wamp64\www\policy-master\vendor\codeigniter4\framework\system\View\View.php(246): include('E:\\wamp64\\www\\p...')
#2 E:\wamp64\www\policy-master\vendor\codeigniter4\framework\system\Common.php(1087): CodeIgniter\View\View->render('quotation/edit', Array, true)
#3 E:\wamp64\www\policy-master\app\Controllers\BaseController.php(62): view('quotation/edit', Array)
#4 E:\wamp64\www\policy-master\app\Controllers\InsuranceQuotation.php(430): App\Controllers\BaseController->render_page('quotation/edit', Array)
#5 E:\wamp64\www\policy-master\vendor\codeigniter4\framework\system\CodeIgniter.php(914): App\Controllers\InsuranceQuotation->quotationEdit('5', 'dist', 'img', 'user8-128x128.j...')
#6 E:\wamp64\www\policy-master\vendor\codeigniter4\framework\system\CodeIgniter.php(400): CodeIgniter\CodeIgniter->runController(Object(App\Controllers\InsuranceQuotation))
#7 E:\wamp64\www\policy-master\vendor\codeigniter4\framework\system\CodeIgniter.php(308): CodeIgniter\CodeIgniter->handleRequest(NULL, Object(Config\Cache), false)
#8 E:\wamp64\www\policy-master\index.php(84): CodeIgniter\CodeIgniter->run()
#9 {main}
CRITICAL - 2020-10-15 03:34:58 --> Invalid argument supplied for foreach()
#0 E:\wamp64\www\policy-master\app\Views\quotation\edit.php(312): CodeIgniter\Debug\Exceptions->errorHandler(2, 'Invalid argumen...', 'E:\\wamp64\\www\\p...', 312, Array)
#1 E:\wamp64\www\policy-master\vendor\codeigniter4\framework\system\View\View.php(246): include('E:\\wamp64\\www\\p...')
#2 E:\wamp64\www\policy-master\vendor\codeigniter4\framework\system\Common.php(1087): CodeIgniter\View\View->render('quotation/edit', Array, true)
#3 E:\wamp64\www\policy-master\app\Controllers\BaseController.php(62): view('quotation/edit', Array)
#4 E:\wamp64\www\policy-master\app\Controllers\InsuranceQuotation.php(430): App\Controllers\BaseController->render_page('quotation/edit', Array)
#5 E:\wamp64\www\policy-master\vendor\codeigniter4\framework\system\CodeIgniter.php(914): App\Controllers\InsuranceQuotation->quotationEdit('5', 'dist', 'img', 'user3-128x128.j...')
#6 E:\wamp64\www\policy-master\vendor\codeigniter4\framework\system\CodeIgniter.php(400): CodeIgniter\CodeIgniter->runController(Object(App\Controllers\InsuranceQuotation))
#7 E:\wamp64\www\policy-master\vendor\codeigniter4\framework\system\CodeIgniter.php(308): CodeIgniter\CodeIgniter->handleRequest(NULL, Object(Config\Cache), false)
#8 E:\wamp64\www\policy-master\index.php(84): CodeIgniter\CodeIgniter->run()
#9 {main}
CRITICAL - 2020-10-15 03:38:24 --> Invalid argument supplied for foreach()
#0 E:\wamp64\www\policy-master\app\Views\quotation\edit.php(312): CodeIgniter\Debug\Exceptions->errorHandler(2, 'Invalid argumen...', 'E:\\wamp64\\www\\p...', 312, Array)
#1 E:\wamp64\www\policy-master\vendor\codeigniter4\framework\system\View\View.php(246): include('E:\\wamp64\\www\\p...')
#2 E:\wamp64\www\policy-master\vendor\codeigniter4\framework\system\Common.php(1087): CodeIgniter\View\View->render('quotation/edit', Array, true)
#3 E:\wamp64\www\policy-master\app\Controllers\BaseController.php(62): view('quotation/edit', Array)
#4 E:\wamp64\www\policy-master\app\Controllers\InsuranceQuotation.php(430): App\Controllers\BaseController->render_page('quotation/edit', Array)
#5 E:\wamp64\www\policy-master\vendor\codeigniter4\framework\system\CodeIgniter.php(914): App\Controllers\InsuranceQuotation->quotationEdit('5', 'dist', 'img', 'user1-128x128.j...')
#6 E:\wamp64\www\policy-master\vendor\codeigniter4\framework\system\CodeIgniter.php(400): CodeIgniter\CodeIgniter->runController(Object(App\Controllers\InsuranceQuotation))
#7 E:\wamp64\www\policy-master\vendor\codeigniter4\framework\system\CodeIgniter.php(308): CodeIgniter\CodeIgniter->handleRequest(NULL, Object(Config\Cache), false)
#8 E:\wamp64\www\policy-master\index.php(84): CodeIgniter\CodeIgniter->run()
#9 {main}
CRITICAL - 2020-10-15 03:38:24 --> Invalid argument supplied for foreach()
#0 E:\wamp64\www\policy-master\app\Views\quotation\edit.php(312): CodeIgniter\Debug\Exceptions->errorHandler(2, 'Invalid argumen...', 'E:\\wamp64\\www\\p...', 312, Array)
#1 E:\wamp64\www\policy-master\vendor\codeigniter4\framework\system\View\View.php(246): include('E:\\wamp64\\www\\p...')
#2 E:\wamp64\www\policy-master\vendor\codeigniter4\framework\system\Common.php(1087): CodeIgniter\View\View->render('quotation/edit', Array, true)
#3 E:\wamp64\www\policy-master\app\Controllers\BaseController.php(62): view('quotation/edit', Array)
#4 E:\wamp64\www\policy-master\app\Controllers\InsuranceQuotation.php(430): App\Controllers\BaseController->render_page('quotation/edit', Array)
#5 E:\wamp64\www\policy-master\vendor\codeigniter4\framework\system\CodeIgniter.php(914): App\Controllers\InsuranceQuotation->quotationEdit('5', 'dist', 'img', 'user8-128x128.j...')
#6 E:\wamp64\www\policy-master\vendor\codeigniter4\framework\system\CodeIgniter.php(400): CodeIgniter\CodeIgniter->runController(Object(App\Controllers\InsuranceQuotation))
#7 E:\wamp64\www\policy-master\vendor\codeigniter4\framework\system\CodeIgniter.php(308): CodeIgniter\CodeIgniter->handleRequest(NULL, Object(Config\Cache), false)
#8 E:\wamp64\www\policy-master\index.php(84): CodeIgniter\CodeIgniter->run()
#9 {main}
CRITICAL - 2020-10-15 03:38:24 --> Invalid argument supplied for foreach()
#0 E:\wamp64\www\policy-master\app\Views\quotation\edit.php(312): CodeIgniter\Debug\Exceptions->errorHandler(2, 'Invalid argumen...', 'E:\\wamp64\\www\\p...', 312, Array)
#1 E:\wamp64\www\policy-master\vendor\codeigniter4\framework\system\View\View.php(246): include('E:\\wamp64\\www\\p...')
#2 E:\wamp64\www\policy-master\vendor\codeigniter4\framework\system\Common.php(1087): CodeIgniter\View\View->render('quotation/edit', Array, true)
#3 E:\wamp64\www\policy-master\app\Controllers\BaseController.php(62): view('quotation/edit', Array)
#4 E:\wamp64\www\policy-master\app\Controllers\InsuranceQuotation.php(430): App\Controllers\BaseController->render_page('quotation/edit', Array)
#5 E:\wamp64\www\policy-master\vendor\codeigniter4\framework\system\CodeIgniter.php(914): App\Controllers\InsuranceQuotation->quotationEdit('5', 'dist', 'img', 'user3-128x128.j...')
#6 E:\wamp64\www\policy-master\vendor\codeigniter4\framework\system\CodeIgniter.php(400): CodeIgniter\CodeIgniter->runController(Object(App\Controllers\InsuranceQuotation))
#7 E:\wamp64\www\policy-master\vendor\codeigniter4\framework\system\CodeIgniter.php(308): CodeIgniter\CodeIgniter->handleRequest(NULL, Object(Config\Cache), false)
#8 E:\wamp64\www\policy-master\index.php(84): CodeIgniter\CodeIgniter->run()
#9 {main}
CRITICAL - 2020-10-15 03:41:02 --> Invalid argument supplied for foreach()
#0 E:\wamp64\www\policy-master\app\Views\quotation\edit.php(312): CodeIgniter\Debug\Exceptions->errorHandler(2, 'Invalid argumen...', 'E:\\wamp64\\www\\p...', 312, Array)
#1 E:\wamp64\www\policy-master\vendor\codeigniter4\framework\system\View\View.php(246): include('E:\\wamp64\\www\\p...')
#2 E:\wamp64\www\policy-master\vendor\codeigniter4\framework\system\Common.php(1087): CodeIgniter\View\View->render('quotation/edit', Array, true)
#3 E:\wamp64\www\policy-master\app\Controllers\BaseController.php(62): view('quotation/edit', Array)
#4 E:\wamp64\www\policy-master\app\Controllers\InsuranceQuotation.php(430): App\Controllers\BaseController->render_page('quotation/edit', Array)
#5 E:\wamp64\www\policy-master\vendor\codeigniter4\framework\system\CodeIgniter.php(914): App\Controllers\InsuranceQuotation->quotationEdit('5', 'dist', 'img', 'user1-128x128.j...')
#6 E:\wamp64\www\policy-master\vendor\codeigniter4\framework\system\CodeIgniter.php(400): CodeIgniter\CodeIgniter->runController(Object(App\Controllers\InsuranceQuotation))
#7 E:\wamp64\www\policy-master\vendor\codeigniter4\framework\system\CodeIgniter.php(308): CodeIgniter\CodeIgniter->handleRequest(NULL, Object(Config\Cache), false)
#8 E:\wamp64\www\policy-master\index.php(84): CodeIgniter\CodeIgniter->run()
#9 {main}
CRITICAL - 2020-10-15 03:41:02 --> Invalid argument supplied for foreach()
#0 E:\wamp64\www\policy-master\app\Views\quotation\edit.php(312): CodeIgniter\Debug\Exceptions->errorHandler(2, 'Invalid argumen...', 'E:\\wamp64\\www\\p...', 312, Array)
#1 E:\wamp64\www\policy-master\vendor\codeigniter4\framework\system\View\View.php(246): include('E:\\wamp64\\www\\p...')
#2 E:\wamp64\www\policy-master\vendor\codeigniter4\framework\system\Common.php(1087): CodeIgniter\View\View->render('quotation/edit', Array, true)
#3 E:\wamp64\www\policy-master\app\Controllers\BaseController.php(62): view('quotation/edit', Array)
#4 E:\wamp64\www\policy-master\app\Controllers\InsuranceQuotation.php(430): App\Controllers\BaseController->render_page('quotation/edit', Array)
#5 E:\wamp64\www\policy-master\vendor\codeigniter4\framework\system\CodeIgniter.php(914): App\Controllers\InsuranceQuotation->quotationEdit('5', 'dist', 'img', 'user8-128x128.j...')
#6 E:\wamp64\www\policy-master\vendor\codeigniter4\framework\system\CodeIgniter.php(400): CodeIgniter\CodeIgniter->runController(Object(App\Controllers\InsuranceQuotation))
#7 E:\wamp64\www\policy-master\vendor\codeigniter4\framework\system\CodeIgniter.php(308): CodeIgniter\CodeIgniter->handleRequest(NULL, Object(Config\Cache), false)
#8 E:\wamp64\www\policy-master\index.php(84): CodeIgniter\CodeIgniter->run()
#9 {main}
CRITICAL - 2020-10-15 03:41:02 --> Invalid argument supplied for foreach()
#0 E:\wamp64\www\policy-master\app\Views\quotation\edit.php(312): CodeIgniter\Debug\Exceptions->errorHandler(2, 'Invalid argumen...', 'E:\\wamp64\\www\\p...', 312, Array)
#1 E:\wamp64\www\policy-master\vendor\codeigniter4\framework\system\View\View.php(246): include('E:\\wamp64\\www\\p...')
#2 E:\wamp64\www\policy-master\vendor\codeigniter4\framework\system\Common.php(1087): CodeIgniter\View\View->render('quotation/edit', Array, true)
#3 E:\wamp64\www\policy-master\app\Controllers\BaseController.php(62): view('quotation/edit', Array)
#4 E:\wamp64\www\policy-master\app\Controllers\InsuranceQuotation.php(430): App\Controllers\BaseController->render_page('quotation/edit', Array)
#5 E:\wamp64\www\policy-master\vendor\codeigniter4\framework\system\CodeIgniter.php(914): App\Controllers\InsuranceQuotation->quotationEdit('5', 'dist', 'img', 'user3-128x128.j...')
#6 E:\wamp64\www\policy-master\vendor\codeigniter4\framework\system\CodeIgniter.php(400): CodeIgniter\CodeIgniter->runController(Object(App\Controllers\InsuranceQuotation))
#7 E:\wamp64\www\policy-master\vendor\codeigniter4\framework\system\CodeIgniter.php(308): CodeIgniter\CodeIgniter->handleRequest(NULL, Object(Config\Cache), false)
#8 E:\wamp64\www\policy-master\index.php(84): CodeIgniter\CodeIgniter->run()
#9 {main}
CRITICAL - 2020-10-15 03:42:52 --> Invalid argument supplied for foreach()
#0 E:\wamp64\www\policy-master\app\Views\quotation\edit.php(312): CodeIgniter\Debug\Exceptions->errorHandler(2, 'Invalid argumen...', 'E:\\wamp64\\www\\p...', 312, Array)
#1 E:\wamp64\www\policy-master\vendor\codeigniter4\framework\system\View\View.php(246): include('E:\\wamp64\\www\\p...')
#2 E:\wamp64\www\policy-master\vendor\codeigniter4\framework\system\Common.php(1087): CodeIgniter\View\View->render('quotation/edit', Array, true)
#3 E:\wamp64\www\policy-master\app\Controllers\BaseController.php(62): view('quotation/edit', Array)
#4 E:\wamp64\www\policy-master\app\Controllers\InsuranceQuotation.php(430): App\Controllers\BaseController->render_page('quotation/edit', Array)
#5 E:\wamp64\www\policy-master\vendor\codeigniter4\framework\system\CodeIgniter.php(914): App\Controllers\InsuranceQuotation->quotationEdit('5', 'dist', 'img', 'user8-128x128.j...')
#6 E:\wamp64\www\policy-master\vendor\codeigniter4\framework\system\CodeIgniter.php(400): CodeIgniter\CodeIgniter->runController(Object(App\Controllers\InsuranceQuotation))
#7 E:\wamp64\www\policy-master\vendor\codeigniter4\framework\system\CodeIgniter.php(308): CodeIgniter\CodeIgniter->handleRequest(NULL, Object(Config\Cache), false)
#8 E:\wamp64\www\policy-master\index.php(84): CodeIgniter\CodeIgniter->run()
#9 {main}
CRITICAL - 2020-10-15 03:42:52 --> Invalid argument supplied for foreach()
#0 E:\wamp64\www\policy-master\app\Views\quotation\edit.php(312): CodeIgniter\Debug\Exceptions->errorHandler(2, 'Invalid argumen...', 'E:\\wamp64\\www\\p...', 312, Array)
#1 E:\wamp64\www\policy-master\vendor\codeigniter4\framework\system\View\View.php(246): include('E:\\wamp64\\www\\p...')
#2 E:\wamp64\www\policy-master\vendor\codeigniter4\framework\system\Common.php(1087): CodeIgniter\View\View->render('quotation/edit', Array, true)
#3 E:\wamp64\www\policy-master\app\Controllers\BaseController.php(62): view('quotation/edit', Array)
#4 E:\wamp64\www\policy-master\app\Controllers\InsuranceQuotation.php(430): App\Controllers\BaseController->render_page('quotation/edit', Array)
#5 E:\wamp64\www\policy-master\vendor\codeigniter4\framework\system\CodeIgniter.php(914): App\Controllers\InsuranceQuotation->quotationEdit('5', 'dist', 'img', 'user3-128x128.j...')
#6 E:\wamp64\www\policy-master\vendor\codeigniter4\framework\system\CodeIgniter.php(400): CodeIgniter\CodeIgniter->runController(Object(App\Controllers\InsuranceQuotation))
#7 E:\wamp64\www\policy-master\vendor\codeigniter4\framework\system\CodeIgniter.php(308): CodeIgniter\CodeIgniter->handleRequest(NULL, Object(Config\Cache), false)
#8 E:\wamp64\www\policy-master\index.php(84): CodeIgniter\CodeIgniter->run()
#9 {main}
CRITICAL - 2020-10-15 03:42:52 --> Invalid argument supplied for foreach()
#0 E:\wamp64\www\policy-master\app\Views\quotation\edit.php(312): CodeIgniter\Debug\Exceptions->errorHandler(2, 'Invalid argumen...', 'E:\\wamp64\\www\\p...', 312, Array)
#1 E:\wamp64\www\policy-master\vendor\codeigniter4\framework\system\View\View.php(246): include('E:\\wamp64\\www\\p...')
#2 E:\wamp64\www\policy-master\vendor\codeigniter4\framework\system\Common.php(1087): CodeIgniter\View\View->render('quotation/edit', Array, true)
#3 E:\wamp64\www\policy-master\app\Controllers\BaseController.php(62): view('quotation/edit', Array)
#4 E:\wamp64\www\policy-master\app\Controllers\InsuranceQuotation.php(430): App\Controllers\BaseController->render_page('quotation/edit', Array)
#5 E:\wamp64\www\policy-master\vendor\codeigniter4\framework\system\CodeIgniter.php(914): App\Controllers\InsuranceQuotation->quotationEdit('5', 'dist', 'img', 'user1-128x128.j...')
#6 E:\wamp64\www\policy-master\vendor\codeigniter4\framework\system\CodeIgniter.php(400): CodeIgniter\CodeIgniter->runController(Object(App\Controllers\InsuranceQuotation))
#7 E:\wamp64\www\policy-master\vendor\codeigniter4\framework\system\CodeIgniter.php(308): CodeIgniter\CodeIgniter->handleRequest(NULL, Object(Config\Cache), false)
#8 E:\wamp64\www\policy-master\index.php(84): CodeIgniter\CodeIgniter->run()
#9 {main}
CRITICAL - 2020-10-15 05:00:36 --> Invalid file: quotation/display.php
#0 E:\wamp64\www\policy-master\vendor\codeigniter4\framework\system\View\View.php(228): CodeIgniter\Exceptions\FrameworkException::forInvalidFile('quotation/displ...')
#1 E:\wamp64\www\policy-master\vendor\codeigniter4\framework\system\Common.php(1087): CodeIgniter\View\View->render('quotation/displ...', Array, true)
#2 E:\wamp64\www\policy-master\app\Controllers\BaseController.php(62): view('quotation/displ...', Array)
#3 E:\wamp64\www\policy-master\app\Controllers\InsuranceQuotation.php(374): App\Controllers\BaseController->render_page('quotation/displ...', Array)
#4 E:\wamp64\www\policy-master\vendor\codeigniter4\framework\system\CodeIgniter.php(914): App\Controllers\InsuranceQuotation->profile('6', '1')
#5 E:\wamp64\www\policy-master\vendor\codeigniter4\framework\system\CodeIgniter.php(400): CodeIgniter\CodeIgniter->runController(Object(App\Controllers\InsuranceQuotation))
#6 E:\wamp64\www\policy-master\vendor\codeigniter4\framework\system\CodeIgniter.php(308): CodeIgniter\CodeIgniter->handleRequest(NULL, Object(Config\Cache), false)
#7 E:\wamp64\www\policy-master\index.php(84): CodeIgniter\CodeIgniter->run()
#8 {main}
CRITICAL - 2020-10-15 05:00:37 --> Invalid file: quotation/display.php
#0 E:\wamp64\www\policy-master\vendor\codeigniter4\framework\system\View\View.php(228): CodeIgniter\Exceptions\FrameworkException::forInvalidFile('quotation/displ...')
#1 E:\wamp64\www\policy-master\vendor\codeigniter4\framework\system\Common.php(1087): CodeIgniter\View\View->render('quotation/displ...', Array, true)
#2 E:\wamp64\www\policy-master\app\Controllers\BaseController.php(62): view('quotation/displ...', Array)
#3 E:\wamp64\www\policy-master\app\Controllers\InsuranceQuotation.php(374): App\Controllers\BaseController->render_page('quotation/displ...', Array)
#4 E:\wamp64\www\policy-master\vendor\codeigniter4\framework\system\CodeIgniter.php(914): App\Controllers\InsuranceQuotation->profile('6', 'dist', 'img', 'user1-128x128.j...')
#5 E:\wamp64\www\policy-master\vendor\codeigniter4\framework\system\CodeIgniter.php(400): CodeIgniter\CodeIgniter->runController(Object(App\Controllers\InsuranceQuotation))
#6 E:\wamp64\www\policy-master\vendor\codeigniter4\framework\system\CodeIgniter.php(308): CodeIgniter\CodeIgniter->handleRequest(NULL, Object(Config\Cache), false)
#7 E:\wamp64\www\policy-master\index.php(84): CodeIgniter\CodeIgniter->run()
#8 {main}
CRITICAL - 2020-10-15 05:00:37 --> Invalid file: quotation/display.php
#0 E:\wamp64\www\policy-master\vendor\codeigniter4\framework\system\View\View.php(228): CodeIgniter\Exceptions\FrameworkException::forInvalidFile('quotation/displ...')
#1 E:\wamp64\www\policy-master\vendor\codeigniter4\framework\system\Common.php(1087): CodeIgniter\View\View->render('quotation/displ...', Array, true)
#2 E:\wamp64\www\policy-master\app\Controllers\BaseController.php(62): view('quotation/displ...', Array)
#3 E:\wamp64\www\policy-master\app\Controllers\InsuranceQuotation.php(374): App\Controllers\BaseController->render_page('quotation/displ...', Array)
#4 E:\wamp64\www\policy-master\vendor\codeigniter4\framework\system\CodeIgniter.php(914): App\Controllers\InsuranceQuotation->profile('6', 'dist', 'img', 'user8-128x128.j...')
#5 E:\wamp64\www\policy-master\vendor\codeigniter4\framework\system\CodeIgniter.php(400): CodeIgniter\CodeIgniter->runController(Object(App\Controllers\InsuranceQuotation))
#6 E:\wamp64\www\policy-master\vendor\codeigniter4\framework\system\CodeIgniter.php(308): CodeIgniter\CodeIgniter->handleRequest(NULL, Object(Config\Cache), false)
#7 E:\wamp64\www\policy-master\index.php(84): CodeIgniter\CodeIgniter->run()
#8 {main}
CRITICAL - 2020-10-15 05:00:37 --> Invalid file: quotation/display.php
#0 E:\wamp64\www\policy-master\vendor\codeigniter4\framework\system\View\View.php(228): CodeIgniter\Exceptions\FrameworkException::forInvalidFile('quotation/displ...')
#1 E:\wamp64\www\policy-master\vendor\codeigniter4\framework\system\Common.php(1087): CodeIgniter\View\View->render('quotation/displ...', Array, true)
#2 E:\wamp64\www\policy-master\app\Controllers\BaseController.php(62): view('quotation/displ...', Array)
#3 E:\wamp64\www\policy-master\app\Controllers\InsuranceQuotation.php(374): App\Controllers\BaseController->render_page('quotation/displ...', Array)
#4 E:\wamp64\www\policy-master\vendor\codeigniter4\framework\system\CodeIgniter.php(914): App\Controllers\InsuranceQuotation->profile('6', 'dist', 'img', 'user3-128x128.j...')
#5 E:\wamp64\www\policy-master\vendor\codeigniter4\framework\system\CodeIgniter.php(400): CodeIgniter\CodeIgniter->runController(Object(App\Controllers\InsuranceQuotation))
#6 E:\wamp64\www\policy-master\vendor\codeigniter4\framework\system\CodeIgniter.php(308): CodeIgniter\CodeIgniter->handleRequest(NULL, Object(Config\Cache), false)
#7 E:\wamp64\www\policy-master\index.php(84): CodeIgniter\CodeIgniter->run()
#8 {main}
CRITICAL - 2020-10-15 05:00:45 --> Invalid file: quotation/add.php
#0 E:\wamp64\www\policy-master\vendor\codeigniter4\framework\system\View\View.php(228): CodeIgniter\Exceptions\FrameworkException::forInvalidFile('quotation/add.p...')
#1 E:\wamp64\www\policy-master\vendor\codeigniter4\framework\system\Common.php(1087): CodeIgniter\View\View->render('quotation/add', Array, true)
#2 E:\wamp64\www\policy-master\app\Controllers\BaseController.php(62): view('quotation/add', Array)
#3 E:\wamp64\www\policy-master\app\Controllers\InsuranceQuotation.php(87): App\Controllers\BaseController->render_page('quotation/add', Array)
#4 E:\wamp64\www\policy-master\vendor\codeigniter4\framework\system\CodeIgniter.php(914): App\Controllers\InsuranceQuotation->create('1')
#5 E:\wamp64\www\policy-master\vendor\codeigniter4\framework\system\CodeIgniter.php(400): CodeIgniter\CodeIgniter->runController(Object(App\Controllers\InsuranceQuotation))
#6 E:\wamp64\www\policy-master\vendor\codeigniter4\framework\system\CodeIgniter.php(308): CodeIgniter\CodeIgniter->handleRequest(NULL, Object(Config\Cache), false)
#7 E:\wamp64\www\policy-master\index.php(84): CodeIgniter\CodeIgniter->run()
#8 {main}
CRITICAL - 2020-10-15 05:00:45 --> Invalid file: quotation/add.php
#0 E:\wamp64\www\policy-master\vendor\codeigniter4\framework\system\View\View.php(228): CodeIgniter\Exceptions\FrameworkException::forInvalidFile('quotation/add.p...')
#1 E:\wamp64\www\policy-master\vendor\codeigniter4\framework\system\Common.php(1087): CodeIgniter\View\View->render('quotation/add', Array, true)
#2 E:\wamp64\www\policy-master\app\Controllers\BaseController.php(62): view('quotation/add', Array)
#3 E:\wamp64\www\policy-master\app\Controllers\InsuranceQuotation.php(87): App\Controllers\BaseController->render_page('quotation/add', Array)
#4 E:\wamp64\www\policy-master\vendor\codeigniter4\framework\system\CodeIgniter.php(914): App\Controllers\InsuranceQuotation->create('dist', 'img', 'user1-128x128.j...')
#5 E:\wamp64\www\policy-master\vendor\codeigniter4\framework\system\CodeIgniter.php(400): CodeIgniter\CodeIgniter->runController(Object(App\Controllers\InsuranceQuotation))
#6 E:\wamp64\www\policy-master\vendor\codeigniter4\framework\system\CodeIgniter.php(308): CodeIgniter\CodeIgniter->handleRequest(NULL, Object(Config\Cache), false)
#7 E:\wamp64\www\policy-master\index.php(84): CodeIgniter\CodeIgniter->run()
#8 {main}
CRITICAL - 2020-10-15 05:00:45 --> Invalid file: quotation/add.php
#0 E:\wamp64\www\policy-master\vendor\codeigniter4\framework\system\View\View.php(228): CodeIgniter\Exceptions\FrameworkException::forInvalidFile('quotation/add.p...')
#1 E:\wamp64\www\policy-master\vendor\codeigniter4\framework\system\Common.php(1087): CodeIgniter\View\View->render('quotation/add', Array, true)
#2 E:\wamp64\www\policy-master\app\Controllers\BaseController.php(62): view('quotation/add', Array)
#3 E:\wamp64\www\policy-master\app\Controllers\InsuranceQuotation.php(87): App\Controllers\BaseController->render_page('quotation/add', Array)
#4 E:\wamp64\www\policy-master\vendor\codeigniter4\framework\system\CodeIgniter.php(914): App\Controllers\InsuranceQuotation->create('dist', 'img', 'user8-128x128.j...')
#5 E:\wamp64\www\policy-master\vendor\codeigniter4\framework\system\CodeIgniter.php(400): CodeIgniter\CodeIgniter->runController(Object(App\Controllers\InsuranceQuotation))
#6 E:\wamp64\www\policy-master\vendor\codeigniter4\framework\system\CodeIgniter.php(308): CodeIgniter\CodeIgniter->handleRequest(NULL, Object(Config\Cache), false)
#7 E:\wamp64\www\policy-master\index.php(84): CodeIgniter\CodeIgniter->run()
#8 {main}
CRITICAL - 2020-10-15 05:00:45 --> Invalid file: quotation/add.php
#0 E:\wamp64\www\policy-master\vendor\codeigniter4\framework\system\View\View.php(228): CodeIgniter\Exceptions\FrameworkException::forInvalidFile('quotation/add.p...')
#1 E:\wamp64\www\policy-master\vendor\codeigniter4\framework\system\Common.php(1087): CodeIgniter\View\View->render('quotation/add', Array, true)
#2 E:\wamp64\www\policy-master\app\Controllers\BaseController.php(62): view('quotation/add', Array)
#3 E:\wamp64\www\policy-master\app\Controllers\InsuranceQuotation.php(87): App\Controllers\BaseController->render_page('quotation/add', Array)
#4 E:\wamp64\www\policy-master\vendor\codeigniter4\framework\system\CodeIgniter.php(914): App\Controllers\InsuranceQuotation->create('dist', 'img', 'user3-128x128.j...')
#5 E:\wamp64\www\policy-master\vendor\codeigniter4\framework\system\CodeIgniter.php(400): CodeIgniter\CodeIgniter->runController(Object(App\Controllers\InsuranceQuotation))
#6 E:\wamp64\www\policy-master\vendor\codeigniter4\framework\system\CodeIgniter.php(308): CodeIgniter\CodeIgniter->handleRequest(NULL, Object(Config\Cache), false)
#7 E:\wamp64\www\policy-master\index.php(84): CodeIgniter\CodeIgniter->run()
#8 {main}
CRITICAL - 2020-10-15 05:48:43 --> syntax error, unexpected 'return' (T_RETURN)
#0 E:\wamp64\www\policy-master-new\vendor\codeigniter4\framework\system\Router\Router.php(192): CodeIgniter\Router\Router->autoRoute('/dashboard')
#1 E:\wamp64\www\policy-master-new\vendor\codeigniter4\framework\system\CodeIgniter.php(789): CodeIgniter\Router\Router->handle('/dashboard')
#2 E:\wamp64\www\policy-master-new\vendor\codeigniter4\framework\system\CodeIgniter.php(360): CodeIgniter\CodeIgniter->tryToRouteIt(Object(CodeIgniter\Router\RouteCollection))
#3 E:\wamp64\www\policy-master-new\vendor\codeigniter4\framework\system\CodeIgniter.php(308): CodeIgniter\CodeIgniter->handleRequest(NULL, Object(Config\Cache), false)
#4 E:\wamp64\www\policy-master-new\index.php(84): CodeIgniter\CodeIgniter->run()
#5 {main}
CRITICAL - 2020-10-15 05:48:51 --> Undefined variable: title
#0 E:\wamp64\www\policy-master-new\app\Views\templete\header.php(8): CodeIgniter\Debug\Exceptions->errorHandler(8, 'Undefined varia...', 'E:\\wamp64\\www\\p...', 8, Array)
#1 E:\wamp64\www\policy-master-new\vendor\codeigniter4\framework\system\View\View.php(246): include('E:\\wamp64\\www\\p...')
#2 E:\wamp64\www\policy-master-new\vendor\codeigniter4\framework\system\Common.php(1087): CodeIgniter\View\View->render('templete/header', Array, true)
#3 E:\wamp64\www\policy-master-new\app\Views\templete.php(2): view('templete/header')
#4 E:\wamp64\www\policy-master-new\vendor\codeigniter4\framework\system\View\View.php(246): include('E:\\wamp64\\www\\p...')
#5 E:\wamp64\www\policy-master-new\vendor\codeigniter4\framework\system\Common.php(1087): CodeIgniter\View\View->render('templete', Array, true)
#6 E:\wamp64\www\policy-master-new\app\Controllers\Dashboard.php(8): view('templete')
#7 E:\wamp64\www\policy-master-new\vendor\codeigniter4\framework\system\CodeIgniter.php(914): App\Controllers\Dashboard->index()
#8 E:\wamp64\www\policy-master-new\vendor\codeigniter4\framework\system\CodeIgniter.php(400): CodeIgniter\CodeIgniter->runController(Object(App\Controllers\Dashboard))
#9 E:\wamp64\www\policy-master-new\vendor\codeigniter4\framework\system\CodeIgniter.php(308): CodeIgniter\CodeIgniter->handleRequest(NULL, Object(Config\Cache), false)
#10 E:\wamp64\www\policy-master-new\index.php(84): CodeIgniter\CodeIgniter->run()
#11 {main}
CRITICAL - 2020-10-15 05:50:21 --> Undefined variable: page
#0 E:\wamp64\www\policy-master-new\app\Views\templete.php(4): CodeIgniter\Debug\Exceptions->errorHandler(8, 'Undefined varia...', 'E:\\wamp64\\www\\p...', 4, Array)
#1 E:\wamp64\www\policy-master-new\vendor\codeigniter4\framework\system\View\View.php(246): include('E:\\wamp64\\www\\p...')
#2 E:\wamp64\www\policy-master-new\vendor\codeigniter4\framework\system\Common.php(1087): CodeIgniter\View\View->render('templete', Array, true)
#3 E:\wamp64\www\policy-master-new\app\Controllers\Dashboard.php(8): view('templete')
#4 E:\wamp64\www\policy-master-new\vendor\codeigniter4\framework\system\CodeIgniter.php(914): App\Controllers\Dashboard->index()
#5 E:\wamp64\www\policy-master-new\vendor\codeigniter4\framework\system\CodeIgniter.php(400): CodeIgniter\CodeIgniter->runController(Object(App\Controllers\Dashboard))
#6 E:\wamp64\www\policy-master-new\vendor\codeigniter4\framework\system\CodeIgniter.php(308): CodeIgniter\CodeIgniter->handleRequest(NULL, Object(Config\Cache), false)
#7 E:\wamp64\www\policy-master-new\index.php(84): CodeIgniter\CodeIgniter->run()
#8 {main}
CRITICAL - 2020-10-15 05:50:47 --> Invalid file: index.php
#0 E:\wamp64\www\policy-master-new\vendor\codeigniter4\framework\system\View\View.php(228): CodeIgniter\Exceptions\FrameworkException::forInvalidFile('index.php')
#1 E:\wamp64\www\policy-master-new\vendor\codeigniter4\framework\system\Common.php(1087): CodeIgniter\View\View->render('index', Array, true)
#2 E:\wamp64\www\policy-master-new\app\Views\templete.php(4): view('index')
#3 E:\wamp64\www\policy-master-new\vendor\codeigniter4\framework\system\View\View.php(246): include('E:\\wamp64\\www\\p...')
#4 E:\wamp64\www\policy-master-new\vendor\codeigniter4\framework\system\Common.php(1087): CodeIgniter\View\View->render('templete', Array, true)
#5 E:\wamp64\www\policy-master-new\app\Controllers\Dashboard.php(8): view('templete', Array)
#6 E:\wamp64\www\policy-master-new\vendor\codeigniter4\framework\system\CodeIgniter.php(914): App\Controllers\Dashboard->index()
#7 E:\wamp64\www\policy-master-new\vendor\codeigniter4\framework\system\CodeIgniter.php(400): CodeIgniter\CodeIgniter->runController(Object(App\Controllers\Dashboard))
#8 E:\wamp64\www\policy-master-new\vendor\codeigniter4\framework\system\CodeIgniter.php(308): CodeIgniter\CodeIgniter->handleRequest(NULL, Object(Config\Cache), false)
#9 E:\wamp64\www\policy-master-new\index.php(84): CodeIgniter\CodeIgniter->run()
#10 {main}
CRITICAL - 2020-10-15 06:06:06 --> Undefined variable: insurancetype
#0 E:\wamp64\www\policy-master-new\app\Views\quotation\list.php(35): CodeIgniter\Debug\Exceptions->errorHandler(8, 'Undefined varia...', 'E:\\wamp64\\www\\p...', 35, Array)
#1 E:\wamp64\www\policy-master-new\vendor\codeigniter4\framework\system\View\View.php(246): include('E:\\wamp64\\www\\p...')
#2 E:\wamp64\www\policy-master-new\vendor\codeigniter4\framework\system\Common.php(1087): CodeIgniter\View\View->render('quotation/list', Array, true)
#3 E:\wamp64\www\policy-master-new\app\Views\templete.php(4): view('quotation/list')
#4 E:\wamp64\www\policy-master-new\vendor\codeigniter4\framework\system\View\View.php(246): include('E:\\wamp64\\www\\p...')
#5 E:\wamp64\www\policy-master-new\vendor\codeigniter4\framework\system\Common.php(1087): CodeIgniter\View\View->render('templete', Array, true)
#6 E:\wamp64\www\policy-master-new\app\Controllers\Quotation.php(8): view('templete', Array)
#7 E:\wamp64\www\policy-master-new\vendor\codeigniter4\framework\system\CodeIgniter.php(914): App\Controllers\Quotation->index()
#8 E:\wamp64\www\policy-master-new\vendor\codeigniter4\framework\system\CodeIgniter.php(400): CodeIgniter\CodeIgniter->runController(Object(App\Controllers\Quotation))
#9 E:\wamp64\www\policy-master-new\vendor\codeigniter4\framework\system\CodeIgniter.php(308): CodeIgniter\CodeIgniter->handleRequest(NULL, Object(Config\Cache), false)
#10 E:\wamp64\www\policy-master-new\index.php(84): CodeIgniter\CodeIgniter->run()
#11 {main}
CRITICAL - 2020-10-15 07:27:22 --> Cannot call constructor
#0 E:\wamp64\www\policy-master-new\vendor\codeigniter4\framework\system\CodeIgniter.php(886): App\Controllers\BaseController->__construct()
#1 E:\wamp64\www\policy-master-new\vendor\codeigniter4\framework\system\CodeIgniter.php(395): CodeIgniter\CodeIgniter->createController()
#2 E:\wamp64\www\policy-master-new\vendor\codeigniter4\framework\system\CodeIgniter.php(308): CodeIgniter\CodeIgniter->handleRequest(NULL, Object(Config\Cache), false)
#3 E:\wamp64\www\policy-master-new\index.php(84): CodeIgniter\CodeIgniter->run()
#4 {main}
CRITICAL - 2020-10-15 07:48:52 --> syntax error, unexpected '->' (T_OBJECT_OPERATOR), expecting ',' or ';'
#0 E:\wamp64\www\policy-master-new\vendor\codeigniter4\framework\system\Autoloader\Autoloader.php(296): CodeIgniter\Autoloader\Autoloader->requireFile('E:\\wamp64\\www\\p...')
#1 E:\wamp64\www\policy-master-new\vendor\codeigniter4\framework\system\Autoloader\Autoloader.php(258): CodeIgniter\Autoloader\Autoloader->loadInNamespace('App\\Controllers...')
#2 [internal function]: CodeIgniter\Autoloader\Autoloader->loadClass('App\\Controllers...')
#3 E:\wamp64\www\policy-master-new\app\Controllers\Dashboard.php(3): spl_autoload_call('App\\Controllers...')
#4 E:\wamp64\www\policy-master-new\vendor\codeigniter4\framework\system\Router\Router.php(575): include_once('E:\\wamp64\\www\\p...')
#5 E:\wamp64\www\policy-master-new\vendor\codeigniter4\framework\system\Router\Router.php(192): CodeIgniter\Router\Router->autoRoute('/')
#6 E:\wamp64\www\policy-master-new\vendor\codeigniter4\framework\system\CodeIgniter.php(789): CodeIgniter\Router\Router->handle('/')
#7 E:\wamp64\www\policy-master-new\vendor\codeigniter4\framework\system\CodeIgniter.php(360): CodeIgniter\CodeIgniter->tryToRouteIt(Object(CodeIgniter\Router\RouteCollection))
#8 E:\wamp64\www\policy-master-new\vendor\codeigniter4\framework\system\CodeIgniter.php(308): CodeIgniter\CodeIgniter->handleRequest(NULL, Object(Config\Cache), false)
#9 E:\wamp64\www\policy-master-new\index.php(84): CodeIgniter\CodeIgniter->run()
#10 {main}
CRITICAL - 2020-10-15 07:49:13 --> syntax error, unexpected '->' (T_OBJECT_OPERATOR), expecting ',' or ';'
#0 E:\wamp64\www\policy-master-new\vendor\codeigniter4\framework\system\Autoloader\Autoloader.php(296): CodeIgniter\Autoloader\Autoloader->requireFile('E:\\wamp64\\www\\p...')
#1 E:\wamp64\www\policy-master-new\vendor\codeigniter4\framework\system\Autoloader\Autoloader.php(258): CodeIgniter\Autoloader\Autoloader->loadInNamespace('App\\Controllers...')
#2 [internal function]: CodeIgniter\Autoloader\Autoloader->loadClass('App\\Controllers...')
#3 E:\wamp64\www\policy-master-new\app\Controllers\Dashboard.php(3): spl_autoload_call('App\\Controllers...')
#4 E:\wamp64\www\policy-master-new\vendor\codeigniter4\framework\system\Router\Router.php(575): include_once('E:\\wamp64\\www\\p...')
#5 E:\wamp64\www\policy-master-new\vendor\codeigniter4\framework\system\Router\Router.php(192): CodeIgniter\Router\Router->autoRoute('/')
#6 E:\wamp64\www\policy-master-new\vendor\codeigniter4\framework\system\CodeIgniter.php(789): CodeIgniter\Router\Router->handle('/')
#7 E:\wamp64\www\policy-master-new\vendor\codeigniter4\framework\system\CodeIgniter.php(360): CodeIgniter\CodeIgniter->tryToRouteIt(Object(CodeIgniter\Router\RouteCollection))
#8 E:\wamp64\www\policy-master-new\vendor\codeigniter4\framework\system\CodeIgniter.php(308): CodeIgniter\CodeIgniter->handleRequest(NULL, Object(Config\Cache), false)
#9 E:\wamp64\www\policy-master-new\index.php(84): CodeIgniter\CodeIgniter->run()
#10 {main}
CRITICAL - 2020-10-15 08:04:39 --> syntax error, unexpected '->' (T_OBJECT_OPERATOR), expecting ',' or ';'
#0 E:\wamp64\www\policy_master_web\vendor\codeigniter4\framework\system\Autoloader\Autoloader.php(296): CodeIgniter\Autoloader\Autoloader->requireFile('E:\\wamp64\\www\\p...')
#1 E:\wamp64\www\policy_master_web\vendor\codeigniter4\framework\system\Autoloader\Autoloader.php(258): CodeIgniter\Autoloader\Autoloader->loadInNamespace('App\\Controllers...')
#2 [internal function]: CodeIgniter\Autoloader\Autoloader->loadClass('App\\Controllers...')
#3 E:\wamp64\www\policy_master_web\app\Controllers\Dashboard.php(3): spl_autoload_call('App\\Controllers...')
#4 E:\wamp64\www\policy_master_web\vendor\codeigniter4\framework\system\Router\Router.php(575): include_once('E:\\wamp64\\www\\p...')
#5 E:\wamp64\www\policy_master_web\vendor\codeigniter4\framework\system\Router\Router.php(192): CodeIgniter\Router\Router->autoRoute('/')
#6 E:\wamp64\www\policy_master_web\vendor\codeigniter4\framework\system\CodeIgniter.php(789): CodeIgniter\Router\Router->handle('/')
#7 E:\wamp64\www\policy_master_web\vendor\codeigniter4\framework\system\CodeIgniter.php(360): CodeIgniter\CodeIgniter->tryToRouteIt(Object(CodeIgniter\Router\RouteCollection))
#8 E:\wamp64\www\policy_master_web\vendor\codeigniter4\framework\system\CodeIgniter.php(308): CodeIgniter\CodeIgniter->handleRequest(NULL, Object(Config\Cache), false)
#9 E:\wamp64\www\policy_master_web\index.php(84): CodeIgniter\CodeIgniter->run()
#10 {main}
CRITICAL - 2020-10-15 08:04:53 --> Constant expression contains invalid operations
#0 [internal function]: CodeIgniter\Debug\Exceptions->shutdownHandler()
#1 {main}
CRITICAL - 2020-10-15 08:18:15 --> Class 'App\Controllers\Services' not found
#0 E:\wamp64\www\policy_master_web\vendor\codeigniter4\framework\system\CodeIgniter.php(886): App\Controllers\Dashboard->__construct()
#1 E:\wamp64\www\policy_master_web\vendor\codeigniter4\framework\system\CodeIgniter.php(395): CodeIgniter\CodeIgniter->createController()
#2 E:\wamp64\www\policy_master_web\vendor\codeigniter4\framework\system\CodeIgniter.php(308): CodeIgniter\CodeIgniter->handleRequest(NULL, Object(Config\Cache), false)
#3 E:\wamp64\www\policy_master_web\index.php(84): CodeIgniter\CodeIgniter->run()
#4 {main}
CRITICAL - 2020-10-15 08:19:01 --> syntax error, unexpected '->' (T_OBJECT_OPERATOR), expecting ',' or ';'
#0 E:\wamp64\www\policy_master_web\vendor\codeigniter4\framework\system\Autoloader\Autoloader.php(296): CodeIgniter\Autoloader\Autoloader->requireFile('E:\\wamp64\\www\\p...')
#1 E:\wamp64\www\policy_master_web\vendor\codeigniter4\framework\system\Autoloader\Autoloader.php(258): CodeIgniter\Autoloader\Autoloader->loadInNamespace('App\\Controllers...')
#2 [internal function]: CodeIgniter\Autoloader\Autoloader->loadClass('App\\Controllers...')
#3 E:\wamp64\www\policy_master_web\app\Controllers\Dashboard.php(3): spl_autoload_call('App\\Controllers...')
#4 E:\wamp64\www\policy_master_web\vendor\codeigniter4\framework\system\Router\Router.php(575): include_once('E:\\wamp64\\www\\p...')
#5 E:\wamp64\www\policy_master_web\vendor\codeigniter4\framework\system\Router\Router.php(192): CodeIgniter\Router\Router->autoRoute('/')
#6 E:\wamp64\www\policy_master_web\vendor\codeigniter4\framework\system\CodeIgniter.php(789): CodeIgniter\Router\Router->handle('/')
#7 E:\wamp64\www\policy_master_web\vendor\codeigniter4\framework\system\CodeIgniter.php(360): CodeIgniter\CodeIgniter->tryToRouteIt(Object(CodeIgniter\Router\RouteCollection))
#8 E:\wamp64\www\policy_master_web\vendor\codeigniter4\framework\system\CodeIgniter.php(308): CodeIgniter\CodeIgniter->handleRequest(NULL, Object(Config\Cache), false)
#9 E:\wamp64\www\policy_master_web\index.php(84): CodeIgniter\CodeIgniter->run()
#10 {main}
CRITICAL - 2020-10-15 08:19:16 --> Constant expression contains invalid operations
#0 [internal function]: CodeIgniter\Debug\Exceptions->shutdownHandler()
#1 {main}
CRITICAL - 2020-10-15 08:20:09 --> Constant expression contains invalid operations
#0 [internal function]: CodeIgniter\Debug\Exceptions->shutdownHandler()
#1 {main}
CRITICAL - 2020-10-15 08:20:10 --> Constant expression contains invalid operations
#0 [internal function]: CodeIgniter\Debug\Exceptions->shutdownHandler()
#1 {main}
CRITICAL - 2020-10-15 08:21:42 --> 
#0 E:\wamp64\www\policy_master_web\vendor\codeigniter4\framework\system\HTTP\RedirectResponse.php(92): CodeIgniter\HTTP\Exceptions\HTTPException::forInvalidRedirectRoute('')
#1 E:\wamp64\www\policy_master_web\vendor\codeigniter4\framework\system\Common.php(813): CodeIgniter\HTTP\RedirectResponse->route(false)
#2 E:\wamp64\www\policy_master_web\app\Controllers\Dashboard.php(22): redirect('http://localhos...')
#3 E:\wamp64\www\policy_master_web\app\Controllers\Dashboard.php(9): App\Controllers\Dashboard->checkLogin()
#4 E:\wamp64\www\policy_master_web\vendor\codeigniter4\framework\system\CodeIgniter.php(886): App\Controllers\Dashboard->__construct()
#5 E:\wamp64\www\policy_master_web\vendor\codeigniter4\framework\system\CodeIgniter.php(395): CodeIgniter\CodeIgniter->createController()
#6 E:\wamp64\www\policy_master_web\vendor\codeigniter4\framework\system\CodeIgniter.php(308): CodeIgniter\CodeIgniter->handleRequest(NULL, Object(Config\Cache), false)
#7 E:\wamp64\www\policy_master_web\index.php(84): CodeIgniter\CodeIgniter->run()
#8 {main}
CRITICAL - 2020-10-15 08:22:23 --> 
#0 E:\wamp64\www\policy_master_web\vendor\codeigniter4\framework\system\HTTP\RedirectResponse.php(92): CodeIgniter\HTTP\Exceptions\HTTPException::forInvalidRedirectRoute('')
#1 E:\wamp64\www\policy_master_web\vendor\codeigniter4\framework\system\Common.php(813): CodeIgniter\HTTP\RedirectResponse->route(false)
#2 E:\wamp64\www\policy_master_web\app\Controllers\Dashboard.php(22): redirect('http://localhos...')
#3 E:\wamp64\www\policy_master_web\app\Controllers\Dashboard.php(9): App\Controllers\Dashboard->checkLogin()
#4 E:\wamp64\www\policy_master_web\vendor\codeigniter4\framework\system\CodeIgniter.php(886): App\Controllers\Dashboard->__construct()
#5 E:\wamp64\www\policy_master_web\vendor\codeigniter4\framework\system\CodeIgniter.php(395): CodeIgniter\CodeIgniter->createController()
#6 E:\wamp64\www\policy_master_web\vendor\codeigniter4\framework\system\CodeIgniter.php(308): CodeIgniter\CodeIgniter->handleRequest(NULL, Object(Config\Cache), false)
#7 E:\wamp64\www\policy_master_web\index.php(84): CodeIgniter\CodeIgniter->run()
#8 {main}
CRITICAL - 2020-10-15 08:22:24 --> 
#0 E:\wamp64\www\policy_master_web\vendor\codeigniter4\framework\system\HTTP\RedirectResponse.php(92): CodeIgniter\HTTP\Exceptions\HTTPException::forInvalidRedirectRoute('')
#1 E:\wamp64\www\policy_master_web\vendor\codeigniter4\framework\system\Common.php(813): CodeIgniter\HTTP\RedirectResponse->route(false)
#2 E:\wamp64\www\policy_master_web\app\Controllers\Dashboard.php(22): redirect('http://localhos...')
#3 E:\wamp64\www\policy_master_web\app\Controllers\Dashboard.php(9): App\Controllers\Dashboard->checkLogin()
#4 E:\wamp64\www\policy_master_web\vendor\codeigniter4\framework\system\CodeIgniter.php(886): App\Controllers\Dashboard->__construct()
#5 E:\wamp64\www\policy_master_web\vendor\codeigniter4\framework\system\CodeIgniter.php(395): CodeIgniter\CodeIgniter->createController()
#6 E:\wamp64\www\policy_master_web\vendor\codeigniter4\framework\system\CodeIgniter.php(308): CodeIgniter\CodeIgniter->handleRequest(NULL, Object(Config\Cache), false)
#7 E:\wamp64\www\policy_master_web\index.php(84): CodeIgniter\CodeIgniter->run()
#8 {main}
CRITICAL - 2020-10-15 08:34:24 --> 
#0 E:\wamp64\www\policy_master_web\vendor\codeigniter4\framework\system\HTTP\RedirectResponse.php(92): CodeIgniter\HTTP\Exceptions\HTTPException::forInvalidRedirectRoute('')
#1 E:\wamp64\www\policy_master_web\vendor\codeigniter4\framework\system\Common.php(813): CodeIgniter\HTTP\RedirectResponse->route(false)
#2 E:\wamp64\www\policy_master_web\app\Controllers\Dashboard.php(22): redirect('http://localhos...')
#3 E:\wamp64\www\policy_master_web\app\Controllers\Dashboard.php(9): App\Controllers\Dashboard->checkLogin()
#4 E:\wamp64\www\policy_master_web\vendor\codeigniter4\framework\system\CodeIgniter.php(886): App\Controllers\Dashboard->__construct()
#5 E:\wamp64\www\policy_master_web\vendor\codeigniter4\framework\system\CodeIgniter.php(395): CodeIgniter\CodeIgniter->createController()
#6 E:\wamp64\www\policy_master_web\vendor\codeigniter4\framework\system\CodeIgniter.php(308): CodeIgniter\CodeIgniter->handleRequest(NULL, Object(Config\Cache), false)
#7 E:\wamp64\www\policy_master_web\index.php(84): CodeIgniter\CodeIgniter->run()
#8 {main}
CRITICAL - 2020-10-15 08:34:44 --> 
#0 E:\wamp64\www\policy_master_web\vendor\codeigniter4\framework\system\HTTP\RedirectResponse.php(92): CodeIgniter\HTTP\Exceptions\HTTPException::forInvalidRedirectRoute('')
#1 E:\wamp64\www\policy_master_web\vendor\codeigniter4\framework\system\Common.php(813): CodeIgniter\HTTP\RedirectResponse->route(false)
#2 E:\wamp64\www\policy_master_web\app\Controllers\Dashboard.php(22): redirect('http://localhos...')
#3 E:\wamp64\www\policy_master_web\app\Controllers\Dashboard.php(9): App\Controllers\Dashboard->checkLogin()
#4 E:\wamp64\www\policy_master_web\vendor\codeigniter4\framework\system\CodeIgniter.php(886): App\Controllers\Dashboard->__construct()
#5 E:\wamp64\www\policy_master_web\vendor\codeigniter4\framework\system\CodeIgniter.php(395): CodeIgniter\CodeIgniter->createController()
#6 E:\wamp64\www\policy_master_web\vendor\codeigniter4\framework\system\CodeIgniter.php(308): CodeIgniter\CodeIgniter->handleRequest(NULL, Object(Config\Cache), false)
#7 E:\wamp64\www\policy_master_web\index.php(84): CodeIgniter\CodeIgniter->run()
#8 {main}
CRITICAL - 2020-10-15 08:36:02 --> syntax error, unexpected 'if' (T_IF)
#0 E:\wamp64\www\policy_master_web\vendor\codeigniter4\framework\system\Router\Router.php(192): CodeIgniter\Router\Router->autoRoute('/')
#1 E:\wamp64\www\policy_master_web\vendor\codeigniter4\framework\system\CodeIgniter.php(789): CodeIgniter\Router\Router->handle('/')
#2 E:\wamp64\www\policy_master_web\vendor\codeigniter4\framework\system\CodeIgniter.php(360): CodeIgniter\CodeIgniter->tryToRouteIt(Object(CodeIgniter\Router\RouteCollection))
#3 E:\wamp64\www\policy_master_web\vendor\codeigniter4\framework\system\CodeIgniter.php(308): CodeIgniter\CodeIgniter->handleRequest(NULL, Object(Config\Cache), false)
#4 E:\wamp64\www\policy_master_web\index.php(84): CodeIgniter\CodeIgniter->run()
#5 {main}
CRITICAL - 2020-10-15 08:36:28 --> syntax error, unexpected 'if' (T_IF)
#0 E:\wamp64\www\policy_master_web\vendor\codeigniter4\framework\system\Router\Router.php(192): CodeIgniter\Router\Router->autoRoute('/')
#1 E:\wamp64\www\policy_master_web\vendor\codeigniter4\framework\system\CodeIgniter.php(789): CodeIgniter\Router\Router->handle('/')
#2 E:\wamp64\www\policy_master_web\vendor\codeigniter4\framework\system\CodeIgniter.php(360): CodeIgniter\CodeIgniter->tryToRouteIt(Object(CodeIgniter\Router\RouteCollection))
#3 E:\wamp64\www\policy_master_web\vendor\codeigniter4\framework\system\CodeIgniter.php(308): CodeIgniter\CodeIgniter->handleRequest(NULL, Object(Config\Cache), false)
#4 E:\wamp64\www\policy_master_web\index.php(84): CodeIgniter\CodeIgniter->run()
#5 {main}
CRITICAL - 2020-10-15 08:36:29 --> syntax error, unexpected 'if' (T_IF)
#0 E:\wamp64\www\policy_master_web\vendor\codeigniter4\framework\system\Router\Router.php(192): CodeIgniter\Router\Router->autoRoute('/')
#1 E:\wamp64\www\policy_master_web\vendor\codeigniter4\framework\system\CodeIgniter.php(789): CodeIgniter\Router\Router->handle('/')
#2 E:\wamp64\www\policy_master_web\vendor\codeigniter4\framework\system\CodeIgniter.php(360): CodeIgniter\CodeIgniter->tryToRouteIt(Object(CodeIgniter\Router\RouteCollection))
#3 E:\wamp64\www\policy_master_web\vendor\codeigniter4\framework\system\CodeIgniter.php(308): CodeIgniter\CodeIgniter->handleRequest(NULL, Object(Config\Cache), false)
#4 E:\wamp64\www\policy_master_web\index.php(84): CodeIgniter\CodeIgniter->run()
#5 {main}
CRITICAL - 2020-10-15 08:36:47 --> syntax error, unexpected 'if' (T_IF)
#0 E:\wamp64\www\policy_master_web\vendor\codeigniter4\framework\system\Router\Router.php(192): CodeIgniter\Router\Router->autoRoute('/')
#1 E:\wamp64\www\policy_master_web\vendor\codeigniter4\framework\system\CodeIgniter.php(789): CodeIgniter\Router\Router->handle('/')
#2 E:\wamp64\www\policy_master_web\vendor\codeigniter4\framework\system\CodeIgniter.php(360): CodeIgniter\CodeIgniter->tryToRouteIt(Object(CodeIgniter\Router\RouteCollection))
#3 E:\wamp64\www\policy_master_web\vendor\codeigniter4\framework\system\CodeIgniter.php(308): CodeIgniter\CodeIgniter->handleRequest(NULL, Object(Config\Cache), false)
#4 E:\wamp64\www\policy_master_web\index.php(84): CodeIgniter\CodeIgniter->run()
#5 {main}
CRITICAL - 2020-10-15 08:36:49 --> syntax error, unexpected 'if' (T_IF)
#0 E:\wamp64\www\policy_master_web\vendor\codeigniter4\framework\system\Router\Router.php(192): CodeIgniter\Router\Router->autoRoute('/')
#1 E:\wamp64\www\policy_master_web\vendor\codeigniter4\framework\system\CodeIgniter.php(789): CodeIgniter\Router\Router->handle('/')
#2 E:\wamp64\www\policy_master_web\vendor\codeigniter4\framework\system\CodeIgniter.php(360): CodeIgniter\CodeIgniter->tryToRouteIt(Object(CodeIgniter\Router\RouteCollection))
#3 E:\wamp64\www\policy_master_web\vendor\codeigniter4\framework\system\CodeIgniter.php(308): CodeIgniter\CodeIgniter->handleRequest(NULL, Object(Config\Cache), false)
#4 E:\wamp64\www\policy_master_web\index.php(84): CodeIgniter\CodeIgniter->run()
#5 {main}
