CRITICAL - 2020-06-17 02:05:07 --> Declaration of App\Controllers\ApiAuth::delete($id) should be compatible with CodeIgniter\RESTful\ResourceController::delete($id = NULL)
#0 E:\xampp\htdocs\mysite\app\Controllers\ApiAuth.php(7): CodeIgniter\Debug\Exceptions->errorHandler(2, 'Declaration of ...', 'E:\\xampp\\htdocs...', 298, Array)
#1 E:\xampp\htdocs\mysite\vendor\codeigniter4\framework\system\Autoloader\Autoloader.php(365): require_once('E:\\xampp\\htdocs...')
#2 E:\xampp\htdocs\mysite\vendor\codeigniter4\framework\system\Autoloader\Autoloader.php(296): CodeIgniter\Autoloader\Autoloader->requireFile('E:\\xampp\\htdocs...')
#3 E:\xampp\htdocs\mysite\vendor\codeigniter4\framework\system\Autoloader\Autoloader.php(258): CodeIgniter\Autoloader\Autoloader->loadInNamespace('App\\Controllers...')
#4 [internal function]: CodeIgniter\Autoloader\Autoloader->loadClass('App\\Controllers...')
#5 [internal function]: spl_autoload_call('App\\Controllers...')
#6 E:\xampp\htdocs\mysite\vendor\codeigniter4\framework\system\CodeIgniter.php(865): class_exists('\\App\\Controller...', true)
#7 E:\xampp\htdocs\mysite\vendor\codeigniter4\framework\system\CodeIgniter.php(390): CodeIgniter\CodeIgniter->startController()
#8 E:\xampp\htdocs\mysite\vendor\codeigniter4\framework\system\CodeIgniter.php(308): CodeIgniter\CodeIgniter->handleRequest(NULL, Object(Config\Cache), false)
#9 E:\xampp\htdocs\mysite\index.php(84): CodeIgniter\CodeIgniter->run()
#10 {main}
CRITICAL - 2020-06-17 02:06:17 --> Declaration of App\Controllers\ApiAuth::delete($id) should be compatible with CodeIgniter\RESTful\ResourceController::delete($id = NULL)
#0 E:\xampp\htdocs\mysite\app\Controllers\ApiAuth.php(7): CodeIgniter\Debug\Exceptions->errorHandler(2, 'Declaration of ...', 'E:\\xampp\\htdocs...', 298, Array)
#1 E:\xampp\htdocs\mysite\vendor\codeigniter4\framework\system\Autoloader\Autoloader.php(365): require_once('E:\\xampp\\htdocs...')
#2 E:\xampp\htdocs\mysite\vendor\codeigniter4\framework\system\Autoloader\Autoloader.php(296): CodeIgniter\Autoloader\Autoloader->requireFile('E:\\xampp\\htdocs...')
#3 E:\xampp\htdocs\mysite\vendor\codeigniter4\framework\system\Autoloader\Autoloader.php(258): CodeIgniter\Autoloader\Autoloader->loadInNamespace('App\\Controllers...')
#4 [internal function]: CodeIgniter\Autoloader\Autoloader->loadClass('App\\Controllers...')
#5 [internal function]: spl_autoload_call('App\\Controllers...')
#6 E:\xampp\htdocs\mysite\vendor\codeigniter4\framework\system\CodeIgniter.php(865): class_exists('\\App\\Controller...', true)
#7 E:\xampp\htdocs\mysite\vendor\codeigniter4\framework\system\CodeIgniter.php(390): CodeIgniter\CodeIgniter->startController()
#8 E:\xampp\htdocs\mysite\vendor\codeigniter4\framework\system\CodeIgniter.php(308): CodeIgniter\CodeIgniter->handleRequest(NULL, Object(Config\Cache), false)
#9 E:\xampp\htdocs\mysite\index.php(84): CodeIgniter\CodeIgniter->run()
#10 {main}
CRITICAL - 2020-06-17 03:46:57 --> Declaration of App\Controllers\ApiAuth::delete($id) should be compatible with CodeIgniter\RESTful\ResourceController::delete($id = NULL)
#0 E:\xampp\htdocs\mysite\app\Controllers\ApiAuth.php(7): CodeIgniter\Debug\Exceptions->errorHandler(2, 'Declaration of ...', 'E:\\xampp\\htdocs...', 298, Array)
#1 E:\xampp\htdocs\mysite\vendor\codeigniter4\framework\system\Autoloader\Autoloader.php(365): require_once('E:\\xampp\\htdocs...')
#2 E:\xampp\htdocs\mysite\vendor\codeigniter4\framework\system\Autoloader\Autoloader.php(296): CodeIgniter\Autoloader\Autoloader->requireFile('E:\\xampp\\htdocs...')
#3 E:\xampp\htdocs\mysite\vendor\codeigniter4\framework\system\Autoloader\Autoloader.php(258): CodeIgniter\Autoloader\Autoloader->loadInNamespace('App\\Controllers...')
#4 [internal function]: CodeIgniter\Autoloader\Autoloader->loadClass('App\\Controllers...')
#5 [internal function]: spl_autoload_call('App\\Controllers...')
#6 E:\xampp\htdocs\mysite\vendor\codeigniter4\framework\system\CodeIgniter.php(865): class_exists('\\App\\Controller...', true)
#7 E:\xampp\htdocs\mysite\vendor\codeigniter4\framework\system\CodeIgniter.php(390): CodeIgniter\CodeIgniter->startController()
#8 E:\xampp\htdocs\mysite\vendor\codeigniter4\framework\system\CodeIgniter.php(308): CodeIgniter\CodeIgniter->handleRequest(NULL, Object(Config\Cache), false)
#9 E:\xampp\htdocs\mysite\index.php(84): CodeIgniter\CodeIgniter->run()
#10 {main}
CRITICAL - 2020-06-17 03:50:05 --> Declaration of App\Controllers\ApiAuth::delete($id) should be compatible with CodeIgniter\RESTful\ResourceController::delete($id = NULL)
#0 E:\xampp\htdocs\mysite\app\Controllers\ApiAuth.php(7): CodeIgniter\Debug\Exceptions->errorHandler(2, 'Declaration of ...', 'E:\\xampp\\htdocs...', 298, Array)
#1 E:\xampp\htdocs\mysite\vendor\codeigniter4\framework\system\Autoloader\Autoloader.php(365): require_once('E:\\xampp\\htdocs...')
#2 E:\xampp\htdocs\mysite\vendor\codeigniter4\framework\system\Autoloader\Autoloader.php(296): CodeIgniter\Autoloader\Autoloader->requireFile('E:\\xampp\\htdocs...')
#3 E:\xampp\htdocs\mysite\vendor\codeigniter4\framework\system\Autoloader\Autoloader.php(258): CodeIgniter\Autoloader\Autoloader->loadInNamespace('App\\Controllers...')
#4 [internal function]: CodeIgniter\Autoloader\Autoloader->loadClass('App\\Controllers...')
#5 [internal function]: spl_autoload_call('App\\Controllers...')
#6 E:\xampp\htdocs\mysite\vendor\codeigniter4\framework\system\CodeIgniter.php(865): class_exists('\\App\\Controller...', true)
#7 E:\xampp\htdocs\mysite\vendor\codeigniter4\framework\system\CodeIgniter.php(390): CodeIgniter\CodeIgniter->startController()
#8 E:\xampp\htdocs\mysite\vendor\codeigniter4\framework\system\CodeIgniter.php(308): CodeIgniter\CodeIgniter->handleRequest(NULL, Object(Config\Cache), false)
#9 E:\xampp\htdocs\mysite\index.php(84): CodeIgniter\CodeIgniter->run()
#10 {main}
CRITICAL - 2020-06-17 03:50:22 --> Declaration of App\Controllers\ApiAuth::delete($id) should be compatible with CodeIgniter\RESTful\ResourceController::delete($id = NULL)
#0 E:\xampp\htdocs\mysite\app\Controllers\ApiAuth.php(7): CodeIgniter\Debug\Exceptions->errorHandler(2, 'Declaration of ...', 'E:\\xampp\\htdocs...', 298, Array)
#1 E:\xampp\htdocs\mysite\vendor\codeigniter4\framework\system\Autoloader\Autoloader.php(365): require_once('E:\\xampp\\htdocs...')
#2 E:\xampp\htdocs\mysite\vendor\codeigniter4\framework\system\Autoloader\Autoloader.php(296): CodeIgniter\Autoloader\Autoloader->requireFile('E:\\xampp\\htdocs...')
#3 E:\xampp\htdocs\mysite\vendor\codeigniter4\framework\system\Autoloader\Autoloader.php(258): CodeIgniter\Autoloader\Autoloader->loadInNamespace('App\\Controllers...')
#4 [internal function]: CodeIgniter\Autoloader\Autoloader->loadClass('App\\Controllers...')
#5 [internal function]: spl_autoload_call('App\\Controllers...')
#6 E:\xampp\htdocs\mysite\vendor\codeigniter4\framework\system\CodeIgniter.php(865): class_exists('\\App\\Controller...', true)
#7 E:\xampp\htdocs\mysite\vendor\codeigniter4\framework\system\CodeIgniter.php(390): CodeIgniter\CodeIgniter->startController()
#8 E:\xampp\htdocs\mysite\vendor\codeigniter4\framework\system\CodeIgniter.php(308): CodeIgniter\CodeIgniter->handleRequest(NULL, Object(Config\Cache), false)
#9 E:\xampp\htdocs\mysite\index.php(84): CodeIgniter\CodeIgniter->run()
#10 {main}
CRITICAL - 2020-06-17 03:50:35 --> Declaration of App\Controllers\ApiAuth::delete($id) should be compatible with CodeIgniter\RESTful\ResourceController::delete($id = NULL)
#0 E:\xampp\htdocs\mysite\app\Controllers\ApiAuth.php(7): CodeIgniter\Debug\Exceptions->errorHandler(2, 'Declaration of ...', 'E:\\xampp\\htdocs...', 298, Array)
#1 E:\xampp\htdocs\mysite\vendor\codeigniter4\framework\system\Autoloader\Autoloader.php(365): require_once('E:\\xampp\\htdocs...')
#2 E:\xampp\htdocs\mysite\vendor\codeigniter4\framework\system\Autoloader\Autoloader.php(296): CodeIgniter\Autoloader\Autoloader->requireFile('E:\\xampp\\htdocs...')
#3 E:\xampp\htdocs\mysite\vendor\codeigniter4\framework\system\Autoloader\Autoloader.php(258): CodeIgniter\Autoloader\Autoloader->loadInNamespace('App\\Controllers...')
#4 [internal function]: CodeIgniter\Autoloader\Autoloader->loadClass('App\\Controllers...')
#5 [internal function]: spl_autoload_call('App\\Controllers...')
#6 E:\xampp\htdocs\mysite\vendor\codeigniter4\framework\system\CodeIgniter.php(865): class_exists('\\App\\Controller...', true)
#7 E:\xampp\htdocs\mysite\vendor\codeigniter4\framework\system\CodeIgniter.php(390): CodeIgniter\CodeIgniter->startController()
#8 E:\xampp\htdocs\mysite\vendor\codeigniter4\framework\system\CodeIgniter.php(308): CodeIgniter\CodeIgniter->handleRequest(NULL, Object(Config\Cache), false)
#9 E:\xampp\htdocs\mysite\index.php(84): CodeIgniter\CodeIgniter->run()
#10 {main}
CRITICAL - 2020-06-17 03:51:24 --> Declaration of App\Controllers\ApiAuth::delete($id) should be compatible with CodeIgniter\RESTful\ResourceController::delete($id = NULL)
#0 E:\xampp\htdocs\mysite\app\Controllers\ApiAuth.php(7): CodeIgniter\Debug\Exceptions->errorHandler(2, 'Declaration of ...', 'E:\\xampp\\htdocs...', 298, Array)
#1 E:\xampp\htdocs\mysite\vendor\codeigniter4\framework\system\Autoloader\Autoloader.php(365): require_once('E:\\xampp\\htdocs...')
#2 E:\xampp\htdocs\mysite\vendor\codeigniter4\framework\system\Autoloader\Autoloader.php(296): CodeIgniter\Autoloader\Autoloader->requireFile('E:\\xampp\\htdocs...')
#3 E:\xampp\htdocs\mysite\vendor\codeigniter4\framework\system\Autoloader\Autoloader.php(258): CodeIgniter\Autoloader\Autoloader->loadInNamespace('App\\Controllers...')
#4 [internal function]: CodeIgniter\Autoloader\Autoloader->loadClass('App\\Controllers...')
#5 [internal function]: spl_autoload_call('App\\Controllers...')
#6 E:\xampp\htdocs\mysite\vendor\codeigniter4\framework\system\CodeIgniter.php(865): class_exists('\\App\\Controller...', true)
#7 E:\xampp\htdocs\mysite\vendor\codeigniter4\framework\system\CodeIgniter.php(390): CodeIgniter\CodeIgniter->startController()
#8 E:\xampp\htdocs\mysite\vendor\codeigniter4\framework\system\CodeIgniter.php(308): CodeIgniter\CodeIgniter->handleRequest(NULL, Object(Config\Cache), false)
#9 E:\xampp\htdocs\mysite\index.php(84): CodeIgniter\CodeIgniter->run()
#10 {main}
CRITICAL - 2020-06-17 03:54:00 --> Declaration of App\Controllers\ApiAuth::delete($id) should be compatible with CodeIgniter\RESTful\ResourceController::delete($id = NULL)
#0 E:\xampp\htdocs\mysite\app\Controllers\ApiAuth.php(7): CodeIgniter\Debug\Exceptions->errorHandler(2, 'Declaration of ...', 'E:\\xampp\\htdocs...', 298, Array)
#1 E:\xampp\htdocs\mysite\vendor\codeigniter4\framework\system\Autoloader\Autoloader.php(365): require_once('E:\\xampp\\htdocs...')
#2 E:\xampp\htdocs\mysite\vendor\codeigniter4\framework\system\Autoloader\Autoloader.php(296): CodeIgniter\Autoloader\Autoloader->requireFile('E:\\xampp\\htdocs...')
#3 E:\xampp\htdocs\mysite\vendor\codeigniter4\framework\system\Autoloader\Autoloader.php(258): CodeIgniter\Autoloader\Autoloader->loadInNamespace('App\\Controllers...')
#4 [internal function]: CodeIgniter\Autoloader\Autoloader->loadClass('App\\Controllers...')
#5 [internal function]: spl_autoload_call('App\\Controllers...')
#6 E:\xampp\htdocs\mysite\vendor\codeigniter4\framework\system\CodeIgniter.php(865): class_exists('\\App\\Controller...', true)
#7 E:\xampp\htdocs\mysite\vendor\codeigniter4\framework\system\CodeIgniter.php(390): CodeIgniter\CodeIgniter->startController()
#8 E:\xampp\htdocs\mysite\vendor\codeigniter4\framework\system\CodeIgniter.php(308): CodeIgniter\CodeIgniter->handleRequest(NULL, Object(Config\Cache), false)
#9 E:\xampp\htdocs\mysite\index.php(84): CodeIgniter\CodeIgniter->run()
#10 {main}
CRITICAL - 2020-06-17 03:54:15 --> Declaration of App\Controllers\ApiAuth::delete($id) should be compatible with CodeIgniter\RESTful\ResourceController::delete($id = NULL)
#0 E:\xampp\htdocs\mysite\app\Controllers\ApiAuth.php(7): CodeIgniter\Debug\Exceptions->errorHandler(2, 'Declaration of ...', 'E:\\xampp\\htdocs...', 298, Array)
#1 E:\xampp\htdocs\mysite\vendor\codeigniter4\framework\system\Autoloader\Autoloader.php(365): require_once('E:\\xampp\\htdocs...')
#2 E:\xampp\htdocs\mysite\vendor\codeigniter4\framework\system\Autoloader\Autoloader.php(296): CodeIgniter\Autoloader\Autoloader->requireFile('E:\\xampp\\htdocs...')
#3 E:\xampp\htdocs\mysite\vendor\codeigniter4\framework\system\Autoloader\Autoloader.php(258): CodeIgniter\Autoloader\Autoloader->loadInNamespace('App\\Controllers...')
#4 [internal function]: CodeIgniter\Autoloader\Autoloader->loadClass('App\\Controllers...')
#5 [internal function]: spl_autoload_call('App\\Controllers...')
#6 E:\xampp\htdocs\mysite\vendor\codeigniter4\framework\system\CodeIgniter.php(865): class_exists('\\App\\Controller...', true)
#7 E:\xampp\htdocs\mysite\vendor\codeigniter4\framework\system\CodeIgniter.php(390): CodeIgniter\CodeIgniter->startController()
#8 E:\xampp\htdocs\mysite\vendor\codeigniter4\framework\system\CodeIgniter.php(308): CodeIgniter\CodeIgniter->handleRequest(NULL, Object(Config\Cache), false)
#9 E:\xampp\htdocs\mysite\index.php(84): CodeIgniter\CodeIgniter->run()
#10 {main}
CRITICAL - 2020-06-17 03:55:05 --> Declaration of App\Controllers\ApiAuth::delete($id) should be compatible with CodeIgniter\RESTful\ResourceController::delete($id = NULL)
#0 E:\xampp\htdocs\mysite\app\Controllers\ApiAuth.php(7): CodeIgniter\Debug\Exceptions->errorHandler(2, 'Declaration of ...', 'E:\\xampp\\htdocs...', 298, Array)
#1 E:\xampp\htdocs\mysite\vendor\codeigniter4\framework\system\Autoloader\Autoloader.php(365): require_once('E:\\xampp\\htdocs...')
#2 E:\xampp\htdocs\mysite\vendor\codeigniter4\framework\system\Autoloader\Autoloader.php(296): CodeIgniter\Autoloader\Autoloader->requireFile('E:\\xampp\\htdocs...')
#3 E:\xampp\htdocs\mysite\vendor\codeigniter4\framework\system\Autoloader\Autoloader.php(258): CodeIgniter\Autoloader\Autoloader->loadInNamespace('App\\Controllers...')
#4 [internal function]: CodeIgniter\Autoloader\Autoloader->loadClass('App\\Controllers...')
#5 [internal function]: spl_autoload_call('App\\Controllers...')
#6 E:\xampp\htdocs\mysite\vendor\codeigniter4\framework\system\CodeIgniter.php(865): class_exists('\\App\\Controller...', true)
#7 E:\xampp\htdocs\mysite\vendor\codeigniter4\framework\system\CodeIgniter.php(390): CodeIgniter\CodeIgniter->startController()
#8 E:\xampp\htdocs\mysite\vendor\codeigniter4\framework\system\CodeIgniter.php(308): CodeIgniter\CodeIgniter->handleRequest(NULL, Object(Config\Cache), false)
#9 E:\xampp\htdocs\mysite\index.php(84): CodeIgniter\CodeIgniter->run()
#10 {main}
CRITICAL - 2020-06-17 03:55:06 --> Declaration of App\Controllers\ApiAuth::delete($id) should be compatible with CodeIgniter\RESTful\ResourceController::delete($id = NULL)
#0 E:\xampp\htdocs\mysite\app\Controllers\ApiAuth.php(7): CodeIgniter\Debug\Exceptions->errorHandler(2, 'Declaration of ...', 'E:\\xampp\\htdocs...', 298, Array)
#1 E:\xampp\htdocs\mysite\vendor\codeigniter4\framework\system\Autoloader\Autoloader.php(365): require_once('E:\\xampp\\htdocs...')
#2 E:\xampp\htdocs\mysite\vendor\codeigniter4\framework\system\Autoloader\Autoloader.php(296): CodeIgniter\Autoloader\Autoloader->requireFile('E:\\xampp\\htdocs...')
#3 E:\xampp\htdocs\mysite\vendor\codeigniter4\framework\system\Autoloader\Autoloader.php(258): CodeIgniter\Autoloader\Autoloader->loadInNamespace('App\\Controllers...')
#4 [internal function]: CodeIgniter\Autoloader\Autoloader->loadClass('App\\Controllers...')
#5 [internal function]: spl_autoload_call('App\\Controllers...')
#6 E:\xampp\htdocs\mysite\vendor\codeigniter4\framework\system\CodeIgniter.php(865): class_exists('\\App\\Controller...', true)
#7 E:\xampp\htdocs\mysite\vendor\codeigniter4\framework\system\CodeIgniter.php(390): CodeIgniter\CodeIgniter->startController()
#8 E:\xampp\htdocs\mysite\vendor\codeigniter4\framework\system\CodeIgniter.php(308): CodeIgniter\CodeIgniter->handleRequest(NULL, Object(Config\Cache), false)
#9 E:\xampp\htdocs\mysite\index.php(84): CodeIgniter\CodeIgniter->run()
#10 {main}
CRITICAL - 2020-06-17 03:56:15 --> Declaration of App\Controllers\ApiAuth::delete($id) should be compatible with CodeIgniter\RESTful\ResourceController::delete($id = NULL)
#0 E:\xampp\htdocs\mysite\app\Controllers\ApiAuth.php(7): CodeIgniter\Debug\Exceptions->errorHandler(2, 'Declaration of ...', 'E:\\xampp\\htdocs...', 298, Array)
#1 E:\xampp\htdocs\mysite\vendor\codeigniter4\framework\system\Autoloader\Autoloader.php(365): require_once('E:\\xampp\\htdocs...')
#2 E:\xampp\htdocs\mysite\vendor\codeigniter4\framework\system\Autoloader\Autoloader.php(296): CodeIgniter\Autoloader\Autoloader->requireFile('E:\\xampp\\htdocs...')
#3 E:\xampp\htdocs\mysite\vendor\codeigniter4\framework\system\Autoloader\Autoloader.php(258): CodeIgniter\Autoloader\Autoloader->loadInNamespace('App\\Controllers...')
#4 [internal function]: CodeIgniter\Autoloader\Autoloader->loadClass('App\\Controllers...')
#5 [internal function]: spl_autoload_call('App\\Controllers...')
#6 E:\xampp\htdocs\mysite\vendor\codeigniter4\framework\system\CodeIgniter.php(865): class_exists('\\App\\Controller...', true)
#7 E:\xampp\htdocs\mysite\vendor\codeigniter4\framework\system\CodeIgniter.php(390): CodeIgniter\CodeIgniter->startController()
#8 E:\xampp\htdocs\mysite\vendor\codeigniter4\framework\system\CodeIgniter.php(308): CodeIgniter\CodeIgniter->handleRequest(NULL, Object(Config\Cache), false)
#9 E:\xampp\htdocs\mysite\index.php(84): CodeIgniter\CodeIgniter->run()
#10 {main}
CRITICAL - 2020-06-17 03:56:22 --> Declaration of App\Controllers\ApiAuth::delete($id) should be compatible with CodeIgniter\RESTful\ResourceController::delete($id = NULL)
#0 E:\xampp\htdocs\mysite\app\Controllers\ApiAuth.php(7): CodeIgniter\Debug\Exceptions->errorHandler(2, 'Declaration of ...', 'E:\\xampp\\htdocs...', 298, Array)
#1 E:\xampp\htdocs\mysite\vendor\codeigniter4\framework\system\Autoloader\Autoloader.php(365): require_once('E:\\xampp\\htdocs...')
#2 E:\xampp\htdocs\mysite\vendor\codeigniter4\framework\system\Autoloader\Autoloader.php(296): CodeIgniter\Autoloader\Autoloader->requireFile('E:\\xampp\\htdocs...')
#3 E:\xampp\htdocs\mysite\vendor\codeigniter4\framework\system\Autoloader\Autoloader.php(258): CodeIgniter\Autoloader\Autoloader->loadInNamespace('App\\Controllers...')
#4 [internal function]: CodeIgniter\Autoloader\Autoloader->loadClass('App\\Controllers...')
#5 [internal function]: spl_autoload_call('App\\Controllers...')
#6 E:\xampp\htdocs\mysite\vendor\codeigniter4\framework\system\CodeIgniter.php(865): class_exists('\\App\\Controller...', true)
#7 E:\xampp\htdocs\mysite\vendor\codeigniter4\framework\system\CodeIgniter.php(390): CodeIgniter\CodeIgniter->startController()
#8 E:\xampp\htdocs\mysite\vendor\codeigniter4\framework\system\CodeIgniter.php(308): CodeIgniter\CodeIgniter->handleRequest(NULL, Object(Config\Cache), false)
#9 E:\xampp\htdocs\mysite\index.php(84): CodeIgniter\CodeIgniter->run()
#10 {main}
CRITICAL - 2020-06-17 03:58:06 --> Declaration of App\Controllers\ApiAuth::delete($id) should be compatible with CodeIgniter\RESTful\ResourceController::delete($id = NULL)
#0 E:\xampp\htdocs\mysite\app\Controllers\ApiAuth.php(7): CodeIgniter\Debug\Exceptions->errorHandler(2, 'Declaration of ...', 'E:\\xampp\\htdocs...', 298, Array)
#1 E:\xampp\htdocs\mysite\vendor\codeigniter4\framework\system\Autoloader\Autoloader.php(365): require_once('E:\\xampp\\htdocs...')
#2 E:\xampp\htdocs\mysite\vendor\codeigniter4\framework\system\Autoloader\Autoloader.php(296): CodeIgniter\Autoloader\Autoloader->requireFile('E:\\xampp\\htdocs...')
#3 E:\xampp\htdocs\mysite\vendor\codeigniter4\framework\system\Autoloader\Autoloader.php(258): CodeIgniter\Autoloader\Autoloader->loadInNamespace('App\\Controllers...')
#4 [internal function]: CodeIgniter\Autoloader\Autoloader->loadClass('App\\Controllers...')
#5 [internal function]: spl_autoload_call('App\\Controllers...')
#6 E:\xampp\htdocs\mysite\vendor\codeigniter4\framework\system\CodeIgniter.php(865): class_exists('\\App\\Controller...', true)
#7 E:\xampp\htdocs\mysite\vendor\codeigniter4\framework\system\CodeIgniter.php(390): CodeIgniter\CodeIgniter->startController()
#8 E:\xampp\htdocs\mysite\vendor\codeigniter4\framework\system\CodeIgniter.php(308): CodeIgniter\CodeIgniter->handleRequest(NULL, Object(Config\Cache), false)
#9 E:\xampp\htdocs\mysite\index.php(84): CodeIgniter\CodeIgniter->run()
#10 {main}
CRITICAL - 2020-06-17 03:58:09 --> Declaration of App\Controllers\ApiAuth::delete($id) should be compatible with CodeIgniter\RESTful\ResourceController::delete($id = NULL)
#0 E:\xampp\htdocs\mysite\app\Controllers\ApiAuth.php(7): CodeIgniter\Debug\Exceptions->errorHandler(2, 'Declaration of ...', 'E:\\xampp\\htdocs...', 298, Array)
#1 E:\xampp\htdocs\mysite\vendor\codeigniter4\framework\system\Autoloader\Autoloader.php(365): require_once('E:\\xampp\\htdocs...')
#2 E:\xampp\htdocs\mysite\vendor\codeigniter4\framework\system\Autoloader\Autoloader.php(296): CodeIgniter\Autoloader\Autoloader->requireFile('E:\\xampp\\htdocs...')
#3 E:\xampp\htdocs\mysite\vendor\codeigniter4\framework\system\Autoloader\Autoloader.php(258): CodeIgniter\Autoloader\Autoloader->loadInNamespace('App\\Controllers...')
#4 [internal function]: CodeIgniter\Autoloader\Autoloader->loadClass('App\\Controllers...')
#5 [internal function]: spl_autoload_call('App\\Controllers...')
#6 E:\xampp\htdocs\mysite\vendor\codeigniter4\framework\system\CodeIgniter.php(865): class_exists('\\App\\Controller...', true)
#7 E:\xampp\htdocs\mysite\vendor\codeigniter4\framework\system\CodeIgniter.php(390): CodeIgniter\CodeIgniter->startController()
#8 E:\xampp\htdocs\mysite\vendor\codeigniter4\framework\system\CodeIgniter.php(308): CodeIgniter\CodeIgniter->handleRequest(NULL, Object(Config\Cache), false)
#9 E:\xampp\htdocs\mysite\index.php(84): CodeIgniter\CodeIgniter->run()
#10 {main}
CRITICAL - 2020-06-17 03:58:37 --> Declaration of App\Controllers\ApiAuth::delete($id) should be compatible with CodeIgniter\RESTful\ResourceController::delete($id = NULL)
#0 E:\xampp\htdocs\mysite\app\Controllers\ApiAuth.php(7): CodeIgniter\Debug\Exceptions->errorHandler(2, 'Declaration of ...', 'E:\\xampp\\htdocs...', 298, Array)
#1 E:\xampp\htdocs\mysite\vendor\codeigniter4\framework\system\Autoloader\Autoloader.php(365): require_once('E:\\xampp\\htdocs...')
#2 E:\xampp\htdocs\mysite\vendor\codeigniter4\framework\system\Autoloader\Autoloader.php(296): CodeIgniter\Autoloader\Autoloader->requireFile('E:\\xampp\\htdocs...')
#3 E:\xampp\htdocs\mysite\vendor\codeigniter4\framework\system\Autoloader\Autoloader.php(258): CodeIgniter\Autoloader\Autoloader->loadInNamespace('App\\Controllers...')
#4 [internal function]: CodeIgniter\Autoloader\Autoloader->loadClass('App\\Controllers...')
#5 [internal function]: spl_autoload_call('App\\Controllers...')
#6 E:\xampp\htdocs\mysite\vendor\codeigniter4\framework\system\CodeIgniter.php(865): class_exists('\\App\\Controller...', true)
#7 E:\xampp\htdocs\mysite\vendor\codeigniter4\framework\system\CodeIgniter.php(390): CodeIgniter\CodeIgniter->startController()
#8 E:\xampp\htdocs\mysite\vendor\codeigniter4\framework\system\CodeIgniter.php(308): CodeIgniter\CodeIgniter->handleRequest(NULL, Object(Config\Cache), false)
#9 E:\xampp\htdocs\mysite\index.php(84): CodeIgniter\CodeIgniter->run()
#10 {main}
CRITICAL - 2020-06-17 03:58:56 --> syntax error, unexpected 'expiretion' (T_STRING)
#0 E:\xampp\htdocs\mysite\vendor\codeigniter4\framework\system\Autoloader\Autoloader.php(296): CodeIgniter\Autoloader\Autoloader->requireFile('E:\\xampp\\htdocs...')
#1 E:\xampp\htdocs\mysite\vendor\codeigniter4\framework\system\Autoloader\Autoloader.php(258): CodeIgniter\Autoloader\Autoloader->loadInNamespace('App\\Controllers...')
#2 [internal function]: CodeIgniter\Autoloader\Autoloader->loadClass('App\\Controllers...')
#3 [internal function]: spl_autoload_call('App\\Controllers...')
#4 E:\xampp\htdocs\mysite\vendor\codeigniter4\framework\system\CodeIgniter.php(865): class_exists('\\App\\Controller...', true)
#5 E:\xampp\htdocs\mysite\vendor\codeigniter4\framework\system\CodeIgniter.php(390): CodeIgniter\CodeIgniter->startController()
#6 E:\xampp\htdocs\mysite\vendor\codeigniter4\framework\system\CodeIgniter.php(308): CodeIgniter\CodeIgniter->handleRequest(NULL, Object(Config\Cache), false)
#7 E:\xampp\htdocs\mysite\index.php(84): CodeIgniter\CodeIgniter->run()
#8 {main}
CRITICAL - 2020-06-17 03:59:14 --> Declaration of App\Controllers\ApiAuth::delete($id) should be compatible with CodeIgniter\RESTful\ResourceController::delete($id = NULL)
#0 E:\xampp\htdocs\mysite\app\Controllers\ApiAuth.php(7): CodeIgniter\Debug\Exceptions->errorHandler(2, 'Declaration of ...', 'E:\\xampp\\htdocs...', 298, Array)
#1 E:\xampp\htdocs\mysite\vendor\codeigniter4\framework\system\Autoloader\Autoloader.php(365): require_once('E:\\xampp\\htdocs...')
#2 E:\xampp\htdocs\mysite\vendor\codeigniter4\framework\system\Autoloader\Autoloader.php(296): CodeIgniter\Autoloader\Autoloader->requireFile('E:\\xampp\\htdocs...')
#3 E:\xampp\htdocs\mysite\vendor\codeigniter4\framework\system\Autoloader\Autoloader.php(258): CodeIgniter\Autoloader\Autoloader->loadInNamespace('App\\Controllers...')
#4 [internal function]: CodeIgniter\Autoloader\Autoloader->loadClass('App\\Controllers...')
#5 [internal function]: spl_autoload_call('App\\Controllers...')
#6 E:\xampp\htdocs\mysite\vendor\codeigniter4\framework\system\CodeIgniter.php(865): class_exists('\\App\\Controller...', true)
#7 E:\xampp\htdocs\mysite\vendor\codeigniter4\framework\system\CodeIgniter.php(390): CodeIgniter\CodeIgniter->startController()
#8 E:\xampp\htdocs\mysite\vendor\codeigniter4\framework\system\CodeIgniter.php(308): CodeIgniter\CodeIgniter->handleRequest(NULL, Object(Config\Cache), false)
#9 E:\xampp\htdocs\mysite\index.php(84): CodeIgniter\CodeIgniter->run()
#10 {main}
CRITICAL - 2020-06-17 04:00:03 --> Declaration of App\Controllers\ApiAuth::delete($id) should be compatible with CodeIgniter\RESTful\ResourceController::delete($id = NULL)
#0 E:\xampp\htdocs\mysite\app\Controllers\ApiAuth.php(7): CodeIgniter\Debug\Exceptions->errorHandler(2, 'Declaration of ...', 'E:\\xampp\\htdocs...', 298, Array)
#1 E:\xampp\htdocs\mysite\vendor\codeigniter4\framework\system\Autoloader\Autoloader.php(365): require_once('E:\\xampp\\htdocs...')
#2 E:\xampp\htdocs\mysite\vendor\codeigniter4\framework\system\Autoloader\Autoloader.php(296): CodeIgniter\Autoloader\Autoloader->requireFile('E:\\xampp\\htdocs...')
#3 E:\xampp\htdocs\mysite\vendor\codeigniter4\framework\system\Autoloader\Autoloader.php(258): CodeIgniter\Autoloader\Autoloader->loadInNamespace('App\\Controllers...')
#4 [internal function]: CodeIgniter\Autoloader\Autoloader->loadClass('App\\Controllers...')
#5 [internal function]: spl_autoload_call('App\\Controllers...')
#6 E:\xampp\htdocs\mysite\vendor\codeigniter4\framework\system\CodeIgniter.php(865): class_exists('\\App\\Controller...', true)
#7 E:\xampp\htdocs\mysite\vendor\codeigniter4\framework\system\CodeIgniter.php(390): CodeIgniter\CodeIgniter->startController()
#8 E:\xampp\htdocs\mysite\vendor\codeigniter4\framework\system\CodeIgniter.php(308): CodeIgniter\CodeIgniter->handleRequest(NULL, Object(Config\Cache), false)
#9 E:\xampp\htdocs\mysite\index.php(84): CodeIgniter\CodeIgniter->run()
#10 {main}
CRITICAL - 2020-06-17 04:00:23 --> Declaration of App\Controllers\ApiAuth::delete($id) should be compatible with CodeIgniter\RESTful\ResourceController::delete($id = NULL)
#0 E:\xampp\htdocs\mysite\app\Controllers\ApiAuth.php(7): CodeIgniter\Debug\Exceptions->errorHandler(2, 'Declaration of ...', 'E:\\xampp\\htdocs...', 297, Array)
#1 E:\xampp\htdocs\mysite\vendor\codeigniter4\framework\system\Autoloader\Autoloader.php(365): require_once('E:\\xampp\\htdocs...')
#2 E:\xampp\htdocs\mysite\vendor\codeigniter4\framework\system\Autoloader\Autoloader.php(296): CodeIgniter\Autoloader\Autoloader->requireFile('E:\\xampp\\htdocs...')
#3 E:\xampp\htdocs\mysite\vendor\codeigniter4\framework\system\Autoloader\Autoloader.php(258): CodeIgniter\Autoloader\Autoloader->loadInNamespace('App\\Controllers...')
#4 [internal function]: CodeIgniter\Autoloader\Autoloader->loadClass('App\\Controllers...')
#5 [internal function]: spl_autoload_call('App\\Controllers...')
#6 E:\xampp\htdocs\mysite\vendor\codeigniter4\framework\system\CodeIgniter.php(865): class_exists('\\App\\Controller...', true)
#7 E:\xampp\htdocs\mysite\vendor\codeigniter4\framework\system\CodeIgniter.php(390): CodeIgniter\CodeIgniter->startController()
#8 E:\xampp\htdocs\mysite\vendor\codeigniter4\framework\system\CodeIgniter.php(308): CodeIgniter\CodeIgniter->handleRequest(NULL, Object(Config\Cache), false)
#9 E:\xampp\htdocs\mysite\index.php(84): CodeIgniter\CodeIgniter->run()
#10 {main}
CRITICAL - 2020-06-17 04:00:46 --> Declaration of App\Controllers\ApiAuth::delete($id) should be compatible with CodeIgniter\RESTful\ResourceController::delete($id = NULL)
#0 E:\xampp\htdocs\mysite\app\Controllers\ApiAuth.php(7): CodeIgniter\Debug\Exceptions->errorHandler(2, 'Declaration of ...', 'E:\\xampp\\htdocs...', 298, Array)
#1 E:\xampp\htdocs\mysite\vendor\codeigniter4\framework\system\Autoloader\Autoloader.php(365): require_once('E:\\xampp\\htdocs...')
#2 E:\xampp\htdocs\mysite\vendor\codeigniter4\framework\system\Autoloader\Autoloader.php(296): CodeIgniter\Autoloader\Autoloader->requireFile('E:\\xampp\\htdocs...')
#3 E:\xampp\htdocs\mysite\vendor\codeigniter4\framework\system\Autoloader\Autoloader.php(258): CodeIgniter\Autoloader\Autoloader->loadInNamespace('App\\Controllers...')
#4 [internal function]: CodeIgniter\Autoloader\Autoloader->loadClass('App\\Controllers...')
#5 [internal function]: spl_autoload_call('App\\Controllers...')
#6 E:\xampp\htdocs\mysite\vendor\codeigniter4\framework\system\CodeIgniter.php(865): class_exists('\\App\\Controller...', true)
#7 E:\xampp\htdocs\mysite\vendor\codeigniter4\framework\system\CodeIgniter.php(390): CodeIgniter\CodeIgniter->startController()
#8 E:\xampp\htdocs\mysite\vendor\codeigniter4\framework\system\CodeIgniter.php(308): CodeIgniter\CodeIgniter->handleRequest(NULL, Object(Config\Cache), false)
#9 E:\xampp\htdocs\mysite\index.php(84): CodeIgniter\CodeIgniter->run()
#10 {main}
CRITICAL - 2020-06-17 04:11:37 --> Class 'App\Libraries\Encryption' not found
#0 E:\xampp\htdocs\mysite\vendor\codeigniter4\framework\system\CodeIgniter.php(914): App\Controllers\ApiAuth->forget_password()
#1 E:\xampp\htdocs\mysite\vendor\codeigniter4\framework\system\CodeIgniter.php(400): CodeIgniter\CodeIgniter->runController(Object(App\Controllers\ApiAuth))
#2 E:\xampp\htdocs\mysite\vendor\codeigniter4\framework\system\CodeIgniter.php(308): CodeIgniter\CodeIgniter->handleRequest(NULL, Object(Config\Cache), false)
#3 E:\xampp\htdocs\mysite\index.php(84): CodeIgniter\CodeIgniter->run()
#4 {main}
CRITICAL - 2020-06-17 04:11:39 --> Class 'App\Libraries\Encryption' not found
#0 E:\xampp\htdocs\mysite\vendor\codeigniter4\framework\system\CodeIgniter.php(914): App\Controllers\ApiAuth->forget_password()
#1 E:\xampp\htdocs\mysite\vendor\codeigniter4\framework\system\CodeIgniter.php(400): CodeIgniter\CodeIgniter->runController(Object(App\Controllers\ApiAuth))
#2 E:\xampp\htdocs\mysite\vendor\codeigniter4\framework\system\CodeIgniter.php(308): CodeIgniter\CodeIgniter->handleRequest(NULL, Object(Config\Cache), false)
#3 E:\xampp\htdocs\mysite\index.php(84): CodeIgniter\CodeIgniter->run()
#4 {main}
CRITICAL - 2020-06-17 04:11:51 --> Call to a member function encryptor() on null
#0 E:\xampp\htdocs\mysite\vendor\codeigniter4\framework\system\CodeIgniter.php(914): App\Controllers\ApiAuth->forget_password()
#1 E:\xampp\htdocs\mysite\vendor\codeigniter4\framework\system\CodeIgniter.php(400): CodeIgniter\CodeIgniter->runController(Object(App\Controllers\ApiAuth))
#2 E:\xampp\htdocs\mysite\vendor\codeigniter4\framework\system\CodeIgniter.php(308): CodeIgniter\CodeIgniter->handleRequest(NULL, Object(Config\Cache), false)
#3 E:\xampp\htdocs\mysite\index.php(84): CodeIgniter\CodeIgniter->run()
#4 {main}
CRITICAL - 2020-06-17 04:27:05 --> Class 'App\Libraries\Encryption' not found
#0 E:\xampp\htdocs\mysite\vendor\codeigniter4\framework\system\CodeIgniter.php(914): App\Controllers\ApiAuth->forget_password()
#1 E:\xampp\htdocs\mysite\vendor\codeigniter4\framework\system\CodeIgniter.php(400): CodeIgniter\CodeIgniter->runController(Object(App\Controllers\ApiAuth))
#2 E:\xampp\htdocs\mysite\vendor\codeigniter4\framework\system\CodeIgniter.php(308): CodeIgniter\CodeIgniter->handleRequest(NULL, Object(Config\Cache), false)
#3 E:\xampp\htdocs\mysite\index.php(84): CodeIgniter\CodeIgniter->run()
#4 {main}
CRITICAL - 2020-06-17 04:27:14 --> Class 'App\Libraries\Encryption' not found
#0 E:\xampp\htdocs\mysite\vendor\codeigniter4\framework\system\CodeIgniter.php(914): App\Controllers\ApiAuth->forget_password()
#1 E:\xampp\htdocs\mysite\vendor\codeigniter4\framework\system\CodeIgniter.php(400): CodeIgniter\CodeIgniter->runController(Object(App\Controllers\ApiAuth))
#2 E:\xampp\htdocs\mysite\vendor\codeigniter4\framework\system\CodeIgniter.php(308): CodeIgniter\CodeIgniter->handleRequest(NULL, Object(Config\Cache), false)
#3 E:\xampp\htdocs\mysite\index.php(84): CodeIgniter\CodeIgniter->run()
#4 {main}
CRITICAL - 2020-06-17 04:31:11 --> syntax error, unexpected 'expiretion' (T_STRING)
#0 E:\xampp\htdocs\mysite\vendor\codeigniter4\framework\system\Autoloader\Autoloader.php(296): CodeIgniter\Autoloader\Autoloader->requireFile('E:\\xampp\\htdocs...')
#1 E:\xampp\htdocs\mysite\vendor\codeigniter4\framework\system\Autoloader\Autoloader.php(258): CodeIgniter\Autoloader\Autoloader->loadInNamespace('App\\Controllers...')
#2 [internal function]: CodeIgniter\Autoloader\Autoloader->loadClass('App\\Controllers...')
#3 [internal function]: spl_autoload_call('App\\Controllers...')
#4 E:\xampp\htdocs\mysite\vendor\codeigniter4\framework\system\CodeIgniter.php(865): class_exists('\\App\\Controller...', true)
#5 E:\xampp\htdocs\mysite\vendor\codeigniter4\framework\system\CodeIgniter.php(390): CodeIgniter\CodeIgniter->startController()
#6 E:\xampp\htdocs\mysite\vendor\codeigniter4\framework\system\CodeIgniter.php(308): CodeIgniter\CodeIgniter->handleRequest(NULL, Object(Config\Cache), false)
#7 E:\xampp\htdocs\mysite\index.php(84): CodeIgniter\CodeIgniter->run()
#8 {main}
CRITICAL - 2020-06-17 04:31:13 --> syntax error, unexpected 'expiretion' (T_STRING)
#0 E:\xampp\htdocs\mysite\vendor\codeigniter4\framework\system\Autoloader\Autoloader.php(296): CodeIgniter\Autoloader\Autoloader->requireFile('E:\\xampp\\htdocs...')
#1 E:\xampp\htdocs\mysite\vendor\codeigniter4\framework\system\Autoloader\Autoloader.php(258): CodeIgniter\Autoloader\Autoloader->loadInNamespace('App\\Controllers...')
#2 [internal function]: CodeIgniter\Autoloader\Autoloader->loadClass('App\\Controllers...')
#3 [internal function]: spl_autoload_call('App\\Controllers...')
#4 E:\xampp\htdocs\mysite\vendor\codeigniter4\framework\system\CodeIgniter.php(865): class_exists('\\App\\Controller...', true)
#5 E:\xampp\htdocs\mysite\vendor\codeigniter4\framework\system\CodeIgniter.php(390): CodeIgniter\CodeIgniter->startController()
#6 E:\xampp\htdocs\mysite\vendor\codeigniter4\framework\system\CodeIgniter.php(308): CodeIgniter\CodeIgniter->handleRequest(NULL, Object(Config\Cache), false)
#7 E:\xampp\htdocs\mysite\index.php(84): CodeIgniter\CodeIgniter->run()
#8 {main}
CRITICAL - 2020-06-17 04:32:14 --> syntax error, unexpected 'expiretion' (T_STRING)
#0 E:\xampp\htdocs\mysite\vendor\codeigniter4\framework\system\Autoloader\Autoloader.php(296): CodeIgniter\Autoloader\Autoloader->requireFile('E:\\xampp\\htdocs...')
#1 E:\xampp\htdocs\mysite\vendor\codeigniter4\framework\system\Autoloader\Autoloader.php(258): CodeIgniter\Autoloader\Autoloader->loadInNamespace('App\\Controllers...')
#2 [internal function]: CodeIgniter\Autoloader\Autoloader->loadClass('App\\Controllers...')
#3 [internal function]: spl_autoload_call('App\\Controllers...')
#4 E:\xampp\htdocs\mysite\vendor\codeigniter4\framework\system\CodeIgniter.php(865): class_exists('\\App\\Controller...', true)
#5 E:\xampp\htdocs\mysite\vendor\codeigniter4\framework\system\CodeIgniter.php(390): CodeIgniter\CodeIgniter->startController()
#6 E:\xampp\htdocs\mysite\vendor\codeigniter4\framework\system\CodeIgniter.php(308): CodeIgniter\CodeIgniter->handleRequest(NULL, Object(Config\Cache), false)
#7 E:\xampp\htdocs\mysite\index.php(84): CodeIgniter\CodeIgniter->run()
#8 {main}
CRITICAL - 2020-06-17 04:32:25 --> Call to a member function encryptor() on null
#0 E:\xampp\htdocs\mysite\vendor\codeigniter4\framework\system\CodeIgniter.php(914): App\Controllers\ApiAuth->forget_password()
#1 E:\xampp\htdocs\mysite\vendor\codeigniter4\framework\system\CodeIgniter.php(400): CodeIgniter\CodeIgniter->runController(Object(App\Controllers\ApiAuth))
#2 E:\xampp\htdocs\mysite\vendor\codeigniter4\framework\system\CodeIgniter.php(308): CodeIgniter\CodeIgniter->handleRequest(NULL, Object(Config\Cache), false)
#3 E:\xampp\htdocs\mysite\index.php(84): CodeIgniter\CodeIgniter->run()
#4 {main}
CRITICAL - 2020-06-17 04:37:12 --> Too few arguments to function App\Controllers\Auth::forget_password(), 0 passed in E:\xampp\htdocs\mysite\vendor\codeigniter4\framework\system\CodeIgniter.php on line 914 and exactly 2 expected
#0 E:\xampp\htdocs\mysite\vendor\codeigniter4\framework\system\CodeIgniter.php(914): App\Controllers\Auth->forget_password()
#1 E:\xampp\htdocs\mysite\vendor\codeigniter4\framework\system\CodeIgniter.php(400): CodeIgniter\CodeIgniter->runController(Object(App\Controllers\Auth))
#2 E:\xampp\htdocs\mysite\vendor\codeigniter4\framework\system\CodeIgniter.php(308): CodeIgniter\CodeIgniter->handleRequest(NULL, Object(Config\Cache), false)
#3 E:\xampp\htdocs\mysite\index.php(84): CodeIgniter\CodeIgniter->run()
#4 {main}
CRITICAL - 2020-06-17 08:09:18 --> syntax error, unexpected 'return' (T_RETURN)
#0 E:\xampp\htdocs\mysite\vendor\codeigniter4\framework\system\Autoloader\Autoloader.php(296): CodeIgniter\Autoloader\Autoloader->requireFile('E:\\xampp\\htdocs...')
#1 E:\xampp\htdocs\mysite\vendor\codeigniter4\framework\system\Autoloader\Autoloader.php(258): CodeIgniter\Autoloader\Autoloader->loadInNamespace('App\\Controllers...')
#2 [internal function]: CodeIgniter\Autoloader\Autoloader->loadClass('App\\Controllers...')
#3 [internal function]: spl_autoload_call('App\\Controllers...')
#4 E:\xampp\htdocs\mysite\vendor\codeigniter4\framework\system\CodeIgniter.php(865): class_exists('\\App\\Controller...', true)
#5 E:\xampp\htdocs\mysite\vendor\codeigniter4\framework\system\CodeIgniter.php(390): CodeIgniter\CodeIgniter->startController()
#6 E:\xampp\htdocs\mysite\vendor\codeigniter4\framework\system\CodeIgniter.php(308): CodeIgniter\CodeIgniter->handleRequest(NULL, Object(Config\Cache), false)
#7 E:\xampp\htdocs\mysite\index.php(84): CodeIgniter\CodeIgniter->run()
#8 {main}
CRITICAL - 2020-06-17 08:09:19 --> syntax error, unexpected 'return' (T_RETURN)
#0 E:\xampp\htdocs\mysite\vendor\codeigniter4\framework\system\Autoloader\Autoloader.php(296): CodeIgniter\Autoloader\Autoloader->requireFile('E:\\xampp\\htdocs...')
#1 E:\xampp\htdocs\mysite\vendor\codeigniter4\framework\system\Autoloader\Autoloader.php(258): CodeIgniter\Autoloader\Autoloader->loadInNamespace('App\\Controllers...')
#2 [internal function]: CodeIgniter\Autoloader\Autoloader->loadClass('App\\Controllers...')
#3 [internal function]: spl_autoload_call('App\\Controllers...')
#4 E:\xampp\htdocs\mysite\vendor\codeigniter4\framework\system\CodeIgniter.php(865): class_exists('\\App\\Controller...', true)
#5 E:\xampp\htdocs\mysite\vendor\codeigniter4\framework\system\CodeIgniter.php(390): CodeIgniter\CodeIgniter->startController()
#6 E:\xampp\htdocs\mysite\vendor\codeigniter4\framework\system\CodeIgniter.php(308): CodeIgniter\CodeIgniter->handleRequest(NULL, Object(Config\Cache), false)
#7 E:\xampp\htdocs\mysite\index.php(84): CodeIgniter\CodeIgniter->run()
#8 {main}
CRITICAL - 2020-06-17 08:09:25 --> syntax error, unexpected 'return' (T_RETURN)
#0 E:\xampp\htdocs\mysite\vendor\codeigniter4\framework\system\Autoloader\Autoloader.php(296): CodeIgniter\Autoloader\Autoloader->requireFile('E:\\xampp\\htdocs...')
#1 E:\xampp\htdocs\mysite\vendor\codeigniter4\framework\system\Autoloader\Autoloader.php(258): CodeIgniter\Autoloader\Autoloader->loadInNamespace('App\\Controllers...')
#2 [internal function]: CodeIgniter\Autoloader\Autoloader->loadClass('App\\Controllers...')
#3 [internal function]: spl_autoload_call('App\\Controllers...')
#4 E:\xampp\htdocs\mysite\vendor\codeigniter4\framework\system\CodeIgniter.php(865): class_exists('\\App\\Controller...', true)
#5 E:\xampp\htdocs\mysite\vendor\codeigniter4\framework\system\CodeIgniter.php(390): CodeIgniter\CodeIgniter->startController()
#6 E:\xampp\htdocs\mysite\vendor\codeigniter4\framework\system\CodeIgniter.php(308): CodeIgniter\CodeIgniter->handleRequest(NULL, Object(Config\Cache), false)
#7 E:\xampp\htdocs\mysite\index.php(84): CodeIgniter\CodeIgniter->run()
#8 {main}
CRITICAL - 2020-06-17 08:10:22 --> syntax error, unexpected 'return' (T_RETURN)
#0 E:\xampp\htdocs\mysite\vendor\codeigniter4\framework\system\Autoloader\Autoloader.php(296): CodeIgniter\Autoloader\Autoloader->requireFile('E:\\xampp\\htdocs...')
#1 E:\xampp\htdocs\mysite\vendor\codeigniter4\framework\system\Autoloader\Autoloader.php(258): CodeIgniter\Autoloader\Autoloader->loadInNamespace('App\\Controllers...')
#2 [internal function]: CodeIgniter\Autoloader\Autoloader->loadClass('App\\Controllers...')
#3 [internal function]: spl_autoload_call('App\\Controllers...')
#4 E:\xampp\htdocs\mysite\vendor\codeigniter4\framework\system\CodeIgniter.php(865): class_exists('\\App\\Controller...', true)
#5 E:\xampp\htdocs\mysite\vendor\codeigniter4\framework\system\CodeIgniter.php(390): CodeIgniter\CodeIgniter->startController()
#6 E:\xampp\htdocs\mysite\vendor\codeigniter4\framework\system\CodeIgniter.php(308): CodeIgniter\CodeIgniter->handleRequest(NULL, Object(Config\Cache), false)
#7 E:\xampp\htdocs\mysite\index.php(84): CodeIgniter\CodeIgniter->run()
#8 {main}
CRITICAL - 2020-06-17 08:10:24 --> syntax error, unexpected 'return' (T_RETURN)
#0 E:\xampp\htdocs\mysite\vendor\codeigniter4\framework\system\Autoloader\Autoloader.php(296): CodeIgniter\Autoloader\Autoloader->requireFile('E:\\xampp\\htdocs...')
#1 E:\xampp\htdocs\mysite\vendor\codeigniter4\framework\system\Autoloader\Autoloader.php(258): CodeIgniter\Autoloader\Autoloader->loadInNamespace('App\\Controllers...')
#2 [internal function]: CodeIgniter\Autoloader\Autoloader->loadClass('App\\Controllers...')
#3 [internal function]: spl_autoload_call('App\\Controllers...')
#4 E:\xampp\htdocs\mysite\vendor\codeigniter4\framework\system\CodeIgniter.php(865): class_exists('\\App\\Controller...', true)
#5 E:\xampp\htdocs\mysite\vendor\codeigniter4\framework\system\CodeIgniter.php(390): CodeIgniter\CodeIgniter->startController()
#6 E:\xampp\htdocs\mysite\vendor\codeigniter4\framework\system\CodeIgniter.php(308): CodeIgniter\CodeIgniter->handleRequest(NULL, Object(Config\Cache), false)
#7 E:\xampp\htdocs\mysite\index.php(84): CodeIgniter\CodeIgniter->run()
#8 {main}
CRITICAL - 2020-06-17 08:19:15 --> syntax error, unexpected 'return' (T_RETURN)
#0 E:\xampp\htdocs\mysite\vendor\codeigniter4\framework\system\Autoloader\Autoloader.php(296): CodeIgniter\Autoloader\Autoloader->requireFile('E:\\xampp\\htdocs...')
#1 E:\xampp\htdocs\mysite\vendor\codeigniter4\framework\system\Autoloader\Autoloader.php(258): CodeIgniter\Autoloader\Autoloader->loadInNamespace('App\\Controllers...')
#2 [internal function]: CodeIgniter\Autoloader\Autoloader->loadClass('App\\Controllers...')
#3 [internal function]: spl_autoload_call('App\\Controllers...')
#4 E:\xampp\htdocs\mysite\vendor\codeigniter4\framework\system\CodeIgniter.php(865): class_exists('\\App\\Controller...', true)
#5 E:\xampp\htdocs\mysite\vendor\codeigniter4\framework\system\CodeIgniter.php(390): CodeIgniter\CodeIgniter->startController()
#6 E:\xampp\htdocs\mysite\vendor\codeigniter4\framework\system\CodeIgniter.php(308): CodeIgniter\CodeIgniter->handleRequest(NULL, Object(Config\Cache), false)
#7 E:\xampp\htdocs\mysite\index.php(84): CodeIgniter\CodeIgniter->run()
#8 {main}
CRITICAL - 2020-06-17 08:19:17 --> syntax error, unexpected 'return' (T_RETURN)
#0 E:\xampp\htdocs\mysite\vendor\codeigniter4\framework\system\Autoloader\Autoloader.php(296): CodeIgniter\Autoloader\Autoloader->requireFile('E:\\xampp\\htdocs...')
#1 E:\xampp\htdocs\mysite\vendor\codeigniter4\framework\system\Autoloader\Autoloader.php(258): CodeIgniter\Autoloader\Autoloader->loadInNamespace('App\\Controllers...')
#2 [internal function]: CodeIgniter\Autoloader\Autoloader->loadClass('App\\Controllers...')
#3 [internal function]: spl_autoload_call('App\\Controllers...')
#4 E:\xampp\htdocs\mysite\vendor\codeigniter4\framework\system\CodeIgniter.php(865): class_exists('\\App\\Controller...', true)
#5 E:\xampp\htdocs\mysite\vendor\codeigniter4\framework\system\CodeIgniter.php(390): CodeIgniter\CodeIgniter->startController()
#6 E:\xampp\htdocs\mysite\vendor\codeigniter4\framework\system\CodeIgniter.php(308): CodeIgniter\CodeIgniter->handleRequest(NULL, Object(Config\Cache), false)
#7 E:\xampp\htdocs\mysite\index.php(84): CodeIgniter\CodeIgniter->run()
#8 {main}
CRITICAL - 2020-06-17 08:19:45 --> syntax error, unexpected 'return' (T_RETURN)
#0 E:\xampp\htdocs\mysite\vendor\codeigniter4\framework\system\Autoloader\Autoloader.php(296): CodeIgniter\Autoloader\Autoloader->requireFile('E:\\xampp\\htdocs...')
#1 E:\xampp\htdocs\mysite\vendor\codeigniter4\framework\system\Autoloader\Autoloader.php(258): CodeIgniter\Autoloader\Autoloader->loadInNamespace('App\\Controllers...')
#2 [internal function]: CodeIgniter\Autoloader\Autoloader->loadClass('App\\Controllers...')
#3 [internal function]: spl_autoload_call('App\\Controllers...')
#4 E:\xampp\htdocs\mysite\vendor\codeigniter4\framework\system\CodeIgniter.php(865): class_exists('\\App\\Controller...', true)
#5 E:\xampp\htdocs\mysite\vendor\codeigniter4\framework\system\CodeIgniter.php(390): CodeIgniter\CodeIgniter->startController()
#6 E:\xampp\htdocs\mysite\vendor\codeigniter4\framework\system\CodeIgniter.php(308): CodeIgniter\CodeIgniter->handleRequest(NULL, Object(Config\Cache), false)
#7 E:\xampp\htdocs\mysite\index.php(84): CodeIgniter\CodeIgniter->run()
#8 {main}
CRITICAL - 2020-06-17 08:19:50 --> syntax error, unexpected 'return' (T_RETURN)
#0 E:\xampp\htdocs\mysite\vendor\codeigniter4\framework\system\Autoloader\Autoloader.php(296): CodeIgniter\Autoloader\Autoloader->requireFile('E:\\xampp\\htdocs...')
#1 E:\xampp\htdocs\mysite\vendor\codeigniter4\framework\system\Autoloader\Autoloader.php(258): CodeIgniter\Autoloader\Autoloader->loadInNamespace('App\\Controllers...')
#2 [internal function]: CodeIgniter\Autoloader\Autoloader->loadClass('App\\Controllers...')
#3 [internal function]: spl_autoload_call('App\\Controllers...')
#4 E:\xampp\htdocs\mysite\vendor\codeigniter4\framework\system\CodeIgniter.php(865): class_exists('\\App\\Controller...', true)
#5 E:\xampp\htdocs\mysite\vendor\codeigniter4\framework\system\CodeIgniter.php(390): CodeIgniter\CodeIgniter->startController()
#6 E:\xampp\htdocs\mysite\vendor\codeigniter4\framework\system\CodeIgniter.php(308): CodeIgniter\CodeIgniter->handleRequest(NULL, Object(Config\Cache), false)
#7 E:\xampp\htdocs\mysite\index.php(84): CodeIgniter\CodeIgniter->run()
#8 {main}
CRITICAL - 2020-06-17 08:19:56 --> syntax error, unexpected 'return' (T_RETURN)
#0 E:\xampp\htdocs\mysite\vendor\codeigniter4\framework\system\Autoloader\Autoloader.php(296): CodeIgniter\Autoloader\Autoloader->requireFile('E:\\xampp\\htdocs...')
#1 E:\xampp\htdocs\mysite\vendor\codeigniter4\framework\system\Autoloader\Autoloader.php(258): CodeIgniter\Autoloader\Autoloader->loadInNamespace('App\\Controllers...')
#2 [internal function]: CodeIgniter\Autoloader\Autoloader->loadClass('App\\Controllers...')
#3 [internal function]: spl_autoload_call('App\\Controllers...')
#4 E:\xampp\htdocs\mysite\vendor\codeigniter4\framework\system\CodeIgniter.php(865): class_exists('\\App\\Controller...', true)
#5 E:\xampp\htdocs\mysite\vendor\codeigniter4\framework\system\CodeIgniter.php(390): CodeIgniter\CodeIgniter->startController()
#6 E:\xampp\htdocs\mysite\vendor\codeigniter4\framework\system\CodeIgniter.php(308): CodeIgniter\CodeIgniter->handleRequest(NULL, Object(Config\Cache), false)
#7 E:\xampp\htdocs\mysite\index.php(84): CodeIgniter\CodeIgniter->run()
#8 {main}
