CRITICAL - 2020-10-13 04:02:19 --> unlink(E:\wamp64\www\policy-master\writable\debugbar/debugbar_1601813353.json): Resource temporarily unavailable
#0 [internal function]: CodeIgniter\Debug\Exceptions->errorHandler(2, 'unlink(E:\\wamp6...', 'E:\\wamp64\\www\\p...', 106, Array)
#1 E:\wamp64\www\policy-master\vendor\codeigniter4\framework\system\Debug\Toolbar\Collectors\History.php(106): unlink('E:\\wamp64\\www\\p...')
#2 E:\wamp64\www\policy-master\vendor\codeigniter4\framework\system\Debug\Toolbar.php(483): CodeIgniter\Debug\Toolbar\Collectors\History->setFiles(1602579737, 20)
#3 E:\wamp64\www\policy-master\vendor\codeigniter4\framework\system\Debug\Toolbar.php(455): CodeIgniter\Debug\Toolbar->format(Array, 'html')
#4 E:\wamp64\www\policy-master\app\Config\Events.php(44): CodeIgniter\Debug\Toolbar->respond()
#5 [internal function]: CodeIgniter\Events\Events::Config\{closure}()
#6 E:\wamp64\www\policy-master\vendor\codeigniter4\framework\system\Events\Events.php(188): call_user_func(Object(Closure))
#7 E:\wamp64\www\policy-master\vendor\codeigniter4\framework\system\CodeIgniter.php(289): CodeIgniter\Events\Events::trigger('pre_system')
#8 E:\wamp64\www\policy-master\index.php(84): CodeIgniter\CodeIgniter->run()
#9 {main}
CRITICAL - 2020-10-13 04:16:57 --> Invalid argument supplied for foreach()
#0 E:\wamp64\www\policy-master\app\Views\quotation\display.php(312): CodeIgniter\Debug\Exceptions->errorHandler(2, 'Invalid argumen...', 'E:\\wamp64\\www\\p...', 312, Array)
#1 E:\wamp64\www\policy-master\vendor\codeigniter4\framework\system\View\View.php(246): include('E:\\wamp64\\www\\p...')
#2 E:\wamp64\www\policy-master\vendor\codeigniter4\framework\system\Common.php(1087): CodeIgniter\View\View->render('quotation/displ...', Array, true)
#3 E:\wamp64\www\policy-master\app\Controllers\BaseController.php(62): view('quotation/displ...', Array)
#4 E:\wamp64\www\policy-master\app\Controllers\InsuranceQuotation.php(359): App\Controllers\BaseController->render_page('quotation/displ...', Array)
#5 E:\wamp64\www\policy-master\vendor\codeigniter4\framework\system\CodeIgniter.php(914): App\Controllers\InsuranceQuotation->profile('2', 'dist', 'img', 'user1-128x128.j...')
#6 E:\wamp64\www\policy-master\vendor\codeigniter4\framework\system\CodeIgniter.php(400): CodeIgniter\CodeIgniter->runController(Object(App\Controllers\InsuranceQuotation))
#7 E:\wamp64\www\policy-master\vendor\codeigniter4\framework\system\CodeIgniter.php(308): CodeIgniter\CodeIgniter->handleRequest(NULL, Object(Config\Cache), false)
#8 E:\wamp64\www\policy-master\index.php(84): CodeIgniter\CodeIgniter->run()
#9 {main}
CRITICAL - 2020-10-13 04:16:57 --> Invalid argument supplied for foreach()
#0 E:\wamp64\www\policy-master\app\Views\quotation\display.php(312): CodeIgniter\Debug\Exceptions->errorHandler(2, 'Invalid argumen...', 'E:\\wamp64\\www\\p...', 312, Array)
#1 E:\wamp64\www\policy-master\vendor\codeigniter4\framework\system\View\View.php(246): include('E:\\wamp64\\www\\p...')
#2 E:\wamp64\www\policy-master\vendor\codeigniter4\framework\system\Common.php(1087): CodeIgniter\View\View->render('quotation/displ...', Array, true)
#3 E:\wamp64\www\policy-master\app\Controllers\BaseController.php(62): view('quotation/displ...', Array)
#4 E:\wamp64\www\policy-master\app\Controllers\InsuranceQuotation.php(359): App\Controllers\BaseController->render_page('quotation/displ...', Array)
#5 E:\wamp64\www\policy-master\vendor\codeigniter4\framework\system\CodeIgniter.php(914): App\Controllers\InsuranceQuotation->profile('2', 'dist', 'img', 'user8-128x128.j...')
#6 E:\wamp64\www\policy-master\vendor\codeigniter4\framework\system\CodeIgniter.php(400): CodeIgniter\CodeIgniter->runController(Object(App\Controllers\InsuranceQuotation))
#7 E:\wamp64\www\policy-master\vendor\codeigniter4\framework\system\CodeIgniter.php(308): CodeIgniter\CodeIgniter->handleRequest(NULL, Object(Config\Cache), false)
#8 E:\wamp64\www\policy-master\index.php(84): CodeIgniter\CodeIgniter->run()
#9 {main}
CRITICAL - 2020-10-13 04:16:57 --> Invalid argument supplied for foreach()
#0 E:\wamp64\www\policy-master\app\Views\quotation\display.php(312): CodeIgniter\Debug\Exceptions->errorHandler(2, 'Invalid argumen...', 'E:\\wamp64\\www\\p...', 312, Array)
#1 E:\wamp64\www\policy-master\vendor\codeigniter4\framework\system\View\View.php(246): include('E:\\wamp64\\www\\p...')
#2 E:\wamp64\www\policy-master\vendor\codeigniter4\framework\system\Common.php(1087): CodeIgniter\View\View->render('quotation/displ...', Array, true)
#3 E:\wamp64\www\policy-master\app\Controllers\BaseController.php(62): view('quotation/displ...', Array)
#4 E:\wamp64\www\policy-master\app\Controllers\InsuranceQuotation.php(359): App\Controllers\BaseController->render_page('quotation/displ...', Array)
#5 E:\wamp64\www\policy-master\vendor\codeigniter4\framework\system\CodeIgniter.php(914): App\Controllers\InsuranceQuotation->profile('2', 'dist', 'img', 'user3-128x128.j...')
#6 E:\wamp64\www\policy-master\vendor\codeigniter4\framework\system\CodeIgniter.php(400): CodeIgniter\CodeIgniter->runController(Object(App\Controllers\InsuranceQuotation))
#7 E:\wamp64\www\policy-master\vendor\codeigniter4\framework\system\CodeIgniter.php(308): CodeIgniter\CodeIgniter->handleRequest(NULL, Object(Config\Cache), false)
#8 E:\wamp64\www\policy-master\index.php(84): CodeIgniter\CodeIgniter->run()
#9 {main}
CRITICAL - 2020-10-13 07:21:37 --> Invalid argument supplied for foreach()
#0 E:\wamp64\www\policy-master\app\Views\quotation\display.php(312): CodeIgniter\Debug\Exceptions->errorHandler(2, 'Invalid argumen...', 'E:\\wamp64\\www\\p...', 312, Array)
#1 E:\wamp64\www\policy-master\vendor\codeigniter4\framework\system\View\View.php(246): include('E:\\wamp64\\www\\p...')
#2 E:\wamp64\www\policy-master\vendor\codeigniter4\framework\system\Common.php(1087): CodeIgniter\View\View->render('quotation/displ...', Array, true)
#3 E:\wamp64\www\policy-master\app\Controllers\BaseController.php(62): view('quotation/displ...', Array)
#4 E:\wamp64\www\policy-master\app\Controllers\InsuranceQuotation.php(359): App\Controllers\BaseController->render_page('quotation/displ...', Array)
#5 E:\wamp64\www\policy-master\vendor\codeigniter4\framework\system\CodeIgniter.php(914): App\Controllers\InsuranceQuotation->profile('2', 'dist', 'img', 'user1-128x128.j...')
#6 E:\wamp64\www\policy-master\vendor\codeigniter4\framework\system\CodeIgniter.php(400): CodeIgniter\CodeIgniter->runController(Object(App\Controllers\InsuranceQuotation))
#7 E:\wamp64\www\policy-master\vendor\codeigniter4\framework\system\CodeIgniter.php(308): CodeIgniter\CodeIgniter->handleRequest(NULL, Object(Config\Cache), false)
#8 E:\wamp64\www\policy-master\index.php(84): CodeIgniter\CodeIgniter->run()
#9 {main}
CRITICAL - 2020-10-13 07:21:37 --> Invalid argument supplied for foreach()
#0 E:\wamp64\www\policy-master\app\Views\quotation\display.php(312): CodeIgniter\Debug\Exceptions->errorHandler(2, 'Invalid argumen...', 'E:\\wamp64\\www\\p...', 312, Array)
#1 E:\wamp64\www\policy-master\vendor\codeigniter4\framework\system\View\View.php(246): include('E:\\wamp64\\www\\p...')
#2 E:\wamp64\www\policy-master\vendor\codeigniter4\framework\system\Common.php(1087): CodeIgniter\View\View->render('quotation/displ...', Array, true)
#3 E:\wamp64\www\policy-master\app\Controllers\BaseController.php(62): view('quotation/displ...', Array)
#4 E:\wamp64\www\policy-master\app\Controllers\InsuranceQuotation.php(359): App\Controllers\BaseController->render_page('quotation/displ...', Array)
#5 E:\wamp64\www\policy-master\vendor\codeigniter4\framework\system\CodeIgniter.php(914): App\Controllers\InsuranceQuotation->profile('2', 'dist', 'img', 'user8-128x128.j...')
#6 E:\wamp64\www\policy-master\vendor\codeigniter4\framework\system\CodeIgniter.php(400): CodeIgniter\CodeIgniter->runController(Object(App\Controllers\InsuranceQuotation))
#7 E:\wamp64\www\policy-master\vendor\codeigniter4\framework\system\CodeIgniter.php(308): CodeIgniter\CodeIgniter->handleRequest(NULL, Object(Config\Cache), false)
#8 E:\wamp64\www\policy-master\index.php(84): CodeIgniter\CodeIgniter->run()
#9 {main}
CRITICAL - 2020-10-13 07:21:37 --> Invalid argument supplied for foreach()
#0 E:\wamp64\www\policy-master\app\Views\quotation\display.php(312): CodeIgniter\Debug\Exceptions->errorHandler(2, 'Invalid argumen...', 'E:\\wamp64\\www\\p...', 312, Array)
#1 E:\wamp64\www\policy-master\vendor\codeigniter4\framework\system\View\View.php(246): include('E:\\wamp64\\www\\p...')
#2 E:\wamp64\www\policy-master\vendor\codeigniter4\framework\system\Common.php(1087): CodeIgniter\View\View->render('quotation/displ...', Array, true)
#3 E:\wamp64\www\policy-master\app\Controllers\BaseController.php(62): view('quotation/displ...', Array)
#4 E:\wamp64\www\policy-master\app\Controllers\InsuranceQuotation.php(359): App\Controllers\BaseController->render_page('quotation/displ...', Array)
#5 E:\wamp64\www\policy-master\vendor\codeigniter4\framework\system\CodeIgniter.php(914): App\Controllers\InsuranceQuotation->profile('2', 'dist', 'img', 'user3-128x128.j...')
#6 E:\wamp64\www\policy-master\vendor\codeigniter4\framework\system\CodeIgniter.php(400): CodeIgniter\CodeIgniter->runController(Object(App\Controllers\InsuranceQuotation))
#7 E:\wamp64\www\policy-master\vendor\codeigniter4\framework\system\CodeIgniter.php(308): CodeIgniter\CodeIgniter->handleRequest(NULL, Object(Config\Cache), false)
#8 E:\wamp64\www\policy-master\index.php(84): CodeIgniter\CodeIgniter->run()
#9 {main}
CRITICAL - 2020-10-13 07:44:07 --> Invalid argument supplied for foreach()
#0 E:\wamp64\www\policy-master\app\Views\quotation\display.php(312): CodeIgniter\Debug\Exceptions->errorHandler(2, 'Invalid argumen...', 'E:\\wamp64\\www\\p...', 312, Array)
#1 E:\wamp64\www\policy-master\vendor\codeigniter4\framework\system\View\View.php(246): include('E:\\wamp64\\www\\p...')
#2 E:\wamp64\www\policy-master\vendor\codeigniter4\framework\system\Common.php(1087): CodeIgniter\View\View->render('quotation/displ...', Array, true)
#3 E:\wamp64\www\policy-master\app\Controllers\BaseController.php(62): view('quotation/displ...', Array)
#4 E:\wamp64\www\policy-master\app\Controllers\InsuranceQuotation.php(359): App\Controllers\BaseController->render_page('quotation/displ...', Array)
#5 E:\wamp64\www\policy-master\vendor\codeigniter4\framework\system\CodeIgniter.php(914): App\Controllers\InsuranceQuotation->profile('2', 'dist', 'img', 'user1-128x128.j...')
#6 E:\wamp64\www\policy-master\vendor\codeigniter4\framework\system\CodeIgniter.php(400): CodeIgniter\CodeIgniter->runController(Object(App\Controllers\InsuranceQuotation))
#7 E:\wamp64\www\policy-master\vendor\codeigniter4\framework\system\CodeIgniter.php(308): CodeIgniter\CodeIgniter->handleRequest(NULL, Object(Config\Cache), false)
#8 E:\wamp64\www\policy-master\index.php(84): CodeIgniter\CodeIgniter->run()
#9 {main}
CRITICAL - 2020-10-13 07:44:07 --> Invalid argument supplied for foreach()
#0 E:\wamp64\www\policy-master\app\Views\quotation\display.php(312): CodeIgniter\Debug\Exceptions->errorHandler(2, 'Invalid argumen...', 'E:\\wamp64\\www\\p...', 312, Array)
#1 E:\wamp64\www\policy-master\vendor\codeigniter4\framework\system\View\View.php(246): include('E:\\wamp64\\www\\p...')
#2 E:\wamp64\www\policy-master\vendor\codeigniter4\framework\system\Common.php(1087): CodeIgniter\View\View->render('quotation/displ...', Array, true)
#3 E:\wamp64\www\policy-master\app\Controllers\BaseController.php(62): view('quotation/displ...', Array)
#4 E:\wamp64\www\policy-master\app\Controllers\InsuranceQuotation.php(359): App\Controllers\BaseController->render_page('quotation/displ...', Array)
#5 E:\wamp64\www\policy-master\vendor\codeigniter4\framework\system\CodeIgniter.php(914): App\Controllers\InsuranceQuotation->profile('2', 'dist', 'img', 'user8-128x128.j...')
#6 E:\wamp64\www\policy-master\vendor\codeigniter4\framework\system\CodeIgniter.php(400): CodeIgniter\CodeIgniter->runController(Object(App\Controllers\InsuranceQuotation))
#7 E:\wamp64\www\policy-master\vendor\codeigniter4\framework\system\CodeIgniter.php(308): CodeIgniter\CodeIgniter->handleRequest(NULL, Object(Config\Cache), false)
#8 E:\wamp64\www\policy-master\index.php(84): CodeIgniter\CodeIgniter->run()
#9 {main}
CRITICAL - 2020-10-13 07:44:07 --> Invalid argument supplied for foreach()
#0 E:\wamp64\www\policy-master\app\Views\quotation\display.php(312): CodeIgniter\Debug\Exceptions->errorHandler(2, 'Invalid argumen...', 'E:\\wamp64\\www\\p...', 312, Array)
#1 E:\wamp64\www\policy-master\vendor\codeigniter4\framework\system\View\View.php(246): include('E:\\wamp64\\www\\p...')
#2 E:\wamp64\www\policy-master\vendor\codeigniter4\framework\system\Common.php(1087): CodeIgniter\View\View->render('quotation/displ...', Array, true)
#3 E:\wamp64\www\policy-master\app\Controllers\BaseController.php(62): view('quotation/displ...', Array)
#4 E:\wamp64\www\policy-master\app\Controllers\InsuranceQuotation.php(359): App\Controllers\BaseController->render_page('quotation/displ...', Array)
#5 E:\wamp64\www\policy-master\vendor\codeigniter4\framework\system\CodeIgniter.php(914): App\Controllers\InsuranceQuotation->profile('2', 'dist', 'img', 'user3-128x128.j...')
#6 E:\wamp64\www\policy-master\vendor\codeigniter4\framework\system\CodeIgniter.php(400): CodeIgniter\CodeIgniter->runController(Object(App\Controllers\InsuranceQuotation))
#7 E:\wamp64\www\policy-master\vendor\codeigniter4\framework\system\CodeIgniter.php(308): CodeIgniter\CodeIgniter->handleRequest(NULL, Object(Config\Cache), false)
#8 E:\wamp64\www\policy-master\index.php(84): CodeIgniter\CodeIgniter->run()
#9 {main}
CRITICAL - 2020-10-13 07:45:40 --> Invalid argument supplied for foreach()
#0 E:\wamp64\www\policy-master\app\Views\quotation\display.php(312): CodeIgniter\Debug\Exceptions->errorHandler(2, 'Invalid argumen...', 'E:\\wamp64\\www\\p...', 312, Array)
#1 E:\wamp64\www\policy-master\vendor\codeigniter4\framework\system\View\View.php(246): include('E:\\wamp64\\www\\p...')
#2 E:\wamp64\www\policy-master\vendor\codeigniter4\framework\system\Common.php(1087): CodeIgniter\View\View->render('quotation/displ...', Array, true)
#3 E:\wamp64\www\policy-master\app\Controllers\BaseController.php(62): view('quotation/displ...', Array)
#4 E:\wamp64\www\policy-master\app\Controllers\InsuranceQuotation.php(359): App\Controllers\BaseController->render_page('quotation/displ...', Array)
#5 E:\wamp64\www\policy-master\vendor\codeigniter4\framework\system\CodeIgniter.php(914): App\Controllers\InsuranceQuotation->profile('2', 'dist', 'img', 'user1-128x128.j...')
#6 E:\wamp64\www\policy-master\vendor\codeigniter4\framework\system\CodeIgniter.php(400): CodeIgniter\CodeIgniter->runController(Object(App\Controllers\InsuranceQuotation))
#7 E:\wamp64\www\policy-master\vendor\codeigniter4\framework\system\CodeIgniter.php(308): CodeIgniter\CodeIgniter->handleRequest(NULL, Object(Config\Cache), false)
#8 E:\wamp64\www\policy-master\index.php(84): CodeIgniter\CodeIgniter->run()
#9 {main}
CRITICAL - 2020-10-13 07:45:40 --> Invalid argument supplied for foreach()
#0 E:\wamp64\www\policy-master\app\Views\quotation\display.php(312): CodeIgniter\Debug\Exceptions->errorHandler(2, 'Invalid argumen...', 'E:\\wamp64\\www\\p...', 312, Array)
#1 E:\wamp64\www\policy-master\vendor\codeigniter4\framework\system\View\View.php(246): include('E:\\wamp64\\www\\p...')
#2 E:\wamp64\www\policy-master\vendor\codeigniter4\framework\system\Common.php(1087): CodeIgniter\View\View->render('quotation/displ...', Array, true)
#3 E:\wamp64\www\policy-master\app\Controllers\BaseController.php(62): view('quotation/displ...', Array)
#4 E:\wamp64\www\policy-master\app\Controllers\InsuranceQuotation.php(359): App\Controllers\BaseController->render_page('quotation/displ...', Array)
#5 E:\wamp64\www\policy-master\vendor\codeigniter4\framework\system\CodeIgniter.php(914): App\Controllers\InsuranceQuotation->profile('2', 'dist', 'img', 'user8-128x128.j...')
#6 E:\wamp64\www\policy-master\vendor\codeigniter4\framework\system\CodeIgniter.php(400): CodeIgniter\CodeIgniter->runController(Object(App\Controllers\InsuranceQuotation))
#7 E:\wamp64\www\policy-master\vendor\codeigniter4\framework\system\CodeIgniter.php(308): CodeIgniter\CodeIgniter->handleRequest(NULL, Object(Config\Cache), false)
#8 E:\wamp64\www\policy-master\index.php(84): CodeIgniter\CodeIgniter->run()
#9 {main}
CRITICAL - 2020-10-13 07:45:40 --> Invalid argument supplied for foreach()
#0 E:\wamp64\www\policy-master\app\Views\quotation\display.php(312): CodeIgniter\Debug\Exceptions->errorHandler(2, 'Invalid argumen...', 'E:\\wamp64\\www\\p...', 312, Array)
#1 E:\wamp64\www\policy-master\vendor\codeigniter4\framework\system\View\View.php(246): include('E:\\wamp64\\www\\p...')
#2 E:\wamp64\www\policy-master\vendor\codeigniter4\framework\system\Common.php(1087): CodeIgniter\View\View->render('quotation/displ...', Array, true)
#3 E:\wamp64\www\policy-master\app\Controllers\BaseController.php(62): view('quotation/displ...', Array)
#4 E:\wamp64\www\policy-master\app\Controllers\InsuranceQuotation.php(359): App\Controllers\BaseController->render_page('quotation/displ...', Array)
#5 E:\wamp64\www\policy-master\vendor\codeigniter4\framework\system\CodeIgniter.php(914): App\Controllers\InsuranceQuotation->profile('2', 'dist', 'img', 'user3-128x128.j...')
#6 E:\wamp64\www\policy-master\vendor\codeigniter4\framework\system\CodeIgniter.php(400): CodeIgniter\CodeIgniter->runController(Object(App\Controllers\InsuranceQuotation))
#7 E:\wamp64\www\policy-master\vendor\codeigniter4\framework\system\CodeIgniter.php(308): CodeIgniter\CodeIgniter->handleRequest(NULL, Object(Config\Cache), false)
#8 E:\wamp64\www\policy-master\index.php(84): CodeIgniter\CodeIgniter->run()
#9 {main}
CRITICAL - 2020-10-13 07:46:11 --> Invalid argument supplied for foreach()
#0 E:\wamp64\www\policy-master\app\Views\quotation\display.php(312): CodeIgniter\Debug\Exceptions->errorHandler(2, 'Invalid argumen...', 'E:\\wamp64\\www\\p...', 312, Array)
#1 E:\wamp64\www\policy-master\vendor\codeigniter4\framework\system\View\View.php(246): include('E:\\wamp64\\www\\p...')
#2 E:\wamp64\www\policy-master\vendor\codeigniter4\framework\system\Common.php(1087): CodeIgniter\View\View->render('quotation/displ...', Array, true)
#3 E:\wamp64\www\policy-master\app\Controllers\BaseController.php(62): view('quotation/displ...', Array)
#4 E:\wamp64\www\policy-master\app\Controllers\InsuranceQuotation.php(359): App\Controllers\BaseController->render_page('quotation/displ...', Array)
#5 E:\wamp64\www\policy-master\vendor\codeigniter4\framework\system\CodeIgniter.php(914): App\Controllers\InsuranceQuotation->profile('2', 'dist', 'img', 'user8-128x128.j...')
#6 E:\wamp64\www\policy-master\vendor\codeigniter4\framework\system\CodeIgniter.php(400): CodeIgniter\CodeIgniter->runController(Object(App\Controllers\InsuranceQuotation))
#7 E:\wamp64\www\policy-master\vendor\codeigniter4\framework\system\CodeIgniter.php(308): CodeIgniter\CodeIgniter->handleRequest(NULL, Object(Config\Cache), false)
#8 E:\wamp64\www\policy-master\index.php(84): CodeIgniter\CodeIgniter->run()
#9 {main}
CRITICAL - 2020-10-13 07:46:11 --> Invalid argument supplied for foreach()
#0 E:\wamp64\www\policy-master\app\Views\quotation\display.php(312): CodeIgniter\Debug\Exceptions->errorHandler(2, 'Invalid argumen...', 'E:\\wamp64\\www\\p...', 312, Array)
#1 E:\wamp64\www\policy-master\vendor\codeigniter4\framework\system\View\View.php(246): include('E:\\wamp64\\www\\p...')
#2 E:\wamp64\www\policy-master\vendor\codeigniter4\framework\system\Common.php(1087): CodeIgniter\View\View->render('quotation/displ...', Array, true)
#3 E:\wamp64\www\policy-master\app\Controllers\BaseController.php(62): view('quotation/displ...', Array)
#4 E:\wamp64\www\policy-master\app\Controllers\InsuranceQuotation.php(359): App\Controllers\BaseController->render_page('quotation/displ...', Array)
#5 E:\wamp64\www\policy-master\vendor\codeigniter4\framework\system\CodeIgniter.php(914): App\Controllers\InsuranceQuotation->profile('2', 'dist', 'img', 'user3-128x128.j...')
#6 E:\wamp64\www\policy-master\vendor\codeigniter4\framework\system\CodeIgniter.php(400): CodeIgniter\CodeIgniter->runController(Object(App\Controllers\InsuranceQuotation))
#7 E:\wamp64\www\policy-master\vendor\codeigniter4\framework\system\CodeIgniter.php(308): CodeIgniter\CodeIgniter->handleRequest(NULL, Object(Config\Cache), false)
#8 E:\wamp64\www\policy-master\index.php(84): CodeIgniter\CodeIgniter->run()
#9 {main}
CRITICAL - 2020-10-13 07:46:11 --> Invalid argument supplied for foreach()
#0 E:\wamp64\www\policy-master\app\Views\quotation\display.php(312): CodeIgniter\Debug\Exceptions->errorHandler(2, 'Invalid argumen...', 'E:\\wamp64\\www\\p...', 312, Array)
#1 E:\wamp64\www\policy-master\vendor\codeigniter4\framework\system\View\View.php(246): include('E:\\wamp64\\www\\p...')
#2 E:\wamp64\www\policy-master\vendor\codeigniter4\framework\system\Common.php(1087): CodeIgniter\View\View->render('quotation/displ...', Array, true)
#3 E:\wamp64\www\policy-master\app\Controllers\BaseController.php(62): view('quotation/displ...', Array)
#4 E:\wamp64\www\policy-master\app\Controllers\InsuranceQuotation.php(359): App\Controllers\BaseController->render_page('quotation/displ...', Array)
#5 E:\wamp64\www\policy-master\vendor\codeigniter4\framework\system\CodeIgniter.php(914): App\Controllers\InsuranceQuotation->profile('2', 'dist', 'img', 'user1-128x128.j...')
#6 E:\wamp64\www\policy-master\vendor\codeigniter4\framework\system\CodeIgniter.php(400): CodeIgniter\CodeIgniter->runController(Object(App\Controllers\InsuranceQuotation))
#7 E:\wamp64\www\policy-master\vendor\codeigniter4\framework\system\CodeIgniter.php(308): CodeIgniter\CodeIgniter->handleRequest(NULL, Object(Config\Cache), false)
#8 E:\wamp64\www\policy-master\index.php(84): CodeIgniter\CodeIgniter->run()
#9 {main}
CRITICAL - 2020-10-13 07:49:02 --> Invalid argument supplied for foreach()
#0 E:\wamp64\www\policy-master\app\Views\quotation\display.php(312): CodeIgniter\Debug\Exceptions->errorHandler(2, 'Invalid argumen...', 'E:\\wamp64\\www\\p...', 312, Array)
#1 E:\wamp64\www\policy-master\vendor\codeigniter4\framework\system\View\View.php(246): include('E:\\wamp64\\www\\p...')
#2 E:\wamp64\www\policy-master\vendor\codeigniter4\framework\system\Common.php(1087): CodeIgniter\View\View->render('quotation/displ...', Array, true)
#3 E:\wamp64\www\policy-master\app\Controllers\BaseController.php(62): view('quotation/displ...', Array)
#4 E:\wamp64\www\policy-master\app\Controllers\InsuranceQuotation.php(359): App\Controllers\BaseController->render_page('quotation/displ...', Array)
#5 E:\wamp64\www\policy-master\vendor\codeigniter4\framework\system\CodeIgniter.php(914): App\Controllers\InsuranceQuotation->profile('2', 'dist', 'img', 'user1-128x128.j...')
#6 E:\wamp64\www\policy-master\vendor\codeigniter4\framework\system\CodeIgniter.php(400): CodeIgniter\CodeIgniter->runController(Object(App\Controllers\InsuranceQuotation))
#7 E:\wamp64\www\policy-master\vendor\codeigniter4\framework\system\CodeIgniter.php(308): CodeIgniter\CodeIgniter->handleRequest(NULL, Object(Config\Cache), false)
#8 E:\wamp64\www\policy-master\index.php(84): CodeIgniter\CodeIgniter->run()
#9 {main}
CRITICAL - 2020-10-13 07:49:02 --> Invalid argument supplied for foreach()
#0 E:\wamp64\www\policy-master\app\Views\quotation\display.php(312): CodeIgniter\Debug\Exceptions->errorHandler(2, 'Invalid argumen...', 'E:\\wamp64\\www\\p...', 312, Array)
#1 E:\wamp64\www\policy-master\vendor\codeigniter4\framework\system\View\View.php(246): include('E:\\wamp64\\www\\p...')
#2 E:\wamp64\www\policy-master\vendor\codeigniter4\framework\system\Common.php(1087): CodeIgniter\View\View->render('quotation/displ...', Array, true)
#3 E:\wamp64\www\policy-master\app\Controllers\BaseController.php(62): view('quotation/displ...', Array)
#4 E:\wamp64\www\policy-master\app\Controllers\InsuranceQuotation.php(359): App\Controllers\BaseController->render_page('quotation/displ...', Array)
#5 E:\wamp64\www\policy-master\vendor\codeigniter4\framework\system\CodeIgniter.php(914): App\Controllers\InsuranceQuotation->profile('2', 'dist', 'img', 'user8-128x128.j...')
#6 E:\wamp64\www\policy-master\vendor\codeigniter4\framework\system\CodeIgniter.php(400): CodeIgniter\CodeIgniter->runController(Object(App\Controllers\InsuranceQuotation))
#7 E:\wamp64\www\policy-master\vendor\codeigniter4\framework\system\CodeIgniter.php(308): CodeIgniter\CodeIgniter->handleRequest(NULL, Object(Config\Cache), false)
#8 E:\wamp64\www\policy-master\index.php(84): CodeIgniter\CodeIgniter->run()
#9 {main}
CRITICAL - 2020-10-13 07:49:02 --> Invalid argument supplied for foreach()
#0 E:\wamp64\www\policy-master\app\Views\quotation\display.php(312): CodeIgniter\Debug\Exceptions->errorHandler(2, 'Invalid argumen...', 'E:\\wamp64\\www\\p...', 312, Array)
#1 E:\wamp64\www\policy-master\vendor\codeigniter4\framework\system\View\View.php(246): include('E:\\wamp64\\www\\p...')
#2 E:\wamp64\www\policy-master\vendor\codeigniter4\framework\system\Common.php(1087): CodeIgniter\View\View->render('quotation/displ...', Array, true)
#3 E:\wamp64\www\policy-master\app\Controllers\BaseController.php(62): view('quotation/displ...', Array)
#4 E:\wamp64\www\policy-master\app\Controllers\InsuranceQuotation.php(359): App\Controllers\BaseController->render_page('quotation/displ...', Array)
#5 E:\wamp64\www\policy-master\vendor\codeigniter4\framework\system\CodeIgniter.php(914): App\Controllers\InsuranceQuotation->profile('2', 'dist', 'img', 'user3-128x128.j...')
#6 E:\wamp64\www\policy-master\vendor\codeigniter4\framework\system\CodeIgniter.php(400): CodeIgniter\CodeIgniter->runController(Object(App\Controllers\InsuranceQuotation))
#7 E:\wamp64\www\policy-master\vendor\codeigniter4\framework\system\CodeIgniter.php(308): CodeIgniter\CodeIgniter->handleRequest(NULL, Object(Config\Cache), false)
#8 E:\wamp64\www\policy-master\index.php(84): CodeIgniter\CodeIgniter->run()
#9 {main}
CRITICAL - 2020-10-13 08:01:08 --> Invalid argument supplied for foreach()
#0 E:\wamp64\www\policy-master\app\Views\quotation\display.php(312): CodeIgniter\Debug\Exceptions->errorHandler(2, 'Invalid argumen...', 'E:\\wamp64\\www\\p...', 312, Array)
#1 E:\wamp64\www\policy-master\vendor\codeigniter4\framework\system\View\View.php(246): include('E:\\wamp64\\www\\p...')
#2 E:\wamp64\www\policy-master\vendor\codeigniter4\framework\system\Common.php(1087): CodeIgniter\View\View->render('quotation/displ...', Array, true)
#3 E:\wamp64\www\policy-master\app\Controllers\BaseController.php(62): view('quotation/displ...', Array)
#4 E:\wamp64\www\policy-master\app\Controllers\InsuranceQuotation.php(359): App\Controllers\BaseController->render_page('quotation/displ...', Array)
#5 E:\wamp64\www\policy-master\vendor\codeigniter4\framework\system\CodeIgniter.php(914): App\Controllers\InsuranceQuotation->profile('2', 'dist', 'img', 'user1-128x128.j...')
#6 E:\wamp64\www\policy-master\vendor\codeigniter4\framework\system\CodeIgniter.php(400): CodeIgniter\CodeIgniter->runController(Object(App\Controllers\InsuranceQuotation))
#7 E:\wamp64\www\policy-master\vendor\codeigniter4\framework\system\CodeIgniter.php(308): CodeIgniter\CodeIgniter->handleRequest(NULL, Object(Config\Cache), false)
#8 E:\wamp64\www\policy-master\index.php(84): CodeIgniter\CodeIgniter->run()
#9 {main}
CRITICAL - 2020-10-13 08:01:08 --> Invalid argument supplied for foreach()
#0 E:\wamp64\www\policy-master\app\Views\quotation\display.php(312): CodeIgniter\Debug\Exceptions->errorHandler(2, 'Invalid argumen...', 'E:\\wamp64\\www\\p...', 312, Array)
#1 E:\wamp64\www\policy-master\vendor\codeigniter4\framework\system\View\View.php(246): include('E:\\wamp64\\www\\p...')
#2 E:\wamp64\www\policy-master\vendor\codeigniter4\framework\system\Common.php(1087): CodeIgniter\View\View->render('quotation/displ...', Array, true)
#3 E:\wamp64\www\policy-master\app\Controllers\BaseController.php(62): view('quotation/displ...', Array)
#4 E:\wamp64\www\policy-master\app\Controllers\InsuranceQuotation.php(359): App\Controllers\BaseController->render_page('quotation/displ...', Array)
#5 E:\wamp64\www\policy-master\vendor\codeigniter4\framework\system\CodeIgniter.php(914): App\Controllers\InsuranceQuotation->profile('2', 'dist', 'img', 'user8-128x128.j...')
#6 E:\wamp64\www\policy-master\vendor\codeigniter4\framework\system\CodeIgniter.php(400): CodeIgniter\CodeIgniter->runController(Object(App\Controllers\InsuranceQuotation))
#7 E:\wamp64\www\policy-master\vendor\codeigniter4\framework\system\CodeIgniter.php(308): CodeIgniter\CodeIgniter->handleRequest(NULL, Object(Config\Cache), false)
#8 E:\wamp64\www\policy-master\index.php(84): CodeIgniter\CodeIgniter->run()
#9 {main}
CRITICAL - 2020-10-13 08:01:08 --> Invalid argument supplied for foreach()
#0 E:\wamp64\www\policy-master\app\Views\quotation\display.php(312): CodeIgniter\Debug\Exceptions->errorHandler(2, 'Invalid argumen...', 'E:\\wamp64\\www\\p...', 312, Array)
#1 E:\wamp64\www\policy-master\vendor\codeigniter4\framework\system\View\View.php(246): include('E:\\wamp64\\www\\p...')
#2 E:\wamp64\www\policy-master\vendor\codeigniter4\framework\system\Common.php(1087): CodeIgniter\View\View->render('quotation/displ...', Array, true)
#3 E:\wamp64\www\policy-master\app\Controllers\BaseController.php(62): view('quotation/displ...', Array)
#4 E:\wamp64\www\policy-master\app\Controllers\InsuranceQuotation.php(359): App\Controllers\BaseController->render_page('quotation/displ...', Array)
#5 E:\wamp64\www\policy-master\vendor\codeigniter4\framework\system\CodeIgniter.php(914): App\Controllers\InsuranceQuotation->profile('2', 'dist', 'img', 'user3-128x128.j...')
#6 E:\wamp64\www\policy-master\vendor\codeigniter4\framework\system\CodeIgniter.php(400): CodeIgniter\CodeIgniter->runController(Object(App\Controllers\InsuranceQuotation))
#7 E:\wamp64\www\policy-master\vendor\codeigniter4\framework\system\CodeIgniter.php(308): CodeIgniter\CodeIgniter->handleRequest(NULL, Object(Config\Cache), false)
#8 E:\wamp64\www\policy-master\index.php(84): CodeIgniter\CodeIgniter->run()
#9 {main}
