CRITICAL - 2020-08-05 04:25:13 --> Cannot use [] for reading
#0 E:\wamp64\www\policy-master\vendor\codeigniter4\framework\system\CodeIgniter.php(914): App\Controllers\Clients->add()
#1 E:\wamp64\www\policy-master\vendor\codeigniter4\framework\system\CodeIgniter.php(400): CodeIgniter\CodeIgniter->runController(Object(App\Controllers\Clients))
#2 E:\wamp64\www\policy-master\vendor\codeigniter4\framework\system\CodeIgniter.php(308): CodeIgniter\CodeIgniter->handleRequest(NULL, Object(Config\Cache), false)
#3 E:\wamp64\www\policy-master\index.php(84): CodeIgniter\CodeIgniter->run()
#4 {main}
CRITICAL - 2020-08-05 04:39:43 --> syntax error, unexpected ')'
#0 E:\wamp64\www\policy-master\vendor\codeigniter4\framework\system\Router\Router.php(192): CodeIgniter\Router\Router->autoRoute('/clients/add')
#1 E:\wamp64\www\policy-master\vendor\codeigniter4\framework\system\CodeIgniter.php(789): CodeIgniter\Router\Router->handle('/clients/add')
#2 E:\wamp64\www\policy-master\vendor\codeigniter4\framework\system\CodeIgniter.php(360): CodeIgniter\CodeIgniter->tryToRouteIt(Object(CodeIgniter\Router\RouteCollection))
#3 E:\wamp64\www\policy-master\vendor\codeigniter4\framework\system\CodeIgniter.php(308): CodeIgniter\CodeIgniter->handleRequest(NULL, Object(Config\Cache), false)
#4 E:\wamp64\www\policy-master\index.php(84): CodeIgniter\CodeIgniter->run()
#5 {main}
CRITICAL - 2020-08-05 05:36:24 --> syntax error, unexpected '$session' (T_VARIABLE)
#0 E:\wamp64\www\policy-master\vendor\codeigniter4\framework\system\Router\Router.php(192): CodeIgniter\Router\Router->autoRoute('/clients/add')
#1 E:\wamp64\www\policy-master\vendor\codeigniter4\framework\system\CodeIgniter.php(789): CodeIgniter\Router\Router->handle('/clients/add')
#2 E:\wamp64\www\policy-master\vendor\codeigniter4\framework\system\CodeIgniter.php(360): CodeIgniter\CodeIgniter->tryToRouteIt(Object(CodeIgniter\Router\RouteCollection))
#3 E:\wamp64\www\policy-master\vendor\codeigniter4\framework\system\CodeIgniter.php(308): CodeIgniter\CodeIgniter->handleRequest(NULL, Object(Config\Cache), false)
#4 E:\wamp64\www\policy-master\index.php(84): CodeIgniter\CodeIgniter->run()
#5 {main}
CRITICAL - 2020-08-05 05:36:42 --> syntax error, unexpected '$session' (T_VARIABLE)
#0 E:\wamp64\www\policy-master\vendor\codeigniter4\framework\system\Router\Router.php(192): CodeIgniter\Router\Router->autoRoute('/clients/add')
#1 E:\wamp64\www\policy-master\vendor\codeigniter4\framework\system\CodeIgniter.php(789): CodeIgniter\Router\Router->handle('/clients/add')
#2 E:\wamp64\www\policy-master\vendor\codeigniter4\framework\system\CodeIgniter.php(360): CodeIgniter\CodeIgniter->tryToRouteIt(Object(CodeIgniter\Router\RouteCollection))
#3 E:\wamp64\www\policy-master\vendor\codeigniter4\framework\system\CodeIgniter.php(308): CodeIgniter\CodeIgniter->handleRequest(NULL, Object(Config\Cache), false)
#4 E:\wamp64\www\policy-master\index.php(84): CodeIgniter\CodeIgniter->run()
#5 {main}
CRITICAL - 2020-08-05 07:04:04 --> Table 'policy_master.email1' doesn't exist
#0 E:\wamp64\www\policy-master\vendor\codeigniter4\framework\system\Database\MySQLi\Connection.php(331): mysqli->query('SELECT 1\nFROM `...')
#1 E:\wamp64\www\policy-master\vendor\codeigniter4\framework\system\Database\BaseConnection.php(738): CodeIgniter\Database\MySQLi\Connection->execute('SELECT 1\nFROM `...')
#2 E:\wamp64\www\policy-master\vendor\codeigniter4\framework\system\Database\BaseConnection.php(666): CodeIgniter\Database\BaseConnection->simpleQuery('SELECT 1\nFROM `...')
#3 E:\wamp64\www\policy-master\vendor\codeigniter4\framework\system\Database\BaseBuilder.php(1845): CodeIgniter\Database\BaseConnection->query('SELECT 1\nFROM `...', Array, false)
#4 E:\wamp64\www\policy-master\vendor\codeigniter4\framework\system\Validation\Rules.php(234): CodeIgniter\Database\BaseBuilder->get()
#5 E:\wamp64\www\policy-master\vendor\codeigniter4\framework\system\Validation\Validation.php(294): CodeIgniter\Validation\Rules->is_unique('magic@gmail.com', 'clients', Array, NULL)
#6 E:\wamp64\www\policy-master\vendor\codeigniter4\framework\system\Validation\Validation.php(189): CodeIgniter\Validation\Validation->processRules('email1', 'email1', 'magic@gmail.com', Array, Array)
#7 E:\wamp64\www\policy-master\vendor\codeigniter4\framework\system\Controller.php(219): CodeIgniter\Validation\Validation->run()
#8 E:\wamp64\www\policy-master\app\Controllers\Clients.php(47): CodeIgniter\Controller->validate(Array)
#9 E:\wamp64\www\policy-master\vendor\codeigniter4\framework\system\CodeIgniter.php(914): App\Controllers\Clients->add()
#10 E:\wamp64\www\policy-master\vendor\codeigniter4\framework\system\CodeIgniter.php(400): CodeIgniter\CodeIgniter->runController(Object(App\Controllers\Clients))
#11 E:\wamp64\www\policy-master\vendor\codeigniter4\framework\system\CodeIgniter.php(308): CodeIgniter\CodeIgniter->handleRequest(NULL, Object(Config\Cache), false)
#12 E:\wamp64\www\policy-master\index.php(84): CodeIgniter\CodeIgniter->run()
#13 {main}
CRITICAL - 2020-08-05 07:05:36 --> Table 'policy_master.email_1' doesn't exist
#0 E:\wamp64\www\policy-master\vendor\codeigniter4\framework\system\Database\MySQLi\Connection.php(331): mysqli->query('SELECT 1\nFROM `...')
#1 E:\wamp64\www\policy-master\vendor\codeigniter4\framework\system\Database\BaseConnection.php(738): CodeIgniter\Database\MySQLi\Connection->execute('SELECT 1\nFROM `...')
#2 E:\wamp64\www\policy-master\vendor\codeigniter4\framework\system\Database\BaseConnection.php(666): CodeIgniter\Database\BaseConnection->simpleQuery('SELECT 1\nFROM `...')
#3 E:\wamp64\www\policy-master\vendor\codeigniter4\framework\system\Database\BaseBuilder.php(1845): CodeIgniter\Database\BaseConnection->query('SELECT 1\nFROM `...', Array, false)
#4 E:\wamp64\www\policy-master\vendor\codeigniter4\framework\system\Validation\Rules.php(234): CodeIgniter\Database\BaseBuilder->get()
#5 E:\wamp64\www\policy-master\vendor\codeigniter4\framework\system\Validation\Validation.php(294): CodeIgniter\Validation\Rules->is_unique('magic@gmail.com', 'clients', Array, NULL)
#6 E:\wamp64\www\policy-master\vendor\codeigniter4\framework\system\Validation\Validation.php(189): CodeIgniter\Validation\Validation->processRules('email1', 'email1', 'magic@gmail.com', Array, Array)
#7 E:\wamp64\www\policy-master\vendor\codeigniter4\framework\system\Controller.php(219): CodeIgniter\Validation\Validation->run()
#8 E:\wamp64\www\policy-master\app\Controllers\Clients.php(47): CodeIgniter\Controller->validate(Array)
#9 E:\wamp64\www\policy-master\vendor\codeigniter4\framework\system\CodeIgniter.php(914): App\Controllers\Clients->add()
#10 E:\wamp64\www\policy-master\vendor\codeigniter4\framework\system\CodeIgniter.php(400): CodeIgniter\CodeIgniter->runController(Object(App\Controllers\Clients))
#11 E:\wamp64\www\policy-master\vendor\codeigniter4\framework\system\CodeIgniter.php(308): CodeIgniter\CodeIgniter->handleRequest(NULL, Object(Config\Cache), false)
#12 E:\wamp64\www\policy-master\index.php(84): CodeIgniter\CodeIgniter->run()
#13 {main}
CRITICAL - 2020-08-05 07:06:14 --> Table 'policy_master.email_1' doesn't exist
#0 E:\wamp64\www\policy-master\vendor\codeigniter4\framework\system\Database\MySQLi\Connection.php(331): mysqli->query('SELECT 1\nFROM `...')
#1 E:\wamp64\www\policy-master\vendor\codeigniter4\framework\system\Database\BaseConnection.php(738): CodeIgniter\Database\MySQLi\Connection->execute('SELECT 1\nFROM `...')
#2 E:\wamp64\www\policy-master\vendor\codeigniter4\framework\system\Database\BaseConnection.php(666): CodeIgniter\Database\BaseConnection->simpleQuery('SELECT 1\nFROM `...')
#3 E:\wamp64\www\policy-master\vendor\codeigniter4\framework\system\Database\BaseBuilder.php(1845): CodeIgniter\Database\BaseConnection->query('SELECT 1\nFROM `...', Array, false)
#4 E:\wamp64\www\policy-master\vendor\codeigniter4\framework\system\Validation\Rules.php(234): CodeIgniter\Database\BaseBuilder->get()
#5 E:\wamp64\www\policy-master\vendor\codeigniter4\framework\system\Validation\Validation.php(294): CodeIgniter\Validation\Rules->is_unique('magic@gmail.com', 'clients', Array, NULL)
#6 E:\wamp64\www\policy-master\vendor\codeigniter4\framework\system\Validation\Validation.php(189): CodeIgniter\Validation\Validation->processRules('email1', 'email1', 'magic@gmail.com', Array, Array)
#7 E:\wamp64\www\policy-master\vendor\codeigniter4\framework\system\Controller.php(219): CodeIgniter\Validation\Validation->run()
#8 E:\wamp64\www\policy-master\app\Controllers\Clients.php(47): CodeIgniter\Controller->validate(Array)
#9 E:\wamp64\www\policy-master\vendor\codeigniter4\framework\system\CodeIgniter.php(914): App\Controllers\Clients->add()
#10 E:\wamp64\www\policy-master\vendor\codeigniter4\framework\system\CodeIgniter.php(400): CodeIgniter\CodeIgniter->runController(Object(App\Controllers\Clients))
#11 E:\wamp64\www\policy-master\vendor\codeigniter4\framework\system\CodeIgniter.php(308): CodeIgniter\CodeIgniter->handleRequest(NULL, Object(Config\Cache), false)
#12 E:\wamp64\www\policy-master\index.php(84): CodeIgniter\CodeIgniter->run()
#13 {main}
CRITICAL - 2020-08-05 07:06:49 --> syntax error, unexpected ''fk_company_id'' (T_CONSTANT_ENCAPSED_STRING), expecting ']'
#0 E:\wamp64\www\policy-master\vendor\codeigniter4\framework\system\Autoloader\Autoloader.php(296): CodeIgniter\Autoloader\Autoloader->requireFile('E:\\wamp64\\www\\p...')
#1 E:\wamp64\www\policy-master\vendor\codeigniter4\framework\system\Autoloader\Autoloader.php(258): CodeIgniter\Autoloader\Autoloader->loadInNamespace('App\\Models\\Clie...')
#2 [internal function]: CodeIgniter\Autoloader\Autoloader->loadClass('App\\Models\\Clie...')
#3 E:\wamp64\www\policy-master\app\Controllers\Clients.php(27): spl_autoload_call('App\\Models\\Clie...')
#4 E:\wamp64\www\policy-master\vendor\codeigniter4\framework\system\CodeIgniter.php(914): App\Controllers\Clients->add()
#5 E:\wamp64\www\policy-master\vendor\codeigniter4\framework\system\CodeIgniter.php(400): CodeIgniter\CodeIgniter->runController(Object(App\Controllers\Clients))
#6 E:\wamp64\www\policy-master\vendor\codeigniter4\framework\system\CodeIgniter.php(308): CodeIgniter\CodeIgniter->handleRequest(NULL, Object(Config\Cache), false)
#7 E:\wamp64\www\policy-master\index.php(84): CodeIgniter\CodeIgniter->run()
#8 {main}
CRITICAL - 2020-08-05 07:07:05 --> Table 'policy_master.email_1' doesn't exist
#0 E:\wamp64\www\policy-master\vendor\codeigniter4\framework\system\Database\MySQLi\Connection.php(331): mysqli->query('SELECT 1\nFROM `...')
#1 E:\wamp64\www\policy-master\vendor\codeigniter4\framework\system\Database\BaseConnection.php(738): CodeIgniter\Database\MySQLi\Connection->execute('SELECT 1\nFROM `...')
#2 E:\wamp64\www\policy-master\vendor\codeigniter4\framework\system\Database\BaseConnection.php(666): CodeIgniter\Database\BaseConnection->simpleQuery('SELECT 1\nFROM `...')
#3 E:\wamp64\www\policy-master\vendor\codeigniter4\framework\system\Database\BaseBuilder.php(1845): CodeIgniter\Database\BaseConnection->query('SELECT 1\nFROM `...', Array, false)
#4 E:\wamp64\www\policy-master\vendor\codeigniter4\framework\system\Validation\Rules.php(234): CodeIgniter\Database\BaseBuilder->get()
#5 E:\wamp64\www\policy-master\vendor\codeigniter4\framework\system\Validation\Validation.php(294): CodeIgniter\Validation\Rules->is_unique('magic@gmail.com', 'clients', Array, NULL)
#6 E:\wamp64\www\policy-master\vendor\codeigniter4\framework\system\Validation\Validation.php(189): CodeIgniter\Validation\Validation->processRules('email1', 'email1', 'magic@gmail.com', Array, Array)
#7 E:\wamp64\www\policy-master\vendor\codeigniter4\framework\system\Controller.php(219): CodeIgniter\Validation\Validation->run()
#8 E:\wamp64\www\policy-master\app\Controllers\Clients.php(47): CodeIgniter\Controller->validate(Array)
#9 E:\wamp64\www\policy-master\vendor\codeigniter4\framework\system\CodeIgniter.php(914): App\Controllers\Clients->add()
#10 E:\wamp64\www\policy-master\vendor\codeigniter4\framework\system\CodeIgniter.php(400): CodeIgniter\CodeIgniter->runController(Object(App\Controllers\Clients))
#11 E:\wamp64\www\policy-master\vendor\codeigniter4\framework\system\CodeIgniter.php(308): CodeIgniter\CodeIgniter->handleRequest(NULL, Object(Config\Cache), false)
#12 E:\wamp64\www\policy-master\index.php(84): CodeIgniter\CodeIgniter->run()
#13 {main}
CRITICAL - 2020-08-05 07:12:53 --> Undefined variable: validation
#0 E:\wamp64\www\policy-master\app\Views\client\add.php(45): CodeIgniter\Debug\Exceptions->errorHandler(8, 'Undefined varia...', 'E:\\wamp64\\www\\p...', 45, Array)
#1 E:\wamp64\www\policy-master\vendor\codeigniter4\framework\system\View\View.php(246): include('E:\\wamp64\\www\\p...')
#2 E:\wamp64\www\policy-master\vendor\codeigniter4\framework\system\Common.php(1087): CodeIgniter\View\View->render('client/add', Array, true)
#3 E:\wamp64\www\policy-master\app\Controllers\BaseController.php(53): view('client/add', Array)
#4 E:\wamp64\www\policy-master\app\Controllers\Clients.php(49): App\Controllers\BaseController->render_page('client/add', Array)
#5 E:\wamp64\www\policy-master\vendor\codeigniter4\framework\system\CodeIgniter.php(914): App\Controllers\Clients->add()
#6 E:\wamp64\www\policy-master\vendor\codeigniter4\framework\system\CodeIgniter.php(400): CodeIgniter\CodeIgniter->runController(Object(App\Controllers\Clients))
#7 E:\wamp64\www\policy-master\vendor\codeigniter4\framework\system\CodeIgniter.php(308): CodeIgniter\CodeIgniter->handleRequest(NULL, Object(Config\Cache), false)
#8 E:\wamp64\www\policy-master\index.php(84): CodeIgniter\CodeIgniter->run()
#9 {main}
CRITICAL - 2020-08-05 07:46:10 --> Undefined index: name
#0 E:\wamp64\www\policy-master\app\Views\client\list.php(47): CodeIgniter\Debug\Exceptions->errorHandler(8, 'Undefined index...', 'E:\\wamp64\\www\\p...', 47, Array)
#1 E:\wamp64\www\policy-master\vendor\codeigniter4\framework\system\View\View.php(246): include('E:\\wamp64\\www\\p...')
#2 E:\wamp64\www\policy-master\vendor\codeigniter4\framework\system\Common.php(1087): CodeIgniter\View\View->render('client/list', Array, true)
#3 E:\wamp64\www\policy-master\app\Controllers\BaseController.php(53): view('client/list', Array)
#4 E:\wamp64\www\policy-master\app\Controllers\Clients.php(17): App\Controllers\BaseController->render_page('client/list', Array)
#5 E:\wamp64\www\policy-master\vendor\codeigniter4\framework\system\CodeIgniter.php(914): App\Controllers\Clients->index()
#6 E:\wamp64\www\policy-master\vendor\codeigniter4\framework\system\CodeIgniter.php(400): CodeIgniter\CodeIgniter->runController(Object(App\Controllers\Clients))
#7 E:\wamp64\www\policy-master\vendor\codeigniter4\framework\system\CodeIgniter.php(308): CodeIgniter\CodeIgniter->handleRequest(NULL, Object(Config\Cache), false)
#8 E:\wamp64\www\policy-master\index.php(84): CodeIgniter\CodeIgniter->run()
#9 {main}
