CRITICAL - 2021-09-03 00:40:55 --> syntax error, unexpected 'public' (T_PUBLIC), expecting end of file
#0 F:\xampp\htdocs\policy-master-updated\vendor\codeigniter4\framework\system\Router\Router.php(192): CodeIgniter\Router\Router->autoRoute('/manageclaims')
#1 F:\xampp\htdocs\policy-master-updated\vendor\codeigniter4\framework\system\CodeIgniter.php(789): CodeIgniter\Router\Router->handle('/manageclaims')
#2 F:\xampp\htdocs\policy-master-updated\vendor\codeigniter4\framework\system\CodeIgniter.php(360): CodeIgniter\CodeIgniter->tryToRouteIt(Object(CodeIgniter\Router\RouteCollection))
#3 F:\xampp\htdocs\policy-master-updated\vendor\codeigniter4\framework\system\CodeIgniter.php(308): CodeIgniter\CodeIgniter->handleRequest(NULL, Object(Config\Cache), false)
#4 F:\xampp\htdocs\policy-master-updated\index.php(84): CodeIgniter\CodeIgniter->run()
#5 {main}
CRITICAL - 2021-09-03 02:42:02 --> Undefined index: claimsdocuments
#0 F:\xampp\htdocs\policy-master-updated\app\Controllers\Manageclaims.php(145): CodeIgniter\Debug\Exceptions->errorHandler(8, 'Undefined index...', 'F:\\xampp\\htdocs...', 145, Array)
#1 F:\xampp\htdocs\policy-master-updated\vendor\codeigniter4\framework\system\CodeIgniter.php(914): App\Controllers\Manageclaims->add()
#2 F:\xampp\htdocs\policy-master-updated\vendor\codeigniter4\framework\system\CodeIgniter.php(400): CodeIgniter\CodeIgniter->runController(Object(App\Controllers\Manageclaims))
#3 F:\xampp\htdocs\policy-master-updated\vendor\codeigniter4\framework\system\CodeIgniter.php(308): CodeIgniter\CodeIgniter->handleRequest(NULL, Object(Config\Cache), false)
#4 F:\xampp\htdocs\policy-master-updated\index.php(84): CodeIgniter\CodeIgniter->run()
#5 {main}
CRITICAL - 2021-09-03 04:08:36 --> explode() expects parameter 2 to be string, array given
#0 [internal function]: CodeIgniter\Debug\Exceptions->errorHandler(2, 'explode() expec...', 'F:\\xampp\\htdocs...', 391, Array)
#1 F:\xampp\htdocs\policy-master-updated\app\Views\manageclaims\add.php(391): explode(',', Array)
#2 F:\xampp\htdocs\policy-master-updated\vendor\codeigniter4\framework\system\View\View.php(246): include('F:\\xampp\\htdocs...')
#3 F:\xampp\htdocs\policy-master-updated\vendor\codeigniter4\framework\system\Common.php(1087): CodeIgniter\View\View->render('manageclaims/ad...', Array, true)
#4 F:\xampp\htdocs\policy-master-updated\app\Views\templete.php(4): view('manageclaims/ad...')
#5 F:\xampp\htdocs\policy-master-updated\vendor\codeigniter4\framework\system\View\View.php(246): include('F:\\xampp\\htdocs...')
#6 F:\xampp\htdocs\policy-master-updated\vendor\codeigniter4\framework\system\Common.php(1087): CodeIgniter\View\View->render('templete', Array, true)
#7 F:\xampp\htdocs\policy-master-updated\app\Controllers\Manageclaims.php(167): view('templete', Array)
#8 F:\xampp\htdocs\policy-master-updated\vendor\codeigniter4\framework\system\CodeIgniter.php(914): App\Controllers\Manageclaims->add()
#9 F:\xampp\htdocs\policy-master-updated\vendor\codeigniter4\framework\system\CodeIgniter.php(400): CodeIgniter\CodeIgniter->runController(Object(App\Controllers\Manageclaims))
#10 F:\xampp\htdocs\policy-master-updated\vendor\codeigniter4\framework\system\CodeIgniter.php(308): CodeIgniter\CodeIgniter->handleRequest(NULL, Object(Config\Cache), false)
#11 F:\xampp\htdocs\policy-master-updated\index.php(84): CodeIgniter\CodeIgniter->run()
#12 {main}
CRITICAL - 2021-09-03 04:08:51 --> Array to string conversion
#0 F:\xampp\htdocs\policy-master-updated\app\Views\manageclaims\add.php(115): CodeIgniter\Debug\Exceptions->errorHandler(8, 'Array to string...', 'F:\\xampp\\htdocs...', 115, Array)
#1 F:\xampp\htdocs\policy-master-updated\vendor\codeigniter4\framework\system\View\View.php(246): include('F:\\xampp\\htdocs...')
#2 F:\xampp\htdocs\policy-master-updated\vendor\codeigniter4\framework\system\Common.php(1087): CodeIgniter\View\View->render('manageclaims/ad...', Array, true)
#3 F:\xampp\htdocs\policy-master-updated\app\Views\templete.php(4): view('manageclaims/ad...')
#4 F:\xampp\htdocs\policy-master-updated\vendor\codeigniter4\framework\system\View\View.php(246): include('F:\\xampp\\htdocs...')
#5 F:\xampp\htdocs\policy-master-updated\vendor\codeigniter4\framework\system\Common.php(1087): CodeIgniter\View\View->render('templete', Array, true)
#6 F:\xampp\htdocs\policy-master-updated\app\Controllers\Manageclaims.php(167): view('templete', Array)
#7 F:\xampp\htdocs\policy-master-updated\vendor\codeigniter4\framework\system\CodeIgniter.php(914): App\Controllers\Manageclaims->add()
#8 F:\xampp\htdocs\policy-master-updated\vendor\codeigniter4\framework\system\CodeIgniter.php(400): CodeIgniter\CodeIgniter->runController(Object(App\Controllers\Manageclaims))
#9 F:\xampp\htdocs\policy-master-updated\vendor\codeigniter4\framework\system\CodeIgniter.php(308): CodeIgniter\CodeIgniter->handleRequest(NULL, Object(Config\Cache), false)
#10 F:\xampp\htdocs\policy-master-updated\index.php(84): CodeIgniter\CodeIgniter->run()
#11 {main}
CRITICAL - 2021-09-03 04:10:46 --> Undefined index: email
#0 F:\xampp\htdocs\policy-master-updated\app\Views\manageclaims\add.php(115): CodeIgniter\Debug\Exceptions->errorHandler(8, 'Undefined index...', 'F:\\xampp\\htdocs...', 115, Array)
#1 F:\xampp\htdocs\policy-master-updated\vendor\codeigniter4\framework\system\View\View.php(246): include('F:\\xampp\\htdocs...')
#2 F:\xampp\htdocs\policy-master-updated\vendor\codeigniter4\framework\system\Common.php(1087): CodeIgniter\View\View->render('manageclaims/ad...', Array, true)
#3 F:\xampp\htdocs\policy-master-updated\app\Views\templete.php(4): view('manageclaims/ad...')
#4 F:\xampp\htdocs\policy-master-updated\vendor\codeigniter4\framework\system\View\View.php(246): include('F:\\xampp\\htdocs...')
#5 F:\xampp\htdocs\policy-master-updated\vendor\codeigniter4\framework\system\Common.php(1087): CodeIgniter\View\View->render('templete', Array, true)
#6 F:\xampp\htdocs\policy-master-updated\app\Controllers\Manageclaims.php(168): view('templete', Array)
#7 F:\xampp\htdocs\policy-master-updated\vendor\codeigniter4\framework\system\CodeIgniter.php(914): App\Controllers\Manageclaims->add()
#8 F:\xampp\htdocs\policy-master-updated\vendor\codeigniter4\framework\system\CodeIgniter.php(400): CodeIgniter\CodeIgniter->runController(Object(App\Controllers\Manageclaims))
#9 F:\xampp\htdocs\policy-master-updated\vendor\codeigniter4\framework\system\CodeIgniter.php(308): CodeIgniter\CodeIgniter->handleRequest(NULL, Object(Config\Cache), false)
#10 F:\xampp\htdocs\policy-master-updated\index.php(84): CodeIgniter\CodeIgniter->run()
#11 {main}
CRITICAL - 2021-09-03 04:15:54 --> Undefined variable: client
#0 F:\xampp\htdocs\policy-master-updated\app\Views\manageclaims\add.php(116): CodeIgniter\Debug\Exceptions->errorHandler(8, 'Undefined varia...', 'F:\\xampp\\htdocs...', 116, Array)
#1 F:\xampp\htdocs\policy-master-updated\vendor\codeigniter4\framework\system\View\View.php(246): include('F:\\xampp\\htdocs...')
#2 F:\xampp\htdocs\policy-master-updated\vendor\codeigniter4\framework\system\Common.php(1087): CodeIgniter\View\View->render('manageclaims/ad...', Array, true)
#3 F:\xampp\htdocs\policy-master-updated\app\Views\templete.php(4): view('manageclaims/ad...')
#4 F:\xampp\htdocs\policy-master-updated\vendor\codeigniter4\framework\system\View\View.php(246): include('F:\\xampp\\htdocs...')
#5 F:\xampp\htdocs\policy-master-updated\vendor\codeigniter4\framework\system\Common.php(1087): CodeIgniter\View\View->render('templete', Array, true)
#6 F:\xampp\htdocs\policy-master-updated\app\Controllers\Manageclaims.php(168): view('templete', Array)
#7 F:\xampp\htdocs\policy-master-updated\vendor\codeigniter4\framework\system\CodeIgniter.php(914): App\Controllers\Manageclaims->add()
#8 F:\xampp\htdocs\policy-master-updated\vendor\codeigniter4\framework\system\CodeIgniter.php(400): CodeIgniter\CodeIgniter->runController(Object(App\Controllers\Manageclaims))
#9 F:\xampp\htdocs\policy-master-updated\vendor\codeigniter4\framework\system\CodeIgniter.php(308): CodeIgniter\CodeIgniter->handleRequest(NULL, Object(Config\Cache), false)
#10 F:\xampp\htdocs\policy-master-updated\index.php(84): CodeIgniter\CodeIgniter->run()
#11 {main}
CRITICAL - 2021-09-03 04:15:59 --> Undefined variable: client
#0 F:\xampp\htdocs\policy-master-updated\app\Views\manageclaims\add.php(116): CodeIgniter\Debug\Exceptions->errorHandler(8, 'Undefined varia...', 'F:\\xampp\\htdocs...', 116, Array)
#1 F:\xampp\htdocs\policy-master-updated\vendor\codeigniter4\framework\system\View\View.php(246): include('F:\\xampp\\htdocs...')
#2 F:\xampp\htdocs\policy-master-updated\vendor\codeigniter4\framework\system\Common.php(1087): CodeIgniter\View\View->render('manageclaims/ad...', Array, true)
#3 F:\xampp\htdocs\policy-master-updated\app\Views\templete.php(4): view('manageclaims/ad...')
#4 F:\xampp\htdocs\policy-master-updated\vendor\codeigniter4\framework\system\View\View.php(246): include('F:\\xampp\\htdocs...')
#5 F:\xampp\htdocs\policy-master-updated\vendor\codeigniter4\framework\system\Common.php(1087): CodeIgniter\View\View->render('templete', Array, true)
#6 F:\xampp\htdocs\policy-master-updated\app\Controllers\Manageclaims.php(168): view('templete', Array)
#7 F:\xampp\htdocs\policy-master-updated\vendor\codeigniter4\framework\system\CodeIgniter.php(914): App\Controllers\Manageclaims->add()
#8 F:\xampp\htdocs\policy-master-updated\vendor\codeigniter4\framework\system\CodeIgniter.php(400): CodeIgniter\CodeIgniter->runController(Object(App\Controllers\Manageclaims))
#9 F:\xampp\htdocs\policy-master-updated\vendor\codeigniter4\framework\system\CodeIgniter.php(308): CodeIgniter\CodeIgniter->handleRequest(NULL, Object(Config\Cache), false)
#10 F:\xampp\htdocs\policy-master-updated\index.php(84): CodeIgniter\CodeIgniter->run()
#11 {main}
CRITICAL - 2021-09-03 04:16:06 --> Undefined variable: client
#0 F:\xampp\htdocs\policy-master-updated\app\Views\manageclaims\add.php(116): CodeIgniter\Debug\Exceptions->errorHandler(8, 'Undefined varia...', 'F:\\xampp\\htdocs...', 116, Array)
#1 F:\xampp\htdocs\policy-master-updated\vendor\codeigniter4\framework\system\View\View.php(246): include('F:\\xampp\\htdocs...')
#2 F:\xampp\htdocs\policy-master-updated\vendor\codeigniter4\framework\system\Common.php(1087): CodeIgniter\View\View->render('manageclaims/ad...', Array, true)
#3 F:\xampp\htdocs\policy-master-updated\app\Views\templete.php(4): view('manageclaims/ad...')
#4 F:\xampp\htdocs\policy-master-updated\vendor\codeigniter4\framework\system\View\View.php(246): include('F:\\xampp\\htdocs...')
#5 F:\xampp\htdocs\policy-master-updated\vendor\codeigniter4\framework\system\Common.php(1087): CodeIgniter\View\View->render('templete', Array, true)
#6 F:\xampp\htdocs\policy-master-updated\app\Controllers\Manageclaims.php(168): view('templete', Array)
#7 F:\xampp\htdocs\policy-master-updated\vendor\codeigniter4\framework\system\CodeIgniter.php(914): App\Controllers\Manageclaims->add()
#8 F:\xampp\htdocs\policy-master-updated\vendor\codeigniter4\framework\system\CodeIgniter.php(400): CodeIgniter\CodeIgniter->runController(Object(App\Controllers\Manageclaims))
#9 F:\xampp\htdocs\policy-master-updated\vendor\codeigniter4\framework\system\CodeIgniter.php(308): CodeIgniter\CodeIgniter->handleRequest(NULL, Object(Config\Cache), false)
#10 F:\xampp\htdocs\policy-master-updated\index.php(84): CodeIgniter\CodeIgniter->run()
#11 {main}
CRITICAL - 2021-09-03 04:16:29 --> Undefined variable: client
#0 F:\xampp\htdocs\policy-master-updated\app\Views\manageclaims\add.php(116): CodeIgniter\Debug\Exceptions->errorHandler(8, 'Undefined varia...', 'F:\\xampp\\htdocs...', 116, Array)
#1 F:\xampp\htdocs\policy-master-updated\vendor\codeigniter4\framework\system\View\View.php(246): include('F:\\xampp\\htdocs...')
#2 F:\xampp\htdocs\policy-master-updated\vendor\codeigniter4\framework\system\Common.php(1087): CodeIgniter\View\View->render('manageclaims/ad...', Array, true)
#3 F:\xampp\htdocs\policy-master-updated\app\Views\templete.php(4): view('manageclaims/ad...')
#4 F:\xampp\htdocs\policy-master-updated\vendor\codeigniter4\framework\system\View\View.php(246): include('F:\\xampp\\htdocs...')
#5 F:\xampp\htdocs\policy-master-updated\vendor\codeigniter4\framework\system\Common.php(1087): CodeIgniter\View\View->render('templete', Array, true)
#6 F:\xampp\htdocs\policy-master-updated\app\Controllers\Manageclaims.php(168): view('templete', Array)
#7 F:\xampp\htdocs\policy-master-updated\vendor\codeigniter4\framework\system\CodeIgniter.php(914): App\Controllers\Manageclaims->add()
#8 F:\xampp\htdocs\policy-master-updated\vendor\codeigniter4\framework\system\CodeIgniter.php(400): CodeIgniter\CodeIgniter->runController(Object(App\Controllers\Manageclaims))
#9 F:\xampp\htdocs\policy-master-updated\vendor\codeigniter4\framework\system\CodeIgniter.php(308): CodeIgniter\CodeIgniter->handleRequest(NULL, Object(Config\Cache), false)
#10 F:\xampp\htdocs\policy-master-updated\index.php(84): CodeIgniter\CodeIgniter->run()
#11 {main}
CRITICAL - 2021-09-03 04:16:53 --> syntax error, unexpected '}'
#0 F:\xampp\htdocs\policy-master-updated\vendor\codeigniter4\framework\system\Common.php(1087): CodeIgniter\View\View->render('manageclaims/ad...', Array, true)
#1 F:\xampp\htdocs\policy-master-updated\app\Views\templete.php(4): view('manageclaims/ad...')
#2 F:\xampp\htdocs\policy-master-updated\vendor\codeigniter4\framework\system\View\View.php(246): include('F:\\xampp\\htdocs...')
#3 F:\xampp\htdocs\policy-master-updated\vendor\codeigniter4\framework\system\Common.php(1087): CodeIgniter\View\View->render('templete', Array, true)
#4 F:\xampp\htdocs\policy-master-updated\app\Controllers\Manageclaims.php(168): view('templete', Array)
#5 F:\xampp\htdocs\policy-master-updated\vendor\codeigniter4\framework\system\CodeIgniter.php(914): App\Controllers\Manageclaims->add()
#6 F:\xampp\htdocs\policy-master-updated\vendor\codeigniter4\framework\system\CodeIgniter.php(400): CodeIgniter\CodeIgniter->runController(Object(App\Controllers\Manageclaims))
#7 F:\xampp\htdocs\policy-master-updated\vendor\codeigniter4\framework\system\CodeIgniter.php(308): CodeIgniter\CodeIgniter->handleRequest(NULL, Object(Config\Cache), false)
#8 F:\xampp\htdocs\policy-master-updated\index.php(84): CodeIgniter\CodeIgniter->run()
#9 {main}
CRITICAL - 2021-09-03 04:35:36 --> Undefined variable: quotation
#0 F:\xampp\htdocs\policy-master-updated\app\Views\manageclaims\add.php(30): CodeIgniter\Debug\Exceptions->errorHandler(8, 'Undefined varia...', 'F:\\xampp\\htdocs...', 30, Array)
#1 F:\xampp\htdocs\policy-master-updated\vendor\codeigniter4\framework\system\View\View.php(246): include('F:\\xampp\\htdocs...')
#2 F:\xampp\htdocs\policy-master-updated\vendor\codeigniter4\framework\system\Common.php(1087): CodeIgniter\View\View->render('manageclaims/ad...', Array, true)
#3 F:\xampp\htdocs\policy-master-updated\app\Views\templete.php(4): view('manageclaims/ad...')
#4 F:\xampp\htdocs\policy-master-updated\vendor\codeigniter4\framework\system\View\View.php(246): include('F:\\xampp\\htdocs...')
#5 F:\xampp\htdocs\policy-master-updated\vendor\codeigniter4\framework\system\Common.php(1087): CodeIgniter\View\View->render('templete', Array, true)
#6 F:\xampp\htdocs\policy-master-updated\app\Controllers\Manageclaims.php(169): view('templete', Array)
#7 F:\xampp\htdocs\policy-master-updated\vendor\codeigniter4\framework\system\CodeIgniter.php(914): App\Controllers\Manageclaims->add()
#8 F:\xampp\htdocs\policy-master-updated\vendor\codeigniter4\framework\system\CodeIgniter.php(400): CodeIgniter\CodeIgniter->runController(Object(App\Controllers\Manageclaims))
#9 F:\xampp\htdocs\policy-master-updated\vendor\codeigniter4\framework\system\CodeIgniter.php(308): CodeIgniter\CodeIgniter->handleRequest(NULL, Object(Config\Cache), false)
#10 F:\xampp\htdocs\policy-master-updated\index.php(84): CodeIgniter\CodeIgniter->run()
#11 {main}
CRITICAL - 2021-09-03 04:35:46 --> Undefined variable: quotation
#0 F:\xampp\htdocs\policy-master-updated\app\Views\manageclaims\add.php(30): CodeIgniter\Debug\Exceptions->errorHandler(8, 'Undefined varia...', 'F:\\xampp\\htdocs...', 30, Array)
#1 F:\xampp\htdocs\policy-master-updated\vendor\codeigniter4\framework\system\View\View.php(246): include('F:\\xampp\\htdocs...')
#2 F:\xampp\htdocs\policy-master-updated\vendor\codeigniter4\framework\system\Common.php(1087): CodeIgniter\View\View->render('manageclaims/ad...', Array, true)
#3 F:\xampp\htdocs\policy-master-updated\app\Views\templete.php(4): view('manageclaims/ad...')
#4 F:\xampp\htdocs\policy-master-updated\vendor\codeigniter4\framework\system\View\View.php(246): include('F:\\xampp\\htdocs...')
#5 F:\xampp\htdocs\policy-master-updated\vendor\codeigniter4\framework\system\Common.php(1087): CodeIgniter\View\View->render('templete', Array, true)
#6 F:\xampp\htdocs\policy-master-updated\app\Controllers\Manageclaims.php(169): view('templete', Array)
#7 F:\xampp\htdocs\policy-master-updated\vendor\codeigniter4\framework\system\CodeIgniter.php(914): App\Controllers\Manageclaims->add()
#8 F:\xampp\htdocs\policy-master-updated\vendor\codeigniter4\framework\system\CodeIgniter.php(400): CodeIgniter\CodeIgniter->runController(Object(App\Controllers\Manageclaims))
#9 F:\xampp\htdocs\policy-master-updated\vendor\codeigniter4\framework\system\CodeIgniter.php(308): CodeIgniter\CodeIgniter->handleRequest(NULL, Object(Config\Cache), false)
#10 F:\xampp\htdocs\policy-master-updated\index.php(84): CodeIgniter\CodeIgniter->run()
#11 {main}
CRITICAL - 2021-09-03 04:37:58 --> Undefined variable: quotation
#0 F:\xampp\htdocs\policy-master-updated\app\Views\manageclaims\add.php(30): CodeIgniter\Debug\Exceptions->errorHandler(8, 'Undefined varia...', 'F:\\xampp\\htdocs...', 30, Array)
#1 F:\xampp\htdocs\policy-master-updated\vendor\codeigniter4\framework\system\View\View.php(246): include('F:\\xampp\\htdocs...')
#2 F:\xampp\htdocs\policy-master-updated\vendor\codeigniter4\framework\system\Common.php(1087): CodeIgniter\View\View->render('manageclaims/ad...', Array, true)
#3 F:\xampp\htdocs\policy-master-updated\app\Views\templete.php(4): view('manageclaims/ad...')
#4 F:\xampp\htdocs\policy-master-updated\vendor\codeigniter4\framework\system\View\View.php(246): include('F:\\xampp\\htdocs...')
#5 F:\xampp\htdocs\policy-master-updated\vendor\codeigniter4\framework\system\Common.php(1087): CodeIgniter\View\View->render('templete', Array, true)
#6 F:\xampp\htdocs\policy-master-updated\app\Controllers\Manageclaims.php(169): view('templete', Array)
#7 F:\xampp\htdocs\policy-master-updated\vendor\codeigniter4\framework\system\CodeIgniter.php(914): App\Controllers\Manageclaims->add()
#8 F:\xampp\htdocs\policy-master-updated\vendor\codeigniter4\framework\system\CodeIgniter.php(400): CodeIgniter\CodeIgniter->runController(Object(App\Controllers\Manageclaims))
#9 F:\xampp\htdocs\policy-master-updated\vendor\codeigniter4\framework\system\CodeIgniter.php(308): CodeIgniter\CodeIgniter->handleRequest(NULL, Object(Config\Cache), false)
#10 F:\xampp\htdocs\policy-master-updated\index.php(84): CodeIgniter\CodeIgniter->run()
#11 {main}
CRITICAL - 2021-09-03 04:53:00 --> Undefined variable: M_quotation
#0 F:\xampp\htdocs\policy-master-updated\app\Controllers\Manageclaims.php(187): CodeIgniter\Debug\Exceptions->errorHandler(8, 'Undefined varia...', 'F:\\xampp\\htdocs...', 187, Array)
#1 F:\xampp\htdocs\policy-master-updated\vendor\codeigniter4\framework\system\CodeIgniter.php(914): App\Controllers\Manageclaims->view_manageclaims('1')
#2 F:\xampp\htdocs\policy-master-updated\vendor\codeigniter4\framework\system\CodeIgniter.php(400): CodeIgniter\CodeIgniter->runController(Object(App\Controllers\Manageclaims))
#3 F:\xampp\htdocs\policy-master-updated\vendor\codeigniter4\framework\system\CodeIgniter.php(308): CodeIgniter\CodeIgniter->handleRequest(NULL, Object(Config\Cache), false)
#4 F:\xampp\htdocs\policy-master-updated\index.php(84): CodeIgniter\CodeIgniter->run()
#5 {main}
CRITICAL - 2021-09-03 04:53:12 --> Column 'id' in where clause is ambiguous
#0 F:\xampp\htdocs\policy-master-updated\vendor\codeigniter4\framework\system\Database\MySQLi\Connection.php(331): mysqli->query('SELECT `manage_...')
#1 F:\xampp\htdocs\policy-master-updated\vendor\codeigniter4\framework\system\Database\BaseConnection.php(738): CodeIgniter\Database\MySQLi\Connection->execute('SELECT `manage_...')
#2 F:\xampp\htdocs\policy-master-updated\vendor\codeigniter4\framework\system\Database\BaseConnection.php(666): CodeIgniter\Database\BaseConnection->simpleQuery('SELECT `manage_...')
#3 F:\xampp\htdocs\policy-master-updated\vendor\codeigniter4\framework\system\Database\BaseBuilder.php(1845): CodeIgniter\Database\BaseConnection->query('SELECT `manage_...', Array, false)
#4 F:\xampp\htdocs\policy-master-updated\vendor\codeigniter4\framework\system\Model.php(489): CodeIgniter\Database\BaseBuilder->get()
#5 F:\xampp\htdocs\policy-master-updated\app\Controllers\Manageclaims.php(192): CodeIgniter\Model->first()
#6 F:\xampp\htdocs\policy-master-updated\vendor\codeigniter4\framework\system\CodeIgniter.php(914): App\Controllers\Manageclaims->view_manageclaims('1')
#7 F:\xampp\htdocs\policy-master-updated\vendor\codeigniter4\framework\system\CodeIgniter.php(400): CodeIgniter\CodeIgniter->runController(Object(App\Controllers\Manageclaims))
#8 F:\xampp\htdocs\policy-master-updated\vendor\codeigniter4\framework\system\CodeIgniter.php(308): CodeIgniter\CodeIgniter->handleRequest(NULL, Object(Config\Cache), false)
#9 F:\xampp\htdocs\policy-master-updated\index.php(84): CodeIgniter\CodeIgniter->run()
#10 {main}
CRITICAL - 2021-09-03 04:56:39 --> syntax error, unexpected '',manage_claims.id'' (T_CONSTANT_ENCAPSED_STRING), expecting ']'
#0 F:\xampp\htdocs\policy-master-updated\vendor\codeigniter4\framework\system\Router\Router.php(192): CodeIgniter\Router\Router->autoRoute('/manageclaims/v...')
#1 F:\xampp\htdocs\policy-master-updated\vendor\codeigniter4\framework\system\CodeIgniter.php(789): CodeIgniter\Router\Router->handle('/manageclaims/v...')
#2 F:\xampp\htdocs\policy-master-updated\vendor\codeigniter4\framework\system\CodeIgniter.php(360): CodeIgniter\CodeIgniter->tryToRouteIt(Object(CodeIgniter\Router\RouteCollection))
#3 F:\xampp\htdocs\policy-master-updated\vendor\codeigniter4\framework\system\CodeIgniter.php(308): CodeIgniter\CodeIgniter->handleRequest(NULL, Object(Config\Cache), false)
#4 F:\xampp\htdocs\policy-master-updated\index.php(84): CodeIgniter\CodeIgniter->run()
#5 {main}
CRITICAL - 2021-09-03 04:59:58 --> Undefined variable: branches
#0 F:\xampp\htdocs\policy-master-updated\app\Views\manageclaims\display.php(28): CodeIgniter\Debug\Exceptions->errorHandler(8, 'Undefined varia...', 'F:\\xampp\\htdocs...', 28, Array)
#1 F:\xampp\htdocs\policy-master-updated\vendor\codeigniter4\framework\system\View\View.php(246): include('F:\\xampp\\htdocs...')
#2 F:\xampp\htdocs\policy-master-updated\vendor\codeigniter4\framework\system\Common.php(1087): CodeIgniter\View\View->render('manageclaims/di...', Array, true)
#3 F:\xampp\htdocs\policy-master-updated\app\Views\templete.php(4): view('manageclaims/di...')
#4 F:\xampp\htdocs\policy-master-updated\vendor\codeigniter4\framework\system\View\View.php(246): include('F:\\xampp\\htdocs...')
#5 F:\xampp\htdocs\policy-master-updated\vendor\codeigniter4\framework\system\Common.php(1087): CodeIgniter\View\View->render('templete', Array, true)
#6 F:\xampp\htdocs\policy-master-updated\app\Controllers\Manageclaims.php(223): view('templete', Array)
#7 F:\xampp\htdocs\policy-master-updated\vendor\codeigniter4\framework\system\CodeIgniter.php(914): App\Controllers\Manageclaims->view_manageclaims('9')
#8 F:\xampp\htdocs\policy-master-updated\vendor\codeigniter4\framework\system\CodeIgniter.php(400): CodeIgniter\CodeIgniter->runController(Object(App\Controllers\Manageclaims))
#9 F:\xampp\htdocs\policy-master-updated\vendor\codeigniter4\framework\system\CodeIgniter.php(308): CodeIgniter\CodeIgniter->handleRequest(NULL, Object(Config\Cache), false)
#10 F:\xampp\htdocs\policy-master-updated\index.php(84): CodeIgniter\CodeIgniter->run()
#11 {main}
CRITICAL - 2021-09-03 05:00:17 --> Undefined index: fk_branch_id
#0 F:\xampp\htdocs\policy-master-updated\app\Views\manageclaims\display.php(29): CodeIgniter\Debug\Exceptions->errorHandler(8, 'Undefined index...', 'F:\\xampp\\htdocs...', 29, Array)
#1 F:\xampp\htdocs\policy-master-updated\vendor\codeigniter4\framework\system\View\View.php(246): include('F:\\xampp\\htdocs...')
#2 F:\xampp\htdocs\policy-master-updated\vendor\codeigniter4\framework\system\Common.php(1087): CodeIgniter\View\View->render('manageclaims/di...', Array, true)
#3 F:\xampp\htdocs\policy-master-updated\app\Views\templete.php(4): view('manageclaims/di...')
#4 F:\xampp\htdocs\policy-master-updated\vendor\codeigniter4\framework\system\View\View.php(246): include('F:\\xampp\\htdocs...')
#5 F:\xampp\htdocs\policy-master-updated\vendor\codeigniter4\framework\system\Common.php(1087): CodeIgniter\View\View->render('templete', Array, true)
#6 F:\xampp\htdocs\policy-master-updated\app\Controllers\Manageclaims.php(223): view('templete', Array)
#7 F:\xampp\htdocs\policy-master-updated\vendor\codeigniter4\framework\system\CodeIgniter.php(914): App\Controllers\Manageclaims->view_manageclaims('9')
#8 F:\xampp\htdocs\policy-master-updated\vendor\codeigniter4\framework\system\CodeIgniter.php(400): CodeIgniter\CodeIgniter->runController(Object(App\Controllers\Manageclaims))
#9 F:\xampp\htdocs\policy-master-updated\vendor\codeigniter4\framework\system\CodeIgniter.php(308): CodeIgniter\CodeIgniter->handleRequest(NULL, Object(Config\Cache), false)
#10 F:\xampp\htdocs\policy-master-updated\index.php(84): CodeIgniter\CodeIgniter->run()
#11 {main}
CRITICAL - 2021-09-03 05:01:01 --> Undefined variable: client
#0 F:\xampp\htdocs\policy-master-updated\app\Views\manageclaims\display.php(114): CodeIgniter\Debug\Exceptions->errorHandler(8, 'Undefined varia...', 'F:\\xampp\\htdocs...', 114, Array)
#1 F:\xampp\htdocs\policy-master-updated\vendor\codeigniter4\framework\system\View\View.php(246): include('F:\\xampp\\htdocs...')
#2 F:\xampp\htdocs\policy-master-updated\vendor\codeigniter4\framework\system\Common.php(1087): CodeIgniter\View\View->render('manageclaims/di...', Array, true)
#3 F:\xampp\htdocs\policy-master-updated\app\Views\templete.php(4): view('manageclaims/di...')
#4 F:\xampp\htdocs\policy-master-updated\vendor\codeigniter4\framework\system\View\View.php(246): include('F:\\xampp\\htdocs...')
#5 F:\xampp\htdocs\policy-master-updated\vendor\codeigniter4\framework\system\Common.php(1087): CodeIgniter\View\View->render('templete', Array, true)
#6 F:\xampp\htdocs\policy-master-updated\app\Controllers\Manageclaims.php(224): view('templete', Array)
#7 F:\xampp\htdocs\policy-master-updated\vendor\codeigniter4\framework\system\CodeIgniter.php(914): App\Controllers\Manageclaims->view_manageclaims('9')
#8 F:\xampp\htdocs\policy-master-updated\vendor\codeigniter4\framework\system\CodeIgniter.php(400): CodeIgniter\CodeIgniter->runController(Object(App\Controllers\Manageclaims))
#9 F:\xampp\htdocs\policy-master-updated\vendor\codeigniter4\framework\system\CodeIgniter.php(308): CodeIgniter\CodeIgniter->handleRequest(NULL, Object(Config\Cache), false)
#10 F:\xampp\htdocs\policy-master-updated\index.php(84): CodeIgniter\CodeIgniter->run()
#11 {main}
CRITICAL - 2021-09-03 05:01:29 --> Undefined index: email
#0 F:\xampp\htdocs\policy-master-updated\app\Views\manageclaims\display.php(114): CodeIgniter\Debug\Exceptions->errorHandler(8, 'Undefined index...', 'F:\\xampp\\htdocs...', 114, Array)
#1 F:\xampp\htdocs\policy-master-updated\vendor\codeigniter4\framework\system\View\View.php(246): include('F:\\xampp\\htdocs...')
#2 F:\xampp\htdocs\policy-master-updated\vendor\codeigniter4\framework\system\Common.php(1087): CodeIgniter\View\View->render('manageclaims/di...', Array, true)
#3 F:\xampp\htdocs\policy-master-updated\app\Views\templete.php(4): view('manageclaims/di...')
#4 F:\xampp\htdocs\policy-master-updated\vendor\codeigniter4\framework\system\View\View.php(246): include('F:\\xampp\\htdocs...')
#5 F:\xampp\htdocs\policy-master-updated\vendor\codeigniter4\framework\system\Common.php(1087): CodeIgniter\View\View->render('templete', Array, true)
#6 F:\xampp\htdocs\policy-master-updated\app\Controllers\Manageclaims.php(224): view('templete', Array)
#7 F:\xampp\htdocs\policy-master-updated\vendor\codeigniter4\framework\system\CodeIgniter.php(914): App\Controllers\Manageclaims->view_manageclaims('9')
#8 F:\xampp\htdocs\policy-master-updated\vendor\codeigniter4\framework\system\CodeIgniter.php(400): CodeIgniter\CodeIgniter->runController(Object(App\Controllers\Manageclaims))
#9 F:\xampp\htdocs\policy-master-updated\vendor\codeigniter4\framework\system\CodeIgniter.php(308): CodeIgniter\CodeIgniter->handleRequest(NULL, Object(Config\Cache), false)
#10 F:\xampp\htdocs\policy-master-updated\index.php(84): CodeIgniter\CodeIgniter->run()
#11 {main}
CRITICAL - 2021-09-03 05:01:48 --> Undefined index: email
#0 F:\xampp\htdocs\policy-master-updated\app\Views\manageclaims\display.php(114): CodeIgniter\Debug\Exceptions->errorHandler(8, 'Undefined index...', 'F:\\xampp\\htdocs...', 114, Array)
#1 F:\xampp\htdocs\policy-master-updated\vendor\codeigniter4\framework\system\View\View.php(246): include('F:\\xampp\\htdocs...')
#2 F:\xampp\htdocs\policy-master-updated\vendor\codeigniter4\framework\system\Common.php(1087): CodeIgniter\View\View->render('manageclaims/di...', Array, true)
#3 F:\xampp\htdocs\policy-master-updated\app\Views\templete.php(4): view('manageclaims/di...')
#4 F:\xampp\htdocs\policy-master-updated\vendor\codeigniter4\framework\system\View\View.php(246): include('F:\\xampp\\htdocs...')
#5 F:\xampp\htdocs\policy-master-updated\vendor\codeigniter4\framework\system\Common.php(1087): CodeIgniter\View\View->render('templete', Array, true)
#6 F:\xampp\htdocs\policy-master-updated\app\Controllers\Manageclaims.php(224): view('templete', Array)
#7 F:\xampp\htdocs\policy-master-updated\vendor\codeigniter4\framework\system\CodeIgniter.php(914): App\Controllers\Manageclaims->view_manageclaims('9')
#8 F:\xampp\htdocs\policy-master-updated\vendor\codeigniter4\framework\system\CodeIgniter.php(400): CodeIgniter\CodeIgniter->runController(Object(App\Controllers\Manageclaims))
#9 F:\xampp\htdocs\policy-master-updated\vendor\codeigniter4\framework\system\CodeIgniter.php(308): CodeIgniter\CodeIgniter->handleRequest(NULL, Object(Config\Cache), false)
#10 F:\xampp\htdocs\policy-master-updated\index.php(84): CodeIgniter\CodeIgniter->run()
#11 {main}
CRITICAL - 2021-09-03 05:09:48 --> Undefined index: email
#0 F:\xampp\htdocs\policy-master-updated\app\Views\manageclaims\display.php(114): CodeIgniter\Debug\Exceptions->errorHandler(8, 'Undefined index...', 'F:\\xampp\\htdocs...', 114, Array)
#1 F:\xampp\htdocs\policy-master-updated\vendor\codeigniter4\framework\system\View\View.php(246): include('F:\\xampp\\htdocs...')
#2 F:\xampp\htdocs\policy-master-updated\vendor\codeigniter4\framework\system\Common.php(1087): CodeIgniter\View\View->render('manageclaims/di...', Array, true)
#3 F:\xampp\htdocs\policy-master-updated\app\Views\templete.php(4): view('manageclaims/di...')
#4 F:\xampp\htdocs\policy-master-updated\vendor\codeigniter4\framework\system\View\View.php(246): include('F:\\xampp\\htdocs...')
#5 F:\xampp\htdocs\policy-master-updated\vendor\codeigniter4\framework\system\Common.php(1087): CodeIgniter\View\View->render('templete', Array, true)
#6 F:\xampp\htdocs\policy-master-updated\app\Controllers\Manageclaims.php(224): view('templete', Array)
#7 F:\xampp\htdocs\policy-master-updated\vendor\codeigniter4\framework\system\CodeIgniter.php(914): App\Controllers\Manageclaims->view_manageclaims('9')
#8 F:\xampp\htdocs\policy-master-updated\vendor\codeigniter4\framework\system\CodeIgniter.php(400): CodeIgniter\CodeIgniter->runController(Object(App\Controllers\Manageclaims))
#9 F:\xampp\htdocs\policy-master-updated\vendor\codeigniter4\framework\system\CodeIgniter.php(308): CodeIgniter\CodeIgniter->handleRequest(NULL, Object(Config\Cache), false)
#10 F:\xampp\htdocs\policy-master-updated\index.php(84): CodeIgniter\CodeIgniter->run()
#11 {main}
CRITICAL - 2021-09-03 05:10:37 --> Undefined variable: vehicle_maker
#0 F:\xampp\htdocs\policy-master-updated\app\Views\manageclaims\display.php(167): CodeIgniter\Debug\Exceptions->errorHandler(8, 'Undefined varia...', 'F:\\xampp\\htdocs...', 167, Array)
#1 F:\xampp\htdocs\policy-master-updated\vendor\codeigniter4\framework\system\View\View.php(246): include('F:\\xampp\\htdocs...')
#2 F:\xampp\htdocs\policy-master-updated\vendor\codeigniter4\framework\system\Common.php(1087): CodeIgniter\View\View->render('manageclaims/di...', Array, true)
#3 F:\xampp\htdocs\policy-master-updated\app\Views\templete.php(4): view('manageclaims/di...')
#4 F:\xampp\htdocs\policy-master-updated\vendor\codeigniter4\framework\system\View\View.php(246): include('F:\\xampp\\htdocs...')
#5 F:\xampp\htdocs\policy-master-updated\vendor\codeigniter4\framework\system\Common.php(1087): CodeIgniter\View\View->render('templete', Array, true)
#6 F:\xampp\htdocs\policy-master-updated\app\Controllers\Manageclaims.php(224): view('templete', Array)
#7 F:\xampp\htdocs\policy-master-updated\vendor\codeigniter4\framework\system\CodeIgniter.php(914): App\Controllers\Manageclaims->view_manageclaims('9')
#8 F:\xampp\htdocs\policy-master-updated\vendor\codeigniter4\framework\system\CodeIgniter.php(400): CodeIgniter\CodeIgniter->runController(Object(App\Controllers\Manageclaims))
#9 F:\xampp\htdocs\policy-master-updated\vendor\codeigniter4\framework\system\CodeIgniter.php(308): CodeIgniter\CodeIgniter->handleRequest(NULL, Object(Config\Cache), false)
#10 F:\xampp\htdocs\policy-master-updated\index.php(84): CodeIgniter\CodeIgniter->run()
#11 {main}
CRITICAL - 2021-09-03 05:17:21 --> syntax error, unexpected '$M_quotation' (T_VARIABLE)
#0 F:\xampp\htdocs\policy-master-updated\vendor\codeigniter4\framework\system\Router\Router.php(192): CodeIgniter\Router\Router->autoRoute('/manageclaims/a...')
#1 F:\xampp\htdocs\policy-master-updated\vendor\codeigniter4\framework\system\CodeIgniter.php(789): CodeIgniter\Router\Router->handle('/manageclaims/a...')
#2 F:\xampp\htdocs\policy-master-updated\vendor\codeigniter4\framework\system\CodeIgniter.php(360): CodeIgniter\CodeIgniter->tryToRouteIt(Object(CodeIgniter\Router\RouteCollection))
#3 F:\xampp\htdocs\policy-master-updated\vendor\codeigniter4\framework\system\CodeIgniter.php(308): CodeIgniter\CodeIgniter->handleRequest(NULL, Object(Config\Cache), false)
#4 F:\xampp\htdocs\policy-master-updated\index.php(84): CodeIgniter\CodeIgniter->run()
#5 {main}
CRITICAL - 2021-09-03 05:18:02 --> syntax error, unexpected '$M_quotation' (T_VARIABLE)
#0 F:\xampp\htdocs\policy-master-updated\vendor\codeigniter4\framework\system\Router\Router.php(192): CodeIgniter\Router\Router->autoRoute('/manageclaims/a...')
#1 F:\xampp\htdocs\policy-master-updated\vendor\codeigniter4\framework\system\CodeIgniter.php(789): CodeIgniter\Router\Router->handle('/manageclaims/a...')
#2 F:\xampp\htdocs\policy-master-updated\vendor\codeigniter4\framework\system\CodeIgniter.php(360): CodeIgniter\CodeIgniter->tryToRouteIt(Object(CodeIgniter\Router\RouteCollection))
#3 F:\xampp\htdocs\policy-master-updated\vendor\codeigniter4\framework\system\CodeIgniter.php(308): CodeIgniter\CodeIgniter->handleRequest(NULL, Object(Config\Cache), false)
#4 F:\xampp\htdocs\policy-master-updated\index.php(84): CodeIgniter\CodeIgniter->run()
#5 {main}
CRITICAL - 2021-09-03 05:29:51 --> Undefined variable: vehicle_maker
#0 F:\xampp\htdocs\policy-master-updated\app\Views\manageclaims\display.php(167): CodeIgniter\Debug\Exceptions->errorHandler(8, 'Undefined varia...', 'F:\\xampp\\htdocs...', 167, Array)
#1 F:\xampp\htdocs\policy-master-updated\vendor\codeigniter4\framework\system\View\View.php(246): include('F:\\xampp\\htdocs...')
#2 F:\xampp\htdocs\policy-master-updated\vendor\codeigniter4\framework\system\Common.php(1087): CodeIgniter\View\View->render('manageclaims/di...', Array, true)
#3 F:\xampp\htdocs\policy-master-updated\app\Views\templete.php(4): view('manageclaims/di...')
#4 F:\xampp\htdocs\policy-master-updated\vendor\codeigniter4\framework\system\View\View.php(246): include('F:\\xampp\\htdocs...')
#5 F:\xampp\htdocs\policy-master-updated\vendor\codeigniter4\framework\system\Common.php(1087): CodeIgniter\View\View->render('templete', Array, true)
#6 F:\xampp\htdocs\policy-master-updated\app\Controllers\Manageclaims.php(199): view('templete', Array)
#7 F:\xampp\htdocs\policy-master-updated\vendor\codeigniter4\framework\system\CodeIgniter.php(914): App\Controllers\Manageclaims->view_manageclaims('1')
#8 F:\xampp\htdocs\policy-master-updated\vendor\codeigniter4\framework\system\CodeIgniter.php(400): CodeIgniter\CodeIgniter->runController(Object(App\Controllers\Manageclaims))
#9 F:\xampp\htdocs\policy-master-updated\vendor\codeigniter4\framework\system\CodeIgniter.php(308): CodeIgniter\CodeIgniter->handleRequest(NULL, Object(Config\Cache), false)
#10 F:\xampp\htdocs\policy-master-updated\index.php(84): CodeIgniter\CodeIgniter->run()
#11 {main}
CRITICAL - 2021-09-03 05:31:53 --> Unknown column 'manage_claims.vehicle_maker_id' in 'on clause'
#0 F:\xampp\htdocs\policy-master-updated\vendor\codeigniter4\framework\system\Database\MySQLi\Connection.php(331): mysqli->query('SELECT `manage_...')
#1 F:\xampp\htdocs\policy-master-updated\vendor\codeigniter4\framework\system\Database\BaseConnection.php(738): CodeIgniter\Database\MySQLi\Connection->execute('SELECT `manage_...')
#2 F:\xampp\htdocs\policy-master-updated\vendor\codeigniter4\framework\system\Database\BaseConnection.php(666): CodeIgniter\Database\BaseConnection->simpleQuery('SELECT `manage_...')
#3 F:\xampp\htdocs\policy-master-updated\vendor\codeigniter4\framework\system\Database\BaseBuilder.php(1845): CodeIgniter\Database\BaseConnection->query('SELECT `manage_...', Array, false)
#4 F:\xampp\htdocs\policy-master-updated\vendor\codeigniter4\framework\system\Model.php(489): CodeIgniter\Database\BaseBuilder->get()
#5 F:\xampp\htdocs\policy-master-updated\app\Controllers\Manageclaims.php(200): CodeIgniter\Model->first()
#6 F:\xampp\htdocs\policy-master-updated\vendor\codeigniter4\framework\system\CodeIgniter.php(914): App\Controllers\Manageclaims->view_manageclaims('1')
#7 F:\xampp\htdocs\policy-master-updated\vendor\codeigniter4\framework\system\CodeIgniter.php(400): CodeIgniter\CodeIgniter->runController(Object(App\Controllers\Manageclaims))
#8 F:\xampp\htdocs\policy-master-updated\vendor\codeigniter4\framework\system\CodeIgniter.php(308): CodeIgniter\CodeIgniter->handleRequest(NULL, Object(Config\Cache), false)
#9 F:\xampp\htdocs\policy-master-updated\index.php(84): CodeIgniter\CodeIgniter->run()
#10 {main}
CRITICAL - 2021-09-03 05:32:35 --> Undefined variable: vehicle_maker
#0 F:\xampp\htdocs\policy-master-updated\app\Views\manageclaims\display.php(167): CodeIgniter\Debug\Exceptions->errorHandler(8, 'Undefined varia...', 'F:\\xampp\\htdocs...', 167, Array)
#1 F:\xampp\htdocs\policy-master-updated\vendor\codeigniter4\framework\system\View\View.php(246): include('F:\\xampp\\htdocs...')
#2 F:\xampp\htdocs\policy-master-updated\vendor\codeigniter4\framework\system\Common.php(1087): CodeIgniter\View\View->render('manageclaims/di...', Array, true)
#3 F:\xampp\htdocs\policy-master-updated\app\Views\templete.php(4): view('manageclaims/di...')
#4 F:\xampp\htdocs\policy-master-updated\vendor\codeigniter4\framework\system\View\View.php(246): include('F:\\xampp\\htdocs...')
#5 F:\xampp\htdocs\policy-master-updated\vendor\codeigniter4\framework\system\Common.php(1087): CodeIgniter\View\View->render('templete', Array, true)
#6 F:\xampp\htdocs\policy-master-updated\app\Controllers\Manageclaims.php(202): view('templete', Array)
#7 F:\xampp\htdocs\policy-master-updated\vendor\codeigniter4\framework\system\CodeIgniter.php(914): App\Controllers\Manageclaims->view_manageclaims('1')
#8 F:\xampp\htdocs\policy-master-updated\vendor\codeigniter4\framework\system\CodeIgniter.php(400): CodeIgniter\CodeIgniter->runController(Object(App\Controllers\Manageclaims))
#9 F:\xampp\htdocs\policy-master-updated\vendor\codeigniter4\framework\system\CodeIgniter.php(308): CodeIgniter\CodeIgniter->handleRequest(NULL, Object(Config\Cache), false)
#10 F:\xampp\htdocs\policy-master-updated\index.php(84): CodeIgniter\CodeIgniter->run()
#11 {main}
CRITICAL - 2021-09-03 05:34:26 --> Undefined variable: vehicle_maker
#0 F:\xampp\htdocs\policy-master-updated\app\Views\manageclaims\display.php(167): CodeIgniter\Debug\Exceptions->errorHandler(8, 'Undefined varia...', 'F:\\xampp\\htdocs...', 167, Array)
#1 F:\xampp\htdocs\policy-master-updated\vendor\codeigniter4\framework\system\View\View.php(246): include('F:\\xampp\\htdocs...')
#2 F:\xampp\htdocs\policy-master-updated\vendor\codeigniter4\framework\system\Common.php(1087): CodeIgniter\View\View->render('manageclaims/di...', Array, true)
#3 F:\xampp\htdocs\policy-master-updated\app\Views\templete.php(4): view('manageclaims/di...')
#4 F:\xampp\htdocs\policy-master-updated\vendor\codeigniter4\framework\system\View\View.php(246): include('F:\\xampp\\htdocs...')
#5 F:\xampp\htdocs\policy-master-updated\vendor\codeigniter4\framework\system\Common.php(1087): CodeIgniter\View\View->render('templete', Array, true)
#6 F:\xampp\htdocs\policy-master-updated\app\Controllers\Manageclaims.php(202): view('templete', Array)
#7 F:\xampp\htdocs\policy-master-updated\vendor\codeigniter4\framework\system\CodeIgniter.php(914): App\Controllers\Manageclaims->view_manageclaims('1')
#8 F:\xampp\htdocs\policy-master-updated\vendor\codeigniter4\framework\system\CodeIgniter.php(400): CodeIgniter\CodeIgniter->runController(Object(App\Controllers\Manageclaims))
#9 F:\xampp\htdocs\policy-master-updated\vendor\codeigniter4\framework\system\CodeIgniter.php(308): CodeIgniter\CodeIgniter->handleRequest(NULL, Object(Config\Cache), false)
#10 F:\xampp\htdocs\policy-master-updated\index.php(84): CodeIgniter\CodeIgniter->run()
#11 {main}
CRITICAL - 2021-09-03 05:36:01 --> Undefined variable: vehicle_make
#0 F:\xampp\htdocs\policy-master-updated\app\Views\manageclaims\display.php(169): CodeIgniter\Debug\Exceptions->errorHandler(8, 'Undefined varia...', 'F:\\xampp\\htdocs...', 169, Array)
#1 F:\xampp\htdocs\policy-master-updated\vendor\codeigniter4\framework\system\View\View.php(246): include('F:\\xampp\\htdocs...')
#2 F:\xampp\htdocs\policy-master-updated\vendor\codeigniter4\framework\system\Common.php(1087): CodeIgniter\View\View->render('manageclaims/di...', Array, true)
#3 F:\xampp\htdocs\policy-master-updated\app\Views\templete.php(4): view('manageclaims/di...')
#4 F:\xampp\htdocs\policy-master-updated\vendor\codeigniter4\framework\system\View\View.php(246): include('F:\\xampp\\htdocs...')
#5 F:\xampp\htdocs\policy-master-updated\vendor\codeigniter4\framework\system\Common.php(1087): CodeIgniter\View\View->render('templete', Array, true)
#6 F:\xampp\htdocs\policy-master-updated\app\Controllers\Manageclaims.php(202): view('templete', Array)
#7 F:\xampp\htdocs\policy-master-updated\vendor\codeigniter4\framework\system\CodeIgniter.php(914): App\Controllers\Manageclaims->view_manageclaims('1')
#8 F:\xampp\htdocs\policy-master-updated\vendor\codeigniter4\framework\system\CodeIgniter.php(400): CodeIgniter\CodeIgniter->runController(Object(App\Controllers\Manageclaims))
#9 F:\xampp\htdocs\policy-master-updated\vendor\codeigniter4\framework\system\CodeIgniter.php(308): CodeIgniter\CodeIgniter->handleRequest(NULL, Object(Config\Cache), false)
#10 F:\xampp\htdocs\policy-master-updated\index.php(84): CodeIgniter\CodeIgniter->run()
#11 {main}
CRITICAL - 2021-09-03 05:38:12 --> Undefined variable: vehicle_model
#0 F:\xampp\htdocs\policy-master-updated\app\Views\manageclaims\display.php(173): CodeIgniter\Debug\Exceptions->errorHandler(8, 'Undefined varia...', 'F:\\xampp\\htdocs...', 173, Array)
#1 F:\xampp\htdocs\policy-master-updated\vendor\codeigniter4\framework\system\View\View.php(246): include('F:\\xampp\\htdocs...')
#2 F:\xampp\htdocs\policy-master-updated\vendor\codeigniter4\framework\system\Common.php(1087): CodeIgniter\View\View->render('manageclaims/di...', Array, true)
#3 F:\xampp\htdocs\policy-master-updated\app\Views\templete.php(4): view('manageclaims/di...')
#4 F:\xampp\htdocs\policy-master-updated\vendor\codeigniter4\framework\system\View\View.php(246): include('F:\\xampp\\htdocs...')
#5 F:\xampp\htdocs\policy-master-updated\vendor\codeigniter4\framework\system\Common.php(1087): CodeIgniter\View\View->render('templete', Array, true)
#6 F:\xampp\htdocs\policy-master-updated\app\Controllers\Manageclaims.php(202): view('templete', Array)
#7 F:\xampp\htdocs\policy-master-updated\vendor\codeigniter4\framework\system\CodeIgniter.php(914): App\Controllers\Manageclaims->view_manageclaims('1')
#8 F:\xampp\htdocs\policy-master-updated\vendor\codeigniter4\framework\system\CodeIgniter.php(400): CodeIgniter\CodeIgniter->runController(Object(App\Controllers\Manageclaims))
#9 F:\xampp\htdocs\policy-master-updated\vendor\codeigniter4\framework\system\CodeIgniter.php(308): CodeIgniter\CodeIgniter->handleRequest(NULL, Object(Config\Cache), false)
#10 F:\xampp\htdocs\policy-master-updated\index.php(84): CodeIgniter\CodeIgniter->run()
#11 {main}
CRITICAL - 2021-09-03 05:38:39 --> Unknown column 'vehicle_model.vehilce_model_name' in 'field list'
#0 F:\xampp\htdocs\policy-master-updated\vendor\codeigniter4\framework\system\Database\MySQLi\Connection.php(331): mysqli->query('SELECT `manage_...')
#1 F:\xampp\htdocs\policy-master-updated\vendor\codeigniter4\framework\system\Database\BaseConnection.php(738): CodeIgniter\Database\MySQLi\Connection->execute('SELECT `manage_...')
#2 F:\xampp\htdocs\policy-master-updated\vendor\codeigniter4\framework\system\Database\BaseConnection.php(666): CodeIgniter\Database\BaseConnection->simpleQuery('SELECT `manage_...')
#3 F:\xampp\htdocs\policy-master-updated\vendor\codeigniter4\framework\system\Database\BaseBuilder.php(1845): CodeIgniter\Database\BaseConnection->query('SELECT `manage_...', Array, false)
#4 F:\xampp\htdocs\policy-master-updated\vendor\codeigniter4\framework\system\Model.php(489): CodeIgniter\Database\BaseBuilder->get()
#5 F:\xampp\htdocs\policy-master-updated\app\Controllers\Manageclaims.php(200): CodeIgniter\Model->first()
#6 F:\xampp\htdocs\policy-master-updated\vendor\codeigniter4\framework\system\CodeIgniter.php(914): App\Controllers\Manageclaims->view_manageclaims('1')
#7 F:\xampp\htdocs\policy-master-updated\vendor\codeigniter4\framework\system\CodeIgniter.php(400): CodeIgniter\CodeIgniter->runController(Object(App\Controllers\Manageclaims))
#8 F:\xampp\htdocs\policy-master-updated\vendor\codeigniter4\framework\system\CodeIgniter.php(308): CodeIgniter\CodeIgniter->handleRequest(NULL, Object(Config\Cache), false)
#9 F:\xampp\htdocs\policy-master-updated\index.php(84): CodeIgniter\CodeIgniter->run()
#10 {main}
CRITICAL - 2021-09-03 05:38:52 --> Undefined variable: number
#0 F:\xampp\htdocs\policy-master-updated\app\Views\manageclaims\display.php(204): CodeIgniter\Debug\Exceptions->errorHandler(8, 'Undefined varia...', 'F:\\xampp\\htdocs...', 204, Array)
#1 F:\xampp\htdocs\policy-master-updated\vendor\codeigniter4\framework\system\View\View.php(246): include('F:\\xampp\\htdocs...')
#2 F:\xampp\htdocs\policy-master-updated\vendor\codeigniter4\framework\system\Common.php(1087): CodeIgniter\View\View->render('manageclaims/di...', Array, true)
#3 F:\xampp\htdocs\policy-master-updated\app\Views\templete.php(4): view('manageclaims/di...')
#4 F:\xampp\htdocs\policy-master-updated\vendor\codeigniter4\framework\system\View\View.php(246): include('F:\\xampp\\htdocs...')
#5 F:\xampp\htdocs\policy-master-updated\vendor\codeigniter4\framework\system\Common.php(1087): CodeIgniter\View\View->render('templete', Array, true)
#6 F:\xampp\htdocs\policy-master-updated\app\Controllers\Manageclaims.php(202): view('templete', Array)
#7 F:\xampp\htdocs\policy-master-updated\vendor\codeigniter4\framework\system\CodeIgniter.php(914): App\Controllers\Manageclaims->view_manageclaims('1')
#8 F:\xampp\htdocs\policy-master-updated\vendor\codeigniter4\framework\system\CodeIgniter.php(400): CodeIgniter\CodeIgniter->runController(Object(App\Controllers\Manageclaims))
#9 F:\xampp\htdocs\policy-master-updated\vendor\codeigniter4\framework\system\CodeIgniter.php(308): CodeIgniter\CodeIgniter->handleRequest(NULL, Object(Config\Cache), false)
#10 F:\xampp\htdocs\policy-master-updated\index.php(84): CodeIgniter\CodeIgniter->run()
#11 {main}
CRITICAL - 2021-09-03 05:39:19 --> Undefined variable: number
#0 F:\xampp\htdocs\policy-master-updated\app\Views\manageclaims\display.php(204): CodeIgniter\Debug\Exceptions->errorHandler(8, 'Undefined varia...', 'F:\\xampp\\htdocs...', 204, Array)
#1 F:\xampp\htdocs\policy-master-updated\vendor\codeigniter4\framework\system\View\View.php(246): include('F:\\xampp\\htdocs...')
#2 F:\xampp\htdocs\policy-master-updated\vendor\codeigniter4\framework\system\Common.php(1087): CodeIgniter\View\View->render('manageclaims/di...', Array, true)
#3 F:\xampp\htdocs\policy-master-updated\app\Views\templete.php(4): view('manageclaims/di...')
#4 F:\xampp\htdocs\policy-master-updated\vendor\codeigniter4\framework\system\View\View.php(246): include('F:\\xampp\\htdocs...')
#5 F:\xampp\htdocs\policy-master-updated\vendor\codeigniter4\framework\system\Common.php(1087): CodeIgniter\View\View->render('templete', Array, true)
#6 F:\xampp\htdocs\policy-master-updated\app\Controllers\Manageclaims.php(202): view('templete', Array)
#7 F:\xampp\htdocs\policy-master-updated\vendor\codeigniter4\framework\system\CodeIgniter.php(914): App\Controllers\Manageclaims->view_manageclaims('1')
#8 F:\xampp\htdocs\policy-master-updated\vendor\codeigniter4\framework\system\CodeIgniter.php(400): CodeIgniter\CodeIgniter->runController(Object(App\Controllers\Manageclaims))
#9 F:\xampp\htdocs\policy-master-updated\vendor\codeigniter4\framework\system\CodeIgniter.php(308): CodeIgniter\CodeIgniter->handleRequest(NULL, Object(Config\Cache), false)
#10 F:\xampp\htdocs\policy-master-updated\index.php(84): CodeIgniter\CodeIgniter->run()
#11 {main}
CRITICAL - 2021-09-03 05:40:05 --> Undefined variable: number
#0 F:\xampp\htdocs\policy-master-updated\app\Views\manageclaims\display.php(204): CodeIgniter\Debug\Exceptions->errorHandler(8, 'Undefined varia...', 'F:\\xampp\\htdocs...', 204, Array)
#1 F:\xampp\htdocs\policy-master-updated\vendor\codeigniter4\framework\system\View\View.php(246): include('F:\\xampp\\htdocs...')
#2 F:\xampp\htdocs\policy-master-updated\vendor\codeigniter4\framework\system\Common.php(1087): CodeIgniter\View\View->render('manageclaims/di...', Array, true)
#3 F:\xampp\htdocs\policy-master-updated\app\Views\templete.php(4): view('manageclaims/di...')
#4 F:\xampp\htdocs\policy-master-updated\vendor\codeigniter4\framework\system\View\View.php(246): include('F:\\xampp\\htdocs...')
#5 F:\xampp\htdocs\policy-master-updated\vendor\codeigniter4\framework\system\Common.php(1087): CodeIgniter\View\View->render('templete', Array, true)
#6 F:\xampp\htdocs\policy-master-updated\app\Controllers\Manageclaims.php(202): view('templete', Array)
#7 F:\xampp\htdocs\policy-master-updated\vendor\codeigniter4\framework\system\CodeIgniter.php(914): App\Controllers\Manageclaims->view_manageclaims('1')
#8 F:\xampp\htdocs\policy-master-updated\vendor\codeigniter4\framework\system\CodeIgniter.php(400): CodeIgniter\CodeIgniter->runController(Object(App\Controllers\Manageclaims))
#9 F:\xampp\htdocs\policy-master-updated\vendor\codeigniter4\framework\system\CodeIgniter.php(308): CodeIgniter\CodeIgniter->handleRequest(NULL, Object(Config\Cache), false)
#10 F:\xampp\htdocs\policy-master-updated\index.php(84): CodeIgniter\CodeIgniter->run()
#11 {main}
CRITICAL - 2021-09-03 05:40:14 --> Undefined variable: number
#0 F:\xampp\htdocs\policy-master-updated\app\Views\manageclaims\display.php(224): CodeIgniter\Debug\Exceptions->errorHandler(8, 'Undefined varia...', 'F:\\xampp\\htdocs...', 224, Array)
#1 F:\xampp\htdocs\policy-master-updated\vendor\codeigniter4\framework\system\View\View.php(246): include('F:\\xampp\\htdocs...')
#2 F:\xampp\htdocs\policy-master-updated\vendor\codeigniter4\framework\system\Common.php(1087): CodeIgniter\View\View->render('manageclaims/di...', Array, true)
#3 F:\xampp\htdocs\policy-master-updated\app\Views\templete.php(4): view('manageclaims/di...')
#4 F:\xampp\htdocs\policy-master-updated\vendor\codeigniter4\framework\system\View\View.php(246): include('F:\\xampp\\htdocs...')
#5 F:\xampp\htdocs\policy-master-updated\vendor\codeigniter4\framework\system\Common.php(1087): CodeIgniter\View\View->render('templete', Array, true)
#6 F:\xampp\htdocs\policy-master-updated\app\Controllers\Manageclaims.php(202): view('templete', Array)
#7 F:\xampp\htdocs\policy-master-updated\vendor\codeigniter4\framework\system\CodeIgniter.php(914): App\Controllers\Manageclaims->view_manageclaims('1')
#8 F:\xampp\htdocs\policy-master-updated\vendor\codeigniter4\framework\system\CodeIgniter.php(400): CodeIgniter\CodeIgniter->runController(Object(App\Controllers\Manageclaims))
#9 F:\xampp\htdocs\policy-master-updated\vendor\codeigniter4\framework\system\CodeIgniter.php(308): CodeIgniter\CodeIgniter->handleRequest(NULL, Object(Config\Cache), false)
#10 F:\xampp\htdocs\policy-master-updated\index.php(84): CodeIgniter\CodeIgniter->run()
#11 {main}
CRITICAL - 2021-09-03 05:40:31 --> Undefined variable: number
#0 F:\xampp\htdocs\policy-master-updated\app\Views\manageclaims\display.php(239): CodeIgniter\Debug\Exceptions->errorHandler(8, 'Undefined varia...', 'F:\\xampp\\htdocs...', 239, Array)
#1 F:\xampp\htdocs\policy-master-updated\vendor\codeigniter4\framework\system\View\View.php(246): include('F:\\xampp\\htdocs...')
#2 F:\xampp\htdocs\policy-master-updated\vendor\codeigniter4\framework\system\Common.php(1087): CodeIgniter\View\View->render('manageclaims/di...', Array, true)
#3 F:\xampp\htdocs\policy-master-updated\app\Views\templete.php(4): view('manageclaims/di...')
#4 F:\xampp\htdocs\policy-master-updated\vendor\codeigniter4\framework\system\View\View.php(246): include('F:\\xampp\\htdocs...')
#5 F:\xampp\htdocs\policy-master-updated\vendor\codeigniter4\framework\system\Common.php(1087): CodeIgniter\View\View->render('templete', Array, true)
#6 F:\xampp\htdocs\policy-master-updated\app\Controllers\Manageclaims.php(202): view('templete', Array)
#7 F:\xampp\htdocs\policy-master-updated\vendor\codeigniter4\framework\system\CodeIgniter.php(914): App\Controllers\Manageclaims->view_manageclaims('1')
#8 F:\xampp\htdocs\policy-master-updated\vendor\codeigniter4\framework\system\CodeIgniter.php(400): CodeIgniter\CodeIgniter->runController(Object(App\Controllers\Manageclaims))
#9 F:\xampp\htdocs\policy-master-updated\vendor\codeigniter4\framework\system\CodeIgniter.php(308): CodeIgniter\CodeIgniter->handleRequest(NULL, Object(Config\Cache), false)
#10 F:\xampp\htdocs\policy-master-updated\index.php(84): CodeIgniter\CodeIgniter->run()
#11 {main}
CRITICAL - 2021-09-03 05:44:12 --> Undefined index: vehicle_type_name
#0 F:\xampp\htdocs\policy-master-updated\app\Views\manageclaims\display.php(179): CodeIgniter\Debug\Exceptions->errorHandler(8, 'Undefined index...', 'F:\\xampp\\htdocs...', 179, Array)
#1 F:\xampp\htdocs\policy-master-updated\vendor\codeigniter4\framework\system\View\View.php(246): include('F:\\xampp\\htdocs...')
#2 F:\xampp\htdocs\policy-master-updated\vendor\codeigniter4\framework\system\Common.php(1087): CodeIgniter\View\View->render('manageclaims/di...', Array, true)
#3 F:\xampp\htdocs\policy-master-updated\app\Views\templete.php(4): view('manageclaims/di...')
#4 F:\xampp\htdocs\policy-master-updated\vendor\codeigniter4\framework\system\View\View.php(246): include('F:\\xampp\\htdocs...')
#5 F:\xampp\htdocs\policy-master-updated\vendor\codeigniter4\framework\system\Common.php(1087): CodeIgniter\View\View->render('templete', Array, true)
#6 F:\xampp\htdocs\policy-master-updated\app\Controllers\Manageclaims.php(202): view('templete', Array)
#7 F:\xampp\htdocs\policy-master-updated\vendor\codeigniter4\framework\system\CodeIgniter.php(914): App\Controllers\Manageclaims->view_manageclaims('1')
#8 F:\xampp\htdocs\policy-master-updated\vendor\codeigniter4\framework\system\CodeIgniter.php(400): CodeIgniter\CodeIgniter->runController(Object(App\Controllers\Manageclaims))
#9 F:\xampp\htdocs\policy-master-updated\vendor\codeigniter4\framework\system\CodeIgniter.php(308): CodeIgniter\CodeIgniter->handleRequest(NULL, Object(Config\Cache), false)
#10 F:\xampp\htdocs\policy-master-updated\index.php(84): CodeIgniter\CodeIgniter->run()
#11 {main}
CRITICAL - 2021-09-03 05:55:55 --> Undefined index: insured_name
#0 F:\xampp\htdocs\policy-master-updated\app\Views\manageclaims\display.php(135): CodeIgniter\Debug\Exceptions->errorHandler(8, 'Undefined index...', 'F:\\xampp\\htdocs...', 135, Array)
#1 F:\xampp\htdocs\policy-master-updated\vendor\codeigniter4\framework\system\View\View.php(246): include('F:\\xampp\\htdocs...')
#2 F:\xampp\htdocs\policy-master-updated\vendor\codeigniter4\framework\system\Common.php(1087): CodeIgniter\View\View->render('manageclaims/di...', Array, true)
#3 F:\xampp\htdocs\policy-master-updated\app\Views\templete.php(4): view('manageclaims/di...')
#4 F:\xampp\htdocs\policy-master-updated\vendor\codeigniter4\framework\system\View\View.php(246): include('F:\\xampp\\htdocs...')
#5 F:\xampp\htdocs\policy-master-updated\vendor\codeigniter4\framework\system\Common.php(1087): CodeIgniter\View\View->render('templete', Array, true)
#6 F:\xampp\htdocs\policy-master-updated\app\Controllers\Manageclaims.php(203): view('templete', Array)
#7 F:\xampp\htdocs\policy-master-updated\vendor\codeigniter4\framework\system\CodeIgniter.php(914): App\Controllers\Manageclaims->view_manageclaims('1')
#8 F:\xampp\htdocs\policy-master-updated\vendor\codeigniter4\framework\system\CodeIgniter.php(400): CodeIgniter\CodeIgniter->runController(Object(App\Controllers\Manageclaims))
#9 F:\xampp\htdocs\policy-master-updated\vendor\codeigniter4\framework\system\CodeIgniter.php(308): CodeIgniter\CodeIgniter->handleRequest(NULL, Object(Config\Cache), false)
#10 F:\xampp\htdocs\policy-master-updated\index.php(84): CodeIgniter\CodeIgniter->run()
#11 {main}
CRITICAL - 2021-09-03 05:56:07 --> Undefined index: insurer_name
#0 F:\xampp\htdocs\policy-master-updated\app\Views\manageclaims\display.php(135): CodeIgniter\Debug\Exceptions->errorHandler(8, 'Undefined index...', 'F:\\xampp\\htdocs...', 135, Array)
#1 F:\xampp\htdocs\policy-master-updated\vendor\codeigniter4\framework\system\View\View.php(246): include('F:\\xampp\\htdocs...')
#2 F:\xampp\htdocs\policy-master-updated\vendor\codeigniter4\framework\system\Common.php(1087): CodeIgniter\View\View->render('manageclaims/di...', Array, true)
#3 F:\xampp\htdocs\policy-master-updated\app\Views\templete.php(4): view('manageclaims/di...')
#4 F:\xampp\htdocs\policy-master-updated\vendor\codeigniter4\framework\system\View\View.php(246): include('F:\\xampp\\htdocs...')
#5 F:\xampp\htdocs\policy-master-updated\vendor\codeigniter4\framework\system\Common.php(1087): CodeIgniter\View\View->render('templete', Array, true)
#6 F:\xampp\htdocs\policy-master-updated\app\Controllers\Manageclaims.php(203): view('templete', Array)
#7 F:\xampp\htdocs\policy-master-updated\vendor\codeigniter4\framework\system\CodeIgniter.php(914): App\Controllers\Manageclaims->view_manageclaims('1')
#8 F:\xampp\htdocs\policy-master-updated\vendor\codeigniter4\framework\system\CodeIgniter.php(400): CodeIgniter\CodeIgniter->runController(Object(App\Controllers\Manageclaims))
#9 F:\xampp\htdocs\policy-master-updated\vendor\codeigniter4\framework\system\CodeIgniter.php(308): CodeIgniter\CodeIgniter->handleRequest(NULL, Object(Config\Cache), false)
#10 F:\xampp\htdocs\policy-master-updated\index.php(84): CodeIgniter\CodeIgniter->run()
#11 {main}
CRITICAL - 2021-09-03 06:13:32 --> Undefined variable: M_manageclaims
#0 F:\xampp\htdocs\policy-master-updated\app\Controllers\Manageclaims.php(87): CodeIgniter\Debug\Exceptions->errorHandler(8, 'Undefined varia...', 'F:\\xampp\\htdocs...', 87, Array)
#1 F:\xampp\htdocs\policy-master-updated\vendor\codeigniter4\framework\system\CodeIgniter.php(914): App\Controllers\Manageclaims->edit_managecliam('1')
#2 F:\xampp\htdocs\policy-master-updated\vendor\codeigniter4\framework\system\CodeIgniter.php(400): CodeIgniter\CodeIgniter->runController(Object(App\Controllers\Manageclaims))
#3 F:\xampp\htdocs\policy-master-updated\vendor\codeigniter4\framework\system\CodeIgniter.php(308): CodeIgniter\CodeIgniter->handleRequest(NULL, Object(Config\Cache), false)
#4 F:\xampp\htdocs\policy-master-updated\index.php(84): CodeIgniter\CodeIgniter->run()
#5 {main}
CRITICAL - 2021-09-03 06:15:13 --> Undefined variable: manageclaims
#0 F:\xampp\htdocs\policy-master-updated\app\Views\manageclaims\edit.php(31): CodeIgniter\Debug\Exceptions->errorHandler(8, 'Undefined varia...', 'F:\\xampp\\htdocs...', 31, Array)
#1 F:\xampp\htdocs\policy-master-updated\vendor\codeigniter4\framework\system\View\View.php(246): include('F:\\xampp\\htdocs...')
#2 F:\xampp\htdocs\policy-master-updated\vendor\codeigniter4\framework\system\Common.php(1087): CodeIgniter\View\View->render('manageclaims/ed...', Array, true)
#3 F:\xampp\htdocs\policy-master-updated\app\Views\templete.php(4): view('manageclaims/ed...')
#4 F:\xampp\htdocs\policy-master-updated\vendor\codeigniter4\framework\system\View\View.php(246): include('F:\\xampp\\htdocs...')
#5 F:\xampp\htdocs\policy-master-updated\vendor\codeigniter4\framework\system\Common.php(1087): CodeIgniter\View\View->render('templete', Array, true)
#6 F:\xampp\htdocs\policy-master-updated\app\Controllers\Manageclaims.php(99): view('templete', Array)
#7 F:\xampp\htdocs\policy-master-updated\vendor\codeigniter4\framework\system\CodeIgniter.php(914): App\Controllers\Manageclaims->edit_managecliam('1')
#8 F:\xampp\htdocs\policy-master-updated\vendor\codeigniter4\framework\system\CodeIgniter.php(400): CodeIgniter\CodeIgniter->runController(Object(App\Controllers\Manageclaims))
#9 F:\xampp\htdocs\policy-master-updated\vendor\codeigniter4\framework\system\CodeIgniter.php(308): CodeIgniter\CodeIgniter->handleRequest(NULL, Object(Config\Cache), false)
#10 F:\xampp\htdocs\policy-master-updated\index.php(84): CodeIgniter\CodeIgniter->run()
#11 {main}
CRITICAL - 2021-09-03 06:16:28 --> Undefined variable: manageclaims
#0 F:\xampp\htdocs\policy-master-updated\app\Views\manageclaims\edit.php(31): CodeIgniter\Debug\Exceptions->errorHandler(8, 'Undefined varia...', 'F:\\xampp\\htdocs...', 31, Array)
#1 F:\xampp\htdocs\policy-master-updated\vendor\codeigniter4\framework\system\View\View.php(246): include('F:\\xampp\\htdocs...')
#2 F:\xampp\htdocs\policy-master-updated\vendor\codeigniter4\framework\system\Common.php(1087): CodeIgniter\View\View->render('manageclaims/ed...', Array, true)
#3 F:\xampp\htdocs\policy-master-updated\app\Views\templete.php(4): view('manageclaims/ed...')
#4 F:\xampp\htdocs\policy-master-updated\vendor\codeigniter4\framework\system\View\View.php(246): include('F:\\xampp\\htdocs...')
#5 F:\xampp\htdocs\policy-master-updated\vendor\codeigniter4\framework\system\Common.php(1087): CodeIgniter\View\View->render('templete', Array, true)
#6 F:\xampp\htdocs\policy-master-updated\app\Controllers\Manageclaims.php(95): view('templete', Array)
#7 F:\xampp\htdocs\policy-master-updated\vendor\codeigniter4\framework\system\CodeIgniter.php(914): App\Controllers\Manageclaims->edit_managecliam('1')
#8 F:\xampp\htdocs\policy-master-updated\vendor\codeigniter4\framework\system\CodeIgniter.php(400): CodeIgniter\CodeIgniter->runController(Object(App\Controllers\Manageclaims))
#9 F:\xampp\htdocs\policy-master-updated\vendor\codeigniter4\framework\system\CodeIgniter.php(308): CodeIgniter\CodeIgniter->handleRequest(NULL, Object(Config\Cache), false)
#10 F:\xampp\htdocs\policy-master-updated\index.php(84): CodeIgniter\CodeIgniter->run()
#11 {main}
CRITICAL - 2021-09-03 06:16:39 --> Undefined variable: client
#0 F:\xampp\htdocs\policy-master-updated\app\Views\manageclaims\edit.php(116): CodeIgniter\Debug\Exceptions->errorHandler(8, 'Undefined varia...', 'F:\\xampp\\htdocs...', 116, Array)
#1 F:\xampp\htdocs\policy-master-updated\vendor\codeigniter4\framework\system\View\View.php(246): include('F:\\xampp\\htdocs...')
#2 F:\xampp\htdocs\policy-master-updated\vendor\codeigniter4\framework\system\Common.php(1087): CodeIgniter\View\View->render('manageclaims/ed...', Array, true)
#3 F:\xampp\htdocs\policy-master-updated\app\Views\templete.php(4): view('manageclaims/ed...')
#4 F:\xampp\htdocs\policy-master-updated\vendor\codeigniter4\framework\system\View\View.php(246): include('F:\\xampp\\htdocs...')
#5 F:\xampp\htdocs\policy-master-updated\vendor\codeigniter4\framework\system\Common.php(1087): CodeIgniter\View\View->render('templete', Array, true)
#6 F:\xampp\htdocs\policy-master-updated\app\Controllers\Manageclaims.php(95): view('templete', Array)
#7 F:\xampp\htdocs\policy-master-updated\vendor\codeigniter4\framework\system\CodeIgniter.php(914): App\Controllers\Manageclaims->edit_managecliam('1')
#8 F:\xampp\htdocs\policy-master-updated\vendor\codeigniter4\framework\system\CodeIgniter.php(400): CodeIgniter\CodeIgniter->runController(Object(App\Controllers\Manageclaims))
#9 F:\xampp\htdocs\policy-master-updated\vendor\codeigniter4\framework\system\CodeIgniter.php(308): CodeIgniter\CodeIgniter->handleRequest(NULL, Object(Config\Cache), false)
#10 F:\xampp\htdocs\policy-master-updated\index.php(84): CodeIgniter\CodeIgniter->run()
#11 {main}
CRITICAL - 2021-09-03 06:17:13 --> Undefined variable: client
#0 F:\xampp\htdocs\policy-master-updated\app\Views\manageclaims\edit.php(116): CodeIgniter\Debug\Exceptions->errorHandler(8, 'Undefined varia...', 'F:\\xampp\\htdocs...', 116, Array)
#1 F:\xampp\htdocs\policy-master-updated\vendor\codeigniter4\framework\system\View\View.php(246): include('F:\\xampp\\htdocs...')
#2 F:\xampp\htdocs\policy-master-updated\vendor\codeigniter4\framework\system\Common.php(1087): CodeIgniter\View\View->render('manageclaims/ed...', Array, true)
#3 F:\xampp\htdocs\policy-master-updated\app\Views\templete.php(4): view('manageclaims/ed...')
#4 F:\xampp\htdocs\policy-master-updated\vendor\codeigniter4\framework\system\View\View.php(246): include('F:\\xampp\\htdocs...')
#5 F:\xampp\htdocs\policy-master-updated\vendor\codeigniter4\framework\system\Common.php(1087): CodeIgniter\View\View->render('templete', Array, true)
#6 F:\xampp\htdocs\policy-master-updated\app\Controllers\Manageclaims.php(95): view('templete', Array)
#7 F:\xampp\htdocs\policy-master-updated\vendor\codeigniter4\framework\system\CodeIgniter.php(914): App\Controllers\Manageclaims->edit_managecliam('1')
#8 F:\xampp\htdocs\policy-master-updated\vendor\codeigniter4\framework\system\CodeIgniter.php(400): CodeIgniter\CodeIgniter->runController(Object(App\Controllers\Manageclaims))
#9 F:\xampp\htdocs\policy-master-updated\vendor\codeigniter4\framework\system\CodeIgniter.php(308): CodeIgniter\CodeIgniter->handleRequest(NULL, Object(Config\Cache), false)
#10 F:\xampp\htdocs\policy-master-updated\index.php(84): CodeIgniter\CodeIgniter->run()
#11 {main}
CRITICAL - 2021-09-03 06:17:34 --> Undefined index: vehicle_maker_name
#0 F:\xampp\htdocs\policy-master-updated\app\Views\manageclaims\edit.php(169): CodeIgniter\Debug\Exceptions->errorHandler(8, 'Undefined index...', 'F:\\xampp\\htdocs...', 169, Array)
#1 F:\xampp\htdocs\policy-master-updated\vendor\codeigniter4\framework\system\View\View.php(246): include('F:\\xampp\\htdocs...')
#2 F:\xampp\htdocs\policy-master-updated\vendor\codeigniter4\framework\system\Common.php(1087): CodeIgniter\View\View->render('manageclaims/ed...', Array, true)
#3 F:\xampp\htdocs\policy-master-updated\app\Views\templete.php(4): view('manageclaims/ed...')
#4 F:\xampp\htdocs\policy-master-updated\vendor\codeigniter4\framework\system\View\View.php(246): include('F:\\xampp\\htdocs...')
#5 F:\xampp\htdocs\policy-master-updated\vendor\codeigniter4\framework\system\Common.php(1087): CodeIgniter\View\View->render('templete', Array, true)
#6 F:\xampp\htdocs\policy-master-updated\app\Controllers\Manageclaims.php(95): view('templete', Array)
#7 F:\xampp\htdocs\policy-master-updated\vendor\codeigniter4\framework\system\CodeIgniter.php(914): App\Controllers\Manageclaims->edit_managecliam('1')
#8 F:\xampp\htdocs\policy-master-updated\vendor\codeigniter4\framework\system\CodeIgniter.php(400): CodeIgniter\CodeIgniter->runController(Object(App\Controllers\Manageclaims))
#9 F:\xampp\htdocs\policy-master-updated\vendor\codeigniter4\framework\system\CodeIgniter.php(308): CodeIgniter\CodeIgniter->handleRequest(NULL, Object(Config\Cache), false)
#10 F:\xampp\htdocs\policy-master-updated\index.php(84): CodeIgniter\CodeIgniter->run()
#11 {main}
CRITICAL - 2021-09-03 06:19:20 --> Undefined index: vehicle_maker_name
#0 F:\xampp\htdocs\policy-master-updated\app\Views\manageclaims\edit.php(173): CodeIgniter\Debug\Exceptions->errorHandler(8, 'Undefined index...', 'F:\\xampp\\htdocs...', 173, Array)
#1 F:\xampp\htdocs\policy-master-updated\vendor\codeigniter4\framework\system\View\View.php(246): include('F:\\xampp\\htdocs...')
#2 F:\xampp\htdocs\policy-master-updated\vendor\codeigniter4\framework\system\Common.php(1087): CodeIgniter\View\View->render('manageclaims/ed...', Array, true)
#3 F:\xampp\htdocs\policy-master-updated\app\Views\templete.php(4): view('manageclaims/ed...')
#4 F:\xampp\htdocs\policy-master-updated\vendor\codeigniter4\framework\system\View\View.php(246): include('F:\\xampp\\htdocs...')
#5 F:\xampp\htdocs\policy-master-updated\vendor\codeigniter4\framework\system\Common.php(1087): CodeIgniter\View\View->render('templete', Array, true)
#6 F:\xampp\htdocs\policy-master-updated\app\Controllers\Manageclaims.php(95): view('templete', Array)
#7 F:\xampp\htdocs\policy-master-updated\vendor\codeigniter4\framework\system\CodeIgniter.php(914): App\Controllers\Manageclaims->edit_managecliam('1')
#8 F:\xampp\htdocs\policy-master-updated\vendor\codeigniter4\framework\system\CodeIgniter.php(400): CodeIgniter\CodeIgniter->runController(Object(App\Controllers\Manageclaims))
#9 F:\xampp\htdocs\policy-master-updated\vendor\codeigniter4\framework\system\CodeIgniter.php(308): CodeIgniter\CodeIgniter->handleRequest(NULL, Object(Config\Cache), false)
#10 F:\xampp\htdocs\policy-master-updated\index.php(84): CodeIgniter\CodeIgniter->run()
#11 {main}
CRITICAL - 2021-09-03 06:20:27 --> Undefined index: vehicle_maker_id
#0 F:\xampp\htdocs\policy-master-updated\app\Views\manageclaims\edit.php(171): CodeIgniter\Debug\Exceptions->errorHandler(8, 'Undefined index...', 'F:\\xampp\\htdocs...', 171, Array)
#1 F:\xampp\htdocs\policy-master-updated\vendor\codeigniter4\framework\system\View\View.php(246): include('F:\\xampp\\htdocs...')
#2 F:\xampp\htdocs\policy-master-updated\vendor\codeigniter4\framework\system\Common.php(1087): CodeIgniter\View\View->render('manageclaims/ed...', Array, true)
#3 F:\xampp\htdocs\policy-master-updated\app\Views\templete.php(4): view('manageclaims/ed...')
#4 F:\xampp\htdocs\policy-master-updated\vendor\codeigniter4\framework\system\View\View.php(246): include('F:\\xampp\\htdocs...')
#5 F:\xampp\htdocs\policy-master-updated\vendor\codeigniter4\framework\system\Common.php(1087): CodeIgniter\View\View->render('templete', Array, true)
#6 F:\xampp\htdocs\policy-master-updated\app\Controllers\Manageclaims.php(95): view('templete', Array)
#7 F:\xampp\htdocs\policy-master-updated\vendor\codeigniter4\framework\system\CodeIgniter.php(914): App\Controllers\Manageclaims->edit_managecliam('1')
#8 F:\xampp\htdocs\policy-master-updated\vendor\codeigniter4\framework\system\CodeIgniter.php(400): CodeIgniter\CodeIgniter->runController(Object(App\Controllers\Manageclaims))
#9 F:\xampp\htdocs\policy-master-updated\vendor\codeigniter4\framework\system\CodeIgniter.php(308): CodeIgniter\CodeIgniter->handleRequest(NULL, Object(Config\Cache), false)
#10 F:\xampp\htdocs\policy-master-updated\index.php(84): CodeIgniter\CodeIgniter->run()
#11 {main}
CRITICAL - 2021-09-03 06:21:46 --> Undefined index: vehicle_maker_name
#0 F:\xampp\htdocs\policy-master-updated\app\Views\manageclaims\edit.php(173): CodeIgniter\Debug\Exceptions->errorHandler(8, 'Undefined index...', 'F:\\xampp\\htdocs...', 173, Array)
#1 F:\xampp\htdocs\policy-master-updated\vendor\codeigniter4\framework\system\View\View.php(246): include('F:\\xampp\\htdocs...')
#2 F:\xampp\htdocs\policy-master-updated\vendor\codeigniter4\framework\system\Common.php(1087): CodeIgniter\View\View->render('manageclaims/ed...', Array, true)
#3 F:\xampp\htdocs\policy-master-updated\app\Views\templete.php(4): view('manageclaims/ed...')
#4 F:\xampp\htdocs\policy-master-updated\vendor\codeigniter4\framework\system\View\View.php(246): include('F:\\xampp\\htdocs...')
#5 F:\xampp\htdocs\policy-master-updated\vendor\codeigniter4\framework\system\Common.php(1087): CodeIgniter\View\View->render('templete', Array, true)
#6 F:\xampp\htdocs\policy-master-updated\app\Controllers\Manageclaims.php(95): view('templete', Array)
#7 F:\xampp\htdocs\policy-master-updated\vendor\codeigniter4\framework\system\CodeIgniter.php(914): App\Controllers\Manageclaims->edit_managecliam('1')
#8 F:\xampp\htdocs\policy-master-updated\vendor\codeigniter4\framework\system\CodeIgniter.php(400): CodeIgniter\CodeIgniter->runController(Object(App\Controllers\Manageclaims))
#9 F:\xampp\htdocs\policy-master-updated\vendor\codeigniter4\framework\system\CodeIgniter.php(308): CodeIgniter\CodeIgniter->handleRequest(NULL, Object(Config\Cache), false)
#10 F:\xampp\htdocs\policy-master-updated\index.php(84): CodeIgniter\CodeIgniter->run()
#11 {main}
CRITICAL - 2021-09-03 06:22:28 --> Undefined index: vehicle_make_name
#0 F:\xampp\htdocs\policy-master-updated\app\Views\manageclaims\edit.php(172): CodeIgniter\Debug\Exceptions->errorHandler(8, 'Undefined index...', 'F:\\xampp\\htdocs...', 172, Array)
#1 F:\xampp\htdocs\policy-master-updated\vendor\codeigniter4\framework\system\View\View.php(246): include('F:\\xampp\\htdocs...')
#2 F:\xampp\htdocs\policy-master-updated\vendor\codeigniter4\framework\system\Common.php(1087): CodeIgniter\View\View->render('manageclaims/ed...', Array, true)
#3 F:\xampp\htdocs\policy-master-updated\app\Views\templete.php(4): view('manageclaims/ed...')
#4 F:\xampp\htdocs\policy-master-updated\vendor\codeigniter4\framework\system\View\View.php(246): include('F:\\xampp\\htdocs...')
#5 F:\xampp\htdocs\policy-master-updated\vendor\codeigniter4\framework\system\Common.php(1087): CodeIgniter\View\View->render('templete', Array, true)
#6 F:\xampp\htdocs\policy-master-updated\app\Controllers\Manageclaims.php(95): view('templete', Array)
#7 F:\xampp\htdocs\policy-master-updated\vendor\codeigniter4\framework\system\CodeIgniter.php(914): App\Controllers\Manageclaims->edit_managecliam('1')
#8 F:\xampp\htdocs\policy-master-updated\vendor\codeigniter4\framework\system\CodeIgniter.php(400): CodeIgniter\CodeIgniter->runController(Object(App\Controllers\Manageclaims))
#9 F:\xampp\htdocs\policy-master-updated\vendor\codeigniter4\framework\system\CodeIgniter.php(308): CodeIgniter\CodeIgniter->handleRequest(NULL, Object(Config\Cache), false)
#10 F:\xampp\htdocs\policy-master-updated\index.php(84): CodeIgniter\CodeIgniter->run()
#11 {main}
CRITICAL - 2021-09-03 06:23:02 --> Undefined index: vehicle_maker_name
#0 F:\xampp\htdocs\policy-master-updated\app\Views\manageclaims\edit.php(174): CodeIgniter\Debug\Exceptions->errorHandler(8, 'Undefined index...', 'F:\\xampp\\htdocs...', 174, Array)
#1 F:\xampp\htdocs\policy-master-updated\vendor\codeigniter4\framework\system\View\View.php(246): include('F:\\xampp\\htdocs...')
#2 F:\xampp\htdocs\policy-master-updated\vendor\codeigniter4\framework\system\Common.php(1087): CodeIgniter\View\View->render('manageclaims/ed...', Array, true)
#3 F:\xampp\htdocs\policy-master-updated\app\Views\templete.php(4): view('manageclaims/ed...')
#4 F:\xampp\htdocs\policy-master-updated\vendor\codeigniter4\framework\system\View\View.php(246): include('F:\\xampp\\htdocs...')
#5 F:\xampp\htdocs\policy-master-updated\vendor\codeigniter4\framework\system\Common.php(1087): CodeIgniter\View\View->render('templete', Array, true)
#6 F:\xampp\htdocs\policy-master-updated\app\Controllers\Manageclaims.php(95): view('templete', Array)
#7 F:\xampp\htdocs\policy-master-updated\vendor\codeigniter4\framework\system\CodeIgniter.php(914): App\Controllers\Manageclaims->edit_managecliam('1')
#8 F:\xampp\htdocs\policy-master-updated\vendor\codeigniter4\framework\system\CodeIgniter.php(400): CodeIgniter\CodeIgniter->runController(Object(App\Controllers\Manageclaims))
#9 F:\xampp\htdocs\policy-master-updated\vendor\codeigniter4\framework\system\CodeIgniter.php(308): CodeIgniter\CodeIgniter->handleRequest(NULL, Object(Config\Cache), false)
#10 F:\xampp\htdocs\policy-master-updated\index.php(84): CodeIgniter\CodeIgniter->run()
#11 {main}
CRITICAL - 2021-09-03 06:23:33 --> Undefined index: vehicle_model_name
#0 F:\xampp\htdocs\policy-master-updated\app\Views\manageclaims\edit.php(179): CodeIgniter\Debug\Exceptions->errorHandler(8, 'Undefined index...', 'F:\\xampp\\htdocs...', 179, Array)
#1 F:\xampp\htdocs\policy-master-updated\vendor\codeigniter4\framework\system\View\View.php(246): include('F:\\xampp\\htdocs...')
#2 F:\xampp\htdocs\policy-master-updated\vendor\codeigniter4\framework\system\Common.php(1087): CodeIgniter\View\View->render('manageclaims/ed...', Array, true)
#3 F:\xampp\htdocs\policy-master-updated\app\Views\templete.php(4): view('manageclaims/ed...')
#4 F:\xampp\htdocs\policy-master-updated\vendor\codeigniter4\framework\system\View\View.php(246): include('F:\\xampp\\htdocs...')
#5 F:\xampp\htdocs\policy-master-updated\vendor\codeigniter4\framework\system\Common.php(1087): CodeIgniter\View\View->render('templete', Array, true)
#6 F:\xampp\htdocs\policy-master-updated\app\Controllers\Manageclaims.php(95): view('templete', Array)
#7 F:\xampp\htdocs\policy-master-updated\vendor\codeigniter4\framework\system\CodeIgniter.php(914): App\Controllers\Manageclaims->edit_managecliam('1')
#8 F:\xampp\htdocs\policy-master-updated\vendor\codeigniter4\framework\system\CodeIgniter.php(400): CodeIgniter\CodeIgniter->runController(Object(App\Controllers\Manageclaims))
#9 F:\xampp\htdocs\policy-master-updated\vendor\codeigniter4\framework\system\CodeIgniter.php(308): CodeIgniter\CodeIgniter->handleRequest(NULL, Object(Config\Cache), false)
#10 F:\xampp\htdocs\policy-master-updated\index.php(84): CodeIgniter\CodeIgniter->run()
#11 {main}
CRITICAL - 2021-09-03 06:25:08 --> Undefined index: vehicle_model_name
#0 F:\xampp\htdocs\policy-master-updated\app\Views\manageclaims\edit.php(179): CodeIgniter\Debug\Exceptions->errorHandler(8, 'Undefined index...', 'F:\\xampp\\htdocs...', 179, Array)
#1 F:\xampp\htdocs\policy-master-updated\vendor\codeigniter4\framework\system\View\View.php(246): include('F:\\xampp\\htdocs...')
#2 F:\xampp\htdocs\policy-master-updated\vendor\codeigniter4\framework\system\Common.php(1087): CodeIgniter\View\View->render('manageclaims/ed...', Array, true)
#3 F:\xampp\htdocs\policy-master-updated\app\Views\templete.php(4): view('manageclaims/ed...')
#4 F:\xampp\htdocs\policy-master-updated\vendor\codeigniter4\framework\system\View\View.php(246): include('F:\\xampp\\htdocs...')
#5 F:\xampp\htdocs\policy-master-updated\vendor\codeigniter4\framework\system\Common.php(1087): CodeIgniter\View\View->render('templete', Array, true)
#6 F:\xampp\htdocs\policy-master-updated\app\Controllers\Manageclaims.php(95): view('templete', Array)
#7 F:\xampp\htdocs\policy-master-updated\vendor\codeigniter4\framework\system\CodeIgniter.php(914): App\Controllers\Manageclaims->edit_managecliam('1')
#8 F:\xampp\htdocs\policy-master-updated\vendor\codeigniter4\framework\system\CodeIgniter.php(400): CodeIgniter\CodeIgniter->runController(Object(App\Controllers\Manageclaims))
#9 F:\xampp\htdocs\policy-master-updated\vendor\codeigniter4\framework\system\CodeIgniter.php(308): CodeIgniter\CodeIgniter->handleRequest(NULL, Object(Config\Cache), false)
#10 F:\xampp\htdocs\policy-master-updated\index.php(84): CodeIgniter\CodeIgniter->run()
#11 {main}
CRITICAL - 2021-09-03 06:25:41 --> Undefined variable: vehicle_type_all
#0 F:\xampp\htdocs\policy-master-updated\app\Views\manageclaims\edit.php(191): CodeIgniter\Debug\Exceptions->errorHandler(8, 'Undefined varia...', 'F:\\xampp\\htdocs...', 191, Array)
#1 F:\xampp\htdocs\policy-master-updated\vendor\codeigniter4\framework\system\View\View.php(246): include('F:\\xampp\\htdocs...')
#2 F:\xampp\htdocs\policy-master-updated\vendor\codeigniter4\framework\system\Common.php(1087): CodeIgniter\View\View->render('manageclaims/ed...', Array, true)
#3 F:\xampp\htdocs\policy-master-updated\app\Views\templete.php(4): view('manageclaims/ed...')
#4 F:\xampp\htdocs\policy-master-updated\vendor\codeigniter4\framework\system\View\View.php(246): include('F:\\xampp\\htdocs...')
#5 F:\xampp\htdocs\policy-master-updated\vendor\codeigniter4\framework\system\Common.php(1087): CodeIgniter\View\View->render('templete', Array, true)
#6 F:\xampp\htdocs\policy-master-updated\app\Controllers\Manageclaims.php(95): view('templete', Array)
#7 F:\xampp\htdocs\policy-master-updated\vendor\codeigniter4\framework\system\CodeIgniter.php(914): App\Controllers\Manageclaims->edit_managecliam('1')
#8 F:\xampp\htdocs\policy-master-updated\vendor\codeigniter4\framework\system\CodeIgniter.php(400): CodeIgniter\CodeIgniter->runController(Object(App\Controllers\Manageclaims))
#9 F:\xampp\htdocs\policy-master-updated\vendor\codeigniter4\framework\system\CodeIgniter.php(308): CodeIgniter\CodeIgniter->handleRequest(NULL, Object(Config\Cache), false)
#10 F:\xampp\htdocs\policy-master-updated\index.php(84): CodeIgniter\CodeIgniter->run()
#11 {main}
CRITICAL - 2021-09-03 06:26:33 --> Undefined index: vehicle_type_id
#0 F:\xampp\htdocs\policy-master-updated\app\Views\manageclaims\edit.php(193): CodeIgniter\Debug\Exceptions->errorHandler(8, 'Undefined index...', 'F:\\xampp\\htdocs...', 193, Array)
#1 F:\xampp\htdocs\policy-master-updated\vendor\codeigniter4\framework\system\View\View.php(246): include('F:\\xampp\\htdocs...')
#2 F:\xampp\htdocs\policy-master-updated\vendor\codeigniter4\framework\system\Common.php(1087): CodeIgniter\View\View->render('manageclaims/ed...', Array, true)
#3 F:\xampp\htdocs\policy-master-updated\app\Views\templete.php(4): view('manageclaims/ed...')
#4 F:\xampp\htdocs\policy-master-updated\vendor\codeigniter4\framework\system\View\View.php(246): include('F:\\xampp\\htdocs...')
#5 F:\xampp\htdocs\policy-master-updated\vendor\codeigniter4\framework\system\Common.php(1087): CodeIgniter\View\View->render('templete', Array, true)
#6 F:\xampp\htdocs\policy-master-updated\app\Controllers\Manageclaims.php(95): view('templete', Array)
#7 F:\xampp\htdocs\policy-master-updated\vendor\codeigniter4\framework\system\CodeIgniter.php(914): App\Controllers\Manageclaims->edit_managecliam('1')
#8 F:\xampp\htdocs\policy-master-updated\vendor\codeigniter4\framework\system\CodeIgniter.php(400): CodeIgniter\CodeIgniter->runController(Object(App\Controllers\Manageclaims))
#9 F:\xampp\htdocs\policy-master-updated\vendor\codeigniter4\framework\system\CodeIgniter.php(308): CodeIgniter\CodeIgniter->handleRequest(NULL, Object(Config\Cache), false)
#10 F:\xampp\htdocs\policy-master-updated\index.php(84): CodeIgniter\CodeIgniter->run()
#11 {main}
CRITICAL - 2021-09-03 06:27:26 --> Undefined variable: number
#0 F:\xampp\htdocs\policy-master-updated\app\Views\manageclaims\edit.php(220): CodeIgniter\Debug\Exceptions->errorHandler(8, 'Undefined varia...', 'F:\\xampp\\htdocs...', 220, Array)
#1 F:\xampp\htdocs\policy-master-updated\vendor\codeigniter4\framework\system\View\View.php(246): include('F:\\xampp\\htdocs...')
#2 F:\xampp\htdocs\policy-master-updated\vendor\codeigniter4\framework\system\Common.php(1087): CodeIgniter\View\View->render('manageclaims/ed...', Array, true)
#3 F:\xampp\htdocs\policy-master-updated\app\Views\templete.php(4): view('manageclaims/ed...')
#4 F:\xampp\htdocs\policy-master-updated\vendor\codeigniter4\framework\system\View\View.php(246): include('F:\\xampp\\htdocs...')
#5 F:\xampp\htdocs\policy-master-updated\vendor\codeigniter4\framework\system\Common.php(1087): CodeIgniter\View\View->render('templete', Array, true)
#6 F:\xampp\htdocs\policy-master-updated\app\Controllers\Manageclaims.php(95): view('templete', Array)
#7 F:\xampp\htdocs\policy-master-updated\vendor\codeigniter4\framework\system\CodeIgniter.php(914): App\Controllers\Manageclaims->edit_managecliam('1')
#8 F:\xampp\htdocs\policy-master-updated\vendor\codeigniter4\framework\system\CodeIgniter.php(400): CodeIgniter\CodeIgniter->runController(Object(App\Controllers\Manageclaims))
#9 F:\xampp\htdocs\policy-master-updated\vendor\codeigniter4\framework\system\CodeIgniter.php(308): CodeIgniter\CodeIgniter->handleRequest(NULL, Object(Config\Cache), false)
#10 F:\xampp\htdocs\policy-master-updated\index.php(84): CodeIgniter\CodeIgniter->run()
#11 {main}
CRITICAL - 2021-09-03 06:28:17 --> Undefined variable: number
#0 F:\xampp\htdocs\policy-master-updated\app\Views\manageclaims\edit.php(219): CodeIgniter\Debug\Exceptions->errorHandler(8, 'Undefined varia...', 'F:\\xampp\\htdocs...', 219, Array)
#1 F:\xampp\htdocs\policy-master-updated\vendor\codeigniter4\framework\system\View\View.php(246): include('F:\\xampp\\htdocs...')
#2 F:\xampp\htdocs\policy-master-updated\vendor\codeigniter4\framework\system\Common.php(1087): CodeIgniter\View\View->render('manageclaims/ed...', Array, true)
#3 F:\xampp\htdocs\policy-master-updated\app\Views\templete.php(4): view('manageclaims/ed...')
#4 F:\xampp\htdocs\policy-master-updated\vendor\codeigniter4\framework\system\View\View.php(246): include('F:\\xampp\\htdocs...')
#5 F:\xampp\htdocs\policy-master-updated\vendor\codeigniter4\framework\system\Common.php(1087): CodeIgniter\View\View->render('templete', Array, true)
#6 F:\xampp\htdocs\policy-master-updated\app\Controllers\Manageclaims.php(95): view('templete', Array)
#7 F:\xampp\htdocs\policy-master-updated\vendor\codeigniter4\framework\system\CodeIgniter.php(914): App\Controllers\Manageclaims->edit_managecliam('1')
#8 F:\xampp\htdocs\policy-master-updated\vendor\codeigniter4\framework\system\CodeIgniter.php(400): CodeIgniter\CodeIgniter->runController(Object(App\Controllers\Manageclaims))
#9 F:\xampp\htdocs\policy-master-updated\vendor\codeigniter4\framework\system\CodeIgniter.php(308): CodeIgniter\CodeIgniter->handleRequest(NULL, Object(Config\Cache), false)
#10 F:\xampp\htdocs\policy-master-updated\index.php(84): CodeIgniter\CodeIgniter->run()
#11 {main}
CRITICAL - 2021-09-03 06:45:37 --> Undefined index: claimsdocuments
#0 F:\xampp\htdocs\policy-master-updated\app\Controllers\Manageclaims.php(131): CodeIgniter\Debug\Exceptions->errorHandler(8, 'Undefined index...', 'F:\\xampp\\htdocs...', 131, Array)
#1 F:\xampp\htdocs\policy-master-updated\vendor\codeigniter4\framework\system\CodeIgniter.php(914): App\Controllers\Manageclaims->add()
#2 F:\xampp\htdocs\policy-master-updated\vendor\codeigniter4\framework\system\CodeIgniter.php(400): CodeIgniter\CodeIgniter->runController(Object(App\Controllers\Manageclaims))
#3 F:\xampp\htdocs\policy-master-updated\vendor\codeigniter4\framework\system\CodeIgniter.php(308): CodeIgniter\CodeIgniter->handleRequest(NULL, Object(Config\Cache), false)
#4 F:\xampp\htdocs\policy-master-updated\index.php(84): CodeIgniter\CodeIgniter->run()
#5 {main}
CRITICAL - 2021-09-03 07:17:14 --> syntax error, unexpected '{'
#0 F:\xampp\htdocs\policy-master-updated\vendor\codeigniter4\framework\system\Common.php(1087): CodeIgniter\View\View->render('manageclaims/ed...', Array, true)
#1 F:\xampp\htdocs\policy-master-updated\app\Views\templete.php(4): view('manageclaims/ed...')
#2 F:\xampp\htdocs\policy-master-updated\vendor\codeigniter4\framework\system\View\View.php(246): include('F:\\xampp\\htdocs...')
#3 F:\xampp\htdocs\policy-master-updated\vendor\codeigniter4\framework\system\Common.php(1087): CodeIgniter\View\View->render('templete', Array, true)
#4 F:\xampp\htdocs\policy-master-updated\app\Controllers\Manageclaims.php(95): view('templete', Array)
#5 F:\xampp\htdocs\policy-master-updated\vendor\codeigniter4\framework\system\CodeIgniter.php(914): App\Controllers\Manageclaims->edit_managecliam('1')
#6 F:\xampp\htdocs\policy-master-updated\vendor\codeigniter4\framework\system\CodeIgniter.php(400): CodeIgniter\CodeIgniter->runController(Object(App\Controllers\Manageclaims))
#7 F:\xampp\htdocs\policy-master-updated\vendor\codeigniter4\framework\system\CodeIgniter.php(308): CodeIgniter\CodeIgniter->handleRequest(NULL, Object(Config\Cache), false)
#8 F:\xampp\htdocs\policy-master-updated\index.php(84): CodeIgniter\CodeIgniter->run()
#9 {main}
CRITICAL - 2021-09-03 07:17:47 --> syntax error, unexpected '{'
#0 F:\xampp\htdocs\policy-master-updated\vendor\codeigniter4\framework\system\Common.php(1087): CodeIgniter\View\View->render('manageclaims/ed...', Array, true)
#1 F:\xampp\htdocs\policy-master-updated\app\Views\templete.php(4): view('manageclaims/ed...')
#2 F:\xampp\htdocs\policy-master-updated\vendor\codeigniter4\framework\system\View\View.php(246): include('F:\\xampp\\htdocs...')
#3 F:\xampp\htdocs\policy-master-updated\vendor\codeigniter4\framework\system\Common.php(1087): CodeIgniter\View\View->render('templete', Array, true)
#4 F:\xampp\htdocs\policy-master-updated\app\Controllers\Manageclaims.php(95): view('templete', Array)
#5 F:\xampp\htdocs\policy-master-updated\vendor\codeigniter4\framework\system\CodeIgniter.php(914): App\Controllers\Manageclaims->edit_managecliam('1')
#6 F:\xampp\htdocs\policy-master-updated\vendor\codeigniter4\framework\system\CodeIgniter.php(400): CodeIgniter\CodeIgniter->runController(Object(App\Controllers\Manageclaims))
#7 F:\xampp\htdocs\policy-master-updated\vendor\codeigniter4\framework\system\CodeIgniter.php(308): CodeIgniter\CodeIgniter->handleRequest(NULL, Object(Config\Cache), false)
#8 F:\xampp\htdocs\policy-master-updated\index.php(84): CodeIgniter\CodeIgniter->run()
#9 {main}
CRITICAL - 2021-09-03 07:18:45 --> syntax error, unexpected '{'
#0 F:\xampp\htdocs\policy-master-updated\vendor\codeigniter4\framework\system\Common.php(1087): CodeIgniter\View\View->render('manageclaims/ed...', Array, true)
#1 F:\xampp\htdocs\policy-master-updated\app\Views\templete.php(4): view('manageclaims/ed...')
#2 F:\xampp\htdocs\policy-master-updated\vendor\codeigniter4\framework\system\View\View.php(246): include('F:\\xampp\\htdocs...')
#3 F:\xampp\htdocs\policy-master-updated\vendor\codeigniter4\framework\system\Common.php(1087): CodeIgniter\View\View->render('templete', Array, true)
#4 F:\xampp\htdocs\policy-master-updated\app\Controllers\Manageclaims.php(95): view('templete', Array)
#5 F:\xampp\htdocs\policy-master-updated\vendor\codeigniter4\framework\system\CodeIgniter.php(914): App\Controllers\Manageclaims->edit_managecliam('1')
#6 F:\xampp\htdocs\policy-master-updated\vendor\codeigniter4\framework\system\CodeIgniter.php(400): CodeIgniter\CodeIgniter->runController(Object(App\Controllers\Manageclaims))
#7 F:\xampp\htdocs\policy-master-updated\vendor\codeigniter4\framework\system\CodeIgniter.php(308): CodeIgniter\CodeIgniter->handleRequest(NULL, Object(Config\Cache), false)
#8 F:\xampp\htdocs\policy-master-updated\index.php(84): CodeIgniter\CodeIgniter->run()
#9 {main}
CRITICAL - 2021-09-03 07:22:35 --> Undefined index: from_date
#0 F:\xampp\htdocs\policy-master-updated\app\Views\manageclaims\list.php(151): CodeIgniter\Debug\Exceptions->errorHandler(8, 'Undefined index...', 'F:\\xampp\\htdocs...', 151, Array)
#1 F:\xampp\htdocs\policy-master-updated\vendor\codeigniter4\framework\system\View\View.php(246): include('F:\\xampp\\htdocs...')
#2 F:\xampp\htdocs\policy-master-updated\vendor\codeigniter4\framework\system\Common.php(1087): CodeIgniter\View\View->render('manageclaims/li...', Array, true)
#3 F:\xampp\htdocs\policy-master-updated\app\Views\templete.php(4): view('manageclaims/li...')
#4 F:\xampp\htdocs\policy-master-updated\vendor\codeigniter4\framework\system\View\View.php(246): include('F:\\xampp\\htdocs...')
#5 F:\xampp\htdocs\policy-master-updated\vendor\codeigniter4\framework\system\Common.php(1087): CodeIgniter\View\View->render('templete', Array, true)
#6 F:\xampp\htdocs\policy-master-updated\app\Controllers\Manageclaims.php(44): view('templete', Array)
#7 F:\xampp\htdocs\policy-master-updated\vendor\codeigniter4\framework\system\CodeIgniter.php(914): App\Controllers\Manageclaims->index()
#8 F:\xampp\htdocs\policy-master-updated\vendor\codeigniter4\framework\system\CodeIgniter.php(400): CodeIgniter\CodeIgniter->runController(Object(App\Controllers\Manageclaims))
#9 F:\xampp\htdocs\policy-master-updated\vendor\codeigniter4\framework\system\CodeIgniter.php(308): CodeIgniter\CodeIgniter->handleRequest(NULL, Object(Config\Cache), false)
#10 F:\xampp\htdocs\policy-master-updated\index.php(84): CodeIgniter\CodeIgniter->run()
#11 {main}
CRITICAL - 2021-09-03 07:24:25 --> Undefined index: covering_details
#0 F:\xampp\htdocs\policy-master-updated\app\Views\manageclaims\list.php(153): CodeIgniter\Debug\Exceptions->errorHandler(8, 'Undefined index...', 'F:\\xampp\\htdocs...', 153, Array)
#1 F:\xampp\htdocs\policy-master-updated\vendor\codeigniter4\framework\system\View\View.php(246): include('F:\\xampp\\htdocs...')
#2 F:\xampp\htdocs\policy-master-updated\vendor\codeigniter4\framework\system\Common.php(1087): CodeIgniter\View\View->render('manageclaims/li...', Array, true)
#3 F:\xampp\htdocs\policy-master-updated\app\Views\templete.php(4): view('manageclaims/li...')
#4 F:\xampp\htdocs\policy-master-updated\vendor\codeigniter4\framework\system\View\View.php(246): include('F:\\xampp\\htdocs...')
#5 F:\xampp\htdocs\policy-master-updated\vendor\codeigniter4\framework\system\Common.php(1087): CodeIgniter\View\View->render('templete', Array, true)
#6 F:\xampp\htdocs\policy-master-updated\app\Controllers\Manageclaims.php(44): view('templete', Array)
#7 F:\xampp\htdocs\policy-master-updated\vendor\codeigniter4\framework\system\CodeIgniter.php(914): App\Controllers\Manageclaims->index()
#8 F:\xampp\htdocs\policy-master-updated\vendor\codeigniter4\framework\system\CodeIgniter.php(400): CodeIgniter\CodeIgniter->runController(Object(App\Controllers\Manageclaims))
#9 F:\xampp\htdocs\policy-master-updated\vendor\codeigniter4\framework\system\CodeIgniter.php(308): CodeIgniter\CodeIgniter->handleRequest(NULL, Object(Config\Cache), false)
#10 F:\xampp\htdocs\policy-master-updated\index.php(84): CodeIgniter\CodeIgniter->run()
#11 {main}
CRITICAL - 2021-09-03 07:30:21 --> Undefined index: covering_details
#0 F:\xampp\htdocs\policy-master-updated\app\Views\manageclaims\list.php(153): CodeIgniter\Debug\Exceptions->errorHandler(8, 'Undefined index...', 'F:\\xampp\\htdocs...', 153, Array)
#1 F:\xampp\htdocs\policy-master-updated\vendor\codeigniter4\framework\system\View\View.php(246): include('F:\\xampp\\htdocs...')
#2 F:\xampp\htdocs\policy-master-updated\vendor\codeigniter4\framework\system\Common.php(1087): CodeIgniter\View\View->render('manageclaims/li...', Array, true)
#3 F:\xampp\htdocs\policy-master-updated\app\Views\templete.php(4): view('manageclaims/li...')
#4 F:\xampp\htdocs\policy-master-updated\vendor\codeigniter4\framework\system\View\View.php(246): include('F:\\xampp\\htdocs...')
#5 F:\xampp\htdocs\policy-master-updated\vendor\codeigniter4\framework\system\Common.php(1087): CodeIgniter\View\View->render('templete', Array, true)
#6 F:\xampp\htdocs\policy-master-updated\app\Controllers\Manageclaims.php(44): view('templete', Array)
#7 F:\xampp\htdocs\policy-master-updated\vendor\codeigniter4\framework\system\CodeIgniter.php(914): App\Controllers\Manageclaims->index()
#8 F:\xampp\htdocs\policy-master-updated\vendor\codeigniter4\framework\system\CodeIgniter.php(400): CodeIgniter\CodeIgniter->runController(Object(App\Controllers\Manageclaims))
#9 F:\xampp\htdocs\policy-master-updated\vendor\codeigniter4\framework\system\CodeIgniter.php(308): CodeIgniter\CodeIgniter->handleRequest(NULL, Object(Config\Cache), false)
#10 F:\xampp\htdocs\policy-master-updated\index.php(84): CodeIgniter\CodeIgniter->run()
#11 {main}
CRITICAL - 2021-09-03 07:30:54 --> Undefined index: covering_details
#0 F:\xampp\htdocs\policy-master-updated\app\Views\manageclaims\list.php(153): CodeIgniter\Debug\Exceptions->errorHandler(8, 'Undefined index...', 'F:\\xampp\\htdocs...', 153, Array)
#1 F:\xampp\htdocs\policy-master-updated\vendor\codeigniter4\framework\system\View\View.php(246): include('F:\\xampp\\htdocs...')
#2 F:\xampp\htdocs\policy-master-updated\vendor\codeigniter4\framework\system\Common.php(1087): CodeIgniter\View\View->render('manageclaims/li...', Array, true)
#3 F:\xampp\htdocs\policy-master-updated\app\Views\templete.php(4): view('manageclaims/li...')
#4 F:\xampp\htdocs\policy-master-updated\vendor\codeigniter4\framework\system\View\View.php(246): include('F:\\xampp\\htdocs...')
#5 F:\xampp\htdocs\policy-master-updated\vendor\codeigniter4\framework\system\Common.php(1087): CodeIgniter\View\View->render('templete', Array, true)
#6 F:\xampp\htdocs\policy-master-updated\app\Controllers\Manageclaims.php(44): view('templete', Array)
#7 F:\xampp\htdocs\policy-master-updated\vendor\codeigniter4\framework\system\CodeIgniter.php(914): App\Controllers\Manageclaims->index()
#8 F:\xampp\htdocs\policy-master-updated\vendor\codeigniter4\framework\system\CodeIgniter.php(400): CodeIgniter\CodeIgniter->runController(Object(App\Controllers\Manageclaims))
#9 F:\xampp\htdocs\policy-master-updated\vendor\codeigniter4\framework\system\CodeIgniter.php(308): CodeIgniter\CodeIgniter->handleRequest(NULL, Object(Config\Cache), false)
#10 F:\xampp\htdocs\policy-master-updated\index.php(84): CodeIgniter\CodeIgniter->run()
#11 {main}
