CRITICAL - 2020-07-18 01:33:11 --> Illegal string offset 'status'
#0 E:\wamp64\www\healthyhabbits\app\Views\users\users.php(55): CodeIgniter\Debug\Exceptions->errorHandler(2, 'Illegal string ...', 'E:\\wamp64\\www\\h...', 55, Array)
#1 E:\wamp64\www\healthyhabbits\vendor\codeigniter4\framework\system\View\View.php(246): include('E:\\wamp64\\www\\h...')
#2 E:\wamp64\www\healthyhabbits\vendor\codeigniter4\framework\system\Common.php(1087): CodeIgniter\View\View->render('users/users', Array, true)
#3 E:\wamp64\www\healthyhabbits\app\Controllers\BaseController.php(53): view('users/users', Array)
#4 E:\wamp64\www\healthyhabbits\app\Controllers\Users.php(21): App\Controllers\BaseController->render_page('users/users', Array)
#5 E:\wamp64\www\healthyhabbits\vendor\codeigniter4\framework\system\CodeIgniter.php(914): App\Controllers\Users->index()
#6 E:\wamp64\www\healthyhabbits\vendor\codeigniter4\framework\system\CodeIgniter.php(400): CodeIgniter\CodeIgniter->runController(Object(App\Controllers\Users))
#7 E:\wamp64\www\healthyhabbits\vendor\codeigniter4\framework\system\CodeIgniter.php(308): CodeIgniter\CodeIgniter->handleRequest(NULL, Object(Config\Cache), false)
#8 E:\wamp64\www\healthyhabbits\index.php(84): CodeIgniter\CodeIgniter->run()
#9 {main}
CRITICAL - 2020-07-18 01:33:12 --> Illegal string offset 'status'
#0 E:\wamp64\www\healthyhabbits\app\Views\users\users.php(55): CodeIgniter\Debug\Exceptions->errorHandler(2, 'Illegal string ...', 'E:\\wamp64\\www\\h...', 55, Array)
#1 E:\wamp64\www\healthyhabbits\vendor\codeigniter4\framework\system\View\View.php(246): include('E:\\wamp64\\www\\h...')
#2 E:\wamp64\www\healthyhabbits\vendor\codeigniter4\framework\system\Common.php(1087): CodeIgniter\View\View->render('users/users', Array, true)
#3 E:\wamp64\www\healthyhabbits\app\Controllers\BaseController.php(53): view('users/users', Array)
#4 E:\wamp64\www\healthyhabbits\app\Controllers\Users.php(21): App\Controllers\BaseController->render_page('users/users', Array)
#5 E:\wamp64\www\healthyhabbits\vendor\codeigniter4\framework\system\CodeIgniter.php(914): App\Controllers\Users->index()
#6 E:\wamp64\www\healthyhabbits\vendor\codeigniter4\framework\system\CodeIgniter.php(400): CodeIgniter\CodeIgniter->runController(Object(App\Controllers\Users))
#7 E:\wamp64\www\healthyhabbits\vendor\codeigniter4\framework\system\CodeIgniter.php(308): CodeIgniter\CodeIgniter->handleRequest(NULL, Object(Config\Cache), false)
#8 E:\wamp64\www\healthyhabbits\index.php(84): CodeIgniter\CodeIgniter->run()
#9 {main}
CRITICAL - 2020-07-18 01:33:12 --> Illegal string offset 'status'
#0 E:\wamp64\www\healthyhabbits\app\Views\users\users.php(55): CodeIgniter\Debug\Exceptions->errorHandler(2, 'Illegal string ...', 'E:\\wamp64\\www\\h...', 55, Array)
#1 E:\wamp64\www\healthyhabbits\vendor\codeigniter4\framework\system\View\View.php(246): include('E:\\wamp64\\www\\h...')
#2 E:\wamp64\www\healthyhabbits\vendor\codeigniter4\framework\system\Common.php(1087): CodeIgniter\View\View->render('users/users', Array, true)
#3 E:\wamp64\www\healthyhabbits\app\Controllers\BaseController.php(53): view('users/users', Array)
#4 E:\wamp64\www\healthyhabbits\app\Controllers\Users.php(21): App\Controllers\BaseController->render_page('users/users', Array)
#5 E:\wamp64\www\healthyhabbits\vendor\codeigniter4\framework\system\CodeIgniter.php(914): App\Controllers\Users->index()
#6 E:\wamp64\www\healthyhabbits\vendor\codeigniter4\framework\system\CodeIgniter.php(400): CodeIgniter\CodeIgniter->runController(Object(App\Controllers\Users))
#7 E:\wamp64\www\healthyhabbits\vendor\codeigniter4\framework\system\CodeIgniter.php(308): CodeIgniter\CodeIgniter->handleRequest(NULL, Object(Config\Cache), false)
#8 E:\wamp64\www\healthyhabbits\index.php(84): CodeIgniter\CodeIgniter->run()
#9 {main}
CRITICAL - 2020-07-18 01:33:13 --> Illegal string offset 'status'
#0 E:\wamp64\www\healthyhabbits\app\Views\users\users.php(55): CodeIgniter\Debug\Exceptions->errorHandler(2, 'Illegal string ...', 'E:\\wamp64\\www\\h...', 55, Array)
#1 E:\wamp64\www\healthyhabbits\vendor\codeigniter4\framework\system\View\View.php(246): include('E:\\wamp64\\www\\h...')
#2 E:\wamp64\www\healthyhabbits\vendor\codeigniter4\framework\system\Common.php(1087): CodeIgniter\View\View->render('users/users', Array, true)
#3 E:\wamp64\www\healthyhabbits\app\Controllers\BaseController.php(53): view('users/users', Array)
#4 E:\wamp64\www\healthyhabbits\app\Controllers\Users.php(21): App\Controllers\BaseController->render_page('users/users', Array)
#5 E:\wamp64\www\healthyhabbits\vendor\codeigniter4\framework\system\CodeIgniter.php(914): App\Controllers\Users->index()
#6 E:\wamp64\www\healthyhabbits\vendor\codeigniter4\framework\system\CodeIgniter.php(400): CodeIgniter\CodeIgniter->runController(Object(App\Controllers\Users))
#7 E:\wamp64\www\healthyhabbits\vendor\codeigniter4\framework\system\CodeIgniter.php(308): CodeIgniter\CodeIgniter->handleRequest(NULL, Object(Config\Cache), false)
#8 E:\wamp64\www\healthyhabbits\index.php(84): CodeIgniter\CodeIgniter->run()
#9 {main}
CRITICAL - 2020-07-18 01:33:14 --> Illegal string offset 'status'
#0 E:\wamp64\www\healthyhabbits\app\Views\users\users.php(55): CodeIgniter\Debug\Exceptions->errorHandler(2, 'Illegal string ...', 'E:\\wamp64\\www\\h...', 55, Array)
#1 E:\wamp64\www\healthyhabbits\vendor\codeigniter4\framework\system\View\View.php(246): include('E:\\wamp64\\www\\h...')
#2 E:\wamp64\www\healthyhabbits\vendor\codeigniter4\framework\system\Common.php(1087): CodeIgniter\View\View->render('users/users', Array, true)
#3 E:\wamp64\www\healthyhabbits\app\Controllers\BaseController.php(53): view('users/users', Array)
#4 E:\wamp64\www\healthyhabbits\app\Controllers\Users.php(21): App\Controllers\BaseController->render_page('users/users', Array)
#5 E:\wamp64\www\healthyhabbits\vendor\codeigniter4\framework\system\CodeIgniter.php(914): App\Controllers\Users->index()
#6 E:\wamp64\www\healthyhabbits\vendor\codeigniter4\framework\system\CodeIgniter.php(400): CodeIgniter\CodeIgniter->runController(Object(App\Controllers\Users))
#7 E:\wamp64\www\healthyhabbits\vendor\codeigniter4\framework\system\CodeIgniter.php(308): CodeIgniter\CodeIgniter->handleRequest(NULL, Object(Config\Cache), false)
#8 E:\wamp64\www\healthyhabbits\index.php(84): CodeIgniter\CodeIgniter->run()
#9 {main}
CRITICAL - 2020-07-18 01:33:15 --> Illegal string offset 'status'
#0 E:\wamp64\www\healthyhabbits\app\Views\users\users.php(55): CodeIgniter\Debug\Exceptions->errorHandler(2, 'Illegal string ...', 'E:\\wamp64\\www\\h...', 55, Array)
#1 E:\wamp64\www\healthyhabbits\vendor\codeigniter4\framework\system\View\View.php(246): include('E:\\wamp64\\www\\h...')
#2 E:\wamp64\www\healthyhabbits\vendor\codeigniter4\framework\system\Common.php(1087): CodeIgniter\View\View->render('users/users', Array, true)
#3 E:\wamp64\www\healthyhabbits\app\Controllers\BaseController.php(53): view('users/users', Array)
#4 E:\wamp64\www\healthyhabbits\app\Controllers\Users.php(21): App\Controllers\BaseController->render_page('users/users', Array)
#5 E:\wamp64\www\healthyhabbits\vendor\codeigniter4\framework\system\CodeIgniter.php(914): App\Controllers\Users->index()
#6 E:\wamp64\www\healthyhabbits\vendor\codeigniter4\framework\system\CodeIgniter.php(400): CodeIgniter\CodeIgniter->runController(Object(App\Controllers\Users))
#7 E:\wamp64\www\healthyhabbits\vendor\codeigniter4\framework\system\CodeIgniter.php(308): CodeIgniter\CodeIgniter->handleRequest(NULL, Object(Config\Cache), false)
#8 E:\wamp64\www\healthyhabbits\index.php(84): CodeIgniter\CodeIgniter->run()
#9 {main}
CRITICAL - 2020-07-18 02:06:48 --> Invalid file: users/register.php
#0 E:\wamp64\www\healthyhabbits\vendor\codeigniter4\framework\system\View\View.php(228): CodeIgniter\Exceptions\FrameworkException::forInvalidFile('users/register....')
#1 E:\wamp64\www\healthyhabbits\vendor\codeigniter4\framework\system\Common.php(1087): CodeIgniter\View\View->render('users/register', Array, true)
#2 E:\wamp64\www\healthyhabbits\app\Controllers\Login.php(109): view('users/register', Array)
#3 E:\wamp64\www\healthyhabbits\vendor\codeigniter4\framework\system\CodeIgniter.php(914): App\Controllers\Login->register()
#4 E:\wamp64\www\healthyhabbits\vendor\codeigniter4\framework\system\CodeIgniter.php(400): CodeIgniter\CodeIgniter->runController(Object(App\Controllers\Login))
#5 E:\wamp64\www\healthyhabbits\vendor\codeigniter4\framework\system\CodeIgniter.php(308): CodeIgniter\CodeIgniter->handleRequest(NULL, Object(Config\Cache), false)
#6 E:\wamp64\www\healthyhabbits\index.php(84): CodeIgniter\CodeIgniter->run()
#7 {main}
CRITICAL - 2020-07-18 02:13:52 --> Too few arguments to function App\Controllers\Auth::forget_password(), 0 passed in E:\wamp64\www\healthyhabbits\vendor\codeigniter4\framework\system\CodeIgniter.php on line 914 and exactly 2 expected
#0 E:\wamp64\www\healthyhabbits\vendor\codeigniter4\framework\system\CodeIgniter.php(914): App\Controllers\Auth->forget_password()
#1 E:\wamp64\www\healthyhabbits\vendor\codeigniter4\framework\system\CodeIgniter.php(400): CodeIgniter\CodeIgniter->runController(Object(App\Controllers\Auth))
#2 E:\wamp64\www\healthyhabbits\vendor\codeigniter4\framework\system\CodeIgniter.php(308): CodeIgniter\CodeIgniter->handleRequest(NULL, Object(Config\Cache), false)
#3 E:\wamp64\www\healthyhabbits\index.php(84): CodeIgniter\CodeIgniter->run()
#4 {main}
CRITICAL - 2020-07-18 02:14:07 --> Too few arguments to function App\Controllers\Auth::forget_password(), 0 passed in E:\wamp64\www\healthyhabbits\vendor\codeigniter4\framework\system\CodeIgniter.php on line 914 and exactly 2 expected
#0 E:\wamp64\www\healthyhabbits\vendor\codeigniter4\framework\system\CodeIgniter.php(914): App\Controllers\Auth->forget_password()
#1 E:\wamp64\www\healthyhabbits\vendor\codeigniter4\framework\system\CodeIgniter.php(400): CodeIgniter\CodeIgniter->runController(Object(App\Controllers\Auth))
#2 E:\wamp64\www\healthyhabbits\vendor\codeigniter4\framework\system\CodeIgniter.php(308): CodeIgniter\CodeIgniter->handleRequest(NULL, Object(Config\Cache), false)
#3 E:\wamp64\www\healthyhabbits\index.php(84): CodeIgniter\CodeIgniter->run()
#4 {main}
CRITICAL - 2020-07-18 03:38:53 --> syntax error, unexpected 'return' (T_RETURN)
#0 E:\wamp64\www\healthyhabbits\vendor\codeigniter4\framework\system\Autoloader\Autoloader.php(296): CodeIgniter\Autoloader\Autoloader->requireFile('E:\\wamp64\\www\\h...')
#1 E:\wamp64\www\healthyhabbits\vendor\codeigniter4\framework\system\Autoloader\Autoloader.php(258): CodeIgniter\Autoloader\Autoloader->loadInNamespace('App\\Controllers...')
#2 [internal function]: CodeIgniter\Autoloader\Autoloader->loadClass('App\\Controllers...')
#3 E:\wamp64\www\healthyhabbits\app\Controllers\Dashboard.php(5): spl_autoload_call('App\\Controllers...')
#4 E:\wamp64\www\healthyhabbits\vendor\codeigniter4\framework\system\Autoloader\Autoloader.php(365): require_once('E:\\wamp64\\www\\h...')
#5 E:\wamp64\www\healthyhabbits\vendor\codeigniter4\framework\system\Autoloader\Autoloader.php(296): CodeIgniter\Autoloader\Autoloader->requireFile('E:\\wamp64\\www\\h...')
#6 E:\wamp64\www\healthyhabbits\vendor\codeigniter4\framework\system\Autoloader\Autoloader.php(258): CodeIgniter\Autoloader\Autoloader->loadInNamespace('App\\Controllers...')
#7 [internal function]: CodeIgniter\Autoloader\Autoloader->loadClass('App\\Controllers...')
#8 [internal function]: spl_autoload_call('App\\Controllers...')
#9 E:\wamp64\www\healthyhabbits\vendor\codeigniter4\framework\system\CodeIgniter.php(865): class_exists('\\App\\Controller...', true)
#10 E:\wamp64\www\healthyhabbits\vendor\codeigniter4\framework\system\CodeIgniter.php(390): CodeIgniter\CodeIgniter->startController()
#11 E:\wamp64\www\healthyhabbits\vendor\codeigniter4\framework\system\CodeIgniter.php(308): CodeIgniter\CodeIgniter->handleRequest(NULL, Object(Config\Cache), false)
#12 E:\wamp64\www\healthyhabbits\index.php(84): CodeIgniter\CodeIgniter->run()
#13 {main}
CRITICAL - 2020-07-18 03:39:16 --> syntax error, unexpected 'return' (T_RETURN)
#0 E:\wamp64\www\healthyhabbits\vendor\codeigniter4\framework\system\Autoloader\Autoloader.php(296): CodeIgniter\Autoloader\Autoloader->requireFile('E:\\wamp64\\www\\h...')
#1 E:\wamp64\www\healthyhabbits\vendor\codeigniter4\framework\system\Autoloader\Autoloader.php(258): CodeIgniter\Autoloader\Autoloader->loadInNamespace('App\\Controllers...')
#2 [internal function]: CodeIgniter\Autoloader\Autoloader->loadClass('App\\Controllers...')
#3 E:\wamp64\www\healthyhabbits\app\Controllers\Dashboard.php(5): spl_autoload_call('App\\Controllers...')
#4 E:\wamp64\www\healthyhabbits\vendor\codeigniter4\framework\system\Autoloader\Autoloader.php(365): require_once('E:\\wamp64\\www\\h...')
#5 E:\wamp64\www\healthyhabbits\vendor\codeigniter4\framework\system\Autoloader\Autoloader.php(296): CodeIgniter\Autoloader\Autoloader->requireFile('E:\\wamp64\\www\\h...')
#6 E:\wamp64\www\healthyhabbits\vendor\codeigniter4\framework\system\Autoloader\Autoloader.php(258): CodeIgniter\Autoloader\Autoloader->loadInNamespace('App\\Controllers...')
#7 [internal function]: CodeIgniter\Autoloader\Autoloader->loadClass('App\\Controllers...')
#8 [internal function]: spl_autoload_call('App\\Controllers...')
#9 E:\wamp64\www\healthyhabbits\vendor\codeigniter4\framework\system\CodeIgniter.php(865): class_exists('\\App\\Controller...', true)
#10 E:\wamp64\www\healthyhabbits\vendor\codeigniter4\framework\system\CodeIgniter.php(390): CodeIgniter\CodeIgniter->startController()
#11 E:\wamp64\www\healthyhabbits\vendor\codeigniter4\framework\system\CodeIgniter.php(308): CodeIgniter\CodeIgniter->handleRequest(NULL, Object(Config\Cache), false)
#12 E:\wamp64\www\healthyhabbits\index.php(84): CodeIgniter\CodeIgniter->run()
#13 {main}
CRITICAL - 2020-07-18 03:40:05 --> syntax error, unexpected 'return' (T_RETURN)
#0 E:\wamp64\www\healthyhabbits\vendor\codeigniter4\framework\system\Autoloader\Autoloader.php(296): CodeIgniter\Autoloader\Autoloader->requireFile('E:\\wamp64\\www\\h...')
#1 E:\wamp64\www\healthyhabbits\vendor\codeigniter4\framework\system\Autoloader\Autoloader.php(258): CodeIgniter\Autoloader\Autoloader->loadInNamespace('App\\Controllers...')
#2 [internal function]: CodeIgniter\Autoloader\Autoloader->loadClass('App\\Controllers...')
#3 E:\wamp64\www\healthyhabbits\app\Controllers\Dashboard.php(5): spl_autoload_call('App\\Controllers...')
#4 E:\wamp64\www\healthyhabbits\vendor\codeigniter4\framework\system\Autoloader\Autoloader.php(365): require_once('E:\\wamp64\\www\\h...')
#5 E:\wamp64\www\healthyhabbits\vendor\codeigniter4\framework\system\Autoloader\Autoloader.php(296): CodeIgniter\Autoloader\Autoloader->requireFile('E:\\wamp64\\www\\h...')
#6 E:\wamp64\www\healthyhabbits\vendor\codeigniter4\framework\system\Autoloader\Autoloader.php(258): CodeIgniter\Autoloader\Autoloader->loadInNamespace('App\\Controllers...')
#7 [internal function]: CodeIgniter\Autoloader\Autoloader->loadClass('App\\Controllers...')
#8 [internal function]: spl_autoload_call('App\\Controllers...')
#9 E:\wamp64\www\healthyhabbits\vendor\codeigniter4\framework\system\CodeIgniter.php(865): class_exists('\\App\\Controller...', true)
#10 E:\wamp64\www\healthyhabbits\vendor\codeigniter4\framework\system\CodeIgniter.php(390): CodeIgniter\CodeIgniter->startController()
#11 E:\wamp64\www\healthyhabbits\vendor\codeigniter4\framework\system\CodeIgniter.php(308): CodeIgniter\CodeIgniter->handleRequest(NULL, Object(Config\Cache), false)
#12 E:\wamp64\www\healthyhabbits\index.php(84): CodeIgniter\CodeIgniter->run()
#13 {main}
CRITICAL - 2020-07-18 03:40:07 --> syntax error, unexpected 'return' (T_RETURN)
#0 E:\wamp64\www\healthyhabbits\vendor\codeigniter4\framework\system\Autoloader\Autoloader.php(296): CodeIgniter\Autoloader\Autoloader->requireFile('E:\\wamp64\\www\\h...')
#1 E:\wamp64\www\healthyhabbits\vendor\codeigniter4\framework\system\Autoloader\Autoloader.php(258): CodeIgniter\Autoloader\Autoloader->loadInNamespace('App\\Controllers...')
#2 [internal function]: CodeIgniter\Autoloader\Autoloader->loadClass('App\\Controllers...')
#3 E:\wamp64\www\healthyhabbits\app\Controllers\Dashboard.php(5): spl_autoload_call('App\\Controllers...')
#4 E:\wamp64\www\healthyhabbits\vendor\codeigniter4\framework\system\Autoloader\Autoloader.php(365): require_once('E:\\wamp64\\www\\h...')
#5 E:\wamp64\www\healthyhabbits\vendor\codeigniter4\framework\system\Autoloader\Autoloader.php(296): CodeIgniter\Autoloader\Autoloader->requireFile('E:\\wamp64\\www\\h...')
#6 E:\wamp64\www\healthyhabbits\vendor\codeigniter4\framework\system\Autoloader\Autoloader.php(258): CodeIgniter\Autoloader\Autoloader->loadInNamespace('App\\Controllers...')
#7 [internal function]: CodeIgniter\Autoloader\Autoloader->loadClass('App\\Controllers...')
#8 [internal function]: spl_autoload_call('App\\Controllers...')
#9 E:\wamp64\www\healthyhabbits\vendor\codeigniter4\framework\system\CodeIgniter.php(865): class_exists('\\App\\Controller...', true)
#10 E:\wamp64\www\healthyhabbits\vendor\codeigniter4\framework\system\CodeIgniter.php(390): CodeIgniter\CodeIgniter->startController()
#11 E:\wamp64\www\healthyhabbits\vendor\codeigniter4\framework\system\CodeIgniter.php(308): CodeIgniter\CodeIgniter->handleRequest(NULL, Object(Config\Cache), false)
#12 E:\wamp64\www\healthyhabbits\index.php(84): CodeIgniter\CodeIgniter->run()
#13 {main}
CRITICAL - 2020-07-18 03:40:54 --> syntax error, unexpected 'return' (T_RETURN)
#0 E:\wamp64\www\healthyhabbits\vendor\codeigniter4\framework\system\Autoloader\Autoloader.php(296): CodeIgniter\Autoloader\Autoloader->requireFile('E:\\wamp64\\www\\h...')
#1 E:\wamp64\www\healthyhabbits\vendor\codeigniter4\framework\system\Autoloader\Autoloader.php(258): CodeIgniter\Autoloader\Autoloader->loadInNamespace('App\\Controllers...')
#2 [internal function]: CodeIgniter\Autoloader\Autoloader->loadClass('App\\Controllers...')
#3 E:\wamp64\www\healthyhabbits\app\Controllers\Dashboard.php(5): spl_autoload_call('App\\Controllers...')
#4 E:\wamp64\www\healthyhabbits\vendor\codeigniter4\framework\system\Autoloader\Autoloader.php(365): require_once('E:\\wamp64\\www\\h...')
#5 E:\wamp64\www\healthyhabbits\vendor\codeigniter4\framework\system\Autoloader\Autoloader.php(296): CodeIgniter\Autoloader\Autoloader->requireFile('E:\\wamp64\\www\\h...')
#6 E:\wamp64\www\healthyhabbits\vendor\codeigniter4\framework\system\Autoloader\Autoloader.php(258): CodeIgniter\Autoloader\Autoloader->loadInNamespace('App\\Controllers...')
#7 [internal function]: CodeIgniter\Autoloader\Autoloader->loadClass('App\\Controllers...')
#8 [internal function]: spl_autoload_call('App\\Controllers...')
#9 E:\wamp64\www\healthyhabbits\vendor\codeigniter4\framework\system\CodeIgniter.php(865): class_exists('\\App\\Controller...', true)
#10 E:\wamp64\www\healthyhabbits\vendor\codeigniter4\framework\system\CodeIgniter.php(390): CodeIgniter\CodeIgniter->startController()
#11 E:\wamp64\www\healthyhabbits\vendor\codeigniter4\framework\system\CodeIgniter.php(308): CodeIgniter\CodeIgniter->handleRequest(NULL, Object(Config\Cache), false)
#12 E:\wamp64\www\healthyhabbits\index.php(84): CodeIgniter\CodeIgniter->run()
#13 {main}
CRITICAL - 2020-07-18 03:41:02 --> syntax error, unexpected '}'
#0 E:\wamp64\www\healthyhabbits\vendor\codeigniter4\framework\system\Autoloader\Autoloader.php(296): CodeIgniter\Autoloader\Autoloader->requireFile('E:\\wamp64\\www\\h...')
#1 E:\wamp64\www\healthyhabbits\vendor\codeigniter4\framework\system\Autoloader\Autoloader.php(258): CodeIgniter\Autoloader\Autoloader->loadInNamespace('App\\Controllers...')
#2 [internal function]: CodeIgniter\Autoloader\Autoloader->loadClass('App\\Controllers...')
#3 E:\wamp64\www\healthyhabbits\app\Controllers\Dashboard.php(5): spl_autoload_call('App\\Controllers...')
#4 E:\wamp64\www\healthyhabbits\vendor\codeigniter4\framework\system\Autoloader\Autoloader.php(365): require_once('E:\\wamp64\\www\\h...')
#5 E:\wamp64\www\healthyhabbits\vendor\codeigniter4\framework\system\Autoloader\Autoloader.php(296): CodeIgniter\Autoloader\Autoloader->requireFile('E:\\wamp64\\www\\h...')
#6 E:\wamp64\www\healthyhabbits\vendor\codeigniter4\framework\system\Autoloader\Autoloader.php(258): CodeIgniter\Autoloader\Autoloader->loadInNamespace('App\\Controllers...')
#7 [internal function]: CodeIgniter\Autoloader\Autoloader->loadClass('App\\Controllers...')
#8 [internal function]: spl_autoload_call('App\\Controllers...')
#9 E:\wamp64\www\healthyhabbits\vendor\codeigniter4\framework\system\CodeIgniter.php(865): class_exists('\\App\\Controller...', true)
#10 E:\wamp64\www\healthyhabbits\vendor\codeigniter4\framework\system\CodeIgniter.php(390): CodeIgniter\CodeIgniter->startController()
#11 E:\wamp64\www\healthyhabbits\vendor\codeigniter4\framework\system\CodeIgniter.php(308): CodeIgniter\CodeIgniter->handleRequest(NULL, Object(Config\Cache), false)
#12 E:\wamp64\www\healthyhabbits\index.php(84): CodeIgniter\CodeIgniter->run()
#13 {main}
CRITICAL - 2020-07-18 03:41:03 --> syntax error, unexpected '}'
#0 E:\wamp64\www\healthyhabbits\vendor\codeigniter4\framework\system\Autoloader\Autoloader.php(296): CodeIgniter\Autoloader\Autoloader->requireFile('E:\\wamp64\\www\\h...')
#1 E:\wamp64\www\healthyhabbits\vendor\codeigniter4\framework\system\Autoloader\Autoloader.php(258): CodeIgniter\Autoloader\Autoloader->loadInNamespace('App\\Controllers...')
#2 [internal function]: CodeIgniter\Autoloader\Autoloader->loadClass('App\\Controllers...')
#3 E:\wamp64\www\healthyhabbits\app\Controllers\Dashboard.php(5): spl_autoload_call('App\\Controllers...')
#4 E:\wamp64\www\healthyhabbits\vendor\codeigniter4\framework\system\Autoloader\Autoloader.php(365): require_once('E:\\wamp64\\www\\h...')
#5 E:\wamp64\www\healthyhabbits\vendor\codeigniter4\framework\system\Autoloader\Autoloader.php(296): CodeIgniter\Autoloader\Autoloader->requireFile('E:\\wamp64\\www\\h...')
#6 E:\wamp64\www\healthyhabbits\vendor\codeigniter4\framework\system\Autoloader\Autoloader.php(258): CodeIgniter\Autoloader\Autoloader->loadInNamespace('App\\Controllers...')
#7 [internal function]: CodeIgniter\Autoloader\Autoloader->loadClass('App\\Controllers...')
#8 [internal function]: spl_autoload_call('App\\Controllers...')
#9 E:\wamp64\www\healthyhabbits\vendor\codeigniter4\framework\system\CodeIgniter.php(865): class_exists('\\App\\Controller...', true)
#10 E:\wamp64\www\healthyhabbits\vendor\codeigniter4\framework\system\CodeIgniter.php(390): CodeIgniter\CodeIgniter->startController()
#11 E:\wamp64\www\healthyhabbits\vendor\codeigniter4\framework\system\CodeIgniter.php(308): CodeIgniter\CodeIgniter->handleRequest(NULL, Object(Config\Cache), false)
#12 E:\wamp64\www\healthyhabbits\index.php(84): CodeIgniter\CodeIgniter->run()
#13 {main}
CRITICAL - 2020-07-18 03:46:33 --> Call to undefined function App\Controllers\is_loggedin()
#0 E:\wamp64\www\healthyhabbits\vendor\codeigniter4\framework\system\CodeIgniter.php(886): App\Controllers\BaseController->__construct()
#1 E:\wamp64\www\healthyhabbits\vendor\codeigniter4\framework\system\CodeIgniter.php(395): CodeIgniter\CodeIgniter->createController()
#2 E:\wamp64\www\healthyhabbits\vendor\codeigniter4\framework\system\CodeIgniter.php(308): CodeIgniter\CodeIgniter->handleRequest(NULL, Object(Config\Cache), false)
#3 E:\wamp64\www\healthyhabbits\index.php(84): CodeIgniter\CodeIgniter->run()
#4 {main}
CRITICAL - 2020-07-18 04:32:13 --> Call to undefined method App\Models\AuthModel::mail_exists
#0 E:\wamp64\www\healthyhabbits\app\Controllers\Auth.php(107): CodeIgniter\Model->__call('mail_exists', Array)
#1 E:\wamp64\www\healthyhabbits\vendor\codeigniter4\framework\system\CodeIgniter.php(914): App\Controllers\Auth->forget_password()
#2 E:\wamp64\www\healthyhabbits\vendor\codeigniter4\framework\system\CodeIgniter.php(400): CodeIgniter\CodeIgniter->runController(Object(App\Controllers\Auth))
#3 E:\wamp64\www\healthyhabbits\vendor\codeigniter4\framework\system\CodeIgniter.php(308): CodeIgniter\CodeIgniter->handleRequest(NULL, Object(Config\Cache), false)
#4 E:\wamp64\www\healthyhabbits\index.php(84): CodeIgniter\CodeIgniter->run()
#5 {main}
CRITICAL - 2020-07-18 04:32:18 --> Call to undefined method App\Models\AuthModel::mail_exists
#0 E:\wamp64\www\healthyhabbits\app\Controllers\Auth.php(107): CodeIgniter\Model->__call('mail_exists', Array)
#1 E:\wamp64\www\healthyhabbits\vendor\codeigniter4\framework\system\CodeIgniter.php(914): App\Controllers\Auth->forget_password()
#2 E:\wamp64\www\healthyhabbits\vendor\codeigniter4\framework\system\CodeIgniter.php(400): CodeIgniter\CodeIgniter->runController(Object(App\Controllers\Auth))
#3 E:\wamp64\www\healthyhabbits\vendor\codeigniter4\framework\system\CodeIgniter.php(308): CodeIgniter\CodeIgniter->handleRequest(NULL, Object(Config\Cache), false)
#4 E:\wamp64\www\healthyhabbits\index.php(84): CodeIgniter\CodeIgniter->run()
#5 {main}
CRITICAL - 2020-07-18 04:33:05 --> Call to undefined method App\Models\AuthModel::mail_exists
#0 E:\wamp64\www\healthyhabbits\app\Controllers\Auth.php(107): CodeIgniter\Model->__call('mail_exists', Array)
#1 E:\wamp64\www\healthyhabbits\vendor\codeigniter4\framework\system\CodeIgniter.php(914): App\Controllers\Auth->forget_password()
#2 E:\wamp64\www\healthyhabbits\vendor\codeigniter4\framework\system\CodeIgniter.php(400): CodeIgniter\CodeIgniter->runController(Object(App\Controllers\Auth))
#3 E:\wamp64\www\healthyhabbits\vendor\codeigniter4\framework\system\CodeIgniter.php(308): CodeIgniter\CodeIgniter->handleRequest(NULL, Object(Config\Cache), false)
#4 E:\wamp64\www\healthyhabbits\index.php(84): CodeIgniter\CodeIgniter->run()
#5 {main}
CRITICAL - 2020-07-18 04:33:06 --> Call to undefined method App\Models\AuthModel::mail_exists
#0 E:\wamp64\www\healthyhabbits\app\Controllers\Auth.php(107): CodeIgniter\Model->__call('mail_exists', Array)
#1 E:\wamp64\www\healthyhabbits\vendor\codeigniter4\framework\system\CodeIgniter.php(914): App\Controllers\Auth->forget_password()
#2 E:\wamp64\www\healthyhabbits\vendor\codeigniter4\framework\system\CodeIgniter.php(400): CodeIgniter\CodeIgniter->runController(Object(App\Controllers\Auth))
#3 E:\wamp64\www\healthyhabbits\vendor\codeigniter4\framework\system\CodeIgniter.php(308): CodeIgniter\CodeIgniter->handleRequest(NULL, Object(Config\Cache), false)
#4 E:\wamp64\www\healthyhabbits\index.php(84): CodeIgniter\CodeIgniter->run()
#5 {main}
CRITICAL - 2020-07-18 04:33:09 --> Call to undefined method App\Models\AuthModel::mail_exists
#0 E:\wamp64\www\healthyhabbits\app\Controllers\Auth.php(107): CodeIgniter\Model->__call('mail_exists', Array)
#1 E:\wamp64\www\healthyhabbits\vendor\codeigniter4\framework\system\CodeIgniter.php(914): App\Controllers\Auth->forget_password()
#2 E:\wamp64\www\healthyhabbits\vendor\codeigniter4\framework\system\CodeIgniter.php(400): CodeIgniter\CodeIgniter->runController(Object(App\Controllers\Auth))
#3 E:\wamp64\www\healthyhabbits\vendor\codeigniter4\framework\system\CodeIgniter.php(308): CodeIgniter\CodeIgniter->handleRequest(NULL, Object(Config\Cache), false)
#4 E:\wamp64\www\healthyhabbits\index.php(84): CodeIgniter\CodeIgniter->run()
#5 {main}
CRITICAL - 2020-07-18 04:34:54 --> Call to undefined method CodeIgniter\Database\MySQLi\Connection::where()
#0 E:\wamp64\www\healthyhabbits\app\Controllers\Auth.php(107): App\Models\AuthModel->mail_exists('email', 'aman.kumar@magi...')
#1 E:\wamp64\www\healthyhabbits\vendor\codeigniter4\framework\system\CodeIgniter.php(914): App\Controllers\Auth->forget_password()
#2 E:\wamp64\www\healthyhabbits\vendor\codeigniter4\framework\system\CodeIgniter.php(400): CodeIgniter\CodeIgniter->runController(Object(App\Controllers\Auth))
#3 E:\wamp64\www\healthyhabbits\vendor\codeigniter4\framework\system\CodeIgniter.php(308): CodeIgniter\CodeIgniter->handleRequest(NULL, Object(Config\Cache), false)
#4 E:\wamp64\www\healthyhabbits\index.php(84): CodeIgniter\CodeIgniter->run()
#5 {main}
CRITICAL - 2020-07-18 04:34:56 --> Call to undefined method CodeIgniter\Database\MySQLi\Connection::where()
#0 E:\wamp64\www\healthyhabbits\app\Controllers\Auth.php(107): App\Models\AuthModel->mail_exists('email', 'aman.kumar@magi...')
#1 E:\wamp64\www\healthyhabbits\vendor\codeigniter4\framework\system\CodeIgniter.php(914): App\Controllers\Auth->forget_password()
#2 E:\wamp64\www\healthyhabbits\vendor\codeigniter4\framework\system\CodeIgniter.php(400): CodeIgniter\CodeIgniter->runController(Object(App\Controllers\Auth))
#3 E:\wamp64\www\healthyhabbits\vendor\codeigniter4\framework\system\CodeIgniter.php(308): CodeIgniter\CodeIgniter->handleRequest(NULL, Object(Config\Cache), false)
#4 E:\wamp64\www\healthyhabbits\index.php(84): CodeIgniter\CodeIgniter->run()
#5 {main}
CRITICAL - 2020-07-18 04:35:10 --> Call to undefined method CodeIgniter\Database\MySQLi\Connection::where()
#0 E:\wamp64\www\healthyhabbits\app\Controllers\Auth.php(107): App\Models\AuthModel->mail_exists('email', 'aman.kumar@magi...')
#1 E:\wamp64\www\healthyhabbits\vendor\codeigniter4\framework\system\CodeIgniter.php(914): App\Controllers\Auth->forget_password()
#2 E:\wamp64\www\healthyhabbits\vendor\codeigniter4\framework\system\CodeIgniter.php(400): CodeIgniter\CodeIgniter->runController(Object(App\Controllers\Auth))
#3 E:\wamp64\www\healthyhabbits\vendor\codeigniter4\framework\system\CodeIgniter.php(308): CodeIgniter\CodeIgniter->handleRequest(NULL, Object(Config\Cache), false)
#4 E:\wamp64\www\healthyhabbits\index.php(84): CodeIgniter\CodeIgniter->run()
#5 {main}
CRITICAL - 2020-07-18 04:35:13 --> Call to undefined method CodeIgniter\Database\MySQLi\Connection::where()
#0 E:\wamp64\www\healthyhabbits\app\Controllers\Auth.php(107): App\Models\AuthModel->mail_exists('email', 'aman.kumar@magi...')
#1 E:\wamp64\www\healthyhabbits\vendor\codeigniter4\framework\system\CodeIgniter.php(914): App\Controllers\Auth->forget_password()
#2 E:\wamp64\www\healthyhabbits\vendor\codeigniter4\framework\system\CodeIgniter.php(400): CodeIgniter\CodeIgniter->runController(Object(App\Controllers\Auth))
#3 E:\wamp64\www\healthyhabbits\vendor\codeigniter4\framework\system\CodeIgniter.php(308): CodeIgniter\CodeIgniter->handleRequest(NULL, Object(Config\Cache), false)
#4 E:\wamp64\www\healthyhabbits\index.php(84): CodeIgniter\CodeIgniter->run()
#5 {main}
CRITICAL - 2020-07-18 04:39:54 --> Call to undefined method CodeIgniter\Database\MySQLi\Connection::where()
#0 E:\wamp64\www\healthyhabbits\app\Controllers\Auth.php(107): App\Models\AuthModel->mail_exists('aman.kumar@magi...')
#1 E:\wamp64\www\healthyhabbits\vendor\codeigniter4\framework\system\CodeIgniter.php(914): App\Controllers\Auth->forget_password()
#2 E:\wamp64\www\healthyhabbits\vendor\codeigniter4\framework\system\CodeIgniter.php(400): CodeIgniter\CodeIgniter->runController(Object(App\Controllers\Auth))
#3 E:\wamp64\www\healthyhabbits\vendor\codeigniter4\framework\system\CodeIgniter.php(308): CodeIgniter\CodeIgniter->handleRequest(NULL, Object(Config\Cache), false)
#4 E:\wamp64\www\healthyhabbits\index.php(84): CodeIgniter\CodeIgniter->run()
#5 {main}
CRITICAL - 2020-07-18 04:41:16 --> syntax error, unexpected ','
#0 E:\wamp64\www\healthyhabbits\vendor\codeigniter4\framework\system\Autoloader\Autoloader.php(296): CodeIgniter\Autoloader\Autoloader->requireFile('E:\\wamp64\\www\\h...')
#1 E:\wamp64\www\healthyhabbits\vendor\codeigniter4\framework\system\Autoloader\Autoloader.php(258): CodeIgniter\Autoloader\Autoloader->loadInNamespace('App\\Models\\Auth...')
#2 [internal function]: CodeIgniter\Autoloader\Autoloader->loadClass('App\\Models\\Auth...')
#3 E:\wamp64\www\healthyhabbits\app\Controllers\Auth.php(106): spl_autoload_call('App\\Models\\Auth...')
#4 E:\wamp64\www\healthyhabbits\vendor\codeigniter4\framework\system\CodeIgniter.php(914): App\Controllers\Auth->forget_password()
#5 E:\wamp64\www\healthyhabbits\vendor\codeigniter4\framework\system\CodeIgniter.php(400): CodeIgniter\CodeIgniter->runController(Object(App\Controllers\Auth))
#6 E:\wamp64\www\healthyhabbits\vendor\codeigniter4\framework\system\CodeIgniter.php(308): CodeIgniter\CodeIgniter->handleRequest(NULL, Object(Config\Cache), false)
#7 E:\wamp64\www\healthyhabbits\index.php(84): CodeIgniter\CodeIgniter->run()
#8 {main}
CRITICAL - 2020-07-18 04:41:17 --> syntax error, unexpected ','
#0 E:\wamp64\www\healthyhabbits\vendor\codeigniter4\framework\system\Autoloader\Autoloader.php(296): CodeIgniter\Autoloader\Autoloader->requireFile('E:\\wamp64\\www\\h...')
#1 E:\wamp64\www\healthyhabbits\vendor\codeigniter4\framework\system\Autoloader\Autoloader.php(258): CodeIgniter\Autoloader\Autoloader->loadInNamespace('App\\Models\\Auth...')
#2 [internal function]: CodeIgniter\Autoloader\Autoloader->loadClass('App\\Models\\Auth...')
#3 E:\wamp64\www\healthyhabbits\app\Controllers\Auth.php(106): spl_autoload_call('App\\Models\\Auth...')
#4 E:\wamp64\www\healthyhabbits\vendor\codeigniter4\framework\system\CodeIgniter.php(914): App\Controllers\Auth->forget_password()
#5 E:\wamp64\www\healthyhabbits\vendor\codeigniter4\framework\system\CodeIgniter.php(400): CodeIgniter\CodeIgniter->runController(Object(App\Controllers\Auth))
#6 E:\wamp64\www\healthyhabbits\vendor\codeigniter4\framework\system\CodeIgniter.php(308): CodeIgniter\CodeIgniter->handleRequest(NULL, Object(Config\Cache), false)
#7 E:\wamp64\www\healthyhabbits\index.php(84): CodeIgniter\CodeIgniter->run()
#8 {main}
CRITICAL - 2020-07-18 04:41:20 --> syntax error, unexpected ','
#0 E:\wamp64\www\healthyhabbits\vendor\codeigniter4\framework\system\Autoloader\Autoloader.php(296): CodeIgniter\Autoloader\Autoloader->requireFile('E:\\wamp64\\www\\h...')
#1 E:\wamp64\www\healthyhabbits\vendor\codeigniter4\framework\system\Autoloader\Autoloader.php(258): CodeIgniter\Autoloader\Autoloader->loadInNamespace('App\\Models\\Auth...')
#2 [internal function]: CodeIgniter\Autoloader\Autoloader->loadClass('App\\Models\\Auth...')
#3 E:\wamp64\www\healthyhabbits\app\Controllers\Auth.php(106): spl_autoload_call('App\\Models\\Auth...')
#4 E:\wamp64\www\healthyhabbits\vendor\codeigniter4\framework\system\CodeIgniter.php(914): App\Controllers\Auth->forget_password()
#5 E:\wamp64\www\healthyhabbits\vendor\codeigniter4\framework\system\CodeIgniter.php(400): CodeIgniter\CodeIgniter->runController(Object(App\Controllers\Auth))
#6 E:\wamp64\www\healthyhabbits\vendor\codeigniter4\framework\system\CodeIgniter.php(308): CodeIgniter\CodeIgniter->handleRequest(NULL, Object(Config\Cache), false)
#7 E:\wamp64\www\healthyhabbits\index.php(84): CodeIgniter\CodeIgniter->run()
#8 {main}
CRITICAL - 2020-07-18 04:41:48 --> syntax error, unexpected ','
#0 E:\wamp64\www\healthyhabbits\vendor\codeigniter4\framework\system\Autoloader\Autoloader.php(296): CodeIgniter\Autoloader\Autoloader->requireFile('E:\\wamp64\\www\\h...')
#1 E:\wamp64\www\healthyhabbits\vendor\codeigniter4\framework\system\Autoloader\Autoloader.php(258): CodeIgniter\Autoloader\Autoloader->loadInNamespace('App\\Models\\Auth...')
#2 [internal function]: CodeIgniter\Autoloader\Autoloader->loadClass('App\\Models\\Auth...')
#3 E:\wamp64\www\healthyhabbits\app\Controllers\Auth.php(106): spl_autoload_call('App\\Models\\Auth...')
#4 E:\wamp64\www\healthyhabbits\vendor\codeigniter4\framework\system\CodeIgniter.php(914): App\Controllers\Auth->forget_password()
#5 E:\wamp64\www\healthyhabbits\vendor\codeigniter4\framework\system\CodeIgniter.php(400): CodeIgniter\CodeIgniter->runController(Object(App\Controllers\Auth))
#6 E:\wamp64\www\healthyhabbits\vendor\codeigniter4\framework\system\CodeIgniter.php(308): CodeIgniter\CodeIgniter->handleRequest(NULL, Object(Config\Cache), false)
#7 E:\wamp64\www\healthyhabbits\index.php(84): CodeIgniter\CodeIgniter->run()
#8 {main}
CRITICAL - 2020-07-18 04:41:48 --> syntax error, unexpected ','
#0 E:\wamp64\www\healthyhabbits\vendor\codeigniter4\framework\system\Autoloader\Autoloader.php(296): CodeIgniter\Autoloader\Autoloader->requireFile('E:\\wamp64\\www\\h...')
#1 E:\wamp64\www\healthyhabbits\vendor\codeigniter4\framework\system\Autoloader\Autoloader.php(258): CodeIgniter\Autoloader\Autoloader->loadInNamespace('App\\Models\\Auth...')
#2 [internal function]: CodeIgniter\Autoloader\Autoloader->loadClass('App\\Models\\Auth...')
#3 E:\wamp64\www\healthyhabbits\app\Controllers\Auth.php(106): spl_autoload_call('App\\Models\\Auth...')
#4 E:\wamp64\www\healthyhabbits\vendor\codeigniter4\framework\system\CodeIgniter.php(914): App\Controllers\Auth->forget_password()
#5 E:\wamp64\www\healthyhabbits\vendor\codeigniter4\framework\system\CodeIgniter.php(400): CodeIgniter\CodeIgniter->runController(Object(App\Controllers\Auth))
#6 E:\wamp64\www\healthyhabbits\vendor\codeigniter4\framework\system\CodeIgniter.php(308): CodeIgniter\CodeIgniter->handleRequest(NULL, Object(Config\Cache), false)
#7 E:\wamp64\www\healthyhabbits\index.php(84): CodeIgniter\CodeIgniter->run()
#8 {main}
CRITICAL - 2020-07-18 04:42:29 --> syntax error, unexpected ','
#0 E:\wamp64\www\healthyhabbits\vendor\codeigniter4\framework\system\Autoloader\Autoloader.php(296): CodeIgniter\Autoloader\Autoloader->requireFile('E:\\wamp64\\www\\h...')
#1 E:\wamp64\www\healthyhabbits\vendor\codeigniter4\framework\system\Autoloader\Autoloader.php(258): CodeIgniter\Autoloader\Autoloader->loadInNamespace('App\\Models\\Auth...')
#2 [internal function]: CodeIgniter\Autoloader\Autoloader->loadClass('App\\Models\\Auth...')
#3 E:\wamp64\www\healthyhabbits\app\Controllers\Auth.php(106): spl_autoload_call('App\\Models\\Auth...')
#4 E:\wamp64\www\healthyhabbits\vendor\codeigniter4\framework\system\CodeIgniter.php(914): App\Controllers\Auth->forget_password()
#5 E:\wamp64\www\healthyhabbits\vendor\codeigniter4\framework\system\CodeIgniter.php(400): CodeIgniter\CodeIgniter->runController(Object(App\Controllers\Auth))
#6 E:\wamp64\www\healthyhabbits\vendor\codeigniter4\framework\system\CodeIgniter.php(308): CodeIgniter\CodeIgniter->handleRequest(NULL, Object(Config\Cache), false)
#7 E:\wamp64\www\healthyhabbits\index.php(84): CodeIgniter\CodeIgniter->run()
#8 {main}
CRITICAL - 2020-07-18 04:42:57 --> syntax error, unexpected ','
#0 E:\wamp64\www\healthyhabbits\vendor\codeigniter4\framework\system\Autoloader\Autoloader.php(296): CodeIgniter\Autoloader\Autoloader->requireFile('E:\\wamp64\\www\\h...')
#1 E:\wamp64\www\healthyhabbits\vendor\codeigniter4\framework\system\Autoloader\Autoloader.php(258): CodeIgniter\Autoloader\Autoloader->loadInNamespace('App\\Models\\Auth...')
#2 [internal function]: CodeIgniter\Autoloader\Autoloader->loadClass('App\\Models\\Auth...')
#3 E:\wamp64\www\healthyhabbits\app\Controllers\Auth.php(106): spl_autoload_call('App\\Models\\Auth...')
#4 E:\wamp64\www\healthyhabbits\vendor\codeigniter4\framework\system\CodeIgniter.php(914): App\Controllers\Auth->forget_password()
#5 E:\wamp64\www\healthyhabbits\vendor\codeigniter4\framework\system\CodeIgniter.php(400): CodeIgniter\CodeIgniter->runController(Object(App\Controllers\Auth))
#6 E:\wamp64\www\healthyhabbits\vendor\codeigniter4\framework\system\CodeIgniter.php(308): CodeIgniter\CodeIgniter->handleRequest(NULL, Object(Config\Cache), false)
#7 E:\wamp64\www\healthyhabbits\index.php(84): CodeIgniter\CodeIgniter->run()
#8 {main}
CRITICAL - 2020-07-18 04:43:27 --> syntax error, unexpected ','
#0 E:\wamp64\www\healthyhabbits\vendor\codeigniter4\framework\system\Autoloader\Autoloader.php(296): CodeIgniter\Autoloader\Autoloader->requireFile('E:\\wamp64\\www\\h...')
#1 E:\wamp64\www\healthyhabbits\vendor\codeigniter4\framework\system\Autoloader\Autoloader.php(258): CodeIgniter\Autoloader\Autoloader->loadInNamespace('App\\Models\\Auth...')
#2 [internal function]: CodeIgniter\Autoloader\Autoloader->loadClass('App\\Models\\Auth...')
#3 E:\wamp64\www\healthyhabbits\app\Controllers\Auth.php(106): spl_autoload_call('App\\Models\\Auth...')
#4 E:\wamp64\www\healthyhabbits\vendor\codeigniter4\framework\system\CodeIgniter.php(914): App\Controllers\Auth->forget_password()
#5 E:\wamp64\www\healthyhabbits\vendor\codeigniter4\framework\system\CodeIgniter.php(400): CodeIgniter\CodeIgniter->runController(Object(App\Controllers\Auth))
#6 E:\wamp64\www\healthyhabbits\vendor\codeigniter4\framework\system\CodeIgniter.php(308): CodeIgniter\CodeIgniter->handleRequest(NULL, Object(Config\Cache), false)
#7 E:\wamp64\www\healthyhabbits\index.php(84): CodeIgniter\CodeIgniter->run()
#8 {main}
CRITICAL - 2020-07-18 04:43:27 --> syntax error, unexpected ','
#0 E:\wamp64\www\healthyhabbits\vendor\codeigniter4\framework\system\Autoloader\Autoloader.php(296): CodeIgniter\Autoloader\Autoloader->requireFile('E:\\wamp64\\www\\h...')
#1 E:\wamp64\www\healthyhabbits\vendor\codeigniter4\framework\system\Autoloader\Autoloader.php(258): CodeIgniter\Autoloader\Autoloader->loadInNamespace('App\\Models\\Auth...')
#2 [internal function]: CodeIgniter\Autoloader\Autoloader->loadClass('App\\Models\\Auth...')
#3 E:\wamp64\www\healthyhabbits\app\Controllers\Auth.php(106): spl_autoload_call('App\\Models\\Auth...')
#4 E:\wamp64\www\healthyhabbits\vendor\codeigniter4\framework\system\CodeIgniter.php(914): App\Controllers\Auth->forget_password()
#5 E:\wamp64\www\healthyhabbits\vendor\codeigniter4\framework\system\CodeIgniter.php(400): CodeIgniter\CodeIgniter->runController(Object(App\Controllers\Auth))
#6 E:\wamp64\www\healthyhabbits\vendor\codeigniter4\framework\system\CodeIgniter.php(308): CodeIgniter\CodeIgniter->handleRequest(NULL, Object(Config\Cache), false)
#7 E:\wamp64\www\healthyhabbits\index.php(84): CodeIgniter\CodeIgniter->run()
#8 {main}
CRITICAL - 2020-07-18 04:43:28 --> syntax error, unexpected ','
#0 E:\wamp64\www\healthyhabbits\vendor\codeigniter4\framework\system\Autoloader\Autoloader.php(296): CodeIgniter\Autoloader\Autoloader->requireFile('E:\\wamp64\\www\\h...')
#1 E:\wamp64\www\healthyhabbits\vendor\codeigniter4\framework\system\Autoloader\Autoloader.php(258): CodeIgniter\Autoloader\Autoloader->loadInNamespace('App\\Models\\Auth...')
#2 [internal function]: CodeIgniter\Autoloader\Autoloader->loadClass('App\\Models\\Auth...')
#3 E:\wamp64\www\healthyhabbits\app\Controllers\Auth.php(106): spl_autoload_call('App\\Models\\Auth...')
#4 E:\wamp64\www\healthyhabbits\vendor\codeigniter4\framework\system\CodeIgniter.php(914): App\Controllers\Auth->forget_password()
#5 E:\wamp64\www\healthyhabbits\vendor\codeigniter4\framework\system\CodeIgniter.php(400): CodeIgniter\CodeIgniter->runController(Object(App\Controllers\Auth))
#6 E:\wamp64\www\healthyhabbits\vendor\codeigniter4\framework\system\CodeIgniter.php(308): CodeIgniter\CodeIgniter->handleRequest(NULL, Object(Config\Cache), false)
#7 E:\wamp64\www\healthyhabbits\index.php(84): CodeIgniter\CodeIgniter->run()
#8 {main}
CRITICAL - 2020-07-18 04:43:30 --> syntax error, unexpected ','
#0 E:\wamp64\www\healthyhabbits\vendor\codeigniter4\framework\system\Autoloader\Autoloader.php(296): CodeIgniter\Autoloader\Autoloader->requireFile('E:\\wamp64\\www\\h...')
#1 E:\wamp64\www\healthyhabbits\vendor\codeigniter4\framework\system\Autoloader\Autoloader.php(258): CodeIgniter\Autoloader\Autoloader->loadInNamespace('App\\Models\\Auth...')
#2 [internal function]: CodeIgniter\Autoloader\Autoloader->loadClass('App\\Models\\Auth...')
#3 E:\wamp64\www\healthyhabbits\app\Controllers\Auth.php(106): spl_autoload_call('App\\Models\\Auth...')
#4 E:\wamp64\www\healthyhabbits\vendor\codeigniter4\framework\system\CodeIgniter.php(914): App\Controllers\Auth->forget_password()
#5 E:\wamp64\www\healthyhabbits\vendor\codeigniter4\framework\system\CodeIgniter.php(400): CodeIgniter\CodeIgniter->runController(Object(App\Controllers\Auth))
#6 E:\wamp64\www\healthyhabbits\vendor\codeigniter4\framework\system\CodeIgniter.php(308): CodeIgniter\CodeIgniter->handleRequest(NULL, Object(Config\Cache), false)
#7 E:\wamp64\www\healthyhabbits\index.php(84): CodeIgniter\CodeIgniter->run()
#8 {main}
CRITICAL - 2020-07-18 04:43:48 --> syntax error, unexpected ','
#0 E:\wamp64\www\healthyhabbits\vendor\codeigniter4\framework\system\Autoloader\Autoloader.php(296): CodeIgniter\Autoloader\Autoloader->requireFile('E:\\wamp64\\www\\h...')
#1 E:\wamp64\www\healthyhabbits\vendor\codeigniter4\framework\system\Autoloader\Autoloader.php(258): CodeIgniter\Autoloader\Autoloader->loadInNamespace('App\\Models\\Auth...')
#2 [internal function]: CodeIgniter\Autoloader\Autoloader->loadClass('App\\Models\\Auth...')
#3 E:\wamp64\www\healthyhabbits\app\Controllers\Auth.php(106): spl_autoload_call('App\\Models\\Auth...')
#4 E:\wamp64\www\healthyhabbits\vendor\codeigniter4\framework\system\CodeIgniter.php(914): App\Controllers\Auth->forget_password()
#5 E:\wamp64\www\healthyhabbits\vendor\codeigniter4\framework\system\CodeIgniter.php(400): CodeIgniter\CodeIgniter->runController(Object(App\Controllers\Auth))
#6 E:\wamp64\www\healthyhabbits\vendor\codeigniter4\framework\system\CodeIgniter.php(308): CodeIgniter\CodeIgniter->handleRequest(NULL, Object(Config\Cache), false)
#7 E:\wamp64\www\healthyhabbits\index.php(84): CodeIgniter\CodeIgniter->run()
#8 {main}
CRITICAL - 2020-07-18 04:46:51 --> syntax error, unexpected ','
#0 E:\wamp64\www\healthyhabbits\vendor\codeigniter4\framework\system\Autoloader\Autoloader.php(296): CodeIgniter\Autoloader\Autoloader->requireFile('E:\\wamp64\\www\\h...')
#1 E:\wamp64\www\healthyhabbits\vendor\codeigniter4\framework\system\Autoloader\Autoloader.php(258): CodeIgniter\Autoloader\Autoloader->loadInNamespace('App\\Models\\Auth...')
#2 [internal function]: CodeIgniter\Autoloader\Autoloader->loadClass('App\\Models\\Auth...')
#3 E:\wamp64\www\healthyhabbits\app\Controllers\Auth.php(106): spl_autoload_call('App\\Models\\Auth...')
#4 E:\wamp64\www\healthyhabbits\vendor\codeigniter4\framework\system\CodeIgniter.php(914): App\Controllers\Auth->forget_password()
#5 E:\wamp64\www\healthyhabbits\vendor\codeigniter4\framework\system\CodeIgniter.php(400): CodeIgniter\CodeIgniter->runController(Object(App\Controllers\Auth))
#6 E:\wamp64\www\healthyhabbits\vendor\codeigniter4\framework\system\CodeIgniter.php(308): CodeIgniter\CodeIgniter->handleRequest(NULL, Object(Config\Cache), false)
#7 E:\wamp64\www\healthyhabbits\index.php(84): CodeIgniter\CodeIgniter->run()
#8 {main}
CRITICAL - 2020-07-18 04:46:53 --> syntax error, unexpected ','
#0 E:\wamp64\www\healthyhabbits\vendor\codeigniter4\framework\system\Autoloader\Autoloader.php(296): CodeIgniter\Autoloader\Autoloader->requireFile('E:\\wamp64\\www\\h...')
#1 E:\wamp64\www\healthyhabbits\vendor\codeigniter4\framework\system\Autoloader\Autoloader.php(258): CodeIgniter\Autoloader\Autoloader->loadInNamespace('App\\Models\\Auth...')
#2 [internal function]: CodeIgniter\Autoloader\Autoloader->loadClass('App\\Models\\Auth...')
#3 E:\wamp64\www\healthyhabbits\app\Controllers\Auth.php(106): spl_autoload_call('App\\Models\\Auth...')
#4 E:\wamp64\www\healthyhabbits\vendor\codeigniter4\framework\system\CodeIgniter.php(914): App\Controllers\Auth->forget_password()
#5 E:\wamp64\www\healthyhabbits\vendor\codeigniter4\framework\system\CodeIgniter.php(400): CodeIgniter\CodeIgniter->runController(Object(App\Controllers\Auth))
#6 E:\wamp64\www\healthyhabbits\vendor\codeigniter4\framework\system\CodeIgniter.php(308): CodeIgniter\CodeIgniter->handleRequest(NULL, Object(Config\Cache), false)
#7 E:\wamp64\www\healthyhabbits\index.php(84): CodeIgniter\CodeIgniter->run()
#8 {main}
CRITICAL - 2020-07-18 04:49:17 --> Call to undefined method App\Models\AuthModel::row
#0 E:\wamp64\www\healthyhabbits\app\Controllers\Auth.php(107): CodeIgniter\Model->__call('row', Array)
#1 E:\wamp64\www\healthyhabbits\vendor\codeigniter4\framework\system\CodeIgniter.php(914): App\Controllers\Auth->forget_password()
#2 E:\wamp64\www\healthyhabbits\vendor\codeigniter4\framework\system\CodeIgniter.php(400): CodeIgniter\CodeIgniter->runController(Object(App\Controllers\Auth))
#3 E:\wamp64\www\healthyhabbits\vendor\codeigniter4\framework\system\CodeIgniter.php(308): CodeIgniter\CodeIgniter->handleRequest(NULL, Object(Config\Cache), false)
#4 E:\wamp64\www\healthyhabbits\index.php(84): CodeIgniter\CodeIgniter->run()
#5 {main}
CRITICAL - 2020-07-18 05:12:03 --> Call to undefined method App\Controllers\Auth::base64url_encode()
#0 E:\wamp64\www\healthyhabbits\vendor\codeigniter4\framework\system\CodeIgniter.php(914): App\Controllers\Auth->forget_password()
#1 E:\wamp64\www\healthyhabbits\vendor\codeigniter4\framework\system\CodeIgniter.php(400): CodeIgniter\CodeIgniter->runController(Object(App\Controllers\Auth))
#2 E:\wamp64\www\healthyhabbits\vendor\codeigniter4\framework\system\CodeIgniter.php(308): CodeIgniter\CodeIgniter->handleRequest(NULL, Object(Config\Cache), false)
#3 E:\wamp64\www\healthyhabbits\index.php(84): CodeIgniter\CodeIgniter->run()
#4 {main}
CRITICAL - 2020-07-18 05:12:23 --> Call to undefined method App\Controllers\Auth::base64url_encode()
#0 E:\wamp64\www\healthyhabbits\vendor\codeigniter4\framework\system\CodeIgniter.php(914): App\Controllers\Auth->forget_password()
#1 E:\wamp64\www\healthyhabbits\vendor\codeigniter4\framework\system\CodeIgniter.php(400): CodeIgniter\CodeIgniter->runController(Object(App\Controllers\Auth))
#2 E:\wamp64\www\healthyhabbits\vendor\codeigniter4\framework\system\CodeIgniter.php(308): CodeIgniter\CodeIgniter->handleRequest(NULL, Object(Config\Cache), false)
#3 E:\wamp64\www\healthyhabbits\index.php(84): CodeIgniter\CodeIgniter->run()
#4 {main}
CRITICAL - 2020-07-18 05:12:26 --> Call to undefined method App\Controllers\Auth::base64url_encode()
#0 E:\wamp64\www\healthyhabbits\vendor\codeigniter4\framework\system\CodeIgniter.php(914): App\Controllers\Auth->forget_password()
#1 E:\wamp64\www\healthyhabbits\vendor\codeigniter4\framework\system\CodeIgniter.php(400): CodeIgniter\CodeIgniter->runController(Object(App\Controllers\Auth))
#2 E:\wamp64\www\healthyhabbits\vendor\codeigniter4\framework\system\CodeIgniter.php(308): CodeIgniter\CodeIgniter->handleRequest(NULL, Object(Config\Cache), false)
#3 E:\wamp64\www\healthyhabbits\index.php(84): CodeIgniter\CodeIgniter->run()
#4 {main}
CRITICAL - 2020-07-18 05:13:07 --> Call to undefined method App\Controllers\Auth::base64url_encode()
#0 E:\wamp64\www\healthyhabbits\vendor\codeigniter4\framework\system\CodeIgniter.php(914): App\Controllers\Auth->forget_password()
#1 E:\wamp64\www\healthyhabbits\vendor\codeigniter4\framework\system\CodeIgniter.php(400): CodeIgniter\CodeIgniter->runController(Object(App\Controllers\Auth))
#2 E:\wamp64\www\healthyhabbits\vendor\codeigniter4\framework\system\CodeIgniter.php(308): CodeIgniter\CodeIgniter->handleRequest(NULL, Object(Config\Cache), false)
#3 E:\wamp64\www\healthyhabbits\index.php(84): CodeIgniter\CodeIgniter->run()
#4 {main}
CRITICAL - 2020-07-18 05:13:31 --> Call to undefined method App\Controllers\Auth::base64url_encode()
#0 E:\wamp64\www\healthyhabbits\vendor\codeigniter4\framework\system\CodeIgniter.php(914): App\Controllers\Auth->forget_password()
#1 E:\wamp64\www\healthyhabbits\vendor\codeigniter4\framework\system\CodeIgniter.php(400): CodeIgniter\CodeIgniter->runController(Object(App\Controllers\Auth))
#2 E:\wamp64\www\healthyhabbits\vendor\codeigniter4\framework\system\CodeIgniter.php(308): CodeIgniter\CodeIgniter->handleRequest(NULL, Object(Config\Cache), false)
#3 E:\wamp64\www\healthyhabbits\index.php(84): CodeIgniter\CodeIgniter->run()
#4 {main}
CRITICAL - 2020-07-18 05:13:31 --> Call to undefined method App\Controllers\Auth::base64url_encode()
#0 E:\wamp64\www\healthyhabbits\vendor\codeigniter4\framework\system\CodeIgniter.php(914): App\Controllers\Auth->forget_password()
#1 E:\wamp64\www\healthyhabbits\vendor\codeigniter4\framework\system\CodeIgniter.php(400): CodeIgniter\CodeIgniter->runController(Object(App\Controllers\Auth))
#2 E:\wamp64\www\healthyhabbits\vendor\codeigniter4\framework\system\CodeIgniter.php(308): CodeIgniter\CodeIgniter->handleRequest(NULL, Object(Config\Cache), false)
#3 E:\wamp64\www\healthyhabbits\index.php(84): CodeIgniter\CodeIgniter->run()
#4 {main}
CRITICAL - 2020-07-18 05:13:32 --> Call to undefined method App\Controllers\Auth::base64url_encode()
#0 E:\wamp64\www\healthyhabbits\vendor\codeigniter4\framework\system\CodeIgniter.php(914): App\Controllers\Auth->forget_password()
#1 E:\wamp64\www\healthyhabbits\vendor\codeigniter4\framework\system\CodeIgniter.php(400): CodeIgniter\CodeIgniter->runController(Object(App\Controllers\Auth))
#2 E:\wamp64\www\healthyhabbits\vendor\codeigniter4\framework\system\CodeIgniter.php(308): CodeIgniter\CodeIgniter->handleRequest(NULL, Object(Config\Cache), false)
#3 E:\wamp64\www\healthyhabbits\index.php(84): CodeIgniter\CodeIgniter->run()
#4 {main}
CRITICAL - 2020-07-18 05:13:50 --> Call to undefined function App\Controllers\base64url_encode()
#0 E:\wamp64\www\healthyhabbits\vendor\codeigniter4\framework\system\CodeIgniter.php(914): App\Controllers\Auth->forget_password()
#1 E:\wamp64\www\healthyhabbits\vendor\codeigniter4\framework\system\CodeIgniter.php(400): CodeIgniter\CodeIgniter->runController(Object(App\Controllers\Auth))
#2 E:\wamp64\www\healthyhabbits\vendor\codeigniter4\framework\system\CodeIgniter.php(308): CodeIgniter\CodeIgniter->handleRequest(NULL, Object(Config\Cache), false)
#3 E:\wamp64\www\healthyhabbits\index.php(84): CodeIgniter\CodeIgniter->run()
#4 {main}
CRITICAL - 2020-07-18 05:18:49 --> Too few arguments to function App\Controllers\Auth::forget_password(), 0 passed in E:\wamp64\www\healthyhabbits\vendor\codeigniter4\framework\system\CodeIgniter.php on line 914 and exactly 2 expected
#0 E:\wamp64\www\healthyhabbits\vendor\codeigniter4\framework\system\CodeIgniter.php(914): App\Controllers\Auth->forget_password()
#1 E:\wamp64\www\healthyhabbits\vendor\codeigniter4\framework\system\CodeIgniter.php(400): CodeIgniter\CodeIgniter->runController(Object(App\Controllers\Auth))
#2 E:\wamp64\www\healthyhabbits\vendor\codeigniter4\framework\system\CodeIgniter.php(308): CodeIgniter\CodeIgniter->handleRequest(NULL, Object(Config\Cache), false)
#3 E:\wamp64\www\healthyhabbits\index.php(84): CodeIgniter\CodeIgniter->run()
#4 {main}
CRITICAL - 2020-07-18 06:33:41 --> Call to undefined function form_error()
#0 E:\wamp64\www\healthyhabbits\vendor\codeigniter4\framework\system\View\View.php(246): include()
#1 E:\wamp64\www\healthyhabbits\vendor\codeigniter4\framework\system\Common.php(1087): CodeIgniter\View\View->render('users/create_us...', Array, true)
#2 E:\wamp64\www\healthyhabbits\app\Controllers\BaseController.php(56): view('users/create_us...', Array)
#3 E:\wamp64\www\healthyhabbits\app\Controllers\Users.php(47): App\Controllers\BaseController->render_page('users/create_us...', Array)
#4 E:\wamp64\www\healthyhabbits\vendor\codeigniter4\framework\system\CodeIgniter.php(914): App\Controllers\Users->create()
#5 E:\wamp64\www\healthyhabbits\vendor\codeigniter4\framework\system\CodeIgniter.php(400): CodeIgniter\CodeIgniter->runController(Object(App\Controllers\Users))
#6 E:\wamp64\www\healthyhabbits\vendor\codeigniter4\framework\system\CodeIgniter.php(308): CodeIgniter\CodeIgniter->handleRequest(NULL, Object(Config\Cache), false)
#7 E:\wamp64\www\healthyhabbits\index.php(84): CodeIgniter\CodeIgniter->run()
#8 {main}
CRITICAL - 2020-07-18 06:36:15 --> Call to undefined function form_error()
#0 E:\wamp64\www\healthyhabbits\vendor\codeigniter4\framework\system\View\View.php(246): include()
#1 E:\wamp64\www\healthyhabbits\vendor\codeigniter4\framework\system\Common.php(1087): CodeIgniter\View\View->render('users/create_us...', Array, true)
#2 E:\wamp64\www\healthyhabbits\app\Controllers\BaseController.php(56): view('users/create_us...', Array)
#3 E:\wamp64\www\healthyhabbits\app\Controllers\Users.php(47): App\Controllers\BaseController->render_page('users/create_us...', Array)
#4 E:\wamp64\www\healthyhabbits\vendor\codeigniter4\framework\system\CodeIgniter.php(914): App\Controllers\Users->create()
#5 E:\wamp64\www\healthyhabbits\vendor\codeigniter4\framework\system\CodeIgniter.php(400): CodeIgniter\CodeIgniter->runController(Object(App\Controllers\Users))
#6 E:\wamp64\www\healthyhabbits\vendor\codeigniter4\framework\system\CodeIgniter.php(308): CodeIgniter\CodeIgniter->handleRequest(NULL, Object(Config\Cache), false)
#7 E:\wamp64\www\healthyhabbits\index.php(84): CodeIgniter\CodeIgniter->run()
#8 {main}
CRITICAL - 2020-07-18 07:07:54 --> Argument 2 passed to view() must be of the type array, null given, called in E:\wamp64\www\healthyhabbits\app\Controllers\BaseController.php on line 53
#0 E:\wamp64\www\healthyhabbits\app\Controllers\BaseController.php(53): view('header', NULL)
#1 E:\wamp64\www\healthyhabbits\app\Controllers\Users.php(226): App\Controllers\BaseController->render_page('users/privacy_p...', NULL)
#2 E:\wamp64\www\healthyhabbits\vendor\codeigniter4\framework\system\CodeIgniter.php(914): App\Controllers\Users->privacy_policy()
#3 E:\wamp64\www\healthyhabbits\vendor\codeigniter4\framework\system\CodeIgniter.php(400): CodeIgniter\CodeIgniter->runController(Object(App\Controllers\Users))
#4 E:\wamp64\www\healthyhabbits\vendor\codeigniter4\framework\system\CodeIgniter.php(308): CodeIgniter\CodeIgniter->handleRequest(NULL, Object(Config\Cache), false)
#5 E:\wamp64\www\healthyhabbits\index.php(84): CodeIgniter\CodeIgniter->run()
#6 {main}
CRITICAL - 2020-07-18 07:08:33 --> Cannot redeclare App\Controllers\Users::test()
#0 [internal function]: CodeIgniter\Debug\Exceptions->shutdownHandler()
#1 {main}
CRITICAL - 2020-07-18 07:09:53 --> Cannot redeclare App\Controllers\Users::test()
#0 [internal function]: CodeIgniter\Debug\Exceptions->shutdownHandler()
#1 {main}
CRITICAL - 2020-07-18 07:09:56 --> Cannot redeclare App\Controllers\Users::test()
#0 [internal function]: CodeIgniter\Debug\Exceptions->shutdownHandler()
#1 {main}
CRITICAL - 2020-07-18 07:09:59 --> Cannot redeclare App\Controllers\Users::test()
#0 [internal function]: CodeIgniter\Debug\Exceptions->shutdownHandler()
#1 {main}
CRITICAL - 2020-07-18 07:10:32 --> Argument 2 passed to view() must be of the type array, null given, called in E:\wamp64\www\healthyhabbits\app\Controllers\BaseController.php on line 53
#0 E:\wamp64\www\healthyhabbits\app\Controllers\BaseController.php(53): view('header', NULL)
#1 E:\wamp64\www\healthyhabbits\app\Controllers\Users.php(226): App\Controllers\BaseController->render_page('users/privacy_p...', NULL)
#2 E:\wamp64\www\healthyhabbits\vendor\codeigniter4\framework\system\CodeIgniter.php(914): App\Controllers\Users->privacy_policy()
#3 E:\wamp64\www\healthyhabbits\vendor\codeigniter4\framework\system\CodeIgniter.php(400): CodeIgniter\CodeIgniter->runController(Object(App\Controllers\Users))
#4 E:\wamp64\www\healthyhabbits\vendor\codeigniter4\framework\system\CodeIgniter.php(308): CodeIgniter\CodeIgniter->handleRequest(NULL, Object(Config\Cache), false)
#5 E:\wamp64\www\healthyhabbits\index.php(84): CodeIgniter\CodeIgniter->run()
#6 {main}
CRITICAL - 2020-07-18 07:11:37 --> Argument 2 passed to view() must be of the type array, null given, called in E:\wamp64\www\healthyhabbits\app\Controllers\BaseController.php on line 53
#0 E:\wamp64\www\healthyhabbits\app\Controllers\BaseController.php(53): view('header', NULL)
#1 E:\wamp64\www\healthyhabbits\app\Controllers\Users.php(226): App\Controllers\BaseController->render_page('users/privacy_p...', NULL)
#2 E:\wamp64\www\healthyhabbits\vendor\codeigniter4\framework\system\CodeIgniter.php(914): App\Controllers\Users->privacy_policy()
#3 E:\wamp64\www\healthyhabbits\vendor\codeigniter4\framework\system\CodeIgniter.php(400): CodeIgniter\CodeIgniter->runController(Object(App\Controllers\Users))
#4 E:\wamp64\www\healthyhabbits\vendor\codeigniter4\framework\system\CodeIgniter.php(308): CodeIgniter\CodeIgniter->handleRequest(NULL, Object(Config\Cache), false)
#5 E:\wamp64\www\healthyhabbits\index.php(84): CodeIgniter\CodeIgniter->run()
#6 {main}
CRITICAL - 2020-07-18 07:11:38 --> Argument 2 passed to view() must be of the type array, null given, called in E:\wamp64\www\healthyhabbits\app\Controllers\BaseController.php on line 53
#0 E:\wamp64\www\healthyhabbits\app\Controllers\BaseController.php(53): view('header', NULL)
#1 E:\wamp64\www\healthyhabbits\app\Controllers\Users.php(226): App\Controllers\BaseController->render_page('users/privacy_p...', NULL)
#2 E:\wamp64\www\healthyhabbits\vendor\codeigniter4\framework\system\CodeIgniter.php(914): App\Controllers\Users->privacy_policy()
#3 E:\wamp64\www\healthyhabbits\vendor\codeigniter4\framework\system\CodeIgniter.php(400): CodeIgniter\CodeIgniter->runController(Object(App\Controllers\Users))
#4 E:\wamp64\www\healthyhabbits\vendor\codeigniter4\framework\system\CodeIgniter.php(308): CodeIgniter\CodeIgniter->handleRequest(NULL, Object(Config\Cache), false)
#5 E:\wamp64\www\healthyhabbits\index.php(84): CodeIgniter\CodeIgniter->run()
#6 {main}
CRITICAL - 2020-07-18 07:12:18 --> Argument 2 passed to view() must be of the type array, null given, called in E:\wamp64\www\healthyhabbits\app\Controllers\BaseController.php on line 53
#0 E:\wamp64\www\healthyhabbits\app\Controllers\BaseController.php(53): view('header', NULL)
#1 E:\wamp64\www\healthyhabbits\app\Controllers\Users.php(226): App\Controllers\BaseController->render_page('users/privacy_p...', NULL)
#2 E:\wamp64\www\healthyhabbits\vendor\codeigniter4\framework\system\CodeIgniter.php(914): App\Controllers\Users->privacy_policy()
#3 E:\wamp64\www\healthyhabbits\vendor\codeigniter4\framework\system\CodeIgniter.php(400): CodeIgniter\CodeIgniter->runController(Object(App\Controllers\Users))
#4 E:\wamp64\www\healthyhabbits\vendor\codeigniter4\framework\system\CodeIgniter.php(308): CodeIgniter\CodeIgniter->handleRequest(NULL, Object(Config\Cache), false)
#5 E:\wamp64\www\healthyhabbits\index.php(84): CodeIgniter\CodeIgniter->run()
#6 {main}
CRITICAL - 2020-07-18 07:13:36 --> Argument 2 passed to view() must be of the type array, null given, called in E:\wamp64\www\healthyhabbits\app\Controllers\BaseController.php on line 53
#0 E:\wamp64\www\healthyhabbits\app\Controllers\BaseController.php(53): view('header', NULL)
#1 E:\wamp64\www\healthyhabbits\app\Controllers\Users.php(226): App\Controllers\BaseController->render_page('users/privacy_p...', NULL)
#2 E:\wamp64\www\healthyhabbits\vendor\codeigniter4\framework\system\CodeIgniter.php(914): App\Controllers\Users->privacy_policy()
#3 E:\wamp64\www\healthyhabbits\vendor\codeigniter4\framework\system\CodeIgniter.php(400): CodeIgniter\CodeIgniter->runController(Object(App\Controllers\Users))
#4 E:\wamp64\www\healthyhabbits\vendor\codeigniter4\framework\system\CodeIgniter.php(308): CodeIgniter\CodeIgniter->handleRequest(NULL, Object(Config\Cache), false)
#5 E:\wamp64\www\healthyhabbits\index.php(84): CodeIgniter\CodeIgniter->run()
#6 {main}
CRITICAL - 2020-07-18 07:14:39 --> Argument 2 passed to view() must be of the type array, null given, called in E:\wamp64\www\healthyhabbits\app\Controllers\BaseController.php on line 53
#0 E:\wamp64\www\healthyhabbits\app\Controllers\BaseController.php(53): view('header', NULL)
#1 E:\wamp64\www\healthyhabbits\app\Controllers\Users.php(226): App\Controllers\BaseController->render_page('users/test', NULL)
#2 E:\wamp64\www\healthyhabbits\vendor\codeigniter4\framework\system\CodeIgniter.php(914): App\Controllers\Users->privacy_policy()
#3 E:\wamp64\www\healthyhabbits\vendor\codeigniter4\framework\system\CodeIgniter.php(400): CodeIgniter\CodeIgniter->runController(Object(App\Controllers\Users))
#4 E:\wamp64\www\healthyhabbits\vendor\codeigniter4\framework\system\CodeIgniter.php(308): CodeIgniter\CodeIgniter->handleRequest(NULL, Object(Config\Cache), false)
#5 E:\wamp64\www\healthyhabbits\index.php(84): CodeIgniter\CodeIgniter->run()
#6 {main}
CRITICAL - 2020-07-18 07:14:44 --> Argument 2 passed to view() must be of the type array, null given, called in E:\wamp64\www\healthyhabbits\app\Controllers\BaseController.php on line 53
#0 E:\wamp64\www\healthyhabbits\app\Controllers\BaseController.php(53): view('header', NULL)
#1 E:\wamp64\www\healthyhabbits\app\Controllers\Users.php(226): App\Controllers\BaseController->render_page('users/test', NULL)
#2 E:\wamp64\www\healthyhabbits\vendor\codeigniter4\framework\system\CodeIgniter.php(914): App\Controllers\Users->privacy_policy()
#3 E:\wamp64\www\healthyhabbits\vendor\codeigniter4\framework\system\CodeIgniter.php(400): CodeIgniter\CodeIgniter->runController(Object(App\Controllers\Users))
#4 E:\wamp64\www\healthyhabbits\vendor\codeigniter4\framework\system\CodeIgniter.php(308): CodeIgniter\CodeIgniter->handleRequest(NULL, Object(Config\Cache), false)
#5 E:\wamp64\www\healthyhabbits\index.php(84): CodeIgniter\CodeIgniter->run()
#6 {main}
CRITICAL - 2020-07-18 07:15:24 --> Argument 2 passed to view() must be of the type array, null given, called in E:\wamp64\www\healthyhabbits\app\Controllers\BaseController.php on line 53
#0 E:\wamp64\www\healthyhabbits\app\Controllers\BaseController.php(53): view('header', NULL)
#1 E:\wamp64\www\healthyhabbits\app\Controllers\Users.php(226): App\Controllers\BaseController->render_page('users/test', NULL)
#2 E:\wamp64\www\healthyhabbits\vendor\codeigniter4\framework\system\CodeIgniter.php(914): App\Controllers\Users->privacy_policy()
#3 E:\wamp64\www\healthyhabbits\vendor\codeigniter4\framework\system\CodeIgniter.php(400): CodeIgniter\CodeIgniter->runController(Object(App\Controllers\Users))
#4 E:\wamp64\www\healthyhabbits\vendor\codeigniter4\framework\system\CodeIgniter.php(308): CodeIgniter\CodeIgniter->handleRequest(NULL, Object(Config\Cache), false)
#5 E:\wamp64\www\healthyhabbits\index.php(84): CodeIgniter\CodeIgniter->run()
#6 {main}
CRITICAL - 2020-07-18 07:15:30 --> Argument 2 passed to view() must be of the type array, null given, called in E:\wamp64\www\healthyhabbits\app\Controllers\BaseController.php on line 53
#0 E:\wamp64\www\healthyhabbits\app\Controllers\BaseController.php(53): view('header', NULL)
#1 E:\wamp64\www\healthyhabbits\app\Controllers\Users.php(226): App\Controllers\BaseController->render_page('users/test', NULL)
#2 E:\wamp64\www\healthyhabbits\vendor\codeigniter4\framework\system\CodeIgniter.php(914): App\Controllers\Users->privacy_policy()
#3 E:\wamp64\www\healthyhabbits\vendor\codeigniter4\framework\system\CodeIgniter.php(400): CodeIgniter\CodeIgniter->runController(Object(App\Controllers\Users))
#4 E:\wamp64\www\healthyhabbits\vendor\codeigniter4\framework\system\CodeIgniter.php(308): CodeIgniter\CodeIgniter->handleRequest(NULL, Object(Config\Cache), false)
#5 E:\wamp64\www\healthyhabbits\index.php(84): CodeIgniter\CodeIgniter->run()
#6 {main}
CRITICAL - 2020-07-18 07:16:54 --> Argument 2 passed to view() must be of the type array, null given, called in E:\wamp64\www\healthyhabbits\app\Controllers\BaseController.php on line 53
#0 E:\wamp64\www\healthyhabbits\app\Controllers\BaseController.php(53): view('header', NULL)
#1 E:\wamp64\www\healthyhabbits\app\Controllers\Users.php(226): App\Controllers\BaseController->render_page('users/test', NULL)
#2 E:\wamp64\www\healthyhabbits\vendor\codeigniter4\framework\system\CodeIgniter.php(914): App\Controllers\Users->privacy_policy()
#3 E:\wamp64\www\healthyhabbits\vendor\codeigniter4\framework\system\CodeIgniter.php(400): CodeIgniter\CodeIgniter->runController(Object(App\Controllers\Users))
#4 E:\wamp64\www\healthyhabbits\vendor\codeigniter4\framework\system\CodeIgniter.php(308): CodeIgniter\CodeIgniter->handleRequest(NULL, Object(Config\Cache), false)
#5 E:\wamp64\www\healthyhabbits\index.php(84): CodeIgniter\CodeIgniter->run()
#6 {main}
CRITICAL - 2020-07-18 07:18:39 --> Argument 2 passed to view() must be of the type array, null given, called in E:\wamp64\www\healthyhabbits\app\Controllers\BaseController.php on line 53
#0 E:\wamp64\www\healthyhabbits\app\Controllers\BaseController.php(53): view('header', NULL)
#1 E:\wamp64\www\healthyhabbits\app\Controllers\Users.php(226): App\Controllers\BaseController->render_page('users/privacy_p...', NULL)
#2 E:\wamp64\www\healthyhabbits\vendor\codeigniter4\framework\system\CodeIgniter.php(914): App\Controllers\Users->priv_policy()
#3 E:\wamp64\www\healthyhabbits\vendor\codeigniter4\framework\system\CodeIgniter.php(400): CodeIgniter\CodeIgniter->runController(Object(App\Controllers\Users))
#4 E:\wamp64\www\healthyhabbits\vendor\codeigniter4\framework\system\CodeIgniter.php(308): CodeIgniter\CodeIgniter->handleRequest(NULL, Object(Config\Cache), false)
#5 E:\wamp64\www\healthyhabbits\index.php(84): CodeIgniter\CodeIgniter->run()
#6 {main}
CRITICAL - 2020-07-18 07:19:01 --> Argument 2 passed to view() must be of the type array, null given, called in E:\wamp64\www\healthyhabbits\app\Controllers\BaseController.php on line 53
#0 E:\wamp64\www\healthyhabbits\app\Controllers\BaseController.php(53): view('header', NULL)
#1 E:\wamp64\www\healthyhabbits\app\Controllers\Users.php(226): App\Controllers\BaseController->render_page('users/privacy_p...', NULL)
#2 E:\wamp64\www\healthyhabbits\vendor\codeigniter4\framework\system\CodeIgniter.php(914): App\Controllers\Users->priv_policy()
#3 E:\wamp64\www\healthyhabbits\vendor\codeigniter4\framework\system\CodeIgniter.php(400): CodeIgniter\CodeIgniter->runController(Object(App\Controllers\Users))
#4 E:\wamp64\www\healthyhabbits\vendor\codeigniter4\framework\system\CodeIgniter.php(308): CodeIgniter\CodeIgniter->handleRequest(NULL, Object(Config\Cache), false)
#5 E:\wamp64\www\healthyhabbits\index.php(84): CodeIgniter\CodeIgniter->run()
#6 {main}
CRITICAL - 2020-07-18 07:51:21 --> syntax error, unexpected end of file, expecting function (T_FUNCTION) or const (T_CONST)
#0 E:\wamp64\www\healthyhabbits\vendor\codeigniter4\framework\system\Router\Router.php(192): CodeIgniter\Router\Router->autoRoute('/privacyPolicy/...')
#1 E:\wamp64\www\healthyhabbits\vendor\codeigniter4\framework\system\CodeIgniter.php(789): CodeIgniter\Router\Router->handle('/privacyPolicy/...')
#2 E:\wamp64\www\healthyhabbits\vendor\codeigniter4\framework\system\CodeIgniter.php(360): CodeIgniter\CodeIgniter->tryToRouteIt(Object(CodeIgniter\Router\RouteCollection))
#3 E:\wamp64\www\healthyhabbits\vendor\codeigniter4\framework\system\CodeIgniter.php(308): CodeIgniter\CodeIgniter->handleRequest(NULL, Object(Config\Cache), false)
#4 E:\wamp64\www\healthyhabbits\index.php(84): CodeIgniter\CodeIgniter->run()
#5 {main}
CRITICAL - 2020-07-18 07:51:41 --> syntax error, unexpected end of file, expecting function (T_FUNCTION) or const (T_CONST)
#0 E:\wamp64\www\healthyhabbits\vendor\codeigniter4\framework\system\Router\Router.php(192): CodeIgniter\Router\Router->autoRoute('/privacyPolicy/...')
#1 E:\wamp64\www\healthyhabbits\vendor\codeigniter4\framework\system\CodeIgniter.php(789): CodeIgniter\Router\Router->handle('/privacyPolicy/...')
#2 E:\wamp64\www\healthyhabbits\vendor\codeigniter4\framework\system\CodeIgniter.php(360): CodeIgniter\CodeIgniter->tryToRouteIt(Object(CodeIgniter\Router\RouteCollection))
#3 E:\wamp64\www\healthyhabbits\vendor\codeigniter4\framework\system\CodeIgniter.php(308): CodeIgniter\CodeIgniter->handleRequest(NULL, Object(Config\Cache), false)
#4 E:\wamp64\www\healthyhabbits\index.php(84): CodeIgniter\CodeIgniter->run()
#5 {main}
CRITICAL - 2020-07-18 07:51:54 --> syntax error, unexpected end of file, expecting function (T_FUNCTION) or const (T_CONST)
#0 E:\wamp64\www\healthyhabbits\vendor\codeigniter4\framework\system\Router\Router.php(192): CodeIgniter\Router\Router->autoRoute('/privacypolicy/...')
#1 E:\wamp64\www\healthyhabbits\vendor\codeigniter4\framework\system\CodeIgniter.php(789): CodeIgniter\Router\Router->handle('/privacypolicy/...')
#2 E:\wamp64\www\healthyhabbits\vendor\codeigniter4\framework\system\CodeIgniter.php(360): CodeIgniter\CodeIgniter->tryToRouteIt(Object(CodeIgniter\Router\RouteCollection))
#3 E:\wamp64\www\healthyhabbits\vendor\codeigniter4\framework\system\CodeIgniter.php(308): CodeIgniter\CodeIgniter->handleRequest(NULL, Object(Config\Cache), false)
#4 E:\wamp64\www\healthyhabbits\index.php(84): CodeIgniter\CodeIgniter->run()
#5 {main}
CRITICAL - 2020-07-18 07:53:21 --> syntax error, unexpected end of file, expecting function (T_FUNCTION) or const (T_CONST)
#0 E:\wamp64\www\healthyhabbits\vendor\codeigniter4\framework\system\Router\Router.php(192): CodeIgniter\Router\Router->autoRoute('/privacypolicy/...')
#1 E:\wamp64\www\healthyhabbits\vendor\codeigniter4\framework\system\CodeIgniter.php(789): CodeIgniter\Router\Router->handle('/privacypolicy/...')
#2 E:\wamp64\www\healthyhabbits\vendor\codeigniter4\framework\system\CodeIgniter.php(360): CodeIgniter\CodeIgniter->tryToRouteIt(Object(CodeIgniter\Router\RouteCollection))
#3 E:\wamp64\www\healthyhabbits\vendor\codeigniter4\framework\system\CodeIgniter.php(308): CodeIgniter\CodeIgniter->handleRequest(NULL, Object(Config\Cache), false)
#4 E:\wamp64\www\healthyhabbits\index.php(84): CodeIgniter\CodeIgniter->run()
#5 {main}
CRITICAL - 2020-07-18 07:53:25 --> syntax error, unexpected end of file, expecting function (T_FUNCTION) or const (T_CONST)
#0 E:\wamp64\www\healthyhabbits\vendor\codeigniter4\framework\system\Router\Router.php(192): CodeIgniter\Router\Router->autoRoute('/privacypolicy/...')
#1 E:\wamp64\www\healthyhabbits\vendor\codeigniter4\framework\system\CodeIgniter.php(789): CodeIgniter\Router\Router->handle('/privacypolicy/...')
#2 E:\wamp64\www\healthyhabbits\vendor\codeigniter4\framework\system\CodeIgniter.php(360): CodeIgniter\CodeIgniter->tryToRouteIt(Object(CodeIgniter\Router\RouteCollection))
#3 E:\wamp64\www\healthyhabbits\vendor\codeigniter4\framework\system\CodeIgniter.php(308): CodeIgniter\CodeIgniter->handleRequest(NULL, Object(Config\Cache), false)
#4 E:\wamp64\www\healthyhabbits\index.php(84): CodeIgniter\CodeIgniter->run()
#5 {main}
CRITICAL - 2020-07-18 07:53:56 --> syntax error, unexpected end of file, expecting function (T_FUNCTION) or const (T_CONST)
#0 E:\wamp64\www\healthyhabbits\vendor\codeigniter4\framework\system\Router\Router.php(192): CodeIgniter\Router\Router->autoRoute('/privacypolicy/...')
#1 E:\wamp64\www\healthyhabbits\vendor\codeigniter4\framework\system\CodeIgniter.php(789): CodeIgniter\Router\Router->handle('/privacypolicy/...')
#2 E:\wamp64\www\healthyhabbits\vendor\codeigniter4\framework\system\CodeIgniter.php(360): CodeIgniter\CodeIgniter->tryToRouteIt(Object(CodeIgniter\Router\RouteCollection))
#3 E:\wamp64\www\healthyhabbits\vendor\codeigniter4\framework\system\CodeIgniter.php(308): CodeIgniter\CodeIgniter->handleRequest(NULL, Object(Config\Cache), false)
#4 E:\wamp64\www\healthyhabbits\index.php(84): CodeIgniter\CodeIgniter->run()
#5 {main}
CRITICAL - 2020-07-18 07:53:59 --> syntax error, unexpected end of file, expecting function (T_FUNCTION) or const (T_CONST)
#0 E:\wamp64\www\healthyhabbits\vendor\codeigniter4\framework\system\Router\Router.php(192): CodeIgniter\Router\Router->autoRoute('/privacypolicy/...')
#1 E:\wamp64\www\healthyhabbits\vendor\codeigniter4\framework\system\CodeIgniter.php(789): CodeIgniter\Router\Router->handle('/privacypolicy/...')
#2 E:\wamp64\www\healthyhabbits\vendor\codeigniter4\framework\system\CodeIgniter.php(360): CodeIgniter\CodeIgniter->tryToRouteIt(Object(CodeIgniter\Router\RouteCollection))
#3 E:\wamp64\www\healthyhabbits\vendor\codeigniter4\framework\system\CodeIgniter.php(308): CodeIgniter\CodeIgniter->handleRequest(NULL, Object(Config\Cache), false)
#4 E:\wamp64\www\healthyhabbits\index.php(84): CodeIgniter\CodeIgniter->run()
#5 {main}
CRITICAL - 2020-07-18 07:57:35 --> syntax error, unexpected end of file, expecting function (T_FUNCTION) or const (T_CONST)
#0 E:\wamp64\www\healthyhabbits\vendor\codeigniter4\framework\system\Router\Router.php(192): CodeIgniter\Router\Router->autoRoute('/privacypolicy/...')
#1 E:\wamp64\www\healthyhabbits\vendor\codeigniter4\framework\system\CodeIgniter.php(789): CodeIgniter\Router\Router->handle('/privacypolicy/...')
#2 E:\wamp64\www\healthyhabbits\vendor\codeigniter4\framework\system\CodeIgniter.php(360): CodeIgniter\CodeIgniter->tryToRouteIt(Object(CodeIgniter\Router\RouteCollection))
#3 E:\wamp64\www\healthyhabbits\vendor\codeigniter4\framework\system\CodeIgniter.php(308): CodeIgniter\CodeIgniter->handleRequest(NULL, Object(Config\Cache), false)
#4 E:\wamp64\www\healthyhabbits\index.php(84): CodeIgniter\CodeIgniter->run()
#5 {main}
CRITICAL - 2020-07-18 07:57:36 --> syntax error, unexpected end of file, expecting function (T_FUNCTION) or const (T_CONST)
#0 E:\wamp64\www\healthyhabbits\vendor\codeigniter4\framework\system\Router\Router.php(192): CodeIgniter\Router\Router->autoRoute('/privacypolicy/...')
#1 E:\wamp64\www\healthyhabbits\vendor\codeigniter4\framework\system\CodeIgniter.php(789): CodeIgniter\Router\Router->handle('/privacypolicy/...')
#2 E:\wamp64\www\healthyhabbits\vendor\codeigniter4\framework\system\CodeIgniter.php(360): CodeIgniter\CodeIgniter->tryToRouteIt(Object(CodeIgniter\Router\RouteCollection))
#3 E:\wamp64\www\healthyhabbits\vendor\codeigniter4\framework\system\CodeIgniter.php(308): CodeIgniter\CodeIgniter->handleRequest(NULL, Object(Config\Cache), false)
#4 E:\wamp64\www\healthyhabbits\index.php(84): CodeIgniter\CodeIgniter->run()
#5 {main}
CRITICAL - 2020-07-18 07:59:39 --> syntax error, unexpected end of file, expecting function (T_FUNCTION) or const (T_CONST)
#0 E:\wamp64\www\healthyhabbits\vendor\codeigniter4\framework\system\Router\Router.php(192): CodeIgniter\Router\Router->autoRoute('/privacypolicy/...')
#1 E:\wamp64\www\healthyhabbits\vendor\codeigniter4\framework\system\CodeIgniter.php(789): CodeIgniter\Router\Router->handle('/privacypolicy/...')
#2 E:\wamp64\www\healthyhabbits\vendor\codeigniter4\framework\system\CodeIgniter.php(360): CodeIgniter\CodeIgniter->tryToRouteIt(Object(CodeIgniter\Router\RouteCollection))
#3 E:\wamp64\www\healthyhabbits\vendor\codeigniter4\framework\system\CodeIgniter.php(308): CodeIgniter\CodeIgniter->handleRequest(NULL, Object(Config\Cache), false)
#4 E:\wamp64\www\healthyhabbits\index.php(84): CodeIgniter\CodeIgniter->run()
#5 {main}
CRITICAL - 2020-07-18 07:59:44 --> syntax error, unexpected end of file, expecting function (T_FUNCTION) or const (T_CONST)
#0 E:\wamp64\www\healthyhabbits\vendor\codeigniter4\framework\system\Router\Router.php(192): CodeIgniter\Router\Router->autoRoute('/privacypolicy')
#1 E:\wamp64\www\healthyhabbits\vendor\codeigniter4\framework\system\CodeIgniter.php(789): CodeIgniter\Router\Router->handle('/privacypolicy')
#2 E:\wamp64\www\healthyhabbits\vendor\codeigniter4\framework\system\CodeIgniter.php(360): CodeIgniter\CodeIgniter->tryToRouteIt(Object(CodeIgniter\Router\RouteCollection))
#3 E:\wamp64\www\healthyhabbits\vendor\codeigniter4\framework\system\CodeIgniter.php(308): CodeIgniter\CodeIgniter->handleRequest(NULL, Object(Config\Cache), false)
#4 E:\wamp64\www\healthyhabbits\index.php(84): CodeIgniter\CodeIgniter->run()
#5 {main}
CRITICAL - 2020-07-18 07:59:59 --> syntax error, unexpected end of file, expecting function (T_FUNCTION) or const (T_CONST)
#0 E:\wamp64\www\healthyhabbits\vendor\codeigniter4\framework\system\Router\Router.php(192): CodeIgniter\Router\Router->autoRoute('/privacypolicy')
#1 E:\wamp64\www\healthyhabbits\vendor\codeigniter4\framework\system\CodeIgniter.php(789): CodeIgniter\Router\Router->handle('/privacypolicy')
#2 E:\wamp64\www\healthyhabbits\vendor\codeigniter4\framework\system\CodeIgniter.php(360): CodeIgniter\CodeIgniter->tryToRouteIt(Object(CodeIgniter\Router\RouteCollection))
#3 E:\wamp64\www\healthyhabbits\vendor\codeigniter4\framework\system\CodeIgniter.php(308): CodeIgniter\CodeIgniter->handleRequest(NULL, Object(Config\Cache), false)
#4 E:\wamp64\www\healthyhabbits\index.php(84): CodeIgniter\CodeIgniter->run()
#5 {main}
CRITICAL - 2020-07-18 08:00:04 --> syntax error, unexpected end of file, expecting function (T_FUNCTION) or const (T_CONST)
#0 E:\wamp64\www\healthyhabbits\vendor\codeigniter4\framework\system\Router\Router.php(192): CodeIgniter\Router\Router->autoRoute('/privacyPolicy')
#1 E:\wamp64\www\healthyhabbits\vendor\codeigniter4\framework\system\CodeIgniter.php(789): CodeIgniter\Router\Router->handle('/privacyPolicy')
#2 E:\wamp64\www\healthyhabbits\vendor\codeigniter4\framework\system\CodeIgniter.php(360): CodeIgniter\CodeIgniter->tryToRouteIt(Object(CodeIgniter\Router\RouteCollection))
#3 E:\wamp64\www\healthyhabbits\vendor\codeigniter4\framework\system\CodeIgniter.php(308): CodeIgniter\CodeIgniter->handleRequest(NULL, Object(Config\Cache), false)
#4 E:\wamp64\www\healthyhabbits\index.php(84): CodeIgniter\CodeIgniter->run()
#5 {main}
CRITICAL - 2020-07-18 08:01:31 --> syntax error, unexpected end of file, expecting function (T_FUNCTION) or const (T_CONST)
#0 E:\wamp64\www\healthyhabbits\vendor\codeigniter4\framework\system\Router\Router.php(192): CodeIgniter\Router\Router->autoRoute('/policy')
#1 E:\wamp64\www\healthyhabbits\vendor\codeigniter4\framework\system\CodeIgniter.php(789): CodeIgniter\Router\Router->handle('/policy')
#2 E:\wamp64\www\healthyhabbits\vendor\codeigniter4\framework\system\CodeIgniter.php(360): CodeIgniter\CodeIgniter->tryToRouteIt(Object(CodeIgniter\Router\RouteCollection))
#3 E:\wamp64\www\healthyhabbits\vendor\codeigniter4\framework\system\CodeIgniter.php(308): CodeIgniter\CodeIgniter->handleRequest(NULL, Object(Config\Cache), false)
#4 E:\wamp64\www\healthyhabbits\index.php(84): CodeIgniter\CodeIgniter->run()
#5 {main}
CRITICAL - 2020-07-18 08:08:59 --> Invalid file: privacy/list.php
#0 E:\wamp64\www\healthyhabbits\vendor\codeigniter4\framework\system\View\View.php(228): CodeIgniter\Exceptions\FrameworkException::forInvalidFile('privacy/list.ph...')
#1 E:\wamp64\www\healthyhabbits\vendor\codeigniter4\framework\system\Common.php(1087): CodeIgniter\View\View->render('privacy/list', Array, true)
#2 E:\wamp64\www\healthyhabbits\app\Controllers\BaseController.php(56): view('privacy/list', Array)
#3 E:\wamp64\www\healthyhabbits\app\Controllers\Policy.php(19): App\Controllers\BaseController->render_page('privacy/list', Array)
#4 E:\wamp64\www\healthyhabbits\vendor\codeigniter4\framework\system\CodeIgniter.php(914): App\Controllers\Policy->index()
#5 E:\wamp64\www\healthyhabbits\vendor\codeigniter4\framework\system\CodeIgniter.php(400): CodeIgniter\CodeIgniter->runController(Object(App\Controllers\Policy))
#6 E:\wamp64\www\healthyhabbits\vendor\codeigniter4\framework\system\CodeIgniter.php(308): CodeIgniter\CodeIgniter->handleRequest(NULL, Object(Config\Cache), false)
#7 E:\wamp64\www\healthyhabbits\index.php(84): CodeIgniter\CodeIgniter->run()
#8 {main}
CRITICAL - 2020-07-18 08:12:49 --> Invalid file: users/privacy_policy.php
#0 E:\wamp64\www\healthyhabbits\vendor\codeigniter4\framework\system\View\View.php(228): CodeIgniter\Exceptions\FrameworkException::forInvalidFile('users/privacy_p...')
#1 E:\wamp64\www\healthyhabbits\vendor\codeigniter4\framework\system\Common.php(1087): CodeIgniter\View\View->render('users/privacy_p...', Array, true)
#2 E:\wamp64\www\healthyhabbits\app\Controllers\BaseController.php(56): view('users/privacy_p...', Array)
#3 E:\wamp64\www\healthyhabbits\app\Controllers\Policy.php(63): App\Controllers\BaseController->render_page('users/privacy_p...', Array)
#4 E:\wamp64\www\healthyhabbits\vendor\codeigniter4\framework\system\CodeIgniter.php(914): App\Controllers\Policy->store()
#5 E:\wamp64\www\healthyhabbits\vendor\codeigniter4\framework\system\CodeIgniter.php(400): CodeIgniter\CodeIgniter->runController(Object(App\Controllers\Policy))
#6 E:\wamp64\www\healthyhabbits\vendor\codeigniter4\framework\system\CodeIgniter.php(308): CodeIgniter\CodeIgniter->handleRequest(NULL, Object(Config\Cache), false)
#7 E:\wamp64\www\healthyhabbits\index.php(84): CodeIgniter\CodeIgniter->run()
#8 {main}
CRITICAL - 2020-07-18 08:19:22 --> Class 'App\Controllers\PrivacyModel' not found
#0 E:\wamp64\www\healthyhabbits\vendor\codeigniter4\framework\system\CodeIgniter.php(914): App\Controllers\Policy->store()
#1 E:\wamp64\www\healthyhabbits\vendor\codeigniter4\framework\system\CodeIgniter.php(400): CodeIgniter\CodeIgniter->runController(Object(App\Controllers\Policy))
#2 E:\wamp64\www\healthyhabbits\vendor\codeigniter4\framework\system\CodeIgniter.php(308): CodeIgniter\CodeIgniter->handleRequest(NULL, Object(Config\Cache), false)
#3 E:\wamp64\www\healthyhabbits\index.php(84): CodeIgniter\CodeIgniter->run()
#4 {main}
CRITICAL - 2020-07-18 08:20:24 --> Class 'App\Controllers\PrivacyModel' not found
#0 E:\wamp64\www\healthyhabbits\vendor\codeigniter4\framework\system\CodeIgniter.php(914): App\Controllers\Policy->store()
#1 E:\wamp64\www\healthyhabbits\vendor\codeigniter4\framework\system\CodeIgniter.php(400): CodeIgniter\CodeIgniter->runController(Object(App\Controllers\Policy))
#2 E:\wamp64\www\healthyhabbits\vendor\codeigniter4\framework\system\CodeIgniter.php(308): CodeIgniter\CodeIgniter->handleRequest(NULL, Object(Config\Cache), false)
#3 E:\wamp64\www\healthyhabbits\index.php(84): CodeIgniter\CodeIgniter->run()
#4 {main}
CRITICAL - 2020-07-18 08:20:52 --> Class 'App\Controllers\PrivacyModel' not found
#0 E:\wamp64\www\healthyhabbits\vendor\codeigniter4\framework\system\CodeIgniter.php(914): App\Controllers\Policy->store()
#1 E:\wamp64\www\healthyhabbits\vendor\codeigniter4\framework\system\CodeIgniter.php(400): CodeIgniter\CodeIgniter->runController(Object(App\Controllers\Policy))
#2 E:\wamp64\www\healthyhabbits\vendor\codeigniter4\framework\system\CodeIgniter.php(308): CodeIgniter\CodeIgniter->handleRequest(NULL, Object(Config\Cache), false)
#3 E:\wamp64\www\healthyhabbits\index.php(84): CodeIgniter\CodeIgniter->run()
#4 {main}
CRITICAL - 2020-07-18 08:21:48 --> Class 'App\Controllers\privacyModel' not found
#0 E:\wamp64\www\healthyhabbits\vendor\codeigniter4\framework\system\CodeIgniter.php(914): App\Controllers\Policy->store()
#1 E:\wamp64\www\healthyhabbits\vendor\codeigniter4\framework\system\CodeIgniter.php(400): CodeIgniter\CodeIgniter->runController(Object(App\Controllers\Policy))
#2 E:\wamp64\www\healthyhabbits\vendor\codeigniter4\framework\system\CodeIgniter.php(308): CodeIgniter\CodeIgniter->handleRequest(NULL, Object(Config\Cache), false)
#3 E:\wamp64\www\healthyhabbits\index.php(84): CodeIgniter\CodeIgniter->run()
#4 {main}
CRITICAL - 2020-07-18 08:22:13 --> Class 'App\Controllers\privacymodel' not found
#0 E:\wamp64\www\healthyhabbits\vendor\codeigniter4\framework\system\CodeIgniter.php(914): App\Controllers\Policy->store()
#1 E:\wamp64\www\healthyhabbits\vendor\codeigniter4\framework\system\CodeIgniter.php(400): CodeIgniter\CodeIgniter->runController(Object(App\Controllers\Policy))
#2 E:\wamp64\www\healthyhabbits\vendor\codeigniter4\framework\system\CodeIgniter.php(308): CodeIgniter\CodeIgniter->handleRequest(NULL, Object(Config\Cache), false)
#3 E:\wamp64\www\healthyhabbits\index.php(84): CodeIgniter\CodeIgniter->run()
#4 {main}
CRITICAL - 2020-07-18 08:22:46 --> syntax error, unexpected '->' (T_OBJECT_OPERATOR)
#0 E:\wamp64\www\healthyhabbits\vendor\codeigniter4\framework\system\Router\Router.php(192): CodeIgniter\Router\Router->autoRoute('/policy/store')
#1 E:\wamp64\www\healthyhabbits\vendor\codeigniter4\framework\system\CodeIgniter.php(789): CodeIgniter\Router\Router->handle('/policy/store')
#2 E:\wamp64\www\healthyhabbits\vendor\codeigniter4\framework\system\CodeIgniter.php(360): CodeIgniter\CodeIgniter->tryToRouteIt(Object(CodeIgniter\Router\RouteCollection))
#3 E:\wamp64\www\healthyhabbits\vendor\codeigniter4\framework\system\CodeIgniter.php(308): CodeIgniter\CodeIgniter->handleRequest(NULL, Object(Config\Cache), false)
#4 E:\wamp64\www\healthyhabbits\index.php(84): CodeIgniter\CodeIgniter->run()
#5 {main}
CRITICAL - 2020-07-18 08:23:11 --> syntax error, unexpected '->' (T_OBJECT_OPERATOR)
#0 E:\wamp64\www\healthyhabbits\vendor\codeigniter4\framework\system\Router\Router.php(192): CodeIgniter\Router\Router->autoRoute('/policy/store')
#1 E:\wamp64\www\healthyhabbits\vendor\codeigniter4\framework\system\CodeIgniter.php(789): CodeIgniter\Router\Router->handle('/policy/store')
#2 E:\wamp64\www\healthyhabbits\vendor\codeigniter4\framework\system\CodeIgniter.php(360): CodeIgniter\CodeIgniter->tryToRouteIt(Object(CodeIgniter\Router\RouteCollection))
#3 E:\wamp64\www\healthyhabbits\vendor\codeigniter4\framework\system\CodeIgniter.php(308): CodeIgniter\CodeIgniter->handleRequest(NULL, Object(Config\Cache), false)
#4 E:\wamp64\www\healthyhabbits\index.php(84): CodeIgniter\CodeIgniter->run()
#5 {main}
CRITICAL - 2020-07-18 08:38:20 --> Illegal string offset 'status'
#0 E:\wamp64\www\healthyhabbits\app\Views\policy\list.php(44): CodeIgniter\Debug\Exceptions->errorHandler(2, 'Illegal string ...', 'E:\\wamp64\\www\\h...', 44, Array)
#1 E:\wamp64\www\healthyhabbits\vendor\codeigniter4\framework\system\View\View.php(246): include('E:\\wamp64\\www\\h...')
#2 E:\wamp64\www\healthyhabbits\vendor\codeigniter4\framework\system\Common.php(1087): CodeIgniter\View\View->render('policy/list', Array, true)
#3 E:\wamp64\www\healthyhabbits\app\Controllers\BaseController.php(56): view('policy/list', Array)
#4 E:\wamp64\www\healthyhabbits\app\Controllers\Policy.php(19): App\Controllers\BaseController->render_page('policy/list', Array)
#5 E:\wamp64\www\healthyhabbits\vendor\codeigniter4\framework\system\CodeIgniter.php(914): App\Controllers\Policy->index()
#6 E:\wamp64\www\healthyhabbits\vendor\codeigniter4\framework\system\CodeIgniter.php(400): CodeIgniter\CodeIgniter->runController(Object(App\Controllers\Policy))
#7 E:\wamp64\www\healthyhabbits\vendor\codeigniter4\framework\system\CodeIgniter.php(308): CodeIgniter\CodeIgniter->handleRequest(NULL, Object(Config\Cache), false)
#8 E:\wamp64\www\healthyhabbits\index.php(84): CodeIgniter\CodeIgniter->run()
#9 {main}
CRITICAL - 2020-07-18 08:38:32 --> Unsupported operand types
#0 E:\wamp64\www\healthyhabbits\vendor\codeigniter4\framework\system\View\View.php(246): include()
#1 E:\wamp64\www\healthyhabbits\vendor\codeigniter4\framework\system\Common.php(1087): CodeIgniter\View\View->render('policy/list', Array, true)
#2 E:\wamp64\www\healthyhabbits\app\Controllers\BaseController.php(56): view('policy/list', Array)
#3 E:\wamp64\www\healthyhabbits\app\Controllers\Policy.php(19): App\Controllers\BaseController->render_page('policy/list', Array)
#4 E:\wamp64\www\healthyhabbits\vendor\codeigniter4\framework\system\CodeIgniter.php(914): App\Controllers\Policy->index()
#5 E:\wamp64\www\healthyhabbits\vendor\codeigniter4\framework\system\CodeIgniter.php(400): CodeIgniter\CodeIgniter->runController(Object(App\Controllers\Policy))
#6 E:\wamp64\www\healthyhabbits\vendor\codeigniter4\framework\system\CodeIgniter.php(308): CodeIgniter\CodeIgniter->handleRequest(NULL, Object(Config\Cache), false)
#7 E:\wamp64\www\healthyhabbits\index.php(84): CodeIgniter\CodeIgniter->run()
#8 {main}
CRITICAL - 2020-07-18 08:38:33 --> Unsupported operand types
#0 E:\wamp64\www\healthyhabbits\vendor\codeigniter4\framework\system\View\View.php(246): include()
#1 E:\wamp64\www\healthyhabbits\vendor\codeigniter4\framework\system\Common.php(1087): CodeIgniter\View\View->render('policy/list', Array, true)
#2 E:\wamp64\www\healthyhabbits\app\Controllers\BaseController.php(56): view('policy/list', Array)
#3 E:\wamp64\www\healthyhabbits\app\Controllers\Policy.php(19): App\Controllers\BaseController->render_page('policy/list', Array)
#4 E:\wamp64\www\healthyhabbits\vendor\codeigniter4\framework\system\CodeIgniter.php(914): App\Controllers\Policy->index()
#5 E:\wamp64\www\healthyhabbits\vendor\codeigniter4\framework\system\CodeIgniter.php(400): CodeIgniter\CodeIgniter->runController(Object(App\Controllers\Policy))
#6 E:\wamp64\www\healthyhabbits\vendor\codeigniter4\framework\system\CodeIgniter.php(308): CodeIgniter\CodeIgniter->handleRequest(NULL, Object(Config\Cache), false)
#7 E:\wamp64\www\healthyhabbits\index.php(84): CodeIgniter\CodeIgniter->run()
#8 {main}
CRITICAL - 2020-07-18 08:38:55 --> Illegal string offset 'title'
#0 E:\wamp64\www\healthyhabbits\app\Views\policy\list.php(41): CodeIgniter\Debug\Exceptions->errorHandler(2, 'Illegal string ...', 'E:\\wamp64\\www\\h...', 41, Array)
#1 E:\wamp64\www\healthyhabbits\vendor\codeigniter4\framework\system\View\View.php(246): include('E:\\wamp64\\www\\h...')
#2 E:\wamp64\www\healthyhabbits\vendor\codeigniter4\framework\system\Common.php(1087): CodeIgniter\View\View->render('policy/list', Array, true)
#3 E:\wamp64\www\healthyhabbits\app\Controllers\BaseController.php(56): view('policy/list', Array)
#4 E:\wamp64\www\healthyhabbits\app\Controllers\Policy.php(19): App\Controllers\BaseController->render_page('policy/list', Array)
#5 E:\wamp64\www\healthyhabbits\vendor\codeigniter4\framework\system\CodeIgniter.php(914): App\Controllers\Policy->index()
#6 E:\wamp64\www\healthyhabbits\vendor\codeigniter4\framework\system\CodeIgniter.php(400): CodeIgniter\CodeIgniter->runController(Object(App\Controllers\Policy))
#7 E:\wamp64\www\healthyhabbits\vendor\codeigniter4\framework\system\CodeIgniter.php(308): CodeIgniter\CodeIgniter->handleRequest(NULL, Object(Config\Cache), false)
#8 E:\wamp64\www\healthyhabbits\index.php(84): CodeIgniter\CodeIgniter->run()
#9 {main}
CRITICAL - 2020-07-18 08:38:56 --> Illegal string offset 'title'
#0 E:\wamp64\www\healthyhabbits\app\Views\policy\list.php(41): CodeIgniter\Debug\Exceptions->errorHandler(2, 'Illegal string ...', 'E:\\wamp64\\www\\h...', 41, Array)
#1 E:\wamp64\www\healthyhabbits\vendor\codeigniter4\framework\system\View\View.php(246): include('E:\\wamp64\\www\\h...')
#2 E:\wamp64\www\healthyhabbits\vendor\codeigniter4\framework\system\Common.php(1087): CodeIgniter\View\View->render('policy/list', Array, true)
#3 E:\wamp64\www\healthyhabbits\app\Controllers\BaseController.php(56): view('policy/list', Array)
#4 E:\wamp64\www\healthyhabbits\app\Controllers\Policy.php(19): App\Controllers\BaseController->render_page('policy/list', Array)
#5 E:\wamp64\www\healthyhabbits\vendor\codeigniter4\framework\system\CodeIgniter.php(914): App\Controllers\Policy->index()
#6 E:\wamp64\www\healthyhabbits\vendor\codeigniter4\framework\system\CodeIgniter.php(400): CodeIgniter\CodeIgniter->runController(Object(App\Controllers\Policy))
#7 E:\wamp64\www\healthyhabbits\vendor\codeigniter4\framework\system\CodeIgniter.php(308): CodeIgniter\CodeIgniter->handleRequest(NULL, Object(Config\Cache), false)
#8 E:\wamp64\www\healthyhabbits\index.php(84): CodeIgniter\CodeIgniter->run()
#9 {main}
CRITICAL - 2020-07-18 08:39:06 --> Illegal string offset 'title'
#0 E:\wamp64\www\healthyhabbits\app\Views\policy\list.php(41): CodeIgniter\Debug\Exceptions->errorHandler(2, 'Illegal string ...', 'E:\\wamp64\\www\\h...', 41, Array)
#1 E:\wamp64\www\healthyhabbits\vendor\codeigniter4\framework\system\View\View.php(246): include('E:\\wamp64\\www\\h...')
#2 E:\wamp64\www\healthyhabbits\vendor\codeigniter4\framework\system\Common.php(1087): CodeIgniter\View\View->render('policy/list', Array, true)
#3 E:\wamp64\www\healthyhabbits\app\Controllers\BaseController.php(56): view('policy/list', Array)
#4 E:\wamp64\www\healthyhabbits\app\Controllers\Policy.php(19): App\Controllers\BaseController->render_page('policy/list', Array)
#5 E:\wamp64\www\healthyhabbits\vendor\codeigniter4\framework\system\CodeIgniter.php(914): App\Controllers\Policy->index()
#6 E:\wamp64\www\healthyhabbits\vendor\codeigniter4\framework\system\CodeIgniter.php(400): CodeIgniter\CodeIgniter->runController(Object(App\Controllers\Policy))
#7 E:\wamp64\www\healthyhabbits\vendor\codeigniter4\framework\system\CodeIgniter.php(308): CodeIgniter\CodeIgniter->handleRequest(NULL, Object(Config\Cache), false)
#8 E:\wamp64\www\healthyhabbits\index.php(84): CodeIgniter\CodeIgniter->run()
#9 {main}
CRITICAL - 2020-07-18 08:39:09 --> Illegal string offset 'title'
#0 E:\wamp64\www\healthyhabbits\app\Views\policy\list.php(41): CodeIgniter\Debug\Exceptions->errorHandler(2, 'Illegal string ...', 'E:\\wamp64\\www\\h...', 41, Array)
#1 E:\wamp64\www\healthyhabbits\vendor\codeigniter4\framework\system\View\View.php(246): include('E:\\wamp64\\www\\h...')
#2 E:\wamp64\www\healthyhabbits\vendor\codeigniter4\framework\system\Common.php(1087): CodeIgniter\View\View->render('policy/list', Array, true)
#3 E:\wamp64\www\healthyhabbits\app\Controllers\BaseController.php(56): view('policy/list', Array)
#4 E:\wamp64\www\healthyhabbits\app\Controllers\Policy.php(19): App\Controllers\BaseController->render_page('policy/list', Array)
#5 E:\wamp64\www\healthyhabbits\vendor\codeigniter4\framework\system\CodeIgniter.php(914): App\Controllers\Policy->index()
#6 E:\wamp64\www\healthyhabbits\vendor\codeigniter4\framework\system\CodeIgniter.php(400): CodeIgniter\CodeIgniter->runController(Object(App\Controllers\Policy))
#7 E:\wamp64\www\healthyhabbits\vendor\codeigniter4\framework\system\CodeIgniter.php(308): CodeIgniter\CodeIgniter->handleRequest(NULL, Object(Config\Cache), false)
#8 E:\wamp64\www\healthyhabbits\index.php(84): CodeIgniter\CodeIgniter->run()
#9 {main}
CRITICAL - 2020-07-18 08:39:22 --> Illegal string offset 'title'
#0 E:\wamp64\www\healthyhabbits\app\Views\policy\list.php(41): CodeIgniter\Debug\Exceptions->errorHandler(2, 'Illegal string ...', 'E:\\wamp64\\www\\h...', 41, Array)
#1 E:\wamp64\www\healthyhabbits\vendor\codeigniter4\framework\system\View\View.php(246): include('E:\\wamp64\\www\\h...')
#2 E:\wamp64\www\healthyhabbits\vendor\codeigniter4\framework\system\Common.php(1087): CodeIgniter\View\View->render('policy/list', Array, true)
#3 E:\wamp64\www\healthyhabbits\app\Controllers\BaseController.php(56): view('policy/list', Array)
#4 E:\wamp64\www\healthyhabbits\app\Controllers\Policy.php(19): App\Controllers\BaseController->render_page('policy/list', Array)
#5 E:\wamp64\www\healthyhabbits\vendor\codeigniter4\framework\system\CodeIgniter.php(914): App\Controllers\Policy->index()
#6 E:\wamp64\www\healthyhabbits\vendor\codeigniter4\framework\system\CodeIgniter.php(400): CodeIgniter\CodeIgniter->runController(Object(App\Controllers\Policy))
#7 E:\wamp64\www\healthyhabbits\vendor\codeigniter4\framework\system\CodeIgniter.php(308): CodeIgniter\CodeIgniter->handleRequest(NULL, Object(Config\Cache), false)
#8 E:\wamp64\www\healthyhabbits\index.php(84): CodeIgniter\CodeIgniter->run()
#9 {main}
CRITICAL - 2020-07-18 08:52:14 --> Illegal string offset 'title'
#0 E:\wamp64\www\healthyhabbits\app\Views\policy\list.php(41): CodeIgniter\Debug\Exceptions->errorHandler(2, 'Illegal string ...', 'E:\\wamp64\\www\\h...', 41, Array)
#1 E:\wamp64\www\healthyhabbits\vendor\codeigniter4\framework\system\View\View.php(246): include('E:\\wamp64\\www\\h...')
#2 E:\wamp64\www\healthyhabbits\vendor\codeigniter4\framework\system\Common.php(1087): CodeIgniter\View\View->render('policy/list', Array, true)
#3 E:\wamp64\www\healthyhabbits\app\Controllers\BaseController.php(56): view('policy/list', Array)
#4 E:\wamp64\www\healthyhabbits\app\Controllers\Policy.php(19): App\Controllers\BaseController->render_page('policy/list', Array)
#5 E:\wamp64\www\healthyhabbits\vendor\codeigniter4\framework\system\CodeIgniter.php(914): App\Controllers\Policy->index()
#6 E:\wamp64\www\healthyhabbits\vendor\codeigniter4\framework\system\CodeIgniter.php(400): CodeIgniter\CodeIgniter->runController(Object(App\Controllers\Policy))
#7 E:\wamp64\www\healthyhabbits\vendor\codeigniter4\framework\system\CodeIgniter.php(308): CodeIgniter\CodeIgniter->handleRequest(NULL, Object(Config\Cache), false)
#8 E:\wamp64\www\healthyhabbits\index.php(84): CodeIgniter\CodeIgniter->run()
#9 {main}
CRITICAL - 2020-07-18 08:53:29 --> syntax error, unexpected '++' (T_INC), expecting ',' or ';'
#0 E:\wamp64\www\healthyhabbits\vendor\codeigniter4\framework\system\Common.php(1087): CodeIgniter\View\View->render('policy/list', Array, true)
#1 E:\wamp64\www\healthyhabbits\app\Controllers\BaseController.php(56): view('policy/list', Array)
#2 E:\wamp64\www\healthyhabbits\app\Controllers\Policy.php(19): App\Controllers\BaseController->render_page('policy/list', Array)
#3 E:\wamp64\www\healthyhabbits\vendor\codeigniter4\framework\system\CodeIgniter.php(914): App\Controllers\Policy->index()
#4 E:\wamp64\www\healthyhabbits\vendor\codeigniter4\framework\system\CodeIgniter.php(400): CodeIgniter\CodeIgniter->runController(Object(App\Controllers\Policy))
#5 E:\wamp64\www\healthyhabbits\vendor\codeigniter4\framework\system\CodeIgniter.php(308): CodeIgniter\CodeIgniter->handleRequest(NULL, Object(Config\Cache), false)
#6 E:\wamp64\www\healthyhabbits\index.php(84): CodeIgniter\CodeIgniter->run()
#7 {main}
