CRITICAL - 2020-08-26 00:10:15 --> Uninitialized string offset: 0
#0 D:\xampp\htdocs\policy-master\app\Controllers\ClientAccess.php(94): CodeIgniter\Debug\Exceptions->errorHandler(8, 'Uninitialized s...', 'D:\\xampp\\htdocs...', 94, Array)
#1 D:\xampp\htdocs\policy-master\vendor\codeigniter4\framework\system\CodeIgniter.php(914): App\Controllers\ClientAccess->edit('dist', 'img', 'user1-128x128.j...')
#2 D:\xampp\htdocs\policy-master\vendor\codeigniter4\framework\system\CodeIgniter.php(400): CodeIgniter\CodeIgniter->runController(Object(App\Controllers\ClientAccess))
#3 D:\xampp\htdocs\policy-master\vendor\codeigniter4\framework\system\CodeIgniter.php(308): CodeIgniter\CodeIgniter->handleRequest(NULL, Object(Config\Cache), false)
#4 D:\xampp\htdocs\policy-master\index.php(84): CodeIgniter\CodeIgniter->run()
#5 {main}
CRITICAL - 2020-08-26 00:10:15 --> Uninitialized string offset: 0
#0 D:\xampp\htdocs\policy-master\app\Controllers\ClientAccess.php(94): CodeIgniter\Debug\Exceptions->errorHandler(8, 'Uninitialized s...', 'D:\\xampp\\htdocs...', 94, Array)
#1 D:\xampp\htdocs\policy-master\vendor\codeigniter4\framework\system\CodeIgniter.php(914): App\Controllers\ClientAccess->edit('dist', 'img', 'user3-128x128.j...')
#2 D:\xampp\htdocs\policy-master\vendor\codeigniter4\framework\system\CodeIgniter.php(400): CodeIgniter\CodeIgniter->runController(Object(App\Controllers\ClientAccess))
#3 D:\xampp\htdocs\policy-master\vendor\codeigniter4\framework\system\CodeIgniter.php(308): CodeIgniter\CodeIgniter->handleRequest(NULL, Object(Config\Cache), false)
#4 D:\xampp\htdocs\policy-master\index.php(84): CodeIgniter\CodeIgniter->run()
#5 {main}
CRITICAL - 2020-08-26 00:10:15 --> Uninitialized string offset: 0
#0 D:\xampp\htdocs\policy-master\app\Controllers\ClientAccess.php(94): CodeIgniter\Debug\Exceptions->errorHandler(8, 'Uninitialized s...', 'D:\\xampp\\htdocs...', 94, Array)
#1 D:\xampp\htdocs\policy-master\vendor\codeigniter4\framework\system\CodeIgniter.php(914): App\Controllers\ClientAccess->edit('dist', 'img', 'user8-128x128.j...')
#2 D:\xampp\htdocs\policy-master\vendor\codeigniter4\framework\system\CodeIgniter.php(400): CodeIgniter\CodeIgniter->runController(Object(App\Controllers\ClientAccess))
#3 D:\xampp\htdocs\policy-master\vendor\codeigniter4\framework\system\CodeIgniter.php(308): CodeIgniter\CodeIgniter->handleRequest(NULL, Object(Config\Cache), false)
#4 D:\xampp\htdocs\policy-master\index.php(84): CodeIgniter\CodeIgniter->run()
#5 {main}
CRITICAL - 2020-08-26 00:49:26 --> Uninitialized string offset: 0
#0 D:\xampp\htdocs\policy-master\app\Controllers\ClientAccess.php(94): CodeIgniter\Debug\Exceptions->errorHandler(8, 'Uninitialized s...', 'D:\\xampp\\htdocs...', 94, Array)
#1 D:\xampp\htdocs\policy-master\vendor\codeigniter4\framework\system\CodeIgniter.php(914): App\Controllers\ClientAccess->edit('dist', 'img', 'user1-128x128.j...')
#2 D:\xampp\htdocs\policy-master\vendor\codeigniter4\framework\system\CodeIgniter.php(400): CodeIgniter\CodeIgniter->runController(Object(App\Controllers\ClientAccess))
#3 D:\xampp\htdocs\policy-master\vendor\codeigniter4\framework\system\CodeIgniter.php(308): CodeIgniter\CodeIgniter->handleRequest(NULL, Object(Config\Cache), false)
#4 D:\xampp\htdocs\policy-master\index.php(84): CodeIgniter\CodeIgniter->run()
#5 {main}
CRITICAL - 2020-08-26 00:49:27 --> Uninitialized string offset: 0
#0 D:\xampp\htdocs\policy-master\app\Controllers\ClientAccess.php(94): CodeIgniter\Debug\Exceptions->errorHandler(8, 'Uninitialized s...', 'D:\\xampp\\htdocs...', 94, Array)
#1 D:\xampp\htdocs\policy-master\vendor\codeigniter4\framework\system\CodeIgniter.php(914): App\Controllers\ClientAccess->edit('dist', 'img', 'user8-128x128.j...')
#2 D:\xampp\htdocs\policy-master\vendor\codeigniter4\framework\system\CodeIgniter.php(400): CodeIgniter\CodeIgniter->runController(Object(App\Controllers\ClientAccess))
#3 D:\xampp\htdocs\policy-master\vendor\codeigniter4\framework\system\CodeIgniter.php(308): CodeIgniter\CodeIgniter->handleRequest(NULL, Object(Config\Cache), false)
#4 D:\xampp\htdocs\policy-master\index.php(84): CodeIgniter\CodeIgniter->run()
#5 {main}
CRITICAL - 2020-08-26 00:49:27 --> Uninitialized string offset: 0
#0 D:\xampp\htdocs\policy-master\app\Controllers\ClientAccess.php(94): CodeIgniter\Debug\Exceptions->errorHandler(8, 'Uninitialized s...', 'D:\\xampp\\htdocs...', 94, Array)
#1 D:\xampp\htdocs\policy-master\vendor\codeigniter4\framework\system\CodeIgniter.php(914): App\Controllers\ClientAccess->edit('dist', 'img', 'user3-128x128.j...')
#2 D:\xampp\htdocs\policy-master\vendor\codeigniter4\framework\system\CodeIgniter.php(400): CodeIgniter\CodeIgniter->runController(Object(App\Controllers\ClientAccess))
#3 D:\xampp\htdocs\policy-master\vendor\codeigniter4\framework\system\CodeIgniter.php(308): CodeIgniter\CodeIgniter->handleRequest(NULL, Object(Config\Cache), false)
#4 D:\xampp\htdocs\policy-master\index.php(84): CodeIgniter\CodeIgniter->run()
#5 {main}
CRITICAL - 2020-08-26 01:02:28 --> Uninitialized string offset: 0
#0 D:\xampp\htdocs\policy-master\app\Controllers\ClientAccess.php(94): CodeIgniter\Debug\Exceptions->errorHandler(8, 'Uninitialized s...', 'D:\\xampp\\htdocs...', 94, Array)
#1 D:\xampp\htdocs\policy-master\vendor\codeigniter4\framework\system\CodeIgniter.php(914): App\Controllers\ClientAccess->edit('dist', 'img', 'user1-128x128.j...')
#2 D:\xampp\htdocs\policy-master\vendor\codeigniter4\framework\system\CodeIgniter.php(400): CodeIgniter\CodeIgniter->runController(Object(App\Controllers\ClientAccess))
#3 D:\xampp\htdocs\policy-master\vendor\codeigniter4\framework\system\CodeIgniter.php(308): CodeIgniter\CodeIgniter->handleRequest(NULL, Object(Config\Cache), false)
#4 D:\xampp\htdocs\policy-master\index.php(84): CodeIgniter\CodeIgniter->run()
#5 {main}
CRITICAL - 2020-08-26 01:02:28 --> Uninitialized string offset: 0
#0 D:\xampp\htdocs\policy-master\app\Controllers\ClientAccess.php(94): CodeIgniter\Debug\Exceptions->errorHandler(8, 'Uninitialized s...', 'D:\\xampp\\htdocs...', 94, Array)
#1 D:\xampp\htdocs\policy-master\vendor\codeigniter4\framework\system\CodeIgniter.php(914): App\Controllers\ClientAccess->edit('dist', 'img', 'user8-128x128.j...')
#2 D:\xampp\htdocs\policy-master\vendor\codeigniter4\framework\system\CodeIgniter.php(400): CodeIgniter\CodeIgniter->runController(Object(App\Controllers\ClientAccess))
#3 D:\xampp\htdocs\policy-master\vendor\codeigniter4\framework\system\CodeIgniter.php(308): CodeIgniter\CodeIgniter->handleRequest(NULL, Object(Config\Cache), false)
#4 D:\xampp\htdocs\policy-master\index.php(84): CodeIgniter\CodeIgniter->run()
#5 {main}
CRITICAL - 2020-08-26 01:02:29 --> Uninitialized string offset: 0
#0 D:\xampp\htdocs\policy-master\app\Controllers\ClientAccess.php(94): CodeIgniter\Debug\Exceptions->errorHandler(8, 'Uninitialized s...', 'D:\\xampp\\htdocs...', 94, Array)
#1 D:\xampp\htdocs\policy-master\vendor\codeigniter4\framework\system\CodeIgniter.php(914): App\Controllers\ClientAccess->edit('dist', 'img', 'user3-128x128.j...')
#2 D:\xampp\htdocs\policy-master\vendor\codeigniter4\framework\system\CodeIgniter.php(400): CodeIgniter\CodeIgniter->runController(Object(App\Controllers\ClientAccess))
#3 D:\xampp\htdocs\policy-master\vendor\codeigniter4\framework\system\CodeIgniter.php(308): CodeIgniter\CodeIgniter->handleRequest(NULL, Object(Config\Cache), false)
#4 D:\xampp\htdocs\policy-master\index.php(84): CodeIgniter\CodeIgniter->run()
#5 {main}
CRITICAL - 2020-08-26 01:02:37 --> Uninitialized string offset: 0
#0 D:\xampp\htdocs\policy-master\app\Controllers\ClientAccess.php(94): CodeIgniter\Debug\Exceptions->errorHandler(8, 'Uninitialized s...', 'D:\\xampp\\htdocs...', 94, Array)
#1 D:\xampp\htdocs\policy-master\vendor\codeigniter4\framework\system\CodeIgniter.php(914): App\Controllers\ClientAccess->edit('dist', 'img', 'user1-128x128.j...')
#2 D:\xampp\htdocs\policy-master\vendor\codeigniter4\framework\system\CodeIgniter.php(400): CodeIgniter\CodeIgniter->runController(Object(App\Controllers\ClientAccess))
#3 D:\xampp\htdocs\policy-master\vendor\codeigniter4\framework\system\CodeIgniter.php(308): CodeIgniter\CodeIgniter->handleRequest(NULL, Object(Config\Cache), false)
#4 D:\xampp\htdocs\policy-master\index.php(84): CodeIgniter\CodeIgniter->run()
#5 {main}
CRITICAL - 2020-08-26 01:02:37 --> Uninitialized string offset: 0
#0 D:\xampp\htdocs\policy-master\app\Controllers\ClientAccess.php(94): CodeIgniter\Debug\Exceptions->errorHandler(8, 'Uninitialized s...', 'D:\\xampp\\htdocs...', 94, Array)
#1 D:\xampp\htdocs\policy-master\vendor\codeigniter4\framework\system\CodeIgniter.php(914): App\Controllers\ClientAccess->edit('dist', 'img', 'user8-128x128.j...')
#2 D:\xampp\htdocs\policy-master\vendor\codeigniter4\framework\system\CodeIgniter.php(400): CodeIgniter\CodeIgniter->runController(Object(App\Controllers\ClientAccess))
#3 D:\xampp\htdocs\policy-master\vendor\codeigniter4\framework\system\CodeIgniter.php(308): CodeIgniter\CodeIgniter->handleRequest(NULL, Object(Config\Cache), false)
#4 D:\xampp\htdocs\policy-master\index.php(84): CodeIgniter\CodeIgniter->run()
#5 {main}
CRITICAL - 2020-08-26 01:02:37 --> Uninitialized string offset: 0
#0 D:\xampp\htdocs\policy-master\app\Controllers\ClientAccess.php(94): CodeIgniter\Debug\Exceptions->errorHandler(8, 'Uninitialized s...', 'D:\\xampp\\htdocs...', 94, Array)
#1 D:\xampp\htdocs\policy-master\vendor\codeigniter4\framework\system\CodeIgniter.php(914): App\Controllers\ClientAccess->edit('dist', 'img', 'user3-128x128.j...')
#2 D:\xampp\htdocs\policy-master\vendor\codeigniter4\framework\system\CodeIgniter.php(400): CodeIgniter\CodeIgniter->runController(Object(App\Controllers\ClientAccess))
#3 D:\xampp\htdocs\policy-master\vendor\codeigniter4\framework\system\CodeIgniter.php(308): CodeIgniter\CodeIgniter->handleRequest(NULL, Object(Config\Cache), false)
#4 D:\xampp\htdocs\policy-master\index.php(84): CodeIgniter\CodeIgniter->run()
#5 {main}
CRITICAL - 2020-08-26 01:03:55 --> Uninitialized string offset: 0
#0 D:\xampp\htdocs\policy-master\app\Controllers\ClientAccess.php(94): CodeIgniter\Debug\Exceptions->errorHandler(8, 'Uninitialized s...', 'D:\\xampp\\htdocs...', 94, Array)
#1 D:\xampp\htdocs\policy-master\vendor\codeigniter4\framework\system\CodeIgniter.php(914): App\Controllers\ClientAccess->edit('dist', 'img', 'user1-128x128.j...')
#2 D:\xampp\htdocs\policy-master\vendor\codeigniter4\framework\system\CodeIgniter.php(400): CodeIgniter\CodeIgniter->runController(Object(App\Controllers\ClientAccess))
#3 D:\xampp\htdocs\policy-master\vendor\codeigniter4\framework\system\CodeIgniter.php(308): CodeIgniter\CodeIgniter->handleRequest(NULL, Object(Config\Cache), false)
#4 D:\xampp\htdocs\policy-master\index.php(84): CodeIgniter\CodeIgniter->run()
#5 {main}
CRITICAL - 2020-08-26 01:03:55 --> Uninitialized string offset: 0
#0 D:\xampp\htdocs\policy-master\app\Controllers\ClientAccess.php(94): CodeIgniter\Debug\Exceptions->errorHandler(8, 'Uninitialized s...', 'D:\\xampp\\htdocs...', 94, Array)
#1 D:\xampp\htdocs\policy-master\vendor\codeigniter4\framework\system\CodeIgniter.php(914): App\Controllers\ClientAccess->edit('dist', 'img', 'user8-128x128.j...')
#2 D:\xampp\htdocs\policy-master\vendor\codeigniter4\framework\system\CodeIgniter.php(400): CodeIgniter\CodeIgniter->runController(Object(App\Controllers\ClientAccess))
#3 D:\xampp\htdocs\policy-master\vendor\codeigniter4\framework\system\CodeIgniter.php(308): CodeIgniter\CodeIgniter->handleRequest(NULL, Object(Config\Cache), false)
#4 D:\xampp\htdocs\policy-master\index.php(84): CodeIgniter\CodeIgniter->run()
#5 {main}
CRITICAL - 2020-08-26 01:03:55 --> Uninitialized string offset: 0
#0 D:\xampp\htdocs\policy-master\app\Controllers\ClientAccess.php(94): CodeIgniter\Debug\Exceptions->errorHandler(8, 'Uninitialized s...', 'D:\\xampp\\htdocs...', 94, Array)
#1 D:\xampp\htdocs\policy-master\vendor\codeigniter4\framework\system\CodeIgniter.php(914): App\Controllers\ClientAccess->edit('dist', 'img', 'user3-128x128.j...')
#2 D:\xampp\htdocs\policy-master\vendor\codeigniter4\framework\system\CodeIgniter.php(400): CodeIgniter\CodeIgniter->runController(Object(App\Controllers\ClientAccess))
#3 D:\xampp\htdocs\policy-master\vendor\codeigniter4\framework\system\CodeIgniter.php(308): CodeIgniter\CodeIgniter->handleRequest(NULL, Object(Config\Cache), false)
#4 D:\xampp\htdocs\policy-master\index.php(84): CodeIgniter\CodeIgniter->run()
#5 {main}
CRITICAL - 2020-08-26 01:48:56 --> Undefined variable: users
#0 D:\xampp\htdocs\policy-master\app\Views\clientaccess\list.php(82): CodeIgniter\Debug\Exceptions->errorHandler(8, 'Undefined varia...', 'D:\\xampp\\htdocs...', 82, Array)
#1 D:\xampp\htdocs\policy-master\vendor\codeigniter4\framework\system\View\View.php(246): include('D:\\xampp\\htdocs...')
#2 D:\xampp\htdocs\policy-master\vendor\codeigniter4\framework\system\Common.php(1087): CodeIgniter\View\View->render('clientaccess/li...', Array, true)
#3 D:\xampp\htdocs\policy-master\app\Controllers\BaseController.php(60): view('clientaccess/li...', Array)
#4 D:\xampp\htdocs\policy-master\app\Controllers\ClientAccess.php(30): App\Controllers\BaseController->render_page('clientaccess/li...', Array)
#5 D:\xampp\htdocs\policy-master\vendor\codeigniter4\framework\system\CodeIgniter.php(914): App\Controllers\ClientAccess->index()
#6 D:\xampp\htdocs\policy-master\vendor\codeigniter4\framework\system\CodeIgniter.php(400): CodeIgniter\CodeIgniter->runController(Object(App\Controllers\ClientAccess))
#7 D:\xampp\htdocs\policy-master\vendor\codeigniter4\framework\system\CodeIgniter.php(308): CodeIgniter\CodeIgniter->handleRequest(NULL, Object(Config\Cache), false)
#8 D:\xampp\htdocs\policy-master\index.php(84): CodeIgniter\CodeIgniter->run()
#9 {main}
CRITICAL - 2020-08-26 01:58:56 --> Undefined variable: company
#0 D:\xampp\htdocs\policy-master\app\Views\clientaccess\list.php(97): CodeIgniter\Debug\Exceptions->errorHandler(8, 'Undefined varia...', 'D:\\xampp\\htdocs...', 97, Array)
#1 D:\xampp\htdocs\policy-master\vendor\codeigniter4\framework\system\View\View.php(246): include('D:\\xampp\\htdocs...')
#2 D:\xampp\htdocs\policy-master\vendor\codeigniter4\framework\system\Common.php(1087): CodeIgniter\View\View->render('clientaccess/li...', Array, true)
#3 D:\xampp\htdocs\policy-master\app\Controllers\BaseController.php(60): view('clientaccess/li...', Array)
#4 D:\xampp\htdocs\policy-master\app\Controllers\ClientAccess.php(35): App\Controllers\BaseController->render_page('clientaccess/li...', Array)
#5 D:\xampp\htdocs\policy-master\vendor\codeigniter4\framework\system\CodeIgniter.php(914): App\Controllers\ClientAccess->index()
#6 D:\xampp\htdocs\policy-master\vendor\codeigniter4\framework\system\CodeIgniter.php(400): CodeIgniter\CodeIgniter->runController(Object(App\Controllers\ClientAccess))
#7 D:\xampp\htdocs\policy-master\vendor\codeigniter4\framework\system\CodeIgniter.php(308): CodeIgniter\CodeIgniter->handleRequest(NULL, Object(Config\Cache), false)
#8 D:\xampp\htdocs\policy-master\index.php(84): CodeIgniter\CodeIgniter->run()
#9 {main}
CRITICAL - 2020-08-26 01:59:00 --> Uninitialized string offset: 0
#0 D:\xampp\htdocs\policy-master\app\Controllers\ClientAccess.php(100): CodeIgniter\Debug\Exceptions->errorHandler(8, 'Uninitialized s...', 'D:\\xampp\\htdocs...', 100, Array)
#1 D:\xampp\htdocs\policy-master\vendor\codeigniter4\framework\system\CodeIgniter.php(914): App\Controllers\ClientAccess->edit('dist', 'img', 'user1-128x128.j...')
#2 D:\xampp\htdocs\policy-master\vendor\codeigniter4\framework\system\CodeIgniter.php(400): CodeIgniter\CodeIgniter->runController(Object(App\Controllers\ClientAccess))
#3 D:\xampp\htdocs\policy-master\vendor\codeigniter4\framework\system\CodeIgniter.php(308): CodeIgniter\CodeIgniter->handleRequest(NULL, Object(Config\Cache), false)
#4 D:\xampp\htdocs\policy-master\index.php(84): CodeIgniter\CodeIgniter->run()
#5 {main}
CRITICAL - 2020-08-26 01:59:00 --> Uninitialized string offset: 0
#0 D:\xampp\htdocs\policy-master\app\Controllers\ClientAccess.php(100): CodeIgniter\Debug\Exceptions->errorHandler(8, 'Uninitialized s...', 'D:\\xampp\\htdocs...', 100, Array)
#1 D:\xampp\htdocs\policy-master\vendor\codeigniter4\framework\system\CodeIgniter.php(914): App\Controllers\ClientAccess->edit('dist', 'img', 'user3-128x128.j...')
#2 D:\xampp\htdocs\policy-master\vendor\codeigniter4\framework\system\CodeIgniter.php(400): CodeIgniter\CodeIgniter->runController(Object(App\Controllers\ClientAccess))
#3 D:\xampp\htdocs\policy-master\vendor\codeigniter4\framework\system\CodeIgniter.php(308): CodeIgniter\CodeIgniter->handleRequest(NULL, Object(Config\Cache), false)
#4 D:\xampp\htdocs\policy-master\index.php(84): CodeIgniter\CodeIgniter->run()
#5 {main}
CRITICAL - 2020-08-26 01:59:00 --> Uninitialized string offset: 0
#0 D:\xampp\htdocs\policy-master\app\Controllers\ClientAccess.php(100): CodeIgniter\Debug\Exceptions->errorHandler(8, 'Uninitialized s...', 'D:\\xampp\\htdocs...', 100, Array)
#1 D:\xampp\htdocs\policy-master\vendor\codeigniter4\framework\system\CodeIgniter.php(914): App\Controllers\ClientAccess->edit('dist', 'img', 'user8-128x128.j...')
#2 D:\xampp\htdocs\policy-master\vendor\codeigniter4\framework\system\CodeIgniter.php(400): CodeIgniter\CodeIgniter->runController(Object(App\Controllers\ClientAccess))
#3 D:\xampp\htdocs\policy-master\vendor\codeigniter4\framework\system\CodeIgniter.php(308): CodeIgniter\CodeIgniter->handleRequest(NULL, Object(Config\Cache), false)
#4 D:\xampp\htdocs\policy-master\index.php(84): CodeIgniter\CodeIgniter->run()
#5 {main}
CRITICAL - 2020-08-26 02:07:09 --> Uninitialized string offset: 0
#0 D:\xampp\htdocs\policy-master\app\Controllers\ClientAccess.php(100): CodeIgniter\Debug\Exceptions->errorHandler(8, 'Uninitialized s...', 'D:\\xampp\\htdocs...', 100, Array)
#1 D:\xampp\htdocs\policy-master\vendor\codeigniter4\framework\system\CodeIgniter.php(914): App\Controllers\ClientAccess->edit('dist', 'img', 'user1-128x128.j...')
#2 D:\xampp\htdocs\policy-master\vendor\codeigniter4\framework\system\CodeIgniter.php(400): CodeIgniter\CodeIgniter->runController(Object(App\Controllers\ClientAccess))
#3 D:\xampp\htdocs\policy-master\vendor\codeigniter4\framework\system\CodeIgniter.php(308): CodeIgniter\CodeIgniter->handleRequest(NULL, Object(Config\Cache), false)
#4 D:\xampp\htdocs\policy-master\index.php(84): CodeIgniter\CodeIgniter->run()
#5 {main}
CRITICAL - 2020-08-26 02:07:09 --> Uninitialized string offset: 0
#0 D:\xampp\htdocs\policy-master\app\Controllers\ClientAccess.php(100): CodeIgniter\Debug\Exceptions->errorHandler(8, 'Uninitialized s...', 'D:\\xampp\\htdocs...', 100, Array)
#1 D:\xampp\htdocs\policy-master\vendor\codeigniter4\framework\system\CodeIgniter.php(914): App\Controllers\ClientAccess->edit('dist', 'img', 'user8-128x128.j...')
#2 D:\xampp\htdocs\policy-master\vendor\codeigniter4\framework\system\CodeIgniter.php(400): CodeIgniter\CodeIgniter->runController(Object(App\Controllers\ClientAccess))
#3 D:\xampp\htdocs\policy-master\vendor\codeigniter4\framework\system\CodeIgniter.php(308): CodeIgniter\CodeIgniter->handleRequest(NULL, Object(Config\Cache), false)
#4 D:\xampp\htdocs\policy-master\index.php(84): CodeIgniter\CodeIgniter->run()
#5 {main}
CRITICAL - 2020-08-26 02:07:09 --> Uninitialized string offset: 0
#0 D:\xampp\htdocs\policy-master\app\Controllers\ClientAccess.php(100): CodeIgniter\Debug\Exceptions->errorHandler(8, 'Uninitialized s...', 'D:\\xampp\\htdocs...', 100, Array)
#1 D:\xampp\htdocs\policy-master\vendor\codeigniter4\framework\system\CodeIgniter.php(914): App\Controllers\ClientAccess->edit('dist', 'img', 'user3-128x128.j...')
#2 D:\xampp\htdocs\policy-master\vendor\codeigniter4\framework\system\CodeIgniter.php(400): CodeIgniter\CodeIgniter->runController(Object(App\Controllers\ClientAccess))
#3 D:\xampp\htdocs\policy-master\vendor\codeigniter4\framework\system\CodeIgniter.php(308): CodeIgniter\CodeIgniter->handleRequest(NULL, Object(Config\Cache), false)
#4 D:\xampp\htdocs\policy-master\index.php(84): CodeIgniter\CodeIgniter->run()
#5 {main}
CRITICAL - 2020-08-26 02:18:49 --> Uninitialized string offset: 0
#0 D:\xampp\htdocs\policy-master\app\Controllers\ClientAccess.php(100): CodeIgniter\Debug\Exceptions->errorHandler(8, 'Uninitialized s...', 'D:\\xampp\\htdocs...', 100, Array)
#1 D:\xampp\htdocs\policy-master\vendor\codeigniter4\framework\system\CodeIgniter.php(914): App\Controllers\ClientAccess->edit('dist', 'img', 'user1-128x128.j...')
#2 D:\xampp\htdocs\policy-master\vendor\codeigniter4\framework\system\CodeIgniter.php(400): CodeIgniter\CodeIgniter->runController(Object(App\Controllers\ClientAccess))
#3 D:\xampp\htdocs\policy-master\vendor\codeigniter4\framework\system\CodeIgniter.php(308): CodeIgniter\CodeIgniter->handleRequest(NULL, Object(Config\Cache), false)
#4 D:\xampp\htdocs\policy-master\index.php(84): CodeIgniter\CodeIgniter->run()
#5 {main}
CRITICAL - 2020-08-26 02:18:49 --> Uninitialized string offset: 0
#0 D:\xampp\htdocs\policy-master\app\Controllers\ClientAccess.php(100): CodeIgniter\Debug\Exceptions->errorHandler(8, 'Uninitialized s...', 'D:\\xampp\\htdocs...', 100, Array)
#1 D:\xampp\htdocs\policy-master\vendor\codeigniter4\framework\system\CodeIgniter.php(914): App\Controllers\ClientAccess->edit('dist', 'img', 'user8-128x128.j...')
#2 D:\xampp\htdocs\policy-master\vendor\codeigniter4\framework\system\CodeIgniter.php(400): CodeIgniter\CodeIgniter->runController(Object(App\Controllers\ClientAccess))
#3 D:\xampp\htdocs\policy-master\vendor\codeigniter4\framework\system\CodeIgniter.php(308): CodeIgniter\CodeIgniter->handleRequest(NULL, Object(Config\Cache), false)
#4 D:\xampp\htdocs\policy-master\index.php(84): CodeIgniter\CodeIgniter->run()
#5 {main}
CRITICAL - 2020-08-26 02:18:49 --> Uninitialized string offset: 0
#0 D:\xampp\htdocs\policy-master\app\Controllers\ClientAccess.php(100): CodeIgniter\Debug\Exceptions->errorHandler(8, 'Uninitialized s...', 'D:\\xampp\\htdocs...', 100, Array)
#1 D:\xampp\htdocs\policy-master\vendor\codeigniter4\framework\system\CodeIgniter.php(914): App\Controllers\ClientAccess->edit('dist', 'img', 'user3-128x128.j...')
#2 D:\xampp\htdocs\policy-master\vendor\codeigniter4\framework\system\CodeIgniter.php(400): CodeIgniter\CodeIgniter->runController(Object(App\Controllers\ClientAccess))
#3 D:\xampp\htdocs\policy-master\vendor\codeigniter4\framework\system\CodeIgniter.php(308): CodeIgniter\CodeIgniter->handleRequest(NULL, Object(Config\Cache), false)
#4 D:\xampp\htdocs\policy-master\index.php(84): CodeIgniter\CodeIgniter->run()
#5 {main}
CRITICAL - 2020-08-26 02:20:05 --> Undefined variable: clientinfo
#0 D:\xampp\htdocs\policy-master\app\Views\clientaccess\list.php(114): CodeIgniter\Debug\Exceptions->errorHandler(8, 'Undefined varia...', 'D:\\xampp\\htdocs...', 114, Array)
#1 D:\xampp\htdocs\policy-master\vendor\codeigniter4\framework\system\View\View.php(246): include('D:\\xampp\\htdocs...')
#2 D:\xampp\htdocs\policy-master\vendor\codeigniter4\framework\system\Common.php(1087): CodeIgniter\View\View->render('clientaccess/li...', Array, true)
#3 D:\xampp\htdocs\policy-master\app\Controllers\BaseController.php(60): view('clientaccess/li...', Array)
#4 D:\xampp\htdocs\policy-master\app\Controllers\ClientAccess.php(35): App\Controllers\BaseController->render_page('clientaccess/li...', Array)
#5 D:\xampp\htdocs\policy-master\vendor\codeigniter4\framework\system\CodeIgniter.php(914): App\Controllers\ClientAccess->index()
#6 D:\xampp\htdocs\policy-master\vendor\codeigniter4\framework\system\CodeIgniter.php(400): CodeIgniter\CodeIgniter->runController(Object(App\Controllers\ClientAccess))
#7 D:\xampp\htdocs\policy-master\vendor\codeigniter4\framework\system\CodeIgniter.php(308): CodeIgniter\CodeIgniter->handleRequest(NULL, Object(Config\Cache), false)
#8 D:\xampp\htdocs\policy-master\index.php(84): CodeIgniter\CodeIgniter->run()
#9 {main}
CRITICAL - 2020-08-26 02:25:39 --> syntax error, unexpected '}'
#0 D:\xampp\htdocs\policy-master\vendor\codeigniter4\framework\system\Autoloader\Autoloader.php(296): CodeIgniter\Autoloader\Autoloader->requireFile('D:\\xampp\\htdocs...')
#1 D:\xampp\htdocs\policy-master\vendor\codeigniter4\framework\system\Autoloader\Autoloader.php(258): CodeIgniter\Autoloader\Autoloader->loadInNamespace('App\\Models\\Clie...')
#2 [internal function]: CodeIgniter\Autoloader\Autoloader->loadClass('App\\Models\\Clie...')
#3 D:\xampp\htdocs\policy-master\app\Controllers\ClientAccess.php(22): spl_autoload_call('App\\Models\\Clie...')
#4 D:\xampp\htdocs\policy-master\vendor\codeigniter4\framework\system\CodeIgniter.php(914): App\Controllers\ClientAccess->index()
#5 D:\xampp\htdocs\policy-master\vendor\codeigniter4\framework\system\CodeIgniter.php(400): CodeIgniter\CodeIgniter->runController(Object(App\Controllers\ClientAccess))
#6 D:\xampp\htdocs\policy-master\vendor\codeigniter4\framework\system\CodeIgniter.php(308): CodeIgniter\CodeIgniter->handleRequest(NULL, Object(Config\Cache), false)
#7 D:\xampp\htdocs\policy-master\index.php(84): CodeIgniter\CodeIgniter->run()
#8 {main}
CRITICAL - 2020-08-26 02:41:58 --> Undefined variable: users
#0 D:\xampp\htdocs\policy-master\app\Controllers\ClientAccess.php(70): CodeIgniter\Debug\Exceptions->errorHandler(8, 'Undefined varia...', 'D:\\xampp\\htdocs...', 70, Array)
#1 D:\xampp\htdocs\policy-master\vendor\codeigniter4\framework\system\CodeIgniter.php(914): App\Controllers\ClientAccess->store()
#2 D:\xampp\htdocs\policy-master\vendor\codeigniter4\framework\system\CodeIgniter.php(400): CodeIgniter\CodeIgniter->runController(Object(App\Controllers\ClientAccess))
#3 D:\xampp\htdocs\policy-master\vendor\codeigniter4\framework\system\CodeIgniter.php(308): CodeIgniter\CodeIgniter->handleRequest(NULL, Object(Config\Cache), false)
#4 D:\xampp\htdocs\policy-master\index.php(84): CodeIgniter\CodeIgniter->run()
#5 {main}
CRITICAL - 2020-08-26 02:51:13 --> Undefined variable: users
#0 D:\xampp\htdocs\policy-master\app\Controllers\ClientAccess.php(70): CodeIgniter\Debug\Exceptions->errorHandler(8, 'Undefined varia...', 'D:\\xampp\\htdocs...', 70, Array)
#1 D:\xampp\htdocs\policy-master\vendor\codeigniter4\framework\system\CodeIgniter.php(914): App\Controllers\ClientAccess->store()
#2 D:\xampp\htdocs\policy-master\vendor\codeigniter4\framework\system\CodeIgniter.php(400): CodeIgniter\CodeIgniter->runController(Object(App\Controllers\ClientAccess))
#3 D:\xampp\htdocs\policy-master\vendor\codeigniter4\framework\system\CodeIgniter.php(308): CodeIgniter\CodeIgniter->handleRequest(NULL, Object(Config\Cache), false)
#4 D:\xampp\htdocs\policy-master\index.php(84): CodeIgniter\CodeIgniter->run()
#5 {main}
CRITICAL - 2020-08-26 02:51:17 --> Undefined variable: users
#0 D:\xampp\htdocs\policy-master\app\Controllers\ClientAccess.php(70): CodeIgniter\Debug\Exceptions->errorHandler(8, 'Undefined varia...', 'D:\\xampp\\htdocs...', 70, Array)
#1 D:\xampp\htdocs\policy-master\vendor\codeigniter4\framework\system\CodeIgniter.php(914): App\Controllers\ClientAccess->store()
#2 D:\xampp\htdocs\policy-master\vendor\codeigniter4\framework\system\CodeIgniter.php(400): CodeIgniter\CodeIgniter->runController(Object(App\Controllers\ClientAccess))
#3 D:\xampp\htdocs\policy-master\vendor\codeigniter4\framework\system\CodeIgniter.php(308): CodeIgniter\CodeIgniter->handleRequest(NULL, Object(Config\Cache), false)
#4 D:\xampp\htdocs\policy-master\index.php(84): CodeIgniter\CodeIgniter->run()
#5 {main}
CRITICAL - 2020-08-26 02:51:57 --> Undefined variable: users
#0 D:\xampp\htdocs\policy-master\app\Controllers\ClientAccess.php(70): CodeIgniter\Debug\Exceptions->errorHandler(8, 'Undefined varia...', 'D:\\xampp\\htdocs...', 70, Array)
#1 D:\xampp\htdocs\policy-master\vendor\codeigniter4\framework\system\CodeIgniter.php(914): App\Controllers\ClientAccess->store()
#2 D:\xampp\htdocs\policy-master\vendor\codeigniter4\framework\system\CodeIgniter.php(400): CodeIgniter\CodeIgniter->runController(Object(App\Controllers\ClientAccess))
#3 D:\xampp\htdocs\policy-master\vendor\codeigniter4\framework\system\CodeIgniter.php(308): CodeIgniter\CodeIgniter->handleRequest(NULL, Object(Config\Cache), false)
#4 D:\xampp\htdocs\policy-master\index.php(84): CodeIgniter\CodeIgniter->run()
#5 {main}
CRITICAL - 2020-08-26 03:11:22 --> mysqli_num_rows() expects parameter 1 to be mysqli_result, array given
#0 [internal function]: CodeIgniter\Debug\Exceptions->errorHandler(2, 'mysqli_num_rows...', 'D:\\xampp\\htdocs...', 18, Array)
#1 D:\xampp\htdocs\policy-master\app\Models\ClientAccessModel.php(18): mysqli_num_rows(Array)
#2 D:\xampp\htdocs\policy-master\app\Controllers\ClientAccess.php(70): App\Models\ClientAccessModel->checkrowexist('1', '1')
#3 D:\xampp\htdocs\policy-master\vendor\codeigniter4\framework\system\CodeIgniter.php(914): App\Controllers\ClientAccess->store()
#4 D:\xampp\htdocs\policy-master\vendor\codeigniter4\framework\system\CodeIgniter.php(400): CodeIgniter\CodeIgniter->runController(Object(App\Controllers\ClientAccess))
#5 D:\xampp\htdocs\policy-master\vendor\codeigniter4\framework\system\CodeIgniter.php(308): CodeIgniter\CodeIgniter->handleRequest(NULL, Object(Config\Cache), false)
#6 D:\xampp\htdocs\policy-master\index.php(84): CodeIgniter\CodeIgniter->run()
#7 {main}
CRITICAL - 2020-08-26 03:12:15 --> syntax error, unexpected '->' (T_OBJECT_OPERATOR)
#0 D:\xampp\htdocs\policy-master\vendor\codeigniter4\framework\system\Autoloader\Autoloader.php(296): CodeIgniter\Autoloader\Autoloader->requireFile('D:\\xampp\\htdocs...')
#1 D:\xampp\htdocs\policy-master\vendor\codeigniter4\framework\system\Autoloader\Autoloader.php(258): CodeIgniter\Autoloader\Autoloader->loadInNamespace('App\\Models\\Clie...')
#2 [internal function]: CodeIgniter\Autoloader\Autoloader->loadClass('App\\Models\\Clie...')
#3 D:\xampp\htdocs\policy-master\app\Controllers\ClientAccess.php(22): spl_autoload_call('App\\Models\\Clie...')
#4 D:\xampp\htdocs\policy-master\vendor\codeigniter4\framework\system\CodeIgniter.php(914): App\Controllers\ClientAccess->index()
#5 D:\xampp\htdocs\policy-master\vendor\codeigniter4\framework\system\CodeIgniter.php(400): CodeIgniter\CodeIgniter->runController(Object(App\Controllers\ClientAccess))
#6 D:\xampp\htdocs\policy-master\vendor\codeigniter4\framework\system\CodeIgniter.php(308): CodeIgniter\CodeIgniter->handleRequest(NULL, Object(Config\Cache), false)
#7 D:\xampp\htdocs\policy-master\index.php(84): CodeIgniter\CodeIgniter->run()
#8 {main}
CRITICAL - 2020-08-26 03:12:52 --> mysqli_num_rows() expects parameter 1 to be mysqli_result, array given
#0 [internal function]: CodeIgniter\Debug\Exceptions->errorHandler(2, 'mysqli_num_rows...', 'D:\\xampp\\htdocs...', 19, Array)
#1 D:\xampp\htdocs\policy-master\app\Models\ClientAccessModel.php(19): mysqli_num_rows(Array)
#2 D:\xampp\htdocs\policy-master\app\Controllers\ClientAccess.php(70): App\Models\ClientAccessModel->checkrowexist('1', '1')
#3 D:\xampp\htdocs\policy-master\vendor\codeigniter4\framework\system\CodeIgniter.php(914): App\Controllers\ClientAccess->store()
#4 D:\xampp\htdocs\policy-master\vendor\codeigniter4\framework\system\CodeIgniter.php(400): CodeIgniter\CodeIgniter->runController(Object(App\Controllers\ClientAccess))
#5 D:\xampp\htdocs\policy-master\vendor\codeigniter4\framework\system\CodeIgniter.php(308): CodeIgniter\CodeIgniter->handleRequest(NULL, Object(Config\Cache), false)
#6 D:\xampp\htdocs\policy-master\index.php(84): CodeIgniter\CodeIgniter->run()
#7 {main}
CRITICAL - 2020-08-26 03:15:49 --> Call to a member function affected_rows() on array
#0 D:\xampp\htdocs\policy-master\app\Controllers\ClientAccess.php(70): App\Models\ClientAccessModel->checkrowexist('1', '1')
#1 D:\xampp\htdocs\policy-master\vendor\codeigniter4\framework\system\CodeIgniter.php(914): App\Controllers\ClientAccess->store()
#2 D:\xampp\htdocs\policy-master\vendor\codeigniter4\framework\system\CodeIgniter.php(400): CodeIgniter\CodeIgniter->runController(Object(App\Controllers\ClientAccess))
#3 D:\xampp\htdocs\policy-master\vendor\codeigniter4\framework\system\CodeIgniter.php(308): CodeIgniter\CodeIgniter->handleRequest(NULL, Object(Config\Cache), false)
#4 D:\xampp\htdocs\policy-master\index.php(84): CodeIgniter\CodeIgniter->run()
#5 {main}
CRITICAL - 2020-08-26 03:16:26 --> Call to undefined method CodeIgniter\Database\MySQLi\Connection::affected_rows()
#0 D:\xampp\htdocs\policy-master\app\Controllers\ClientAccess.php(70): App\Models\ClientAccessModel->checkrowexist('1', '1')
#1 D:\xampp\htdocs\policy-master\vendor\codeigniter4\framework\system\CodeIgniter.php(914): App\Controllers\ClientAccess->store()
#2 D:\xampp\htdocs\policy-master\vendor\codeigniter4\framework\system\CodeIgniter.php(400): CodeIgniter\CodeIgniter->runController(Object(App\Controllers\ClientAccess))
#3 D:\xampp\htdocs\policy-master\vendor\codeigniter4\framework\system\CodeIgniter.php(308): CodeIgniter\CodeIgniter->handleRequest(NULL, Object(Config\Cache), false)
#4 D:\xampp\htdocs\policy-master\index.php(84): CodeIgniter\CodeIgniter->run()
#5 {main}
CRITICAL - 2020-08-26 03:17:53 --> Call to a member function getResult() on array
#0 D:\xampp\htdocs\policy-master\app\Controllers\ClientAccess.php(70): App\Models\ClientAccessModel->checkrowexist('1', '1')
#1 D:\xampp\htdocs\policy-master\vendor\codeigniter4\framework\system\CodeIgniter.php(914): App\Controllers\ClientAccess->store()
#2 D:\xampp\htdocs\policy-master\vendor\codeigniter4\framework\system\CodeIgniter.php(400): CodeIgniter\CodeIgniter->runController(Object(App\Controllers\ClientAccess))
#3 D:\xampp\htdocs\policy-master\vendor\codeigniter4\framework\system\CodeIgniter.php(308): CodeIgniter\CodeIgniter->handleRequest(NULL, Object(Config\Cache), false)
#4 D:\xampp\htdocs\policy-master\index.php(84): CodeIgniter\CodeIgniter->run()
#5 {main}
CRITICAL - 2020-08-26 04:40:30 --> syntax error, unexpected '$mesg' (T_VARIABLE)
#0 D:\xampp\htdocs\policy-master\vendor\codeigniter4\framework\system\Router\Router.php(192): CodeIgniter\Router\Router->autoRoute('/clientaccess/i...')
#1 D:\xampp\htdocs\policy-master\vendor\codeigniter4\framework\system\CodeIgniter.php(789): CodeIgniter\Router\Router->handle('/clientaccess/i...')
#2 D:\xampp\htdocs\policy-master\vendor\codeigniter4\framework\system\CodeIgniter.php(360): CodeIgniter\CodeIgniter->tryToRouteIt(Object(CodeIgniter\Router\RouteCollection))
#3 D:\xampp\htdocs\policy-master\vendor\codeigniter4\framework\system\CodeIgniter.php(308): CodeIgniter\CodeIgniter->handleRequest(NULL, Object(Config\Cache), false)
#4 D:\xampp\htdocs\policy-master\index.php(84): CodeIgniter\CodeIgniter->run()
#5 {main}
CRITICAL - 2020-08-26 04:40:35 --> syntax error, unexpected '$mesg' (T_VARIABLE)
#0 D:\xampp\htdocs\policy-master\vendor\codeigniter4\framework\system\Router\Router.php(192): CodeIgniter\Router\Router->autoRoute('/clientaccess/i...')
#1 D:\xampp\htdocs\policy-master\vendor\codeigniter4\framework\system\CodeIgniter.php(789): CodeIgniter\Router\Router->handle('/clientaccess/i...')
#2 D:\xampp\htdocs\policy-master\vendor\codeigniter4\framework\system\CodeIgniter.php(360): CodeIgniter\CodeIgniter->tryToRouteIt(Object(CodeIgniter\Router\RouteCollection))
#3 D:\xampp\htdocs\policy-master\vendor\codeigniter4\framework\system\CodeIgniter.php(308): CodeIgniter\CodeIgniter->handleRequest(NULL, Object(Config\Cache), false)
#4 D:\xampp\htdocs\policy-master\index.php(84): CodeIgniter\CodeIgniter->run()
#5 {main}
CRITICAL - 2020-08-26 04:54:59 --> Undefined property: CodeIgniter\Database\MySQLi\Result::$insertID
#0 D:\xampp\htdocs\policy-master\app\Models\ClientAccessModel.php(33): CodeIgniter\Debug\Exceptions->errorHandler(8, 'Undefined prope...', 'D:\\xampp\\htdocs...', 33, Array)
#1 D:\xampp\htdocs\policy-master\app\Controllers\ClientAccess.php(100): App\Models\ClientAccessModel->insert_client_access(Array)
#2 D:\xampp\htdocs\policy-master\vendor\codeigniter4\framework\system\CodeIgniter.php(914): App\Controllers\ClientAccess->store()
#3 D:\xampp\htdocs\policy-master\vendor\codeigniter4\framework\system\CodeIgniter.php(400): CodeIgniter\CodeIgniter->runController(Object(App\Controllers\ClientAccess))
#4 D:\xampp\htdocs\policy-master\vendor\codeigniter4\framework\system\CodeIgniter.php(308): CodeIgniter\CodeIgniter->handleRequest(NULL, Object(Config\Cache), false)
#5 D:\xampp\htdocs\policy-master\index.php(84): CodeIgniter\CodeIgniter->run()
#6 {main}
CRITICAL - 2020-08-26 04:56:19 --> Call to undefined method CodeIgniter\Database\MySQLi\Result::insertID()
#0 D:\xampp\htdocs\policy-master\app\Controllers\ClientAccess.php(89): App\Models\ClientAccessModel->insert_client_access(Array)
#1 D:\xampp\htdocs\policy-master\vendor\codeigniter4\framework\system\CodeIgniter.php(914): App\Controllers\ClientAccess->store()
#2 D:\xampp\htdocs\policy-master\vendor\codeigniter4\framework\system\CodeIgniter.php(400): CodeIgniter\CodeIgniter->runController(Object(App\Controllers\ClientAccess))
#3 D:\xampp\htdocs\policy-master\vendor\codeigniter4\framework\system\CodeIgniter.php(308): CodeIgniter\CodeIgniter->handleRequest(NULL, Object(Config\Cache), false)
#4 D:\xampp\htdocs\policy-master\index.php(84): CodeIgniter\CodeIgniter->run()
#5 {main}
CRITICAL - 2020-08-26 05:02:45 --> Undefined variable: users
#0 D:\xampp\htdocs\policy-master\app\Views\clientaccess\list.php(87): CodeIgniter\Debug\Exceptions->errorHandler(8, 'Undefined varia...', 'D:\\xampp\\htdocs...', 87, Array)
#1 D:\xampp\htdocs\policy-master\vendor\codeigniter4\framework\system\View\View.php(246): include('D:\\xampp\\htdocs...')
#2 D:\xampp\htdocs\policy-master\vendor\codeigniter4\framework\system\Common.php(1087): CodeIgniter\View\View->render('clientaccess/li...', Array, true)
#3 D:\xampp\htdocs\policy-master\app\Controllers\BaseController.php(60): view('clientaccess/li...', Array)
#4 D:\xampp\htdocs\policy-master\app\Controllers\ClientAccess.php(207): App\Controllers\BaseController->render_page('clientaccess/li...', Array)
#5 D:\xampp\htdocs\policy-master\vendor\codeigniter4\framework\system\CodeIgniter.php(914): App\Controllers\ClientAccess->search_user()
#6 D:\xampp\htdocs\policy-master\vendor\codeigniter4\framework\system\CodeIgniter.php(400): CodeIgniter\CodeIgniter->runController(Object(App\Controllers\ClientAccess))
#7 D:\xampp\htdocs\policy-master\vendor\codeigniter4\framework\system\CodeIgniter.php(308): CodeIgniter\CodeIgniter->handleRequest(NULL, Object(Config\Cache), false)
#8 D:\xampp\htdocs\policy-master\index.php(84): CodeIgniter\CodeIgniter->run()
#9 {main}
CRITICAL - 2020-08-26 05:04:46 --> Undefined variable: clients
#0 D:\xampp\htdocs\policy-master\app\Views\clientaccess\list.php(96): CodeIgniter\Debug\Exceptions->errorHandler(8, 'Undefined varia...', 'D:\\xampp\\htdocs...', 96, Array)
#1 D:\xampp\htdocs\policy-master\vendor\codeigniter4\framework\system\View\View.php(246): include('D:\\xampp\\htdocs...')
#2 D:\xampp\htdocs\policy-master\vendor\codeigniter4\framework\system\Common.php(1087): CodeIgniter\View\View->render('clientaccess/li...', Array, true)
#3 D:\xampp\htdocs\policy-master\app\Controllers\BaseController.php(60): view('clientaccess/li...', Array)
#4 D:\xampp\htdocs\policy-master\app\Controllers\ClientAccess.php(208): App\Controllers\BaseController->render_page('clientaccess/li...', Array)
#5 D:\xampp\htdocs\policy-master\vendor\codeigniter4\framework\system\CodeIgniter.php(914): App\Controllers\ClientAccess->search_user()
#6 D:\xampp\htdocs\policy-master\vendor\codeigniter4\framework\system\CodeIgniter.php(400): CodeIgniter\CodeIgniter->runController(Object(App\Controllers\ClientAccess))
#7 D:\xampp\htdocs\policy-master\vendor\codeigniter4\framework\system\CodeIgniter.php(308): CodeIgniter\CodeIgniter->handleRequest(NULL, Object(Config\Cache), false)
#8 D:\xampp\htdocs\policy-master\index.php(84): CodeIgniter\CodeIgniter->run()
#9 {main}
CRITICAL - 2020-08-26 05:07:42 --> Undefined index: assigned_client_id
#0 D:\xampp\htdocs\policy-master\app\Controllers\ClientAccess.php(124): CodeIgniter\Debug\Exceptions->errorHandler(8, 'Undefined index...', 'D:\\xampp\\htdocs...', 124, Array)
#1 D:\xampp\htdocs\policy-master\vendor\codeigniter4\framework\system\CodeIgniter.php(914): App\Controllers\ClientAccess->edit('1')
#2 D:\xampp\htdocs\policy-master\vendor\codeigniter4\framework\system\CodeIgniter.php(400): CodeIgniter\CodeIgniter->runController(Object(App\Controllers\ClientAccess))
#3 D:\xampp\htdocs\policy-master\vendor\codeigniter4\framework\system\CodeIgniter.php(308): CodeIgniter\CodeIgniter->handleRequest(NULL, Object(Config\Cache), false)
#4 D:\xampp\htdocs\policy-master\index.php(84): CodeIgniter\CodeIgniter->run()
#5 {main}
